10:58:01 root         INFO     Skipping 27599
10:58:01 root         INFO     Skipping 30449
10:58:01 root         INFO     Skipping 14315
10:58:01 root         INFO     Skipping 7566
10:58:01 root         INFO     Skipping 804
10:58:01 root         INFO     Skipping 12106
10:58:01 root         INFO     Skipping 8034
10:58:01 root         INFO     Skipping 7901
10:58:01 root         INFO     Skipping 20157
10:58:01 root         INFO     Skipping 6950
10:58:01 root         INFO     Skipping 15026
10:58:01 root         INFO     Skipping 19993
10:58:01 root         INFO     Skipping 21569
10:58:01 root         INFO     Skipping 23030
10:58:01 root         INFO     Skipping 206
10:58:01 root         INFO     Skipping 16046
10:58:01 root         INFO     Skipping 16140
10:58:01 root         INFO     Skipping 16037
10:58:01 root         INFO     Skipping 43
10:58:01 root         INFO     Skipping 225
10:58:01 root         INFO     Skipping 37711
10:58:01 root         INFO     Skipping 34699
10:58:01 root         INFO     Skipping 19021
10:58:01 root         INFO     Skipping 18495
10:58:01 root         INFO     Skipping 222
10:58:01 root         INFO     Skipping 5602
10:58:01 root         INFO     Skipping 16027
10:58:01 root         INFO     Skipping 21499
10:58:01 root         INFO     Skipping 2698
10:58:01 root         INFO     Skipping 27867
10:58:01 root         INFO     Skipping 24224
10:58:01 root         INFO     Skipping 21563
10:58:01 root         INFO     Skipping 24227
10:58:01 root         INFO     Skipping 17224
10:58:01 root         INFO     Skipping 219
10:58:01 root         INFO     Skipping 23814
10:58:01 root         INFO     Skipping 15376
10:58:01 root         INFO     Skipping 19286
10:58:01 root         INFO     Skipping 28048
10:58:01 root         INFO     Skipping 543
10:58:01 root         INFO     Skipping 24233
10:58:01 root         INFO     Skipping 18735
10:58:01 root         INFO     Skipping 1066
10:58:01 root         INFO     Skipping 37680
10:58:01 root         INFO     Skipping 691
10:58:01 root         INFO     Skipping 677
10:58:01 root         INFO     Skipping 20141
10:58:01 root         INFO     Skipping 36151
10:58:01 root         INFO     Skipping 20319
10:58:01 root         INFO     Skipping 12400
10:58:01 root         INFO     Skipping 127
10:58:01 root         INFO     Skipping 20792
10:58:01 root         INFO     Skipping 17104
10:58:01 root         INFO     Skipping 24344
10:58:01 root         INFO     Skipping 19546
10:58:01 root         INFO     Skipping 15565
10:58:01 root         INFO     Skipping 13359
10:58:01 root         INFO     Skipping 17922
10:58:01 root         INFO     Skipping 22481
10:58:01 root         INFO     Skipping 20138
10:58:01 root         INFO     Skipping 119
10:58:01 root         INFO     Skipping 21188
10:58:01 root         INFO     Skipping 3016
10:58:01 root         INFO     Skipping 21525
10:58:01 root         INFO     Skipping 37694
10:58:01 root         INFO     Skipping 18710
10:58:01 root         INFO     Skipping 29332
10:58:01 root         INFO     Skipping 23100
10:58:01 root         INFO     Skipping 37725
10:58:01 root         INFO     Skipping 15633
10:58:01 root         INFO     Skipping 948
10:58:01 root         INFO     Skipping 30993
10:58:01 root         INFO     Skipping 22221
10:58:01 root         INFO     Skipping 22654
10:58:01 root         INFO     Skipping 35809
10:58:01 root         INFO     Skipping 35576
10:58:01 root         INFO     Skipping 37408
10:58:01 root         INFO     Skipping 7844
10:58:01 root         INFO     Skipping 20
10:58:01 root         INFO     Skipping 8022
10:58:01 root         INFO     Skipping 8032
10:58:01 root         INFO     Skipping 20605
10:58:01 root         INFO     Skipping 7838
10:58:01 root         INFO     Skipping 21497
10:58:01 root         INFO     Skipping 35572
10:58:01 root         INFO     Skipping 30425
10:58:01 root         INFO     Skipping 35517
10:58:01 root         INFO     Skipping 35524
10:58:01 root         INFO     Skipping 21522
10:58:01 root         INFO     Skipping 1325
10:58:01 root         INFO     Skipping 1079
10:58:01 root         INFO     Skipping 6973
10:58:01 root         INFO     Skipping 37495
10:58:01 root         INFO     Skipping 30405
10:58:01 root         INFO     Skipping 18767
10:58:01 root         INFO     Skipping 21521
10:58:01 root         INFO     Skipping 921
10:58:01 root         INFO     Skipping 27602
10:58:01 root         INFO     Skipping 21335
10:58:01 root         INFO     Skipping 30444
10:58:01 root         INFO     Skipping 1363
10:58:01 root         INFO     Skipping 9488
10:58:01 root         INFO     Skipping 24230
10:58:01 root         INFO     Skipping 2696
10:58:01 root         INFO     Skipping 37705
10:58:01 root         INFO     Skipping 33752
10:58:01 root         INFO     Skipping 37731
10:58:01 root         INFO     Skipping 37740
10:58:01 root         INFO     Skipping 9427
10:58:01 root         INFO     Skipping 19880
10:58:01 root         INFO     Skipping 632
10:58:01 root         INFO     Skipping 39007
10:58:01 root         INFO     Skipping 551
10:58:01 root         INFO     Skipping 37304
10:58:01 root         INFO     Skipping 20115
10:58:01 root         INFO     Skipping 13362
10:58:01 root         INFO     Skipping 7333
10:58:01 root         INFO     Skipping 21423
10:58:01 root         INFO     Skipping 17653
10:58:01 root         INFO     Skipping 21152
10:58:01 root         INFO     Skipping 16031
10:58:01 root         INFO     Skipping 27074
10:58:01 root         INFO     Skipping 255
10:58:01 root         INFO     Skipping 431
10:58:01 root         INFO     Skipping 19290
10:58:01 root         INFO     Skipping 33954
10:58:01 root         INFO     Skipping 22921
10:58:01 root         INFO     Skipping 26556
10:58:01 root         INFO     Skipping 167
10:58:01 root         INFO     Skipping 15884
10:58:01 root         INFO     Skipping 30382
10:58:01 root         INFO     Skipping 30450
10:58:01 root         INFO     Skipping 27626
10:58:01 root         INFO     Skipping 37748
10:58:01 root         INFO     Skipping 715
10:58:01 root         INFO     Skipping 18734
10:58:01 root         INFO     Skipping 9485
10:58:01 root         INFO     Skipping 24231
10:58:01 root         INFO     Skipping 6221
10:58:01 root         INFO     Skipping 15392
10:58:01 root         INFO     Skipping 14466
10:58:01 root         INFO     Skipping 15025
10:58:01 root         INFO     Skipping 19760
10:58:01 root         INFO     Skipping 37095
10:58:01 root         INFO     Skipping 13863
10:58:01 root         INFO     Skipping 7355
10:58:01 root         INFO     Skipping 8042
10:58:01 root         INFO     Skipping 23802
10:58:01 root         INFO     Skipping 282
10:58:01 root         INFO     Skipping 7316
10:58:01 root         INFO     Skipping 16040
10:58:01 root         INFO     Skipping 7922
10:58:01 root         INFO     Skipping 16041
10:58:01 root         INFO     Skipping 28101
10:58:01 root         INFO     Skipping 3410
10:58:01 root         INFO     Skipping 7121
10:58:01 root         INFO     Skipping 17116
10:58:01 root         INFO     Skipping 20034
10:58:01 root         INFO     Skipping 6918
10:58:01 root         INFO     Skipping 22037
10:58:01 root         INFO     Skipping 14373
10:58:01 root         INFO     Skipping 13794
10:58:01 root         INFO     Skipping 13964
10:58:01 root         INFO     Skipping 6930
10:58:01 root         INFO     Skipping 19978
10:58:01 root         INFO     Skipping 14069
10:58:01 root         INFO     Skipping 14111
10:58:01 root         INFO     Skipping 6931
10:58:01 root         INFO     Skipping 14021
10:58:01 root         INFO     Skipping 37180
10:58:01 root         INFO     Skipping 35130
10:58:01 root         INFO     Skipping 19684
10:58:01 root         INFO     Skipping 28292
10:58:01 root         INFO     Skipping 30335
10:58:01 root         INFO     Skipping 14867
10:58:01 root         INFO     Skipping 23669
10:58:01 root         INFO     Skipping 6793
10:58:01 root         INFO     Skipping 15440
10:58:01 root         INFO     Skipping 23588
10:58:01 root         INFO     Skipping 10156
10:58:01 root         INFO     Skipping 30046
10:58:01 root         INFO     Skipping 39476
10:58:01 root         INFO     Skipping 37727
10:58:01 root         INFO     Skipping 33096
10:58:01 root         INFO     Skipping 32423
10:58:01 root         INFO     Skipping 30658
10:58:01 root         INFO     Skipping 19870
10:58:01 root         INFO     Skipping 15962
10:58:01 root         INFO     Skipping 702
10:58:01 root         INFO     Skipping 39478
10:58:01 root         INFO     Skipping 30435
10:58:01 root         INFO     Skipping 9445
10:58:01 root         INFO     Skipping 24173
10:58:01 root         INFO     Skipping 35554
10:58:01 root         INFO     Skipping 18733
10:58:01 root         INFO     Skipping 3962
10:58:01 root         INFO     Skipping 26659
10:58:01 root         INFO     Skipping 32135
10:58:01 root         INFO     Skipping 27843
10:58:01 root         INFO     Skipping 17658
10:58:01 root         INFO     Skipping 27186
10:58:01 root         INFO     Skipping 6922
10:58:01 root         INFO     Skipping 7317
10:58:01 root         INFO     Skipping 37607
10:58:01 root         INFO     Skipping 19748
10:58:01 root         INFO     Skipping 14979
10:58:01 root         INFO     Skipping 28256
10:58:01 root         INFO     Skipping 15000
10:58:01 root         INFO     Skipping 15725
10:58:01 root         INFO     Skipping 21561
10:58:01 root         INFO     Skipping 23098
10:58:01 root         INFO     Skipping 30469
10:58:01 root         INFO     Skipping 37819
10:58:01 root         INFO     Skipping 27605
10:58:01 root         INFO     Skipping 24799
10:58:01 root         INFO     Skipping 35571
10:58:01 root         INFO     Skipping 18750
10:58:01 root         INFO     Skipping 21564
10:58:01 root         INFO     Skipping 695
10:58:01 root         INFO     Skipping 619
10:58:01 root         INFO     Skipping 21566
10:58:01 root         INFO     Skipping 18746
10:58:01 root         INFO     Skipping 30470
10:58:01 root         INFO     Skipping 37747
10:58:01 root         INFO     Skipping 35726
10:58:01 root         INFO     Skipping 35708
10:58:01 root         INFO     Skipping 35705
10:58:01 root         INFO     Skipping 35727
10:58:01 root         INFO     Skipping 37743
10:58:01 root         INFO     Skipping 24229
10:58:01 root         INFO     Skipping 37748
10:58:01 root         INFO     Skipping 19879
10:58:01 root         INFO     Skipping 717
10:58:01 root         INFO     Skipping 35728
10:58:01 root         INFO     Skipping 37820
10:58:01 root         INFO     Skipping 30473
10:58:01 root         INFO     Skipping 37744
10:58:01 root         INFO     Skipping 28313
10:58:01 root         INFO     Skipping 37749
10:58:01 root         INFO     Skipping 15948
10:58:01 root         INFO     Skipping 35707
10:58:01 root         INFO     Skipping 35706
10:58:01 root         INFO     Skipping 35704
10:58:01 root         INFO     Skipping 18740
10:58:01 root         INFO     Skipping 18736
10:58:01 root         INFO     Skipping 7887
10:58:01 root         INFO     Skipping 15551
10:58:01 root         INFO     Skipping 35562
10:58:01 root         INFO     Skipping 9423
10:58:01 root         INFO     Skipping 1519
10:58:01 root         INFO     Skipping 35489
10:58:01 root         INFO     Skipping 20880
10:58:01 root         INFO     Skipping 37235
10:58:01 root         INFO     Skipping 15882
10:58:01 root         INFO     Skipping 1169
10:58:01 root         INFO     Skipping 9463
10:58:01 root         INFO     Skipping 37685
10:58:01 root         INFO     Skipping 809
10:58:01 root         INFO     Skipping 9421
10:58:01 root         INFO     Skipping 30397
10:58:01 root         INFO     Skipping 37735
10:58:01 root         INFO     Skipping 30394
10:58:01 root         INFO     Skipping 30448
10:58:01 root         INFO     Skipping 27614
10:58:01 root         INFO     Skipping 35527
10:58:01 root         INFO     Skipping 37416
10:58:01 root         INFO     Skipping 37709
10:58:01 root         INFO     Skipping 27649
10:58:01 root         INFO     Skipping 35546
10:58:01 root         INFO     Skipping 1098
10:58:01 root         INFO     Skipping 21488
10:58:01 root         INFO     Skipping 37674
10:58:01 root         INFO     Skipping 37706
10:58:01 root         INFO     Skipping 37713
10:58:01 root         INFO     Skipping 918
10:58:01 root         INFO     Skipping 24210
10:58:01 root         INFO     Skipping 37728
10:58:01 root         INFO     Skipping 35555
10:58:01 root         INFO     Skipping 35556
10:58:01 root         INFO     Skipping 892
10:58:01 root         INFO     Skipping 38045
10:58:01 root         INFO     Skipping 829
10:58:01 root         INFO     Skipping 30468
10:58:01 root         INFO     Skipping 24186
10:58:01 root         INFO     Skipping 24194
10:58:01 root         INFO     Skipping 37693
10:58:01 root         INFO     Skipping 30429
10:58:01 root         INFO     Skipping 1249
10:58:01 root         INFO     Skipping 30434
10:58:01 root         INFO     Skipping 24199
10:58:01 root         INFO     Skipping 37688
10:58:01 root         INFO     Skipping 23853
10:58:01 root         INFO     Skipping 30456
10:58:01 root         INFO     Skipping 1036
10:58:01 root         INFO     Skipping 30436
10:58:01 root         INFO     Skipping 37690
10:58:01 root         INFO     Skipping 36428
10:58:01 root         INFO     Skipping 37721
10:58:01 root         INFO     Skipping 27646
10:58:01 root         INFO     Skipping 24187
10:58:01 root         INFO     Skipping 35551
10:58:01 root         INFO     Skipping 925
10:58:01 root         INFO     Skipping 21570
10:58:01 root         INFO     Skipping 21536
10:58:01 root         INFO     Skipping 604
10:58:01 root         INFO     Skipping 21562
10:58:01 root         INFO     Skipping 21572
10:58:01 root         INFO     Skipping 17884
10:58:01 root         INFO     Skipping 235
10:58:01 root         INFO     Skipping 21487
10:58:01 root         INFO     Skipping 27644
10:58:01 root         INFO     Skipping 37722
10:58:01 root         INFO     Skipping 24175
10:58:01 root         INFO     Skipping 27637
10:58:01 root         INFO     Skipping 9424
10:58:01 root         INFO     Skipping 24181
10:58:01 root         INFO     Skipping 37676
10:58:01 root         INFO     Skipping 15912
10:58:01 root         INFO     Skipping 1004
10:58:01 root         INFO     Skipping 15922
10:58:01 root         INFO     Skipping 21523
10:58:01 root         INFO     Skipping 14489
10:58:01 root         INFO     Skipping 18756
10:58:01 root         INFO     Skipping 23549
10:58:01 root         INFO     Skipping 30414
10:58:01 root         INFO     Skipping 28735
10:58:01 root         INFO     Skipping 599
10:58:01 root         INFO     Skipping 24124
10:58:01 root         INFO     Skipping 24218
10:58:01 root         INFO     Skipping 19874
10:58:01 root         INFO     Skipping 21467
10:58:01 root         INFO     Skipping 30525
10:58:01 root         INFO     Skipping 24176
10:58:01 root         INFO     Skipping 15949
10:58:01 root         INFO     Skipping 27630
10:58:01 root         INFO     Skipping 27632
10:58:01 root         INFO     Skipping 606
10:58:01 root         INFO     Skipping 27629
10:58:01 root         INFO     Skipping 24228
10:58:01 root         INFO     Skipping 562
10:58:01 root         INFO     Skipping 21633
10:58:01 root         INFO     Skipping 24225
10:58:01 root         INFO     Skipping 18725
10:58:01 root         INFO     Skipping 21567
10:58:01 root         INFO     Skipping 27628
10:58:01 root         INFO     Skipping 12921
10:58:01 root         INFO     Skipping 47
10:58:01 root         INFO     Skipping 8101
10:58:01 root         INFO     Skipping 27936
10:58:01 root         INFO     Skipping 23089
10:58:01 root         INFO     Skipping 15911
10:58:01 root         INFO     Skipping 30472
10:58:01 root         INFO     Skipping 35703
10:58:01 root         INFO     Skipping 30475
10:58:01 root         INFO     Skipping 18739
10:58:01 root         INFO     Skipping 30378
10:58:01 root         INFO     Skipping 21
10:58:01 root         INFO     Skipping 24169
10:58:01 root         INFO     Skipping 27616
10:58:01 root         INFO     Skipping 546
10:58:01 root         INFO     Skipping 125
10:58:01 root         INFO     Skipping 432
10:58:01 root         INFO     Skipping 23572
10:58:01 root         INFO     Skipping 1
10:58:01 root         INFO     Skipping 10
10:58:01 root         INFO     Skipping 106
10:58:01 root         INFO     Skipping 804
10:58:01 root         INFO     Skipping 697
10:58:01 root         INFO     Skipping 37667
10:58:01 root         INFO     Skipping 24234
10:58:01 root         INFO     Skipping 34781
10:58:01 root         INFO     Skipping 44
10:58:01 root         INFO     Skipping 2434
10:58:01 root         INFO     Skipping 7307
10:58:01 root         INFO     Skipping 7280
10:58:01 root         INFO     Skipping 14197
10:58:01 root         INFO     Skipping 6929
10:58:01 root         INFO     Skipping 24223
10:58:01 root         INFO     Skipping 30412
10:58:01 root         INFO     Skipping 21230
10:58:01 root         INFO     Skipping 7124
10:58:01 root         INFO     Skipping 7516
10:58:01 root         INFO     Skipping 9231
10:58:01 root         INFO     Skipping 13222
10:58:01 root         INFO     Skipping 24928
10:58:01 root         INFO     Skipping 14466
10:58:01 root         INFO     Skipping 19685
10:58:01 root         INFO     Skipping 14008
10:58:01 root         INFO     Skipping 20480
10:58:01 root         INFO     Skipping 7126
10:58:01 root         INFO     Skipping 15792
10:58:01 root         INFO     Skipping 27571
10:58:01 root         INFO     Skipping 19109
10:58:01 root         INFO     Skipping 14066
10:58:01 root         INFO     Skipping 7103
10:58:01 root         INFO     Skipping 13479
10:58:01 root         INFO     Skipping 13475
10:58:01 root         INFO     Skipping 24237
10:58:01 root         INFO     Skipping 28365
10:58:01 root         INFO     Skipping 7118
10:58:01 root         INFO     Skipping 19909
10:58:01 root         INFO     Skipping 13664
10:58:01 root         INFO     Skipping 13467
10:58:01 root         INFO     Skipping 18743
10:58:01 root         INFO     Skipping 19881
10:58:01 root         INFO     Skipping 6970
10:58:01 root         INFO     Skipping 7286
10:58:01 root         INFO     Skipping 14047
10:58:01 root         INFO     Skipping 35569
10:58:01 root         INFO     Skipping 37741
10:58:01 root         INFO     Skipping 37697
10:58:01 root         INFO     Skipping 1453
10:58:01 root         INFO     Skipping 18818
10:58:01 root         INFO     Skipping 37745
10:58:01 root         INFO     Skipping 18836
10:58:01 root         INFO     Skipping 37441
10:58:01 root         INFO     Skipping 24207
10:58:01 root         INFO     Skipping 1483
10:58:01 root         INFO     Skipping 30395
10:58:01 root         INFO     Skipping 30432
10:58:01 root         INFO     Skipping 36969
10:58:01 root         INFO     Skipping 21533
10:58:01 root         INFO     Skipping 1352
10:58:01 root         INFO     Skipping 30390
10:58:01 root         INFO     Skipping 1149
10:58:01 root         INFO     Skipping 24202
10:58:01 root         INFO     Skipping 30389
10:58:01 root         INFO     Skipping 15891
10:58:01 root         INFO     Skipping 14488
10:58:01 root         INFO     Skipping 30528
10:58:01 root         INFO     Skipping 27597
10:58:01 root         INFO     Skipping 37737
10:58:01 root         INFO     Skipping 1557
10:58:01 root         INFO     Skipping 27609
10:58:01 root         INFO     Skipping 900
10:58:01 root         INFO     Skipping 21527
10:58:01 root         INFO     Skipping 1479
10:58:01 root         INFO     Skipping 30387
10:58:01 root         INFO     Skipping 980
10:58:01 root         INFO     Skipping 37703
10:58:01 root         INFO     Skipping 15304
10:58:01 root         INFO     Skipping 14781
10:58:01 root         INFO     Skipping 15528
10:58:01 root         INFO     Skipping 25120
10:58:01 root         INFO     Skipping 33803
10:58:01 root         INFO     Skipping 20476
10:58:01 root         INFO     Skipping 27502
10:58:01 root         INFO     Skipping 13456
10:58:01 root         INFO     Skipping 27390
10:58:01 root         INFO     Skipping 15813
10:58:01 root         INFO     Skipping 7320
10:58:01 root         INFO     Skipping 20668
10:58:01 root         INFO     Skipping 38937
10:58:01 root         INFO     Skipping 37417
10:58:01 root         INFO     Skipping 13038
10:58:01 root         INFO     Skipping 6932
10:58:01 root         INFO     Skipping 14978
10:58:01 root         INFO     Skipping 17045
10:58:01 root         INFO     Skipping 22385
10:58:01 root         INFO     Skipping 7853
10:58:01 root         INFO     Skipping 14026
10:58:01 root         INFO     Skipping 14923
10:58:01 root         INFO     Skipping 7288
10:58:01 root         INFO     Skipping 7538
10:58:01 root         INFO     Skipping 13451
10:58:01 root         INFO     Skipping 25009
10:58:01 root         INFO     Skipping 9452
10:58:01 root         INFO     Skipping 20118
10:58:01 root         INFO     Skipping 20475
10:58:01 root         INFO     Skipping 14602
10:58:01 root         INFO     Skipping 7291
10:58:01 root         INFO     Skipping 13457
10:58:01 root         INFO     Skipping 7345
10:58:01 root         INFO     Skipping 35752
10:58:01 root         INFO     Skipping 31489
10:58:01 root         INFO     Skipping 15674
10:58:01 root         INFO     Skipping 31189
10:58:01 root         INFO     Skipping 20084
10:58:01 root         INFO     Skipping 16020
10:58:01 root         INFO     Skipping 2009
10:58:01 root         INFO     Skipping 1773
10:58:01 root         INFO     Skipping 7337
10:58:01 root         INFO     Skipping 14910
10:58:01 root         INFO     Skipping 7339
10:58:01 root         INFO     Skipping 24976
10:58:01 root         INFO     Skipping 30360
10:58:01 root         INFO     Skipping 24315
10:58:01 root         INFO     Skipping 30361
10:58:01 root         INFO     Skipping 30358
10:58:01 root         INFO     Skipping 37191
10:58:01 root         INFO     Skipping 3129
10:58:01 root         INFO     Skipping 3052
10:58:01 root         INFO     Skipping 37932
10:58:01 root         INFO     Skipping 3125
10:58:01 root         INFO     Skipping 3109
10:58:01 root         INFO     Skipping 20056
10:58:01 root         INFO     Skipping 37778
10:58:01 root         INFO     Skipping 35587
10:58:01 root         INFO     Skipping 28452
10:58:01 root         INFO     Skipping 3320
10:58:01 root         INFO     Skipping 30367
10:58:01 root         INFO     Skipping 3048
10:58:01 root         INFO     Skipping 3072
10:58:01 root         INFO     Skipping 38049
10:58:01 root         INFO     Skipping 30366
10:58:01 root         INFO     Skipping 30368
10:58:01 root         INFO     Skipping 27956
10:58:01 root         INFO     Skipping 15709
10:58:01 root         INFO     Skipping 38047
10:58:01 root         INFO     Skipping 3137
10:58:01 root         INFO     Skipping 3085
10:58:01 root         INFO     Skipping 2042
10:58:01 root         INFO     Skipping 3064
10:58:01 root         INFO     Skipping 3286
10:58:01 root         INFO     Skipping 30362
10:58:01 root         INFO     Skipping 3309
10:58:01 root         INFO     Skipping 37826
10:58:01 root         INFO     Skipping 4972
10:58:01 root         INFO     Skipping 15790
10:58:01 root         INFO     Skipping 18747
10:58:01 root         INFO     Skipping 22401
10:58:01 root         INFO     Skipping 18711
10:58:01 root         INFO     Skipping 3123
10:58:01 root         INFO     Skipping 3296
10:58:01 root         INFO     Skipping 30617
10:58:01 root         INFO     Skipping 19614
10:58:01 root         INFO     Skipping 23295
10:58:01 root         INFO     Skipping 35818
10:58:01 root         INFO     Skipping 7531
10:58:01 root         INFO     Skipping 19559
10:58:01 root         INFO     Skipping 26784
10:58:01 root         INFO     Skipping 25775
10:58:01 root         INFO     Skipping 27321
10:58:01 root         INFO     Skipping 7234
10:58:01 root         INFO     Skipping 6914
10:58:01 root         INFO     Skipping 38455
10:58:01 root         INFO     Skipping 18113
10:58:01 root         INFO     Skipping 39880
10:58:01 root         INFO     Skipping 22565
10:58:01 root         INFO     Skipping 27877
10:58:01 root         INFO     Skipping 23176
10:58:01 root         INFO     Skipping 20510
10:58:01 root         INFO     Skipping 22316
10:58:01 root         INFO     Skipping 20813
10:58:01 root         INFO     Skipping 21209
10:58:01 root         INFO     Skipping 17932
10:58:01 root         INFO     Skipping 6002
10:58:01 root         INFO     Skipping 2505
10:58:01 root         INFO     Skipping 2000
10:58:01 root         INFO     Skipping 38458
10:58:01 root         INFO     Skipping 23099
10:58:01 root         INFO     Skipping 18560
10:58:01 root         INFO     Skipping 13255
10:58:01 root         INFO     Skipping 20676
10:58:01 root         INFO     Skipping 25743
10:58:01 root         INFO     Skipping 17989
10:58:01 root         INFO     Skipping 21452
10:58:01 root         INFO     Skipping 17224
10:58:01 root         INFO     Skipping 25875
10:58:01 root         INFO     Skipping 3486
10:58:01 root         INFO     Skipping 15377
10:58:01 root         INFO     Skipping 3418
10:58:01 root         INFO     Skipping 3492
10:58:01 root         INFO     Skipping 17990
10:58:01 root         INFO     Skipping 27184
10:58:01 root         INFO     Skipping 39590
10:58:01 root         INFO     Skipping 30767
10:58:01 root         INFO     Skipping 15022
10:58:01 root         INFO     Skipping 21452
10:58:01 root         INFO     Skipping 37309
10:58:01 root         INFO     Skipping 25730
10:58:01 root         INFO     Skipping 18418
10:58:01 root         INFO     Skipping 17928
10:58:01 root         INFO     Skipping 13173
10:58:01 root         INFO     Skipping 17987
10:58:01 root         INFO     Skipping 33659
10:58:01 root         INFO     Skipping 17978
10:58:01 root         INFO     Skipping 30572
10:58:01 root         INFO     Skipping 19068
10:58:03 root         INFO     Driver opened url https://www.jnj.com/media-center: 0.5 second load started
10:58:03 root         ERROR    SKIP GATHER: Number of article elements need to be the same
10:58:03 root         ERROR    Titles: 12 Dates: 13 Links: 12
10:58:04 root         INFO     Scrape errors found during run:
10:58:04 root         INFO     []
10:58:04 root         INFO     End of file message
10:58:04 root         INFO     

Load Version 2.1.0 02/04/2025
       Docs Loaded: 0
       URLS processed: 1
       DUPS skipped: 0
       No Ledes found: 0

Passed Parameters:
       Pull House and Senate: False
       Number of days back: 30
       Start Time: 2025-02-05 10:57:58
       End Time: 2025-02-05 10:58:04
       Elapsed Time: 0:00:06
       Character Minimum Amount: 100

Errors:
	Landing Page Counts for titles,dates,links do not equal:
		18545: Titles: 12 Dates: 13 Links: 12
Docs:
