23:16:00 root         INFO     Skipping 27599
23:16:00 root         INFO     Skipping 30449
23:16:00 root         INFO     Skipping 14315
23:16:00 root         INFO     Skipping 7566
23:16:00 root         INFO     Skipping 804
23:16:00 root         INFO     Skipping 12106
23:16:00 root         INFO     Skipping 8034
23:16:00 root         INFO     Skipping 7901
23:16:00 root         INFO     Skipping 20157
23:16:00 root         INFO     Skipping 6950
23:16:00 root         INFO     Skipping 15026
23:16:00 root         INFO     Skipping 19993
23:16:00 root         INFO     Skipping 21569
23:16:00 root         INFO     Skipping 23030
23:16:00 root         INFO     Skipping 206
23:16:00 root         INFO     Skipping 16046
23:16:00 root         INFO     Skipping 16140
23:16:00 root         INFO     Skipping 16037
23:16:00 root         INFO     Skipping 43
23:16:00 root         INFO     Skipping 225
23:16:00 root         INFO     Skipping 37711
23:16:00 root         INFO     Skipping 34699
23:16:00 root         INFO     Skipping 19021
23:16:00 root         INFO     Skipping 18495
23:16:00 root         INFO     Skipping 222
23:16:00 root         INFO     Skipping 5602
23:16:00 root         INFO     Skipping 16027
23:16:00 root         INFO     Skipping 21499
23:16:00 root         INFO     Skipping 2698
23:16:00 root         INFO     Skipping 27867
23:16:00 root         INFO     Skipping 24224
23:16:00 root         INFO     Skipping 21563
23:16:00 root         INFO     Skipping 24227
23:16:00 root         INFO     Skipping 17224
23:16:00 root         INFO     Skipping 219
23:16:00 root         INFO     Skipping 23814
23:16:00 root         INFO     Skipping 15376
23:16:00 root         INFO     Skipping 19286
23:16:00 root         INFO     Skipping 28048
23:16:00 root         INFO     Skipping 543
23:16:00 root         INFO     Skipping 24233
23:16:00 root         INFO     Skipping 18735
23:16:00 root         INFO     Skipping 1066
23:16:00 root         INFO     Skipping 37680
23:16:00 root         INFO     Skipping 691
23:16:00 root         INFO     Skipping 677
23:16:00 root         INFO     Skipping 20141
23:16:00 root         INFO     Skipping 36151
23:16:00 root         INFO     Skipping 20319
23:16:00 root         INFO     Skipping 12400
23:16:00 root         INFO     Skipping 127
23:16:00 root         INFO     Skipping 20792
23:16:00 root         INFO     Skipping 17104
23:16:00 root         INFO     Skipping 24344
23:16:00 root         INFO     Skipping 19546
23:16:00 root         INFO     Skipping 15565
23:16:00 root         INFO     Skipping 13359
23:16:00 root         INFO     Skipping 17922
23:16:00 root         INFO     Skipping 22481
23:16:00 root         INFO     Skipping 20138
23:16:00 root         INFO     Skipping 119
23:16:00 root         INFO     Skipping 21188
23:16:00 root         INFO     Skipping 3016
23:16:00 root         INFO     Skipping 21525
23:16:00 root         INFO     Skipping 37694
23:16:00 root         INFO     Skipping 18710
23:16:00 root         INFO     Skipping 29332
23:16:00 root         INFO     Skipping 23100
23:16:00 root         INFO     Skipping 37725
23:16:00 root         INFO     Skipping 15633
23:16:00 root         INFO     Skipping 948
23:16:00 root         INFO     Skipping 30993
23:16:00 root         INFO     Skipping 22221
23:16:00 root         INFO     Skipping 22654
23:16:00 root         INFO     Skipping 35809
23:16:00 root         INFO     Skipping 35576
23:16:00 root         INFO     Skipping 37408
23:16:00 root         INFO     Skipping 7844
23:16:00 root         INFO     Skipping 20
23:16:00 root         INFO     Skipping 8022
23:16:00 root         INFO     Skipping 8032
23:16:00 root         INFO     Skipping 20605
23:16:00 root         INFO     Skipping 7838
23:16:00 root         INFO     Skipping 21497
23:16:00 root         INFO     Skipping 35572
23:16:00 root         INFO     Skipping 30425
23:16:00 root         INFO     Skipping 35517
23:16:00 root         INFO     Skipping 35524
23:16:00 root         INFO     Skipping 21522
23:16:00 root         INFO     Skipping 1325
23:16:00 root         INFO     Skipping 1079
23:16:00 root         INFO     Skipping 6973
23:16:00 root         INFO     Skipping 37495
23:16:00 root         INFO     Skipping 30405
23:16:00 root         INFO     Skipping 18767
23:16:00 root         INFO     Skipping 21521
23:16:00 root         INFO     Skipping 921
23:16:00 root         INFO     Skipping 27602
23:16:00 root         INFO     Skipping 21335
23:16:00 root         INFO     Skipping 30444
23:16:00 root         INFO     Skipping 1363
23:16:00 root         INFO     Skipping 9488
23:16:00 root         INFO     Skipping 24230
23:16:00 root         INFO     Skipping 2696
23:16:00 root         INFO     Skipping 37705
23:16:00 root         INFO     Skipping 33752
23:16:00 root         INFO     Skipping 37731
23:16:00 root         INFO     Skipping 37740
23:16:00 root         INFO     Skipping 9427
23:16:00 root         INFO     Skipping 19880
23:16:00 root         INFO     Skipping 632
23:16:00 root         INFO     Skipping 39007
23:16:00 root         INFO     Skipping 551
23:16:00 root         INFO     Skipping 37304
23:16:00 root         INFO     Skipping 20115
23:16:00 root         INFO     Skipping 13362
23:16:00 root         INFO     Skipping 7333
23:16:00 root         INFO     Skipping 21423
23:16:00 root         INFO     Skipping 17653
23:16:00 root         INFO     Skipping 21152
23:16:00 root         INFO     Skipping 16031
23:16:00 root         INFO     Skipping 27074
23:16:00 root         INFO     Skipping 255
23:16:00 root         INFO     Skipping 431
23:16:00 root         INFO     Skipping 19290
23:16:00 root         INFO     Skipping 33954
23:16:00 root         INFO     Skipping 22921
23:16:00 root         INFO     Skipping 26556
23:16:00 root         INFO     Skipping 167
23:16:00 root         INFO     Skipping 15884
23:16:00 root         INFO     Skipping 30382
23:16:00 root         INFO     Skipping 30450
23:16:00 root         INFO     Skipping 27626
23:16:00 root         INFO     Skipping 37748
23:16:00 root         INFO     Skipping 715
23:16:00 root         INFO     Skipping 18734
23:16:00 root         INFO     Skipping 9485
23:16:00 root         INFO     Skipping 24231
23:16:00 root         INFO     Skipping 6221
23:16:00 root         INFO     Skipping 15392
23:16:00 root         INFO     Skipping 14466
23:16:00 root         INFO     Skipping 15025
23:16:00 root         INFO     Skipping 19760
23:16:00 root         INFO     Skipping 37095
23:16:00 root         INFO     Skipping 13863
23:16:00 root         INFO     Skipping 7355
23:16:00 root         INFO     Skipping 8042
23:16:00 root         INFO     Skipping 23802
23:16:00 root         INFO     Skipping 282
23:16:00 root         INFO     Skipping 7316
23:16:00 root         INFO     Skipping 16040
23:16:00 root         INFO     Skipping 7922
23:16:00 root         INFO     Skipping 16041
23:16:00 root         INFO     Skipping 28101
23:16:00 root         INFO     Skipping 3410
23:16:00 root         INFO     Skipping 7121
23:16:00 root         INFO     Skipping 17116
23:16:00 root         INFO     Skipping 20034
23:16:00 root         INFO     Skipping 6918
23:16:00 root         INFO     Skipping 22037
23:16:00 root         INFO     Skipping 14373
23:16:00 root         INFO     Skipping 13794
23:16:00 root         INFO     Skipping 13964
23:16:00 root         INFO     Skipping 6930
23:16:00 root         INFO     Skipping 19978
23:16:00 root         INFO     Skipping 14069
23:16:00 root         INFO     Skipping 14111
23:16:00 root         INFO     Skipping 6931
23:16:00 root         INFO     Skipping 14021
23:16:00 root         INFO     Skipping 37180
23:16:00 root         INFO     Skipping 35130
23:16:00 root         INFO     Skipping 19684
23:16:00 root         INFO     Skipping 28292
23:16:00 root         INFO     Skipping 30335
23:16:00 root         INFO     Skipping 14867
23:16:00 root         INFO     Skipping 23669
23:16:00 root         INFO     Skipping 6793
23:16:00 root         INFO     Skipping 15440
23:16:00 root         INFO     Skipping 23588
23:16:00 root         INFO     Skipping 10156
23:16:00 root         INFO     Skipping 30046
23:16:00 root         INFO     Skipping 39476
23:16:00 root         INFO     Skipping 37727
23:16:00 root         INFO     Skipping 33096
23:16:00 root         INFO     Skipping 32423
23:16:00 root         INFO     Skipping 30658
23:16:00 root         INFO     Skipping 19870
23:16:00 root         INFO     Skipping 15962
23:16:00 root         INFO     Skipping 702
23:16:00 root         INFO     Skipping 39478
23:16:00 root         INFO     Skipping 30435
23:16:00 root         INFO     Skipping 9445
23:16:00 root         INFO     Skipping 24173
23:16:00 root         INFO     Skipping 35554
23:16:00 root         INFO     Skipping 18733
23:16:00 root         INFO     Skipping 3962
23:16:00 root         INFO     Skipping 26659
23:16:00 root         INFO     Skipping 32135
23:16:00 root         INFO     Skipping 27843
23:16:00 root         INFO     Skipping 17658
23:16:00 root         INFO     Skipping 27186
23:16:00 root         INFO     Skipping 6922
23:16:00 root         INFO     Skipping 7317
23:16:00 root         INFO     Skipping 37607
23:16:00 root         INFO     Skipping 19748
23:16:00 root         INFO     Skipping 14979
23:16:00 root         INFO     Skipping 28256
23:16:00 root         INFO     Skipping 15000
23:16:00 root         INFO     Skipping 15725
23:16:00 root         INFO     Skipping 21561
23:16:00 root         INFO     Skipping 23098
23:16:00 root         INFO     Skipping 30469
23:16:00 root         INFO     Skipping 37819
23:16:00 root         INFO     Skipping 27605
23:16:00 root         INFO     Skipping 24799
23:16:00 root         INFO     Skipping 35571
23:16:00 root         INFO     Skipping 18750
23:16:00 root         INFO     Skipping 21564
23:16:00 root         INFO     Skipping 695
23:16:00 root         INFO     Skipping 619
23:16:00 root         INFO     Skipping 21566
23:16:00 root         INFO     Skipping 18746
23:16:00 root         INFO     Skipping 30470
23:16:00 root         INFO     Skipping 37747
23:16:00 root         INFO     Skipping 35726
23:16:00 root         INFO     Skipping 35708
23:16:00 root         INFO     Skipping 35705
23:16:00 root         INFO     Skipping 35727
23:16:00 root         INFO     Skipping 37743
23:16:00 root         INFO     Skipping 24229
23:16:00 root         INFO     Skipping 37748
23:16:00 root         INFO     Skipping 19879
23:16:00 root         INFO     Skipping 717
23:16:00 root         INFO     Skipping 35728
23:16:00 root         INFO     Skipping 37820
23:16:00 root         INFO     Skipping 30473
23:16:00 root         INFO     Skipping 37744
23:16:00 root         INFO     Skipping 28313
23:16:00 root         INFO     Skipping 37749
23:16:00 root         INFO     Skipping 15948
23:16:00 root         INFO     Skipping 35707
23:16:00 root         INFO     Skipping 35706
23:16:00 root         INFO     Skipping 35704
23:16:00 root         INFO     Skipping 18740
23:16:00 root         INFO     Skipping 18736
23:16:00 root         INFO     Skipping 7887
23:16:00 root         INFO     Skipping 15551
23:16:00 root         INFO     Skipping 35562
23:16:00 root         INFO     Skipping 9423
23:16:00 root         INFO     Skipping 1519
23:16:00 root         INFO     Skipping 35489
23:16:00 root         INFO     Skipping 20880
23:16:00 root         INFO     Skipping 37235
23:16:00 root         INFO     Skipping 15882
23:16:00 root         INFO     Skipping 1169
23:16:00 root         INFO     Skipping 9463
23:16:00 root         INFO     Skipping 37685
23:16:00 root         INFO     Skipping 809
23:16:00 root         INFO     Skipping 9421
23:16:00 root         INFO     Skipping 30397
23:16:00 root         INFO     Skipping 37735
23:16:00 root         INFO     Skipping 30394
23:16:00 root         INFO     Skipping 30448
23:16:00 root         INFO     Skipping 27614
23:16:00 root         INFO     Skipping 35527
23:16:00 root         INFO     Skipping 37416
23:16:00 root         INFO     Skipping 37709
23:16:00 root         INFO     Skipping 27649
23:16:00 root         INFO     Skipping 35546
23:16:00 root         INFO     Skipping 1098
23:16:00 root         INFO     Skipping 21488
23:16:00 root         INFO     Skipping 37674
23:16:00 root         INFO     Skipping 37706
23:16:00 root         INFO     Skipping 37713
23:16:00 root         INFO     Skipping 918
23:16:00 root         INFO     Skipping 24210
23:16:00 root         INFO     Skipping 37728
23:16:00 root         INFO     Skipping 35555
23:16:00 root         INFO     Skipping 35556
23:16:00 root         INFO     Skipping 892
23:16:00 root         INFO     Skipping 38045
23:16:00 root         INFO     Skipping 829
23:16:00 root         INFO     Skipping 30468
23:16:00 root         INFO     Skipping 24186
23:16:00 root         INFO     Skipping 24194
23:16:00 root         INFO     Skipping 37693
23:16:00 root         INFO     Skipping 30429
23:16:00 root         INFO     Skipping 1249
23:16:00 root         INFO     Skipping 30434
23:16:00 root         INFO     Skipping 24199
23:16:00 root         INFO     Skipping 37688
23:16:00 root         INFO     Skipping 23853
23:16:00 root         INFO     Skipping 30456
23:16:00 root         INFO     Skipping 1036
23:16:00 root         INFO     Skipping 30436
23:16:00 root         INFO     Skipping 37690
23:16:00 root         INFO     Skipping 36428
23:16:00 root         INFO     Skipping 37721
23:16:00 root         INFO     Skipping 27646
23:16:00 root         INFO     Skipping 24187
23:16:00 root         INFO     Skipping 35551
23:16:00 root         INFO     Skipping 925
23:16:00 root         INFO     Skipping 21570
23:16:00 root         INFO     Skipping 21536
23:16:00 root         INFO     Skipping 604
23:16:00 root         INFO     Skipping 21562
23:16:00 root         INFO     Skipping 21572
23:16:00 root         INFO     Skipping 17884
23:16:00 root         INFO     Skipping 235
23:16:00 root         INFO     Skipping 21487
23:16:00 root         INFO     Skipping 27644
23:16:00 root         INFO     Skipping 37722
23:16:00 root         INFO     Skipping 24175
23:16:00 root         INFO     Skipping 27637
23:16:00 root         INFO     Skipping 9424
23:16:00 root         INFO     Skipping 24181
23:16:00 root         INFO     Skipping 37676
23:16:00 root         INFO     Skipping 15912
23:16:00 root         INFO     Skipping 1004
23:16:00 root         INFO     Skipping 15922
23:16:00 root         INFO     Skipping 21523
23:16:00 root         INFO     Skipping 14489
23:16:00 root         INFO     Skipping 18756
23:16:00 root         INFO     Skipping 23549
23:16:00 root         INFO     Skipping 30414
23:16:00 root         INFO     Skipping 28735
23:16:00 root         INFO     Skipping 599
23:16:00 root         INFO     Skipping 24124
23:16:00 root         INFO     Skipping 24218
23:16:00 root         INFO     Skipping 19874
23:16:00 root         INFO     Skipping 21467
23:16:00 root         INFO     Skipping 30525
23:16:00 root         INFO     Skipping 24176
23:16:00 root         INFO     Skipping 15949
23:16:00 root         INFO     Skipping 27630
23:16:00 root         INFO     Skipping 27632
23:16:00 root         INFO     Skipping 606
23:16:00 root         INFO     Skipping 27629
23:16:00 root         INFO     Skipping 24228
23:16:00 root         INFO     Skipping 562
23:16:00 root         INFO     Skipping 21633
23:16:00 root         INFO     Skipping 24225
23:16:00 root         INFO     Skipping 18725
23:16:00 root         INFO     Skipping 21567
23:16:00 root         INFO     Skipping 27628
23:16:00 root         INFO     Skipping 12921
23:16:00 root         INFO     Skipping 47
23:16:00 root         INFO     Skipping 8101
23:16:00 root         INFO     Skipping 27936
23:16:00 root         INFO     Skipping 23089
23:16:00 root         INFO     Skipping 15911
23:16:00 root         INFO     Skipping 30472
23:16:00 root         INFO     Skipping 35703
23:16:00 root         INFO     Skipping 30475
23:16:00 root         INFO     Skipping 18739
23:16:00 root         INFO     Skipping 30378
23:16:00 root         INFO     Skipping 21
23:16:00 root         INFO     Skipping 24169
23:16:00 root         INFO     Skipping 27616
23:16:00 root         INFO     Skipping 546
23:16:00 root         INFO     Skipping 125
23:16:00 root         INFO     Skipping 432
23:16:00 root         INFO     Skipping 23572
23:16:00 root         INFO     Skipping 1
23:16:00 root         INFO     Skipping 10
23:16:00 root         INFO     Skipping 106
23:16:00 root         INFO     Skipping 804
23:16:00 root         INFO     Skipping 697
23:16:00 root         INFO     Skipping 37667
23:16:00 root         INFO     Skipping 24234
23:16:00 root         INFO     Skipping 34781
23:16:00 root         INFO     Skipping 44
23:16:00 root         INFO     Skipping 2434
23:16:00 root         INFO     Skipping 7307
23:16:00 root         INFO     Skipping 7280
23:16:00 root         INFO     Skipping 14197
23:16:00 root         INFO     Skipping 6929
23:16:00 root         INFO     Skipping 24223
23:16:00 root         INFO     Skipping 30412
23:16:00 root         INFO     Skipping 21230
23:16:00 root         INFO     Skipping 7124
23:16:00 root         INFO     Skipping 7516
23:16:00 root         INFO     Skipping 9231
23:16:00 root         INFO     Skipping 13222
23:16:00 root         INFO     Skipping 24928
23:16:00 root         INFO     Skipping 14466
23:16:00 root         INFO     Skipping 19685
23:16:00 root         INFO     Skipping 14008
23:16:00 root         INFO     Skipping 20480
23:16:00 root         INFO     Skipping 7126
23:16:00 root         INFO     Skipping 15792
23:16:00 root         INFO     Skipping 27571
23:16:00 root         INFO     Skipping 19109
23:16:00 root         INFO     Skipping 14066
23:16:00 root         INFO     Skipping 7103
23:16:00 root         INFO     Skipping 13479
23:16:00 root         INFO     Skipping 13475
23:16:00 root         INFO     Skipping 24237
23:16:00 root         INFO     Skipping 28365
23:16:00 root         INFO     Skipping 7118
23:16:00 root         INFO     Skipping 19909
23:16:00 root         INFO     Skipping 13664
23:16:00 root         INFO     Skipping 13467
23:16:00 root         INFO     Skipping 18743
23:16:00 root         INFO     Skipping 19881
23:16:00 root         INFO     Skipping 6970
23:16:00 root         INFO     Skipping 7286
23:16:00 root         INFO     Skipping 14047
23:16:00 root         INFO     Skipping 35569
23:16:00 root         INFO     Skipping 37741
23:16:00 root         INFO     Skipping 37697
23:16:00 root         INFO     Skipping 1453
23:16:00 root         INFO     Skipping 18818
23:16:00 root         INFO     Skipping 37745
23:16:00 root         INFO     Skipping 18836
23:16:00 root         INFO     Skipping 37441
23:16:00 root         INFO     Skipping 24207
23:16:00 root         INFO     Skipping 1483
23:16:00 root         INFO     Skipping 30395
23:16:00 root         INFO     Skipping 30432
23:16:00 root         INFO     Skipping 36969
23:16:00 root         INFO     Skipping 21533
23:16:00 root         INFO     Skipping 1352
23:16:00 root         INFO     Skipping 30390
23:16:00 root         INFO     Skipping 1149
23:16:00 root         INFO     Skipping 24202
23:16:00 root         INFO     Skipping 30389
23:16:00 root         INFO     Skipping 15891
23:16:00 root         INFO     Skipping 14488
23:16:00 root         INFO     Skipping 30528
23:16:00 root         INFO     Skipping 27597
23:16:00 root         INFO     Skipping 37737
23:16:00 root         INFO     Skipping 1557
23:16:00 root         INFO     Skipping 27609
23:16:00 root         INFO     Skipping 900
23:16:00 root         INFO     Skipping 21527
23:16:00 root         INFO     Skipping 1479
23:16:00 root         INFO     Skipping 30387
23:16:00 root         INFO     Skipping 980
23:16:00 root         INFO     Skipping 37703
23:16:00 root         INFO     Skipping 15304
23:16:00 root         INFO     Skipping 14781
23:16:00 root         INFO     Skipping 15528
23:16:00 root         INFO     Skipping 25120
23:16:00 root         INFO     Skipping 33803
23:16:00 root         INFO     Skipping 20476
23:16:00 root         INFO     Skipping 27502
23:16:00 root         INFO     Skipping 13456
23:16:00 root         INFO     Skipping 27390
23:16:00 root         INFO     Skipping 15813
23:16:00 root         INFO     Skipping 7320
23:16:00 root         INFO     Skipping 20668
23:16:00 root         INFO     Skipping 38937
23:16:00 root         INFO     Skipping 37417
23:16:00 root         INFO     Skipping 13038
23:16:00 root         INFO     Skipping 6932
23:16:00 root         INFO     Skipping 14978
23:16:00 root         INFO     Skipping 17045
23:16:00 root         INFO     Skipping 22385
23:16:00 root         INFO     Skipping 7853
23:16:00 root         INFO     Skipping 14026
23:16:00 root         INFO     Skipping 14923
23:16:00 root         INFO     Skipping 7288
23:16:00 root         INFO     Skipping 7538
23:16:00 root         INFO     Skipping 13451
23:16:00 root         INFO     Skipping 25009
23:16:00 root         INFO     Skipping 9452
23:16:00 root         INFO     Skipping 20118
23:16:00 root         INFO     Skipping 20475
23:16:00 root         INFO     Skipping 14602
23:16:00 root         INFO     Skipping 7291
23:16:00 root         INFO     Skipping 13457
23:16:00 root         INFO     Skipping 7345
23:16:00 root         INFO     Skipping 35752
23:16:00 root         INFO     Skipping 31489
23:16:00 root         INFO     Skipping 15674
23:16:00 root         INFO     Skipping 31189
23:16:00 root         INFO     Skipping 20084
23:16:00 root         INFO     Skipping 16020
23:16:00 root         INFO     Skipping 2009
23:16:00 root         INFO     Skipping 1773
23:16:00 root         INFO     Skipping 7337
23:16:00 root         INFO     Skipping 14910
23:16:00 root         INFO     Skipping 7339
23:16:00 root         INFO     Skipping 24976
23:16:00 root         INFO     Skipping 30360
23:16:00 root         INFO     Skipping 24315
23:16:00 root         INFO     Skipping 30361
23:16:00 root         INFO     Skipping 30358
23:16:00 root         INFO     Skipping 37191
23:16:00 root         INFO     Skipping 3129
23:16:00 root         INFO     Skipping 3052
23:16:00 root         INFO     Skipping 37932
23:16:00 root         INFO     Skipping 3125
23:16:00 root         INFO     Skipping 3109
23:16:00 root         INFO     Skipping 20056
23:16:00 root         INFO     Skipping 37778
23:16:00 root         INFO     Skipping 35587
23:16:00 root         INFO     Skipping 28452
23:16:00 root         INFO     Skipping 3320
23:16:00 root         INFO     Skipping 30367
23:16:00 root         INFO     Skipping 3048
23:16:00 root         INFO     Skipping 3072
23:16:00 root         INFO     Skipping 38049
23:16:00 root         INFO     Skipping 30366
23:16:00 root         INFO     Skipping 30368
23:16:00 root         INFO     Skipping 27956
23:16:00 root         INFO     Skipping 15709
23:16:00 root         INFO     Skipping 38047
23:16:00 root         INFO     Skipping 3137
23:16:00 root         INFO     Skipping 3085
23:16:00 root         INFO     Skipping 2042
23:16:00 root         INFO     Skipping 30374
23:16:00 root         INFO     Skipping 3064
23:16:00 root         INFO     Skipping 3286
23:16:00 root         INFO     Skipping 30362
23:16:00 root         INFO     Skipping 3309
23:16:00 root         INFO     Skipping 37826
23:16:00 root         INFO     Skipping 4972
23:16:00 root         INFO     Skipping 15790
23:16:00 root         INFO     Skipping 18747
23:16:00 root         INFO     Skipping 22401
23:16:00 root         INFO     Skipping 18711
23:16:00 root         INFO     Skipping 3123
23:16:00 root         INFO     Skipping 3296
23:16:00 root         INFO     Skipping 30617
23:16:00 root         INFO     Skipping 19614
23:16:00 root         INFO     Skipping 23295
23:16:00 root         INFO     Skipping 35818
23:16:00 root         INFO     Skipping 7531
23:16:00 root         INFO     Skipping 19559
23:16:00 root         INFO     Skipping 26784
23:16:00 root         INFO     Skipping 25775
23:16:00 root         INFO     Skipping 27321
23:16:00 root         INFO     Skipping 7234
23:16:00 root         INFO     Skipping 6914
23:16:00 root         INFO     Skipping 58455
23:16:00 root         INFO     Skipping 18113
23:16:00 root         INFO     Skipping 39880
23:16:00 root         INFO     Skipping 22565
23:16:00 root         INFO     Skipping 27877
23:16:00 root         INFO     Skipping 23176
23:16:00 root         INFO     Skipping 20510
23:16:00 root         INFO     Skipping 22316
23:16:00 root         INFO     Skipping 20813
23:16:00 root         INFO     Skipping 21209
23:16:00 root         INFO     Skipping 17932
23:16:00 root         INFO     Skipping 6002
23:16:00 root         INFO     Skipping 2505
23:16:00 root         INFO     Skipping 2000
23:16:00 root         INFO     Skipping 38456
23:16:00 root         INFO     Skipping 23099
23:16:00 root         INFO     Skipping 18560
23:16:00 root         INFO     Skipping 13255
23:16:00 root         INFO     Skipping 20676
23:16:00 root         INFO     Skipping 25743
23:16:00 root         INFO     Skipping 17989
23:16:00 root         INFO     Skipping 21452
23:16:00 root         INFO     Skipping 17224
23:16:00 root         INFO     Skipping 25875
23:16:00 root         INFO     Skipping 3486
23:16:00 root         INFO     Skipping 15377
23:16:00 root         INFO     Skipping 3418
23:16:00 root         INFO     Skipping 3492
23:16:00 root         INFO     Skipping 17990
23:16:00 root         INFO     Skipping 27184
23:16:02 root         INFO     Driver opened url https://www.floridadems.org/news/: 0.5 second load started
23:16:03 root         INFO     Driver opened url https://www.floridadems.org/2025/01/25/state-executive-committee-of-the-florida-democratic-party-elects-new-leadership-slate/: 0.5 second load started
23:16:03 root         DEBUG    Titles: State Executive Committee of the Florida Democratic Party Elects New Leadership Slate
23:16:03 root         DEBUG    Dates: 2025-01-25
23:16:03 root         DEBUG    Desc: Today, the State Executive Committee of the Florida Democratic Party met to elect new officers for the next four years. As previously announced, Nikki Fried has been re-elected as Chair of the Florida Democratic Party. 

Following the Chair’s election, the State Executive Committee elected new party officers. 

“I’m excited to serve another term as Chair of the Florida Democratic Party — especially with the election of these excellent leaders,” said  FDP Chair Nikki Fried  . “I’m looking forward to serving with them as we continue to rebuild our party and fight back against Republican extremism in Florida.” 

With 60% of the votes on the first ballot,  Daniel Henry  has been elected First Vice Chair of the Florida Democratic Party. 

Daniel Henry is a proud native Floridian, first-generation Haitian American, DNC Member, and dedicated millennial leader who has spent the last six years driving transformative change as Chair of the Duval County DEC. At just 27, he made history as Florida’s youngest County Chair and the first Black LGBTQ+ man to hold the position. Under his leadership, Duval County delivered a historic win for President Biden, utilized coalitions with grassroots organizations to get out the vote, and elected Jacksonville’s first female Democratic mayor. 

“It’s a tremendous honor to be elected to serve as First Vice Chair,” said newly elected  FDP  First Vice Chair Daniel Henry.  “As a County Chair, I look forward to making sure we have a strong stable base of county parties across the state — and to take that opportunity to invest in local races and grow the Democratic Party brand in our communities.” 

With 71% of the votes on the first ballot,  Ione Townsend  has been elected Secretary of the Florida Democratic Party. 

Ione Townsend has been active in politics for most of her adult life, starting as a School Board Member. She was elected Chair of the Hillsborough County DEC in 2015 and served as the President of the Democratic County Chairs Association. Townsend also created Hey Florida, an organization specifically focused on investing in the infrastructure and GOTV efforts for counties that need support to organize and mobilize. 

With 88% of the votes on the first ballot,  Wes Hodge  has been elected Treasurer of the Florida Democratic Party. 

Wes Hodge, a two-time cancer survivor, is a passionate advocate for Democratic values. Hodge served as the Chair of the Orange County DEC for six years and during his tenure, Orange County elected its first Democratic mayor in 20 years and flipped the County Commission. 

In addition to the party officers, the following 11 people have been elected as members of the Democratic National Committee: 

  * Judy Mount 
  * Juan Cuba 
  * Ric Gable 
  * Samuel Vilchez Santiago 
  * Samantha Hope Herring 
  * Sean Shaw 
  * Lydia Hudson 
  * Millie Herrera 
  * Allison Minnerly 
  * Pamela Castellana 
  * Alan Clendenin 



23:16:03 root         DEBUG    Agency_id 3058
23:16:03 root         DEBUG    Article Link: https://www.floridadems.org/2025/01/25/state-executive-committee-of-the-florida-democratic-party-elects-new-leadership-slate/
23:16:03 root         INFO     LEDE: [testlede] month: [Jan.] day: [25]
23:16:03 root         INFO     
ADDING: FILENAME: [testfilename ship Slate] TITLE: [State Executive Committee of the Florida Democratic Party Elects New Leadership Slate] DATE: [2025-01-25] ID [3058]

23:16:03 root         ERROR    3058: 1062 (23000): Duplicate entry 'testfilename ship Slate' for key 'press_release.filename_uniq_idx'
23:16:03 root         INFO     Driver opened url https://www.floridadems.org/2025/01/17/florida-democratic-party-celebrates-ceasefire-between-israel-and-hamas/: 0.5 second load started
23:16:04 root         DEBUG    Titles: Florida Democratic Party Celebrates Ceasefire Between Israel and Hamas
23:16:04 root         DEBUG    Dates: 2025-01-17
23:16:04 root         DEBUG    Desc: Today, the Israel Security Cabinet recommended to approve a ceasefire and hostage deal. The deal negotiated by the Biden-Harris Administration will “halt the fighting in Gaza, surge much-needed humanitarian assistance to Palestinian civilians, and reunite the hostages with their families after more than 15 months in captivity.” In response, the Florida Democratic Party has released the following statement: 

“I’m grateful for a ceasefire in Gaza and the return of so many hostages to their families,” said  FDP Chair Nikki Fried.  “For 15 months, we have hoped and prayed for peace as the war and the humanitarian crisis in Gaza have raged on — driven by the actions of the terrorist organization Hamas. Today, we finally get to breathe a sigh of relief. 

“I want to thank the Biden-Harris Administration for their tireless efforts to end the fighting and bring everyone home — though the work isn’t done until every hostage has been freed. Today is proof of the strength of American diplomacy, and I look forward to the continued efforts to bring peace to Israel and the Middle East.” 

23:16:04 root         DEBUG    Agency_id 3058
23:16:04 root         DEBUG    Article Link: https://www.floridadems.org/2025/01/17/florida-democratic-party-celebrates-ceasefire-between-israel-and-hamas/
23:16:04 root         INFO     LEDE: [testlede] month: [Jan.] day: [17]
23:16:04 root         INFO     
ADDING: FILENAME: [testfilename  and Hamas] TITLE: [Florida Democratic Party Celebrates Ceasefire Between Israel and Hamas] DATE: [2025-01-17] ID [3058]

23:16:04 root         ERROR    3058: 1062 (23000): Duplicate entry 'testfilename  and Hamas' for key 'press_release.filename_uniq_idx'
23:16:04 root         INFO     Driver opened url https://www.floridadems.org/2025/01/09/icymi-jimmy-patronis-admits-to-republican-gerrymandering/: 0.5 second load started
23:16:05 root         DEBUG    Titles: ICYMI: Jimmy Patronis Admits to Republican Gerrymandering
23:16:05 root         DEBUG    Dates: 2025-01-09
23:16:05 root         DEBUG    Desc:   * News 
  * Our Party 
    * Elected Officials 
    * Local Parties 
    * Caucuses 
    * Vendor Interest Form 
  * Get Involved 
    * Join an Event 
    * Register to Vote 
    * Voting in Florida 
    * Share Your Story 
    * Stay Up to Date 
    * Voter Protection 
  * Run for Office 
  * Store 



Donate Now 

##  In the News 

#  ICYMI: Jimmy Patronis Admits to Republican Gerrymandering 

January 9, 2025 

####  Share 

  * Share On Facebook 
  * Share On Twitter 



Today, Florida’s outgoing Chief Financial Officer, Jimmy Patronis,  admitted to Republican gerrymandering  of congressional districts in Florida — an act explicitly forbidden by  Article III, Section 20 of the Florida Constitution  . Patronis is currently running to replace disgraced former Congressman Matt Gaetz in Florida’s 1st Congressional District, despite living outside the district. 

“Jimmy Patronis is a talentless carpetbagger who has always gotten by on his family’s money and reputation,” said  FDP Chair Nikki Fried.  “Now, he finally said the quiet part out loud — admitting that Republicans have spent decades illegally gerrymandering our congressional districts to squeeze out every seat they can. 

“Jimmy was willing to throw his entire party under the bus to cover for the fact that he’s running to represent an area where he’s never lived — Panama City hasn’t been part of CD 1 in nearly 30 years. Floridians should be outraged that Republicans have taken away their voices for political gain, and the people of CD 1 should see that Jimmy Patronis is a clueless outsider who has neither the skill nor the knowledge to represent them in Congress.” 

READ MORE:  Jimmy Patronis points to partisan gerrymandering as only reason he doesn’t live in CD 1 

  * Chief Financial Officer  Jimmy Patronis  said he doesn’t live in Florida’s 1st Congressional District because of partisan gerrymandering. 


  * “Let me give you a little civics lesson. Do you know why District 1 is where it is?” Patronis said at the Niceville debate. “It’s because a Republican Legislature is in charge right now, and this is what we’ve done since Daniel Webster was Speaker of the House as a Republican.  We try to create as many Republican congressional seats as possible, okay  ? So what happens is you get gerrymandered lines.” 


  * The Panama City Republican has faced criticism from opponents because he does not live in the Pensacola-centered district. 


  * …notably, the Republican Legislature in the early 2000s wasn’t bound by the  Fair District Amendment  , which was passed by Florida voters in 2010. That amendment prohibits the drawing of congressional lines to advantage or disadvantage any political party. 


  * “I’m glad Jimmy Patronis agrees that the current congressional map is gerrymandered,” said  Matt Isbell  , of MCI Maps. “However, CD 1 is the least gerrymandered district in the state. It simply cannot include Panama City because then the district would have too many people. Any effort to put Panama City into CD 1 would itself be a gerrymander. The fact is Panama City has not been in CD 1 for decades thanks to population growth in west Florida — not a fictionalized version of redistricting.” 



23:16:05 root         DEBUG    Agency_id 3058
23:16:05 root         DEBUG    Article Link: https://www.floridadems.org/2025/01/09/icymi-jimmy-patronis-admits-to-republican-gerrymandering/
23:16:05 root         INFO     LEDE: [testlede] month: [Jan.] day: [9]
23:16:05 root         INFO     
ADDING: FILENAME: [testfilename ymandering] TITLE: [ICYMI: Jimmy Patronis Admits to Republican Gerrymandering] DATE: [2025-01-09] ID [3058]

23:16:06 root         INFO     Scrape errors found during run:
23:16:06 root         INFO     []
23:16:06 root         INFO     End of file message
23:16:06 root         INFO     

Load Version 2.0.1 01/20/2025
       Docs Loaded: 1
       URLS processed: 1
       DUPS skipped: 2
       No Ledes found: 0

Passed Parameters:
       Pull House and Senate: False
       Number of days back: 30
       Start Time: 2025-01-27 23:15:57
       End Time: 2025-01-27 23:16:06
       Elapsed Time: 0:00:09
       Character Minimum Amount: 100

Errors:
Docs:
	Loaded:
		3058: ICYMI: Jimmy Patronis Admits to Republican Gerrymandering
	Duplicates:
		3058: State Executive Committee of the Florida Democratic Party Elects New Leadership Slate
		3058: Florida Democratic Party Celebrates Ceasefire Between Israel and Hamas
