14:45:34 root         INFO     Skipping 27599
14:45:34 root         INFO     Skipping 30449
14:45:34 root         INFO     Skipping 14315
14:45:34 root         INFO     Skipping 7566
14:45:34 root         INFO     Skipping 804
14:45:34 root         INFO     Skipping 12106
14:45:34 root         INFO     Skipping 8034
14:45:34 root         INFO     Skipping 7901
14:45:34 root         INFO     Skipping 20157
14:45:34 root         INFO     Skipping 6950
14:45:34 root         INFO     Skipping 15026
14:45:34 root         INFO     Skipping 19993
14:45:34 root         INFO     Skipping 21569
14:45:34 root         INFO     Skipping 23030
14:45:34 root         INFO     Skipping 206
14:45:34 root         INFO     Skipping 16046
14:45:34 root         INFO     Skipping 16140
14:45:34 root         INFO     Skipping 16037
14:45:34 root         INFO     Skipping 43
14:45:34 root         INFO     Skipping 225
14:45:34 root         INFO     Skipping 37711
14:45:34 root         INFO     Skipping 34699
14:45:34 root         INFO     Skipping 19021
14:45:34 root         INFO     Skipping 18495
14:45:34 root         INFO     Skipping 222
14:45:34 root         INFO     Skipping 5602
14:45:34 root         INFO     Skipping 16027
14:45:34 root         INFO     Skipping 21499
14:45:34 root         INFO     Skipping 2698
14:45:34 root         INFO     Skipping 27867
14:45:34 root         INFO     Skipping 24224
14:45:34 root         INFO     Skipping 21563
14:45:34 root         INFO     Skipping 24227
14:45:34 root         INFO     Skipping 17224
14:45:34 root         INFO     Skipping 219
14:45:34 root         INFO     Skipping 23814
14:45:34 root         INFO     Skipping 15376
14:45:34 root         INFO     Skipping 19286
14:45:34 root         INFO     Skipping 28048
14:45:34 root         INFO     Skipping 543
14:45:34 root         INFO     Skipping 24233
14:45:34 root         INFO     Skipping 18735
14:45:34 root         INFO     Skipping 1066
14:45:34 root         INFO     Skipping 37680
14:45:34 root         INFO     Skipping 691
14:45:34 root         INFO     Skipping 677
14:45:34 root         INFO     Skipping 20141
14:45:34 root         INFO     Skipping 36151
14:45:34 root         INFO     Skipping 20319
14:45:34 root         INFO     Skipping 12400
14:45:34 root         INFO     Skipping 127
14:45:34 root         INFO     Skipping 20792
14:45:34 root         INFO     Skipping 17104
14:45:34 root         INFO     Skipping 24344
14:45:34 root         INFO     Skipping 19546
14:45:34 root         INFO     Skipping 15565
14:45:34 root         INFO     Skipping 13359
14:45:34 root         INFO     Skipping 17922
14:45:34 root         INFO     Skipping 22481
14:45:34 root         INFO     Skipping 20138
14:45:34 root         INFO     Skipping 119
14:45:34 root         INFO     Skipping 24
14:45:34 root         INFO     Skipping 21188
14:45:34 root         INFO     Skipping 3016
14:45:34 root         INFO     Skipping 21525
14:45:34 root         INFO     Skipping 37694
14:45:34 root         INFO     Skipping 18710
14:45:34 root         INFO     Skipping 29332
14:45:34 root         INFO     Skipping 23100
14:45:34 root         INFO     Skipping 37725
14:45:34 root         INFO     Skipping 15633
14:45:34 root         INFO     Skipping 948
14:45:34 root         INFO     Skipping 30993
14:45:34 root         INFO     Skipping 22221
14:45:34 root         INFO     Skipping 22654
14:45:34 root         INFO     Skipping 35809
14:45:34 root         INFO     Skipping 35576
14:45:34 root         INFO     Skipping 37408
14:45:34 root         INFO     Skipping 7844
14:45:34 root         INFO     Skipping 169
14:45:34 root         INFO     Skipping 20
14:45:34 root         INFO     Skipping 8022
14:45:34 root         INFO     Skipping 8032
14:45:34 root         INFO     Skipping 20605
14:45:34 root         INFO     Skipping 7838
14:45:34 root         INFO     Skipping 21497
14:45:34 root         INFO     Skipping 35572
14:45:34 root         INFO     Skipping 30425
14:45:34 root         INFO     Skipping 35517
14:45:34 root         INFO     Skipping 35524
14:45:34 root         INFO     Skipping 21522
14:45:34 root         INFO     Skipping 1325
14:45:34 root         INFO     Skipping 1079
14:45:34 root         INFO     Skipping 6973
14:45:34 root         INFO     Skipping 37495
14:45:34 root         INFO     Skipping 30405
14:45:34 root         INFO     Skipping 18767
14:45:34 root         INFO     Skipping 21521
14:45:34 root         INFO     Skipping 921
14:45:34 root         INFO     Skipping 27602
14:45:34 root         INFO     Skipping 21335
14:45:34 root         INFO     Skipping 30444
14:45:34 root         INFO     Skipping 1363
14:45:34 root         INFO     Skipping 9488
14:45:34 root         INFO     Skipping 24230
14:45:34 root         INFO     Skipping 2696
14:45:34 root         INFO     Skipping 37705
14:45:34 root         INFO     Skipping 33752
14:45:34 root         INFO     Skipping 37731
14:45:34 root         INFO     Skipping 37740
14:45:34 root         INFO     Skipping 9427
14:45:34 root         INFO     Skipping 19880
14:45:34 root         INFO     Skipping 632
14:45:34 root         INFO     Skipping 135
14:45:34 root         INFO     Skipping 39007
14:45:34 root         INFO     Skipping 551
14:45:34 root         INFO     Skipping 37304
14:45:34 root         INFO     Skipping 20115
14:45:34 root         INFO     Skipping 13362
14:45:34 root         INFO     Skipping 7333
14:45:34 root         INFO     Skipping 21423
14:45:34 root         INFO     Skipping 17653
14:45:34 root         INFO     Skipping 21152
14:45:34 root         INFO     Skipping 16031
14:45:34 root         INFO     Skipping 27074
14:45:34 root         INFO     Skipping 255
14:45:34 root         INFO     Skipping 431
14:45:34 root         INFO     Skipping 19290
14:45:34 root         INFO     Skipping 33954
14:45:34 root         INFO     Skipping 22921
14:45:34 root         INFO     Skipping 26556
14:45:34 root         INFO     Skipping 167
14:45:34 root         INFO     Skipping 15884
14:45:34 root         INFO     Skipping 30382
14:45:34 root         INFO     Skipping 30450
14:45:34 root         INFO     Skipping 27626
14:45:34 root         INFO     Skipping 37748
14:45:34 root         INFO     Skipping 715
14:45:34 root         INFO     Skipping 18734
14:45:34 root         INFO     Skipping 9485
14:45:34 root         INFO     Skipping 24231
14:45:34 root         INFO     Skipping 6221
14:45:34 root         INFO     Skipping 15392
14:45:34 root         INFO     Skipping 14466
14:45:34 root         INFO     Skipping 15025
14:45:34 root         INFO     Skipping 19760
14:45:34 root         INFO     Skipping 37095
14:45:34 root         INFO     Skipping 122
14:45:34 root         INFO     Skipping 113
14:45:34 root         INFO     Skipping 13863
14:45:34 root         INFO     Skipping 7355
14:45:34 root         INFO     Skipping 8042
14:45:34 root         INFO     Skipping 23802
14:45:34 root         INFO     Skipping 282
14:45:34 root         INFO     Skipping 7316
14:45:34 root         INFO     Skipping 16040
14:45:34 root         INFO     Skipping 7922
14:45:34 root         INFO     Skipping 16041
14:45:34 root         INFO     Skipping 28101
14:45:34 root         INFO     Skipping 3410
14:45:34 root         INFO     Skipping 7121
14:45:34 root         INFO     Skipping 17116
14:45:34 root         INFO     Skipping 20034
14:45:34 root         INFO     Skipping 6918
14:45:34 root         INFO     Skipping 22037
14:45:34 root         INFO     Skipping 14373
14:45:34 root         INFO     Skipping 13794
14:45:34 root         INFO     Skipping 13964
14:45:34 root         INFO     Skipping 6930
14:45:34 root         INFO     Skipping 19978
14:45:34 root         INFO     Skipping 14069
14:45:34 root         INFO     Skipping 14111
14:45:34 root         INFO     Skipping 6931
14:45:34 root         INFO     Skipping 14021
14:45:34 root         INFO     Skipping 37180
14:45:34 root         INFO     Skipping 35130
14:45:34 root         INFO     Skipping 19684
14:45:34 root         INFO     Skipping 28292
14:45:34 root         INFO     Skipping 30335
14:45:34 root         INFO     Skipping 14867
14:45:34 root         INFO     Skipping 23669
14:45:34 root         INFO     Skipping 6793
14:45:34 root         INFO     Skipping 15440
14:45:34 root         INFO     Skipping 23588
14:45:34 root         INFO     Skipping 10156
14:45:34 root         INFO     Skipping 30046
14:45:34 root         INFO     Skipping 39476
14:45:34 root         INFO     Skipping 37727
14:45:34 root         INFO     Skipping 33096
14:45:34 root         INFO     Skipping 32423
14:45:34 root         INFO     Skipping 30658
14:45:34 root         INFO     Skipping 18394
14:45:34 root         INFO     Skipping 19870
14:45:34 root         INFO     Skipping 15962
14:45:34 root         INFO     Skipping 702
14:45:34 root         INFO     Skipping 39478
14:45:34 root         INFO     Skipping 30435
14:45:34 root         INFO     Skipping 9445
14:45:34 root         INFO     Skipping 24173
14:45:34 root         INFO     Skipping 35554
14:45:34 root         INFO     Skipping 18733
14:45:34 root         INFO     Skipping 3962
14:45:34 root         INFO     Skipping 26659
14:45:34 root         INFO     Skipping 32135
14:45:34 root         INFO     Skipping 27843
14:45:34 root         INFO     Skipping 17658
14:45:34 root         INFO     Skipping 27186
14:45:34 root         INFO     Skipping 6922
14:45:34 root         INFO     Skipping 7317
14:45:34 root         INFO     Skipping 37607
14:45:34 root         INFO     Skipping 19748
14:45:34 root         INFO     Skipping 14979
14:45:34 root         INFO     Skipping 28256
14:45:34 root         INFO     Skipping 15000
14:45:34 root         INFO     Skipping 15725
14:45:34 root         INFO     Skipping 21561
14:45:34 root         INFO     Skipping 23098
14:45:34 root         INFO     Skipping 24231
14:45:34 root         INFO     Skipping 30469
14:45:34 root         INFO     Skipping 37819
14:45:34 root         INFO     Skipping 27605
14:45:34 root         INFO     Skipping 24799
14:45:34 root         INFO     Skipping 35571
14:45:34 root         INFO     Skipping 18750
14:45:34 root         INFO     Skipping 21564
14:45:34 root         INFO     Skipping 695
14:45:34 root         INFO     Skipping 619
14:45:34 root         INFO     Skipping 21566
14:45:34 root         INFO     Skipping 18746
14:45:34 root         INFO     Skipping 30470
14:45:34 root         INFO     Skipping 37747
14:45:34 root         INFO     Skipping 35726
14:45:34 root         INFO     Skipping 35708
14:45:34 root         INFO     Skipping 35705
14:45:34 root         INFO     Skipping 35727
14:45:34 root         INFO     Skipping 37743
14:45:34 root         INFO     Skipping 24229
14:45:34 root         INFO     Skipping 37748
14:45:34 root         INFO     Skipping 19879
14:45:34 root         INFO     Skipping 717
14:45:34 root         INFO     Skipping 35728
14:45:34 root         INFO     Skipping 37820
14:45:34 root         INFO     Skipping 30473
14:45:34 root         INFO     Skipping 37744
14:45:34 root         INFO     Skipping 28313
14:45:34 root         INFO     Skipping 37749
14:45:34 root         INFO     Skipping 15948
14:45:34 root         INFO     Skipping 35707
14:45:34 root         INFO     Skipping 35706
14:45:34 root         INFO     Skipping 35704
14:45:34 root         INFO     Skipping 18740
14:45:34 root         INFO     Skipping 18736
14:45:34 root         INFO     Skipping 183
14:45:34 root         INFO     Skipping 7887
14:45:34 root         INFO     Skipping 15551
14:45:34 root         INFO     Skipping 35562
14:45:34 root         INFO     Skipping 9423
14:45:34 root         INFO     Skipping 1519
14:45:34 root         INFO     Skipping 35489
14:45:34 root         INFO     Skipping 20880
14:45:34 root         INFO     Skipping 37235
14:45:34 root         INFO     Skipping 15882
14:45:34 root         INFO     Skipping 1169
14:45:34 root         INFO     Skipping 9463
14:45:34 root         INFO     Skipping 37685
14:45:34 root         INFO     Skipping 809
14:45:34 root         INFO     Skipping 9421
14:45:34 root         INFO     Skipping 30397
14:45:34 root         INFO     Skipping 37735
14:45:34 root         INFO     Skipping 30394
14:45:34 root         INFO     Skipping 30448
14:45:34 root         INFO     Skipping 27614
14:45:34 root         INFO     Skipping 35527
14:45:34 root         INFO     Skipping 37416
14:45:34 root         INFO     Skipping 37709
14:45:34 root         INFO     Skipping 27649
14:45:34 root         INFO     Skipping 35546
14:45:34 root         INFO     Skipping 1098
14:45:34 root         INFO     Skipping 21488
14:45:34 root         INFO     Skipping 37674
14:45:34 root         INFO     Skipping 37706
14:45:34 root         INFO     Skipping 37713
14:45:34 root         INFO     Skipping 918
14:45:34 root         INFO     Skipping 24210
14:45:34 root         INFO     Skipping 37728
14:45:34 root         INFO     Skipping 35555
14:45:34 root         INFO     Skipping 35556
14:45:34 root         INFO     Skipping 892
14:45:34 root         INFO     Skipping 38045
14:45:34 root         INFO     Skipping 829
14:45:34 root         INFO     Skipping 30468
14:45:34 root         INFO     Skipping 24186
14:45:34 root         INFO     Skipping 24194
14:45:34 root         INFO     Skipping 37693
14:45:34 root         INFO     Skipping 30429
14:45:34 root         INFO     Skipping 1249
14:45:34 root         INFO     Skipping 30434
14:45:34 root         INFO     Skipping 24199
14:45:34 root         INFO     Skipping 37688
14:45:34 root         INFO     Skipping 23853
14:45:34 root         INFO     Skipping 30456
14:45:34 root         INFO     Skipping 1036
14:45:34 root         INFO     Skipping 30436
14:45:34 root         INFO     Skipping 37690
14:45:34 root         INFO     Skipping 36428
14:45:34 root         INFO     Skipping 37721
14:45:34 root         INFO     Skipping 27646
14:45:34 root         INFO     Skipping 24187
14:45:34 root         INFO     Skipping 35551
14:45:34 root         INFO     Skipping 925
14:45:34 root         INFO     Skipping 21570
14:45:34 root         INFO     Skipping 21536
14:45:34 root         INFO     Skipping 604
14:45:34 root         INFO     Skipping 21562
14:45:34 root         INFO     Skipping 21572
14:45:34 root         INFO     Skipping 17884
14:45:34 root         INFO     Skipping 235
14:45:34 root         INFO     Skipping 2909
14:45:34 root         INFO     Skipping 21487
14:45:34 root         INFO     Skipping 27644
14:45:34 root         INFO     Skipping 37722
14:45:34 root         INFO     Skipping 24175
14:45:34 root         INFO     Skipping 27637
14:45:34 root         INFO     Skipping 9424
14:45:34 root         INFO     Skipping 24181
14:45:34 root         INFO     Skipping 37676
14:45:34 root         INFO     Skipping 15912
14:45:34 root         INFO     Skipping 1004
14:45:34 root         INFO     Skipping 15922
14:45:34 root         INFO     Skipping 21523
14:45:34 root         INFO     Skipping 14489
14:45:34 root         INFO     Skipping 18756
14:45:34 root         INFO     Skipping 23549
14:45:34 root         INFO     Skipping 30414
14:45:34 root         INFO     Skipping 2505
14:45:34 root         INFO     Skipping 28735
14:45:34 root         INFO     Skipping 599
14:45:34 root         INFO     Skipping 24124
14:45:34 root         INFO     Skipping 24218
14:45:34 root         INFO     Skipping 19874
14:45:34 root         INFO     Skipping 2175
14:45:34 root         INFO     Skipping 21467
14:45:34 root         INFO     Skipping 30525
14:45:34 root         INFO     Skipping 24176
14:45:34 root         INFO     Skipping 15949
14:45:34 root         INFO     Skipping 27630
14:45:34 root         INFO     Skipping 27632
14:45:34 root         INFO     Skipping 606
14:45:34 root         INFO     Skipping 27629
14:45:34 root         INFO     Skipping 24228
14:45:34 root         INFO     Skipping 562
14:45:34 root         INFO     Skipping 21633
14:45:34 root         INFO     Skipping 24225
14:45:34 root         INFO     Skipping 18725
14:45:34 root         INFO     Skipping 21567
14:45:34 root         INFO     Skipping 27628
14:45:34 root         INFO     Skipping 12921
14:45:34 root         INFO     Skipping 47
14:45:34 root         INFO     Skipping 8101
14:45:34 root         INFO     Skipping 27936
14:45:34 root         INFO     Skipping 23089
14:45:34 root         INFO     Skipping 15911
14:45:34 root         INFO     Skipping 30472
14:45:34 root         INFO     Skipping 35703
14:45:34 root         INFO     Skipping 30475
14:45:34 root         INFO     Skipping 18739
14:45:34 root         INFO     Skipping 30378
14:45:34 root         INFO     Skipping 21
14:45:34 root         INFO     Skipping 32904
14:45:34 root         INFO     Skipping 24169
14:45:34 root         INFO     Skipping 27616
14:45:34 root         INFO     Skipping 546
14:45:34 root         INFO     Skipping 125
14:45:34 root         INFO     Skipping 432
14:45:34 root         INFO     Skipping 23572
14:45:34 root         INFO     Skipping 1
14:45:34 root         INFO     Skipping 10
14:45:34 root         INFO     Skipping 72
14:45:34 root         INFO     Skipping 106
14:45:34 root         INFO     Skipping 804
14:45:34 root         INFO     Skipping 697
14:45:34 root         INFO     Skipping 166
14:45:34 root         INFO     Skipping 37667
14:45:34 root         INFO     Skipping 24234
14:45:34 root         INFO     Skipping 34781
14:45:34 root         INFO     Skipping 44
14:45:34 root         INFO     Skipping 2434
14:45:34 root         INFO     Skipping 7307
14:45:34 root         INFO     Skipping 7280
14:45:34 root         INFO     Skipping 14197
14:45:34 root         INFO     Skipping 6929
14:45:34 root         INFO     Skipping 24223
14:45:34 root         INFO     Skipping 30412
14:45:34 root         INFO     Skipping 21230
14:45:34 root         INFO     Skipping 7124
14:45:34 root         INFO     Skipping 7516
14:45:34 root         INFO     Skipping 9231
14:45:34 root         INFO     Skipping 13222
14:45:34 root         INFO     Skipping 24928
14:45:34 root         INFO     Skipping 14466
14:45:34 root         INFO     Skipping 19685
14:45:34 root         INFO     Skipping 14008
14:45:34 root         INFO     Skipping 20480
14:45:34 root         INFO     Skipping 7126
14:45:34 root         INFO     Skipping 15792
14:45:34 root         INFO     Skipping 27571
14:45:34 root         INFO     Skipping 19109
14:45:34 root         INFO     Skipping 14066
14:45:34 root         INFO     Skipping 7103
14:45:34 root         INFO     Skipping 13479
14:45:34 root         INFO     Skipping 13475
14:45:34 root         INFO     Skipping 24237
14:45:34 root         INFO     Skipping 28365
14:45:34 root         INFO     Skipping 7118
14:45:34 root         INFO     Skipping 19909
14:45:34 root         INFO     Skipping 13664
14:45:34 root         INFO     Skipping 13467
14:45:34 root         INFO     Skipping 18743
14:45:34 root         INFO     Skipping 19881
14:45:34 root         INFO     Skipping 6970
14:45:34 root         INFO     Skipping 7286
14:45:34 root         INFO     Skipping 14047
14:45:34 root         INFO     Skipping 35569
14:45:34 root         INFO     Skipping 37741
14:45:34 root         INFO     Skipping 37697
14:45:34 root         INFO     Skipping 1453
14:45:34 root         INFO     Skipping 18818
14:45:34 root         INFO     Skipping 37745
14:45:34 root         INFO     Skipping 18836
14:45:34 root         INFO     Skipping 37441
14:45:34 root         INFO     Skipping 24207
14:45:34 root         INFO     Skipping 1483
14:45:34 root         INFO     Skipping 30395
14:45:34 root         INFO     Skipping 30432
14:45:34 root         INFO     Skipping 36969
14:45:34 root         INFO     Skipping 21533
14:45:34 root         INFO     Skipping 1352
14:45:34 root         INFO     Skipping 30390
14:45:34 root         INFO     Skipping 1149
14:45:34 root         INFO     Skipping 24202
14:45:34 root         INFO     Skipping 30389
14:45:34 root         INFO     Skipping 15891
14:45:34 root         INFO     Skipping 14488
14:45:34 root         INFO     Skipping 30528
14:45:34 root         INFO     Skipping 27597
14:45:34 root         INFO     Skipping 37737
14:45:34 root         INFO     Skipping 1557
14:45:34 root         INFO     Skipping 27609
14:45:34 root         INFO     Skipping 900
14:45:34 root         INFO     Skipping 21527
14:45:34 root         INFO     Skipping 1479
14:45:34 root         INFO     Skipping 30387
14:45:34 root         INFO     Skipping 980
14:45:34 root         INFO     Skipping 37703
14:45:34 root         INFO     Skipping 15304
14:45:34 root         INFO     Skipping 128
14:45:34 root         INFO     Skipping 14781
14:45:34 root         INFO     Skipping 15528
14:45:34 root         INFO     Skipping 25120
14:45:34 root         INFO     Skipping 33803
14:45:34 root         INFO     Skipping 20476
14:45:34 root         INFO     Skipping 27502
14:45:34 root         INFO     Skipping 13456
14:45:34 root         INFO     Skipping 27390
14:45:34 root         INFO     Skipping 15813
14:45:34 root         INFO     Skipping 7320
14:45:34 root         INFO     Skipping 20668
14:45:34 root         INFO     Skipping 38937
14:45:34 root         INFO     Skipping 37417
14:45:34 root         INFO     Skipping 13038
14:45:34 root         INFO     Skipping 6932
14:45:34 root         INFO     Skipping 14978
14:45:34 root         INFO     Skipping 17045
14:45:34 root         INFO     Skipping 22385
14:45:34 root         INFO     Skipping 7853
14:45:34 root         INFO     Skipping 14026
14:45:34 root         INFO     Skipping 14923
14:45:34 root         INFO     Skipping 7288
14:45:34 root         INFO     Skipping 7538
14:45:34 root         INFO     Skipping 13451
14:45:34 root         INFO     Skipping 25009
14:45:34 root         INFO     Skipping 9452
14:45:34 root         INFO     Skipping 20118
14:45:34 root         INFO     Skipping 20475
14:45:34 root         INFO     Skipping 14602
14:45:34 root         INFO     Skipping 7291
14:45:34 root         INFO     Skipping 13457
14:45:34 root         INFO     Skipping 7345
14:45:34 root         INFO     Skipping 35752
14:45:34 root         INFO     Skipping 31489
14:45:34 root         INFO     Skipping 15674
14:45:34 root         INFO     Skipping 31189
14:45:34 root         INFO     Skipping 21
14:45:34 root         INFO     Skipping 247
14:45:34 root         INFO     Skipping 20084
14:45:34 root         INFO     Skipping 16020
14:45:34 root         INFO     Skipping 2009
14:45:34 root         INFO     Skipping 1773
14:45:34 root         INFO     Skipping 7337
14:45:34 root         INFO     Skipping 14910
14:45:34 root         INFO     Skipping 7339
14:45:34 root         INFO     Skipping 24976
14:45:34 root         INFO     Skipping 30360
14:45:34 root         INFO     Skipping 24315
14:45:34 root         INFO     Skipping 30361
14:45:34 root         INFO     Skipping 30358
14:45:34 root         INFO     Skipping 37191
14:45:34 root         INFO     Skipping 3129
14:45:34 root         INFO     Skipping 3052
14:45:34 root         INFO     Skipping 37932
14:45:34 root         INFO     Skipping 3125
14:45:34 root         INFO     Skipping 3109
14:45:34 root         INFO     Skipping 20056
14:45:34 root         INFO     Skipping 37778
14:45:34 root         INFO     Skipping 35587
14:45:34 root         INFO     Skipping 28452
14:45:34 root         INFO     Skipping 3320
14:45:34 root         INFO     Skipping 30367
14:45:34 root         INFO     Skipping 3048
14:45:34 root         INFO     Skipping 27750
14:45:34 root         INFO     Skipping 3072
14:45:34 root         INFO     Skipping 38049
14:45:34 root         INFO     Skipping 30366
14:45:34 root         INFO     Skipping 30368
14:45:34 root         INFO     Skipping 27956
14:45:34 root         INFO     Skipping 15709
14:45:34 root         INFO     Skipping 38047
14:45:34 root         INFO     Skipping 3137
14:45:34 root         INFO     Skipping 3085
14:45:34 root         INFO     Skipping 2042
14:45:34 root         INFO     Skipping 30374
14:45:34 root         INFO     Skipping 3064
14:45:34 root         INFO     Skipping 3286
14:45:34 root         INFO     Skipping 30362
14:45:34 root         INFO     Skipping 3309
14:45:34 root         INFO     Skipping 37826
14:45:34 root         INFO     Skipping 4972
14:45:34 root         INFO     Skipping 15790
14:45:34 root         INFO     Skipping 18747
14:45:34 root         INFO     Skipping 22401
14:45:34 root         INFO     Skipping 18711
14:45:34 root         INFO     Skipping 3123
14:45:34 root         INFO     Skipping 3296
14:45:34 root         INFO     Skipping 164
14:45:34 root         INFO     Skipping 30617
14:45:34 root         INFO     Skipping 19614
14:45:34 root         INFO     Skipping 23295
14:45:34 root         INFO     Skipping 35818
14:45:34 root         INFO     Skipping 7531
14:45:35 root         INFO     Driver opened url https://www.mercycorps.org/press-room/releases: 0.5 second load started
14:45:37 root         INFO     Driver opened url https://www.mercycorps.org/press-room/releases/gaza-ceasefire-must-propel-humanitarian-action: 0.5 second load started
14:45:37 root         DEBUG    Titles: Ceasefire in Gaza Must Propel Urgent Humanitarian Action
14:45:37 root         DEBUG    Dates: 2025-01-15
14:45:37 root         DEBUG    Desc: Statement by Mercy Corps Chief Executive Officer, Tjada D'Oyen McKenna 

“This agreement offers a long-awaited glimmer of hope to millions of Palestinians who have endured over 15 months of devastating conflict, but the appalling suffering will persist unless there is an urgent and sustained scale-up of vital aid and the unblocking of critical services, including water and fuel, to Gaza. 

“People in Gaza surviving by a thread cannot endure further delays to lifesaving aid or a return to violence. The only acceptable path forward is a permanent end to the conflict that enables them to rebuild their lives and communities. Anything less will condemn them to an endless cycle of destruction, deepen the humanitarian catastrophe, and extinguish any hope for a future of peace, dignity, and recovery. 

“As Gazans experience a second wartime winter, 1.9 million displaced people are suffering through freezing nights in makeshift shelters, battling hunger, floods, fuel shortages, and a critical health crisis. At least eight people—most of them newborns—have already died from hypothermia. Meanwhile, skyrocketing prices for basic goods like flour, driven by scarce supplies and overwhelming demand, have made local markets dangerously unstable. In North Gaza, thousands of people have been almost entirely cut off from lifesaving aid and services for over three months, with no functional hospitals. The humanitarian community must be granted safe, unimpeded access to deliver aid at scale—food, water, medicine, and fuel—and to repair essential infrastructure. 

“We hope this will also bring much-needed news about the hostages to their families in Israel, offering them clarity and hope during this difficult time, while ensuring that those who are in need of urgent medical care, psychological support, or other forms of assistance receive immediate and adequate relief. 

“We urge Israel to immediately lift restrictions on the entry of aid and increase the flow of aid to meet urgent needs. Inspection processes must be expedited to prevent unnecessary delays. Commercial truck access must resume immediately to ensure households can meet their basic needs, reduce aid dependency, and stabilize the local economy. A dramatic and sustained increase in the entry of aid and commercial goods is critical to equip bakeries, hospitals, health facilities, water systems, and humanitarian operations to function at scale. 

“The agreement represents a major step forward but will only bring desperately needed relief to people in Gaza if there is a sustained ceasefire coupled with a dramatic increase in aid and commercial goods entering the Strip.” 

Since October 2023, Mercy Corps has provided support to over 200,000 people in Gaza, including emergency cash, food and hygiene kits, and psychosocial support for young people and their caregivers through wellbeing sessions, mentoring workshops, and youth sports activities. Despite the challenges, we remain committed to persevering in our efforts to provide life-saving assistance now and to help rebuild lives and communities when a ceasefire is reached. 

Notes: 

  * Six percent of Gaza’s population—equivalent to 160,000-- has been killed, is missing, or has left the territory since the war began. The majority – an estimated 100,000 people – have left Gaza for Egypt, when such travel was possible before Israel’s closure of the Rafah crossing in May 2024. More than 45,000 residents have been killed during the war, and about 11,000 are missing. Many of these are believed to be trapped under rubble and are assumed to be dead. (Palestinian Central Bureau of Statistics, Dec 31) 
  * Eight people, most of them newborns, died from hypothermia as the second wartime winter deepens in Gaza. The population is acutely vulnerable given the dearth of decent shelter, blankets, winter clothing, heaters, and food. 
  * The average daily number of aid trucks allowed to enter Gaza in December fell to 76, or just 15% of the amount allowed to cross into Gaza prior to October 2023. For the entire month, only 160 trucks carrying shelter items were authorized to enter the enclave. 



For more information, please contact: 

  * Milena Murr, Middle East Media & Communications Manager (based in Beirut), at  mmurr@mercycorps.org 
  * Natalie Fath, Director of Communications (based on the East Coast, U.S.), at  nfath@mercycorps.org 
  * Our full media team is reachable at  allmediarelations@mercycorps.org 



14:45:37 root         DEBUG    Agency_id 19559
14:45:37 root         DEBUG    Article Link: https://www.mercycorps.org/press-room/releases/gaza-ceasefire-must-propel-humanitarian-action
14:45:37 root         INFO     LEDE: [testlede] month: [Jan.] day: [15]
14:45:37 root         INFO     
ADDING: FILENAME: [testfilename ian Action] TITLE: [Ceasefire in Gaza Must Propel Urgent Humanitarian Action] DATE: [2025-01-15] ID [19559]

14:45:38 root         INFO     Driver opened url https://www.mercycorps.org/press-room/releases/all-party-parliamentary-group-conflict-prevention: 0.5 second load started
14:45:38 root         DEBUG    Titles: Mercy Corps Announced as Co-Secretariat of a new UK All Party Parliamentary Group on Conflict Prevention, Conflict Resolution and Peacebuilding
14:45:38 root         DEBUG    Dates: 2025-01-14
14:45:38 root         DEBUG    Desc: On 7 January 2025, UK parliamentarians held the inaugural meeting of the All Party Parliamentary Group (APPG) on Conflict Prevention, Conflict Resolution and Peacebuilding. The APPG brings together over 40 parliamentarians from across the political spectrum to discuss and promote conflict prevention, conflict resolution and peacebuilding, while building cross-party consensus on making conflict prevention a key priority in foreign policy, international development, and national security. 

Following a vote by the membership, Alex Ballinger MP (Labour) was elected as the APPG’s new Chair, and Rt. Hon. Lord McConnell of Glenscorrodale (Labour), The Baroness Hodgson of Abinger CBE (Conservative), and Laura Kyrke-Smith MP (Labour) were elected as its officers. Mercy Corps and Search for Common Ground, both NGOs working to end violent conflict, were elected as the APPG’s co-secretariat. 

Upon his election, Chair Alex Ballinger MP said, 

“  The establishment of this new All-Party Parliamentary Group on preventing and resolving conflict comes at a critical time. The number of conflicts globally is at its highest since the Second World War. I am thrilled by the strong cross-party interest in this APPG and look forward to fostering collaboration to assess the UK’s actions on conflict and shine a light on effective peacebuilding strategies. 

This APPG will play a crucial role in building cross-party consensus on impactful peacebuilding approaches and holding the Government to account. This work is particularly significant now, as critical decisions are being made within the FCDO amidst the UK Development Review and the Comprehensive Spending Review commissioned by the Chancellor.” 

Co-Chair Lord McConnell added: 

“Over the past 16 years, as conflict has surged globally, the UK’s political and financial leadership in this area has declined. Funding for conflict prevention, resolution, and peacebuilding has been drastically cut. These reductions are not only short-sighted—peacebuilding programmes are cost-effective—but they are also fueling unmanageable humanitarian crises and exacerbating global security challenges. 

This APPG is timely and essential, bringing together parliamentarians to advocate for renewed UK leadership in addressing the root causes of conflict and promoting sustainable peace.” 

For further information please contact Miranda Hurst, UK Director of Policy and Advocacy at  appgconflict@mercycorps.org 

14:45:38 root         DEBUG    Agency_id 19559
14:45:38 root         DEBUG    Article Link: https://www.mercycorps.org/press-room/releases/all-party-parliamentary-group-conflict-prevention
14:45:38 root         INFO     LEDE: [testlede] month: [Jan.] day: [14]
14:45:38 root         INFO     
ADDING: FILENAME: [testfilename cebuilding] TITLE: [Mercy Corps Announced as Co-Secretariat of a new UK All Party Parliamentary Group on Conflict Prevention, Conflict Resolution and Peacebuilding] DATE: [2025-01-14] ID [19559]

14:45:39 root         INFO     Driver opened url https://www.mercycorps.org/press-room/releases/Ukraine-farmers-energy_report: 0.5 second load started
14:45:39 root         DEBUG    Titles: Ukraine's Energy Crisis Threatens Farmers: New Report
14:45:39 root         DEBUG    Dates: 2025-01-09
14:45:39 root         DEBUG    Desc: Small- and medium-sized farmers in Ukraine are struggling to mitigate the impact of power cuts, experiencing losses in production volumes, or reverting to outdated technologies leaning on manual labor instead of automated processes in the absence of reliable electricity, according to a new report by Mercy Corps. 

The  report  finds that as a result of deliberate attacks on Ukraine’s energy infrastructure, Ukrainian farmers' operational costs have substantially increased, driving up consumer prices for agricultural products and creating huge challenges for the already struggling sector, which is a major driver of the Ukrainian economy.  Reliable electricity is crucial to the processing of dairy products like milk and cheese, or drying harvested grain. Farmers report that if these processes are interrupted, the whole batch is wasted. 

Mercy Corps Country Director for Ukraine Vicki Aken says: 

“Amid regular power outages, farmers in Ukraine need to solve unimaginable difficulties daily just to be able to break even, continue with their work and provide for their families They become electricians themselves, study alternative ways of energy supply or production techniques. 

“Energy loss is just one more vicious side effect of the war, leading  to  significant losses in harvest without proper irrigation systems, and wasting thousands of dollars' worth of half-ready products because they don’t have electricity. 

“Attacks on energy are attacks not only on livelihoods, but on food security as well.  To support the Ukrainian agriculture sector with access to energy is critical to supporting  Ukraine’s energy independence, economic security, and food security.” 

The report is based on interviews with representatives of the Ministry of Agriculture, farmer associations and civil society organizations, as well as small and medium farmers active in apiculture, poultry farming, dairy farming and production, and grain farming from Dnipro, Zaporizhzhia, Donetsk, Kharkiv, Kyiv, Lviv, and Odesa regions. 

The full report is available  here  . 

About Mercy Corps in Ukraine: 

Since the escalation of the war in Ukraine, Mercy Corps has supported more than 750,000 conflict-affected people in Ukraine and neighboring countries. We have provided cash assistance; grants for micro, small, and medium businesses, as well as small to medium farming enterprises; and household, food, and hygiene kits for winter and in emergency situations. 

For more information, please contact: 

  * Agnes Seker, Media Manager Europe (Brussels) at  aseker@mercycorps.org 

  * Roberta Alves, Deputy Director of Communications (Washington) at  ralves@mercycorps.org 

  * Alexandra Bingham, Senior Media and Communications Officer (London) at  abingham@mercycorps.org 




14:45:39 root         DEBUG    Agency_id 19559
14:45:39 root         DEBUG    Article Link: https://www.mercycorps.org/press-room/releases/Ukraine-farmers-energy_report
14:45:39 root         INFO     LEDE: [testlede] month: [Jan.] day: [9]
14:45:39 root         INFO     
ADDING: FILENAME: [testfilename New Report] TITLE: [Ukraine's Energy Crisis Threatens Farmers: New Report] DATE: [2025-01-09] ID [19559]

14:45:40 root         INFO     Driver opened url https://www.mercycorps.org/press-room/releases/joint-statement-yemen-civilian-infrastructure: 0.5 second load started
14:45:40 root         DEBUG    Titles: Millions of Yemenis will bear the brunt of attacks on Yemen's critical civilian infrastructure
14:45:40 root         DEBUG    Dates: 2024-12-31
14:45:40 root         DEBUG    Desc: 59 organizations operating in Yemen voice concern of consequences of escalations on civilians in Yemen 

International and national organizations delivering humanitarian aid in Yemen are deeply concerned about the airstrikes on critical civilian infrastructure, including Sana’a International Airport, power stations in Sana’a and Hodeidah Governorates, and seaports in and near Hodeidah on Thursday 26 December. These attacks on vital infrastructure serve as a stark reminder of the importance of respecting international humanitarian law, particularly the need to protect critical civilian air and maritime gateways that are indispensable to the survival of millions of Yemenis. 

Sana’a airport remains a crucial lifeline for Yemenis seeking to travel - including for lifesaving overseas medical treatment - only made possible when limited flights resumed in May 2022 following almost six years of blockade. The airport is also a much-needed delivery point for humanitarian aid in a country where around half of the population (anticipated to rise from 18 million to 19.5 million people in 2025) are in need of assistance - 77 percent of whom are women and children. Thursday’s airstrikes on Sana’a Airport departures terminal, runway and control tower came at a time when scores of civilian passengers, humanitarian workers, and a high-level UN delegation were present, resulting in civilian casualties. 

Damaging electricity infrastructure is of particular concern in a country suffering from one of the world’s lowest levels of electricity connectivity, with millions of Yemenis relying on costly private electricity supply. Targeting power stations in and around Sana’a and Hodeidah, will place a heavier burden on Yemeni households, water infrastructure, livelihoods sources and the already fragile health system including hospitals. With ensuing power cuts in Hodeidah, the main kidney dialysis center was incapacitated for hours, demonstrating the immediate consequences on human lives. 

Seaports in Hodeidah Governorate are essential import terminals for lifesaving and life-sustaining humanitarian aid, basic food items such as wheat and rice on which millions of Yemeni civilians rely on for survival, as well as fuel. Yemen depends overwhelmingly on imports through vital ports, including in Hodeidah, with nearly 90 percent of people in Yemen relying on food imports. After devastating flooding this summer severely impacted crop production, Yemenis are even more reliant on food imports and emergency aid to combat crisis levels of food insecurity (IPC Phase 3 or above). 

We call on all actors to adhere to international humanitarian law, to ensure the protection of civilian infrastructure that provide critical essential services indispensable for the survival of millions of civilians in Yemen. The consequences of attacks on civilian facilities will be severe and long-lasting for Yemeni civilians, already suffering exhaustion from a decade-long conflict. 

We call on all parties to prioritize dialogue and negotiation, refraining from attacks that endanger civilian lives, destroy crucial civilian infrastructure, and deepen regional instability. We further urge every actor to de-escalate, recognizing that it is civilians in Yemen who pay the ultimate costs. 

International NGOs 

ACTED 

ADRA 

CARE 

Concern Worldwide 

Danish Refugee Council (DRC)   
International Rescue Committee (IRC) 

INTERSOS 

Marie Stopes International Yemen (MSIY) 

Médecins du Monde (MdM) 

Mercy Corps 

Norwegian Refugee Council (NRC) 

Oxfam 

Première Urgence - Aide Médicale Internationale (PU-AMI) 

Relief International (RI) 

Save the Children 

National NGOs 

Abs Development Organization for Woman and Child (ADO) 

Abyan Youth Foundation (AYF) 

Al-Khaderah Foundation For Development 

All Girls Foundation for Development 

Association of Mothers of Abductees 

Basmat Hayat Foundation for Humanitarian Works 

Best Future Foundation 

Bridges for Peace and Coexistence 

Child Protection and Care Organization (CPCO) 

Coordination Body for Yemeni Non-Governmental Organizations for Child Rights Care 

Deem Organization for Development 

Democratic School 

Ehtwaa Organization for Development 

Engath Foundation for Development (EFD) 

Experts for Development Organization 

For Human Development Foundation 

Future Pioneers Foundation 

Generations Without Qat (GWQ) 

Humanitarian Disaster Reduction Organization 

I am for My Country Foundation 

Imdad Social Foundation for Development 

Imprint of Life Foundation for Humanitarian Works 

Khadija Foundation for Development 

Life Makers Meeting Place Organization (LMMPO) 

Make Hope Development and Relief 

Masaat Hawa Foundation for Development 

Mercy Medical Foundation 

Mona Foundation 

Ola Al-Majd Foundation for Development (OMD-Y) 

Peace School Organization 

Rawahal Foundation for Development 

Relief Without Borders Organization for Development 

Sada Foundation for Building and Development 

Sama Yemen Development Foundation 

Social Coexistence Foundation 

Social Development Hodeidah Girls Foundation (SDHGF) 

Social Service Foundation for Developing and Training 

Solidarity Foundation for Development 

SOUL for Development 

Steps Foundation for Civil Development 

Sustainable Development Foundation (SDF) 

Tamdeen Youth Foundation (TYF) 

Wissam Al-Hayat Foundation for Training and Human Development 

Yemen General Union of Sociologists, Social Workers and Psychologists   


For more information, please contact: 

  * Milena Murr, Middle East Media & Communications Manager at  mmurr@mercycorps.org 
  * Natalie Fath, Director of Communications at  nfath@mercycorps.org 
  * Our full media team is reachable at  allmediarelations@mercycorps.org 



14:45:40 root         DEBUG    Agency_id 19559
14:45:40 root         DEBUG    Article Link: https://www.mercycorps.org/press-room/releases/joint-statement-yemen-civilian-infrastructure
14:45:40 root         INFO     LEDE: [testlede] month: [Dec.] day: [31]
14:45:40 root         INFO     
ADDING: FILENAME: [testfilename astructure] TITLE: [Millions of Yemenis will bear the brunt of attacks on Yemen's critical civilian infrastructure] DATE: [2024-12-31] ID [19559]

14:45:41 root         INFO     Driver opened url https://www.mercycorps.org/press-room/releases/20-years-indian-ocean-tsunami: 0.5 second load started
14:45:41 root         DEBUG    Titles: 20 Years After the Indian Ocean Tsunami, Communities Lead the Way in Disaster Preparedness
14:45:41 root         DEBUG    Dates: 2024-12-26
14:45:41 root         DEBUG    Desc: The Indian Ocean tsunami on December 26, 2004, devastated entire regions across Southeast Asia, claiming over 230,000 lives and displacing millions. In the 20 years since, communities across the region have made significant progress in how they prepare for and respond to natural disasters, now increasing in frequency and worsening with accelerating climate change. In Indonesia, where the tsunami hit hardest, Mercy Corps and partners have spent the last two decades working with governments and local communities to establish early warning systems, tsunami evacuation routes, and disaster-resistant shelters. 

Ade Soekadis, Executive Director of Mercy Corps Indonesia, says: 

“The 2004 tsunami was a turning point in global disaster response, leading to groundbreaking efforts in disaster risk reduction and emergency preparedness. Today, communities in disaster-prone Indonesia are undeniably safer and better able to withstand crises than they were two decades ago, thanks to locally led efforts like community-based disaster response teams and regular evacuation drills. If a similar tsunami struck Aceh today, I can confidently say communities would fare far better.” 

"While there has been important progress to help communities prepare for and withstand disasters, this work is more important than ever as natural disasters grow more frequent and intense, and new patterns of weather and extreme weather events pose increasing threats to communities. The hard truth is that no level of preparedness can eliminate the risks communities face entirely. Early warning systems, evacuation plans, and resilient infrastructure give us a critical edge, but they must be continuously updated and adapted to meet the realities of a changing planet.” 

“The next disaster will come – it's our duty now to ensure communities don’t suffer the same level of catastrophe again and build the foundations for future prosperity.” 

Notes to Editors: 

  * Mercy Corps Program Manager Dewi Hanifah, who joined Mercy Corps response in 2005, is available for interviews. 



For more information, please contact: 

  * Alexandra Bingham, Senior Media and Communications Officer (based in London),  abingham@mercycorps.org 

  * Our full media team is reachable at  allmediarelations@mercycorps.org 




14:45:41 root         DEBUG    Agency_id 19559
14:45:41 root         DEBUG    Article Link: https://www.mercycorps.org/press-room/releases/20-years-indian-ocean-tsunami
14:45:41 root         INFO     LEDE: [testlede] month: [Dec.] day: [26]
14:45:41 root         INFO     
ADDING: FILENAME: [testfilename eparedness] TITLE: [20 Years After the Indian Ocean Tsunami, Communities Lead the Way in Disaster Preparedness] DATE: [2024-12-26] ID [19559]

14:45:42 root         INFO     Driver opened url https://www.mercycorps.org/press-room/releases/joint-statement-famine-in-sudan: 0.5 second load started
14:45:42 root         DEBUG    Titles: Joint Statement on Famine in Sudan: INGOs Call Out Deadly Delays and Inadequate Response
14:45:42 root         DEBUG    Dates: 2024-12-24
14:45:42 root         DEBUG    Desc: 24 December 2024, Port Sudan -  Today’s  Integrated Food Security Phase Classification (IPC) Acute Food Insecurity Report  confirmed that Sudan’s catastrophic hunger crisis is deepening as a consequence of 20 months of unrelenting conflict and grave violations of international humanitarian law. We are sounding the alarm once again as millions of lives hang in the balance. 

The report shows that famine has spread to additional areas since it was first confirmed in Zamzam displacement camp in August 2024, including Abu Shouk and Al Salam camps in North Darfur and the Western Nuba Mountains in South Kordofan. Further, famine is projected in five additional areas in North Darfur between December 2024 and May 2025, and a risk of famine exists in 17 additional areas. The expansion highlights the international community’s failure to respond with the urgency and scale this crisis demands. 

Despite ongoing harvests, which before the conflict would typically offer some respite to families, the IPC report predicts that between December 2024 and May 2025, 24.6 million people will face severe levels of hunger (IPC Phase 3 and above), of which 638,000 people will fall under IPC Phase 5. The majority of people facing the worst levels of hunger live in conflict-ridden areas of Darfur, Kordofan, Al Jazeera, and Khartoum, potentially experiencing levels of food insecurity similar to those classified as Famine (IPC Phase 5) in some areas. These numbers only tell part of the story, as access and data gaps hide the true extent of hunger and starvation. 

In the communities where we work, we witness the horrifying impact of extreme hunger on communities every day. People are fleeing across borders in search of food, children die at alarming rates, and women and girls bear the disproportionate burden of having to find ways to feed their families. In the areas most affected by hunger, survival means boiling tree leaves, making snacks from soil or animal feeds, begging in local markets, or engaging in survival sex. 

In Kadugli, one aid worker recounts: “I visited a health facility that cared for over 50 children, all malnourished. Their bodies were little more than skin and bones. In the short time I was there, one of them died. He was not even two years old. The child’s body was wrapped in a cloth and placed on the back of a truck, with his mother by his side. The situation is almost normalized - but this is all but normal.” 

Despite insecurity and access restrictions, humanitarian organizations continue to respond, including through multipurpose cash and voucher assistance which has reached about half a million people across all hunger hotspots in 2024, including North Darfur and South Kordofan. Local responders such as Emergency Response Rooms have also continued providing life-saving aid and services to their communities, often at great personal risk. But this response is far from sufficient, thwarted by lack of funds and ineffective strategies. 

In 2024, the Humanitarian Response Plan for Sudan received the bulk of its allocations in the second half of the year, far too late to prevent the crisis from spiraling into famine despite repeated warnings since late 2023. The UN-led Famine Prevention Plan, adopted in April 2024, has made little progress, particularly on the establishment of humanitarian hubs in hunger hotspots. 

The response has failed to prioritize the most efficient aid modalities, such as cash and voucher assistance and direct support to local responders. In many areas, food is available in markets but unaffordable to populations who have lost everything to conflict, often making cash the top priority need of communities. Community kitchens repeatedly run out of funds and are forced to stop their operations, including in El Fasher where famine is ongoing. The lack of timely and adequate interventions has allowed the crisis to escalate, putting millions of lives at risk. 

We cannot afford to repeat these mistakes. According to the Global Humanitarian Overview, 30 million people will need humanitarian assistance in Sudan in 2025 - five million more than in 2024 and the largest figure in recorded history. The international community faces a moment of moral urgency to respond to Sudan’s crisis with the speed and resolve required to prevent further deterioration and must be held accountable for doing so. We specifically call on: 

Donors: 

  * Hold a pledging conference for Sudan and its neighboring countries as soon as possible to mobilize additional, front-loaded funds for the 2025 Sudan Humanitarian Response Plan and Regional Refugee Response Plan. Every day of delay will cost lives. 
  * Increase access to flexible and predictable funding for local responders and mutual aid initiatives such as Emergency Response Rooms, including by removing burdensome compliance processes. 



In-Country Humanitarian Leadership: 

  * Urgently scale-up presence, capacity and response coordination - including through the deployment of senior staff - in all areas facing the most severe levels of food insecurity (IPC 4 and 5). Where the UN is not able to do so immediately, I/NGO-led coordination models should be supported in the interim. 
  * Prioritize and scale-up cash and voucher assistance (CVA) wherever markets are functioning - even if at reduced level - to enable populations to buy food and other essentials while supporting local markets to stay afloat amidst the crisis, and complement CVA with in-kind aid including food, health and protection services as needed. 



Diplomats: 

  * Intensify high-level diplomacy to ensure respect for International Humanitarian Law by all conflict parties, including addressing barriers to humanitarian access, especially through the removal of bureaucratic and administrative impediments (including visas and travel permits); ensuring the protection of civilians and the infrastructure and objects they rely on to survive, produce and distribute food; ending the use of hunger as a weapon of war. This should include a UN Security Council visit to Sudan and Chad in early 2025. 
  * Decouple the political process from the humanitarian response. While it is paramount to continue diplomatic efforts to bring an end to hostilities, the respect of international humanitarian law, including the obligations to facilitate humanitarian access and protect civilians, cannot be contingent on a ceasefire in Sudan. 



The Sudan INGO Forum is the coordination and representation body for the international nongovernmental organization (INGO) community in Sudan. The Forum is currently comprised of 72 members and observer members providing humanitarian and development assistance and peacebuilding interventions across all 18 states of Sudan. 

For media enquiries: 

Mercy Corps:  allmediarelations@mercycorps.org    
INGO Forum: In English – Fashion Mawere: darfur@sudaningoforum.org    
INGO Forum: In English and Arabic – Iyad Agha Tabbakha: admin@sudaningoforum.org 

14:45:42 root         DEBUG    Agency_id 19559
14:45:42 root         DEBUG    Article Link: https://www.mercycorps.org/press-room/releases/joint-statement-famine-in-sudan
14:45:42 root         INFO     LEDE: [testlede] month: [Dec.] day: [24]
14:45:42 root         INFO     
ADDING: FILENAME: [testfilename e Response] TITLE: [Joint Statement on Famine in Sudan: INGOs Call Out Deadly Delays and Inadequate Response] DATE: [2024-12-24] ID [19559]

14:45:43 root         INFO     Scrape errors found during run:
14:45:43 root         INFO     []
14:45:43 root         INFO     End of file message
14:45:43 root         INFO     

Load Version 2.0.1 01/17/2025
       Docs Loaded: 6
       URLS processed: 1
       DUPS skipped: 0
       No Ledes found: 0

Passed Parameters:
       Pull House and Senate: False
       Number of days back: 60
       Start Time: 2025-01-19 14:45:30
       End Time: 2025-01-19 14:45:43
       Elapsed Time: 0:00:13
       Character Minimum Amount: 100

Errors:
Docs:
	Loaded:
		19559: Ceasefire in Gaza Must Propel Urgent Humanitarian Action
		19559: Mercy Corps Announced as Co-Secretariat of a new UK All Party Parliamentary Group on Conflict Prevention, Conflict Resolution and Peacebuilding
		19559: Ukraine's Energy Crisis Threatens Farmers: New Report
		19559: Millions of Yemenis will bear the brunt of attacks on Yemen's critical civilian infrastructure
		19559: 20 Years After the Indian Ocean Tsunami, Communities Lead the Way in Disaster Preparedness
		19559: Joint Statement on Famine in Sudan: INGOs Call Out Deadly Delays and Inadequate Response
