14:53:52 root         INFO     Skipping 27599
14:53:52 root         INFO     Skipping 30449
14:53:52 root         INFO     Skipping 14315
14:53:52 root         INFO     Skipping 7566
14:53:52 root         INFO     Skipping 804
14:53:52 root         INFO     Skipping 12106
14:53:52 root         INFO     Skipping 8034
14:53:52 root         INFO     Skipping 7901
14:53:52 root         INFO     Skipping 20157
14:53:52 root         INFO     Skipping 6950
14:53:52 root         INFO     Skipping 15026
14:53:52 root         INFO     Skipping 19993
14:53:52 root         INFO     Skipping 21569
14:53:52 root         INFO     Skipping 23030
14:53:52 root         INFO     Skipping 206
14:53:52 root         INFO     Skipping 16046
14:53:52 root         INFO     Skipping 16140
14:53:52 root         INFO     Skipping 16037
14:53:52 root         INFO     Skipping 43
14:53:52 root         INFO     Skipping 225
14:53:52 root         INFO     Skipping 37711
14:53:52 root         INFO     Skipping 34699
14:53:52 root         INFO     Skipping 19021
14:53:52 root         INFO     Skipping 18495
14:53:52 root         INFO     Skipping 222
14:53:52 root         INFO     Skipping 5602
14:53:52 root         INFO     Skipping 16027
14:53:52 root         INFO     Skipping 21499
14:53:52 root         INFO     Skipping 2698
14:53:52 root         INFO     Skipping 27867
14:53:52 root         INFO     Skipping 24224
14:53:52 root         INFO     Skipping 21563
14:53:52 root         INFO     Skipping 24227
14:53:52 root         INFO     Skipping 17224
14:53:52 root         INFO     Skipping 219
14:53:52 root         INFO     Skipping 23814
14:53:52 root         INFO     Skipping 15376
14:53:52 root         INFO     Skipping 19286
14:53:52 root         INFO     Skipping 28048
14:53:52 root         INFO     Skipping 543
14:53:52 root         INFO     Skipping 24233
14:53:52 root         INFO     Skipping 18735
14:53:52 root         INFO     Skipping 1066
14:53:52 root         INFO     Skipping 37680
14:53:52 root         INFO     Skipping 691
14:53:52 root         INFO     Skipping 677
14:53:52 root         INFO     Skipping 20141
14:53:52 root         INFO     Skipping 36151
14:53:52 root         INFO     Skipping 20319
14:53:52 root         INFO     Skipping 12400
14:53:52 root         INFO     Skipping 127
14:53:52 root         INFO     Skipping 20792
14:53:52 root         INFO     Skipping 17104
14:53:52 root         INFO     Skipping 24344
14:53:52 root         INFO     Skipping 19546
14:53:52 root         INFO     Skipping 15565
14:53:52 root         INFO     Skipping 13359
14:53:52 root         INFO     Skipping 17922
14:53:52 root         INFO     Skipping 22481
14:53:52 root         INFO     Skipping 20138
14:53:52 root         INFO     Skipping 119
14:53:52 root         INFO     Skipping 24
14:53:52 root         INFO     Skipping 21188
14:53:52 root         INFO     Skipping 3016
14:53:52 root         INFO     Skipping 21525
14:53:52 root         INFO     Skipping 37694
14:53:52 root         INFO     Skipping 18710
14:53:52 root         INFO     Skipping 29332
14:53:52 root         INFO     Skipping 23100
14:53:52 root         INFO     Skipping 37725
14:53:52 root         INFO     Skipping 15633
14:53:52 root         INFO     Skipping 948
14:53:52 root         INFO     Skipping 30993
14:53:52 root         INFO     Skipping 22221
14:53:52 root         INFO     Skipping 22654
14:53:52 root         INFO     Skipping 35809
14:53:52 root         INFO     Skipping 35576
14:53:52 root         INFO     Skipping 37408
14:53:52 root         INFO     Skipping 7844
14:53:52 root         INFO     Skipping 169
14:53:52 root         INFO     Skipping 20
14:53:52 root         INFO     Skipping 8022
14:53:52 root         INFO     Skipping 8032
14:53:52 root         INFO     Skipping 20605
14:53:52 root         INFO     Skipping 7838
14:53:52 root         INFO     Skipping 21497
14:53:52 root         INFO     Skipping 35572
14:53:52 root         INFO     Skipping 30425
14:53:52 root         INFO     Skipping 35517
14:53:52 root         INFO     Skipping 35524
14:53:52 root         INFO     Skipping 21522
14:53:52 root         INFO     Skipping 1325
14:53:52 root         INFO     Skipping 1079
14:53:52 root         INFO     Skipping 6973
14:53:52 root         INFO     Skipping 37495
14:53:52 root         INFO     Skipping 30405
14:53:52 root         INFO     Skipping 18767
14:53:52 root         INFO     Skipping 21521
14:53:52 root         INFO     Skipping 921
14:53:52 root         INFO     Skipping 27602
14:53:52 root         INFO     Skipping 21335
14:53:52 root         INFO     Skipping 30444
14:53:52 root         INFO     Skipping 1363
14:53:52 root         INFO     Skipping 9488
14:53:52 root         INFO     Skipping 24230
14:53:52 root         INFO     Skipping 2696
14:53:52 root         INFO     Skipping 37705
14:53:52 root         INFO     Skipping 33752
14:53:52 root         INFO     Skipping 37731
14:53:52 root         INFO     Skipping 37740
14:53:52 root         INFO     Skipping 9427
14:53:52 root         INFO     Skipping 19880
14:53:52 root         INFO     Skipping 632
14:53:52 root         INFO     Skipping 135
14:53:52 root         INFO     Skipping 39007
14:53:52 root         INFO     Skipping 551
14:53:52 root         INFO     Skipping 37304
14:53:52 root         INFO     Skipping 20115
14:53:52 root         INFO     Skipping 13362
14:53:52 root         INFO     Skipping 7333
14:53:52 root         INFO     Skipping 21423
14:53:52 root         INFO     Skipping 17653
14:53:52 root         INFO     Skipping 21152
14:53:52 root         INFO     Skipping 16031
14:53:52 root         INFO     Skipping 27074
14:53:52 root         INFO     Skipping 255
14:53:52 root         INFO     Skipping 431
14:53:52 root         INFO     Skipping 19290
14:53:52 root         INFO     Skipping 33954
14:53:52 root         INFO     Skipping 22921
14:53:52 root         INFO     Skipping 26556
14:53:52 root         INFO     Skipping 167
14:53:52 root         INFO     Skipping 15884
14:53:52 root         INFO     Skipping 30382
14:53:52 root         INFO     Skipping 30450
14:53:52 root         INFO     Skipping 27626
14:53:52 root         INFO     Skipping 37748
14:53:52 root         INFO     Skipping 715
14:53:52 root         INFO     Skipping 18734
14:53:52 root         INFO     Skipping 9485
14:53:52 root         INFO     Skipping 24231
14:53:52 root         INFO     Skipping 6221
14:53:52 root         INFO     Skipping 15392
14:53:52 root         INFO     Skipping 14466
14:53:52 root         INFO     Skipping 15025
14:53:52 root         INFO     Skipping 19760
14:53:52 root         INFO     Skipping 37095
14:53:52 root         INFO     Skipping 122
14:53:52 root         INFO     Skipping 113
14:53:52 root         INFO     Skipping 13863
14:53:52 root         INFO     Skipping 7355
14:53:52 root         INFO     Skipping 8042
14:53:52 root         INFO     Skipping 23802
14:53:52 root         INFO     Skipping 282
14:53:52 root         INFO     Skipping 7316
14:53:52 root         INFO     Skipping 16040
14:53:52 root         INFO     Skipping 7922
14:53:52 root         INFO     Skipping 16041
14:53:52 root         INFO     Skipping 28101
14:53:52 root         INFO     Skipping 3410
14:53:52 root         INFO     Skipping 7121
14:53:52 root         INFO     Skipping 17116
14:53:52 root         INFO     Skipping 20034
14:53:52 root         INFO     Skipping 6918
14:53:52 root         INFO     Skipping 22037
14:53:52 root         INFO     Skipping 14373
14:53:52 root         INFO     Skipping 13794
14:53:52 root         INFO     Skipping 13964
14:53:52 root         INFO     Skipping 6930
14:53:52 root         INFO     Skipping 19978
14:53:52 root         INFO     Skipping 14069
14:53:52 root         INFO     Skipping 14111
14:53:52 root         INFO     Skipping 6931
14:53:52 root         INFO     Skipping 14021
14:53:52 root         INFO     Skipping 37180
14:53:52 root         INFO     Skipping 35130
14:53:52 root         INFO     Skipping 19684
14:53:52 root         INFO     Skipping 28292
14:53:52 root         INFO     Skipping 30335
14:53:52 root         INFO     Skipping 14867
14:53:52 root         INFO     Skipping 23669
14:53:52 root         INFO     Skipping 6793
14:53:52 root         INFO     Skipping 15440
14:53:52 root         INFO     Skipping 23588
14:53:52 root         INFO     Skipping 10156
14:53:52 root         INFO     Skipping 30046
14:53:52 root         INFO     Skipping 39476
14:53:52 root         INFO     Skipping 37727
14:53:52 root         INFO     Skipping 33096
14:53:52 root         INFO     Skipping 32423
14:53:52 root         INFO     Skipping 30658
14:53:52 root         INFO     Skipping 18394
14:53:52 root         INFO     Skipping 19870
14:53:52 root         INFO     Skipping 15962
14:53:52 root         INFO     Skipping 702
14:53:52 root         INFO     Skipping 39478
14:53:52 root         INFO     Skipping 30435
14:53:52 root         INFO     Skipping 9445
14:53:52 root         INFO     Skipping 24173
14:53:52 root         INFO     Skipping 35554
14:53:52 root         INFO     Skipping 18733
14:53:52 root         INFO     Skipping 3962
14:53:52 root         INFO     Skipping 26659
14:53:52 root         INFO     Skipping 32135
14:53:52 root         INFO     Skipping 27843
14:53:52 root         INFO     Skipping 17658
14:53:52 root         INFO     Skipping 27186
14:53:52 root         INFO     Skipping 6922
14:53:52 root         INFO     Skipping 7317
14:53:52 root         INFO     Skipping 37607
14:53:52 root         INFO     Skipping 19748
14:53:52 root         INFO     Skipping 14979
14:53:52 root         INFO     Skipping 28256
14:53:52 root         INFO     Skipping 15000
14:53:52 root         INFO     Skipping 15725
14:53:52 root         INFO     Skipping 21561
14:53:52 root         INFO     Skipping 23098
14:53:52 root         INFO     Skipping 24231
14:53:52 root         INFO     Skipping 30469
14:53:52 root         INFO     Skipping 37819
14:53:52 root         INFO     Skipping 27605
14:53:52 root         INFO     Skipping 24799
14:53:52 root         INFO     Skipping 35571
14:53:52 root         INFO     Skipping 18750
14:53:52 root         INFO     Skipping 21564
14:53:52 root         INFO     Skipping 695
14:53:52 root         INFO     Skipping 619
14:53:52 root         INFO     Skipping 21566
14:53:52 root         INFO     Skipping 18746
14:53:52 root         INFO     Skipping 30470
14:53:52 root         INFO     Skipping 37747
14:53:52 root         INFO     Skipping 35726
14:53:52 root         INFO     Skipping 35708
14:53:52 root         INFO     Skipping 35705
14:53:52 root         INFO     Skipping 35727
14:53:52 root         INFO     Skipping 37743
14:53:52 root         INFO     Skipping 24229
14:53:52 root         INFO     Skipping 37748
14:53:52 root         INFO     Skipping 19879
14:53:52 root         INFO     Skipping 717
14:53:52 root         INFO     Skipping 35728
14:53:52 root         INFO     Skipping 37820
14:53:52 root         INFO     Skipping 30473
14:53:52 root         INFO     Skipping 37744
14:53:52 root         INFO     Skipping 28313
14:53:52 root         INFO     Skipping 37749
14:53:52 root         INFO     Skipping 15948
14:53:52 root         INFO     Skipping 35707
14:53:52 root         INFO     Skipping 35706
14:53:52 root         INFO     Skipping 35704
14:53:52 root         INFO     Skipping 18740
14:53:52 root         INFO     Skipping 18736
14:53:52 root         INFO     Skipping 183
14:53:52 root         INFO     Skipping 7887
14:53:52 root         INFO     Skipping 15551
14:53:52 root         INFO     Skipping 35562
14:53:52 root         INFO     Skipping 9423
14:53:52 root         INFO     Skipping 1519
14:53:52 root         INFO     Skipping 35489
14:53:52 root         INFO     Skipping 20880
14:53:52 root         INFO     Skipping 37235
14:53:52 root         INFO     Skipping 15882
14:53:52 root         INFO     Skipping 1169
14:53:52 root         INFO     Skipping 9463
14:53:52 root         INFO     Skipping 37685
14:53:52 root         INFO     Skipping 809
14:53:52 root         INFO     Skipping 9421
14:53:52 root         INFO     Skipping 30397
14:53:52 root         INFO     Skipping 37735
14:53:52 root         INFO     Skipping 30394
14:53:52 root         INFO     Skipping 30448
14:53:52 root         INFO     Skipping 27614
14:53:52 root         INFO     Skipping 35527
14:53:52 root         INFO     Skipping 37416
14:53:52 root         INFO     Skipping 37709
14:53:52 root         INFO     Skipping 27649
14:53:52 root         INFO     Skipping 35546
14:53:52 root         INFO     Skipping 1098
14:53:52 root         INFO     Skipping 21488
14:53:52 root         INFO     Skipping 37674
14:53:52 root         INFO     Skipping 37706
14:53:52 root         INFO     Skipping 37713
14:53:52 root         INFO     Skipping 918
14:53:52 root         INFO     Skipping 24210
14:53:52 root         INFO     Skipping 37728
14:53:52 root         INFO     Skipping 35555
14:53:52 root         INFO     Skipping 35556
14:53:52 root         INFO     Skipping 892
14:53:52 root         INFO     Skipping 38045
14:53:52 root         INFO     Skipping 829
14:53:52 root         INFO     Skipping 30468
14:53:52 root         INFO     Skipping 24186
14:53:52 root         INFO     Skipping 24194
14:53:52 root         INFO     Skipping 37693
14:53:52 root         INFO     Skipping 30429
14:53:52 root         INFO     Skipping 1249
14:53:52 root         INFO     Skipping 30434
14:53:52 root         INFO     Skipping 24199
14:53:52 root         INFO     Skipping 37688
14:53:52 root         INFO     Skipping 23853
14:53:52 root         INFO     Skipping 30456
14:53:52 root         INFO     Skipping 1036
14:53:52 root         INFO     Skipping 30436
14:53:52 root         INFO     Skipping 37690
14:53:52 root         INFO     Skipping 36428
14:53:52 root         INFO     Skipping 37721
14:53:52 root         INFO     Skipping 27646
14:53:52 root         INFO     Skipping 24187
14:53:52 root         INFO     Skipping 35551
14:53:52 root         INFO     Skipping 925
14:53:52 root         INFO     Skipping 21570
14:53:52 root         INFO     Skipping 21536
14:53:52 root         INFO     Skipping 604
14:53:52 root         INFO     Skipping 21562
14:53:52 root         INFO     Skipping 21572
14:53:52 root         INFO     Skipping 17884
14:53:52 root         INFO     Skipping 235
14:53:52 root         INFO     Skipping 2909
14:53:52 root         INFO     Skipping 21487
14:53:52 root         INFO     Skipping 27644
14:53:52 root         INFO     Skipping 37722
14:53:52 root         INFO     Skipping 24175
14:53:52 root         INFO     Skipping 27637
14:53:52 root         INFO     Skipping 9424
14:53:52 root         INFO     Skipping 24181
14:53:52 root         INFO     Skipping 37676
14:53:52 root         INFO     Skipping 15912
14:53:52 root         INFO     Skipping 1004
14:53:52 root         INFO     Skipping 15922
14:53:52 root         INFO     Skipping 21523
14:53:52 root         INFO     Skipping 14489
14:53:52 root         INFO     Skipping 18756
14:53:52 root         INFO     Skipping 23549
14:53:52 root         INFO     Skipping 30414
14:53:52 root         INFO     Skipping 2505
14:53:52 root         INFO     Skipping 28735
14:53:52 root         INFO     Skipping 599
14:53:52 root         INFO     Skipping 24124
14:53:52 root         INFO     Skipping 24218
14:53:52 root         INFO     Skipping 19874
14:53:52 root         INFO     Skipping 2175
14:53:52 root         INFO     Skipping 21467
14:53:52 root         INFO     Skipping 30525
14:53:52 root         INFO     Skipping 24176
14:53:52 root         INFO     Skipping 15949
14:53:52 root         INFO     Skipping 27630
14:53:52 root         INFO     Skipping 27632
14:53:52 root         INFO     Skipping 606
14:53:52 root         INFO     Skipping 27629
14:53:52 root         INFO     Skipping 24228
14:53:52 root         INFO     Skipping 562
14:53:52 root         INFO     Skipping 21633
14:53:52 root         INFO     Skipping 24225
14:53:52 root         INFO     Skipping 18725
14:53:52 root         INFO     Skipping 21567
14:53:52 root         INFO     Skipping 27628
14:53:52 root         INFO     Skipping 12921
14:53:52 root         INFO     Skipping 47
14:53:52 root         INFO     Skipping 8101
14:53:52 root         INFO     Skipping 27936
14:53:52 root         INFO     Skipping 23089
14:53:52 root         INFO     Skipping 15911
14:53:52 root         INFO     Skipping 30472
14:53:52 root         INFO     Skipping 35703
14:53:52 root         INFO     Skipping 30475
14:53:52 root         INFO     Skipping 18739
14:53:52 root         INFO     Skipping 30378
14:53:52 root         INFO     Skipping 21
14:53:52 root         INFO     Skipping 32904
14:53:52 root         INFO     Skipping 24169
14:53:52 root         INFO     Skipping 27616
14:53:52 root         INFO     Skipping 546
14:53:52 root         INFO     Skipping 125
14:53:52 root         INFO     Skipping 432
14:53:52 root         INFO     Skipping 23572
14:53:52 root         INFO     Skipping 1
14:53:52 root         INFO     Skipping 10
14:53:52 root         INFO     Skipping 72
14:53:52 root         INFO     Skipping 106
14:53:52 root         INFO     Skipping 804
14:53:52 root         INFO     Skipping 697
14:53:52 root         INFO     Skipping 166
14:53:52 root         INFO     Skipping 37667
14:53:52 root         INFO     Skipping 24234
14:53:52 root         INFO     Skipping 34781
14:53:52 root         INFO     Skipping 44
14:53:52 root         INFO     Skipping 2434
14:53:52 root         INFO     Skipping 7307
14:53:52 root         INFO     Skipping 7280
14:53:52 root         INFO     Skipping 14197
14:53:52 root         INFO     Skipping 6929
14:53:52 root         INFO     Skipping 24223
14:53:52 root         INFO     Skipping 30412
14:53:52 root         INFO     Skipping 21230
14:53:52 root         INFO     Skipping 7124
14:53:52 root         INFO     Skipping 7516
14:53:52 root         INFO     Skipping 9231
14:53:52 root         INFO     Skipping 13222
14:53:52 root         INFO     Skipping 24928
14:53:52 root         INFO     Skipping 14466
14:53:52 root         INFO     Skipping 19685
14:53:52 root         INFO     Skipping 14008
14:53:52 root         INFO     Skipping 20480
14:53:52 root         INFO     Skipping 7126
14:53:52 root         INFO     Skipping 15792
14:53:52 root         INFO     Skipping 27571
14:53:52 root         INFO     Skipping 19109
14:53:52 root         INFO     Skipping 14066
14:53:52 root         INFO     Skipping 7103
14:53:52 root         INFO     Skipping 13479
14:53:52 root         INFO     Skipping 13475
14:53:52 root         INFO     Skipping 24237
14:53:52 root         INFO     Skipping 28365
14:53:52 root         INFO     Skipping 7118
14:53:52 root         INFO     Skipping 19909
14:53:52 root         INFO     Skipping 13664
14:53:52 root         INFO     Skipping 13467
14:53:52 root         INFO     Skipping 18743
14:53:52 root         INFO     Skipping 19881
14:53:52 root         INFO     Skipping 6970
14:53:52 root         INFO     Skipping 7286
14:53:52 root         INFO     Skipping 14047
14:53:52 root         INFO     Skipping 35569
14:53:52 root         INFO     Skipping 37741
14:53:52 root         INFO     Skipping 37697
14:53:52 root         INFO     Skipping 1453
14:53:52 root         INFO     Skipping 18818
14:53:52 root         INFO     Skipping 37745
14:53:52 root         INFO     Skipping 18836
14:53:52 root         INFO     Skipping 37441
14:53:52 root         INFO     Skipping 24207
14:53:52 root         INFO     Skipping 1483
14:53:52 root         INFO     Skipping 30395
14:53:52 root         INFO     Skipping 30432
14:53:52 root         INFO     Skipping 36969
14:53:52 root         INFO     Skipping 21533
14:53:52 root         INFO     Skipping 1352
14:53:52 root         INFO     Skipping 30390
14:53:52 root         INFO     Skipping 1149
14:53:52 root         INFO     Skipping 24202
14:53:52 root         INFO     Skipping 30389
14:53:52 root         INFO     Skipping 15891
14:53:52 root         INFO     Skipping 14488
14:53:52 root         INFO     Skipping 30528
14:53:52 root         INFO     Skipping 27597
14:53:52 root         INFO     Skipping 37737
14:53:52 root         INFO     Skipping 1557
14:53:52 root         INFO     Skipping 27609
14:53:52 root         INFO     Skipping 900
14:53:52 root         INFO     Skipping 21527
14:53:52 root         INFO     Skipping 1479
14:53:52 root         INFO     Skipping 30387
14:53:52 root         INFO     Skipping 980
14:53:52 root         INFO     Skipping 37703
14:53:52 root         INFO     Skipping 15304
14:53:52 root         INFO     Skipping 128
14:53:52 root         INFO     Skipping 14781
14:53:52 root         INFO     Skipping 15528
14:53:52 root         INFO     Skipping 25120
14:53:52 root         INFO     Skipping 33803
14:53:52 root         INFO     Skipping 20476
14:53:52 root         INFO     Skipping 27502
14:53:52 root         INFO     Skipping 13456
14:53:52 root         INFO     Skipping 27390
14:53:52 root         INFO     Skipping 15813
14:53:52 root         INFO     Skipping 7320
14:53:52 root         INFO     Skipping 20668
14:53:52 root         INFO     Skipping 38937
14:53:52 root         INFO     Skipping 37417
14:53:52 root         INFO     Skipping 13038
14:53:52 root         INFO     Skipping 6932
14:53:52 root         INFO     Skipping 14978
14:53:52 root         INFO     Skipping 17045
14:53:52 root         INFO     Skipping 22385
14:53:52 root         INFO     Skipping 7853
14:53:52 root         INFO     Skipping 14026
14:53:52 root         INFO     Skipping 14923
14:53:52 root         INFO     Skipping 7288
14:53:52 root         INFO     Skipping 7538
14:53:52 root         INFO     Skipping 13451
14:53:52 root         INFO     Skipping 25009
14:53:52 root         INFO     Skipping 9452
14:53:52 root         INFO     Skipping 20118
14:53:52 root         INFO     Skipping 20475
14:53:52 root         INFO     Skipping 14602
14:53:52 root         INFO     Skipping 7291
14:53:52 root         INFO     Skipping 13457
14:53:52 root         INFO     Skipping 7345
14:53:52 root         INFO     Skipping 35752
14:53:52 root         INFO     Skipping 31489
14:53:52 root         INFO     Skipping 15674
14:53:52 root         INFO     Skipping 31189
14:53:52 root         INFO     Skipping 21
14:53:52 root         INFO     Skipping 247
14:53:52 root         INFO     Skipping 20084
14:53:52 root         INFO     Skipping 16020
14:53:52 root         INFO     Skipping 2009
14:53:52 root         INFO     Skipping 1773
14:53:52 root         INFO     Skipping 7337
14:53:52 root         INFO     Skipping 14910
14:53:52 root         INFO     Skipping 7339
14:53:52 root         INFO     Skipping 24976
14:53:52 root         INFO     Skipping 30360
14:53:52 root         INFO     Skipping 24315
14:53:52 root         INFO     Skipping 30361
14:53:52 root         INFO     Skipping 30358
14:53:52 root         INFO     Skipping 37191
14:53:52 root         INFO     Skipping 3129
14:53:52 root         INFO     Skipping 3052
14:53:52 root         INFO     Skipping 37932
14:53:52 root         INFO     Skipping 3125
14:53:52 root         INFO     Skipping 3109
14:53:52 root         INFO     Skipping 20056
14:53:52 root         INFO     Skipping 37778
14:53:52 root         INFO     Skipping 35587
14:53:52 root         INFO     Skipping 28452
14:53:52 root         INFO     Skipping 3320
14:53:52 root         INFO     Skipping 30367
14:53:52 root         INFO     Skipping 3048
14:53:52 root         INFO     Skipping 27750
14:53:52 root         INFO     Skipping 3072
14:53:52 root         INFO     Skipping 38049
14:53:52 root         INFO     Skipping 30366
14:53:52 root         INFO     Skipping 30368
14:53:52 root         INFO     Skipping 27956
14:53:52 root         INFO     Skipping 15709
14:53:52 root         INFO     Skipping 38047
14:53:52 root         INFO     Skipping 3137
14:53:52 root         INFO     Skipping 3085
14:53:52 root         INFO     Skipping 2042
14:53:52 root         INFO     Skipping 30374
14:53:52 root         INFO     Skipping 3064
14:53:52 root         INFO     Skipping 3286
14:53:52 root         INFO     Skipping 30362
14:53:52 root         INFO     Skipping 3309
14:53:52 root         INFO     Skipping 37826
14:53:52 root         INFO     Skipping 4972
14:53:52 root         INFO     Skipping 15790
14:53:52 root         INFO     Skipping 18747
14:53:52 root         INFO     Skipping 22401
14:53:52 root         INFO     Skipping 18711
14:53:52 root         INFO     Skipping 3123
14:53:52 root         INFO     Skipping 3296
14:53:52 root         INFO     Skipping 164
14:53:52 root         INFO     Skipping 30617
14:53:52 root         INFO     Skipping 19614
14:53:52 root         INFO     Skipping 23295
14:53:52 root         INFO     Skipping 35818
14:53:52 root         INFO     Skipping 7531
14:53:52 root         INFO     Skipping 19559
14:53:52 root         INFO     Skipping 26784
14:53:53 root         INFO     Driver opened url https://www.jhuapl.edu/news/news-releases: 0.5 second load started
14:53:54 root         ERROR    LINK 25775 SKIP: No content was gathered
14:53:54 root         ERROR    SKIP: landing_page_link.get('href') is giving a 'None' value: 25775
'NoneType' object has no attribute 'get'
14:53:54 root         ERROR    LINK 25775 SKIP: No content was gathered
14:53:54 root         ERROR    SKIP: landing_page_link.get('href') is giving a 'None' value: 25775
'NoneType' object has no attribute 'get'
14:53:54 root         ERROR    LINK 25775 SKIP: No content was gathered
14:53:54 root         ERROR    SKIP: landing_page_link.get('href') is giving a 'None' value: 25775
'NoneType' object has no attribute 'get'
14:53:54 root         ERROR    LINK 25775 SKIP: No content was gathered
14:53:54 root         ERROR    SKIP: landing_page_link.get('href') is giving a 'None' value: 25775
'NoneType' object has no attribute 'get'
14:53:54 root         ERROR    LINK 25775 SKIP: No content was gathered
14:53:54 root         ERROR    SKIP: landing_page_link.get('href') is giving a 'None' value: 25775
'NoneType' object has no attribute 'get'
14:53:54 root         ERROR    LINK 25775 SKIP: No content was gathered
14:53:54 root         ERROR    SKIP: landing_page_link.get('href') is giving a 'None' value: 25775
'NoneType' object has no attribute 'get'
14:53:54 root         ERROR    LINK 25775 SKIP: No content was gathered
14:53:54 root         ERROR    SKIP: landing_page_link.get('href') is giving a 'None' value: 25775
'NoneType' object has no attribute 'get'
14:53:54 root         ERROR    LINK 25775 SKIP: No content was gathered
14:53:54 root         ERROR    SKIP: landing_page_link.get('href') is giving a 'None' value: 25775
'NoneType' object has no attribute 'get'
14:53:54 root         ERROR    LINK 25775 SKIP: No content was gathered
14:53:54 root         ERROR    SKIP: landing_page_link.get('href') is giving a 'None' value: 25775
'NoneType' object has no attribute 'get'
14:53:54 root         ERROR    LINK 25775 SKIP: No content was gathered
14:53:54 root         ERROR    SKIP: landing_page_link.get('href') is giving a 'None' value: 25775
'NoneType' object has no attribute 'get'
14:53:54 root         INFO     Scrape errors found during run:
14:53:54 root         INFO     ['25775 LINK ERROR', '25775 LINK ERROR', '25775 LINK ERROR', '25775 LINK ERROR', '25775 LINK ERROR', '25775 LINK ERROR', '25775 LINK ERROR', '25775 LINK ERROR', '25775 LINK ERROR', '25775 LINK ERROR']
14:53:54 root         INFO     End of file message
14:53:54 root         INFO     

Load Version 2.0.1 01/17/2025
       Docs Loaded: 0
       URLS processed: 1
       DUPS skipped: 0
       No Ledes found: 0

Passed Parameters:
       Pull House and Senate: False
       Number of days back: 30
       Start Time: 2025-01-19 14:53:48
       End Time: 2025-01-19 14:53:54
       Elapsed Time: 0:00:06
       Character Minimum Amount: 100

Errors:
	Article Link href failed to grab:
		25775 find|elem|a
		25775 find|elem|a
		25775 find|elem|a
		25775 find|elem|a
		25775 find|elem|a
		25775 find|elem|a
		25775 find|elem|a
		25775 find|elem|a
		25775 find|elem|a
		25775 find|elem|a
Docs:
