11:23:05 root         INFO     Skipping 27599
11:23:05 root         INFO     Skipping 30449
11:23:05 root         INFO     Skipping 14315
11:23:05 root         INFO     Skipping 7566
11:23:05 root         INFO     Skipping 804
11:23:05 root         INFO     Skipping 12106
11:23:05 root         INFO     Skipping 8034
11:23:05 root         INFO     Skipping 7901
11:23:05 root         INFO     Skipping 20157
11:23:05 root         INFO     Skipping 6950
11:23:05 root         INFO     Skipping 15026
11:23:05 root         INFO     Skipping 19993
11:23:05 root         INFO     Skipping 21569
11:23:05 root         INFO     Skipping 23030
11:23:05 root         INFO     Skipping 206
11:23:05 root         INFO     Skipping 16046
11:23:05 root         INFO     Skipping 16140
11:23:05 root         INFO     Skipping 16037
11:23:05 root         INFO     Skipping 43
11:23:05 root         INFO     Skipping 225
11:23:05 root         INFO     Skipping 37711
11:23:05 root         INFO     Skipping 34699
11:23:05 root         INFO     Skipping 19021
11:23:05 root         INFO     Skipping 18495
11:23:05 root         INFO     Skipping 222
11:23:05 root         INFO     Skipping 5602
11:23:05 root         INFO     Skipping 16027
11:23:05 root         INFO     Skipping 21499
11:23:05 root         INFO     Skipping 2698
11:23:05 root         INFO     Skipping 27867
11:23:05 root         INFO     Skipping 24224
11:23:05 root         INFO     Skipping 21563
11:23:05 root         INFO     Skipping 24227
11:23:05 root         INFO     Skipping 17224
11:23:05 root         INFO     Skipping 219
11:23:05 root         INFO     Skipping 23814
11:23:05 root         INFO     Skipping 15376
11:23:05 root         INFO     Skipping 19286
11:23:05 root         INFO     Skipping 28048
11:23:05 root         INFO     Skipping 543
11:23:05 root         INFO     Skipping 24233
11:23:05 root         INFO     Skipping 18735
11:23:05 root         INFO     Skipping 1066
11:23:05 root         INFO     Skipping 37680
11:23:05 root         INFO     Skipping 691
11:23:05 root         INFO     Skipping 677
11:23:05 root         INFO     Skipping 20141
11:23:05 root         INFO     Skipping 36151
11:23:05 root         INFO     Skipping 20319
11:23:05 root         INFO     Skipping 12400
11:23:05 root         INFO     Skipping 127
11:23:05 root         INFO     Skipping 20792
11:23:05 root         INFO     Skipping 17104
11:23:05 root         INFO     Skipping 24344
11:23:05 root         INFO     Skipping 19546
11:23:05 root         INFO     Skipping 15565
11:23:05 root         INFO     Skipping 13359
11:23:05 root         INFO     Skipping 17922
11:23:05 root         INFO     Skipping 22481
11:23:05 root         INFO     Skipping 20138
11:23:05 root         INFO     Skipping 119
11:23:05 root         INFO     Skipping 24
11:23:05 root         INFO     Skipping 21188
11:23:05 root         INFO     Skipping 3016
11:23:05 root         INFO     Skipping 21525
11:23:05 root         INFO     Skipping 37694
11:23:05 root         INFO     Skipping 18710
11:23:05 root         INFO     Skipping 29332
11:23:05 root         INFO     Skipping 23100
11:23:05 root         INFO     Skipping 37725
11:23:05 root         INFO     Skipping 15633
11:23:05 root         INFO     Skipping 948
11:23:05 root         INFO     Skipping 30993
11:23:05 root         INFO     Skipping 22221
11:23:05 root         INFO     Skipping 22654
11:23:05 root         INFO     Skipping 35809
11:23:05 root         INFO     Skipping 35576
11:23:05 root         INFO     Skipping 37408
11:23:05 root         INFO     Skipping 7844
11:23:05 root         INFO     Skipping 169
11:23:05 root         INFO     Skipping 20
11:23:05 root         INFO     Skipping 8022
11:23:05 root         INFO     Skipping 8032
11:23:05 root         INFO     Skipping 20605
11:23:05 root         INFO     Skipping 7838
11:23:05 root         INFO     Skipping 21497
11:23:05 root         INFO     Skipping 35572
11:23:05 root         INFO     Skipping 30425
11:23:05 root         INFO     Skipping 35517
11:23:05 root         INFO     Skipping 35524
11:23:05 root         INFO     Skipping 21522
11:23:05 root         INFO     Skipping 1325
11:23:05 root         INFO     Skipping 1079
11:23:05 root         INFO     Skipping 6973
11:23:05 root         INFO     Skipping 37495
11:23:05 root         INFO     Skipping 30405
11:23:05 root         INFO     Skipping 18767
11:23:05 root         INFO     Skipping 21521
11:23:05 root         INFO     Skipping 921
11:23:05 root         INFO     Skipping 27602
11:23:05 root         INFO     Skipping 21335
11:23:05 root         INFO     Skipping 30444
11:23:05 root         INFO     Skipping 1363
11:23:05 root         INFO     Skipping 9488
11:23:05 root         INFO     Skipping 24230
11:23:05 root         INFO     Skipping 2696
11:23:05 root         INFO     Skipping 37705
11:23:05 root         INFO     Skipping 33752
11:23:05 root         INFO     Skipping 37731
11:23:05 root         INFO     Skipping 37740
11:23:05 root         INFO     Skipping 9427
11:23:05 root         INFO     Skipping 19880
11:23:05 root         INFO     Skipping 632
11:23:05 root         INFO     Skipping 135
11:23:05 root         INFO     Skipping 39007
11:23:05 root         INFO     Skipping 551
11:23:05 root         INFO     Skipping 37304
11:23:05 root         INFO     Skipping 20115
11:23:05 root         INFO     Skipping 13362
11:23:05 root         INFO     Skipping 7333
11:23:05 root         INFO     Skipping 21423
11:23:05 root         INFO     Skipping 17653
11:23:05 root         INFO     Skipping 21152
11:23:05 root         INFO     Skipping 16031
11:23:05 root         INFO     Skipping 27074
11:23:05 root         INFO     Skipping 255
11:23:05 root         INFO     Skipping 431
11:23:05 root         INFO     Skipping 19290
11:23:05 root         INFO     Skipping 33954
11:23:05 root         INFO     Skipping 22921
11:23:05 root         INFO     Skipping 26556
11:23:05 root         INFO     Skipping 167
11:23:05 root         INFO     Skipping 15884
11:23:05 root         INFO     Skipping 30382
11:23:05 root         INFO     Skipping 30450
11:23:05 root         INFO     Skipping 27626
11:23:05 root         INFO     Skipping 37748
11:23:05 root         INFO     Skipping 715
11:23:05 root         INFO     Skipping 18734
11:23:05 root         INFO     Skipping 9485
11:23:05 root         INFO     Skipping 24231
11:23:05 root         INFO     Skipping 6221
11:23:05 root         INFO     Skipping 15392
11:23:05 root         INFO     Skipping 14466
11:23:05 root         INFO     Skipping 15025
11:23:05 root         INFO     Skipping 19760
11:23:05 root         INFO     Skipping 37095
11:23:05 root         INFO     Skipping 122
11:23:05 root         INFO     Skipping 113
11:23:05 root         INFO     Skipping 13863
11:23:05 root         INFO     Skipping 7355
11:23:05 root         INFO     Skipping 8042
11:23:05 root         INFO     Skipping 23802
11:23:05 root         INFO     Skipping 282
11:23:05 root         INFO     Skipping 7316
11:23:05 root         INFO     Skipping 16040
11:23:05 root         INFO     Skipping 7922
11:23:05 root         INFO     Skipping 16041
11:23:05 root         INFO     Skipping 28101
11:23:05 root         INFO     Skipping 3410
11:23:05 root         INFO     Skipping 7121
11:23:05 root         INFO     Skipping 17116
11:23:05 root         INFO     Skipping 20034
11:23:05 root         INFO     Skipping 6918
11:23:05 root         INFO     Skipping 22037
11:23:05 root         INFO     Skipping 14373
11:23:05 root         INFO     Skipping 13794
11:23:05 root         INFO     Skipping 13964
11:23:05 root         INFO     Skipping 6930
11:23:05 root         INFO     Skipping 19978
11:23:05 root         INFO     Skipping 14069
11:23:05 root         INFO     Skipping 14111
11:23:05 root         INFO     Skipping 6931
11:23:05 root         INFO     Skipping 14021
11:23:05 root         INFO     Skipping 37180
11:23:05 root         INFO     Skipping 35130
11:23:05 root         INFO     Skipping 19684
11:23:05 root         INFO     Skipping 28292
11:23:05 root         INFO     Skipping 30335
11:23:05 root         INFO     Skipping 14867
11:23:05 root         INFO     Skipping 23669
11:23:05 root         INFO     Skipping 6793
11:23:05 root         INFO     Skipping 15440
11:23:05 root         INFO     Skipping 23588
11:23:05 root         INFO     Skipping 10156
11:23:05 root         INFO     Skipping 30046
11:23:05 root         INFO     Skipping 39476
11:23:05 root         INFO     Skipping 37727
11:23:05 root         INFO     Skipping 33096
11:23:05 root         INFO     Skipping 32423
11:23:05 root         INFO     Skipping 30658
11:23:05 root         INFO     Skipping 18394
11:23:05 root         INFO     Skipping 19870
11:23:05 root         INFO     Skipping 15962
11:23:05 root         INFO     Skipping 702
11:23:05 root         INFO     Skipping 39478
11:23:05 root         INFO     Skipping 30435
11:23:05 root         INFO     Skipping 9445
11:23:05 root         INFO     Skipping 24173
11:23:05 root         INFO     Skipping 35554
11:23:05 root         INFO     Skipping 18733
11:23:05 root         INFO     Skipping 3962
11:23:05 root         INFO     Skipping 26659
11:23:05 root         INFO     Skipping 32135
11:23:05 root         INFO     Skipping 27843
11:23:05 root         INFO     Skipping 17658
11:23:05 root         INFO     Skipping 27186
11:23:05 root         INFO     Skipping 6922
11:23:05 root         INFO     Skipping 7317
11:23:05 root         INFO     Skipping 37607
11:23:05 root         INFO     Skipping 19748
11:23:05 root         INFO     Skipping 14979
11:23:05 root         INFO     Skipping 28256
11:23:05 root         INFO     Skipping 15000
11:23:05 root         INFO     Skipping 15725
11:23:05 root         INFO     Skipping 21561
11:23:05 root         INFO     Skipping 23098
11:23:05 root         INFO     Skipping 24231
11:23:05 root         INFO     Skipping 30469
11:23:05 root         INFO     Skipping 37819
11:23:05 root         INFO     Skipping 27605
11:23:05 root         INFO     Skipping 24799
11:23:05 root         INFO     Skipping 35571
11:23:05 root         INFO     Skipping 18750
11:23:05 root         INFO     Skipping 21564
11:23:05 root         INFO     Skipping 695
11:23:05 root         INFO     Skipping 619
11:23:05 root         INFO     Skipping 21566
11:23:05 root         INFO     Skipping 18746
11:23:05 root         INFO     Skipping 30470
11:23:05 root         INFO     Skipping 37747
11:23:05 root         INFO     Skipping 35726
11:23:05 root         INFO     Skipping 35708
11:23:05 root         INFO     Skipping 35705
11:23:05 root         INFO     Skipping 35727
11:23:05 root         INFO     Skipping 37743
11:23:05 root         INFO     Skipping 24229
11:23:05 root         INFO     Skipping 37748
11:23:05 root         INFO     Skipping 19879
11:23:05 root         INFO     Skipping 717
11:23:05 root         INFO     Skipping 35728
11:23:05 root         INFO     Skipping 37820
11:23:05 root         INFO     Skipping 30473
11:23:05 root         INFO     Skipping 37744
11:23:05 root         INFO     Skipping 28313
11:23:05 root         INFO     Skipping 37749
11:23:05 root         INFO     Skipping 15948
11:23:05 root         INFO     Skipping 35707
11:23:05 root         INFO     Skipping 35706
11:23:05 root         INFO     Skipping 35704
11:23:05 root         INFO     Skipping 18740
11:23:05 root         INFO     Skipping 18736
11:23:05 root         INFO     Skipping 183
11:23:05 root         INFO     Skipping 7887
11:23:05 root         INFO     Skipping 15551
11:23:05 root         INFO     Skipping 35562
11:23:05 root         INFO     Skipping 9423
11:23:05 root         INFO     Skipping 1519
11:23:05 root         INFO     Skipping 35489
11:23:05 root         INFO     Skipping 20880
11:23:05 root         INFO     Skipping 37235
11:23:05 root         INFO     Skipping 15882
11:23:05 root         INFO     Skipping 1169
11:23:05 root         INFO     Skipping 9463
11:23:05 root         INFO     Skipping 37685
11:23:05 root         INFO     Skipping 809
11:23:05 root         INFO     Skipping 9421
11:23:05 root         INFO     Skipping 30397
11:23:05 root         INFO     Skipping 37735
11:23:05 root         INFO     Skipping 30394
11:23:05 root         INFO     Skipping 30448
11:23:05 root         INFO     Skipping 27614
11:23:05 root         INFO     Skipping 35527
11:23:05 root         INFO     Skipping 37416
11:23:05 root         INFO     Skipping 37709
11:23:05 root         INFO     Skipping 27649
11:23:05 root         INFO     Skipping 35546
11:23:05 root         INFO     Skipping 1098
11:23:05 root         INFO     Skipping 21488
11:23:05 root         INFO     Skipping 37674
11:23:05 root         INFO     Skipping 37706
11:23:05 root         INFO     Skipping 37713
11:23:05 root         INFO     Skipping 918
11:23:05 root         INFO     Skipping 24210
11:23:05 root         INFO     Skipping 37728
11:23:05 root         INFO     Skipping 35555
11:23:05 root         INFO     Skipping 35556
11:23:05 root         INFO     Skipping 892
11:23:05 root         INFO     Skipping 38045
11:23:05 root         INFO     Skipping 829
11:23:05 root         INFO     Skipping 30468
11:23:05 root         INFO     Skipping 24186
11:23:05 root         INFO     Skipping 24194
11:23:05 root         INFO     Skipping 37693
11:23:05 root         INFO     Skipping 30429
11:23:05 root         INFO     Skipping 1249
11:23:05 root         INFO     Skipping 30434
11:23:05 root         INFO     Skipping 24199
11:23:05 root         INFO     Skipping 37688
11:23:05 root         INFO     Skipping 23853
11:23:05 root         INFO     Skipping 30456
11:23:05 root         INFO     Skipping 1036
11:23:05 root         INFO     Skipping 30436
11:23:05 root         INFO     Skipping 37690
11:23:05 root         INFO     Skipping 36428
11:23:05 root         INFO     Skipping 37721
11:23:05 root         INFO     Skipping 27646
11:23:05 root         INFO     Skipping 24187
11:23:05 root         INFO     Skipping 35551
11:23:05 root         INFO     Skipping 925
11:23:05 root         INFO     Skipping 21570
11:23:05 root         INFO     Skipping 21536
11:23:05 root         INFO     Skipping 604
11:23:05 root         INFO     Skipping 21562
11:23:05 root         INFO     Skipping 21572
11:23:05 root         INFO     Skipping 17884
11:23:05 root         INFO     Skipping 235
11:23:05 root         INFO     Skipping 2909
11:23:05 root         INFO     Skipping 21487
11:23:05 root         INFO     Skipping 27644
11:23:05 root         INFO     Skipping 37722
11:23:05 root         INFO     Skipping 24175
11:23:05 root         INFO     Skipping 27637
11:23:05 root         INFO     Skipping 9424
11:23:05 root         INFO     Skipping 24181
11:23:05 root         INFO     Skipping 37676
11:23:05 root         INFO     Skipping 15912
11:23:05 root         INFO     Skipping 1004
11:23:05 root         INFO     Skipping 15922
11:23:05 root         INFO     Skipping 21523
11:23:05 root         INFO     Skipping 14489
11:23:05 root         INFO     Skipping 18756
11:23:05 root         INFO     Skipping 23549
11:23:05 root         INFO     Skipping 30414
11:23:05 root         INFO     Skipping 2505
11:23:05 root         INFO     Skipping 28735
11:23:05 root         INFO     Skipping 599
11:23:05 root         INFO     Skipping 24124
11:23:05 root         INFO     Skipping 24218
11:23:05 root         INFO     Skipping 19874
11:23:05 root         INFO     Skipping 2175
11:23:05 root         INFO     Skipping 21467
11:23:05 root         INFO     Skipping 30525
11:23:05 root         INFO     Skipping 24176
11:23:05 root         INFO     Skipping 15949
11:23:05 root         INFO     Skipping 27630
11:23:05 root         INFO     Skipping 27632
11:23:05 root         INFO     Skipping 606
11:23:05 root         INFO     Skipping 27629
11:23:05 root         INFO     Skipping 24228
11:23:05 root         INFO     Skipping 562
11:23:05 root         INFO     Skipping 21633
11:23:05 root         INFO     Skipping 24225
11:23:05 root         INFO     Skipping 18725
11:23:05 root         INFO     Skipping 21567
11:23:05 root         INFO     Skipping 27628
11:23:05 root         INFO     Skipping 12921
11:23:05 root         INFO     Skipping 47
11:23:05 root         INFO     Skipping 8101
11:23:05 root         INFO     Skipping 27936
11:23:05 root         INFO     Skipping 23089
11:23:05 root         INFO     Skipping 15911
11:23:05 root         INFO     Skipping 30472
11:23:05 root         INFO     Skipping 35703
11:23:05 root         INFO     Skipping 30475
11:23:05 root         INFO     Skipping 18739
11:23:05 root         INFO     Skipping 30378
11:23:05 root         INFO     Skipping 21
11:23:05 root         INFO     Skipping 32904
11:23:05 root         INFO     Skipping 24169
11:23:05 root         INFO     Skipping 27616
11:23:05 root         INFO     Skipping 546
11:23:05 root         INFO     Skipping 125
11:23:05 root         INFO     Skipping 432
11:23:05 root         INFO     Skipping 23572
11:23:05 root         INFO     Skipping 1
11:23:05 root         INFO     Skipping 10
11:23:05 root         INFO     Skipping 72
11:23:05 root         INFO     Skipping 106
11:23:05 root         INFO     Skipping 804
11:23:05 root         INFO     Skipping 697
11:23:05 root         INFO     Skipping 166
11:23:05 root         INFO     Skipping 37667
11:23:05 root         INFO     Skipping 24234
11:23:05 root         INFO     Skipping 34781
11:23:05 root         INFO     Skipping 44
11:23:05 root         INFO     Skipping 2434
11:23:05 root         INFO     Skipping 7307
11:23:05 root         INFO     Skipping 7280
11:23:05 root         INFO     Skipping 14197
11:23:05 root         INFO     Skipping 6929
11:23:05 root         INFO     Skipping 24223
11:23:05 root         INFO     Skipping 30412
11:23:05 root         INFO     Skipping 21230
11:23:05 root         INFO     Skipping 7124
11:23:05 root         INFO     Skipping 7516
11:23:05 root         INFO     Skipping 9231
11:23:05 root         INFO     Skipping 13222
11:23:05 root         INFO     Skipping 24928
11:23:05 root         INFO     Skipping 14466
11:23:05 root         INFO     Skipping 19685
11:23:05 root         INFO     Skipping 14008
11:23:05 root         INFO     Skipping 20480
11:23:05 root         INFO     Skipping 7126
11:23:05 root         INFO     Skipping 15792
11:23:05 root         INFO     Skipping 27571
11:23:05 root         INFO     Skipping 19109
11:23:05 root         INFO     Skipping 14066
11:23:05 root         INFO     Skipping 7103
11:23:05 root         INFO     Skipping 13479
11:23:05 root         INFO     Skipping 13475
11:23:05 root         INFO     Skipping 24237
11:23:05 root         INFO     Skipping 28365
11:23:05 root         INFO     Skipping 7118
11:23:05 root         INFO     Skipping 19909
11:23:05 root         INFO     Skipping 13664
11:23:05 root         INFO     Skipping 13467
11:23:05 root         INFO     Skipping 18743
11:23:05 root         INFO     Skipping 19881
11:23:05 root         INFO     Skipping 6970
11:23:05 root         INFO     Skipping 7286
11:23:05 root         INFO     Skipping 14047
11:23:05 root         INFO     Skipping 35569
11:23:05 root         INFO     Skipping 37741
11:23:05 root         INFO     Skipping 37697
11:23:05 root         INFO     Skipping 1453
11:23:05 root         INFO     Skipping 18818
11:23:05 root         INFO     Skipping 37745
11:23:05 root         INFO     Skipping 18836
11:23:05 root         INFO     Skipping 37441
11:23:05 root         INFO     Skipping 24207
11:23:05 root         INFO     Skipping 1483
11:23:05 root         INFO     Skipping 30395
11:23:05 root         INFO     Skipping 30432
11:23:05 root         INFO     Skipping 36969
11:23:05 root         INFO     Skipping 21533
11:23:05 root         INFO     Skipping 1352
11:23:05 root         INFO     Skipping 30390
11:23:05 root         INFO     Skipping 1149
11:23:05 root         INFO     Skipping 24202
11:23:05 root         INFO     Skipping 30389
11:23:05 root         INFO     Skipping 15891
11:23:05 root         INFO     Skipping 14488
11:23:05 root         INFO     Skipping 30528
11:23:05 root         INFO     Skipping 27597
11:23:05 root         INFO     Skipping 37737
11:23:05 root         INFO     Skipping 1557
11:23:05 root         INFO     Skipping 27609
11:23:05 root         INFO     Skipping 900
11:23:05 root         INFO     Skipping 21527
11:23:05 root         INFO     Skipping 1479
11:23:05 root         INFO     Skipping 30387
11:23:05 root         INFO     Skipping 980
11:23:05 root         INFO     Skipping 37703
11:23:05 root         INFO     Skipping 15304
11:23:05 root         INFO     Skipping 128
11:23:05 root         INFO     Skipping 14781
11:23:05 root         INFO     Skipping 15528
11:23:05 root         INFO     Skipping 25120
11:23:05 root         INFO     Skipping 33803
11:23:05 root         INFO     Skipping 20476
11:23:05 root         INFO     Skipping 27502
11:23:05 root         INFO     Skipping 13456
11:23:05 root         INFO     Skipping 27390
11:23:05 root         INFO     Skipping 15813
11:23:05 root         INFO     Skipping 7320
11:23:05 root         INFO     Skipping 20668
11:23:05 root         INFO     Skipping 38937
11:23:05 root         INFO     Skipping 37417
11:23:05 root         INFO     Skipping 13038
11:23:05 root         INFO     Skipping 6932
11:23:05 root         INFO     Skipping 14978
11:23:05 root         INFO     Skipping 17045
11:23:05 root         INFO     Skipping 22385
11:23:05 root         INFO     Skipping 7853
11:23:05 root         INFO     Skipping 14026
11:23:05 root         INFO     Skipping 14923
11:23:05 root         INFO     Skipping 7288
11:23:05 root         INFO     Skipping 7538
11:23:05 root         INFO     Skipping 13451
11:23:05 root         INFO     Skipping 25009
11:23:05 root         INFO     Skipping 9452
11:23:05 root         INFO     Skipping 20118
11:23:05 root         INFO     Skipping 20475
11:23:05 root         INFO     Skipping 14602
11:23:05 root         INFO     Skipping 7291
11:23:05 root         INFO     Skipping 13457
11:23:05 root         INFO     Skipping 7345
11:23:05 root         INFO     Skipping 35752
11:23:05 root         INFO     Skipping 31489
11:23:05 root         INFO     Skipping 15674
11:23:05 root         INFO     Skipping 31189
11:23:05 root         INFO     Skipping 21
11:23:05 root         INFO     Skipping 247
11:23:05 root         INFO     Skipping 20084
11:23:05 root         INFO     Skipping 16020
11:23:05 root         INFO     Skipping 2009
11:23:05 root         INFO     Skipping 1773
11:23:05 root         INFO     Skipping 7337
11:23:05 root         INFO     Skipping 14910
11:23:05 root         INFO     Skipping 7339
11:23:05 root         INFO     Skipping 24976
11:23:05 root         INFO     Skipping 30360
11:23:05 root         INFO     Skipping 24315
11:23:05 root         INFO     Skipping 30361
11:23:05 root         INFO     Skipping 30358
11:23:05 root         INFO     Skipping 37191
11:23:05 root         INFO     Skipping 3129
11:23:05 root         INFO     Skipping 3052
11:23:05 root         INFO     Skipping 37932
11:23:05 root         INFO     Skipping 3125
11:23:05 root         INFO     Skipping 3109
11:23:05 root         INFO     Skipping 20056
11:23:05 root         INFO     Skipping 37778
11:23:05 root         INFO     Skipping 35587
11:23:05 root         INFO     Skipping 28452
11:23:05 root         INFO     Skipping 3320
11:23:05 root         INFO     Skipping 30367
11:23:05 root         INFO     Skipping 3048
11:23:05 root         INFO     Skipping 27750
11:23:05 root         INFO     Skipping 3072
11:23:05 root         INFO     Skipping 38049
11:23:05 root         INFO     Skipping 30366
11:23:05 root         INFO     Skipping 30368
11:23:05 root         INFO     Skipping 27956
11:23:05 root         INFO     Skipping 15709
11:23:05 root         INFO     Skipping 38047
11:23:05 root         INFO     Skipping 3137
11:23:05 root         INFO     Skipping 3085
11:23:05 root         INFO     Skipping 2042
11:23:05 root         INFO     Skipping 30374
11:23:05 root         INFO     Skipping 3064
11:23:05 root         INFO     Skipping 3286
11:23:05 root         INFO     Skipping 30362
11:23:05 root         INFO     Skipping 3309
11:23:05 root         INFO     Skipping 37826
11:23:05 root         INFO     Skipping 4972
11:23:05 root         INFO     Skipping 15790
11:23:05 root         INFO     Skipping 18747
11:23:05 root         INFO     Skipping 22401
11:23:05 root         INFO     Skipping 18711
11:23:05 root         INFO     Skipping 3123
11:23:05 root         INFO     Skipping 3296
11:23:05 root         INFO     Skipping 164
11:23:05 root         INFO     Skipping 30617
11:23:05 root         INFO     Skipping 19614
11:23:05 root         INFO     Skipping 23295
11:23:05 root         INFO     Skipping 35818
11:23:05 root         INFO     Skipping 7531
11:23:05 root         INFO     Skipping 19559
11:23:05 root         INFO     Skipping 26784
11:23:05 root         INFO     Skipping 25775
11:23:05 root         INFO     Skipping 27321
11:23:05 root         INFO     Skipping 7234
11:23:05 root         INFO     Skipping 6914
11:23:05 root         INFO     Skipping 18113
11:23:05 root         INFO     Skipping 39880
11:23:05 root         INFO     Skipping 22565
11:23:05 root         INFO     Skipping 27877
11:23:05 root         INFO     Skipping 23176
11:23:05 root         INFO     Skipping 20510
11:23:05 root         INFO     Skipping 22316
11:23:07 root         INFO     Driver opened url https://www.ift.org/press/press-releases: 0.5 second load started
11:23:08 root         INFO     Driver opened url https://www.ift.org/press/press-releases/2025/january/9/ift-feeding-tomorrow-fund-opens-scholarship-applications: 0.5 second load started
11:23:09 root         DEBUG    Titles: IFT's Feeding Tomorrow Fund Opens Scholarship Applications for Food Science Students
11:23:09 root         DEBUG    Dates: 2025-01-09
11:23:09 root         DEBUG    Desc: CHICAGO – January 9, 2025 – The  Institute of Food Technologists  (IFT), a nonprofit scientific organization committed to advancing the science of food and its application across the global food system, announced this week that applications are now open for more than 90 undergraduate and graduate  scholarships  totaling over $200,000. The scholarships are courtesy of IFT’s  Feeding Tomorrow Fund  , which encourages, promotes, and rewards the excellence of students pursuing careers in the science of food. Since 1985, IFT’s Feeding Tomorrow Fund has awarded more than 2,800 scholarships and over $3 million to food science students. 

IFT’s Feeding Tomorrow Fund provides undergraduate and graduate academic scholarships in various areas, including financial need, community college transfer, first-generation college enrollment, and in fields like food engineering, sensory and consumer science, and pediatric nutrition. Additionally, travel scholarships are available for students to attend  IFT FIRST: Annual Event and Expo  , held from July 13-16, 2025, at McCormick Place in Chicago. 

Submissions are also open for the  Elwood F. Caldwell Graduate Fellowship  , which awards a $25,000 stipend. The Fellowship is open to students currently enrolled in a master’s or doctoral program in food science, focused on research that addresses the needs and demands of the global food system. 

The Fellowship was created from an endowment by long-time IFT member and Fellow, Elwood Caldwell, PhD. Caldwell is widely recognized as one of the pioneers in cereal science for his work as director of research and development for Quaker Oats. Last year’s Elwood F. Caldwell Graduate Fellowship winner was Donpon Wannasin from the University of California Davis. 

“IFT’s Feeding Tomorrow Fund supports the brightest young minds as we work to solve the biggest challenges in our global food system. We’re proud to offer our scholarship program, which is one of the largest in the nation for food science students, to foster the next generation of leaders who will help address key issues in the global food system and feed our growing population,” said Nina Steele, IFT Director, Engagement, Inclusion, and Volunteer Development. 

Applicants for all scholarships must demonstrate a commitment to the science of food, such as, but not limited to, membership in IFT. Student members gain access to various resources that assist them in their food science careers. This includes participation in the  Institute of Food Technologists Student Association  (IFTSA) and its competitions, which are among the most prestigious food science competitions for students globally. Submissions for the 2025  IFTSA competitions  are now open. Winners and finalists of the competitions will be honored at IFT FIRST. 

Last year’s scholarship winners included  Institute of Food Technologists Student Association (IFTSA) Board members  Chamali Kodikari from the University of Manitoba and Josiah Muriuki from the University of Pretoria, South Africa – Muriuki was the recipient of the inaugural  PepsiCo Academic and Travel Undergraduate Hybrid Scholarship  . IFTSA is a mission-driven, student-governed organization that supports student members and chapters and aims to develop the future leaders within the science of food. 

The application deadline for all scholarships is  February 28, 2025  . 

To learn more and apply, please visit IFT's Feeding Tomorrow Fund  Scholarships  page. Interested students may also email International Scholarship and Tuition Services at  ContactUs@applyists.com  or IFT at  feedingtomorrow@ift.org  . 

##  About Institute of Food Technologists 

The Institute of Food Technologists (IFT) is a global organization of over 11,000 individual members from more than 90 countries committed to advancing the science of food. Since 1939, IFT has brought together the brightest minds in food science, technology and related professions from academia, government, and industry to solve the world’s greatest food challenges. IFT works to ensure that its members have the resources they need to learn, grow, and innovate to advance the science of food as the population and the world evolve. IFT believes that science and innovation is essential to ensuring a global food supply that is sustainable, safe, nutritious, and accessible to all. For more information, please visit  ift.org  . 

###  Media Contacts 

Dennis Van Milligen   
Director, External Relations   
Institute of Food Technologists   
630-853-3022   
dvanmilligen@ift.org 

Frannie Comstock   
Manager, PR and Organizational Communications   
Institute of Food Technologists   
513-374-8900   
fcomstock@ift.org 

11:23:09 root         DEBUG    Agency_id 20813
11:23:09 root         DEBUG    Article Link: https://www.ift.org/press/press-releases/2025/january/9/ift-feeding-tomorrow-fund-opens-scholarship-applications
11:23:09 root         INFO     LEDE: [testlede] month: [Jan.] day: [9]
11:23:09 root         INFO     
ADDING: FILENAME: [testfilename e Students] TITLE: [IFT's Feeding Tomorrow Fund Opens Scholarship Applications for Food Science Students] DATE: [2025-01-09] ID [20813]

11:23:09 root         INFO     INVALID DATE: 2024-12-10 00:00:00
11:23:09 root         INFO     INVALID DATE: 2024-12-05 00:00:00
11:23:09 root         INFO     INVALID DATE: 2024-11-20 00:00:00
11:23:09 root         INFO     INVALID DATE: 2024-11-01 00:00:00
11:23:09 root         INFO     INVALID DATE: 2024-10-22 00:00:00
11:23:10 root         INFO     Scrape errors found during run:
11:23:10 root         INFO     []
11:23:10 root         INFO     End of file message
11:23:10 root         INFO     

Load Version 2.0.1 01/17/2025
       Docs Loaded: 1
       URLS processed: 1
       DUPS skipped: 0
       No Ledes found: 0

Passed Parameters:
       Pull House and Senate: False
       Number of days back: 30
       Start Time: 2025-01-20 11:23:01
       End Time: 2025-01-20 11:23:10
       Elapsed Time: 0:00:08
       Character Minimum Amount: 100

Errors:
Docs:
	Loaded:
		20813: IFT's Feeding Tomorrow Fund Opens Scholarship Applications for Food Science Students
