11:18:01 root         INFO     Skipping 27599
11:18:01 root         INFO     Skipping 30449
11:18:01 root         INFO     Skipping 14315
11:18:01 root         INFO     Skipping 7566
11:18:01 root         INFO     Skipping 804
11:18:01 root         INFO     Skipping 12106
11:18:01 root         INFO     Skipping 8034
11:18:01 root         INFO     Skipping 7901
11:18:01 root         INFO     Skipping 20157
11:18:01 root         INFO     Skipping 6950
11:18:01 root         INFO     Skipping 15026
11:18:01 root         INFO     Skipping 19993
11:18:01 root         INFO     Skipping 21569
11:18:01 root         INFO     Skipping 23030
11:18:01 root         INFO     Skipping 206
11:18:01 root         INFO     Skipping 16046
11:18:01 root         INFO     Skipping 16140
11:18:01 root         INFO     Skipping 16037
11:18:01 root         INFO     Skipping 43
11:18:01 root         INFO     Skipping 225
11:18:01 root         INFO     Skipping 37711
11:18:01 root         INFO     Skipping 34699
11:18:01 root         INFO     Skipping 19021
11:18:01 root         INFO     Skipping 18495
11:18:01 root         INFO     Skipping 222
11:18:01 root         INFO     Skipping 5602
11:18:01 root         INFO     Skipping 16027
11:18:01 root         INFO     Skipping 21499
11:18:01 root         INFO     Skipping 2698
11:18:01 root         INFO     Skipping 27867
11:18:01 root         INFO     Skipping 24224
11:18:01 root         INFO     Skipping 21563
11:18:01 root         INFO     Skipping 24227
11:18:01 root         INFO     Skipping 17224
11:18:01 root         INFO     Skipping 219
11:18:01 root         INFO     Skipping 23814
11:18:01 root         INFO     Skipping 15376
11:18:01 root         INFO     Skipping 19286
11:18:01 root         INFO     Skipping 28048
11:18:01 root         INFO     Skipping 543
11:18:01 root         INFO     Skipping 24233
11:18:01 root         INFO     Skipping 18735
11:18:01 root         INFO     Skipping 1066
11:18:01 root         INFO     Skipping 37680
11:18:01 root         INFO     Skipping 691
11:18:01 root         INFO     Skipping 677
11:18:01 root         INFO     Skipping 20141
11:18:01 root         INFO     Skipping 36151
11:18:01 root         INFO     Skipping 20319
11:18:01 root         INFO     Skipping 12400
11:18:01 root         INFO     Skipping 127
11:18:01 root         INFO     Skipping 20792
11:18:01 root         INFO     Skipping 17104
11:18:01 root         INFO     Skipping 24344
11:18:01 root         INFO     Skipping 19546
11:18:01 root         INFO     Skipping 15565
11:18:01 root         INFO     Skipping 13359
11:18:01 root         INFO     Skipping 17922
11:18:01 root         INFO     Skipping 22481
11:18:01 root         INFO     Skipping 20138
11:18:01 root         INFO     Skipping 119
11:18:01 root         INFO     Skipping 24
11:18:01 root         INFO     Skipping 21188
11:18:01 root         INFO     Skipping 3016
11:18:01 root         INFO     Skipping 21525
11:18:01 root         INFO     Skipping 37694
11:18:01 root         INFO     Skipping 18710
11:18:01 root         INFO     Skipping 29332
11:18:01 root         INFO     Skipping 23100
11:18:01 root         INFO     Skipping 37725
11:18:01 root         INFO     Skipping 15633
11:18:01 root         INFO     Skipping 948
11:18:01 root         INFO     Skipping 30993
11:18:01 root         INFO     Skipping 22221
11:18:01 root         INFO     Skipping 22654
11:18:01 root         INFO     Skipping 35809
11:18:01 root         INFO     Skipping 35576
11:18:01 root         INFO     Skipping 37408
11:18:01 root         INFO     Skipping 7844
11:18:01 root         INFO     Skipping 169
11:18:01 root         INFO     Skipping 20
11:18:01 root         INFO     Skipping 8022
11:18:01 root         INFO     Skipping 8032
11:18:01 root         INFO     Skipping 20605
11:18:01 root         INFO     Skipping 7838
11:18:01 root         INFO     Skipping 21497
11:18:01 root         INFO     Skipping 35572
11:18:01 root         INFO     Skipping 30425
11:18:01 root         INFO     Skipping 35517
11:18:01 root         INFO     Skipping 35524
11:18:01 root         INFO     Skipping 21522
11:18:01 root         INFO     Skipping 1325
11:18:01 root         INFO     Skipping 1079
11:18:01 root         INFO     Skipping 6973
11:18:01 root         INFO     Skipping 37495
11:18:01 root         INFO     Skipping 30405
11:18:01 root         INFO     Skipping 18767
11:18:01 root         INFO     Skipping 21521
11:18:01 root         INFO     Skipping 921
11:18:01 root         INFO     Skipping 27602
11:18:01 root         INFO     Skipping 21335
11:18:01 root         INFO     Skipping 30444
11:18:01 root         INFO     Skipping 1363
11:18:01 root         INFO     Skipping 9488
11:18:01 root         INFO     Skipping 24230
11:18:01 root         INFO     Skipping 2696
11:18:01 root         INFO     Skipping 37705
11:18:01 root         INFO     Skipping 33752
11:18:01 root         INFO     Skipping 37731
11:18:01 root         INFO     Skipping 37740
11:18:01 root         INFO     Skipping 9427
11:18:01 root         INFO     Skipping 19880
11:18:01 root         INFO     Skipping 632
11:18:01 root         INFO     Skipping 135
11:18:01 root         INFO     Skipping 39007
11:18:01 root         INFO     Skipping 551
11:18:01 root         INFO     Skipping 37304
11:18:01 root         INFO     Skipping 20115
11:18:01 root         INFO     Skipping 13362
11:18:01 root         INFO     Skipping 7333
11:18:01 root         INFO     Skipping 21423
11:18:01 root         INFO     Skipping 17653
11:18:01 root         INFO     Skipping 21152
11:18:01 root         INFO     Skipping 16031
11:18:01 root         INFO     Skipping 27074
11:18:01 root         INFO     Skipping 255
11:18:01 root         INFO     Skipping 431
11:18:01 root         INFO     Skipping 19290
11:18:01 root         INFO     Skipping 33954
11:18:01 root         INFO     Skipping 22921
11:18:01 root         INFO     Skipping 26556
11:18:01 root         INFO     Skipping 167
11:18:01 root         INFO     Skipping 15884
11:18:01 root         INFO     Skipping 30382
11:18:01 root         INFO     Skipping 30450
11:18:01 root         INFO     Skipping 27626
11:18:01 root         INFO     Skipping 37748
11:18:01 root         INFO     Skipping 715
11:18:01 root         INFO     Skipping 18734
11:18:01 root         INFO     Skipping 9485
11:18:01 root         INFO     Skipping 24231
11:18:01 root         INFO     Skipping 6221
11:18:01 root         INFO     Skipping 15392
11:18:01 root         INFO     Skipping 14466
11:18:01 root         INFO     Skipping 15025
11:18:01 root         INFO     Skipping 19760
11:18:01 root         INFO     Skipping 37095
11:18:01 root         INFO     Skipping 122
11:18:01 root         INFO     Skipping 113
11:18:01 root         INFO     Skipping 13863
11:18:01 root         INFO     Skipping 7355
11:18:01 root         INFO     Skipping 8042
11:18:01 root         INFO     Skipping 23802
11:18:01 root         INFO     Skipping 282
11:18:01 root         INFO     Skipping 7316
11:18:01 root         INFO     Skipping 16040
11:18:01 root         INFO     Skipping 7922
11:18:01 root         INFO     Skipping 16041
11:18:01 root         INFO     Skipping 28101
11:18:01 root         INFO     Skipping 3410
11:18:01 root         INFO     Skipping 7121
11:18:01 root         INFO     Skipping 17116
11:18:01 root         INFO     Skipping 20034
11:18:01 root         INFO     Skipping 6918
11:18:01 root         INFO     Skipping 22037
11:18:01 root         INFO     Skipping 14373
11:18:01 root         INFO     Skipping 13794
11:18:01 root         INFO     Skipping 13964
11:18:01 root         INFO     Skipping 6930
11:18:01 root         INFO     Skipping 19978
11:18:01 root         INFO     Skipping 14069
11:18:01 root         INFO     Skipping 14111
11:18:01 root         INFO     Skipping 6931
11:18:01 root         INFO     Skipping 14021
11:18:01 root         INFO     Skipping 37180
11:18:01 root         INFO     Skipping 35130
11:18:01 root         INFO     Skipping 19684
11:18:01 root         INFO     Skipping 28292
11:18:01 root         INFO     Skipping 30335
11:18:01 root         INFO     Skipping 14867
11:18:01 root         INFO     Skipping 23669
11:18:01 root         INFO     Skipping 6793
11:18:01 root         INFO     Skipping 15440
11:18:01 root         INFO     Skipping 23588
11:18:01 root         INFO     Skipping 10156
11:18:01 root         INFO     Skipping 30046
11:18:01 root         INFO     Skipping 39476
11:18:01 root         INFO     Skipping 37727
11:18:01 root         INFO     Skipping 33096
11:18:01 root         INFO     Skipping 32423
11:18:01 root         INFO     Skipping 30658
11:18:01 root         INFO     Skipping 18394
11:18:01 root         INFO     Skipping 19870
11:18:01 root         INFO     Skipping 15962
11:18:01 root         INFO     Skipping 702
11:18:01 root         INFO     Skipping 39478
11:18:01 root         INFO     Skipping 30435
11:18:01 root         INFO     Skipping 9445
11:18:01 root         INFO     Skipping 24173
11:18:01 root         INFO     Skipping 35554
11:18:01 root         INFO     Skipping 18733
11:18:01 root         INFO     Skipping 3962
11:18:01 root         INFO     Skipping 26659
11:18:01 root         INFO     Skipping 32135
11:18:01 root         INFO     Skipping 27843
11:18:01 root         INFO     Skipping 17658
11:18:01 root         INFO     Skipping 27186
11:18:01 root         INFO     Skipping 6922
11:18:01 root         INFO     Skipping 7317
11:18:01 root         INFO     Skipping 37607
11:18:01 root         INFO     Skipping 19748
11:18:01 root         INFO     Skipping 14979
11:18:01 root         INFO     Skipping 28256
11:18:01 root         INFO     Skipping 15000
11:18:01 root         INFO     Skipping 15725
11:18:01 root         INFO     Skipping 21561
11:18:01 root         INFO     Skipping 23098
11:18:01 root         INFO     Skipping 24231
11:18:01 root         INFO     Skipping 30469
11:18:01 root         INFO     Skipping 37819
11:18:01 root         INFO     Skipping 27605
11:18:01 root         INFO     Skipping 24799
11:18:01 root         INFO     Skipping 35571
11:18:01 root         INFO     Skipping 18750
11:18:01 root         INFO     Skipping 21564
11:18:01 root         INFO     Skipping 695
11:18:01 root         INFO     Skipping 619
11:18:01 root         INFO     Skipping 21566
11:18:01 root         INFO     Skipping 18746
11:18:01 root         INFO     Skipping 30470
11:18:01 root         INFO     Skipping 37747
11:18:01 root         INFO     Skipping 35726
11:18:01 root         INFO     Skipping 35708
11:18:01 root         INFO     Skipping 35705
11:18:01 root         INFO     Skipping 35727
11:18:01 root         INFO     Skipping 37743
11:18:01 root         INFO     Skipping 24229
11:18:01 root         INFO     Skipping 37748
11:18:01 root         INFO     Skipping 19879
11:18:01 root         INFO     Skipping 717
11:18:01 root         INFO     Skipping 35728
11:18:01 root         INFO     Skipping 37820
11:18:01 root         INFO     Skipping 30473
11:18:01 root         INFO     Skipping 37744
11:18:01 root         INFO     Skipping 28313
11:18:01 root         INFO     Skipping 37749
11:18:01 root         INFO     Skipping 15948
11:18:01 root         INFO     Skipping 35707
11:18:01 root         INFO     Skipping 35706
11:18:01 root         INFO     Skipping 35704
11:18:01 root         INFO     Skipping 18740
11:18:01 root         INFO     Skipping 18736
11:18:01 root         INFO     Skipping 183
11:18:01 root         INFO     Skipping 7887
11:18:01 root         INFO     Skipping 15551
11:18:01 root         INFO     Skipping 35562
11:18:01 root         INFO     Skipping 9423
11:18:01 root         INFO     Skipping 1519
11:18:01 root         INFO     Skipping 35489
11:18:01 root         INFO     Skipping 20880
11:18:01 root         INFO     Skipping 37235
11:18:01 root         INFO     Skipping 15882
11:18:01 root         INFO     Skipping 1169
11:18:01 root         INFO     Skipping 9463
11:18:01 root         INFO     Skipping 37685
11:18:01 root         INFO     Skipping 809
11:18:01 root         INFO     Skipping 9421
11:18:01 root         INFO     Skipping 30397
11:18:01 root         INFO     Skipping 37735
11:18:01 root         INFO     Skipping 30394
11:18:01 root         INFO     Skipping 30448
11:18:01 root         INFO     Skipping 27614
11:18:01 root         INFO     Skipping 35527
11:18:01 root         INFO     Skipping 37416
11:18:01 root         INFO     Skipping 37709
11:18:01 root         INFO     Skipping 27649
11:18:01 root         INFO     Skipping 35546
11:18:01 root         INFO     Skipping 1098
11:18:01 root         INFO     Skipping 21488
11:18:01 root         INFO     Skipping 37674
11:18:01 root         INFO     Skipping 37706
11:18:01 root         INFO     Skipping 37713
11:18:01 root         INFO     Skipping 918
11:18:01 root         INFO     Skipping 24210
11:18:01 root         INFO     Skipping 37728
11:18:01 root         INFO     Skipping 35555
11:18:01 root         INFO     Skipping 35556
11:18:01 root         INFO     Skipping 892
11:18:01 root         INFO     Skipping 38045
11:18:01 root         INFO     Skipping 829
11:18:01 root         INFO     Skipping 30468
11:18:01 root         INFO     Skipping 24186
11:18:01 root         INFO     Skipping 24194
11:18:01 root         INFO     Skipping 37693
11:18:01 root         INFO     Skipping 30429
11:18:01 root         INFO     Skipping 1249
11:18:01 root         INFO     Skipping 30434
11:18:01 root         INFO     Skipping 24199
11:18:01 root         INFO     Skipping 37688
11:18:01 root         INFO     Skipping 23853
11:18:01 root         INFO     Skipping 30456
11:18:01 root         INFO     Skipping 1036
11:18:01 root         INFO     Skipping 30436
11:18:01 root         INFO     Skipping 37690
11:18:01 root         INFO     Skipping 36428
11:18:01 root         INFO     Skipping 37721
11:18:01 root         INFO     Skipping 27646
11:18:01 root         INFO     Skipping 24187
11:18:01 root         INFO     Skipping 35551
11:18:01 root         INFO     Skipping 925
11:18:01 root         INFO     Skipping 21570
11:18:01 root         INFO     Skipping 21536
11:18:01 root         INFO     Skipping 604
11:18:01 root         INFO     Skipping 21562
11:18:01 root         INFO     Skipping 21572
11:18:01 root         INFO     Skipping 17884
11:18:01 root         INFO     Skipping 235
11:18:01 root         INFO     Skipping 2909
11:18:01 root         INFO     Skipping 21487
11:18:01 root         INFO     Skipping 27644
11:18:01 root         INFO     Skipping 37722
11:18:01 root         INFO     Skipping 24175
11:18:01 root         INFO     Skipping 27637
11:18:01 root         INFO     Skipping 9424
11:18:01 root         INFO     Skipping 24181
11:18:01 root         INFO     Skipping 37676
11:18:01 root         INFO     Skipping 15912
11:18:01 root         INFO     Skipping 1004
11:18:01 root         INFO     Skipping 15922
11:18:01 root         INFO     Skipping 21523
11:18:01 root         INFO     Skipping 14489
11:18:01 root         INFO     Skipping 18756
11:18:01 root         INFO     Skipping 23549
11:18:01 root         INFO     Skipping 30414
11:18:01 root         INFO     Skipping 2505
11:18:01 root         INFO     Skipping 28735
11:18:01 root         INFO     Skipping 599
11:18:01 root         INFO     Skipping 24124
11:18:01 root         INFO     Skipping 24218
11:18:01 root         INFO     Skipping 19874
11:18:01 root         INFO     Skipping 2175
11:18:01 root         INFO     Skipping 21467
11:18:01 root         INFO     Skipping 30525
11:18:01 root         INFO     Skipping 24176
11:18:01 root         INFO     Skipping 15949
11:18:01 root         INFO     Skipping 27630
11:18:01 root         INFO     Skipping 27632
11:18:01 root         INFO     Skipping 606
11:18:01 root         INFO     Skipping 27629
11:18:01 root         INFO     Skipping 24228
11:18:01 root         INFO     Skipping 562
11:18:01 root         INFO     Skipping 21633
11:18:01 root         INFO     Skipping 24225
11:18:01 root         INFO     Skipping 18725
11:18:01 root         INFO     Skipping 21567
11:18:01 root         INFO     Skipping 27628
11:18:01 root         INFO     Skipping 12921
11:18:01 root         INFO     Skipping 47
11:18:01 root         INFO     Skipping 8101
11:18:01 root         INFO     Skipping 27936
11:18:01 root         INFO     Skipping 23089
11:18:01 root         INFO     Skipping 15911
11:18:01 root         INFO     Skipping 30472
11:18:01 root         INFO     Skipping 35703
11:18:01 root         INFO     Skipping 30475
11:18:01 root         INFO     Skipping 18739
11:18:01 root         INFO     Skipping 30378
11:18:01 root         INFO     Skipping 21
11:18:01 root         INFO     Skipping 32904
11:18:01 root         INFO     Skipping 24169
11:18:01 root         INFO     Skipping 27616
11:18:01 root         INFO     Skipping 546
11:18:01 root         INFO     Skipping 125
11:18:01 root         INFO     Skipping 432
11:18:01 root         INFO     Skipping 23572
11:18:01 root         INFO     Skipping 1
11:18:01 root         INFO     Skipping 10
11:18:01 root         INFO     Skipping 72
11:18:01 root         INFO     Skipping 106
11:18:01 root         INFO     Skipping 804
11:18:01 root         INFO     Skipping 697
11:18:01 root         INFO     Skipping 166
11:18:01 root         INFO     Skipping 37667
11:18:01 root         INFO     Skipping 24234
11:18:01 root         INFO     Skipping 34781
11:18:01 root         INFO     Skipping 44
11:18:01 root         INFO     Skipping 2434
11:18:01 root         INFO     Skipping 7307
11:18:01 root         INFO     Skipping 7280
11:18:01 root         INFO     Skipping 14197
11:18:01 root         INFO     Skipping 6929
11:18:01 root         INFO     Skipping 24223
11:18:01 root         INFO     Skipping 30412
11:18:01 root         INFO     Skipping 21230
11:18:01 root         INFO     Skipping 7124
11:18:01 root         INFO     Skipping 7516
11:18:01 root         INFO     Skipping 9231
11:18:01 root         INFO     Skipping 13222
11:18:01 root         INFO     Skipping 24928
11:18:01 root         INFO     Skipping 14466
11:18:01 root         INFO     Skipping 19685
11:18:01 root         INFO     Skipping 14008
11:18:01 root         INFO     Skipping 20480
11:18:01 root         INFO     Skipping 7126
11:18:01 root         INFO     Skipping 15792
11:18:01 root         INFO     Skipping 27571
11:18:01 root         INFO     Skipping 19109
11:18:01 root         INFO     Skipping 14066
11:18:01 root         INFO     Skipping 7103
11:18:01 root         INFO     Skipping 13479
11:18:01 root         INFO     Skipping 13475
11:18:01 root         INFO     Skipping 24237
11:18:01 root         INFO     Skipping 28365
11:18:01 root         INFO     Skipping 7118
11:18:01 root         INFO     Skipping 19909
11:18:01 root         INFO     Skipping 13664
11:18:01 root         INFO     Skipping 13467
11:18:01 root         INFO     Skipping 18743
11:18:01 root         INFO     Skipping 19881
11:18:01 root         INFO     Skipping 6970
11:18:01 root         INFO     Skipping 7286
11:18:01 root         INFO     Skipping 14047
11:18:01 root         INFO     Skipping 35569
11:18:01 root         INFO     Skipping 37741
11:18:01 root         INFO     Skipping 37697
11:18:01 root         INFO     Skipping 1453
11:18:01 root         INFO     Skipping 18818
11:18:01 root         INFO     Skipping 37745
11:18:01 root         INFO     Skipping 18836
11:18:01 root         INFO     Skipping 37441
11:18:01 root         INFO     Skipping 24207
11:18:01 root         INFO     Skipping 1483
11:18:01 root         INFO     Skipping 30395
11:18:01 root         INFO     Skipping 30432
11:18:01 root         INFO     Skipping 36969
11:18:01 root         INFO     Skipping 21533
11:18:01 root         INFO     Skipping 1352
11:18:01 root         INFO     Skipping 30390
11:18:01 root         INFO     Skipping 1149
11:18:01 root         INFO     Skipping 24202
11:18:01 root         INFO     Skipping 30389
11:18:01 root         INFO     Skipping 15891
11:18:01 root         INFO     Skipping 14488
11:18:01 root         INFO     Skipping 30528
11:18:01 root         INFO     Skipping 27597
11:18:01 root         INFO     Skipping 37737
11:18:01 root         INFO     Skipping 1557
11:18:01 root         INFO     Skipping 27609
11:18:01 root         INFO     Skipping 900
11:18:01 root         INFO     Skipping 21527
11:18:01 root         INFO     Skipping 1479
11:18:01 root         INFO     Skipping 30387
11:18:01 root         INFO     Skipping 980
11:18:01 root         INFO     Skipping 37703
11:18:01 root         INFO     Skipping 15304
11:18:01 root         INFO     Skipping 128
11:18:01 root         INFO     Skipping 14781
11:18:01 root         INFO     Skipping 15528
11:18:01 root         INFO     Skipping 25120
11:18:01 root         INFO     Skipping 33803
11:18:01 root         INFO     Skipping 20476
11:18:01 root         INFO     Skipping 27502
11:18:01 root         INFO     Skipping 13456
11:18:01 root         INFO     Skipping 27390
11:18:01 root         INFO     Skipping 15813
11:18:01 root         INFO     Skipping 7320
11:18:01 root         INFO     Skipping 20668
11:18:01 root         INFO     Skipping 38937
11:18:01 root         INFO     Skipping 37417
11:18:01 root         INFO     Skipping 13038
11:18:01 root         INFO     Skipping 6932
11:18:01 root         INFO     Skipping 14978
11:18:01 root         INFO     Skipping 17045
11:18:01 root         INFO     Skipping 22385
11:18:01 root         INFO     Skipping 7853
11:18:01 root         INFO     Skipping 14026
11:18:01 root         INFO     Skipping 14923
11:18:01 root         INFO     Skipping 7288
11:18:01 root         INFO     Skipping 7538
11:18:01 root         INFO     Skipping 13451
11:18:01 root         INFO     Skipping 25009
11:18:01 root         INFO     Skipping 9452
11:18:01 root         INFO     Skipping 20118
11:18:01 root         INFO     Skipping 20475
11:18:01 root         INFO     Skipping 14602
11:18:01 root         INFO     Skipping 7291
11:18:01 root         INFO     Skipping 13457
11:18:01 root         INFO     Skipping 7345
11:18:01 root         INFO     Skipping 35752
11:18:01 root         INFO     Skipping 31489
11:18:01 root         INFO     Skipping 15674
11:18:01 root         INFO     Skipping 31189
11:18:01 root         INFO     Skipping 21
11:18:01 root         INFO     Skipping 247
11:18:01 root         INFO     Skipping 20084
11:18:01 root         INFO     Skipping 16020
11:18:01 root         INFO     Skipping 2009
11:18:01 root         INFO     Skipping 1773
11:18:01 root         INFO     Skipping 7337
11:18:01 root         INFO     Skipping 14910
11:18:01 root         INFO     Skipping 7339
11:18:01 root         INFO     Skipping 24976
11:18:01 root         INFO     Skipping 30360
11:18:01 root         INFO     Skipping 24315
11:18:01 root         INFO     Skipping 30361
11:18:01 root         INFO     Skipping 30358
11:18:01 root         INFO     Skipping 37191
11:18:01 root         INFO     Skipping 3129
11:18:01 root         INFO     Skipping 3052
11:18:01 root         INFO     Skipping 37932
11:18:01 root         INFO     Skipping 3125
11:18:01 root         INFO     Skipping 3109
11:18:01 root         INFO     Skipping 20056
11:18:01 root         INFO     Skipping 37778
11:18:01 root         INFO     Skipping 35587
11:18:01 root         INFO     Skipping 28452
11:18:01 root         INFO     Skipping 3320
11:18:01 root         INFO     Skipping 30367
11:18:01 root         INFO     Skipping 3048
11:18:01 root         INFO     Skipping 27750
11:18:01 root         INFO     Skipping 3072
11:18:01 root         INFO     Skipping 38049
11:18:01 root         INFO     Skipping 30366
11:18:01 root         INFO     Skipping 30368
11:18:01 root         INFO     Skipping 27956
11:18:01 root         INFO     Skipping 15709
11:18:01 root         INFO     Skipping 38047
11:18:01 root         INFO     Skipping 3137
11:18:01 root         INFO     Skipping 3085
11:18:01 root         INFO     Skipping 2042
11:18:01 root         INFO     Skipping 30374
11:18:01 root         INFO     Skipping 3064
11:18:01 root         INFO     Skipping 3286
11:18:01 root         INFO     Skipping 30362
11:18:01 root         INFO     Skipping 3309
11:18:01 root         INFO     Skipping 37826
11:18:01 root         INFO     Skipping 4972
11:18:01 root         INFO     Skipping 15790
11:18:01 root         INFO     Skipping 18747
11:18:01 root         INFO     Skipping 22401
11:18:01 root         INFO     Skipping 18711
11:18:01 root         INFO     Skipping 3123
11:18:01 root         INFO     Skipping 3296
11:18:01 root         INFO     Skipping 164
11:18:01 root         INFO     Skipping 30617
11:18:01 root         INFO     Skipping 19614
11:18:01 root         INFO     Skipping 23295
11:18:01 root         INFO     Skipping 35818
11:18:01 root         INFO     Skipping 7531
11:18:01 root         INFO     Skipping 19559
11:18:01 root         INFO     Skipping 26784
11:18:01 root         INFO     Skipping 25775
11:18:01 root         INFO     Skipping 27321
11:18:01 root         INFO     Skipping 7234
11:18:01 root         INFO     Skipping 6914
11:18:01 root         INFO     Skipping 18113
11:18:01 root         INFO     Skipping 39880
11:18:01 root         INFO     Skipping 22565
11:18:01 root         INFO     Skipping 27877
11:18:01 root         INFO     Skipping 23176
11:18:01 root         INFO     Skipping 20510
11:18:02 root         INFO     Driver opened url https://www.theamericanconsumer.org/category/news/: 0.5 second load started
11:18:02 root         INFO     Driver opened url https://www.theamericanconsumer.org/2025/01/tiktok-v-garland-a-golden-chance-for-comprehensive-privacy-reforms/: 0.5 second load started
11:18:03 root         DEBUG    Titles: TikTok v. Garland: A Golden Chance for Comprehensive Privacy Reforms
11:18:03 root         DEBUG    Dates: 2025-01-17
11:18:03 root         DEBUG    Desc: Washington, D.C.  — The Supreme Court has issued its opinion in  TikTok v. Garland  , allowing the  Protecting Americans from Foreign Adversary Controlled Applications Act,  (PAFACA) to go into effect on January 19, 2025. The decision paves the way for targeted restrictions on TikTok and its parent company, ByteDance, but highlights the need for more comprehensive data privacy legislation. 

The American Consumer Institute (ACI), which has extensively written on the weaknesses of efforts targeting only specific companies (  here  and  here  ), views this ruling as an opportunity for Congress to pivot toward crafting a uniform data privacy framework that protects all Americans, regardless of the platform. 

“The issues discussed in this case are not new,” said Logan Kolas, Director of Tech Policy at ACI. “While PAFACA addresses concerns about TikTok and its ties to the Chinese government, it’s clear that a piecemeal approach to data privacy leaves gaps in protecting Americans from other potential threats. A comprehensive, uniform framework is essential for safeguarding personal data across all platforms and sectors.” 

This lack of a comprehensive data privacy framework complicates efforts to address the risks associated with single entities. In the absence of clear, overarching guidelines for data handling and security, legislative solutions are inevitably piecemeal, focusing narrowly on individual companies rather than establishing uniform standards applicable across the tech sector. A more comprehensive approach would provide neutral, enforceable tools to regulate any company—domestic or foreign—found to be violating data privacy or security requirements. 

ACI’s Call for Comprehensive Reform 

ACI asserts that a narrow focus on individual companies like TikTok cannot replace the need for a clear and enforceable data privacy framework. Such a framework would: 

  * Apply to all companies, foreign and domestic. 
  * Address risks from data misuse and unauthorized access across the board. 
  * Provide a neutral, enforceable standard to protect consumer data comprehensively. 



“This decision and the issues it addressed highlight some of the weaknesses of our data privacy approach,” said Tirzah Duren, President of ACI. “Only through comprehensive legislation can we effectively address the risks posed by foreign adversaries while ensuring a secure and competitive digital economy.” 

About the American Consumer Institute 

The American Consumer Institute Center for Citizen Research is a 501(c)(3) nonprofit organization focused on consumer welfare through research and education. ACI examines how public policies affect consumers and advocates for outcomes that improve consumer well-being. 

For media inquiries, please email  Ben@theamericanconsumer.org  to inquire about the above content. 

The American Consumer Institute is a nonprofit education and research organization. For more information about the Institute, visit  www.TheAmericanConsumer.Org  or follow us on Twitter (X) @ConsumerPal. 

Share: 

11:18:03 root         DEBUG    Agency_id 22316
11:18:03 root         DEBUG    Article Link: https://www.theamericanconsumer.org/2025/01/tiktok-v-garland-a-golden-chance-for-comprehensive-privacy-reforms/
11:18:03 root         INFO     LEDE: [testlede] month: [Jan.] day: [17]
11:18:03 root         INFO     
ADDING: FILENAME: [testfilename cy Reforms] TITLE: [TikTok v. Garland: A Golden Chance for Comprehensive Privacy Reforms] DATE: [2025-01-17] ID [22316]

11:18:03 root         INFO     Driver opened url https://www.theamericanconsumer.org/2025/01/american-consumer-institute-announces-the-promotion-of-nate-scherer/: 0.5 second load started
11:18:04 root         DEBUG    Titles: American Consumer Institute Announces the Promotion of Nate Scherer
11:18:04 root         DEBUG    Dates: 2025-01-16
11:18:04 root         DEBUG    Desc: Arlington, VA  – The American Consumer Institute (ACI), a leading nonprofit educational and research organization, is excited to announce the promotion of Nate Scherer to Director of Finance Policy. In this role, Scherer will research and write on a diverse range of consumer finance topics including insurance, banking, and fintech policy. Because of his prior experience, he will continue to provide support, as needed, the ACI’s tech staff on issues involving broadband and wireless public policy. 

Scherer joined ACI in March 2022, and most recently served as a Policy Analyst for the organization where he focused on telecommunications and financial services, and where he collaborated with colleagues on other pressing issues. Before that, he worked as a Policy Analyst at the Reason Foundation and several other nonprofits including the Texas Public Policy Foundation and the Leadership Institute. 

In a statement on his new role, Scherer shared: “I am thrilled to be stepping into this new role to help better protect consumers’ financial interests and grateful for the opportunity. I can’t wait to get started.” 

About the American Consumer Institute 

The American Consumer Institute Center for Citizen Research is a 501(c)(3) nonprofit educational and research organization dedicated to representing the interests of consumers. ACI believes that traditional advocacy and consumer organizations often represent only small subsets of consumers or special interests, neglecting the broader, often unintended consequences of policies. ACI’s mission is to provide empirical analysis of consumer economic welfare and advocate for policies that positively impact consumers. 

For media inquiries, please email  Ben@theamericanconsumer.org  to inquire about the above content. 

The American Consumer Institute is a nonprofit education and research organization. For more information about the Institute, visit  www.TheAmericanConsumer.Org  or follow us on Twitter (X) @ConsumerPal. 

Share: 

11:18:04 root         DEBUG    Agency_id 22316
11:18:04 root         DEBUG    Article Link: https://www.theamericanconsumer.org/2025/01/american-consumer-institute-announces-the-promotion-of-nate-scherer/
11:18:04 root         INFO     LEDE: [testlede] month: [Jan.] day: [16]
11:18:04 root         INFO     
ADDING: FILENAME: [testfilename te Scherer] TITLE: [American Consumer Institute Announces the Promotion of Nate Scherer] DATE: [2025-01-16] ID [22316]

11:18:04 root         INFO     Driver opened url https://www.theamericanconsumer.org/2025/01/american-consumer-institute-announces-the-promotion-of-tirzah-duren-to-president/: 0.5 second load started
11:18:05 root         DEBUG    Titles: American Consumer Institute Announces the Promotion of Tirzah Duren to President
11:18:05 root         DEBUG    Dates: 2025-01-15
11:18:05 root         DEBUG    Desc: Washington, D.C.  — The American Consumer Institute (ACI), a leader in consumer-centric policy analysis, is pleased to announce the promotion of Tirzah Duren as the organization’s new President. In this role, Duren will collaborate across ACI teams and engage with key stakeholders to build upon ACI’s strong foundation of delivering impactful analyses on the consumer implications of government proposals and actions. 

Duren joined ACI in 2022 and most recently served as Vice President of Policy and Research. During her tenure, she has been instrumental in driving organizational growth and expanding ACI’s research into new and critical policy areas. 

“We are thrilled to have Tirzah step into this leadership role,” said Steve Pociask, CEO of ACI. “Tirzah’s dedication, expertise, and vision have been invaluable to our growth, and we are confident that she will excel in her new responsibilities.” 

Reflecting on her new role, Duren shared: “Joining this organization was an easy decision for me because I’ve always believed in the power of policy to make lives better, especially when it’s shaped with the consumer at the center. Policy, at its best, isn’t just about rules or guidelines — it’s about creating a tangible positive impact for individuals and families. This organization has always been about making a difference, and I’m committed to ensuring that our work continues to reflect the values and excellence that define us.” 

About the American Consumer Institute 

The American Consumer Institute Center for Citizen Research is a 501(c)(3) nonprofit educational and research organization dedicated to representing the interests of consumers. ACI believes that traditional advocacy and consumer organizations often represent only small subsets of consumers or special interests, neglecting the broader, often unintended consequences of policies. ACI’s mission is to provide empirical analysis of consumer economic welfare and advocate for policies that positively impact consumers. 

For media inquiries, please email  Ben@theamericanconsumer.org  to inquire about the above content. 

The American Consumer Institute is a nonprofit education and research organization. For more information about the Institute, visit  www.TheAmericanConsumer.Org  or follow us on Twitter (X) @ConsumerPal. 

Share: 

11:18:05 root         DEBUG    Agency_id 22316
11:18:05 root         DEBUG    Article Link: https://www.theamericanconsumer.org/2025/01/american-consumer-institute-announces-the-promotion-of-tirzah-duren-to-president/
11:18:05 root         INFO     LEDE: [testlede] month: [Jan.] day: [15]
11:18:05 root         INFO     
ADDING: FILENAME: [testfilename  President] TITLE: [American Consumer Institute Announces the Promotion of Tirzah Duren to President] DATE: [2025-01-15] ID [22316]

11:18:05 root         INFO     Driver opened url https://www.theamericanconsumer.org/2025/01/11th-hour-antitrust-cases-reflect-troubling-patterns-of-politicization/: 0.5 second load started
11:18:06 root         DEBUG    Titles: 11th-Hour Antitrust Cases Reflect Troubling Patterns of Politicization
11:18:06 root         DEBUG    Dates: 2025-01-15
11:18:06 root         DEBUG    Desc: Arlington, VA  – In a concerning trend, the Department of Justice (DOJ) has dropped antitrust cases against  landlords  ,  oil companies  , a  travel management company  , and  investment advisors  —mere weeks before a new administration assumes office. 

Tirzah Duren, President of the American Consumer Institute (ACI), criticized the timing and approach, stating: 

  
“The DOJ and the Federal Trade Commission (FTC) have significantly eroded their credibility by pursuing cases that seem more politically motivated than rooted in sound economic principles. Dropping cases at the eleventh hour before a transition of power perpetuates the troubling politicization of antitrust enforcement.” 

Under the Biden Administration, antitrust policy has gained heightened visibility in political discourse. However, for consumers, this prominence has often come at the expense of the Consumer Welfare Standard, which prioritizes consumer harm as the cornerstone for determining the legitimacy of antitrust cases. Instead, agencies have increasingly pursued cases based on structuralist measurements, such as market size, with insufficient regard for the consumer benefits that could be jeopardized. 

While the merits of each case may vary, the abrupt nature of these decisions suggests a broader pattern: a last-ditch effort to cement controversial enforcement trends that have historically undermined consumer interests. 

The American Consumer Institute remains committed to antitrust principles and policies that genuinely protect consumers, ensuring that enforcement efforts prioritize measurable consumer harm over politicized objectives. 

For media inquiries, please email  Ben@theamericanconsumer.org  to inquire about the above content. 

The American Consumer Institute is a nonprofit education and research organization. For more information about the Institute, visit  www.TheAmericanConsumer.Org  or follow us on Twitter (X) @ConsumerPal. 

Share: 

11:18:06 root         DEBUG    Agency_id 22316
11:18:06 root         DEBUG    Article Link: https://www.theamericanconsumer.org/2025/01/11th-hour-antitrust-cases-reflect-troubling-patterns-of-politicization/
11:18:06 root         INFO     LEDE: [testlede] month: [Jan.] day: [15]
11:18:06 root         INFO     
ADDING: FILENAME: [testfilename ticization] TITLE: [11th-Hour Antitrust Cases Reflect Troubling Patterns of Politicization] DATE: [2025-01-15] ID [22316]

11:18:06 root         INFO     Driver opened url https://www.theamericanconsumer.org/2025/01/aci-signs-letter-to-federal-reserve-regarding-november-insurance-capital-report/: 0.5 second load started
11:18:07 root         DEBUG    Titles: ACI signs letter to Federal Reserve regarding November Insurance Capital Report
11:18:07 root         DEBUG    Dates: 2025-01-13
11:18:07 root         DEBUG    Desc: Arlington, VA  – The American Consumer Institute (ACI) is happy to report that it has signed a coalition letter to the Federal Reserve offering comment on a November Insurance Capital Standard report. ACI believes any reforms to existing insurance standards and regulations that impact U.S. insurers and taxpayers should occur at the local level and involve state legislative bodies. They do not need initial approval by international and semi-governmental organizations that provide little public disclosure and are not directly accountable to the American people. 

To learn more about the comment letter, read the full letter  here  . 

For media inquiries, please email  Ben@theamericanconsumer.org  to inquire about the above content. 

The American Consumer Institute is a nonprofit education and research organization. For more information about the Institute, visit  www.TheAmericanConsumer.Org  or follow us on Twitter (X) @ConsumerPal. 

Comment Letter on Insurance Capital Standard Report–1.6.2025  Download 

Share: 

11:18:07 root         DEBUG    Agency_id 22316
11:18:07 root         DEBUG    Article Link: https://www.theamericanconsumer.org/2025/01/aci-signs-letter-to-federal-reserve-regarding-november-insurance-capital-report/
11:18:07 root         INFO     LEDE: [testlede] month: [Jan.] day: [13]
11:18:07 root         INFO     
ADDING: FILENAME: [testfilename tal Report] TITLE: [ACI signs letter to Federal Reserve regarding November Insurance Capital Report] DATE: [2025-01-13] ID [22316]

11:18:07 root         INFO     Driver opened url https://www.theamericanconsumer.org/2025/01/new-year-new-policies-acis-2025-resolution-for-consumers/: 0.5 second load started
11:18:08 root         DEBUG    Titles: New Year, New Policies - ACI's 2025 Resolution for Consumers
11:18:08 root         DEBUG    Dates: 2025-01-08
11:18:08 root         DEBUG    Desc: Arlington, VA  – The American Consumer Institute (ACI) has announced its 2025 policy resolutions aimed at safeguarding consumer welfare through robust research and advocacy. These initiatives target pressing issues in energy, healthcare, technology, and financial services, ensuring consumers have access to affordable, high-quality products and services while preserving competition and innovation. 

Key Takeaways: 

  * Energy Reform: 
    * Support for nuclear energy expansion as a reliable, cost-effective solution for future power needs. 
    * Advocacy for streamlined permitting processes to reduce delays and bring affordable energy projects online faster. 
    * Opposition to harmful EPA regulations that distort markets and undermine energy reliability and affordability. 
  * Healthcare and Pharmaceutical Access: 
    * Highlighting delays in FDA vape product approvals, which limit access to effective smoking cessation tools. 
    * Promoting transparency in pharmacy benefit managers (PBMs) to lower prescription drug prices. 
    * Supporting balanced intellectual property policies to accelerate access to affordable generic medications. 
  * Technology and Innovation: 
    * Calling for federal data privacy standards that enhance consumer protection without stifling innovation. 
    * Advocating for pro-innovation AI policies to streamline regulations and foster interstate collaboration. 
    * Opposing heavy-handed net neutrality regulations that impede broadband expansion. 
  * Antitrust and Financial Markets: 
    * Preserving the consumer welfare standard in antitrust enforcement to ensure practical consumer benefits. 
    * Supporting data-driven antitrust methodologies that reflect dynamic market realities. 
    * Advocating for market-driven insurance and financial policies to protect consumer access and affordability. 



ACI invites policymakers, industry leaders, and the public to join its efforts in crafting and advocating for policies that prioritize consumer interests. By addressing these critical issues through data-driven research and thoughtful advocacy, ACI aims to ensure 2025 is a year of meaningful progress for consumers across the nation. 

For media inquiries, please email  Ben@theamericanconsumer.org  to inquire about the above content. 

The American Consumer Institute is a nonprofit education and research organization. For more information about the Institute, visit  www.TheAmericanConsumer.Org  or follow us on Twitter (X) @ConsumerPal. 

Final – ACI 2025 New Policies  Download 

Share: 

11:18:08 root         DEBUG    Agency_id 22316
11:18:08 root         DEBUG    Article Link: https://www.theamericanconsumer.org/2025/01/new-year-new-policies-acis-2025-resolution-for-consumers/
11:18:08 root         INFO     LEDE: [testlede] month: [Jan.] day: [8]
11:18:08 root         INFO     
ADDING: FILENAME: [testfilename  Consumers] TITLE: [New Year, New Policies - ACI's 2025 Resolution for Consumers] DATE: [2025-01-08] ID [22316]

11:18:08 root         INFO     Driver opened url https://www.theamericanconsumer.org/2025/01/aci-files-comments-with-the-fcc-on-wireless-spectrum-transaction/: 0.5 second load started
11:18:09 root         DEBUG    Titles: ACI files comments with the FCC on wireless spectrum transaction
11:18:09 root         DEBUG    Dates: 2025-01-08
11:18:09 root         DEBUG    Desc: Arlington, VA  – The American Consumer Institute (ACI) has submitted comments to the Federal Communications Commission regarding a recent wireless spectrum transaction. The transaction aims to strengthen competition, improve wireless services, and expand connectivity for underserved rural communities. ACI believes that this transaction will enhance network capabilities, reduce costs for consumers, and contribute to closing the digital divide. 

To learn more about the transaction, read the full filing  here  . 

For media inquiries, please email  Ben@theamericanconsumer.org  to inquire about the above content. 

The American Consumer Institute is a nonprofit education and research organization. For more information about the Institute, visit  www.TheAmericanConsumer.Org  or follow us on Twitter (X) @ConsumerPal. 

Share: 

11:18:09 root         DEBUG    Agency_id 22316
11:18:09 root         DEBUG    Article Link: https://www.theamericanconsumer.org/2025/01/aci-files-comments-with-the-fcc-on-wireless-spectrum-transaction/
11:18:09 root         INFO     LEDE: [testlede] month: [Jan.] day: [8]
11:18:09 root         INFO     
ADDING: FILENAME: [testfilename ransaction] TITLE: [ACI files comments with the FCC on wireless spectrum transaction] DATE: [2025-01-08] ID [22316]

11:18:09 root         INFO     Driver opened url https://www.theamericanconsumer.org/2025/01/aci-calls-on-increased-pricing-transparency-in-new-jersey-healthcare/: 0.5 second load started
11:18:10 root         DEBUG    Titles: ACI Calls on Increased Pricing Transparency in New Jersey Healthcare
11:18:10 root         DEBUG    Dates: 2025-01-07
11:18:10 root         DEBUG    Desc: ARLINGTON, VIRGINIA  – States across the country are grappling with the alarming rise in healthcare costs, and New Jersey is no different. A recent survey found that a staggering  85%  of Garden State residents are worried about their ability to afford healthcare. To combat this growing crisis, ACI applauds efforts to increase transparency in hospital pricing and protect patients from unexpected financial burdens. 

In addition to pricing transparency, healthcare leaders must remain committed to containing costs. In New Jersey, an agreement among hospitals known as the  Health Care Affordability, Responsibility, and Transparency (HART) Program  can provide some relief. The HART Program is not a mandate but a voluntary pact between state leaders and executives in the healthcare industry. Hospitals and insurers willingly agreed to “  cost growth benchmarks  ” to curb price hikes and improve cost transparency. ACI encourages every group involved to remain accountable to their prior commitment. See the latest reports  here  . 

Healthcare  cost increases  in the past 20 years have outpaced inflation, making it less affordable for patients. Such increases mean lawmakers should be prioritizing ways to make such a vital expenditure more affordable. Pricing transparency is one such solution. Straightforward healthcare pricing alleviates financial burdens, reduces anxiety around healthcare costs, empowers patients to make informed decisions and encourages competition among healthcare providers. 

Recent efforts have been made at the federal and state levels to regulate pricing transparency and make it easier for patients to understand the cost of a procedure before receiving a bill. Yet only less than  10%  of New Jersey hospitals fully comply with the Centers for Medicare and Medicaid Services’ (CMS) federal regulations on pricing transparency, according to a consumer advocacy group known as  Patient Rights Advocate  . 

State Senator Joe Vitale recently introduced a  bill  in New Jersey, which essentially mirrors the CMS regulations already required, but gives the state power to actually enforce hospital compliance. New Jersey residents deserve more from their healthcare leaders.   
  
If New Jersey remains committed to the voluntary  HART Program  and improves pricing transparency, residents will be better served, and the healthcare system will be more accessible and affordable. 

For media inquiries, please  email  Ben@theamericanconsumer.org  to inquire about the above content. 

The American Consumer Institute is a nonprofit education and research organization. For more information about the Institute, visit  www.TheAmericanConsumer.Org  or follow us on X @ConsumerPal. 

Share: 

11:18:10 root         DEBUG    Agency_id 22316
11:18:10 root         DEBUG    Article Link: https://www.theamericanconsumer.org/2025/01/aci-calls-on-increased-pricing-transparency-in-new-jersey-healthcare/
11:18:10 root         INFO     LEDE: [testlede] month: [Jan.] day: [7]
11:18:10 root         INFO     
ADDING: FILENAME: [testfilename Healthcare] TITLE: [ACI Calls on Increased Pricing Transparency in New Jersey Healthcare] DATE: [2025-01-07] ID [22316]

11:18:10 root         INFO     Driver opened url https://www.theamericanconsumer.org/2025/01/aci-applauds-the-end-to-onerous-broadband-regulations/: 0.5 second load started
11:18:10 root         DEBUG    Titles: ACI Applauds the End to Onerous Broadband Regulations
11:18:10 root         DEBUG    Dates: 2025-01-03
11:18:10 root         DEBUG    Desc: Arlington, VA  – Yesterday’s unanimous  decision  by the Federal Circuit Court in Cincinnati puts a stop to the FCC’s more recent attempt to reclassify broadband services from an information service to a public utility-like service, subject to onerous regulations. That decision will end, for now, the potential cascade of regulatory costs that would have foreclosed innovative business opportunities in information technologies, reduced broadband growth, increased consumer prices, and discouraged new investment in network infrastructure. To quote the American Consumer Institute’s Nate Scherer, “This week’s decision is a win for consumers. The internet is not broken and certainly does not need top-down, utility-style regulations. Consumers already enjoy a wide range of benefits including faster and more widely available internet service at declining prices. This decision will help safeguard these benefits for years to come.” 

* * *

For media inquiries, please email  Ben@theamericanconsumer.org  to inquire about the above content. 

The American Consumer Institute is a nonprofit education and research organization. For more information about the Institute, visit  www.TheAmericanConsumer.Org  or follow us on Twitter (X) @ConsumerPal. 

Share: 

11:18:10 root         DEBUG    Agency_id 22316
11:18:10 root         DEBUG    Article Link: https://www.theamericanconsumer.org/2025/01/aci-applauds-the-end-to-onerous-broadband-regulations/
11:18:10 root         INFO     LEDE: [testlede] month: [Jan.] day: [3]
11:18:11 root         INFO     
ADDING: FILENAME: [testfilename egulations] TITLE: [ACI Applauds the End to Onerous Broadband Regulations] DATE: [2025-01-03] ID [22316]

11:18:11 root         INFO     Driver opened url https://www.theamericanconsumer.org/2024/12/aci-urges-balanced-approach-to-foster-competition-and-innovation-in-air-transportation/: 0.5 second load started
11:18:11 root         DEBUG    Titles: ACI Urges Balanced Approach to Foster Competition and Innovation in Air Transportation
11:18:11 root         DEBUG    Dates: 2024-12-23
11:18:11 root         DEBUG    Desc: Arlington, VA  — The American Consumer Institute (ACI), has submitted comments to the Department of Justice (DOJ) and Department of Transportation (DOT) in response to their Request for Information (RFI) on competition in air transportation. The comments highlight the immense consumer benefits achieved through airline deregulation, caution against regulatory missteps that could harm competition, and provide recommendations for reforms to ensure a competitive, innovative, and consumer-focused airline industry. 

Airline deregulation, initiated in 1978, has transformed the industry, making air travel safer, more accessible, and affordable for Americans. Contrary to nostalgic critiques, deregulation has driven down inflation-adjusted ticket prices by 34% over the last decade, saving consumers billions annually. Today, nearly 90% of Americans have flown commercially, compared to just 49% in 1971. These outcomes underscore the success of deregulation in democratizing air travel and enhancing consumer welfare. 

Despite this progress, recent regulatory actions have raised concerns. The DOJ’s decision to block the JetBlue-Spirit merger, for example, has left both airlines in financial distress, with Spirit filing for bankruptcy. This outcome highlights the unintended consequences of oversimplified antitrust actions that fail to account for the industry’s unique economic challenges, including high fixed costs and narrow profit margins. 

Read the full letter  here  . 

###  Key Takeaways 

  * Deregulation Benefits  : Airline deregulation has saved consumers billions annually, reduced fares significantly, and made commercial air travel accessible to the majority of Americans. 
  * Regulatory Missteps  : Blocking the JetBlue-Spirit merger illustrates the risks of outdated antitrust metrics, as both airlines now face financial instability, reducing competition and harming consumers. 
  * Reform Opportunities  : Modernizing the air traffic control (ATC) system, addressing airport fee disparities, and expanding airport capacity are critical steps to fostering competition and efficiency. 
  * Innovation in the Industry  : Airlines continue to compete and innovate through pricing strategies, differentiated services, and new technologies, such as in-flight Wi-Fi and premium offerings, enhancing the overall consumer experience. 



The American Consumer Institute calls on policymakers to protect the gains of deregulation and adopt a balanced, evidence-based approach to competition in air transportation. By fostering innovation, addressing structural challenges, and modernizing regulatory frameworks, the industry can continue delivering safe, accessible, and affordable air travel to all Americans. 

Read the full letter  here  . 

* * *

For media inquiries, please email  Ben@theamericanconsumer.org  to inquire about the above content. 

The American Consumer Institute is a nonprofit education and research organization. For more information about the Institute, visit  www.TheAmericanConsumer.Org  or follow us on Twitter (X) @ConsumerPal. 

ACI_RFI on Competition in Air Transportation  Download 

Share: 

11:18:11 root         DEBUG    Agency_id 22316
11:18:11 root         DEBUG    Article Link: https://www.theamericanconsumer.org/2024/12/aci-urges-balanced-approach-to-foster-competition-and-innovation-in-air-transportation/
11:18:11 root         INFO     LEDE: [testlede] month: [Dec.] day: [23]
11:18:11 root         INFO     
ADDING: FILENAME: [testfilename sportation] TITLE: [ACI Urges Balanced Approach to Foster Competition and Innovation in Air Transportation] DATE: [2024-12-23] ID [22316]

11:18:12 root         INFO     Scrape errors found during run:
11:18:12 root         INFO     []
11:18:12 root         INFO     End of file message
11:18:12 root         INFO     

Load Version 2.0.1 01/17/2025
       Docs Loaded: 10
       URLS processed: 1
       DUPS skipped: 0
       No Ledes found: 0

Passed Parameters:
       Pull House and Senate: False
       Number of days back: 30
       Start Time: 2025-01-20 11:17:57
       End Time: 2025-01-20 11:18:12
       Elapsed Time: 0:00:15
       Character Minimum Amount: 100

Errors:
Docs:
	Loaded:
		22316: TikTok v. Garland: A Golden Chance for Comprehensive Privacy Reforms
		22316: American Consumer Institute Announces the Promotion of Nate Scherer
		22316: American Consumer Institute Announces the Promotion of Tirzah Duren to President
		22316: 11th-Hour Antitrust Cases Reflect Troubling Patterns of Politicization
		22316: ACI signs letter to Federal Reserve regarding November Insurance Capital Report
		22316: New Year, New Policies - ACI's 2025 Resolution for Consumers
		22316: ACI files comments with the FCC on wireless spectrum transaction
		22316: ACI Calls on Increased Pricing Transparency in New Jersey Healthcare
		22316: ACI Applauds the End to Onerous Broadband Regulations
		22316: ACI Urges Balanced Approach to Foster Competition and Innovation in Air Transportation
