11:42:18 root         INFO     Skipping 27599
11:42:18 root         INFO     Skipping 30449
11:42:18 root         INFO     Skipping 14315
11:42:18 root         INFO     Skipping 7566
11:42:18 root         INFO     Skipping 804
11:42:18 root         INFO     Skipping 12106
11:42:18 root         INFO     Skipping 8034
11:42:18 root         INFO     Skipping 7901
11:42:18 root         INFO     Skipping 20157
11:42:18 root         INFO     Skipping 6950
11:42:18 root         INFO     Skipping 15026
11:42:18 root         INFO     Skipping 19993
11:42:18 root         INFO     Skipping 21569
11:42:18 root         INFO     Skipping 23030
11:42:18 root         INFO     Skipping 206
11:42:18 root         INFO     Skipping 16046
11:42:18 root         INFO     Skipping 16140
11:42:18 root         INFO     Skipping 16037
11:42:18 root         INFO     Skipping 43
11:42:18 root         INFO     Skipping 225
11:42:18 root         INFO     Skipping 37711
11:42:18 root         INFO     Skipping 34699
11:42:18 root         INFO     Skipping 19021
11:42:18 root         INFO     Skipping 18495
11:42:18 root         INFO     Skipping 222
11:42:18 root         INFO     Skipping 5602
11:42:18 root         INFO     Skipping 16027
11:42:18 root         INFO     Skipping 21499
11:42:18 root         INFO     Skipping 2698
11:42:18 root         INFO     Skipping 27867
11:42:18 root         INFO     Skipping 24224
11:42:18 root         INFO     Skipping 21563
11:42:18 root         INFO     Skipping 24227
11:42:18 root         INFO     Skipping 17224
11:42:18 root         INFO     Skipping 219
11:42:18 root         INFO     Skipping 23814
11:42:18 root         INFO     Skipping 15376
11:42:18 root         INFO     Skipping 19286
11:42:18 root         INFO     Skipping 28048
11:42:18 root         INFO     Skipping 543
11:42:18 root         INFO     Skipping 24233
11:42:18 root         INFO     Skipping 18735
11:42:18 root         INFO     Skipping 1066
11:42:18 root         INFO     Skipping 37680
11:42:18 root         INFO     Skipping 691
11:42:18 root         INFO     Skipping 677
11:42:18 root         INFO     Skipping 20141
11:42:18 root         INFO     Skipping 36151
11:42:18 root         INFO     Skipping 20319
11:42:18 root         INFO     Skipping 12400
11:42:18 root         INFO     Skipping 127
11:42:18 root         INFO     Skipping 20792
11:42:18 root         INFO     Skipping 17104
11:42:18 root         INFO     Skipping 24344
11:42:18 root         INFO     Skipping 19546
11:42:18 root         INFO     Skipping 15565
11:42:18 root         INFO     Skipping 13359
11:42:18 root         INFO     Skipping 17922
11:42:18 root         INFO     Skipping 22481
11:42:18 root         INFO     Skipping 20138
11:42:18 root         INFO     Skipping 119
11:42:18 root         INFO     Skipping 21188
11:42:18 root         INFO     Skipping 3016
11:42:18 root         INFO     Skipping 21525
11:42:18 root         INFO     Skipping 37694
11:42:18 root         INFO     Skipping 18710
11:42:18 root         INFO     Skipping 29332
11:42:18 root         INFO     Skipping 23100
11:42:18 root         INFO     Skipping 37725
11:42:18 root         INFO     Skipping 15633
11:42:18 root         INFO     Skipping 948
11:42:18 root         INFO     Skipping 30993
11:42:18 root         INFO     Skipping 22221
11:42:18 root         INFO     Skipping 22654
11:42:18 root         INFO     Skipping 35809
11:42:18 root         INFO     Skipping 35576
11:42:18 root         INFO     Skipping 37408
11:42:18 root         INFO     Skipping 7844
11:42:18 root         INFO     Skipping 20
11:42:18 root         INFO     Skipping 8022
11:42:18 root         INFO     Skipping 8032
11:42:18 root         INFO     Skipping 20605
11:42:18 root         INFO     Skipping 7838
11:42:18 root         INFO     Skipping 21497
11:42:18 root         INFO     Skipping 35572
11:42:18 root         INFO     Skipping 30425
11:42:18 root         INFO     Skipping 35517
11:42:18 root         INFO     Skipping 35524
11:42:18 root         INFO     Skipping 21522
11:42:18 root         INFO     Skipping 1325
11:42:18 root         INFO     Skipping 1079
11:42:18 root         INFO     Skipping 6973
11:42:18 root         INFO     Skipping 37495
11:42:18 root         INFO     Skipping 30405
11:42:18 root         INFO     Skipping 18767
11:42:18 root         INFO     Skipping 21521
11:42:18 root         INFO     Skipping 921
11:42:18 root         INFO     Skipping 27602
11:42:18 root         INFO     Skipping 21335
11:42:18 root         INFO     Skipping 30444
11:42:18 root         INFO     Skipping 1363
11:42:18 root         INFO     Skipping 9488
11:42:18 root         INFO     Skipping 24230
11:42:18 root         INFO     Skipping 2696
11:42:18 root         INFO     Skipping 37705
11:42:18 root         INFO     Skipping 33752
11:42:18 root         INFO     Skipping 37731
11:42:18 root         INFO     Skipping 37740
11:42:18 root         INFO     Skipping 9427
11:42:18 root         INFO     Skipping 19880
11:42:18 root         INFO     Skipping 632
11:42:18 root         INFO     Skipping 39007
11:42:18 root         INFO     Skipping 551
11:42:18 root         INFO     Skipping 37304
11:42:18 root         INFO     Skipping 20115
11:42:18 root         INFO     Skipping 13362
11:42:18 root         INFO     Skipping 7333
11:42:18 root         INFO     Skipping 21423
11:42:18 root         INFO     Skipping 17653
11:42:18 root         INFO     Skipping 21152
11:42:18 root         INFO     Skipping 16031
11:42:18 root         INFO     Skipping 27074
11:42:18 root         INFO     Skipping 255
11:42:18 root         INFO     Skipping 431
11:42:18 root         INFO     Skipping 19290
11:42:18 root         INFO     Skipping 33954
11:42:18 root         INFO     Skipping 22921
11:42:18 root         INFO     Skipping 26556
11:42:18 root         INFO     Skipping 167
11:42:18 root         INFO     Skipping 15884
11:42:18 root         INFO     Skipping 30382
11:42:18 root         INFO     Skipping 30450
11:42:18 root         INFO     Skipping 27626
11:42:18 root         INFO     Skipping 37748
11:42:18 root         INFO     Skipping 715
11:42:18 root         INFO     Skipping 18734
11:42:18 root         INFO     Skipping 9485
11:42:18 root         INFO     Skipping 24231
11:42:18 root         INFO     Skipping 6221
11:42:18 root         INFO     Skipping 15392
11:42:18 root         INFO     Skipping 14466
11:42:18 root         INFO     Skipping 15025
11:42:18 root         INFO     Skipping 19760
11:42:18 root         INFO     Skipping 37095
11:42:18 root         INFO     Skipping 13863
11:42:18 root         INFO     Skipping 7355
11:42:18 root         INFO     Skipping 8042
11:42:18 root         INFO     Skipping 23802
11:42:18 root         INFO     Skipping 282
11:42:18 root         INFO     Skipping 7316
11:42:18 root         INFO     Skipping 16040
11:42:18 root         INFO     Skipping 7922
11:42:18 root         INFO     Skipping 16041
11:42:18 root         INFO     Skipping 28101
11:42:18 root         INFO     Skipping 3410
11:42:18 root         INFO     Skipping 7121
11:42:18 root         INFO     Skipping 17116
11:42:18 root         INFO     Skipping 20034
11:42:18 root         INFO     Skipping 6918
11:42:18 root         INFO     Skipping 22037
11:42:18 root         INFO     Skipping 14373
11:42:18 root         INFO     Skipping 13794
11:42:18 root         INFO     Skipping 13964
11:42:18 root         INFO     Skipping 6930
11:42:18 root         INFO     Skipping 19978
11:42:18 root         INFO     Skipping 14069
11:42:18 root         INFO     Skipping 14111
11:42:18 root         INFO     Skipping 6931
11:42:18 root         INFO     Skipping 14021
11:42:18 root         INFO     Skipping 37180
11:42:18 root         INFO     Skipping 35130
11:42:18 root         INFO     Skipping 19684
11:42:18 root         INFO     Skipping 28292
11:42:18 root         INFO     Skipping 30335
11:42:18 root         INFO     Skipping 14867
11:42:18 root         INFO     Skipping 23669
11:42:18 root         INFO     Skipping 6793
11:42:18 root         INFO     Skipping 15440
11:42:18 root         INFO     Skipping 23588
11:42:18 root         INFO     Skipping 10156
11:42:18 root         INFO     Skipping 30046
11:42:18 root         INFO     Skipping 39476
11:42:18 root         INFO     Skipping 37727
11:42:18 root         INFO     Skipping 33096
11:42:18 root         INFO     Skipping 32423
11:42:18 root         INFO     Skipping 30658
11:42:18 root         INFO     Skipping 19870
11:42:18 root         INFO     Skipping 15962
11:42:18 root         INFO     Skipping 702
11:42:18 root         INFO     Skipping 39478
11:42:18 root         INFO     Skipping 30435
11:42:18 root         INFO     Skipping 9445
11:42:18 root         INFO     Skipping 24173
11:42:18 root         INFO     Skipping 35554
11:42:18 root         INFO     Skipping 18733
11:42:18 root         INFO     Skipping 3962
11:42:18 root         INFO     Skipping 26659
11:42:18 root         INFO     Skipping 32135
11:42:18 root         INFO     Skipping 27843
11:42:18 root         INFO     Skipping 17658
11:42:18 root         INFO     Skipping 27186
11:42:18 root         INFO     Skipping 6922
11:42:18 root         INFO     Skipping 7317
11:42:18 root         INFO     Skipping 37607
11:42:18 root         INFO     Skipping 19748
11:42:18 root         INFO     Skipping 14979
11:42:18 root         INFO     Skipping 28256
11:42:18 root         INFO     Skipping 15000
11:42:18 root         INFO     Skipping 15725
11:42:18 root         INFO     Skipping 21561
11:42:18 root         INFO     Skipping 23098
11:42:18 root         INFO     Skipping 30469
11:42:18 root         INFO     Skipping 37819
11:42:18 root         INFO     Skipping 27605
11:42:18 root         INFO     Skipping 24799
11:42:18 root         INFO     Skipping 35571
11:42:18 root         INFO     Skipping 18750
11:42:18 root         INFO     Skipping 21564
11:42:18 root         INFO     Skipping 695
11:42:18 root         INFO     Skipping 619
11:42:18 root         INFO     Skipping 21566
11:42:18 root         INFO     Skipping 18746
11:42:18 root         INFO     Skipping 30470
11:42:18 root         INFO     Skipping 37747
11:42:18 root         INFO     Skipping 35726
11:42:18 root         INFO     Skipping 35708
11:42:18 root         INFO     Skipping 35705
11:42:18 root         INFO     Skipping 35727
11:42:18 root         INFO     Skipping 37743
11:42:18 root         INFO     Skipping 24229
11:42:18 root         INFO     Skipping 37748
11:42:18 root         INFO     Skipping 19879
11:42:18 root         INFO     Skipping 717
11:42:18 root         INFO     Skipping 35728
11:42:18 root         INFO     Skipping 37820
11:42:18 root         INFO     Skipping 30473
11:42:18 root         INFO     Skipping 37744
11:42:18 root         INFO     Skipping 28313
11:42:18 root         INFO     Skipping 37749
11:42:18 root         INFO     Skipping 15948
11:42:18 root         INFO     Skipping 35707
11:42:18 root         INFO     Skipping 35706
11:42:18 root         INFO     Skipping 35704
11:42:18 root         INFO     Skipping 18740
11:42:18 root         INFO     Skipping 18736
11:42:18 root         INFO     Skipping 7887
11:42:18 root         INFO     Skipping 15551
11:42:18 root         INFO     Skipping 35562
11:42:18 root         INFO     Skipping 9423
11:42:18 root         INFO     Skipping 1519
11:42:18 root         INFO     Skipping 35489
11:42:18 root         INFO     Skipping 20880
11:42:18 root         INFO     Skipping 37235
11:42:18 root         INFO     Skipping 15882
11:42:18 root         INFO     Skipping 1169
11:42:18 root         INFO     Skipping 9463
11:42:18 root         INFO     Skipping 37685
11:42:18 root         INFO     Skipping 809
11:42:18 root         INFO     Skipping 9421
11:42:18 root         INFO     Skipping 30397
11:42:18 root         INFO     Skipping 37735
11:42:18 root         INFO     Skipping 30394
11:42:18 root         INFO     Skipping 30448
11:42:18 root         INFO     Skipping 27614
11:42:18 root         INFO     Skipping 35527
11:42:18 root         INFO     Skipping 37416
11:42:18 root         INFO     Skipping 37709
11:42:18 root         INFO     Skipping 27649
11:42:18 root         INFO     Skipping 35546
11:42:18 root         INFO     Skipping 1098
11:42:18 root         INFO     Skipping 21488
11:42:18 root         INFO     Skipping 37674
11:42:18 root         INFO     Skipping 37706
11:42:18 root         INFO     Skipping 37713
11:42:18 root         INFO     Skipping 918
11:42:18 root         INFO     Skipping 24210
11:42:18 root         INFO     Skipping 37728
11:42:18 root         INFO     Skipping 35555
11:42:18 root         INFO     Skipping 35556
11:42:18 root         INFO     Skipping 892
11:42:18 root         INFO     Skipping 38045
11:42:18 root         INFO     Skipping 829
11:42:18 root         INFO     Skipping 30468
11:42:18 root         INFO     Skipping 24186
11:42:18 root         INFO     Skipping 24194
11:42:18 root         INFO     Skipping 37693
11:42:18 root         INFO     Skipping 30429
11:42:18 root         INFO     Skipping 1249
11:42:18 root         INFO     Skipping 30434
11:42:18 root         INFO     Skipping 24199
11:42:18 root         INFO     Skipping 37688
11:42:18 root         INFO     Skipping 23853
11:42:18 root         INFO     Skipping 30456
11:42:18 root         INFO     Skipping 1036
11:42:18 root         INFO     Skipping 30436
11:42:18 root         INFO     Skipping 37690
11:42:18 root         INFO     Skipping 36428
11:42:18 root         INFO     Skipping 37721
11:42:18 root         INFO     Skipping 27646
11:42:18 root         INFO     Skipping 24187
11:42:18 root         INFO     Skipping 35551
11:42:18 root         INFO     Skipping 925
11:42:18 root         INFO     Skipping 21570
11:42:18 root         INFO     Skipping 21536
11:42:18 root         INFO     Skipping 604
11:42:18 root         INFO     Skipping 21562
11:42:18 root         INFO     Skipping 21572
11:42:18 root         INFO     Skipping 17884
11:42:18 root         INFO     Skipping 235
11:42:18 root         INFO     Skipping 21487
11:42:18 root         INFO     Skipping 27644
11:42:18 root         INFO     Skipping 37722
11:42:18 root         INFO     Skipping 24175
11:42:18 root         INFO     Skipping 27637
11:42:19 root         INFO     Skipping 9424
11:42:19 root         INFO     Skipping 24181
11:42:19 root         INFO     Skipping 37676
11:42:19 root         INFO     Skipping 15912
11:42:19 root         INFO     Skipping 1004
11:42:19 root         INFO     Skipping 15922
11:42:19 root         INFO     Skipping 21523
11:42:19 root         INFO     Skipping 14489
11:42:19 root         INFO     Skipping 18756
11:42:19 root         INFO     Skipping 23549
11:42:19 root         INFO     Skipping 30414
11:42:19 root         INFO     Skipping 28735
11:42:19 root         INFO     Skipping 599
11:42:19 root         INFO     Skipping 24124
11:42:19 root         INFO     Skipping 24218
11:42:19 root         INFO     Skipping 19874
11:42:19 root         INFO     Skipping 21467
11:42:19 root         INFO     Skipping 30525
11:42:19 root         INFO     Skipping 24176
11:42:19 root         INFO     Skipping 15949
11:42:19 root         INFO     Skipping 27630
11:42:19 root         INFO     Skipping 27632
11:42:19 root         INFO     Skipping 606
11:42:19 root         INFO     Skipping 27629
11:42:19 root         INFO     Skipping 24228
11:42:19 root         INFO     Skipping 562
11:42:19 root         INFO     Skipping 21633
11:42:19 root         INFO     Skipping 24225
11:42:19 root         INFO     Skipping 18725
11:42:19 root         INFO     Skipping 21567
11:42:19 root         INFO     Skipping 27628
11:42:19 root         INFO     Skipping 12921
11:42:19 root         INFO     Skipping 47
11:42:19 root         INFO     Skipping 8101
11:42:19 root         INFO     Skipping 27936
11:42:19 root         INFO     Skipping 23089
11:42:19 root         INFO     Skipping 15911
11:42:19 root         INFO     Skipping 30472
11:42:19 root         INFO     Skipping 35703
11:42:19 root         INFO     Skipping 30475
11:42:19 root         INFO     Skipping 18739
11:42:19 root         INFO     Skipping 30378
11:42:19 root         INFO     Skipping 21
11:42:19 root         INFO     Skipping 24169
11:42:19 root         INFO     Skipping 27616
11:42:19 root         INFO     Skipping 546
11:42:19 root         INFO     Skipping 125
11:42:19 root         INFO     Skipping 432
11:42:19 root         INFO     Skipping 23572
11:42:19 root         INFO     Skipping 1
11:42:19 root         INFO     Skipping 10
11:42:19 root         INFO     Skipping 106
11:42:19 root         INFO     Skipping 804
11:42:19 root         INFO     Skipping 697
11:42:19 root         INFO     Skipping 37667
11:42:19 root         INFO     Skipping 24234
11:42:19 root         INFO     Skipping 34781
11:42:19 root         INFO     Skipping 44
11:42:19 root         INFO     Skipping 2434
11:42:19 root         INFO     Skipping 7307
11:42:19 root         INFO     Skipping 7280
11:42:19 root         INFO     Skipping 14197
11:42:19 root         INFO     Skipping 6929
11:42:19 root         INFO     Skipping 24223
11:42:19 root         INFO     Skipping 30412
11:42:19 root         INFO     Skipping 21230
11:42:19 root         INFO     Skipping 7124
11:42:19 root         INFO     Skipping 7516
11:42:19 root         INFO     Skipping 9231
11:42:19 root         INFO     Skipping 13222
11:42:19 root         INFO     Skipping 24928
11:42:19 root         INFO     Skipping 14466
11:42:19 root         INFO     Skipping 19685
11:42:19 root         INFO     Skipping 14008
11:42:19 root         INFO     Skipping 20480
11:42:19 root         INFO     Skipping 7126
11:42:19 root         INFO     Skipping 15792
11:42:19 root         INFO     Skipping 27571
11:42:19 root         INFO     Skipping 19109
11:42:19 root         INFO     Skipping 14066
11:42:19 root         INFO     Skipping 7103
11:42:19 root         INFO     Skipping 13479
11:42:19 root         INFO     Skipping 13475
11:42:19 root         INFO     Skipping 24237
11:42:19 root         INFO     Skipping 28365
11:42:19 root         INFO     Skipping 7118
11:42:19 root         INFO     Skipping 19909
11:42:19 root         INFO     Skipping 13664
11:42:19 root         INFO     Skipping 13467
11:42:19 root         INFO     Skipping 18743
11:42:19 root         INFO     Skipping 19881
11:42:19 root         INFO     Skipping 6970
11:42:19 root         INFO     Skipping 7286
11:42:19 root         INFO     Skipping 14047
11:42:19 root         INFO     Skipping 35569
11:42:19 root         INFO     Skipping 37741
11:42:19 root         INFO     Skipping 37697
11:42:19 root         INFO     Skipping 1453
11:42:19 root         INFO     Skipping 18818
11:42:19 root         INFO     Skipping 37745
11:42:19 root         INFO     Skipping 18836
11:42:19 root         INFO     Skipping 37441
11:42:19 root         INFO     Skipping 24207
11:42:19 root         INFO     Skipping 1483
11:42:19 root         INFO     Skipping 30395
11:42:19 root         INFO     Skipping 30432
11:42:19 root         INFO     Skipping 36969
11:42:19 root         INFO     Skipping 21533
11:42:19 root         INFO     Skipping 1352
11:42:19 root         INFO     Skipping 30390
11:42:19 root         INFO     Skipping 1149
11:42:19 root         INFO     Skipping 24202
11:42:19 root         INFO     Skipping 30389
11:42:19 root         INFO     Skipping 15891
11:42:19 root         INFO     Skipping 14488
11:42:19 root         INFO     Skipping 30528
11:42:19 root         INFO     Skipping 27597
11:42:19 root         INFO     Skipping 37737
11:42:19 root         INFO     Skipping 1557
11:42:19 root         INFO     Skipping 27609
11:42:19 root         INFO     Skipping 900
11:42:19 root         INFO     Skipping 21527
11:42:19 root         INFO     Skipping 1479
11:42:19 root         INFO     Skipping 30387
11:42:19 root         INFO     Skipping 980
11:42:19 root         INFO     Skipping 37703
11:42:19 root         INFO     Skipping 15304
11:42:19 root         INFO     Skipping 14781
11:42:19 root         INFO     Skipping 15528
11:42:19 root         INFO     Skipping 25120
11:42:19 root         INFO     Skipping 33803
11:42:19 root         INFO     Skipping 20476
11:42:19 root         INFO     Skipping 27502
11:42:19 root         INFO     Skipping 13456
11:42:19 root         INFO     Skipping 27390
11:42:19 root         INFO     Skipping 15813
11:42:19 root         INFO     Skipping 7320
11:42:19 root         INFO     Skipping 20668
11:42:19 root         INFO     Skipping 38937
11:42:19 root         INFO     Skipping 37417
11:42:19 root         INFO     Skipping 13038
11:42:19 root         INFO     Skipping 6932
11:42:19 root         INFO     Skipping 14978
11:42:19 root         INFO     Skipping 17045
11:42:19 root         INFO     Skipping 22385
11:42:19 root         INFO     Skipping 7853
11:42:19 root         INFO     Skipping 14026
11:42:19 root         INFO     Skipping 14923
11:42:19 root         INFO     Skipping 7288
11:42:19 root         INFO     Skipping 7538
11:42:19 root         INFO     Skipping 13451
11:42:19 root         INFO     Skipping 25009
11:42:19 root         INFO     Skipping 9452
11:42:19 root         INFO     Skipping 20118
11:42:19 root         INFO     Skipping 20475
11:42:19 root         INFO     Skipping 14602
11:42:19 root         INFO     Skipping 7291
11:42:19 root         INFO     Skipping 13457
11:42:19 root         INFO     Skipping 7345
11:42:19 root         INFO     Skipping 35752
11:42:19 root         INFO     Skipping 31489
11:42:19 root         INFO     Skipping 15674
11:42:19 root         INFO     Skipping 31189
11:42:19 root         INFO     Skipping 20084
11:42:19 root         INFO     Skipping 16020
11:42:19 root         INFO     Skipping 2009
11:42:19 root         INFO     Skipping 1773
11:42:19 root         INFO     Skipping 7337
11:42:19 root         INFO     Skipping 14910
11:42:19 root         INFO     Skipping 7339
11:42:19 root         INFO     Skipping 24976
11:42:19 root         INFO     Skipping 30360
11:42:19 root         INFO     Skipping 24315
11:42:19 root         INFO     Skipping 30361
11:42:19 root         INFO     Skipping 30358
11:42:19 root         INFO     Skipping 37191
11:42:19 root         INFO     Skipping 3129
11:42:19 root         INFO     Skipping 3052
11:42:19 root         INFO     Skipping 37932
11:42:19 root         INFO     Skipping 3125
11:42:19 root         INFO     Skipping 3109
11:42:19 root         INFO     Skipping 20056
11:42:19 root         INFO     Skipping 37778
11:42:19 root         INFO     Skipping 35587
11:42:19 root         INFO     Skipping 28452
11:42:19 root         INFO     Skipping 3320
11:42:19 root         INFO     Skipping 30367
11:42:19 root         INFO     Skipping 3048
11:42:19 root         INFO     Skipping 3072
11:42:19 root         INFO     Skipping 38049
11:42:19 root         INFO     Skipping 30366
11:42:19 root         INFO     Skipping 30368
11:42:19 root         INFO     Skipping 27956
11:42:19 root         INFO     Skipping 15709
11:42:19 root         INFO     Skipping 38047
11:42:19 root         INFO     Skipping 3137
11:42:19 root         INFO     Skipping 3085
11:42:19 root         INFO     Skipping 2042
11:42:19 root         INFO     Skipping 30374
11:42:19 root         INFO     Skipping 3064
11:42:19 root         INFO     Skipping 3286
11:42:19 root         INFO     Skipping 30362
11:42:19 root         INFO     Skipping 3309
11:42:19 root         INFO     Skipping 37826
11:42:19 root         INFO     Skipping 4972
11:42:19 root         INFO     Skipping 15790
11:42:19 root         INFO     Skipping 18747
11:42:19 root         INFO     Skipping 22401
11:42:19 root         INFO     Skipping 18711
11:42:19 root         INFO     Skipping 3123
11:42:19 root         INFO     Skipping 3296
11:42:19 root         INFO     Skipping 30617
11:42:19 root         INFO     Skipping 19614
11:42:19 root         INFO     Skipping 23295
11:42:19 root         INFO     Skipping 35818
11:42:19 root         INFO     Skipping 7531
11:42:19 root         INFO     Skipping 19559
11:42:19 root         INFO     Skipping 26784
11:42:19 root         INFO     Skipping 25775
11:42:19 root         INFO     Skipping 27321
11:42:19 root         INFO     Skipping 7234
11:42:19 root         INFO     Skipping 6914
11:42:19 root         INFO     Skipping 58455
11:42:19 root         INFO     Skipping 18113
11:42:19 root         INFO     Skipping 39880
11:42:19 root         INFO     Skipping 22565
11:42:19 root         INFO     Skipping 27877
11:42:19 root         INFO     Skipping 23176
11:42:19 root         INFO     Skipping 20510
11:42:19 root         INFO     Skipping 22316
11:42:19 root         INFO     Skipping 20813
11:42:19 root         INFO     Skipping 21209
11:42:19 root         INFO     Skipping 17932
11:42:19 root         INFO     Skipping 6002
11:42:19 root         INFO     Skipping 2505
11:42:19 root         INFO     Skipping 2000
11:42:19 root         INFO     Skipping 38456
11:42:19 root         INFO     Skipping 23099
11:42:19 root         INFO     Skipping 18560
11:42:19 root         INFO     Skipping 13255
11:42:19 root         INFO     Skipping 20676
11:42:19 root         INFO     Skipping 25743
11:42:19 root         INFO     Skipping 17989
11:42:19 root         INFO     Skipping 21452
11:42:19 root         INFO     Skipping 17224
11:42:19 root         INFO     Skipping 25875
11:42:19 root         INFO     Skipping 3486
11:42:19 root         INFO     Skipping 15377
11:42:19 root         INFO     Skipping 3418
11:42:19 root         INFO     Skipping 3492
11:42:21 root         INFO     Driver opened url https://search.oracle.com/press?q=&size=10&page=1&tab=all&app=pressreleases: 0.5 second load started
11:42:22 root         INFO     Driver opened url https://www.oracle.com/news/el-paso-electric-simplifies-secure-access-to-customer-data-with-oracle-2025-01-27/: 0.5 second load started
11:42:22 root         INFO     LEDE: [testlede] month: [Jan.] day: [27]
11:42:22 root         INFO     
ADDING: FILENAME: [testfilename ith Oracle] TITLE: [El Paso Electric Simplifies Secure Access to Customer Data with Oracle] DATE: [2025-01-27] ID [17990]

11:42:23 root         INFO     Driver opened url https://www.oracle.com/news/announcement/oracle-is-a-continued-leader-in-three-gartner-magic-quadrant-reports-assessing-finance-capabilities-2025-01-23/: 0.5 second load started
11:42:23 root         INFO     LEDE: [testlede] month: [Jan.] day: [23]
11:42:23 root         INFO     
ADDING: FILENAME: [testfilename pabilities] TITLE: [Oracle is a Continued Leader in Three Gartner Magic Quadrant Reports Assessing Finance Capabilities] DATE: [2025-01-23] ID [17990]

11:42:24 root         INFO     Driver opened url https://www.oracle.com/news/announcement/new-tools-fast-track-oracle-us-government-cloud-maturity-model-compliance-for-defense-contractors-2025-01-23/: 0.5 second load started
11:42:24 root         INFO     LEDE: [testlede] month: [Jan.] day: [23]
11:42:24 root         INFO     
ADDING: FILENAME: [testfilename ontractors] TITLE: [New Tools Fast Track Oracle US Government Cloud Maturity Model Compliance for Defense Contractors] DATE: [2025-01-23] ID [17990]

11:42:25 root         INFO     Driver opened url https://www.oracle.com/news/announcement/cx-sales-ai-agents-2025-01-21/: 0.5 second load started
11:42:26 root         ERROR    DESC 17990 SKIP: No content was gathered
11:42:26 root         INFO     Scrape errors found during run:
11:42:26 root         INFO     ['17990 DESC ERROR']
11:42:26 root         INFO     End of file message
11:42:26 root         INFO     

Load Version 2.0.1 01/20/2025
       Docs Loaded: 3
       URLS processed: 1
       DUPS skipped: 0
       No Ledes found: 0

Passed Parameters:
       Pull House and Senate: False
       Number of days back: 60
       Start Time: 2025-01-27 11:42:15
       End Time: 2025-01-27 11:42:26
       Elapsed Time: 0:00:11
       Character Minimum Amount: 100

Errors:
Docs:
	Loaded:
		17990: El Paso Electric Simplifies Secure Access to Customer Data with Oracle
		17990: Oracle is a Continued Leader in Three Gartner Magic Quadrant Reports Assessing Finance Capabilities
		17990: New Tools Fast Track Oracle US Government Cloud Maturity Model Compliance for Defense Contractors
