08:46:52 root         INFO     Skipping 27599
08:46:52 root         INFO     Skipping 30449
08:46:52 root         INFO     Skipping 14315
08:46:52 root         INFO     Skipping 7566
08:46:52 root         INFO     Skipping 804
08:46:52 root         INFO     Skipping 12106
08:46:52 root         INFO     Skipping 8034
08:46:52 root         INFO     Skipping 7901
08:46:52 root         INFO     Skipping 20157
08:46:52 root         INFO     Skipping 6950
08:46:52 root         INFO     Skipping 15026
08:46:52 root         INFO     Skipping 19993
08:46:52 root         INFO     Skipping 21569
08:46:52 root         INFO     Skipping 23030
08:46:52 root         INFO     Skipping 206
08:46:52 root         INFO     Skipping 16046
08:46:52 root         INFO     Skipping 16140
08:46:52 root         INFO     Skipping 16037
08:46:52 root         INFO     Skipping 43
08:46:52 root         INFO     Skipping 225
08:46:52 root         INFO     Skipping 37711
08:46:52 root         INFO     Skipping 34699
08:46:52 root         INFO     Skipping 19021
08:46:52 root         INFO     Skipping 18495
08:46:52 root         INFO     Skipping 222
08:46:52 root         INFO     Skipping 5602
08:46:52 root         INFO     Skipping 16027
08:46:52 root         INFO     Skipping 21499
08:46:52 root         INFO     Skipping 2698
08:46:52 root         INFO     Skipping 27867
08:46:52 root         INFO     Skipping 24224
08:46:52 root         INFO     Skipping 21563
08:46:52 root         INFO     Skipping 24227
08:46:52 root         INFO     Skipping 17224
08:46:52 root         INFO     Skipping 219
08:46:52 root         INFO     Skipping 23814
08:46:52 root         INFO     Skipping 15376
08:46:52 root         INFO     Skipping 19286
08:46:52 root         INFO     Skipping 28048
08:46:52 root         INFO     Skipping 543
08:46:52 root         INFO     Skipping 24233
08:46:52 root         INFO     Skipping 18735
08:46:52 root         INFO     Skipping 1066
08:46:52 root         INFO     Skipping 37680
08:46:52 root         INFO     Skipping 691
08:46:52 root         INFO     Skipping 677
08:46:52 root         INFO     Skipping 20141
08:46:52 root         INFO     Skipping 36151
08:46:52 root         INFO     Skipping 20319
08:46:52 root         INFO     Skipping 12400
08:46:52 root         INFO     Skipping 127
08:46:52 root         INFO     Skipping 20792
08:46:52 root         INFO     Skipping 17104
08:46:52 root         INFO     Skipping 24344
08:46:52 root         INFO     Skipping 19546
08:46:52 root         INFO     Skipping 15565
08:46:52 root         INFO     Skipping 13359
08:46:52 root         INFO     Skipping 17922
08:46:52 root         INFO     Skipping 22481
08:46:52 root         INFO     Skipping 20138
08:46:52 root         INFO     Skipping 119
08:46:52 root         INFO     Skipping 24
08:46:52 root         INFO     Skipping 21188
08:46:52 root         INFO     Skipping 3016
08:46:52 root         INFO     Skipping 21525
08:46:52 root         INFO     Skipping 37694
08:46:52 root         INFO     Skipping 18710
08:46:52 root         INFO     Skipping 29332
08:46:52 root         INFO     Skipping 23100
08:46:52 root         INFO     Skipping 37725
08:46:52 root         INFO     Skipping 15633
08:46:52 root         INFO     Skipping 948
08:46:52 root         INFO     Skipping 30993
08:46:52 root         INFO     Skipping 22221
08:46:52 root         INFO     Skipping 22654
08:46:52 root         INFO     Skipping 35809
08:46:52 root         INFO     Skipping 35576
08:46:52 root         INFO     Skipping 37408
08:46:52 root         INFO     Skipping 7844
08:46:52 root         INFO     Skipping 169
08:46:52 root         INFO     Skipping 20
08:46:52 root         INFO     Skipping 8022
08:46:52 root         INFO     Skipping 8032
08:46:52 root         INFO     Skipping 20605
08:46:52 root         INFO     Skipping 7838
08:46:52 root         INFO     Skipping 21497
08:46:52 root         INFO     Skipping 35572
08:46:52 root         INFO     Skipping 30425
08:46:52 root         INFO     Skipping 35517
08:46:52 root         INFO     Skipping 35524
08:46:52 root         INFO     Skipping 21522
08:46:52 root         INFO     Skipping 1325
08:46:52 root         INFO     Skipping 1079
08:46:52 root         INFO     Skipping 6973
08:46:52 root         INFO     Skipping 37495
08:46:52 root         INFO     Skipping 30405
08:46:52 root         INFO     Skipping 18767
08:46:52 root         INFO     Skipping 21521
08:46:52 root         INFO     Skipping 921
08:46:52 root         INFO     Skipping 27602
08:46:52 root         INFO     Skipping 21335
08:46:52 root         INFO     Skipping 30444
08:46:52 root         INFO     Skipping 1363
08:46:52 root         INFO     Skipping 9488
08:46:52 root         INFO     Skipping 24230
08:46:52 root         INFO     Skipping 2696
08:46:52 root         INFO     Skipping 37705
08:46:52 root         INFO     Skipping 33752
08:46:52 root         INFO     Skipping 37731
08:46:52 root         INFO     Skipping 37740
08:46:52 root         INFO     Skipping 9427
08:46:52 root         INFO     Skipping 19880
08:46:52 root         INFO     Skipping 632
08:46:52 root         INFO     Skipping 135
08:46:52 root         INFO     Skipping 39007
08:46:52 root         INFO     Skipping 551
08:46:52 root         INFO     Skipping 37304
08:46:52 root         INFO     Skipping 20115
08:46:52 root         INFO     Skipping 13362
08:46:52 root         INFO     Skipping 7333
08:46:52 root         INFO     Skipping 21423
08:46:52 root         INFO     Skipping 17653
08:46:52 root         INFO     Skipping 21152
08:46:52 root         INFO     Skipping 16031
08:46:52 root         INFO     Skipping 27074
08:46:52 root         INFO     Skipping 255
08:46:52 root         INFO     Skipping 431
08:46:52 root         INFO     Skipping 19290
08:46:52 root         INFO     Skipping 33954
08:46:52 root         INFO     Skipping 22921
08:46:52 root         INFO     Skipping 26556
08:46:52 root         INFO     Skipping 167
08:46:52 root         INFO     Skipping 15884
08:46:52 root         INFO     Skipping 30382
08:46:52 root         INFO     Skipping 30450
08:46:52 root         INFO     Skipping 27626
08:46:52 root         INFO     Skipping 37748
08:46:52 root         INFO     Skipping 715
08:46:52 root         INFO     Skipping 18734
08:46:52 root         INFO     Skipping 9485
08:46:52 root         INFO     Skipping 24231
08:46:52 root         INFO     Skipping 6221
08:46:52 root         INFO     Skipping 15392
08:46:52 root         INFO     Skipping 14466
08:46:52 root         INFO     Skipping 15025
08:46:52 root         INFO     Skipping 19760
08:46:52 root         INFO     Skipping 37095
08:46:52 root         INFO     Skipping 122
08:46:52 root         INFO     Skipping 113
08:46:52 root         INFO     Skipping 13863
08:46:52 root         INFO     Skipping 7355
08:46:52 root         INFO     Skipping 8042
08:46:52 root         INFO     Skipping 23802
08:46:52 root         INFO     Skipping 282
08:46:52 root         INFO     Skipping 7316
08:46:52 root         INFO     Skipping 16040
08:46:52 root         INFO     Skipping 7922
08:46:52 root         INFO     Skipping 16041
08:46:52 root         INFO     Skipping 28101
08:46:52 root         INFO     Skipping 3410
08:46:52 root         INFO     Skipping 7121
08:46:52 root         INFO     Skipping 17116
08:46:52 root         INFO     Skipping 20034
08:46:52 root         INFO     Skipping 6918
08:46:52 root         INFO     Skipping 22037
08:46:52 root         INFO     Skipping 14373
08:46:52 root         INFO     Skipping 13794
08:46:52 root         INFO     Skipping 13964
08:46:52 root         INFO     Skipping 6930
08:46:52 root         INFO     Skipping 19978
08:46:52 root         INFO     Skipping 14069
08:46:52 root         INFO     Skipping 14111
08:46:52 root         INFO     Skipping 6931
08:46:52 root         INFO     Skipping 14021
08:46:52 root         INFO     Skipping 37180
08:46:52 root         INFO     Skipping 35130
08:46:52 root         INFO     Skipping 19684
08:46:52 root         INFO     Skipping 28292
08:46:52 root         INFO     Skipping 30335
08:46:52 root         INFO     Skipping 14867
08:46:52 root         INFO     Skipping 23669
08:46:52 root         INFO     Skipping 6793
08:46:52 root         INFO     Skipping 15440
08:46:52 root         INFO     Skipping 23588
08:46:52 root         INFO     Skipping 10156
08:46:52 root         INFO     Skipping 30046
08:46:52 root         INFO     Skipping 39476
08:46:52 root         INFO     Skipping 37727
08:46:52 root         INFO     Skipping 33096
08:46:52 root         INFO     Skipping 32423
08:46:52 root         INFO     Skipping 30658
08:46:52 root         INFO     Skipping 18394
08:46:52 root         INFO     Skipping 19870
08:46:52 root         INFO     Skipping 15962
08:46:52 root         INFO     Skipping 702
08:46:52 root         INFO     Skipping 39478
08:46:52 root         INFO     Skipping 30435
08:46:52 root         INFO     Skipping 9445
08:46:52 root         INFO     Skipping 24173
08:46:52 root         INFO     Skipping 35554
08:46:52 root         INFO     Skipping 18733
08:46:52 root         INFO     Skipping 3962
08:46:52 root         INFO     Skipping 26659
08:46:52 root         INFO     Skipping 32135
08:46:52 root         INFO     Skipping 27843
08:46:52 root         INFO     Skipping 17658
08:46:52 root         INFO     Skipping 27186
08:46:52 root         INFO     Skipping 6922
08:46:52 root         INFO     Skipping 7317
08:46:52 root         INFO     Skipping 37607
08:46:52 root         INFO     Skipping 19748
08:46:52 root         INFO     Skipping 14979
08:46:52 root         INFO     Skipping 28256
08:46:52 root         INFO     Skipping 15000
08:46:52 root         INFO     Skipping 15725
08:46:52 root         INFO     Skipping 21561
08:46:52 root         INFO     Skipping 23098
08:46:52 root         INFO     Skipping 24231
08:46:52 root         INFO     Skipping 30469
08:46:52 root         INFO     Skipping 37819
08:46:52 root         INFO     Skipping 27605
08:46:52 root         INFO     Skipping 24799
08:46:52 root         INFO     Skipping 35571
08:46:52 root         INFO     Skipping 18750
08:46:52 root         INFO     Skipping 21564
08:46:52 root         INFO     Skipping 695
08:46:52 root         INFO     Skipping 619
08:46:52 root         INFO     Skipping 21566
08:46:52 root         INFO     Skipping 18746
08:46:52 root         INFO     Skipping 30470
08:46:52 root         INFO     Skipping 37747
08:46:52 root         INFO     Skipping 35726
08:46:52 root         INFO     Skipping 35708
08:46:52 root         INFO     Skipping 35705
08:46:52 root         INFO     Skipping 35727
08:46:52 root         INFO     Skipping 37743
08:46:52 root         INFO     Skipping 24229
08:46:52 root         INFO     Skipping 37748
08:46:52 root         INFO     Skipping 19879
08:46:52 root         INFO     Skipping 717
08:46:52 root         INFO     Skipping 35728
08:46:52 root         INFO     Skipping 37820
08:46:52 root         INFO     Skipping 30473
08:46:52 root         INFO     Skipping 37744
08:46:52 root         INFO     Skipping 28313
08:46:52 root         INFO     Skipping 37749
08:46:52 root         INFO     Skipping 15948
08:46:52 root         INFO     Skipping 35707
08:46:52 root         INFO     Skipping 35706
08:46:52 root         INFO     Skipping 35704
08:46:52 root         INFO     Skipping 18740
08:46:52 root         INFO     Skipping 18736
08:46:52 root         INFO     Skipping 183
08:46:52 root         INFO     Skipping 7887
08:46:52 root         INFO     Skipping 15551
08:46:52 root         INFO     Skipping 35562
08:46:52 root         INFO     Skipping 9423
08:46:52 root         INFO     Skipping 1519
08:46:52 root         INFO     Skipping 35489
08:46:52 root         INFO     Skipping 20880
08:46:52 root         INFO     Skipping 37235
08:46:52 root         INFO     Skipping 15882
08:46:52 root         INFO     Skipping 1169
08:46:52 root         INFO     Skipping 9463
08:46:52 root         INFO     Skipping 37685
08:46:52 root         INFO     Skipping 809
08:46:52 root         INFO     Skipping 9421
08:46:52 root         INFO     Skipping 30397
08:46:52 root         INFO     Skipping 37735
08:46:52 root         INFO     Skipping 30394
08:46:52 root         INFO     Skipping 30448
08:46:52 root         INFO     Skipping 27614
08:46:52 root         INFO     Skipping 35527
08:46:52 root         INFO     Skipping 37416
08:46:52 root         INFO     Skipping 37709
08:46:52 root         INFO     Skipping 27649
08:46:52 root         INFO     Skipping 35546
08:46:52 root         INFO     Skipping 1098
08:46:52 root         INFO     Skipping 21488
08:46:52 root         INFO     Skipping 37674
08:46:52 root         INFO     Skipping 37706
08:46:52 root         INFO     Skipping 37713
08:46:52 root         INFO     Skipping 918
08:46:52 root         INFO     Skipping 24210
08:46:52 root         INFO     Skipping 37728
08:46:52 root         INFO     Skipping 35555
08:46:52 root         INFO     Skipping 35556
08:46:52 root         INFO     Skipping 892
08:46:52 root         INFO     Skipping 38045
08:46:52 root         INFO     Skipping 829
08:46:52 root         INFO     Skipping 30468
08:46:52 root         INFO     Skipping 24186
08:46:52 root         INFO     Skipping 24194
08:46:52 root         INFO     Skipping 37693
08:46:52 root         INFO     Skipping 30429
08:46:52 root         INFO     Skipping 1249
08:46:52 root         INFO     Skipping 30434
08:46:52 root         INFO     Skipping 24199
08:46:52 root         INFO     Skipping 37688
08:46:52 root         INFO     Skipping 23853
08:46:52 root         INFO     Skipping 30456
08:46:52 root         INFO     Skipping 1036
08:46:52 root         INFO     Skipping 30436
08:46:52 root         INFO     Skipping 37690
08:46:52 root         INFO     Skipping 36428
08:46:52 root         INFO     Skipping 37721
08:46:52 root         INFO     Skipping 27646
08:46:52 root         INFO     Skipping 24187
08:46:52 root         INFO     Skipping 35551
08:46:52 root         INFO     Skipping 925
08:46:52 root         INFO     Skipping 21570
08:46:52 root         INFO     Skipping 21536
08:46:52 root         INFO     Skipping 604
08:46:52 root         INFO     Skipping 21562
08:46:52 root         INFO     Skipping 21572
08:46:52 root         INFO     Skipping 17884
08:46:52 root         INFO     Skipping 235
08:46:52 root         INFO     Skipping 2909
08:46:52 root         INFO     Skipping 21487
08:46:52 root         INFO     Skipping 27644
08:46:52 root         INFO     Skipping 37722
08:46:52 root         INFO     Skipping 24175
08:46:52 root         INFO     Skipping 27637
08:46:52 root         INFO     Skipping 9424
08:46:52 root         INFO     Skipping 24181
08:46:52 root         INFO     Skipping 37676
08:46:52 root         INFO     Skipping 15912
08:46:52 root         INFO     Skipping 1004
08:46:52 root         INFO     Skipping 15922
08:46:52 root         INFO     Skipping 21523
08:46:52 root         INFO     Skipping 14489
08:46:52 root         INFO     Skipping 18756
08:46:52 root         INFO     Skipping 23549
08:46:52 root         INFO     Skipping 30414
08:46:52 root         INFO     Skipping 2505
08:46:52 root         INFO     Skipping 28735
08:46:52 root         INFO     Skipping 599
08:46:52 root         INFO     Skipping 24124
08:46:52 root         INFO     Skipping 24218
08:46:52 root         INFO     Skipping 19874
08:46:52 root         INFO     Skipping 2175
08:46:52 root         INFO     Skipping 21467
08:46:52 root         INFO     Skipping 30525
08:46:52 root         INFO     Skipping 24176
08:46:52 root         INFO     Skipping 15949
08:46:52 root         INFO     Skipping 27630
08:46:52 root         INFO     Skipping 27632
08:46:52 root         INFO     Skipping 606
08:46:52 root         INFO     Skipping 27629
08:46:52 root         INFO     Skipping 24228
08:46:52 root         INFO     Skipping 562
08:46:52 root         INFO     Skipping 21633
08:46:52 root         INFO     Skipping 24225
08:46:52 root         INFO     Skipping 18725
08:46:52 root         INFO     Skipping 21567
08:46:52 root         INFO     Skipping 27628
08:46:52 root         INFO     Skipping 12921
08:46:52 root         INFO     Skipping 47
08:46:52 root         INFO     Skipping 8101
08:46:52 root         INFO     Skipping 27936
08:46:52 root         INFO     Skipping 23089
08:46:52 root         INFO     Skipping 15911
08:46:52 root         INFO     Skipping 30472
08:46:52 root         INFO     Skipping 35703
08:46:52 root         INFO     Skipping 30475
08:46:52 root         INFO     Skipping 18739
08:46:52 root         INFO     Skipping 30378
08:46:52 root         INFO     Skipping 21
08:46:52 root         INFO     Skipping 32904
08:46:52 root         INFO     Skipping 24169
08:46:52 root         INFO     Skipping 27616
08:46:52 root         INFO     Skipping 546
08:46:52 root         INFO     Skipping 125
08:46:52 root         INFO     Skipping 432
08:46:52 root         INFO     Skipping 23572
08:46:52 root         INFO     Skipping 1
08:46:52 root         INFO     Skipping 10
08:46:52 root         INFO     Skipping 72
08:46:52 root         INFO     Skipping 106
08:46:52 root         INFO     Skipping 804
08:46:52 root         INFO     Skipping 697
08:46:52 root         INFO     Skipping 166
08:46:52 root         INFO     Skipping 37667
08:46:52 root         INFO     Skipping 24234
08:46:52 root         INFO     Skipping 34781
08:46:52 root         INFO     Skipping 44
08:46:52 root         INFO     Skipping 2434
08:46:52 root         INFO     Skipping 7307
08:46:52 root         INFO     Skipping 7280
08:46:52 root         INFO     Skipping 14197
08:46:52 root         INFO     Skipping 6929
08:46:52 root         INFO     Skipping 24223
08:46:52 root         INFO     Skipping 30412
08:46:52 root         INFO     Skipping 21230
08:46:52 root         INFO     Skipping 7124
08:46:52 root         INFO     Skipping 7516
08:46:52 root         INFO     Skipping 9231
08:46:52 root         INFO     Skipping 13222
08:46:52 root         INFO     Skipping 24928
08:46:52 root         INFO     Skipping 14466
08:46:52 root         INFO     Skipping 19685
08:46:52 root         INFO     Skipping 14008
08:46:52 root         INFO     Skipping 20480
08:46:52 root         INFO     Skipping 7126
08:46:52 root         INFO     Skipping 15792
08:46:52 root         INFO     Skipping 27571
08:46:52 root         INFO     Skipping 19109
08:46:52 root         INFO     Skipping 14066
08:46:52 root         INFO     Skipping 7103
08:46:52 root         INFO     Skipping 13479
08:46:52 root         INFO     Skipping 13475
08:46:52 root         INFO     Skipping 24237
08:46:52 root         INFO     Skipping 28365
08:46:52 root         INFO     Skipping 7118
08:46:52 root         INFO     Skipping 19909
08:46:52 root         INFO     Skipping 13664
08:46:52 root         INFO     Skipping 13467
08:46:52 root         INFO     Skipping 18743
08:46:52 root         INFO     Skipping 19881
08:46:52 root         INFO     Skipping 6970
08:46:52 root         INFO     Skipping 7286
08:46:52 root         INFO     Skipping 14047
08:46:52 root         INFO     Skipping 35569
08:46:52 root         INFO     Skipping 37741
08:46:52 root         INFO     Skipping 37697
08:46:52 root         INFO     Skipping 1453
08:46:52 root         INFO     Skipping 18818
08:46:52 root         INFO     Skipping 37745
08:46:52 root         INFO     Skipping 18836
08:46:52 root         INFO     Skipping 37441
08:46:52 root         INFO     Skipping 24207
08:46:52 root         INFO     Skipping 1483
08:46:52 root         INFO     Skipping 30395
08:46:52 root         INFO     Skipping 30432
08:46:52 root         INFO     Skipping 36969
08:46:52 root         INFO     Skipping 21533
08:46:52 root         INFO     Skipping 1352
08:46:52 root         INFO     Skipping 30390
08:46:52 root         INFO     Skipping 1149
08:46:52 root         INFO     Skipping 24202
08:46:52 root         INFO     Skipping 30389
08:46:52 root         INFO     Skipping 15891
08:46:52 root         INFO     Skipping 14488
08:46:52 root         INFO     Skipping 30528
08:46:52 root         INFO     Skipping 27597
08:46:52 root         INFO     Skipping 37737
08:46:52 root         INFO     Skipping 1557
08:46:52 root         INFO     Skipping 27609
08:46:52 root         INFO     Skipping 900
08:46:52 root         INFO     Skipping 21527
08:46:52 root         INFO     Skipping 1479
08:46:52 root         INFO     Skipping 30387
08:46:52 root         INFO     Skipping 980
08:46:52 root         INFO     Skipping 37703
08:46:52 root         INFO     Skipping 15304
08:46:52 root         INFO     Skipping 128
08:46:52 root         INFO     Skipping 14781
08:46:52 root         INFO     Skipping 15528
08:46:52 root         INFO     Skipping 25120
08:46:52 root         INFO     Skipping 33803
08:46:52 root         INFO     Skipping 20476
08:46:52 root         INFO     Skipping 27502
08:46:52 root         INFO     Skipping 13456
08:46:52 root         INFO     Skipping 27390
08:46:52 root         INFO     Skipping 15813
08:46:52 root         INFO     Skipping 7320
08:46:52 root         INFO     Skipping 20668
08:46:52 root         INFO     Skipping 38937
08:46:52 root         INFO     Skipping 37417
08:46:52 root         INFO     Skipping 13038
08:46:52 root         INFO     Skipping 6932
08:46:52 root         INFO     Skipping 14978
08:46:52 root         INFO     Skipping 17045
08:46:52 root         INFO     Skipping 22385
08:46:52 root         INFO     Skipping 7853
08:46:52 root         INFO     Skipping 14026
08:46:52 root         INFO     Skipping 14923
08:46:52 root         INFO     Skipping 7288
08:46:52 root         INFO     Skipping 7538
08:46:52 root         INFO     Skipping 13451
08:46:52 root         INFO     Skipping 25009
08:46:52 root         INFO     Skipping 9452
08:46:52 root         INFO     Skipping 20118
08:46:52 root         INFO     Skipping 20475
08:46:52 root         INFO     Skipping 14602
08:46:52 root         INFO     Skipping 7291
08:46:52 root         INFO     Skipping 13457
08:46:52 root         INFO     Skipping 7345
08:46:52 root         INFO     Skipping 35752
08:46:52 root         INFO     Skipping 31489
08:46:52 root         INFO     Skipping 15674
08:46:52 root         INFO     Skipping 31189
08:46:52 root         INFO     Skipping 21
08:46:52 root         INFO     Skipping 247
08:46:52 root         INFO     Skipping 20084
08:46:52 root         INFO     Skipping 16020
08:46:52 root         INFO     Skipping 2009
08:46:52 root         INFO     Skipping 1773
08:46:52 root         INFO     Skipping 7337
08:46:52 root         INFO     Skipping 14910
08:46:52 root         INFO     Skipping 7339
08:46:52 root         INFO     Skipping 24976
08:46:52 root         INFO     Skipping 30360
08:46:52 root         INFO     Skipping 24315
08:46:52 root         INFO     Skipping 30361
08:46:52 root         INFO     Skipping 30358
08:46:52 root         INFO     Skipping 37191
08:46:52 root         INFO     Skipping 3129
08:46:52 root         INFO     Skipping 3052
08:46:52 root         INFO     Skipping 37932
08:46:52 root         INFO     Skipping 3125
08:46:52 root         INFO     Skipping 3109
08:46:52 root         INFO     Skipping 20056
08:46:52 root         INFO     Skipping 37778
08:46:52 root         INFO     Skipping 35587
08:46:52 root         INFO     Skipping 28452
08:46:52 root         INFO     Skipping 3320
08:46:52 root         INFO     Skipping 30367
08:46:52 root         INFO     Skipping 3048
08:46:52 root         INFO     Skipping 27750
08:46:52 root         INFO     Skipping 3072
08:46:52 root         INFO     Skipping 38049
08:46:52 root         INFO     Skipping 30366
08:46:52 root         INFO     Skipping 30368
08:46:52 root         INFO     Skipping 27956
08:46:52 root         INFO     Skipping 15709
08:46:52 root         INFO     Skipping 38047
08:46:52 root         INFO     Skipping 3137
08:46:52 root         INFO     Skipping 3085
08:46:52 root         INFO     Skipping 2042
08:46:52 root         INFO     Skipping 30374
08:46:52 root         INFO     Skipping 3064
08:46:52 root         INFO     Skipping 3286
08:46:52 root         INFO     Skipping 30362
08:46:52 root         INFO     Skipping 3309
08:46:52 root         INFO     Skipping 37826
08:46:52 root         INFO     Skipping 4972
08:46:52 root         INFO     Skipping 15790
08:46:52 root         INFO     Skipping 18747
08:46:52 root         INFO     Skipping 22401
08:46:52 root         INFO     Skipping 18711
08:46:53 root         INFO     Driver opened url https://www.doj.nh.gov/resources/press-releases: 0.5 second load started
08:46:53 root         INFO     Driver opened url https://www.doj.nh.gov/news-and-media/enforcement-action-filed-against-frank-hobbs-jr-violations-new-hampshire-civil: 0.5 second load started
08:46:54 root         DEBUG    Titles: Enforcement Action Filed Against Frank Hobbs, Jr. for Violations of the New Hampshire Civil Rights Act
08:46:54 root         DEBUG    Dates: 2025-01-16
08:46:54 root         DEBUG    Desc: Concord, NH – Attorney General John M. Formella announces the initiation of an enforcement action by the New Hampshire Department of Justice Civil Rights Unit against Frank Hobbs, Jr., 56, of Goffstown, New Hampshire, alleging violations of the New Hampshire Civil Rights Act. 

The civil complaint alleges that on June 5, 2024, Hobbs trespassed upon and later destroyed the property of the victim, P.B., when he removed a sign that had been lawfully placed on public property in Goffstown, New Hampshire. Several signs had been placed by members of the public at the same location, but Hobbs only removed a new sign that read, “Goffstown Pride,” and expressed support for the LGBTQ+ community. Hobbs damaged the property when he disposed of and likely destroyed the sign. The complaint further alleges that animus on the basis of sexual orientation and/or gender identity motivated the trespass and damage to the sign and that Hobbs’s actions interfered with the victim’s rights and lawful activities. 

Each violation of the Civil Rights Act allows for a maximum civil penalty of $5,000. Violations of the Civil Rights Act also empower the court to restrain the defendants from committing future violations of the Civil Rights Act and other hate-motivated conduct for three years. With its complaint, the Civil Rights Unit has asked the court to implement a preliminary restraining order to protect the victim and the public. 

The complaints and the allegations contained herein are merely accusations that the Civil Rights Unit must prove at a final hearing. 

The Civil Rights Unit enforces state civil rights laws, including the Civil Rights Act and the New Hampshire Law Against Discrimination. Anyone who believes their civil rights have been violated may file a complaint at  https://www.doj.nh.gov/bureaus/civil-rights-unit  or by calling 603-271-3650.   


08:46:54 root         DEBUG    Agency_id 3123
08:46:54 root         DEBUG    Article Link: https://www.doj.nh.gov/news-and-media/enforcement-action-filed-against-frank-hobbs-jr-violations-new-hampshire-civil
08:46:54 root         INFO     LEDE: [testlede] month: [Jan.] day: [16]
08:46:54 root         INFO     
ADDING: FILENAME: [testfilename Rights Act] TITLE: [Enforcement Action Filed Against Frank Hobbs, Jr. for Violations of the New Hampshire Civil Rights Act] DATE: [2025-01-16] ID [3123]

08:46:54 root         INFO     Driver opened url https://www.doj.nh.gov/news-and-media/attorney-general-formella-announces-dartmouth-health-policy-change-regarding-covid: 0.5 second load started
08:46:55 root         DEBUG    Titles: Attorney General Formella Announces Dartmouth Health Policy Change Regarding COVID-19 Vaccination Requirement for Kidney Transplants
08:46:55 root         DEBUG    Dates: 2025-01-15
08:46:55 root         DEBUG    Desc: Concord, NH – Attorney General John M. Formella announces that, following engagement with the New Hampshire Attorney General’s Office, Dartmouth Health has officially revised its kidney transplant policy. Moving forward, Dartmouth Health will no longer require kidney transplant candidates to be vaccinated against COVID-19. 

“After reviewing the matter and engaging with Dartmouth Health, we are pleased that they have taken the steps necessary to align their policies with the rights of patients and the requirements of State law,” said Attorney General Formella. “This is a positive outcome for New Hampshire residents seeking transplant care. The Attorney General’s Office will continue to prioritize consumer protection and fair practices in healthcare, ensuring that New Hampshire residents receive safe, accessible, and non-discriminatory medical treatment.” 

This change follows the Attorney General’s direction to his Consumer Protection and Antitrust Bureau to review the issue, following concerns raised by a transplant candidate about the institution’s COVID-19 vaccination requirement for kidney transplant candidates. 

As a result of discussions with the Bureau, Dartmouth Health has decided to strongly recommend, but not require, COVID-19 vaccination as a condition for kidney transplant eligibility. The transplant team will encourage candidates to receive the COVID-19 vaccine in order to protect the health of transplant recipients, who are at higher risk due to immunosuppressive treatments.   


08:46:55 root         DEBUG    Agency_id 3123
08:46:55 root         DEBUG    Article Link: https://www.doj.nh.gov/news-and-media/attorney-general-formella-announces-dartmouth-health-policy-change-regarding-covid
08:46:55 root         INFO     LEDE: [testlede] month: [Jan.] day: [15]
08:46:55 root         INFO     
ADDING: FILENAME: [testfilename ransplants] TITLE: [Attorney General Formella Announces Dartmouth Health Policy Change Regarding COVID-19 Vaccination Requirement for Kidney Transplants] DATE: [2025-01-15] ID [3123]

08:46:55 root         INFO     Driver opened url https://www.doj.nh.gov/news-and-media/new-nh-consumer-insight-newsletter-edition-focuses-consumer-rights-debt-collection: 0.5 second load started
08:46:55 root         DEBUG    Titles: New NH Consumer Insight Newsletter Edition Focuses on Consumer Rights in Debt Collection
08:46:55 root         DEBUG    Dates: 2025-01-14
08:46:55 root         DEBUG    Desc: Concord, NH – Attorney General John M. Formella is pleased to announce the release of the January edition of the NH Consumer Insight newsletter. This special edition, created in collaboration with 603 Legal Aid, focuses on understanding your rights when dealing with debt collection and where consumers can turn for help. 

After the often financially strenuous holiday season, many New Hampshire residents find themselves facing substantial credit card bills and other debt. If payments fall behind, these debts can be transferred to collectors, sometimes leading to harassing phone calls and letters. This month’s newsletter offers vital guidance for consumers to protect themselves against unfair or deceptive debt collection practices. It explains how both the New Hampshire Department of Justice and 603 Legal Aid can help with individuals navigating these stressful situations. 

The full edition of the newsletter can be found online by visiting:  NH Consumer Insight Newsletter  . 

Key Topics Covered in This Edition:   
• Understanding Debt Types: Differentiating between secured and unsecured debt, and the potential consequences of not paying.   
• Your Rights Against Debt Collectors: Know when you can dispute a debt and how to handle harassment from debt collectors.   
• Free Resources for Assistance: How low-income individuals can access legal aid and what to do if they are sued by a creditor.   
• Consumer Protections Against Unfair Debt Collection: Learn about New Hampshire laws and federal protections that stop collectors from using abusive tactics. 

In addition to these key points, the newsletter provides important information on exemptions for certain income types from being used to pay debts, and steps you can take if you are being threatened with legal action or wage garnishment. 

If you or someone you know is being pursued by a debt collector and would like to learn more about your legal rights, the New Hampshire 

Consumer Protection and Antitrust Bureau can be reached at (603) 271-3641 or  DOJ-CPB@doj.nh.gov  . You can also file a consumer complaint by visiting  here  . 

For legal assistance, low-income individuals can apply for help from 603 Legal Aid by visiting  www.603legalaid.org/apply  or calling (603) 224-3333. Those who do not meet the income qualifications may contact the Lawyer Referral Service at (603) 229-0002. 

About NH Consumer Insight   
Each edition of NH Consumer Insight highlights relevant consumer protection topics and offers essential information to help New Hampshire residents identify risks and navigate the marketplace safely. To subscribe, please email: Michael.S.Garrity@doj.nh.gov.   


08:46:55 root         DEBUG    Agency_id 3123
08:46:55 root         DEBUG    Article Link: https://www.doj.nh.gov/news-and-media/new-nh-consumer-insight-newsletter-edition-focuses-consumer-rights-debt-collection
08:46:55 root         INFO     LEDE: [testlede] month: [Jan.] day: [14]
08:46:55 root         INFO     
ADDING: FILENAME: [testfilename Collection] TITLE: [New NH Consumer Insight Newsletter Edition Focuses on Consumer Rights in Debt Collection] DATE: [2025-01-14] ID [3123]

08:46:56 root         INFO     Driver opened url https://www.doj.nh.gov/news-and-media/attorney-general-formella-announces-publication-frequently-asked-questions-new: 0.5 second load started
08:46:56 root         DEBUG    Titles: Attorney General Formella Announces the Publication of Frequently Asked Questions for New Hampshire's New Data Privacy Act
08:46:56 root         DEBUG    Dates: 2025-01-13
08:46:56 root         DEBUG    Desc: Concord, NH – Attorney General John M. Formella announces that beginning on January 1, 2025, the Data Privacy Unit in the Consumer Protection and Antitrust Bureau began enforcing the New Hampshire Data Privacy Act (“NHDPA” or the “Act”). Businesses which are covered by the Act are expected to comply with the consumer rights created by the NHDPA, in addition to the other obligations outlined by the Act. These rights and obligations ensure accountability, transparency, and consumer choice by regulating how certain companies may process the personal data of New Hampshire consumers. 

To help consumers understand their rights under the NHDPA, and to help covered businesses comply with the obligations created by this Act, Attorney General John M. Formella announces the publication of Frequently Asked Questions on the New Hampshire Department of Justice website. These Frequently Asked Questions are located at the following link:  https://www.doj.nh.gov/data-privacy-enforcement  . 

Attorney General Formella encourages anyone who would like to better understand their rights and obligations under the NHDPA to review both the Frequently Asked Questions page and  RSA 507-H  . 

Assistant Attorney General Warren Cormack and Investigative Paralegal Isaiah Hutchinson have been hired to staff the Data Privacy Unit. Anyone wishing to report a violation of the NHDPA is encouraged to fill out a Consumer Protection complaint form  at this link  or to email:  CPB-DOJ@doj.nh.gov  .   


08:46:56 root         DEBUG    Agency_id 3123
08:46:56 root         DEBUG    Article Link: https://www.doj.nh.gov/news-and-media/attorney-general-formella-announces-publication-frequently-asked-questions-new
08:46:56 root         INFO     LEDE: [testlede] month: [Jan.] day: [13]
08:46:56 root         INFO     
ADDING: FILENAME: [testfilename rivacy Act] TITLE: [Attorney General Formella Announces the Publication of Frequently Asked Questions for New Hampshire's New Data Privacy Act] DATE: [2025-01-13] ID [3123]

08:46:56 root         INFO     Driver opened url https://www.doj.nh.gov/news-and-media/former-roofing-contractor-sentenced-minimum-4-12-years-state-prison-stealing: 0.5 second load started
08:46:57 root         DEBUG    Titles: Former Roofing Contractor Sentenced to a Minimum of 4  1/2 years in State Prison for Stealing Customer Funds
08:46:57 root         DEBUG    Dates: 2025-01-10
08:46:57 root         DEBUG    Desc: Concord, NH – Attorney General John M. Formella announces that Gerard Michael Healey, age 57, has been sentenced on a class A felony count of Theft by Unauthorized Taking or Transfer, a class A felony count of Theft by Misapplication of Property, and a class A misdemeanor count of violating an injunction issued under the New Hampshire Consumer Protection Act (CPA). 

In October of 2024, in Belknap County Superior Court, Healey pleaded guilty to the charges, which stemmed from his conduct while serving as the owner of Pinnacle Metal Roofing, a roofing company formerly located in Meredith. Healey stole a total of $212,394 in deposits from 23 victims who provided the deposits as prepayments for roofing work on their houses that he did not perform. In addition to his thefts, he took and kept 19 of the deposits in criminal violation of a consent judgment he entered into with the Department of Justice’s Consumer Protection and Antitrust Bureau in 2017. 

The Court sentenced Healey to serve 4 ½ to 10 years in the New Hampshire State Prison for the Theft by Unauthorized Taking or Transfer charge. On the Theft by Misapplication of Property charge, he was sentenced to serve 7 ½ to 15 years in the New Hampshire State Prison, fully suspended, with the suspended sentence to end 10 years from his release on the Theft by Unauthorized Taking or Transfer charge. On the misdemeanor count of violating an injunction issued under the CPA, he was sentenced to serve one year in the House of Corrections, fully suspended, with the suspended sentence to end two years from his release on the Theft by Unauthorized Taking or Transfer charge. 

Investigator Frederick Lulka of the Consumer Protection and Antitrust Bureau was responsible for investigating the case. The case was prosecuted by Assistant Attorneys General JR Davis and Zach Frish, also of the Consumer Protection and Antitrust Bureau. 

If you or someone you know has been the victim of home contractor fraud or theft, please contact your local police department and file a consumer complaint with the Consumer Protection and Antitrust Bureau at:  https://www.doj.nh.gov/consumer/complaints/index.htm  .   


08:46:57 root         DEBUG    Agency_id 3123
08:46:57 root         DEBUG    Article Link: https://www.doj.nh.gov/news-and-media/former-roofing-contractor-sentenced-minimum-4-12-years-state-prison-stealing
08:46:57 root         INFO     LEDE: [testlede] month: [Jan.] day: [10]
08:46:57 root         INFO     
ADDING: FILENAME: [testfilename omer Funds] TITLE: [Former Roofing Contractor Sentenced to a Minimum of 4  1/2 years in State Prison for Stealing Customer Funds] DATE: [2025-01-10] ID [3123]

08:46:57 root         INFO     Driver opened url https://www.doj.nh.gov/news-and-media/felisha-cunningham-sentenced-medicaid-fraud-theft: 0.5 second load started
08:46:58 root         DEBUG    Titles: Felisha Cunningham Sentenced for Medicaid Fraud, Theft
08:46:58 root         DEBUG    Dates: 2025-01-08
08:46:58 root         DEBUG    Desc: Concord, NH – Attorney General John M. Formella announces that Felisha Cunnigham, age 29, has been convicted and sentenced on a class A felony charge of Theft by Deception and class B felony charge of Medicaid Fraud – False Claims. 

On January 8, 2025, at the Merrimack County Superior Court, Ms. Cunningham pleaded guilty to working in concert with Tucker Bean to cause false Medicaid claims to be filed to steal $17,749.54 in Medicaid funds. Between April 2023 and January 2024, Ms. Cunningham participated in the creation and submission of false mileage reimbursement requests for non-emergency medical transportation trips for her and Mr. Bean as part of the Family and Friends Mileage Reimbursement Program. Ms. Cunningham represented that she was living in Plymouth and traveled from Plymouth to healthcare appointments in Franklin, a distance of more than 25 miles each way. She also represented that Mr. Bean was living in Conway and that she drove him to treatment at the same location in Franklin each day, a distance of approximately 60 miles each way. However, during that period, Mr. Bean and Ms. Cunningham lived together, primarily in the Franklin/Tilton region, including several months at an apartment approximately one-half mile from the treatment facility. 

The Court sentenced Ms. Cunningham to serve 12 months at the Merrimack County House of Corrections on the Medicaid Fraud – False Claims charge. Six months of the sentence are suspended for seven years upon Cunningham’s release. On the Theft by Deception charge, the Court sentenced Ms. Cunningham to a term of 2 to 4 years at the New Hampshire State Prison, which is fully suspended for seven years upon her release on the Medicaid Fraud – False Claims sentence. The Theft by Deception sentence will run consecutively to the Medicaid Fraud – False Claims sentence, if imposed. Additional terms of the sentences included restitution of $17,749.54 to the New Hampshire Department of Health and Human Services and no further participation in the Family and Friends Mileage Reimbursement Program. 

Financial Investigator Timothy Brackett and Investigator John Lannon of the New Hampshire Department of Justice’s Medicaid Fraud Control Unit investigated this matter with assistance from the Conway, Franklin, and Tilton Police Departments. The case was prosecuted by Senior Assistant Attorney General Thomas Worboys and Assistant Attorney General Andrew Yourell, both of the Medicaid Fraud Control Unit. 

The charges and allegations against Mr. Bean are merely accusations, and Mr. Bean is presumed innocent unless and until proven guilty. Mr. Bean’s case is scheduled for trial in May 2024. 

The Medicaid Fraud Control Unit investigates and prosecutes fraud by healthcare providers who treat Medicaid beneficiaries. Healthcare providers include, but are not limited to, hospitals, nursing homes, doctors, dentists, pharmacies, ambulance companies, and anyone else who is paid for providing healthcare services to Medicaid beneficiaries. If you would like to report a case of provider fraud, please contact the Medicaid Fraud Control Unit at (603) 271-1246. 

The Medicaid Fraud Control Unit receives 75 percent of its funding from the U.S. Department of Health and Human Services under a grant award totaling $1,032,556 for Federal fiscal year (FY) 2025. The remaining 25 percent, totaling $344,185 for FY 2025, is funded by the State of New Hampshire.   


08:46:58 root         DEBUG    Agency_id 3123
08:46:58 root         DEBUG    Article Link: https://www.doj.nh.gov/news-and-media/felisha-cunningham-sentenced-medicaid-fraud-theft
08:46:58 root         INFO     LEDE: [testlede] month: [Jan.] day: [8]
08:46:58 root         INFO     
ADDING: FILENAME: [testfilename aud, Theft] TITLE: [Felisha Cunningham Sentenced for Medicaid Fraud, Theft] DATE: [2025-01-08] ID [3123]

08:46:59 root         INFO     Scrape errors found during run:
08:46:59 root         INFO     []
08:46:59 root         INFO     End of file message
08:46:59 root         INFO     

Load Version 2.0.1 01/17/2025
       Docs Loaded: 6
       URLS processed: 1
       DUPS skipped: 0
       No Ledes found: 0

Passed Parameters:
       Pull House and Senate: False
       Number of days back: 60
       Start Time: 2025-01-18 08:46:48
       End Time: 2025-01-18 08:46:59
       Elapsed Time: 0:00:10
       Character Minimum Amount: 100

Errors:
Docs:
	Loaded:
		3123: Enforcement Action Filed Against Frank Hobbs, Jr. for Violations of the New Hampshire Civil Rights Act
		3123: Attorney General Formella Announces Dartmouth Health Policy Change Regarding COVID-19 Vaccination Requirement for Kidney Transplants
		3123: New NH Consumer Insight Newsletter Edition Focuses on Consumer Rights in Debt Collection
		3123: Attorney General Formella Announces the Publication of Frequently Asked Questions for New Hampshire's New Data Privacy Act
		3123: Former Roofing Contractor Sentenced to a Minimum of 4  1/2 years in State Prison for Stealing Customer Funds
		3123: Felisha Cunningham Sentenced for Medicaid Fraud, Theft
