14:32:27 root         INFO     Skipping 27599
14:32:27 root         INFO     Skipping 30449
14:32:27 root         INFO     Skipping 14315
14:32:27 root         INFO     Skipping 7566
14:32:27 root         INFO     Skipping 804
14:32:27 root         INFO     Skipping 12106
14:32:27 root         INFO     Skipping 8034
14:32:27 root         INFO     Skipping 7901
14:32:27 root         INFO     Skipping 20157
14:32:27 root         INFO     Skipping 6950
14:32:27 root         INFO     Skipping 15026
14:32:27 root         INFO     Skipping 19993
14:32:27 root         INFO     Skipping 21569
14:32:27 root         INFO     Skipping 23030
14:32:27 root         INFO     Skipping 206
14:32:27 root         INFO     Skipping 16046
14:32:27 root         INFO     Skipping 16140
14:32:27 root         INFO     Skipping 16037
14:32:27 root         INFO     Skipping 43
14:32:27 root         INFO     Skipping 225
14:32:27 root         INFO     Skipping 37711
14:32:27 root         INFO     Skipping 34699
14:32:27 root         INFO     Skipping 19021
14:32:27 root         INFO     Skipping 18495
14:32:27 root         INFO     Skipping 222
14:32:27 root         INFO     Skipping 5602
14:32:27 root         INFO     Skipping 16027
14:32:27 root         INFO     Skipping 21499
14:32:27 root         INFO     Skipping 2698
14:32:27 root         INFO     Skipping 27867
14:32:27 root         INFO     Skipping 24224
14:32:27 root         INFO     Skipping 21563
14:32:27 root         INFO     Skipping 24227
14:32:27 root         INFO     Skipping 17224
14:32:27 root         INFO     Skipping 219
14:32:27 root         INFO     Skipping 23814
14:32:27 root         INFO     Skipping 15376
14:32:27 root         INFO     Skipping 19286
14:32:27 root         INFO     Skipping 28048
14:32:27 root         INFO     Skipping 543
14:32:27 root         INFO     Skipping 24233
14:32:27 root         INFO     Skipping 18735
14:32:27 root         INFO     Skipping 1066
14:32:27 root         INFO     Skipping 37680
14:32:27 root         INFO     Skipping 691
14:32:27 root         INFO     Skipping 677
14:32:27 root         INFO     Skipping 20141
14:32:27 root         INFO     Skipping 36151
14:32:27 root         INFO     Skipping 20319
14:32:27 root         INFO     Skipping 12400
14:32:27 root         INFO     Skipping 127
14:32:27 root         INFO     Skipping 20792
14:32:27 root         INFO     Skipping 17104
14:32:27 root         INFO     Skipping 24344
14:32:27 root         INFO     Skipping 19546
14:32:27 root         INFO     Skipping 15565
14:32:27 root         INFO     Skipping 13359
14:32:27 root         INFO     Skipping 17922
14:32:27 root         INFO     Skipping 22481
14:32:27 root         INFO     Skipping 20138
14:32:27 root         INFO     Skipping 119
14:32:27 root         INFO     Skipping 24
14:32:27 root         INFO     Skipping 21188
14:32:27 root         INFO     Skipping 3016
14:32:27 root         INFO     Skipping 21525
14:32:27 root         INFO     Skipping 37694
14:32:27 root         INFO     Skipping 18710
14:32:27 root         INFO     Skipping 29332
14:32:27 root         INFO     Skipping 23100
14:32:27 root         INFO     Skipping 37725
14:32:27 root         INFO     Skipping 15633
14:32:27 root         INFO     Skipping 948
14:32:27 root         INFO     Skipping 30993
14:32:27 root         INFO     Skipping 22221
14:32:27 root         INFO     Skipping 22654
14:32:27 root         INFO     Skipping 35809
14:32:27 root         INFO     Skipping 35576
14:32:27 root         INFO     Skipping 37408
14:32:27 root         INFO     Skipping 7844
14:32:27 root         INFO     Skipping 169
14:32:27 root         INFO     Skipping 20
14:32:27 root         INFO     Skipping 8022
14:32:27 root         INFO     Skipping 8032
14:32:27 root         INFO     Skipping 20605
14:32:27 root         INFO     Skipping 7838
14:32:27 root         INFO     Skipping 21497
14:32:27 root         INFO     Skipping 35572
14:32:27 root         INFO     Skipping 30425
14:32:27 root         INFO     Skipping 35517
14:32:27 root         INFO     Skipping 35524
14:32:27 root         INFO     Skipping 21522
14:32:27 root         INFO     Skipping 1325
14:32:27 root         INFO     Skipping 1079
14:32:27 root         INFO     Skipping 6973
14:32:27 root         INFO     Skipping 37495
14:32:27 root         INFO     Skipping 30405
14:32:27 root         INFO     Skipping 18767
14:32:27 root         INFO     Skipping 21521
14:32:27 root         INFO     Skipping 921
14:32:27 root         INFO     Skipping 27602
14:32:27 root         INFO     Skipping 21335
14:32:27 root         INFO     Skipping 30444
14:32:27 root         INFO     Skipping 1363
14:32:27 root         INFO     Skipping 9488
14:32:27 root         INFO     Skipping 24230
14:32:27 root         INFO     Skipping 2696
14:32:27 root         INFO     Skipping 37705
14:32:27 root         INFO     Skipping 33752
14:32:27 root         INFO     Skipping 37731
14:32:27 root         INFO     Skipping 37740
14:32:27 root         INFO     Skipping 9427
14:32:27 root         INFO     Skipping 19880
14:32:27 root         INFO     Skipping 632
14:32:27 root         INFO     Skipping 135
14:32:27 root         INFO     Skipping 39007
14:32:27 root         INFO     Skipping 551
14:32:27 root         INFO     Skipping 37304
14:32:27 root         INFO     Skipping 20115
14:32:27 root         INFO     Skipping 13362
14:32:27 root         INFO     Skipping 7333
14:32:27 root         INFO     Skipping 21423
14:32:27 root         INFO     Skipping 17653
14:32:27 root         INFO     Skipping 21152
14:32:27 root         INFO     Skipping 16031
14:32:27 root         INFO     Skipping 27074
14:32:27 root         INFO     Skipping 255
14:32:27 root         INFO     Skipping 431
14:32:27 root         INFO     Skipping 19290
14:32:27 root         INFO     Skipping 33954
14:32:27 root         INFO     Skipping 22921
14:32:27 root         INFO     Skipping 26556
14:32:27 root         INFO     Skipping 167
14:32:27 root         INFO     Skipping 15884
14:32:27 root         INFO     Skipping 30382
14:32:27 root         INFO     Skipping 30450
14:32:27 root         INFO     Skipping 27626
14:32:27 root         INFO     Skipping 37748
14:32:27 root         INFO     Skipping 715
14:32:27 root         INFO     Skipping 18734
14:32:27 root         INFO     Skipping 9485
14:32:27 root         INFO     Skipping 24231
14:32:27 root         INFO     Skipping 6221
14:32:27 root         INFO     Skipping 15392
14:32:27 root         INFO     Skipping 14466
14:32:27 root         INFO     Skipping 15025
14:32:27 root         INFO     Skipping 19760
14:32:27 root         INFO     Skipping 37095
14:32:27 root         INFO     Skipping 122
14:32:27 root         INFO     Skipping 113
14:32:27 root         INFO     Skipping 13863
14:32:27 root         INFO     Skipping 7355
14:32:27 root         INFO     Skipping 8042
14:32:27 root         INFO     Skipping 23802
14:32:27 root         INFO     Skipping 282
14:32:27 root         INFO     Skipping 7316
14:32:27 root         INFO     Skipping 16040
14:32:27 root         INFO     Skipping 7922
14:32:27 root         INFO     Skipping 16041
14:32:27 root         INFO     Skipping 28101
14:32:27 root         INFO     Skipping 3410
14:32:27 root         INFO     Skipping 7121
14:32:27 root         INFO     Skipping 17116
14:32:27 root         INFO     Skipping 20034
14:32:27 root         INFO     Skipping 6918
14:32:27 root         INFO     Skipping 22037
14:32:27 root         INFO     Skipping 14373
14:32:27 root         INFO     Skipping 13794
14:32:27 root         INFO     Skipping 13964
14:32:27 root         INFO     Skipping 6930
14:32:27 root         INFO     Skipping 19978
14:32:27 root         INFO     Skipping 14069
14:32:27 root         INFO     Skipping 14111
14:32:27 root         INFO     Skipping 6931
14:32:27 root         INFO     Skipping 14021
14:32:27 root         INFO     Skipping 37180
14:32:27 root         INFO     Skipping 35130
14:32:27 root         INFO     Skipping 19684
14:32:27 root         INFO     Skipping 28292
14:32:27 root         INFO     Skipping 30335
14:32:27 root         INFO     Skipping 14867
14:32:27 root         INFO     Skipping 23669
14:32:27 root         INFO     Skipping 6793
14:32:27 root         INFO     Skipping 15440
14:32:27 root         INFO     Skipping 23588
14:32:27 root         INFO     Skipping 10156
14:32:27 root         INFO     Skipping 30046
14:32:27 root         INFO     Skipping 39476
14:32:27 root         INFO     Skipping 37727
14:32:27 root         INFO     Skipping 33096
14:32:27 root         INFO     Skipping 32423
14:32:27 root         INFO     Skipping 30658
14:32:27 root         INFO     Skipping 18394
14:32:27 root         INFO     Skipping 19870
14:32:27 root         INFO     Skipping 15962
14:32:27 root         INFO     Skipping 702
14:32:27 root         INFO     Skipping 39478
14:32:27 root         INFO     Skipping 30435
14:32:27 root         INFO     Skipping 9445
14:32:27 root         INFO     Skipping 24173
14:32:27 root         INFO     Skipping 35554
14:32:27 root         INFO     Skipping 18733
14:32:27 root         INFO     Skipping 3962
14:32:27 root         INFO     Skipping 26659
14:32:27 root         INFO     Skipping 32135
14:32:27 root         INFO     Skipping 27843
14:32:27 root         INFO     Skipping 17658
14:32:27 root         INFO     Skipping 27186
14:32:27 root         INFO     Skipping 6922
14:32:27 root         INFO     Skipping 7317
14:32:27 root         INFO     Skipping 37607
14:32:27 root         INFO     Skipping 19748
14:32:27 root         INFO     Skipping 14979
14:32:27 root         INFO     Skipping 28256
14:32:27 root         INFO     Skipping 15000
14:32:27 root         INFO     Skipping 15725
14:32:27 root         INFO     Skipping 21561
14:32:27 root         INFO     Skipping 23098
14:32:27 root         INFO     Skipping 24231
14:32:27 root         INFO     Skipping 30469
14:32:27 root         INFO     Skipping 37819
14:32:27 root         INFO     Skipping 27605
14:32:27 root         INFO     Skipping 24799
14:32:27 root         INFO     Skipping 35571
14:32:27 root         INFO     Skipping 18750
14:32:27 root         INFO     Skipping 21564
14:32:27 root         INFO     Skipping 695
14:32:27 root         INFO     Skipping 619
14:32:27 root         INFO     Skipping 21566
14:32:27 root         INFO     Skipping 18746
14:32:27 root         INFO     Skipping 30470
14:32:27 root         INFO     Skipping 37747
14:32:27 root         INFO     Skipping 35726
14:32:27 root         INFO     Skipping 35708
14:32:27 root         INFO     Skipping 35705
14:32:27 root         INFO     Skipping 35727
14:32:27 root         INFO     Skipping 37743
14:32:27 root         INFO     Skipping 24229
14:32:27 root         INFO     Skipping 37748
14:32:27 root         INFO     Skipping 19879
14:32:27 root         INFO     Skipping 717
14:32:27 root         INFO     Skipping 35728
14:32:27 root         INFO     Skipping 37820
14:32:27 root         INFO     Skipping 30473
14:32:27 root         INFO     Skipping 37744
14:32:27 root         INFO     Skipping 28313
14:32:27 root         INFO     Skipping 37749
14:32:27 root         INFO     Skipping 15948
14:32:27 root         INFO     Skipping 35707
14:32:27 root         INFO     Skipping 35706
14:32:27 root         INFO     Skipping 35704
14:32:27 root         INFO     Skipping 18740
14:32:27 root         INFO     Skipping 18736
14:32:27 root         INFO     Skipping 183
14:32:27 root         INFO     Skipping 7887
14:32:27 root         INFO     Skipping 15551
14:32:27 root         INFO     Skipping 35562
14:32:27 root         INFO     Skipping 9423
14:32:27 root         INFO     Skipping 1519
14:32:27 root         INFO     Skipping 35489
14:32:27 root         INFO     Skipping 20880
14:32:27 root         INFO     Skipping 37235
14:32:27 root         INFO     Skipping 15882
14:32:27 root         INFO     Skipping 1169
14:32:27 root         INFO     Skipping 9463
14:32:27 root         INFO     Skipping 37685
14:32:27 root         INFO     Skipping 809
14:32:27 root         INFO     Skipping 9421
14:32:27 root         INFO     Skipping 30397
14:32:27 root         INFO     Skipping 37735
14:32:27 root         INFO     Skipping 30394
14:32:27 root         INFO     Skipping 30448
14:32:27 root         INFO     Skipping 27614
14:32:27 root         INFO     Skipping 35527
14:32:27 root         INFO     Skipping 37416
14:32:27 root         INFO     Skipping 37709
14:32:27 root         INFO     Skipping 27649
14:32:27 root         INFO     Skipping 35546
14:32:27 root         INFO     Skipping 1098
14:32:27 root         INFO     Skipping 21488
14:32:27 root         INFO     Skipping 37674
14:32:27 root         INFO     Skipping 37706
14:32:27 root         INFO     Skipping 37713
14:32:27 root         INFO     Skipping 918
14:32:27 root         INFO     Skipping 24210
14:32:27 root         INFO     Skipping 37728
14:32:27 root         INFO     Skipping 35555
14:32:27 root         INFO     Skipping 35556
14:32:27 root         INFO     Skipping 892
14:32:27 root         INFO     Skipping 38045
14:32:27 root         INFO     Skipping 829
14:32:27 root         INFO     Skipping 30468
14:32:27 root         INFO     Skipping 24186
14:32:27 root         INFO     Skipping 24194
14:32:27 root         INFO     Skipping 37693
14:32:27 root         INFO     Skipping 30429
14:32:27 root         INFO     Skipping 1249
14:32:27 root         INFO     Skipping 30434
14:32:27 root         INFO     Skipping 24199
14:32:27 root         INFO     Skipping 37688
14:32:27 root         INFO     Skipping 23853
14:32:27 root         INFO     Skipping 30456
14:32:27 root         INFO     Skipping 1036
14:32:27 root         INFO     Skipping 30436
14:32:27 root         INFO     Skipping 37690
14:32:27 root         INFO     Skipping 36428
14:32:27 root         INFO     Skipping 37721
14:32:27 root         INFO     Skipping 27646
14:32:27 root         INFO     Skipping 24187
14:32:27 root         INFO     Skipping 35551
14:32:27 root         INFO     Skipping 925
14:32:27 root         INFO     Skipping 21570
14:32:27 root         INFO     Skipping 21536
14:32:27 root         INFO     Skipping 604
14:32:27 root         INFO     Skipping 21562
14:32:27 root         INFO     Skipping 21572
14:32:27 root         INFO     Skipping 17884
14:32:27 root         INFO     Skipping 235
14:32:27 root         INFO     Skipping 2909
14:32:27 root         INFO     Skipping 21487
14:32:27 root         INFO     Skipping 27644
14:32:27 root         INFO     Skipping 37722
14:32:27 root         INFO     Skipping 24175
14:32:27 root         INFO     Skipping 27637
14:32:27 root         INFO     Skipping 9424
14:32:27 root         INFO     Skipping 24181
14:32:27 root         INFO     Skipping 37676
14:32:27 root         INFO     Skipping 15912
14:32:27 root         INFO     Skipping 1004
14:32:27 root         INFO     Skipping 15922
14:32:27 root         INFO     Skipping 21523
14:32:27 root         INFO     Skipping 14489
14:32:27 root         INFO     Skipping 18756
14:32:27 root         INFO     Skipping 23549
14:32:27 root         INFO     Skipping 30414
14:32:27 root         INFO     Skipping 2505
14:32:27 root         INFO     Skipping 28735
14:32:27 root         INFO     Skipping 599
14:32:27 root         INFO     Skipping 24124
14:32:27 root         INFO     Skipping 24218
14:32:27 root         INFO     Skipping 19874
14:32:27 root         INFO     Skipping 2175
14:32:27 root         INFO     Skipping 21467
14:32:27 root         INFO     Skipping 30525
14:32:27 root         INFO     Skipping 24176
14:32:27 root         INFO     Skipping 15949
14:32:27 root         INFO     Skipping 27630
14:32:27 root         INFO     Skipping 27632
14:32:27 root         INFO     Skipping 606
14:32:27 root         INFO     Skipping 27629
14:32:27 root         INFO     Skipping 24228
14:32:27 root         INFO     Skipping 562
14:32:27 root         INFO     Skipping 21633
14:32:27 root         INFO     Skipping 24225
14:32:27 root         INFO     Skipping 18725
14:32:27 root         INFO     Skipping 21567
14:32:27 root         INFO     Skipping 27628
14:32:27 root         INFO     Skipping 12921
14:32:27 root         INFO     Skipping 47
14:32:27 root         INFO     Skipping 8101
14:32:27 root         INFO     Skipping 27936
14:32:27 root         INFO     Skipping 23089
14:32:27 root         INFO     Skipping 15911
14:32:27 root         INFO     Skipping 30472
14:32:27 root         INFO     Skipping 35703
14:32:27 root         INFO     Skipping 30475
14:32:27 root         INFO     Skipping 18739
14:32:27 root         INFO     Skipping 30378
14:32:27 root         INFO     Skipping 21
14:32:27 root         INFO     Skipping 32904
14:32:27 root         INFO     Skipping 24169
14:32:27 root         INFO     Skipping 27616
14:32:27 root         INFO     Skipping 546
14:32:27 root         INFO     Skipping 125
14:32:27 root         INFO     Skipping 432
14:32:27 root         INFO     Skipping 23572
14:32:27 root         INFO     Skipping 1
14:32:27 root         INFO     Skipping 10
14:32:27 root         INFO     Skipping 72
14:32:27 root         INFO     Skipping 106
14:32:27 root         INFO     Skipping 804
14:32:27 root         INFO     Skipping 697
14:32:27 root         INFO     Skipping 166
14:32:27 root         INFO     Skipping 37667
14:32:27 root         INFO     Skipping 24234
14:32:27 root         INFO     Skipping 34781
14:32:27 root         INFO     Skipping 44
14:32:27 root         INFO     Skipping 2434
14:32:27 root         INFO     Skipping 7307
14:32:27 root         INFO     Skipping 7280
14:32:27 root         INFO     Skipping 14197
14:32:27 root         INFO     Skipping 6929
14:32:27 root         INFO     Skipping 24223
14:32:27 root         INFO     Skipping 30412
14:32:27 root         INFO     Skipping 21230
14:32:27 root         INFO     Skipping 7124
14:32:27 root         INFO     Skipping 7516
14:32:27 root         INFO     Skipping 9231
14:32:27 root         INFO     Skipping 13222
14:32:27 root         INFO     Skipping 24928
14:32:27 root         INFO     Skipping 14466
14:32:27 root         INFO     Skipping 19685
14:32:27 root         INFO     Skipping 14008
14:32:27 root         INFO     Skipping 20480
14:32:27 root         INFO     Skipping 7126
14:32:27 root         INFO     Skipping 15792
14:32:27 root         INFO     Skipping 27571
14:32:27 root         INFO     Skipping 19109
14:32:27 root         INFO     Skipping 14066
14:32:27 root         INFO     Skipping 7103
14:32:27 root         INFO     Skipping 13479
14:32:27 root         INFO     Skipping 13475
14:32:27 root         INFO     Skipping 24237
14:32:27 root         INFO     Skipping 28365
14:32:27 root         INFO     Skipping 7118
14:32:27 root         INFO     Skipping 19909
14:32:27 root         INFO     Skipping 13664
14:32:27 root         INFO     Skipping 13467
14:32:27 root         INFO     Skipping 18743
14:32:27 root         INFO     Skipping 19881
14:32:27 root         INFO     Skipping 6970
14:32:27 root         INFO     Skipping 7286
14:32:27 root         INFO     Skipping 14047
14:32:27 root         INFO     Skipping 35569
14:32:27 root         INFO     Skipping 37741
14:32:27 root         INFO     Skipping 37697
14:32:27 root         INFO     Skipping 1453
14:32:27 root         INFO     Skipping 18818
14:32:27 root         INFO     Skipping 37745
14:32:27 root         INFO     Skipping 18836
14:32:27 root         INFO     Skipping 37441
14:32:27 root         INFO     Skipping 24207
14:32:27 root         INFO     Skipping 1483
14:32:27 root         INFO     Skipping 30395
14:32:27 root         INFO     Skipping 30432
14:32:27 root         INFO     Skipping 36969
14:32:27 root         INFO     Skipping 21533
14:32:27 root         INFO     Skipping 1352
14:32:27 root         INFO     Skipping 30390
14:32:27 root         INFO     Skipping 1149
14:32:27 root         INFO     Skipping 24202
14:32:27 root         INFO     Skipping 30389
14:32:27 root         INFO     Skipping 15891
14:32:27 root         INFO     Skipping 14488
14:32:27 root         INFO     Skipping 30528
14:32:27 root         INFO     Skipping 27597
14:32:27 root         INFO     Skipping 37737
14:32:27 root         INFO     Skipping 1557
14:32:27 root         INFO     Skipping 27609
14:32:27 root         INFO     Skipping 900
14:32:27 root         INFO     Skipping 21527
14:32:27 root         INFO     Skipping 1479
14:32:27 root         INFO     Skipping 30387
14:32:27 root         INFO     Skipping 980
14:32:27 root         INFO     Skipping 37703
14:32:27 root         INFO     Skipping 15304
14:32:27 root         INFO     Skipping 128
14:32:27 root         INFO     Skipping 14781
14:32:27 root         INFO     Skipping 15528
14:32:27 root         INFO     Skipping 25120
14:32:27 root         INFO     Skipping 33803
14:32:27 root         INFO     Skipping 20476
14:32:27 root         INFO     Skipping 27502
14:32:27 root         INFO     Skipping 13456
14:32:27 root         INFO     Skipping 27390
14:32:27 root         INFO     Skipping 15813
14:32:27 root         INFO     Skipping 7320
14:32:27 root         INFO     Skipping 20668
14:32:27 root         INFO     Skipping 38937
14:32:27 root         INFO     Skipping 37417
14:32:27 root         INFO     Skipping 13038
14:32:27 root         INFO     Skipping 6932
14:32:27 root         INFO     Skipping 14978
14:32:27 root         INFO     Skipping 17045
14:32:27 root         INFO     Skipping 22385
14:32:27 root         INFO     Skipping 7853
14:32:27 root         INFO     Skipping 14026
14:32:27 root         INFO     Skipping 14923
14:32:27 root         INFO     Skipping 7288
14:32:27 root         INFO     Skipping 7538
14:32:27 root         INFO     Skipping 13451
14:32:27 root         INFO     Skipping 25009
14:32:27 root         INFO     Skipping 9452
14:32:27 root         INFO     Skipping 20118
14:32:27 root         INFO     Skipping 20475
14:32:27 root         INFO     Skipping 14602
14:32:27 root         INFO     Skipping 7291
14:32:27 root         INFO     Skipping 13457
14:32:27 root         INFO     Skipping 7345
14:32:27 root         INFO     Skipping 35752
14:32:27 root         INFO     Skipping 31489
14:32:27 root         INFO     Skipping 15674
14:32:27 root         INFO     Skipping 31189
14:32:27 root         INFO     Skipping 21
14:32:27 root         INFO     Skipping 247
14:32:27 root         INFO     Skipping 20084
14:32:27 root         INFO     Skipping 16020
14:32:27 root         INFO     Skipping 2009
14:32:27 root         INFO     Skipping 1773
14:32:27 root         INFO     Skipping 7337
14:32:27 root         INFO     Skipping 14910
14:32:27 root         INFO     Skipping 7339
14:32:27 root         INFO     Skipping 24976
14:32:27 root         INFO     Skipping 30360
14:32:27 root         INFO     Skipping 24315
14:32:27 root         INFO     Skipping 30361
14:32:27 root         INFO     Skipping 30358
14:32:27 root         INFO     Skipping 37191
14:32:27 root         INFO     Skipping 3129
14:32:27 root         INFO     Skipping 3052
14:32:27 root         INFO     Skipping 37932
14:32:27 root         INFO     Skipping 3125
14:32:27 root         INFO     Skipping 3109
14:32:27 root         INFO     Skipping 20056
14:32:27 root         INFO     Skipping 37778
14:32:27 root         INFO     Skipping 35587
14:32:27 root         INFO     Skipping 28452
14:32:27 root         INFO     Skipping 3320
14:32:27 root         INFO     Skipping 30367
14:32:27 root         INFO     Skipping 3048
14:32:27 root         INFO     Skipping 27750
14:32:27 root         INFO     Skipping 3072
14:32:27 root         INFO     Skipping 38049
14:32:27 root         INFO     Skipping 30366
14:32:27 root         INFO     Skipping 30368
14:32:27 root         INFO     Skipping 27956
14:32:27 root         INFO     Skipping 15709
14:32:27 root         INFO     Skipping 38047
14:32:27 root         INFO     Skipping 3137
14:32:27 root         INFO     Skipping 3085
14:32:27 root         INFO     Skipping 2042
14:32:27 root         INFO     Skipping 30374
14:32:27 root         INFO     Skipping 3064
14:32:27 root         INFO     Skipping 3286
14:32:27 root         INFO     Skipping 30362
14:32:27 root         INFO     Skipping 3309
14:32:27 root         INFO     Skipping 37826
14:32:27 root         INFO     Skipping 4972
14:32:27 root         INFO     Skipping 15790
14:32:27 root         INFO     Skipping 18747
14:32:27 root         INFO     Skipping 22401
14:32:27 root         INFO     Skipping 18711
14:32:27 root         INFO     Skipping 3123
14:32:27 root         INFO     Skipping 3296
14:32:27 root         INFO     Skipping 164
14:32:27 root         INFO     Skipping 30617
14:32:27 root         INFO     Skipping 19614
14:32:27 root         INFO     Skipping 23295
14:32:33 root         INFO     Driver opened url https://www.adhrb.org/impact/: 0.5 second load started
14:32:35 root         INFO     Driver opened url https://www.adhrb.org/2025/01/human-rights-for-disabled-people-in-saudi-arabia/: 0.5 second load started
14:32:35 root         INFO     LEDE: [testlede] month: [Jan.] day: [16]
14:32:35 root         INFO     
ADDING: FILENAME: [testfilename udi Arabia] TITLE: [Human Rights For Disabled People In Saudi Arabia] DATE: [2025-01-16] ID [35818]

14:32:36 root         INFO     Driver opened url https://www.adhrb.org/2025/01/profile-in-prosecution-ali-husain-matrook-abdulla/: 0.5 second load started
14:32:37 root         INFO     LEDE: [testlede] month: [Jan.] day: [9]
14:32:37 root         INFO     
ADDING: FILENAME: [testfilename ok Abdulla] TITLE: [Profile in Persecution: Ali Husain Matrook Abdulla] DATE: [2025-01-09] ID [35818]

14:32:38 root         INFO     Driver opened url https://www.adhrb.org/2025/01/freedom-of-religion-for-shia-and-other-minorities-in-saudi-arabia/: 0.5 second load started
14:32:39 root         INFO     LEDE: [testlede] month: [Jan.] day: [7]
14:32:39 root         INFO     
ADDING: FILENAME: [testfilename udi Arabia] TITLE: [Freedom of Religion for Shia and Other Minorities in Saudi Arabia] DATE: [2025-01-07] ID [35818]

14:32:39 root         ERROR    35818: 1062 (23000): Duplicate entry 'testfilename udi Arabia' for key 'press_release.filename_uniq_idx'
14:32:40 root         INFO     Driver opened url https://www.adhrb.org/2025/01/the-systematic-exploitation-of-migrant-workers-in-saudi-arabia-the-plight-of-east-african-migrants-in-saudi-arabia/: 0.5 second load started
14:32:41 root         INFO     LEDE: [testlede] month: [Jan.] day: [2]
14:32:41 root         INFO     
ADDING: FILENAME: [testfilename udi Arabia] TITLE: [The systematic exploitation of migrant workers in Saudi Arabia: The Plight of East African Migrants in Saudi Arabia] DATE: [2025-01-02] ID [35818]

14:32:41 root         ERROR    35818: 1062 (23000): Duplicate entry 'testfilename udi Arabia' for key 'press_release.filename_uniq_idx'
14:32:42 root         INFO     Driver opened url https://www.adhrb.org/2024/12/assessing-the-domestic-migrant-workers-rights-in-the-united-arab-emirates-in-relation-to-the-other-gcc-countries/: 0.5 second load started
14:32:43 root         INFO     LEDE: [testlede] month: [Dec.] day: [30]
14:32:43 root         INFO     
ADDING: FILENAME: [testfilename  countries] TITLE: [Assessing the domestic migrant workers' rights in the United Arab Emirates in relation to the other GCC countries] DATE: [2024-12-30] ID [35818]

14:32:44 root         INFO     Driver opened url https://www.adhrb.org/2024/12/bahrain-updates-rising-tensions-in-jau-prison-amid-systematic-exclusion-of-political-prisoners-from-the-national-day-royal-pardon/: 0.5 second load started
14:32:45 root         INFO     LEDE: [testlede] month: [Dec.] day: [20]
14:32:45 root         INFO     
ADDING: FILENAME: [testfilename yal Pardon] TITLE: [Bahrain Updates: Rising Tensions In Jau Prison Amid Systematic Exclusion of Political Prisoners from the National Day Royal Pardon] DATE: [2024-12-20] ID [35818]

14:32:46 root         INFO     Driver opened url https://www.adhrb.org/2024/12/who-holds-bahrains-torture-princes-accountable/: 0.5 second load started
14:32:47 root         INFO     LEDE: [testlede] month: [Dec.] day: [16]
14:32:47 root         INFO     
ADDING: FILENAME: [testfilename countable?] TITLE: [Who Holds Bahrain's Torture Princes Accountable?] DATE: [2024-12-16] ID [35818]

14:32:48 root         INFO     Driver opened url https://www.adhrb.org/2024/12/jau-prison-developments-escalating-tensions-signal-worse-days-ahead/: 0.5 second load started
14:32:49 root         INFO     LEDE: [testlede] month: [Dec.] day: [13]
14:32:49 root         INFO     
ADDING: FILENAME: [testfilename ays Ahead!] TITLE: [Jau Prison Developments: Escalating Tensions Signal Worse Days Ahead!] DATE: [2024-12-13] ID [35818]

14:32:50 root         INFO     Driver opened url https://www.adhrb.org/2024/12/unmutesaudivoices-open-letter-to-saudi-king-and-crown-prince-to-take-action-and-stop-the-repression-of-the-civic-space/: 0.5 second load started
14:32:51 root         INFO     LEDE: [testlede] month: [Dec.] day: [5]
14:32:51 root         INFO     
ADDING: FILENAME: [testfilename ivic space] TITLE: [#UnmuteSaudiVoices: Open Letter to Saudi King and Crown Prince to take action and stop the repression of the civic space] DATE: [2024-12-05] ID [35818]

14:32:51 root         INFO     Driver opened url https://www.adhrb.org/2024/11/unmuting-saudi-voices-a-call-for-civic-freedom-campaign-to-expose-the-ongoing-repression-of-civic-space-in-saudi-arabia/: 0.5 second load started
14:32:52 root         INFO     LEDE: [testlede] month: [Nov.] day: [28]
14:32:52 root         INFO     
ADDING: FILENAME: [testfilename ic Freedom] TITLE: [Unmuting Saudi Voices: A Call for Civic Freedom] DATE: [2024-11-28] ID [35818]

14:32:54 root         INFO     Driver opened url https://www.adhrb.org/2024/11/un-wgad-finds-the-detention-of-four-bahraini-prisoners-arbitrary-and-subjected-to-enforced-disappearance-torture-coerced-confessions-unfair-trials-reprisals-and-medical-neglect/: 0.5 second load started
14:32:54 root         INFO     LEDE: [testlede] month: [Nov.] day: [26]
14:32:54 root         INFO     
ADDING: FILENAME: [testfilename al neglect] TITLE: [UN WGAD finds the detention of four Bahraini prisoners arbitrary and subjected to enforced disappearance, torture, coerced confessions, unfair trials, reprisals, and medical neglect] DATE: [2024-11-26] ID [35818]

14:32:56 root         INFO     Driver opened url https://www.adhrb.org/2024/11/saudi-arabias-hypocrisy-digital-promises-amidst-human-rights-violations/: 0.5 second load started
14:32:56 root         INFO     LEDE: [testlede] month: [Nov.] day: [21]
14:32:56 root         INFO     
ADDING: FILENAME: [testfilename Violations] TITLE: [Saudi Arabia's Hypocrisy: Digital Promises Amidst Human Rights Violations] DATE: [2024-11-21] ID [35818]

14:32:56 root         INFO     INVALID DATE: 2024-11-18 00:00:00
14:32:56 root         INFO     INVALID DATE: 2024-11-12 00:00:00
14:32:56 root         INFO     INVALID DATE: 2024-10-28 00:00:00
14:32:56 root         INFO     INVALID DATE: 2024-10-23 00:00:00
14:32:56 root         INFO     INVALID DATE: 2024-10-22 00:00:00
14:32:57 root         INFO     Scrape errors found during run:
14:32:57 root         INFO     []
14:32:57 root         INFO     End of file message
14:32:57 root         INFO     

Load Version 2.0.1 01/17/2025
       Docs Loaded: 10
       URLS processed: 1
       DUPS skipped: 2
       No Ledes found: 0

Passed Parameters:
       Pull House and Senate: False
       Number of days back: 60
       Start Time: 2025-01-19 14:32:24
       End Time: 2025-01-19 14:32:57
       Elapsed Time: 0:00:32
       Character Minimum Amount: 100

Errors:
Docs:
	Loaded:
		35818: Human Rights For Disabled People In Saudi Arabia
		35818: Profile in Persecution: Ali Husain Matrook Abdulla
		35818: Assessing the domestic migrant workers' rights in the United Arab Emirates in relation to the other GCC countries
		35818: Bahrain Updates: Rising Tensions In Jau Prison Amid Systematic Exclusion of Political Prisoners from the National Day Royal Pardon
		35818: Who Holds Bahrain's Torture Princes Accountable?
		35818: Jau Prison Developments: Escalating Tensions Signal Worse Days Ahead!
		35818: #UnmuteSaudiVoices: Open Letter to Saudi King and Crown Prince to take action and stop the repression of the civic space
		35818: Unmuting Saudi Voices: A Call for Civic Freedom
		35818: UN WGAD finds the detention of four Bahraini prisoners arbitrary and subjected to enforced disappearance, torture, coerced confessions, unfair trials, reprisals, and medical neglect
		35818: Saudi Arabia's Hypocrisy: Digital Promises Amidst Human Rights Violations
	Duplicates:
		35818: Freedom of Religion for Shia and Other Minorities in Saudi Arabia
		35818: The systematic exploitation of migrant workers in Saudi Arabia: The Plight of East African Migrants in Saudi Arabia
