14:24:56 root         INFO     Skipping 27599
14:24:56 root         INFO     Skipping 30449
14:24:56 root         INFO     Skipping 14315
14:24:56 root         INFO     Skipping 7566
14:24:56 root         INFO     Skipping 804
14:24:56 root         INFO     Skipping 12106
14:24:56 root         INFO     Skipping 8034
14:24:56 root         INFO     Skipping 7901
14:24:56 root         INFO     Skipping 20157
14:24:56 root         INFO     Skipping 6950
14:24:56 root         INFO     Skipping 15026
14:24:56 root         INFO     Skipping 19993
14:24:56 root         INFO     Skipping 21569
14:24:56 root         INFO     Skipping 23030
14:24:56 root         INFO     Skipping 206
14:24:56 root         INFO     Skipping 16046
14:24:56 root         INFO     Skipping 16140
14:24:56 root         INFO     Skipping 16037
14:24:56 root         INFO     Skipping 43
14:24:56 root         INFO     Skipping 225
14:24:56 root         INFO     Skipping 37711
14:24:56 root         INFO     Skipping 34699
14:24:56 root         INFO     Skipping 19021
14:24:56 root         INFO     Skipping 18495
14:24:56 root         INFO     Skipping 222
14:24:56 root         INFO     Skipping 5602
14:24:56 root         INFO     Skipping 16027
14:24:56 root         INFO     Skipping 21499
14:24:56 root         INFO     Skipping 2698
14:24:56 root         INFO     Skipping 27867
14:24:56 root         INFO     Skipping 24224
14:24:56 root         INFO     Skipping 21563
14:24:56 root         INFO     Skipping 24227
14:24:56 root         INFO     Skipping 17224
14:24:56 root         INFO     Skipping 219
14:24:56 root         INFO     Skipping 23814
14:24:56 root         INFO     Skipping 15376
14:24:56 root         INFO     Skipping 19286
14:24:56 root         INFO     Skipping 28048
14:24:56 root         INFO     Skipping 543
14:24:56 root         INFO     Skipping 24233
14:24:56 root         INFO     Skipping 18735
14:24:56 root         INFO     Skipping 1066
14:24:56 root         INFO     Skipping 37680
14:24:56 root         INFO     Skipping 691
14:24:56 root         INFO     Skipping 677
14:24:56 root         INFO     Skipping 20141
14:24:56 root         INFO     Skipping 36151
14:24:56 root         INFO     Skipping 20319
14:24:56 root         INFO     Skipping 12400
14:24:56 root         INFO     Skipping 127
14:24:56 root         INFO     Skipping 20792
14:24:56 root         INFO     Skipping 17104
14:24:56 root         INFO     Skipping 24344
14:24:56 root         INFO     Skipping 19546
14:24:56 root         INFO     Skipping 15565
14:24:56 root         INFO     Skipping 13359
14:24:56 root         INFO     Skipping 17922
14:24:56 root         INFO     Skipping 22481
14:24:56 root         INFO     Skipping 20138
14:24:56 root         INFO     Skipping 119
14:24:56 root         INFO     Skipping 24
14:24:56 root         INFO     Skipping 21188
14:24:56 root         INFO     Skipping 3016
14:24:56 root         INFO     Skipping 21525
14:24:56 root         INFO     Skipping 37694
14:24:56 root         INFO     Skipping 18710
14:24:56 root         INFO     Skipping 29332
14:24:56 root         INFO     Skipping 23100
14:24:56 root         INFO     Skipping 37725
14:24:56 root         INFO     Skipping 15633
14:24:56 root         INFO     Skipping 948
14:24:56 root         INFO     Skipping 30993
14:24:56 root         INFO     Skipping 22221
14:24:56 root         INFO     Skipping 22654
14:24:56 root         INFO     Skipping 35809
14:24:56 root         INFO     Skipping 35576
14:24:56 root         INFO     Skipping 37408
14:24:56 root         INFO     Skipping 7844
14:24:56 root         INFO     Skipping 169
14:24:56 root         INFO     Skipping 20
14:24:56 root         INFO     Skipping 8022
14:24:56 root         INFO     Skipping 8032
14:24:56 root         INFO     Skipping 20605
14:24:56 root         INFO     Skipping 7838
14:24:56 root         INFO     Skipping 21497
14:24:56 root         INFO     Skipping 35572
14:24:56 root         INFO     Skipping 30425
14:24:56 root         INFO     Skipping 35517
14:24:56 root         INFO     Skipping 35524
14:24:56 root         INFO     Skipping 21522
14:24:56 root         INFO     Skipping 1325
14:24:56 root         INFO     Skipping 1079
14:24:56 root         INFO     Skipping 6973
14:24:56 root         INFO     Skipping 37495
14:24:56 root         INFO     Skipping 30405
14:24:56 root         INFO     Skipping 18767
14:24:56 root         INFO     Skipping 21521
14:24:56 root         INFO     Skipping 921
14:24:56 root         INFO     Skipping 27602
14:24:56 root         INFO     Skipping 21335
14:24:56 root         INFO     Skipping 30444
14:24:56 root         INFO     Skipping 1363
14:24:56 root         INFO     Skipping 9488
14:24:56 root         INFO     Skipping 24230
14:24:56 root         INFO     Skipping 2696
14:24:56 root         INFO     Skipping 37705
14:24:56 root         INFO     Skipping 33752
14:24:56 root         INFO     Skipping 37731
14:24:56 root         INFO     Skipping 37740
14:24:56 root         INFO     Skipping 9427
14:24:56 root         INFO     Skipping 19880
14:24:56 root         INFO     Skipping 632
14:24:56 root         INFO     Skipping 135
14:24:56 root         INFO     Skipping 39007
14:24:56 root         INFO     Skipping 551
14:24:56 root         INFO     Skipping 37304
14:24:56 root         INFO     Skipping 20115
14:24:56 root         INFO     Skipping 13362
14:24:56 root         INFO     Skipping 7333
14:24:56 root         INFO     Skipping 21423
14:24:56 root         INFO     Skipping 17653
14:24:56 root         INFO     Skipping 21152
14:24:56 root         INFO     Skipping 16031
14:24:56 root         INFO     Skipping 27074
14:24:56 root         INFO     Skipping 255
14:24:56 root         INFO     Skipping 431
14:24:56 root         INFO     Skipping 19290
14:24:56 root         INFO     Skipping 33954
14:24:56 root         INFO     Skipping 22921
14:24:56 root         INFO     Skipping 26556
14:24:56 root         INFO     Skipping 167
14:24:56 root         INFO     Skipping 15884
14:24:56 root         INFO     Skipping 30382
14:24:56 root         INFO     Skipping 30450
14:24:56 root         INFO     Skipping 27626
14:24:56 root         INFO     Skipping 37748
14:24:56 root         INFO     Skipping 715
14:24:56 root         INFO     Skipping 18734
14:24:56 root         INFO     Skipping 9485
14:24:56 root         INFO     Skipping 24231
14:24:56 root         INFO     Skipping 6221
14:24:56 root         INFO     Skipping 15392
14:24:56 root         INFO     Skipping 14466
14:24:56 root         INFO     Skipping 15025
14:24:56 root         INFO     Skipping 19760
14:24:56 root         INFO     Skipping 37095
14:24:56 root         INFO     Skipping 122
14:24:56 root         INFO     Skipping 113
14:24:56 root         INFO     Skipping 13863
14:24:56 root         INFO     Skipping 7355
14:24:56 root         INFO     Skipping 8042
14:24:56 root         INFO     Skipping 23802
14:24:56 root         INFO     Skipping 282
14:24:56 root         INFO     Skipping 7316
14:24:56 root         INFO     Skipping 16040
14:24:56 root         INFO     Skipping 7922
14:24:56 root         INFO     Skipping 16041
14:24:56 root         INFO     Skipping 28101
14:24:56 root         INFO     Skipping 3410
14:24:56 root         INFO     Skipping 7121
14:24:56 root         INFO     Skipping 17116
14:24:56 root         INFO     Skipping 20034
14:24:56 root         INFO     Skipping 6918
14:24:56 root         INFO     Skipping 22037
14:24:56 root         INFO     Skipping 14373
14:24:56 root         INFO     Skipping 13794
14:24:56 root         INFO     Skipping 13964
14:24:56 root         INFO     Skipping 6930
14:24:56 root         INFO     Skipping 19978
14:24:56 root         INFO     Skipping 14069
14:24:56 root         INFO     Skipping 14111
14:24:56 root         INFO     Skipping 6931
14:24:56 root         INFO     Skipping 14021
14:24:56 root         INFO     Skipping 37180
14:24:56 root         INFO     Skipping 35130
14:24:56 root         INFO     Skipping 19684
14:24:56 root         INFO     Skipping 28292
14:24:56 root         INFO     Skipping 30335
14:24:56 root         INFO     Skipping 14867
14:24:56 root         INFO     Skipping 23669
14:24:56 root         INFO     Skipping 6793
14:24:56 root         INFO     Skipping 15440
14:24:56 root         INFO     Skipping 23588
14:24:56 root         INFO     Skipping 10156
14:24:56 root         INFO     Skipping 30046
14:24:56 root         INFO     Skipping 39476
14:24:56 root         INFO     Skipping 37727
14:24:56 root         INFO     Skipping 33096
14:24:56 root         INFO     Skipping 32423
14:24:56 root         INFO     Skipping 30658
14:24:56 root         INFO     Skipping 18394
14:24:56 root         INFO     Skipping 19870
14:24:56 root         INFO     Skipping 15962
14:24:56 root         INFO     Skipping 702
14:24:56 root         INFO     Skipping 39478
14:24:56 root         INFO     Skipping 30435
14:24:56 root         INFO     Skipping 9445
14:24:56 root         INFO     Skipping 24173
14:24:56 root         INFO     Skipping 35554
14:24:56 root         INFO     Skipping 18733
14:24:56 root         INFO     Skipping 3962
14:24:56 root         INFO     Skipping 26659
14:24:56 root         INFO     Skipping 32135
14:24:56 root         INFO     Skipping 27843
14:24:56 root         INFO     Skipping 17658
14:24:56 root         INFO     Skipping 27186
14:24:56 root         INFO     Skipping 6922
14:24:56 root         INFO     Skipping 7317
14:24:56 root         INFO     Skipping 37607
14:24:56 root         INFO     Skipping 19748
14:24:56 root         INFO     Skipping 14979
14:24:56 root         INFO     Skipping 28256
14:24:56 root         INFO     Skipping 15000
14:24:56 root         INFO     Skipping 15725
14:24:56 root         INFO     Skipping 21561
14:24:56 root         INFO     Skipping 23098
14:24:56 root         INFO     Skipping 24231
14:24:56 root         INFO     Skipping 30469
14:24:56 root         INFO     Skipping 37819
14:24:56 root         INFO     Skipping 27605
14:24:56 root         INFO     Skipping 24799
14:24:56 root         INFO     Skipping 35571
14:24:56 root         INFO     Skipping 18750
14:24:56 root         INFO     Skipping 21564
14:24:56 root         INFO     Skipping 695
14:24:56 root         INFO     Skipping 619
14:24:56 root         INFO     Skipping 21566
14:24:56 root         INFO     Skipping 18746
14:24:56 root         INFO     Skipping 30470
14:24:56 root         INFO     Skipping 37747
14:24:56 root         INFO     Skipping 35726
14:24:56 root         INFO     Skipping 35708
14:24:56 root         INFO     Skipping 35705
14:24:56 root         INFO     Skipping 35727
14:24:56 root         INFO     Skipping 37743
14:24:56 root         INFO     Skipping 24229
14:24:56 root         INFO     Skipping 37748
14:24:56 root         INFO     Skipping 19879
14:24:56 root         INFO     Skipping 717
14:24:56 root         INFO     Skipping 35728
14:24:56 root         INFO     Skipping 37820
14:24:56 root         INFO     Skipping 30473
14:24:56 root         INFO     Skipping 37744
14:24:56 root         INFO     Skipping 28313
14:24:56 root         INFO     Skipping 37749
14:24:56 root         INFO     Skipping 15948
14:24:56 root         INFO     Skipping 35707
14:24:56 root         INFO     Skipping 35706
14:24:56 root         INFO     Skipping 35704
14:24:56 root         INFO     Skipping 18740
14:24:56 root         INFO     Skipping 18736
14:24:56 root         INFO     Skipping 183
14:24:56 root         INFO     Skipping 7887
14:24:56 root         INFO     Skipping 15551
14:24:56 root         INFO     Skipping 35562
14:24:56 root         INFO     Skipping 9423
14:24:56 root         INFO     Skipping 1519
14:24:56 root         INFO     Skipping 35489
14:24:56 root         INFO     Skipping 20880
14:24:56 root         INFO     Skipping 37235
14:24:56 root         INFO     Skipping 15882
14:24:56 root         INFO     Skipping 1169
14:24:56 root         INFO     Skipping 9463
14:24:56 root         INFO     Skipping 37685
14:24:56 root         INFO     Skipping 809
14:24:56 root         INFO     Skipping 9421
14:24:56 root         INFO     Skipping 30397
14:24:56 root         INFO     Skipping 37735
14:24:56 root         INFO     Skipping 30394
14:24:56 root         INFO     Skipping 30448
14:24:56 root         INFO     Skipping 27614
14:24:56 root         INFO     Skipping 35527
14:24:56 root         INFO     Skipping 37416
14:24:56 root         INFO     Skipping 37709
14:24:56 root         INFO     Skipping 27649
14:24:56 root         INFO     Skipping 35546
14:24:56 root         INFO     Skipping 1098
14:24:56 root         INFO     Skipping 21488
14:24:56 root         INFO     Skipping 37674
14:24:56 root         INFO     Skipping 37706
14:24:56 root         INFO     Skipping 37713
14:24:56 root         INFO     Skipping 918
14:24:56 root         INFO     Skipping 24210
14:24:56 root         INFO     Skipping 37728
14:24:56 root         INFO     Skipping 35555
14:24:56 root         INFO     Skipping 35556
14:24:56 root         INFO     Skipping 892
14:24:56 root         INFO     Skipping 38045
14:24:56 root         INFO     Skipping 829
14:24:56 root         INFO     Skipping 30468
14:24:56 root         INFO     Skipping 24186
14:24:56 root         INFO     Skipping 24194
14:24:56 root         INFO     Skipping 37693
14:24:56 root         INFO     Skipping 30429
14:24:56 root         INFO     Skipping 1249
14:24:56 root         INFO     Skipping 30434
14:24:56 root         INFO     Skipping 24199
14:24:56 root         INFO     Skipping 37688
14:24:56 root         INFO     Skipping 23853
14:24:56 root         INFO     Skipping 30456
14:24:56 root         INFO     Skipping 1036
14:24:56 root         INFO     Skipping 30436
14:24:56 root         INFO     Skipping 37690
14:24:56 root         INFO     Skipping 36428
14:24:56 root         INFO     Skipping 37721
14:24:56 root         INFO     Skipping 27646
14:24:56 root         INFO     Skipping 24187
14:24:56 root         INFO     Skipping 35551
14:24:56 root         INFO     Skipping 925
14:24:56 root         INFO     Skipping 21570
14:24:56 root         INFO     Skipping 21536
14:24:56 root         INFO     Skipping 604
14:24:56 root         INFO     Skipping 21562
14:24:56 root         INFO     Skipping 21572
14:24:56 root         INFO     Skipping 17884
14:24:56 root         INFO     Skipping 235
14:24:56 root         INFO     Skipping 2909
14:24:56 root         INFO     Skipping 21487
14:24:56 root         INFO     Skipping 27644
14:24:56 root         INFO     Skipping 37722
14:24:56 root         INFO     Skipping 24175
14:24:56 root         INFO     Skipping 27637
14:24:56 root         INFO     Skipping 9424
14:24:56 root         INFO     Skipping 24181
14:24:56 root         INFO     Skipping 37676
14:24:56 root         INFO     Skipping 15912
14:24:56 root         INFO     Skipping 1004
14:24:56 root         INFO     Skipping 15922
14:24:56 root         INFO     Skipping 21523
14:24:56 root         INFO     Skipping 14489
14:24:56 root         INFO     Skipping 18756
14:24:56 root         INFO     Skipping 23549
14:24:56 root         INFO     Skipping 30414
14:24:56 root         INFO     Skipping 2505
14:24:56 root         INFO     Skipping 28735
14:24:56 root         INFO     Skipping 599
14:24:56 root         INFO     Skipping 24124
14:24:56 root         INFO     Skipping 24218
14:24:56 root         INFO     Skipping 19874
14:24:56 root         INFO     Skipping 2175
14:24:56 root         INFO     Skipping 21467
14:24:56 root         INFO     Skipping 30525
14:24:56 root         INFO     Skipping 24176
14:24:56 root         INFO     Skipping 15949
14:24:56 root         INFO     Skipping 27630
14:24:56 root         INFO     Skipping 27632
14:24:56 root         INFO     Skipping 606
14:24:56 root         INFO     Skipping 27629
14:24:56 root         INFO     Skipping 24228
14:24:56 root         INFO     Skipping 562
14:24:56 root         INFO     Skipping 21633
14:24:56 root         INFO     Skipping 24225
14:24:56 root         INFO     Skipping 18725
14:24:56 root         INFO     Skipping 21567
14:24:56 root         INFO     Skipping 27628
14:24:56 root         INFO     Skipping 12921
14:24:56 root         INFO     Skipping 47
14:24:56 root         INFO     Skipping 8101
14:24:56 root         INFO     Skipping 27936
14:24:56 root         INFO     Skipping 23089
14:24:56 root         INFO     Skipping 15911
14:24:56 root         INFO     Skipping 30472
14:24:56 root         INFO     Skipping 35703
14:24:56 root         INFO     Skipping 30475
14:24:56 root         INFO     Skipping 18739
14:24:56 root         INFO     Skipping 30378
14:24:56 root         INFO     Skipping 21
14:24:56 root         INFO     Skipping 32904
14:24:56 root         INFO     Skipping 24169
14:24:56 root         INFO     Skipping 27616
14:24:56 root         INFO     Skipping 546
14:24:56 root         INFO     Skipping 125
14:24:56 root         INFO     Skipping 432
14:24:56 root         INFO     Skipping 23572
14:24:56 root         INFO     Skipping 1
14:24:56 root         INFO     Skipping 10
14:24:56 root         INFO     Skipping 72
14:24:56 root         INFO     Skipping 106
14:24:56 root         INFO     Skipping 804
14:24:56 root         INFO     Skipping 697
14:24:56 root         INFO     Skipping 166
14:24:56 root         INFO     Skipping 37667
14:24:56 root         INFO     Skipping 24234
14:24:56 root         INFO     Skipping 34781
14:24:56 root         INFO     Skipping 44
14:24:56 root         INFO     Skipping 2434
14:24:56 root         INFO     Skipping 7307
14:24:56 root         INFO     Skipping 7280
14:24:56 root         INFO     Skipping 14197
14:24:56 root         INFO     Skipping 6929
14:24:56 root         INFO     Skipping 24223
14:24:56 root         INFO     Skipping 30412
14:24:56 root         INFO     Skipping 21230
14:24:56 root         INFO     Skipping 7124
14:24:56 root         INFO     Skipping 7516
14:24:56 root         INFO     Skipping 9231
14:24:56 root         INFO     Skipping 13222
14:24:56 root         INFO     Skipping 24928
14:24:56 root         INFO     Skipping 14466
14:24:56 root         INFO     Skipping 19685
14:24:56 root         INFO     Skipping 14008
14:24:56 root         INFO     Skipping 20480
14:24:56 root         INFO     Skipping 7126
14:24:56 root         INFO     Skipping 15792
14:24:56 root         INFO     Skipping 27571
14:24:56 root         INFO     Skipping 19109
14:24:56 root         INFO     Skipping 14066
14:24:56 root         INFO     Skipping 7103
14:24:56 root         INFO     Skipping 13479
14:24:56 root         INFO     Skipping 13475
14:24:56 root         INFO     Skipping 24237
14:24:56 root         INFO     Skipping 28365
14:24:56 root         INFO     Skipping 7118
14:24:56 root         INFO     Skipping 19909
14:24:56 root         INFO     Skipping 13664
14:24:56 root         INFO     Skipping 13467
14:24:56 root         INFO     Skipping 18743
14:24:56 root         INFO     Skipping 19881
14:24:56 root         INFO     Skipping 6970
14:24:56 root         INFO     Skipping 7286
14:24:56 root         INFO     Skipping 14047
14:24:56 root         INFO     Skipping 35569
14:24:56 root         INFO     Skipping 37741
14:24:56 root         INFO     Skipping 37697
14:24:56 root         INFO     Skipping 1453
14:24:56 root         INFO     Skipping 18818
14:24:56 root         INFO     Skipping 37745
14:24:56 root         INFO     Skipping 18836
14:24:56 root         INFO     Skipping 37441
14:24:56 root         INFO     Skipping 24207
14:24:56 root         INFO     Skipping 1483
14:24:56 root         INFO     Skipping 30395
14:24:56 root         INFO     Skipping 30432
14:24:56 root         INFO     Skipping 36969
14:24:56 root         INFO     Skipping 21533
14:24:56 root         INFO     Skipping 1352
14:24:56 root         INFO     Skipping 30390
14:24:56 root         INFO     Skipping 1149
14:24:56 root         INFO     Skipping 24202
14:24:56 root         INFO     Skipping 30389
14:24:56 root         INFO     Skipping 15891
14:24:56 root         INFO     Skipping 14488
14:24:56 root         INFO     Skipping 30528
14:24:56 root         INFO     Skipping 27597
14:24:56 root         INFO     Skipping 37737
14:24:56 root         INFO     Skipping 1557
14:24:56 root         INFO     Skipping 27609
14:24:56 root         INFO     Skipping 900
14:24:56 root         INFO     Skipping 21527
14:24:56 root         INFO     Skipping 1479
14:24:56 root         INFO     Skipping 30387
14:24:56 root         INFO     Skipping 980
14:24:56 root         INFO     Skipping 37703
14:24:56 root         INFO     Skipping 15304
14:24:56 root         INFO     Skipping 128
14:24:56 root         INFO     Skipping 14781
14:24:56 root         INFO     Skipping 15528
14:24:56 root         INFO     Skipping 25120
14:24:56 root         INFO     Skipping 33803
14:24:56 root         INFO     Skipping 20476
14:24:56 root         INFO     Skipping 27502
14:24:56 root         INFO     Skipping 13456
14:24:56 root         INFO     Skipping 27390
14:24:56 root         INFO     Skipping 15813
14:24:56 root         INFO     Skipping 7320
14:24:56 root         INFO     Skipping 20668
14:24:56 root         INFO     Skipping 38937
14:24:56 root         INFO     Skipping 37417
14:24:56 root         INFO     Skipping 13038
14:24:56 root         INFO     Skipping 6932
14:24:56 root         INFO     Skipping 14978
14:24:56 root         INFO     Skipping 17045
14:24:56 root         INFO     Skipping 22385
14:24:56 root         INFO     Skipping 7853
14:24:56 root         INFO     Skipping 14026
14:24:56 root         INFO     Skipping 14923
14:24:56 root         INFO     Skipping 7288
14:24:56 root         INFO     Skipping 7538
14:24:56 root         INFO     Skipping 13451
14:24:56 root         INFO     Skipping 25009
14:24:56 root         INFO     Skipping 9452
14:24:56 root         INFO     Skipping 20118
14:24:56 root         INFO     Skipping 20475
14:24:56 root         INFO     Skipping 14602
14:24:56 root         INFO     Skipping 7291
14:24:56 root         INFO     Skipping 13457
14:24:56 root         INFO     Skipping 7345
14:24:56 root         INFO     Skipping 35752
14:24:56 root         INFO     Skipping 31489
14:24:56 root         INFO     Skipping 15674
14:24:56 root         INFO     Skipping 31189
14:24:56 root         INFO     Skipping 21
14:24:56 root         INFO     Skipping 247
14:24:56 root         INFO     Skipping 20084
14:24:56 root         INFO     Skipping 16020
14:24:56 root         INFO     Skipping 2009
14:24:56 root         INFO     Skipping 1773
14:24:56 root         INFO     Skipping 7337
14:24:56 root         INFO     Skipping 14910
14:24:56 root         INFO     Skipping 7339
14:24:56 root         INFO     Skipping 24976
14:24:56 root         INFO     Skipping 30360
14:24:56 root         INFO     Skipping 24315
14:24:56 root         INFO     Skipping 30361
14:24:56 root         INFO     Skipping 30358
14:24:56 root         INFO     Skipping 37191
14:24:56 root         INFO     Skipping 3129
14:24:56 root         INFO     Skipping 3052
14:24:56 root         INFO     Skipping 37932
14:24:56 root         INFO     Skipping 3125
14:24:56 root         INFO     Skipping 3109
14:24:56 root         INFO     Skipping 20056
14:24:56 root         INFO     Skipping 37778
14:24:56 root         INFO     Skipping 35587
14:24:56 root         INFO     Skipping 28452
14:24:56 root         INFO     Skipping 3320
14:24:56 root         INFO     Skipping 30367
14:24:56 root         INFO     Skipping 3048
14:24:56 root         INFO     Skipping 27750
14:24:56 root         INFO     Skipping 3072
14:24:56 root         INFO     Skipping 38049
14:24:56 root         INFO     Skipping 30366
14:24:56 root         INFO     Skipping 30368
14:24:56 root         INFO     Skipping 27956
14:24:56 root         INFO     Skipping 15709
14:24:56 root         INFO     Skipping 38047
14:24:56 root         INFO     Skipping 3137
14:24:56 root         INFO     Skipping 3085
14:24:56 root         INFO     Skipping 2042
14:24:56 root         INFO     Skipping 30374
14:24:56 root         INFO     Skipping 3064
14:24:56 root         INFO     Skipping 3286
14:24:56 root         INFO     Skipping 30362
14:24:56 root         INFO     Skipping 3309
14:24:56 root         INFO     Skipping 37826
14:24:56 root         INFO     Skipping 4972
14:24:56 root         INFO     Skipping 15790
14:24:56 root         INFO     Skipping 18747
14:24:56 root         INFO     Skipping 22401
14:24:56 root         INFO     Skipping 18711
14:24:56 root         INFO     Skipping 3123
14:24:56 root         INFO     Skipping 3296
14:24:56 root         INFO     Skipping 164
14:24:56 root         INFO     Skipping 30617
14:24:56 root         INFO     Skipping 19614
14:25:04 root         INFO     Driver opened url https://www.cshl.edu/news-stand/cshl-stories/: 0.5 second load started
14:25:05 root         INFO     Driver opened url https://www.cshl.edu/videos/cocktails-chromosomes-best-shots-of-2024/: 0.5 second load started
14:25:06 root         DEBUG    Titles: Cocktails & Chromosomes: Best shots of 2024
14:25:06 root         DEBUG    Dates: 2025-01-16
14:25:06 root         DEBUG    Desc: If a scientific breakthrough isn’t shared beyond the laboratory, has it really broken through? We couldn’t tell you! Cold Spring Harbor Laboratory (CSHL) continues to engage the public through numerous education and community outreach programs, including our  Cocktails & Chromosomes  series. 

On the last Thursday of each month, a CSHL scientist takes the stage at  Industry Lounge  in Huntington, NY, to share their research with the public. Breakthrough bioscience isn’t the only thing on the menu. Specially themed cocktails, free drink raffles, and chances to win exclusive CSHL schwag are in the mix, too. Press play to see some of the best shots from last year’s  Cocktails & Chromosomes  talks. 

Want to catch one of these events live? Your next opportunity comes on January 30, 2025. CSHL Assistant Professor  Gabrielle Pouchelon  will join us at Industry to discuss the role of early sensory experiences in brain development.  Register now to attend  . 

14:25:06 root         DEBUG    Agency_id 23295
14:25:06 root         DEBUG    Article Link: https://www.cshl.edu/videos/cocktails-chromosomes-best-shots-of-2024/
14:25:06 root         INFO     LEDE: [testlede] month: [Jan.] day: [16]
14:25:06 root         INFO     
ADDING: FILENAME: [testfilename ts of 2024] TITLE: [Cocktails & Chromosomes: Best shots of 2024] DATE: [2025-01-16] ID [23295]

14:25:06 root         INFO     Driver opened url https://www.cshl.edu/from-trading-faxes-to-changing-lives/: 0.5 second load started
14:25:07 root         DEBUG    Titles: From trading faxes to changing lives
14:25:07 root         DEBUG    Dates: 2025-01-14
14:25:07 root         DEBUG    Desc: Read time 3 minutes |  Tuesday, 14 January 2025 

email envelop icon  twitter icon share button  facebook icon share button  linkedin icon share button 

Sometimes, scientific breakthroughs happen by accident.  Penicillin  was discovered when a British scientist left a petri dish uncovered while he was away on vacation. Other times, serendipity plays a role. Case in point: two chance meetings at Cold Spring Harbor Laboratory (CSHL) led to the development of a drug that has vastly improved patient outcomes for the most common form of breast cancer. 

The first happened in 1988 at CSHL’s  Banbury Center  . In the mid-1980s,  David Beach  had been investigating cell cycle regulation at CSHL. During a Banbury meeting, another scientist in attendance encouraged Beach to think about proteins called cyclins in connection with regulatory enzymes called cell division cycle kinases. Beach listened. By 1990, he was ready to publish what would become a game-changing research paper. 

At the same time, future CSHL Trustee  Charles Sherr  was struggling with his own research. He’d read up on Beach’s work. One night, he sat down on a bus on the way back from the Howard Hughes Medical Institute. When he looked over, he realized his seatmate was none other than Beach. “I suggested I had a gene we could work on together,”  Sherr recalls  . “It turned out he had isolated the same gene, although we didn’t know that [yet]. It was just fortuitous.” 

Gregory Hannon  , now at the Cambridge Institute, was interviewing at CSHL for a postdoctoral fellowship on the day Beach and Sherr realized they’d been working on the same thing. “I remember sitting outside David’s office, chatting with the other postdocs, as he and Chuck were faxing each other one amino acid at a time to see if they had the same gene,” he recalls. “And I thought, ‘If this place is this exciting every day, it’s going to be really cool to be here.’” 

In this video from 2002, then-CSHL Trustee Charles Sherr reflects on his first meeting with David Beach in the early 1990s. By 2015, their collaboration would result in an FDA-approved treatment for the most common form of breast cancer. Video: CSHL Library & Archives 

In 1991,  Beach  and  Sherr  published back-to-back papers on Cyclin D in  Cell  . Soon thereafter, Sherr identified the cyclin-dependent kinase CDK4, which forms a complex with Cyclin D. In 1993, Beach, Hannon, and colleagues found p16, a natural inhibitor of CDK4. “Collectively, these papers from our two labs provided the key genetic and biochemical evidence that set the stage for drug discovery,” Sherr says. In time, a new drug target would emerge. 

In 2015, the  FDA approved Ibrance  (palbociclib) for the treatment of HR-positive, HER2-negative breast cancer. Taken in combination with hormone therapy, the drug has been shown to increase patient survival by more than two years and reduce tumor size by 50%. Other applications are in the works as well. Ibrance is in clinical trials testing its potential for treating head and neck cancers, non-small cell lung cancer, and other solid tumor types. 

“What is poignant about the 2015 approval of Ibrance is the fact that it came a quarter-century after the fundamental discoveries by Beach and Sherr,” says CSHL President  Bruce Stillman  . “In the early 1990s, we simply did not know enough about cancer to convert their newly generated knowledge into an effective anticancer drug. Now we do.” 

Written by  :  Jen A. Miller  |  publicaffairs@cshl.edu  | 516-367-8455 

####  Stay informed 

Sign up for our newsletter to get the latest discoveries, upcoming events, videos, podcasts, and a news roundup delivered straight to your inbox every month. 

Newsletter Signup 

email envelop icon  twitter icon share button  facebook icon share button  linkedin icon share button 

###  Tags 

Banbury Center  breast cancer  cancer  cancer treatment  CSHL history  Gregory Hannon 

14:25:07 root         DEBUG    Agency_id 23295
14:25:07 root         DEBUG    Article Link: https://www.cshl.edu/from-trading-faxes-to-changing-lives/
14:25:07 root         INFO     LEDE: [testlede] month: [Jan.] day: [14]
14:25:07 root         INFO     
ADDING: FILENAME: [testfilename ging lives] TITLE: [From trading faxes to changing lives] DATE: [2025-01-14] ID [23295]

14:25:07 root         ERROR    DATE 23295 SKIP: No content was gathered
14:25:07 root         INFO     Driver opened url https://www.cshl.edu/quiz/check-your-prostate-cancer-knowledge-today/: 0.5 second load started
14:25:08 root         INFO     Driver opened url https://www.cshl.edu/videos/are-pro-oxidants-anti-prostate-cancer/: 0.5 second load started
14:25:09 root         DEBUG    Titles: Are pro-oxidants anti-prostate cancer?
14:25:09 root         DEBUG    Dates: 2025-01-07
14:25:09 root         DEBUG    Desc: Prostate cancer is the second-most common cancer among men in the U.S. after skin cancer. It’s also the second deadliest after lung cancer. So, even though most people who get the disease don’t die from it, prostate cancer remains a leading issue in men’s health. A clinical study in the early 2000s sought to determine whether supplements called antioxidants could aid in prostate cancer treatment or prevention. If you know about the study, you know how that went. If not, you may be shocked. 

Now, as seen in the pages of  Newsday  , Cold Spring Harbor Laboratory Professor  Lloyd Trotman  is taking the opposite approach. Press play for a look inside his latest research, and follow the link below to find out more. 

Read the related story:  Vitamin K supplement slows prostate cancer in mice 

14:25:09 root         DEBUG    Agency_id 23295
14:25:09 root         DEBUG    Article Link: https://www.cshl.edu/videos/are-pro-oxidants-anti-prostate-cancer/
14:25:09 root         INFO     LEDE: [testlede] month: [Jan.] day: [7]
14:25:09 root         INFO     
ADDING: FILENAME: [testfilename te cancer?] TITLE: [Are pro-oxidants anti-prostate cancer?] DATE: [2025-01-07] ID [23295]

14:25:09 root         INFO     Driver opened url https://www.cshl.edu/mixed-signals-how-the-brain-interprets-social-cues/: 0.5 second load started
14:25:10 root         DEBUG    Titles: Mixed signals: How the brain interprets social cues
14:25:10 root         DEBUG    Dates: 2025-01-06
14:25:10 root         DEBUG    Desc: Read time 3 minutes |  Monday, 6 January 2025 

email envelop icon  twitter icon share button  facebook icon share button  linkedin icon share button 

####  The Takeaway 

Cold Spring Harbor Laboratory researchers have found that smell and sound signals merge in the mouse brain’s hearing center, influencing social behaviors like pup retrieval. The discovery may lead to a better understanding of how neurological conditions such as autism affect a person’s ability to interpret social cues. 

Imagine you’re at a dinner party, but you can’t smell the food cooking or hear the dinner bell. Sounds like a dream, right? What if it wasn’t? 

“When we experience the world and interact with people, we use all our senses,” Cold Spring Harbor Laboratory Professor  Stephen Shea  says. “That’s true for animals and humans.” However, that’s not always the case in developmental disorders like autism. These conditions can affect how the brain processes incoming information, making it difficult to interpret the social cues that drive conversations, dates, and other interpersonal activities. 

Exactly how such signals mix and influence each other in the brain isn’t well understood. To shed light on the subject, Shea and graduate student Alexandra Nowlan traced how smell and hearing interact in mouse brains during a maternal behavior called  pup retrieval  . This activity isn’t limited to mothers. It can also be learned by surrogates. Think stepmoms and babysitters. Shea explains: 

“Pup retrieval is one of the most important things for mothers or caregivers. It requires the ability to smell and hear the pup. If these things are both important, that may mean they merge somewhere in the brain. One interesting thing we found was a projection from a location called the basal amygdala (BA).” 

In mice and humans, the BA is involved in learning and processing social and emotional signals. During pup retrieval, the team found that BA neurons carry smell signals to the brain’s hearing center, the auditory cortex (AC). There, they merge with incoming sound signals and influence the animal’s response to future sounds—like pups’ cries. Amazingly, when Shea’s team blocked maternal mice from accessing smell signals, their pup retrieval response almost completely broke down. 

The Shea lab traced neural pathways connecting the AC to several other parts of the brain, including the medial geniculate (seen here), which is thought to help direct and maintain attention. 

“We think what’s reaching the AC is being filtered through social-emotional signals from BA neurons,” Shea explains. “That processing can be impaired in  autism and neurodegenerative conditions  . We think many parts of the brain participate in this behavior and that it’s very richly controlled.” 

Shea’s lab is now exploring how these brain regions connect and interact with one another. Their work may lead to a better understanding of how autism can affect a person’s ability to interpret social cues. But that’s just the beginning. 

“The idea that we found a neural circuit that may allow emotional processes to directly interact with perception is very exciting to me,” Shea says. He’s not alone there. His research might yet provide answers to one of humanity’s oldest questions. How do our senses inform the ways we connect with one another and experience the world? 

Written by  :  Nick Wurm  ,  Communications Specialist  |  wurm@cshl.edu  | 516-367-5940 

* * *

Funding 

  
  


National Institute of Mental Health, C.M. Robertson Foundation 

Citation 

  
  


Nowlan, A.C.,  et al  ., “Multisensory integration of social signals by a pathway from the basal amygdala to the auditory cortex in maternal mice”,  Current Biology  , December 3, 2024. DOI:  10.1016/j.cub.2024.10.078 

####  Core Facilites 

“The  Animal Shared Resource  houses and cares for the animals essential for scientific research. Our staff perform all aspects of animal husbandry, ensure humane care, and assist researchers with highly technical procedures and protocol design and development.” — Animal Facility Director and Attending Veterinarian Rachel Rubino, DVM 

####  Stay informed 

Sign up for our newsletter to get the latest discoveries, upcoming events, videos, podcasts, and a news roundup delivered straight to your inbox every month. 

Newsletter Signup 

###  The Takeaway 

Cold Spring Harbor Laboratory researchers have found that smell and sound signals merge in the mouse brain’s hearing center, influencing social behaviors like pup retrieval. The discovery may lead to a better understanding of how neurological conditions such as autism affect a person’s ability to interpret social cues. 

###  Principal Investigator 

####  Stephen Shea 

Professor   
Ph.D., University of Chicago, 2004   


###  Tags 

autism spectrum disorders  core facility  neurodegeneration  neurodevelopment  Neuroscience  Stephen Shea 

14:25:10 root         DEBUG    Agency_id 23295
14:25:10 root         DEBUG    Article Link: https://www.cshl.edu/mixed-signals-how-the-brain-interprets-social-cues/
14:25:10 root         INFO     LEDE: [testlede] month: [Jan.] day: [6]
14:25:10 root         INFO     
ADDING: FILENAME: [testfilename ocial cues] TITLE: [Mixed signals: How the brain interprets social cues] DATE: [2025-01-06] ID [23295]

14:25:10 root         INFO     Driver opened url https://www.cshl.edu/a-speckle-of-hope-for-cancer-patients/: 0.5 second load started
14:25:11 root         DEBUG    Titles: A speckle of hope for cancer patients
14:25:11 root         DEBUG    Dates: 2025-01-02
14:25:11 root         DEBUG    Desc: Read time 3 minutes |  Thursday, 2 January 2025 

email envelop icon  twitter icon share button  facebook icon share button  linkedin icon share button 

####  The Takeaway 

New Cold Spring Harbor Laboratory Assistant Professor Katherine Alexander has identified two patterns of nuclear speckles in the most common form of kidney cancer. Her research at the University of Pennsylvania suggests speckle patterns may correlate with patient outcomes. The finding offers a new starting point in the search for personalized kidney cancer treatments. 

Fighting cancer can seem like a deadly game of chance. While some patients may respond well to certain treatments, others might not be as fortunate. Doctors and scientists have long struggled to explain why. Now, Cold Spring Harbor Laboratory (CSHL) Assistant Professor  Katherine Alexander  and University of Pennsylvania Professor Shelley Berger have found a possible source of this variability in clear cell renal cell carcinoma (ccRCC)—the most common kidney cancer diagnosed in adults. 

Alexander has identified two different patterns of cellular structures known as nuclear speckles in kidney tumors. Even more exciting, Alexander’s research, conducted in Berger’s lab at the University of Pennsylvania, shows a potential correlation between speckle patterns and patient outcomes. Alexander explains: 

“We found that different therapies are more or less effective depending on how the speckles look. This means potentially if a patient comes in with a normal or aberrant speckle state, they might be more responsive to one drug or another. Of course, more research needs to be done.” 

Discovered over 100 years ago, nuclear speckles are tiny cellular structures that reside in the nucleus. Here, they’re thought to intermingle with DNA and help regulate gene activity. Alexander’s research reveals that nuclear speckles have two different signatures in ccRCC: normal-like and aberrant. It’s a matter of positioning. Normal-like speckles tend to congregate toward the center of the nucleus. Aberrant speckles are more dispersed. 

The nuclei of ccRCC cells taken from patient tumors. Inside these nuclei are nuclear speckles, seen in red. The nuclei on the left have a centralized, normal-like speckle pattern associated with better patient outcomes. Those on the right have a more dispersed, aberrant speckle pattern associated with lower survival rates. 

“How these signatures affect patient outcomes remains a mystery for now,” Berger says. “However, the search for answers may lead to more personalized treatments. This discovery offers a new starting point in ccRCC.” Alexander adds: 

“It’s the first suggestion that this would be potentially applicable to giving someone [diagnosed with ccRCC] one drug or another. That’s huge because cancer therapy has a lot of horrible side effects. To be able to tell a patient, ‘Your tumor looks like this, so we think this drug will work better than this drug,’ is something we really need.” 

The team didn’t just look at kidney cancer. They analyzed speckles in over 20 different types of cancers, from melanomas to breast cancer. However, only ccRCC showed a correlation between speckle patterns and patient outcomes. What makes this cancer special? Alexander’s findings point to HIF-2\U0001d6fc, a protein typically overactive in ccRCC. The  Alexander lab  aims to pursue this lead alongside other researchers at  CSHL’s Cancer Center  . 

For now, Alexander continues to investigate the mystery of nuclear speckles’ role in cancer. Though she’s in uncharted territory, the object of her search is clear. Her work seeks to help stack the odds in cancer patients’ favor. 

Written by  :  Luis Sandoval  ,  Communications Specialist  |  sandova@cshl.edu  | 516-367-6826 

* * *

Funding 

  
  


National Institutes of Health, Penn Medicine, U.S. Department of Defense 

Citation 

  
  


Alexander, K. A.,  et al.  , “Nuclear speckles regulate HIF-2\u03b1 programs and correlate with patient survival in kidney cancer”,  Nature Cell Biology  , January 2, 2025. DOI:  10.1038/s41556-024-01570-0 

####  Stay informed 

Sign up for our newsletter to get the latest discoveries, upcoming events, videos, podcasts, and a news roundup delivered straight to your inbox every month. 

Newsletter Signup 

###  The Takeaway 

New Cold Spring Harbor Laboratory Assistant Professor Katherine Alexander has identified two patterns of nuclear speckles in the most common form of kidney cancer. Her research at the University of Pennsylvania suggests speckle patterns may correlate with patient outcomes. The finding offers a new starting point in the search for personalized kidney cancer treatments. 

###  Principal Investigator 

####  Katherine Alexander 

Assistant Professor   
Cancer Center Member   
Ph.D., Cornell University, 2016   
B.A., Carleton College, 2010 

###  Tags 

cancer  cancer biology  cancer research  CSHL Cancer Center  disease biomarkers  Katherine Alexander 

14:25:11 root         DEBUG    Agency_id 23295
14:25:11 root         DEBUG    Article Link: https://www.cshl.edu/a-speckle-of-hope-for-cancer-patients/
14:25:11 root         INFO     LEDE: [testlede] month: [Jan.] day: [2]
14:25:11 root         INFO     
ADDING: FILENAME: [testfilename r patients] TITLE: [A speckle of hope for cancer patients] DATE: [2025-01-02] ID [23295]

14:25:11 root         ERROR    DATE 23295 SKIP: No content was gathered
14:25:11 root         INFO     Driver opened url https://www.cshl.edu/videos/eyes-on-the-atom/: 0.5 second load started
14:25:12 root         ERROR    DATE 23295 SKIP: No content was gathered
14:25:12 root         INFO     Driver opened url https://www.cshl.edu/cshl-mourns-the-passing-of-charles-dolan/: 0.5 second load started
14:25:12 root         ERROR    DATE 23295 SKIP: No content was gathered
14:25:13 root         INFO     Driver opened url https://www.cshl.edu/harborscope/the-firehouse/: 0.5 second load started
14:25:13 root         ERROR    DATE 23295 SKIP: No content was gathered
14:25:14 root         INFO     Driver opened url https://www.cshl.edu/videos/the-2024-cshl-volleyball-final/: 0.5 second load started
14:25:15 root         INFO     Scrape errors found during run:
14:25:15 root         INFO     ['23295 DATE ERROR', '23295 DATE ERROR', '23295 DATE ERROR', '23295 DATE ERROR', '23295 DATE ERROR']
14:25:15 root         INFO     End of file message
14:25:15 root         INFO     

Load Version 2.0.1 01/17/2025
       Docs Loaded: 5
       URLS processed: 1
       DUPS skipped: 0
       No Ledes found: 0

Passed Parameters:
       Pull House and Senate: False
       Number of days back: 60
       Start Time: 2025-01-19 14:24:51
       End Time: 2025-01-19 14:25:15
       Elapsed Time: 0:00:23
       Character Minimum Amount: 100

Errors:
Docs:
	Loaded:
		23295: Cocktails & Chromosomes: Best shots of 2024
		23295: From trading faxes to changing lives
		23295: Are pro-oxidants anti-prostate cancer?
		23295: Mixed signals: How the brain interprets social cues
		23295: A speckle of hope for cancer patients
