15:32:03 root         INFO     Skipping 27599
15:32:03 root         INFO     Skipping 30449
15:32:03 root         INFO     Skipping 14315
15:32:03 root         INFO     Skipping 7566
15:32:03 root         INFO     Skipping 804
15:32:03 root         INFO     Skipping 12106
15:32:03 root         INFO     Skipping 8034
15:32:03 root         INFO     Skipping 7901
15:32:03 root         INFO     Skipping 20157
15:32:03 root         INFO     Skipping 6950
15:32:03 root         INFO     Skipping 15026
15:32:03 root         INFO     Skipping 19993
15:32:03 root         INFO     Skipping 21569
15:32:03 root         INFO     Skipping 23030
15:32:03 root         INFO     Skipping 206
15:32:03 root         INFO     Skipping 16046
15:32:03 root         INFO     Skipping 16140
15:32:03 root         INFO     Skipping 16037
15:32:03 root         INFO     Skipping 43
15:32:03 root         INFO     Skipping 225
15:32:03 root         INFO     Skipping 37711
15:32:03 root         INFO     Skipping 34699
15:32:03 root         INFO     Skipping 19021
15:32:03 root         INFO     Skipping 18495
15:32:03 root         INFO     Skipping 222
15:32:03 root         INFO     Skipping 5602
15:32:03 root         INFO     Skipping 16027
15:32:03 root         INFO     Skipping 21499
15:32:03 root         INFO     Skipping 2698
15:32:03 root         INFO     Skipping 27867
15:32:03 root         INFO     Skipping 24224
15:32:03 root         INFO     Skipping 21563
15:32:03 root         INFO     Skipping 24227
15:32:03 root         INFO     Skipping 17224
15:32:03 root         INFO     Skipping 219
15:32:03 root         INFO     Skipping 23814
15:32:03 root         INFO     Skipping 15376
15:32:03 root         INFO     Skipping 19286
15:32:03 root         INFO     Skipping 28048
15:32:03 root         INFO     Skipping 543
15:32:03 root         INFO     Skipping 24233
15:32:03 root         INFO     Skipping 18735
15:32:03 root         INFO     Skipping 1066
15:32:03 root         INFO     Skipping 37680
15:32:03 root         INFO     Skipping 691
15:32:03 root         INFO     Skipping 677
15:32:03 root         INFO     Skipping 20141
15:32:03 root         INFO     Skipping 36151
15:32:03 root         INFO     Skipping 20319
15:32:03 root         INFO     Skipping 12400
15:32:03 root         INFO     Skipping 127
15:32:03 root         INFO     Skipping 20792
15:32:03 root         INFO     Skipping 17104
15:32:03 root         INFO     Skipping 24344
15:32:03 root         INFO     Skipping 19546
15:32:03 root         INFO     Skipping 15565
15:32:03 root         INFO     Skipping 13359
15:32:03 root         INFO     Skipping 17922
15:32:03 root         INFO     Skipping 22481
15:32:03 root         INFO     Skipping 20138
15:32:03 root         INFO     Skipping 119
15:32:03 root         INFO     Skipping 24
15:32:03 root         INFO     Skipping 21188
15:32:03 root         INFO     Skipping 3016
15:32:03 root         INFO     Skipping 21525
15:32:03 root         INFO     Skipping 37694
15:32:03 root         INFO     Skipping 18710
15:32:03 root         INFO     Skipping 29332
15:32:03 root         INFO     Skipping 23100
15:32:03 root         INFO     Skipping 37725
15:32:03 root         INFO     Skipping 15633
15:32:03 root         INFO     Skipping 948
15:32:03 root         INFO     Skipping 30993
15:32:03 root         INFO     Skipping 22221
15:32:03 root         INFO     Skipping 22654
15:32:03 root         INFO     Skipping 35809
15:32:03 root         INFO     Skipping 35576
15:32:03 root         INFO     Skipping 37408
15:32:03 root         INFO     Skipping 7844
15:32:03 root         INFO     Skipping 169
15:32:03 root         INFO     Skipping 20
15:32:03 root         INFO     Skipping 8022
15:32:03 root         INFO     Skipping 8032
15:32:03 root         INFO     Skipping 20605
15:32:03 root         INFO     Skipping 7838
15:32:03 root         INFO     Skipping 21497
15:32:03 root         INFO     Skipping 35572
15:32:03 root         INFO     Skipping 30425
15:32:03 root         INFO     Skipping 35517
15:32:03 root         INFO     Skipping 35524
15:32:03 root         INFO     Skipping 21522
15:32:03 root         INFO     Skipping 1325
15:32:03 root         INFO     Skipping 1079
15:32:03 root         INFO     Skipping 6973
15:32:03 root         INFO     Skipping 37495
15:32:03 root         INFO     Skipping 30405
15:32:03 root         INFO     Skipping 18767
15:32:03 root         INFO     Skipping 21521
15:32:03 root         INFO     Skipping 921
15:32:03 root         INFO     Skipping 27602
15:32:03 root         INFO     Skipping 21335
15:32:03 root         INFO     Skipping 30444
15:32:03 root         INFO     Skipping 1363
15:32:03 root         INFO     Skipping 9488
15:32:03 root         INFO     Skipping 24230
15:32:03 root         INFO     Skipping 2696
15:32:03 root         INFO     Skipping 37705
15:32:03 root         INFO     Skipping 33752
15:32:03 root         INFO     Skipping 37731
15:32:03 root         INFO     Skipping 37740
15:32:03 root         INFO     Skipping 9427
15:32:03 root         INFO     Skipping 19880
15:32:03 root         INFO     Skipping 632
15:32:03 root         INFO     Skipping 135
15:32:03 root         INFO     Skipping 39007
15:32:03 root         INFO     Skipping 551
15:32:03 root         INFO     Skipping 37304
15:32:03 root         INFO     Skipping 20115
15:32:03 root         INFO     Skipping 13362
15:32:03 root         INFO     Skipping 7333
15:32:03 root         INFO     Skipping 21423
15:32:03 root         INFO     Skipping 17653
15:32:03 root         INFO     Skipping 21152
15:32:03 root         INFO     Skipping 16031
15:32:03 root         INFO     Skipping 27074
15:32:03 root         INFO     Skipping 255
15:32:03 root         INFO     Skipping 431
15:32:03 root         INFO     Skipping 19290
15:32:03 root         INFO     Skipping 33954
15:32:03 root         INFO     Skipping 22921
15:32:03 root         INFO     Skipping 26556
15:32:03 root         INFO     Skipping 167
15:32:03 root         INFO     Skipping 15884
15:32:03 root         INFO     Skipping 30382
15:32:03 root         INFO     Skipping 30450
15:32:03 root         INFO     Skipping 27626
15:32:03 root         INFO     Skipping 37748
15:32:03 root         INFO     Skipping 715
15:32:03 root         INFO     Skipping 18734
15:32:03 root         INFO     Skipping 9485
15:32:03 root         INFO     Skipping 24231
15:32:03 root         INFO     Skipping 6221
15:32:03 root         INFO     Skipping 15392
15:32:03 root         INFO     Skipping 14466
15:32:03 root         INFO     Skipping 15025
15:32:03 root         INFO     Skipping 19760
15:32:03 root         INFO     Skipping 37095
15:32:03 root         INFO     Skipping 122
15:32:03 root         INFO     Skipping 113
15:32:03 root         INFO     Skipping 13863
15:32:03 root         INFO     Skipping 7355
15:32:03 root         INFO     Skipping 8042
15:32:03 root         INFO     Skipping 23802
15:32:03 root         INFO     Skipping 282
15:32:03 root         INFO     Skipping 7316
15:32:03 root         INFO     Skipping 16040
15:32:03 root         INFO     Skipping 7922
15:32:03 root         INFO     Skipping 16041
15:32:03 root         INFO     Skipping 28101
15:32:03 root         INFO     Skipping 3410
15:32:03 root         INFO     Skipping 7121
15:32:03 root         INFO     Skipping 17116
15:32:03 root         INFO     Skipping 20034
15:32:03 root         INFO     Skipping 6918
15:32:03 root         INFO     Skipping 22037
15:32:03 root         INFO     Skipping 14373
15:32:03 root         INFO     Skipping 13794
15:32:03 root         INFO     Skipping 13964
15:32:03 root         INFO     Skipping 6930
15:32:03 root         INFO     Skipping 19978
15:32:03 root         INFO     Skipping 14069
15:32:03 root         INFO     Skipping 14111
15:32:03 root         INFO     Skipping 6931
15:32:03 root         INFO     Skipping 14021
15:32:03 root         INFO     Skipping 37180
15:32:03 root         INFO     Skipping 35130
15:32:03 root         INFO     Skipping 19684
15:32:03 root         INFO     Skipping 28292
15:32:03 root         INFO     Skipping 30335
15:32:03 root         INFO     Skipping 14867
15:32:03 root         INFO     Skipping 23669
15:32:03 root         INFO     Skipping 6793
15:32:03 root         INFO     Skipping 15440
15:32:03 root         INFO     Skipping 23588
15:32:03 root         INFO     Skipping 10156
15:32:03 root         INFO     Skipping 30046
15:32:03 root         INFO     Skipping 39476
15:32:03 root         INFO     Skipping 37727
15:32:03 root         INFO     Skipping 33096
15:32:03 root         INFO     Skipping 32423
15:32:03 root         INFO     Skipping 30658
15:32:03 root         INFO     Skipping 18394
15:32:03 root         INFO     Skipping 19870
15:32:03 root         INFO     Skipping 15962
15:32:03 root         INFO     Skipping 702
15:32:03 root         INFO     Skipping 39478
15:32:03 root         INFO     Skipping 30435
15:32:03 root         INFO     Skipping 9445
15:32:03 root         INFO     Skipping 24173
15:32:03 root         INFO     Skipping 35554
15:32:03 root         INFO     Skipping 18733
15:32:03 root         INFO     Skipping 3962
15:32:03 root         INFO     Skipping 26659
15:32:03 root         INFO     Skipping 32135
15:32:03 root         INFO     Skipping 27843
15:32:03 root         INFO     Skipping 17658
15:32:03 root         INFO     Skipping 27186
15:32:03 root         INFO     Skipping 6922
15:32:03 root         INFO     Skipping 7317
15:32:03 root         INFO     Skipping 37607
15:32:03 root         INFO     Skipping 19748
15:32:03 root         INFO     Skipping 14979
15:32:03 root         INFO     Skipping 28256
15:32:03 root         INFO     Skipping 15000
15:32:03 root         INFO     Skipping 15725
15:32:03 root         INFO     Skipping 21561
15:32:03 root         INFO     Skipping 23098
15:32:03 root         INFO     Skipping 24231
15:32:03 root         INFO     Skipping 30469
15:32:03 root         INFO     Skipping 37819
15:32:03 root         INFO     Skipping 27605
15:32:03 root         INFO     Skipping 24799
15:32:03 root         INFO     Skipping 35571
15:32:03 root         INFO     Skipping 18750
15:32:03 root         INFO     Skipping 21564
15:32:03 root         INFO     Skipping 695
15:32:03 root         INFO     Skipping 619
15:32:03 root         INFO     Skipping 21566
15:32:03 root         INFO     Skipping 18746
15:32:03 root         INFO     Skipping 30470
15:32:03 root         INFO     Skipping 37747
15:32:03 root         INFO     Skipping 35726
15:32:03 root         INFO     Skipping 35708
15:32:03 root         INFO     Skipping 35705
15:32:03 root         INFO     Skipping 35727
15:32:03 root         INFO     Skipping 37743
15:32:03 root         INFO     Skipping 24229
15:32:03 root         INFO     Skipping 37748
15:32:03 root         INFO     Skipping 19879
15:32:03 root         INFO     Skipping 717
15:32:03 root         INFO     Skipping 35728
15:32:03 root         INFO     Skipping 37820
15:32:03 root         INFO     Skipping 30473
15:32:03 root         INFO     Skipping 37744
15:32:03 root         INFO     Skipping 28313
15:32:03 root         INFO     Skipping 37749
15:32:03 root         INFO     Skipping 15948
15:32:03 root         INFO     Skipping 35707
15:32:03 root         INFO     Skipping 35706
15:32:03 root         INFO     Skipping 35704
15:32:03 root         INFO     Skipping 18740
15:32:03 root         INFO     Skipping 18736
15:32:03 root         INFO     Skipping 183
15:32:03 root         INFO     Skipping 7887
15:32:03 root         INFO     Skipping 15551
15:32:03 root         INFO     Skipping 35562
15:32:03 root         INFO     Skipping 9423
15:32:03 root         INFO     Skipping 1519
15:32:03 root         INFO     Skipping 35489
15:32:03 root         INFO     Skipping 20880
15:32:03 root         INFO     Skipping 37235
15:32:03 root         INFO     Skipping 15882
15:32:03 root         INFO     Skipping 1169
15:32:03 root         INFO     Skipping 9463
15:32:03 root         INFO     Skipping 37685
15:32:03 root         INFO     Skipping 809
15:32:03 root         INFO     Skipping 9421
15:32:03 root         INFO     Skipping 30397
15:32:03 root         INFO     Skipping 37735
15:32:03 root         INFO     Skipping 30394
15:32:03 root         INFO     Skipping 30448
15:32:03 root         INFO     Skipping 27614
15:32:03 root         INFO     Skipping 35527
15:32:03 root         INFO     Skipping 37416
15:32:03 root         INFO     Skipping 37709
15:32:03 root         INFO     Skipping 27649
15:32:03 root         INFO     Skipping 35546
15:32:03 root         INFO     Skipping 1098
15:32:03 root         INFO     Skipping 21488
15:32:03 root         INFO     Skipping 37674
15:32:03 root         INFO     Skipping 37706
15:32:03 root         INFO     Skipping 37713
15:32:03 root         INFO     Skipping 918
15:32:03 root         INFO     Skipping 24210
15:32:03 root         INFO     Skipping 37728
15:32:03 root         INFO     Skipping 35555
15:32:03 root         INFO     Skipping 35556
15:32:03 root         INFO     Skipping 892
15:32:03 root         INFO     Skipping 38045
15:32:03 root         INFO     Skipping 829
15:32:03 root         INFO     Skipping 30468
15:32:03 root         INFO     Skipping 24186
15:32:03 root         INFO     Skipping 24194
15:32:03 root         INFO     Skipping 37693
15:32:03 root         INFO     Skipping 30429
15:32:03 root         INFO     Skipping 1249
15:32:03 root         INFO     Skipping 30434
15:32:03 root         INFO     Skipping 24199
15:32:03 root         INFO     Skipping 37688
15:32:03 root         INFO     Skipping 23853
15:32:03 root         INFO     Skipping 30456
15:32:03 root         INFO     Skipping 1036
15:32:03 root         INFO     Skipping 30436
15:32:03 root         INFO     Skipping 37690
15:32:03 root         INFO     Skipping 36428
15:32:03 root         INFO     Skipping 37721
15:32:03 root         INFO     Skipping 27646
15:32:03 root         INFO     Skipping 24187
15:32:03 root         INFO     Skipping 35551
15:32:03 root         INFO     Skipping 925
15:32:03 root         INFO     Skipping 21570
15:32:03 root         INFO     Skipping 21536
15:32:03 root         INFO     Skipping 604
15:32:03 root         INFO     Skipping 21562
15:32:03 root         INFO     Skipping 21572
15:32:03 root         INFO     Skipping 17884
15:32:03 root         INFO     Skipping 235
15:32:03 root         INFO     Skipping 2909
15:32:03 root         INFO     Skipping 21487
15:32:03 root         INFO     Skipping 27644
15:32:03 root         INFO     Skipping 37722
15:32:03 root         INFO     Skipping 24175
15:32:03 root         INFO     Skipping 27637
15:32:03 root         INFO     Skipping 9424
15:32:03 root         INFO     Skipping 24181
15:32:03 root         INFO     Skipping 37676
15:32:03 root         INFO     Skipping 15912
15:32:03 root         INFO     Skipping 1004
15:32:03 root         INFO     Skipping 15922
15:32:03 root         INFO     Skipping 21523
15:32:03 root         INFO     Skipping 14489
15:32:03 root         INFO     Skipping 18756
15:32:03 root         INFO     Skipping 23549
15:32:03 root         INFO     Skipping 30414
15:32:03 root         INFO     Skipping 2505
15:32:03 root         INFO     Skipping 28735
15:32:03 root         INFO     Skipping 599
15:32:03 root         INFO     Skipping 24124
15:32:03 root         INFO     Skipping 24218
15:32:03 root         INFO     Skipping 19874
15:32:03 root         INFO     Skipping 2175
15:32:03 root         INFO     Skipping 21467
15:32:03 root         INFO     Skipping 30525
15:32:03 root         INFO     Skipping 24176
15:32:03 root         INFO     Skipping 15949
15:32:03 root         INFO     Skipping 27630
15:32:03 root         INFO     Skipping 27632
15:32:03 root         INFO     Skipping 606
15:32:03 root         INFO     Skipping 27629
15:32:03 root         INFO     Skipping 24228
15:32:03 root         INFO     Skipping 562
15:32:03 root         INFO     Skipping 21633
15:32:03 root         INFO     Skipping 24225
15:32:03 root         INFO     Skipping 18725
15:32:03 root         INFO     Skipping 21567
15:32:03 root         INFO     Skipping 27628
15:32:03 root         INFO     Skipping 12921
15:32:03 root         INFO     Skipping 47
15:32:03 root         INFO     Skipping 8101
15:32:03 root         INFO     Skipping 27936
15:32:03 root         INFO     Skipping 23089
15:32:03 root         INFO     Skipping 15911
15:32:03 root         INFO     Skipping 30472
15:32:03 root         INFO     Skipping 35703
15:32:03 root         INFO     Skipping 30475
15:32:03 root         INFO     Skipping 18739
15:32:03 root         INFO     Skipping 30378
15:32:03 root         INFO     Skipping 21
15:32:03 root         INFO     Skipping 32904
15:32:03 root         INFO     Skipping 24169
15:32:03 root         INFO     Skipping 27616
15:32:03 root         INFO     Skipping 546
15:32:03 root         INFO     Skipping 125
15:32:03 root         INFO     Skipping 432
15:32:03 root         INFO     Skipping 23572
15:32:03 root         INFO     Skipping 1
15:32:03 root         INFO     Skipping 10
15:32:03 root         INFO     Skipping 72
15:32:03 root         INFO     Skipping 106
15:32:03 root         INFO     Skipping 804
15:32:03 root         INFO     Skipping 697
15:32:03 root         INFO     Skipping 166
15:32:03 root         INFO     Skipping 37667
15:32:03 root         INFO     Skipping 24234
15:32:03 root         INFO     Skipping 34781
15:32:03 root         INFO     Skipping 44
15:32:03 root         INFO     Skipping 2434
15:32:03 root         INFO     Skipping 7307
15:32:03 root         INFO     Skipping 7280
15:32:03 root         INFO     Skipping 14197
15:32:03 root         INFO     Skipping 6929
15:32:03 root         INFO     Skipping 24223
15:32:03 root         INFO     Skipping 30412
15:32:03 root         INFO     Skipping 21230
15:32:03 root         INFO     Skipping 7124
15:32:03 root         INFO     Skipping 7516
15:32:03 root         INFO     Skipping 9231
15:32:03 root         INFO     Skipping 13222
15:32:03 root         INFO     Skipping 24928
15:32:03 root         INFO     Skipping 14466
15:32:03 root         INFO     Skipping 19685
15:32:03 root         INFO     Skipping 14008
15:32:03 root         INFO     Skipping 20480
15:32:03 root         INFO     Skipping 7126
15:32:03 root         INFO     Skipping 15792
15:32:03 root         INFO     Skipping 27571
15:32:03 root         INFO     Skipping 19109
15:32:03 root         INFO     Skipping 14066
15:32:03 root         INFO     Skipping 7103
15:32:03 root         INFO     Skipping 13479
15:32:03 root         INFO     Skipping 13475
15:32:03 root         INFO     Skipping 24237
15:32:03 root         INFO     Skipping 28365
15:32:03 root         INFO     Skipping 7118
15:32:03 root         INFO     Skipping 19909
15:32:03 root         INFO     Skipping 13664
15:32:03 root         INFO     Skipping 13467
15:32:03 root         INFO     Skipping 18743
15:32:03 root         INFO     Skipping 19881
15:32:03 root         INFO     Skipping 6970
15:32:03 root         INFO     Skipping 7286
15:32:03 root         INFO     Skipping 14047
15:32:03 root         INFO     Skipping 35569
15:32:03 root         INFO     Skipping 37741
15:32:03 root         INFO     Skipping 37697
15:32:03 root         INFO     Skipping 1453
15:32:03 root         INFO     Skipping 18818
15:32:03 root         INFO     Skipping 37745
15:32:03 root         INFO     Skipping 18836
15:32:03 root         INFO     Skipping 37441
15:32:03 root         INFO     Skipping 24207
15:32:03 root         INFO     Skipping 1483
15:32:03 root         INFO     Skipping 30395
15:32:03 root         INFO     Skipping 30432
15:32:03 root         INFO     Skipping 36969
15:32:03 root         INFO     Skipping 21533
15:32:03 root         INFO     Skipping 1352
15:32:03 root         INFO     Skipping 30390
15:32:03 root         INFO     Skipping 1149
15:32:03 root         INFO     Skipping 24202
15:32:03 root         INFO     Skipping 30389
15:32:03 root         INFO     Skipping 15891
15:32:03 root         INFO     Skipping 14488
15:32:03 root         INFO     Skipping 30528
15:32:03 root         INFO     Skipping 27597
15:32:03 root         INFO     Skipping 37737
15:32:03 root         INFO     Skipping 1557
15:32:03 root         INFO     Skipping 27609
15:32:03 root         INFO     Skipping 900
15:32:03 root         INFO     Skipping 21527
15:32:03 root         INFO     Skipping 1479
15:32:03 root         INFO     Skipping 30387
15:32:03 root         INFO     Skipping 980
15:32:03 root         INFO     Skipping 37703
15:32:03 root         INFO     Skipping 15304
15:32:03 root         INFO     Skipping 128
15:32:03 root         INFO     Skipping 14781
15:32:03 root         INFO     Skipping 15528
15:32:03 root         INFO     Skipping 25120
15:32:03 root         INFO     Skipping 33803
15:32:03 root         INFO     Skipping 20476
15:32:03 root         INFO     Skipping 27502
15:32:03 root         INFO     Skipping 13456
15:32:03 root         INFO     Skipping 27390
15:32:03 root         INFO     Skipping 15813
15:32:03 root         INFO     Skipping 7320
15:32:03 root         INFO     Skipping 20668
15:32:03 root         INFO     Skipping 38937
15:32:03 root         INFO     Skipping 37417
15:32:03 root         INFO     Skipping 13038
15:32:03 root         INFO     Skipping 6932
15:32:03 root         INFO     Skipping 14978
15:32:03 root         INFO     Skipping 17045
15:32:03 root         INFO     Skipping 22385
15:32:03 root         INFO     Skipping 7853
15:32:03 root         INFO     Skipping 14026
15:32:03 root         INFO     Skipping 14923
15:32:03 root         INFO     Skipping 7288
15:32:03 root         INFO     Skipping 7538
15:32:03 root         INFO     Skipping 13451
15:32:03 root         INFO     Skipping 25009
15:32:03 root         INFO     Skipping 9452
15:32:03 root         INFO     Skipping 20118
15:32:03 root         INFO     Skipping 20475
15:32:03 root         INFO     Skipping 14602
15:32:03 root         INFO     Skipping 7291
15:32:03 root         INFO     Skipping 13457
15:32:03 root         INFO     Skipping 7345
15:32:03 root         INFO     Skipping 35752
15:32:03 root         INFO     Skipping 31489
15:32:03 root         INFO     Skipping 15674
15:32:03 root         INFO     Skipping 31189
15:32:03 root         INFO     Skipping 21
15:32:03 root         INFO     Skipping 247
15:32:03 root         INFO     Skipping 20084
15:32:03 root         INFO     Skipping 16020
15:32:03 root         INFO     Skipping 2009
15:32:03 root         INFO     Skipping 1773
15:32:03 root         INFO     Skipping 7337
15:32:03 root         INFO     Skipping 14910
15:32:03 root         INFO     Skipping 7339
15:32:03 root         INFO     Skipping 24976
15:32:03 root         INFO     Skipping 30360
15:32:03 root         INFO     Skipping 24315
15:32:03 root         INFO     Skipping 30361
15:32:03 root         INFO     Skipping 30358
15:32:03 root         INFO     Skipping 37191
15:32:03 root         INFO     Skipping 3129
15:32:03 root         INFO     Skipping 3052
15:32:03 root         INFO     Skipping 37932
15:32:03 root         INFO     Skipping 3125
15:32:03 root         INFO     Skipping 3109
15:32:03 root         INFO     Skipping 20056
15:32:03 root         INFO     Skipping 37778
15:32:03 root         INFO     Skipping 35587
15:32:03 root         INFO     Skipping 28452
15:32:03 root         INFO     Skipping 3320
15:32:03 root         INFO     Skipping 30367
15:32:03 root         INFO     Skipping 3048
15:32:03 root         INFO     Skipping 27750
15:32:03 root         INFO     Skipping 3072
15:32:03 root         INFO     Skipping 38049
15:32:03 root         INFO     Skipping 30366
15:32:03 root         INFO     Skipping 30368
15:32:03 root         INFO     Skipping 27956
15:32:03 root         INFO     Skipping 15709
15:32:03 root         INFO     Skipping 38047
15:32:03 root         INFO     Skipping 3137
15:32:03 root         INFO     Skipping 3085
15:32:03 root         INFO     Skipping 2042
15:32:03 root         INFO     Skipping 30374
15:32:03 root         INFO     Skipping 3064
15:32:03 root         INFO     Skipping 3286
15:32:03 root         INFO     Skipping 30362
15:32:03 root         INFO     Skipping 3309
15:32:03 root         INFO     Skipping 37826
15:32:03 root         INFO     Skipping 4972
15:32:03 root         INFO     Skipping 15790
15:32:03 root         INFO     Skipping 18747
15:32:03 root         INFO     Skipping 22401
15:32:03 root         INFO     Skipping 18711
15:32:03 root         INFO     Skipping 3123
15:32:03 root         INFO     Skipping 3296
15:32:03 root         INFO     Skipping 164
15:32:03 root         INFO     Skipping 30617
15:32:03 root         INFO     Skipping 19614
15:32:03 root         INFO     Skipping 23295
15:32:03 root         INFO     Skipping 35818
15:32:03 root         INFO     Skipping 7531
15:32:03 root         INFO     Skipping 19559
15:32:03 root         INFO     Skipping 26784
15:32:03 root         INFO     Skipping 25775
15:32:03 root         INFO     Skipping 27321
15:32:03 root         INFO     Skipping 7234
15:32:06 root         INFO     Driver opened url https://www.komen.org/news/: 0.5 second load started
15:32:08 root         INFO     Driver opened url https://www.komen.org/news/susan-g-komen-underscores-importance-of-knowing-your-breast-cancer-risk-as-new-data-shows-rise-in-diagnoses-for-2025/: 0.5 second load started
15:32:08 root         DEBUG    Titles: Susan G. Komen(r) Underscores Importance of Knowing Your Breast Cancer Risk as New Data Shows Rise in Diagnoses for 2025
15:32:08 root         DEBUG    Dates: 2025-01-17
15:32:08 root         DEBUG    Desc: Accessibility and Affordability of Care is Exacerbating Systemic Barriers to Screening, Diagnosis and Treatment 

DALLAS –  Susan G. Komen  ®  , the world’s leading breast cancer organization, today urged all women to commit to knowing their risk of breast cancer and work with their doctor to develop a personalized screening plan that is right for them. This call to action comes as new data reveal a rise in breast cancer diagnoses for 2025 and an alarming 1.4% annual increase in cases among women under 50 since the mid-2000s. This trend far outpaces the 1% annual rise in diagnoses for all women and underscores the need to prioritize breast health. 

At the same time, financial barriers continue to hinder timely follow-up care for many women, compounding the challenges of early detection and treatment. Unfortunately, out-of-pocket cost sharing for follow-up tests and imaging – needed to confirm or rule out breast cancer – has increased significantly, rising by  8%  between 2018 and 2023. 

“The trend is clear: costs are rising, and access to health care is shrinking,” said Victoria Smart, SVP of Mission at Susan G. Komen. “Now is the time to eliminate barriers to care, ensuring everyone has access to the full continuum of breast health care when and where they need it.” 

The American Cancer Society’s annual Cancer Facts and Figures report estimates that 316,950 women will be diagnosed with breast cancer in 2025, up from 310,720 in 2024. The number of breast cancer deaths in women is expected to decline slightly – from 42,250 in 2024 to 42,170 in 2025. The reality remains that one in eight women in the U.S. will be diagnosed with breast cancer in their lifetime. 

“No one is immune from breast cancer, so everyone – regardless of age, race, family history and genetics – must commit to regular screening so cancers can be caught early, when we have the most treatment options and the highest chance of survival,” said Smart. “Despite a slight decline in the mortality rate from 2024, breast cancer remains a public health crisis requiring urgent attention, investment and collaboration to ensure that it no longer claims lives unnecessarily.” 

Susan G. Komen  offers information  , support, and resources to help women understand their personal risk of breast cancer, and recommends every woman have a conversation with her health care provider about what she can do to lower her risk of breast cancer and develop a screening plan that is right for her. For women under age 40 at average risk of breast cancer, having these conversations is extremely important since there are no guidelines to suggest when and how often screening should occur. 

“Bold action is essential to saving lives,” Smart added. “We’ve made significant strides in breast cancer detection and treatment, and together, we can continue to save more lives. We must also remember: every diagnosis represents a life disrupted, a family affected, and a community impacted. Until we end deaths from breast cancer, our work is far from done.” 

15:32:08 root         DEBUG    Agency_id 6914
15:32:08 root         DEBUG    Article Link: https://www.komen.org/news/susan-g-komen-underscores-importance-of-knowing-your-breast-cancer-risk-as-new-data-shows-rise-in-diagnoses-for-2025/
15:32:08 root         INFO     LEDE: [testlede] month: [Jan.] day: [17]
15:32:08 root         INFO     
ADDING: FILENAME: [testfilename s for 2025] TITLE: [Susan G. Komen(r) Underscores Importance of Knowing Your Breast Cancer Risk as New Data Shows Rise in Diagnoses for 2025] DATE: [2025-01-17] ID [6914]

15:32:10 root         INFO     Driver opened url https://www.komen.org/news/introduction-of-breast-imaging-and-metastatic-step-therapy-legislation-will-benefit-thousands-of-hoosiers/: 0.5 second load started
15:32:10 root         DEBUG    Titles: Introduction of Breast Imaging and Metastatic Step Therapy Legislation Will Benefit Thousands of Hoosiers
15:32:10 root         DEBUG    Dates: 2025-01-15
15:32:10 root         DEBUG    Desc: Susan G. Komen  ®  Commends Bill Introductions; Urges Quick Passage 

INDIANAPOLIS –  Susan G. Komen  ®  , the world’s leading breast cancer organization commends Representative Cherrish Pryor (D-Indianapolis) for working with Komen to introduce legislation on two vitally important issues, removing financial barriers to breast imaging and eliminating step therapy drug protocols for metastatic cancer patients. 

“These bills can make an immediate impact for thousands of Hoosiers who require diagnostic, or supplemental breast imaging yet are unable to afford it and often forego the tests,” said Molly Guthrie, Vice President of Policy and Advocacy at Susan G. Komen. “Everyone should be able to access the treatments prescribed by their provider without burdensome insurance requirements, especially when it could mean the difference between a person’s life and death.” 

HB 1061  and  HB 1062  , introduced by Rep. Pryor, would eliminate out-of-pocket costs for medically necessary diagnostic and supplemental breast imaging and prohibit step therapy protocols for advanced, metastatic cancer patients. 

The exorbitant out-of-pocket costs associated with this critical breast imaging procedures, ranging from hundreds-to-thousands of dollars, often force individuals into the difficult decision of making significant financial sacrifices or foregoing their necessary early detection tests. Delays in imaging will result in later stage diagnoses – when the cancer is much deadlier and much more costly to treat. 

Step therapy, also referred to as “fail first,” requires a patient to first try a preferred (often generic alternative) drug prior to receiving coverage for the originally prescribed drug. Studies have shown that a four-week delay in treatment for metastatic cancer is associated with increased mortality. Patients and physicians should have the opportunity to choose the best treatments and therapies without the burden of overly restrictive cost containment policies. 

“Cancer is a serious health challenge that needs to be taken seriously by insurers, and that’s why I’m proud to file House Bill 1061 and 1062,” said Rep. Pryor. “From guaranteeing coverage for breast exams are fully covered for state employees and women with accident and sickness insurance or HMOs to ensuring that advanced cancer patients receive the drug that’s right for them from the start, these bills will improve early cancer detection and treatment. I’m proud to work on behalf of all women and our brave and resilient cancer patients this session.” 

15:32:10 root         DEBUG    Agency_id 6914
15:32:10 root         DEBUG    Article Link: https://www.komen.org/news/introduction-of-breast-imaging-and-metastatic-step-therapy-legislation-will-benefit-thousands-of-hoosiers/
15:32:10 root         INFO     LEDE: [testlede] month: [Jan.] day: [15]
15:32:10 root         INFO     
ADDING: FILENAME: [testfilename f Hoosiers] TITLE: [Introduction of Breast Imaging and Metastatic Step Therapy Legislation Will Benefit Thousands of Hoosiers] DATE: [2025-01-15] ID [6914]

15:32:11 root         INFO     Driver opened url https://www.komen.org/news/new-breast-imaging-legislation-to-help-thousands-across-north-dakota/: 0.5 second load started
15:32:12 root         DEBUG    Titles: New Breast Imaging Legislation to Help Thousands Across North Dakota
15:32:12 root         DEBUG    Dates: 2025-01-15
15:32:12 root         DEBUG    Desc: Susan G. Komen  ®  Applauds Bill Introduction, Urges Quick Passage 

BISMARCK –  Susan G. Komen  ®  , the world’s leading breast cancer organization commends Representative Karen Karls (R-Bismarck) for working with Komen to ensure that everyone has equitable access to diagnostic and supplemental breast imaging, by eliminating the financial barriers patients face in accessing needed breast cancer screening. 

In North Dakota, more than 630 people were diagnosed with breast cancer and 70 died of the disease in 2024 alone. The exorbitant out-of-pocket costs associated with these critical breast imaging procedures, ranging from hundreds-to-thousands of dollars, often force individuals to make significant financial sacrifices or forego tests that can confirm or rule out cancer. . 

“Nobody should be forced to skip medical care that helps to detect breast cancer early because of the cost, yet many North Dakotans are forced to make that decision every year,” said Molly Guthrie, Vice President of Policy and Advocacy at Susan G. Komen. “This bill will remove the financial barrier to diagnostic and supplemental imaging so that individuals can get the care they need without having to endure undue financial burden. This is a pivotal step toward equitable access to care, potentially saving lives by enabling earlier detection of the disease and treatment.” 

HB 1283  introduced by Rep. Karls, eliminates the patient out-of-pocket costs for medically necessary diagnostic and supplemental breast imaging such as breast MRIs and ultrasounds. Unfortunately, when a mammogram reveals an abnormality or an individual is at a higher risk of breast cancer, diagnostic and supplemental imaging is required to determine if the patient needs a biopsy. The high out-of-pocket costs for this imaging deters many individuals in North Dakota from receiving their recommended care, and as a result, breast cancer can be diagnosed at a later stage, when it is much deadlier and much more costly to treat. 

“There is no doubt that early detection and diagnosis of breast cancer saves lives. North Dakota must eliminate financial barriers that limit access to critical diagnostic and supplemental breast imaging service,” said Rep. Karls. “Breast cancer impacts too many families. We have a responsibility to make sure individuals in North Dakota have every tool available to them to diagnose breast cancer at early stages when it is still treatable.” 

A  Komen-commissioned study  found out-of-pockets costs for patients to range from $234 for a diagnostic mammogram to more than $1,000 for a breast MRI. Additionally, a recent study published in  Radiology  found that 1 in 5 patients said they would not go in for recommended follow-up imaging if they had to pay a deductible. This diagnostic or supplemental imaging is often crucial for individuals previously diagnosed with breast cancer or those considered high-risk. The high out-of-pocket cost creates inequities in essential care and imposes additional financial barriers for these patients. 

15:32:12 root         DEBUG    Agency_id 6914
15:32:12 root         DEBUG    Article Link: https://www.komen.org/news/new-breast-imaging-legislation-to-help-thousands-across-north-dakota/
15:32:12 root         INFO     LEDE: [testlede] month: [Jan.] day: [15]
15:32:12 root         INFO     
ADDING: FILENAME: [testfilename rth Dakota] TITLE: [New Breast Imaging Legislation to Help Thousands Across North Dakota] DATE: [2025-01-15] ID [6914]

15:32:15 root         INFO     Driver opened url https://www.komen.org/news/new-breast-imaging-legislation-to-help-thousands-across-virginia/: 0.5 second load started
15:32:15 root         DEBUG    Titles: New Breast Imaging Legislation to Help Thousands Across Virginia
15:32:15 root         DEBUG    Dates: 2025-01-15
15:32:15 root         DEBUG    Desc: Susan G. Komen  ®  Applauds Bill Introduction, Urges Quick Passage 

RICHMOND –  Susan G. Komen  ®  , the world’s leading breast cancer organization commends Representative Shelly Simonds (D-Newport News) and Senator Tara Durant (R-Fredericksburg) for working with Komen to ensure that everyone has equitable access to diagnostic and supplemental breast imaging, by eliminating the financial barriers patients face in accessing needed breast cancer screening. 

In Virginia, more than 8,180 people were diagnosed with breast cancer and 1,160 died of the disease in 2024 alone. The exorbitant out-of-pocket costs associated with these critical breast imaging procedures, ranging from hundreds-to-thousands of dollars, often force individuals to make significant financial sacrifices or forego tests that can confirm or rule out cancer. . 

“Nobody should be forced to skip medical care that helps to detect breast cancer early because of the cost, yet thousands of Virginians are forced to make that decision every year,” said Molly Guthrie, Vice President of Policy and Advocacy at Susan G. Komen. “This bill will remove the financial barrier to diagnostic and supplemental imaging so that individuals can get the care they need without having to endure undue financial burden. This is a pivotal step toward equitable access to care, potentially saving lives by enabling earlier detection of the disease and treatment.” 

HB 1828  /  SB 1238  introduced by Rep. Simonds and Sen. Durant, eliminates the patient out-of-pocket costs for medically necessary diagnostic and supplemental breast imaging such as breast MRIs and ultrasounds. Unfortunately, when a mammogram reveals an abnormality or an individual is at a higher risk of breast cancer, diagnostic and supplemental imaging is required to determine if the patient needs a biopsy. The high out-of-pocket costs for this imaging deters many individuals in Virginia from receiving their recommended care, and as a result, breast cancer can be diagnosed at a later stage, when it is much deadlier and much more costly to treat. 

“No one should be putting off care because of out-of-pocket costs — especially since we know breast cancer is much deadlier and more costly to treat if it goes undetected and spreads,” said Del. Simonds. “We all know that the earlier cancer is detected, the better the prognosis – not to mention the huge cost-savings of an early diagnosis versus a late-stage one. Too often, we see women delay getting a follow up exam, and by the time they are able to afford to pay for care, their prognosis is worse. It’s heartbreaking when women sacrifice their own health to afford putting food on the table and paying bills. This legislation will remove those barriers to care and will save lives.” 

A  Komen-commissioned study  found out-of-pockets costs for patients to range from $234 for a diagnostic mammogram to more than $1,000 for a breast MRI. Additionally, a recent study published in  Radiology  found that 1 in 5 patients said they would not go in for recommended follow-up imaging if they had to pay a deductible. This diagnostic or supplemental imaging is often crucial for individuals previously diagnosed with breast cancer or those considered high-risk. The high out-of-pocket cost creates inequities in essential care and imposes additional financial barriers for these patients. 

“This legislation is deeply personal to me, as I have experienced firsthand the barriers that can stand in the way of accessing timely breast health care. By eliminating cost-sharing for diagnostic and supplemental breast examinations, we are removing a significant hurdle that too many women face,” said Sen. Durant. “Early detection saves lives, and this bill ensures that financial concerns won’t delay critical screenings and diagnostics. I am proud to champion this measure and work alongside the breast cancer awareness community to improve outcomes and save lives across Virginia.” 

15:32:15 root         DEBUG    Agency_id 6914
15:32:15 root         DEBUG    Article Link: https://www.komen.org/news/new-breast-imaging-legislation-to-help-thousands-across-virginia/
15:32:15 root         INFO     LEDE: [testlede] month: [Jan.] day: [15]
15:32:15 root         INFO     
ADDING: FILENAME: [testfilename s Virginia] TITLE: [New Breast Imaging Legislation to Help Thousands Across Virginia] DATE: [2025-01-15] ID [6914]

15:32:16 root         INFO     Driver opened url https://www.komen.org/news/ensuring-affordable-access-to-high-quality-breast-care-is-top-policy-priority-for-susan-g-komen/: 0.5 second load started
15:32:17 root         DEBUG    Titles: Ensuring Affordable Access to High-Quality Breast Care Is Top Policy Priority for Susan G. Komen(r)
15:32:17 root         DEBUG    Dates: 2025-01-08
15:32:17 root         DEBUG    Desc: Urges 119  th  Congress to Act Quickly on Critical Legislation that Languished in December 

WASHINGTON, DC –  Susan G. Komen  ®, the world’s leading breast cancer organization, launched its 2025-2026 policy priorities with a focus on achieving a more equitable health care system – by advancing state and federal legislation that allows for early detection, diagnosis and treatment of breast cancer by removing financial and administrative barriers to timely, high-quality breast care. 

Komen is calling on the 119  th  Congress to quickly reintroduce and pass the Screening for Communities to Receive Early and Equitable Needed Services (SCREENS) for Cancer Act, legislation that will make critical breast health services available to our most vulnerable and often overlooked populations. Although it gained strong, bipartisan support, the bill did not pass before the 118  th  Congress adjourned. 

“With this new Congress, we urge lawmakers to prioritize the reintroduction and passage of legislation that will ensure lives are not lost to cancers simply because someone couldn’t access the health services they require,” said Molly Guthrie, VP of Policy & Advocacy and the Center of Public Policy, at Susan G. Komen. “Enacting the SCREENS for Cancer Act will allow millions of low income, uninsured or underinsured individuals access to the breast cancer screening, diagnostic tests and treatment they need to survive.” 

The SCREENS for Cancer Act reauthorizes the National Breast and Cervical Cancer Early Detection Program (NBCCEDP), which has served more than 6.4 million individuals across the country and provided more than 16.5 million breast and cervical cancer screening examinations. Nearly 80,000 invasive breast cancers have been detected through NBCCEDP-funded programs since the program’s inception in 1991. 

In 2025, it is expected that more than 310,000 people in the U.S. will be diagnosed with breast cancer and more than 40,000 will die from it. Experts suggest at least one-third of U.S. breast cancer deaths could be prevented with universal access to existing treatments. 

Komen is also asking Congress to prioritize legislation that eliminates cost sharing for diagnostic and supplemental breast imaging, accelerates cancer research, protects comprehensive health care coverage and removes financial and systemic barriers that patients experience in obtaining their care. 

“Komen’s Center for Public Policy hopes lawmakers will seize this immediate opportunity to pass legislation that has languished and turn its attention to additional policies that that could be the difference between life and death for too many people,” Guthrie added. 

Komen will also be working alongside lawmakers in state legislatures to bring the long-lasting change that’s needed to address barriers in accessing and affording health care. In 2024, Komen’s Center for Public Policy introduced 41 bills in 34 states, 16 of which were signed into law. Komen will focus on passing legislation to enable more affordable breast imaging, remove barriers to treatment for those living with metastatic disease and expand access to genetic testing to help inform an individual’s risk of breast cancer. 

“Our progress in saving lives from breast cancer is contingent upon breast health services being available and affordable to everyone,” Guthrie said. 

15:32:17 root         DEBUG    Agency_id 6914
15:32:17 root         DEBUG    Article Link: https://www.komen.org/news/ensuring-affordable-access-to-high-quality-breast-care-is-top-policy-priority-for-susan-g-komen/
15:32:17 root         INFO     LEDE: [testlede] month: [Jan.] day: [8]
15:32:17 root         INFO     
ADDING: FILENAME: [testfilename . Komen(r)] TITLE: [Ensuring Affordable Access to High-Quality Breast Care Is Top Policy Priority for Susan G. Komen(r)] DATE: [2025-01-08] ID [6914]

15:32:17 root         INFO     INVALID DATE: 2024-12-11 00:00:00
15:32:17 root         INFO     INVALID DATE: 2024-11-18 00:00:00
15:32:17 root         INFO     INVALID DATE: 2024-11-11 00:00:00
15:32:18 root         INFO     Scrape errors found during run:
15:32:18 root         INFO     []
15:32:18 root         INFO     End of file message
15:32:18 root         INFO     

Load Version 2.0.1 01/17/2025
       Docs Loaded: 5
       URLS processed: 1
       DUPS skipped: 0
       No Ledes found: 0

Passed Parameters:
       Pull House and Senate: False
       Number of days back: 30
       Start Time: 2025-01-19 15:31:58
       End Time: 2025-01-19 15:32:18
       Elapsed Time: 0:00:19
       Character Minimum Amount: 100

Errors:
Docs:
	Loaded:
		6914: Susan G. Komen(r) Underscores Importance of Knowing Your Breast Cancer Risk as New Data Shows Rise in Diagnoses for 2025
		6914: Introduction of Breast Imaging and Metastatic Step Therapy Legislation Will Benefit Thousands of Hoosiers
		6914: New Breast Imaging Legislation to Help Thousands Across North Dakota
		6914: New Breast Imaging Legislation to Help Thousands Across Virginia
		6914: Ensuring Affordable Access to High-Quality Breast Care Is Top Policy Priority for Susan G. Komen(r)
