22:28:25 root         INFO     Skipping 27599
22:28:25 root         INFO     Skipping 30449
22:28:25 root         INFO     Skipping 14315
22:28:25 root         INFO     Skipping 7566
22:28:25 root         INFO     Skipping 804
22:28:25 root         INFO     Skipping 12106
22:28:25 root         INFO     Skipping 8034
22:28:25 root         INFO     Skipping 7901
22:28:25 root         INFO     Skipping 20157
22:28:25 root         INFO     Skipping 6950
22:28:25 root         INFO     Skipping 15026
22:28:25 root         INFO     Skipping 19993
22:28:25 root         INFO     Skipping 21569
22:28:25 root         INFO     Skipping 23030
22:28:25 root         INFO     Skipping 206
22:28:25 root         INFO     Skipping 16046
22:28:25 root         INFO     Skipping 16140
22:28:25 root         INFO     Skipping 16037
22:28:25 root         INFO     Skipping 43
22:28:25 root         INFO     Skipping 225
22:28:25 root         INFO     Skipping 37711
22:28:25 root         INFO     Skipping 34699
22:28:25 root         INFO     Skipping 19021
22:28:25 root         INFO     Skipping 18495
22:28:25 root         INFO     Skipping 222
22:28:25 root         INFO     Skipping 5602
22:28:25 root         INFO     Skipping 16027
22:28:25 root         INFO     Skipping 21499
22:28:25 root         INFO     Skipping 2698
22:28:25 root         INFO     Skipping 27867
22:28:25 root         INFO     Skipping 24224
22:28:25 root         INFO     Skipping 21563
22:28:25 root         INFO     Skipping 24227
22:28:25 root         INFO     Skipping 17224
22:28:25 root         INFO     Skipping 219
22:28:25 root         INFO     Skipping 23814
22:28:25 root         INFO     Skipping 15376
22:28:25 root         INFO     Skipping 19286
22:28:25 root         INFO     Skipping 28048
22:28:25 root         INFO     Skipping 543
22:28:25 root         INFO     Skipping 24233
22:28:25 root         INFO     Skipping 18735
22:28:25 root         INFO     Skipping 1066
22:28:25 root         INFO     Skipping 37680
22:28:25 root         INFO     Skipping 691
22:28:25 root         INFO     Skipping 677
22:28:25 root         INFO     Skipping 20141
22:28:25 root         INFO     Skipping 36151
22:28:25 root         INFO     Skipping 20319
22:28:25 root         INFO     Skipping 12400
22:28:25 root         INFO     Skipping 127
22:28:25 root         INFO     Skipping 20792
22:28:25 root         INFO     Skipping 17104
22:28:25 root         INFO     Skipping 24344
22:28:25 root         INFO     Skipping 19546
22:28:25 root         INFO     Skipping 15565
22:28:25 root         INFO     Skipping 13359
22:28:25 root         INFO     Skipping 17922
22:28:25 root         INFO     Skipping 22481
22:28:25 root         INFO     Skipping 20138
22:28:25 root         INFO     Skipping 119
22:28:25 root         INFO     Skipping 21188
22:28:25 root         INFO     Skipping 3016
22:28:25 root         INFO     Skipping 21525
22:28:25 root         INFO     Skipping 37694
22:28:25 root         INFO     Skipping 18710
22:28:25 root         INFO     Skipping 29332
22:28:25 root         INFO     Skipping 23100
22:28:25 root         INFO     Skipping 37725
22:28:25 root         INFO     Skipping 15633
22:28:25 root         INFO     Skipping 948
22:28:25 root         INFO     Skipping 30993
22:28:25 root         INFO     Skipping 22221
22:28:25 root         INFO     Skipping 22654
22:28:25 root         INFO     Skipping 35809
22:28:25 root         INFO     Skipping 35576
22:28:25 root         INFO     Skipping 37408
22:28:25 root         INFO     Skipping 7844
22:28:25 root         INFO     Skipping 20
22:28:25 root         INFO     Skipping 8022
22:28:25 root         INFO     Skipping 8032
22:28:25 root         INFO     Skipping 20605
22:28:25 root         INFO     Skipping 7838
22:28:25 root         INFO     Skipping 21497
22:28:25 root         INFO     Skipping 35572
22:28:25 root         INFO     Skipping 30425
22:28:25 root         INFO     Skipping 35517
22:28:25 root         INFO     Skipping 35524
22:28:25 root         INFO     Skipping 21522
22:28:25 root         INFO     Skipping 1325
22:28:25 root         INFO     Skipping 1079
22:28:25 root         INFO     Skipping 6973
22:28:25 root         INFO     Skipping 37495
22:28:25 root         INFO     Skipping 30405
22:28:25 root         INFO     Skipping 18767
22:28:25 root         INFO     Skipping 21521
22:28:25 root         INFO     Skipping 921
22:28:25 root         INFO     Skipping 27602
22:28:25 root         INFO     Skipping 21335
22:28:25 root         INFO     Skipping 30444
22:28:25 root         INFO     Skipping 1363
22:28:25 root         INFO     Skipping 9488
22:28:25 root         INFO     Skipping 24230
22:28:25 root         INFO     Skipping 2696
22:28:25 root         INFO     Skipping 37705
22:28:25 root         INFO     Skipping 33752
22:28:25 root         INFO     Skipping 37731
22:28:25 root         INFO     Skipping 37740
22:28:25 root         INFO     Skipping 9427
22:28:25 root         INFO     Skipping 19880
22:28:25 root         INFO     Skipping 632
22:28:25 root         INFO     Skipping 39007
22:28:25 root         INFO     Skipping 551
22:28:25 root         INFO     Skipping 37304
22:28:25 root         INFO     Skipping 20115
22:28:25 root         INFO     Skipping 13362
22:28:25 root         INFO     Skipping 7333
22:28:25 root         INFO     Skipping 21423
22:28:25 root         INFO     Skipping 17653
22:28:25 root         INFO     Skipping 21152
22:28:25 root         INFO     Skipping 16031
22:28:25 root         INFO     Skipping 27074
22:28:25 root         INFO     Skipping 255
22:28:25 root         INFO     Skipping 431
22:28:25 root         INFO     Skipping 19290
22:28:25 root         INFO     Skipping 33954
22:28:25 root         INFO     Skipping 22921
22:28:25 root         INFO     Skipping 26556
22:28:25 root         INFO     Skipping 167
22:28:25 root         INFO     Skipping 15884
22:28:25 root         INFO     Skipping 30382
22:28:25 root         INFO     Skipping 30450
22:28:25 root         INFO     Skipping 27626
22:28:25 root         INFO     Skipping 37748
22:28:25 root         INFO     Skipping 715
22:28:25 root         INFO     Skipping 18734
22:28:25 root         INFO     Skipping 9485
22:28:25 root         INFO     Skipping 24231
22:28:25 root         INFO     Skipping 6221
22:28:25 root         INFO     Skipping 15392
22:28:25 root         INFO     Skipping 14466
22:28:25 root         INFO     Skipping 15025
22:28:25 root         INFO     Skipping 19760
22:28:25 root         INFO     Skipping 37095
22:28:25 root         INFO     Skipping 13863
22:28:25 root         INFO     Skipping 7355
22:28:25 root         INFO     Skipping 8042
22:28:25 root         INFO     Skipping 23802
22:28:25 root         INFO     Skipping 282
22:28:25 root         INFO     Skipping 7316
22:28:25 root         INFO     Skipping 16040
22:28:25 root         INFO     Skipping 7922
22:28:25 root         INFO     Skipping 16041
22:28:25 root         INFO     Skipping 28101
22:28:25 root         INFO     Skipping 3410
22:28:25 root         INFO     Skipping 7121
22:28:25 root         INFO     Skipping 17116
22:28:25 root         INFO     Skipping 20034
22:28:25 root         INFO     Skipping 6918
22:28:25 root         INFO     Skipping 22037
22:28:25 root         INFO     Skipping 14373
22:28:25 root         INFO     Skipping 13794
22:28:25 root         INFO     Skipping 13964
22:28:25 root         INFO     Skipping 6930
22:28:25 root         INFO     Skipping 19978
22:28:25 root         INFO     Skipping 14069
22:28:25 root         INFO     Skipping 14111
22:28:25 root         INFO     Skipping 6931
22:28:25 root         INFO     Skipping 14021
22:28:25 root         INFO     Skipping 37180
22:28:25 root         INFO     Skipping 35130
22:28:25 root         INFO     Skipping 19684
22:28:25 root         INFO     Skipping 28292
22:28:25 root         INFO     Skipping 30335
22:28:25 root         INFO     Skipping 14867
22:28:25 root         INFO     Skipping 23669
22:28:25 root         INFO     Skipping 6793
22:28:25 root         INFO     Skipping 15440
22:28:25 root         INFO     Skipping 23588
22:28:25 root         INFO     Skipping 10156
22:28:25 root         INFO     Skipping 30046
22:28:25 root         INFO     Skipping 39476
22:28:25 root         INFO     Skipping 37727
22:28:25 root         INFO     Skipping 33096
22:28:25 root         INFO     Skipping 32423
22:28:25 root         INFO     Skipping 30658
22:28:25 root         INFO     Skipping 19870
22:28:25 root         INFO     Skipping 15962
22:28:25 root         INFO     Skipping 702
22:28:25 root         INFO     Skipping 30435
22:28:25 root         INFO     Skipping 9445
22:28:25 root         INFO     Skipping 24173
22:28:25 root         INFO     Skipping 35554
22:28:25 root         INFO     Skipping 18733
22:28:25 root         INFO     Skipping 3962
22:28:25 root         INFO     Skipping 26659
22:28:25 root         INFO     Skipping 32135
22:28:25 root         INFO     Skipping 27843
22:28:25 root         INFO     Skipping 17658
22:28:25 root         INFO     Skipping 27186
22:28:25 root         INFO     Skipping 6922
22:28:25 root         INFO     Skipping 7317
22:28:25 root         INFO     Skipping 37607
22:28:25 root         INFO     Skipping 19748
22:28:25 root         INFO     Skipping 14979
22:28:25 root         INFO     Skipping 28256
22:28:25 root         INFO     Skipping 15000
22:28:25 root         INFO     Skipping 15725
22:28:25 root         INFO     Skipping 21561
22:28:25 root         INFO     Skipping 23098
22:28:25 root         INFO     Skipping 30469
22:28:25 root         INFO     Skipping 37819
22:28:25 root         INFO     Skipping 27605
22:28:25 root         INFO     Skipping 24799
22:28:25 root         INFO     Skipping 35571
22:28:25 root         INFO     Skipping 18750
22:28:25 root         INFO     Skipping 21564
22:28:25 root         INFO     Skipping 695
22:28:25 root         INFO     Skipping 619
22:28:25 root         INFO     Skipping 21566
22:28:25 root         INFO     Skipping 18746
22:28:25 root         INFO     Skipping 30470
22:28:25 root         INFO     Skipping 37747
22:28:25 root         INFO     Skipping 35726
22:28:25 root         INFO     Skipping 35708
22:28:25 root         INFO     Skipping 35705
22:28:25 root         INFO     Skipping 35727
22:28:25 root         INFO     Skipping 37743
22:28:25 root         INFO     Skipping 24229
22:28:25 root         INFO     Skipping 37748
22:28:25 root         INFO     Skipping 19879
22:28:25 root         INFO     Skipping 717
22:28:25 root         INFO     Skipping 35728
22:28:25 root         INFO     Skipping 37820
22:28:25 root         INFO     Skipping 30473
22:28:25 root         INFO     Skipping 37744
22:28:25 root         INFO     Skipping 28313
22:28:25 root         INFO     Skipping 37749
22:28:25 root         INFO     Skipping 15948
22:28:25 root         INFO     Skipping 35707
22:28:25 root         INFO     Skipping 35706
22:28:25 root         INFO     Skipping 35704
22:28:25 root         INFO     Skipping 18740
22:28:25 root         INFO     Skipping 18736
22:28:25 root         INFO     Skipping 7887
22:28:25 root         INFO     Skipping 15551
22:28:25 root         INFO     Skipping 35562
22:28:25 root         INFO     Skipping 9423
22:28:25 root         INFO     Skipping 1519
22:28:25 root         INFO     Skipping 35489
22:28:25 root         INFO     Skipping 20880
22:28:25 root         INFO     Skipping 37235
22:28:25 root         INFO     Skipping 15882
22:28:25 root         INFO     Skipping 1169
22:28:25 root         INFO     Skipping 9463
22:28:25 root         INFO     Skipping 37685
22:28:25 root         INFO     Skipping 809
22:28:25 root         INFO     Skipping 9421
22:28:25 root         INFO     Skipping 30397
22:28:25 root         INFO     Skipping 37735
22:28:25 root         INFO     Skipping 30394
22:28:25 root         INFO     Skipping 30448
22:28:25 root         INFO     Skipping 27614
22:28:25 root         INFO     Skipping 35527
22:28:25 root         INFO     Skipping 37416
22:28:25 root         INFO     Skipping 37709
22:28:25 root         INFO     Skipping 27649
22:28:25 root         INFO     Skipping 35546
22:28:25 root         INFO     Skipping 1098
22:28:25 root         INFO     Skipping 21488
22:28:25 root         INFO     Skipping 37674
22:28:25 root         INFO     Skipping 37706
22:28:25 root         INFO     Skipping 37713
22:28:25 root         INFO     Skipping 918
22:28:25 root         INFO     Skipping 24210
22:28:25 root         INFO     Skipping 37728
22:28:25 root         INFO     Skipping 35555
22:28:25 root         INFO     Skipping 35556
22:28:25 root         INFO     Skipping 892
22:28:25 root         INFO     Skipping 38045
22:28:25 root         INFO     Skipping 829
22:28:25 root         INFO     Skipping 30468
22:28:25 root         INFO     Skipping 24186
22:28:25 root         INFO     Skipping 24194
22:28:25 root         INFO     Skipping 37693
22:28:25 root         INFO     Skipping 30429
22:28:25 root         INFO     Skipping 1249
22:28:25 root         INFO     Skipping 30434
22:28:25 root         INFO     Skipping 24199
22:28:25 root         INFO     Skipping 37688
22:28:25 root         INFO     Skipping 23853
22:28:25 root         INFO     Skipping 30456
22:28:25 root         INFO     Skipping 1036
22:28:25 root         INFO     Skipping 30436
22:28:25 root         INFO     Skipping 37690
22:28:25 root         INFO     Skipping 36428
22:28:25 root         INFO     Skipping 37721
22:28:25 root         INFO     Skipping 27646
22:28:25 root         INFO     Skipping 24187
22:28:25 root         INFO     Skipping 35551
22:28:25 root         INFO     Skipping 925
22:28:25 root         INFO     Skipping 21570
22:28:25 root         INFO     Skipping 21536
22:28:25 root         INFO     Skipping 604
22:28:25 root         INFO     Skipping 21562
22:28:25 root         INFO     Skipping 21572
22:28:25 root         INFO     Skipping 17884
22:28:25 root         INFO     Skipping 235
22:28:25 root         INFO     Skipping 21487
22:28:25 root         INFO     Skipping 27644
22:28:25 root         INFO     Skipping 37722
22:28:25 root         INFO     Skipping 24175
22:28:25 root         INFO     Skipping 27637
22:28:25 root         INFO     Skipping 9424
22:28:25 root         INFO     Skipping 24181
22:28:25 root         INFO     Skipping 37676
22:28:25 root         INFO     Skipping 15912
22:28:25 root         INFO     Skipping 1004
22:28:25 root         INFO     Skipping 15922
22:28:25 root         INFO     Skipping 21523
22:28:25 root         INFO     Skipping 14489
22:28:25 root         INFO     Skipping 18756
22:28:25 root         INFO     Skipping 23549
22:28:25 root         INFO     Skipping 30414
22:28:25 root         INFO     Skipping 28735
22:28:25 root         INFO     Skipping 599
22:28:25 root         INFO     Skipping 24124
22:28:25 root         INFO     Skipping 24218
22:28:25 root         INFO     Skipping 19874
22:28:25 root         INFO     Skipping 21467
22:28:25 root         INFO     Skipping 30525
22:28:25 root         INFO     Skipping 24176
22:28:25 root         INFO     Skipping 15949
22:28:25 root         INFO     Skipping 27630
22:28:25 root         INFO     Skipping 27632
22:28:25 root         INFO     Skipping 606
22:28:25 root         INFO     Skipping 27629
22:28:25 root         INFO     Skipping 24228
22:28:25 root         INFO     Skipping 562
22:28:25 root         INFO     Skipping 21633
22:28:25 root         INFO     Skipping 24225
22:28:25 root         INFO     Skipping 18725
22:28:25 root         INFO     Skipping 21567
22:28:25 root         INFO     Skipping 27628
22:28:25 root         INFO     Skipping 12921
22:28:25 root         INFO     Skipping 47
22:28:25 root         INFO     Skipping 8101
22:28:25 root         INFO     Skipping 27936
22:28:25 root         INFO     Skipping 23089
22:28:25 root         INFO     Skipping 15911
22:28:25 root         INFO     Skipping 30472
22:28:25 root         INFO     Skipping 35703
22:28:25 root         INFO     Skipping 30475
22:28:25 root         INFO     Skipping 18739
22:28:25 root         INFO     Skipping 30378
22:28:25 root         INFO     Skipping 21
22:28:25 root         INFO     Skipping 24169
22:28:25 root         INFO     Skipping 27616
22:28:25 root         INFO     Skipping 546
22:28:25 root         INFO     Skipping 125
22:28:25 root         INFO     Skipping 432
22:28:25 root         INFO     Skipping 23572
22:28:25 root         INFO     Skipping 1
22:28:25 root         INFO     Skipping 10
22:28:25 root         INFO     Skipping 106
22:28:25 root         INFO     Skipping 804
22:28:25 root         INFO     Skipping 697
22:28:25 root         INFO     Skipping 37667
22:28:25 root         INFO     Skipping 24234
22:28:25 root         INFO     Skipping 34781
22:28:25 root         INFO     Skipping 44
22:28:25 root         INFO     Skipping 2434
22:28:25 root         INFO     Skipping 7307
22:28:25 root         INFO     Skipping 7280
22:28:25 root         INFO     Skipping 14197
22:28:25 root         INFO     Skipping 6929
22:28:25 root         INFO     Skipping 24223
22:28:25 root         INFO     Skipping 30412
22:28:25 root         INFO     Skipping 21230
22:28:25 root         INFO     Skipping 7124
22:28:25 root         INFO     Skipping 7516
22:28:25 root         INFO     Skipping 9231
22:28:25 root         INFO     Skipping 13222
22:28:25 root         INFO     Skipping 24928
22:28:25 root         INFO     Skipping 14466
22:28:25 root         INFO     Skipping 19685
22:28:25 root         INFO     Skipping 14008
22:28:25 root         INFO     Skipping 20480
22:28:25 root         INFO     Skipping 7126
22:28:25 root         INFO     Skipping 15792
22:28:25 root         INFO     Skipping 27571
22:28:25 root         INFO     Skipping 19109
22:28:25 root         INFO     Skipping 14066
22:28:25 root         INFO     Skipping 7103
22:28:25 root         INFO     Skipping 13479
22:28:25 root         INFO     Skipping 13475
22:28:25 root         INFO     Skipping 24237
22:28:25 root         INFO     Skipping 28365
22:28:25 root         INFO     Skipping 7118
22:28:25 root         INFO     Skipping 19909
22:28:25 root         INFO     Skipping 13664
22:28:25 root         INFO     Skipping 13467
22:28:25 root         INFO     Skipping 18743
22:28:25 root         INFO     Skipping 19881
22:28:25 root         INFO     Skipping 6970
22:28:25 root         INFO     Skipping 7286
22:28:25 root         INFO     Skipping 14047
22:28:25 root         INFO     Skipping 35569
22:28:25 root         INFO     Skipping 37741
22:28:25 root         INFO     Skipping 37697
22:28:25 root         INFO     Skipping 1453
22:28:25 root         INFO     Skipping 18818
22:28:25 root         INFO     Skipping 37745
22:28:25 root         INFO     Skipping 18836
22:28:25 root         INFO     Skipping 37441
22:28:25 root         INFO     Skipping 24207
22:28:25 root         INFO     Skipping 1483
22:28:25 root         INFO     Skipping 30395
22:28:25 root         INFO     Skipping 30432
22:28:25 root         INFO     Skipping 36969
22:28:25 root         INFO     Skipping 21533
22:28:25 root         INFO     Skipping 1352
22:28:25 root         INFO     Skipping 30390
22:28:25 root         INFO     Skipping 1149
22:28:25 root         INFO     Skipping 24202
22:28:25 root         INFO     Skipping 30389
22:28:25 root         INFO     Skipping 15891
22:28:25 root         INFO     Skipping 14488
22:28:25 root         INFO     Skipping 30528
22:28:25 root         INFO     Skipping 27597
22:28:25 root         INFO     Skipping 37737
22:28:25 root         INFO     Skipping 1557
22:28:25 root         INFO     Skipping 27609
22:28:25 root         INFO     Skipping 900
22:28:25 root         INFO     Skipping 21527
22:28:25 root         INFO     Skipping 1479
22:28:25 root         INFO     Skipping 30387
22:28:25 root         INFO     Skipping 980
22:28:25 root         INFO     Skipping 37703
22:28:25 root         INFO     Skipping 15304
22:28:25 root         INFO     Skipping 14781
22:28:25 root         INFO     Skipping 15528
22:28:25 root         INFO     Skipping 25120
22:28:25 root         INFO     Skipping 33803
22:28:25 root         INFO     Skipping 20476
22:28:25 root         INFO     Skipping 27502
22:28:25 root         INFO     Skipping 13456
22:28:25 root         INFO     Skipping 27390
22:28:25 root         INFO     Skipping 15813
22:28:25 root         INFO     Skipping 7320
22:28:25 root         INFO     Skipping 20668
22:28:25 root         INFO     Skipping 38937
22:28:25 root         INFO     Skipping 37417
22:28:25 root         INFO     Skipping 13038
22:28:25 root         INFO     Skipping 6932
22:28:25 root         INFO     Skipping 14978
22:28:25 root         INFO     Skipping 17045
22:28:25 root         INFO     Skipping 22385
22:28:25 root         INFO     Skipping 7853
22:28:25 root         INFO     Skipping 14026
22:28:25 root         INFO     Skipping 14923
22:28:25 root         INFO     Skipping 7288
22:28:25 root         INFO     Skipping 7538
22:28:25 root         INFO     Skipping 13451
22:28:25 root         INFO     Skipping 25009
22:28:25 root         INFO     Skipping 9452
22:28:25 root         INFO     Skipping 20118
22:28:25 root         INFO     Skipping 20475
22:28:25 root         INFO     Skipping 14602
22:28:25 root         INFO     Skipping 7291
22:28:25 root         INFO     Skipping 13457
22:28:25 root         INFO     Skipping 7345
22:28:25 root         INFO     Skipping 35752
22:28:25 root         INFO     Skipping 31489
22:28:25 root         INFO     Skipping 15674
22:28:25 root         INFO     Skipping 31189
22:28:25 root         INFO     Skipping 20084
22:28:25 root         INFO     Skipping 16020
22:28:25 root         INFO     Skipping 2009
22:28:25 root         INFO     Skipping 1773
22:28:25 root         INFO     Skipping 7337
22:28:25 root         INFO     Skipping 14910
22:28:25 root         INFO     Skipping 7339
22:28:25 root         INFO     Skipping 24976
22:28:25 root         INFO     Skipping 30360
22:28:25 root         INFO     Skipping 24315
22:28:25 root         INFO     Skipping 30361
22:28:25 root         INFO     Skipping 30358
22:28:25 root         INFO     Skipping 37191
22:28:25 root         INFO     Skipping 3129
22:28:25 root         INFO     Skipping 3052
22:28:25 root         INFO     Skipping 37932
22:28:25 root         INFO     Skipping 3125
22:28:25 root         INFO     Skipping 3109
22:28:25 root         INFO     Skipping 20056
22:28:25 root         INFO     Skipping 37778
22:28:25 root         INFO     Skipping 35587
22:28:25 root         INFO     Skipping 28452
22:28:25 root         INFO     Skipping 3320
22:28:25 root         INFO     Skipping 30367
22:28:25 root         INFO     Skipping 3048
22:28:25 root         INFO     Skipping 3072
22:28:25 root         INFO     Skipping 38049
22:28:25 root         INFO     Skipping 30366
22:28:25 root         INFO     Skipping 30368
22:28:25 root         INFO     Skipping 27956
22:28:25 root         INFO     Skipping 15709
22:28:25 root         INFO     Skipping 38047
22:28:25 root         INFO     Skipping 3137
22:28:25 root         INFO     Skipping 3085
22:28:25 root         INFO     Skipping 3064
22:28:25 root         INFO     Skipping 3286
22:28:25 root         INFO     Skipping 30362
22:28:25 root         INFO     Skipping 3309
22:28:25 root         INFO     Skipping 37826
22:28:25 root         INFO     Skipping 4972
22:28:25 root         INFO     Skipping 15790
22:28:25 root         INFO     Skipping 18747
22:28:25 root         INFO     Skipping 22401
22:28:25 root         INFO     Skipping 18711
22:28:25 root         INFO     Skipping 3123
22:28:25 root         INFO     Skipping 3296
22:28:25 root         INFO     Skipping 30617
22:28:25 root         INFO     Skipping 19614
22:28:25 root         INFO     Skipping 23295
22:28:25 root         INFO     Skipping 35818
22:28:25 root         INFO     Skipping 7531
22:28:25 root         INFO     Skipping 19559
22:28:25 root         INFO     Skipping 26784
22:28:25 root         INFO     Skipping 25775
22:28:25 root         INFO     Skipping 27321
22:28:25 root         INFO     Skipping 7234
22:28:25 root         INFO     Skipping 6914
22:28:25 root         INFO     Skipping 38455
22:28:25 root         INFO     Skipping 18113
22:28:25 root         INFO     Skipping 39880
22:28:25 root         INFO     Skipping 22565
22:28:25 root         INFO     Skipping 27877
22:28:25 root         INFO     Skipping 23176
22:28:25 root         INFO     Skipping 20510
22:28:25 root         INFO     Skipping 22316
22:28:25 root         INFO     Skipping 20813
22:28:25 root         INFO     Skipping 21209
22:28:25 root         INFO     Skipping 17932
22:28:25 root         INFO     Skipping 6002
22:28:25 root         INFO     Skipping 2505
22:28:25 root         INFO     Skipping 2000
22:28:25 root         INFO     Skipping 38458
22:28:25 root         INFO     Skipping 23099
22:28:25 root         INFO     Skipping 18560
22:28:25 root         INFO     Skipping 13255
22:28:25 root         INFO     Skipping 20676
22:28:25 root         INFO     Skipping 25743
22:28:25 root         INFO     Skipping 17989
22:28:25 root         INFO     Skipping 21452
22:28:25 root         INFO     Skipping 17224
22:28:25 root         INFO     Skipping 25875
22:28:25 root         INFO     Skipping 3486
22:28:25 root         INFO     Skipping 15377
22:28:25 root         INFO     Skipping 3418
22:28:25 root         INFO     Skipping 3492
22:28:25 root         INFO     Skipping 17990
22:28:25 root         INFO     Skipping 27184
22:28:25 root         INFO     Skipping 39590
22:28:25 root         INFO     Skipping 30767
22:28:25 root         INFO     Skipping 15022
22:28:25 root         INFO     Skipping 21452
22:28:25 root         INFO     Skipping 37309
22:28:25 root         INFO     Skipping 25730
22:28:25 root         INFO     Skipping 18418
22:28:25 root         INFO     Skipping 17928
22:28:25 root         INFO     Skipping 13173
22:28:25 root         INFO     Skipping 17987
22:28:25 root         INFO     Skipping 33659
22:28:25 root         INFO     Skipping 17978
22:28:25 root         INFO     Skipping 30572
22:28:25 root         INFO     Skipping 19068
22:28:25 root         INFO     Skipping 13174
22:28:25 root         INFO     Skipping 30040
22:28:25 root         INFO     Skipping 26655
22:28:25 root         INFO     Skipping 27052
22:28:25 root         INFO     Skipping 39839
22:28:25 root         INFO     Skipping 17907
22:28:25 root         INFO     Skipping 15290
22:28:25 root         INFO     Skipping 20554
22:28:25 root         INFO     Skipping 37205
22:28:25 root         INFO     Skipping 30251
22:28:25 root         INFO     Skipping 17927
22:28:25 root         INFO     Skipping 685
22:28:25 root         INFO     Skipping 39478
22:28:25 root         INFO     Skipping 27633
22:28:25 root         INFO     Skipping 12019
22:28:25 root         INFO     Skipping 40046
22:28:25 root         INFO     Skipping 35233
22:28:25 root         INFO     Skipping 9468
22:28:25 root         INFO     Skipping 37821
22:28:25 root         INFO     Skipping 70
22:28:25 root         INFO     Skipping 37739
22:28:25 root         INFO     Skipping 37823
22:28:25 root         INFO     Skipping 21491
22:28:25 root         INFO     Skipping 27650
22:28:25 root         INFO     Skipping 27631
22:28:25 root         INFO     Skipping 37691
22:28:25 root         INFO     Skipping 35553
22:28:25 root         INFO     Skipping 27607
22:28:25 root         INFO     Skipping 37716
22:28:25 root         INFO     Skipping 1372
22:28:25 root         INFO     Skipping 24043
22:28:25 root         INFO     Skipping 37723
22:28:25 root         INFO     Skipping 37726
22:28:25 root         INFO     Skipping 40295
22:28:25 root         INFO     Skipping 27624
22:28:25 root         INFO     Skipping 30992
22:28:25 root         INFO     Skipping 36700
22:28:25 root         INFO     Skipping 28257
22:28:25 root         INFO     Skipping 40062
22:28:25 root         INFO     Skipping 18446
22:28:25 root         INFO     Skipping 7297
22:28:25 root         INFO     Skipping 40029
22:28:25 root         INFO     Skipping 26400
22:28:25 root         INFO     Skipping 32390
22:28:25 root         INFO     Skipping 27892
22:28:25 root         INFO     Skipping 32448
22:28:25 root         INFO     Skipping 21069
22:28:25 root         INFO     Skipping 18444
22:28:25 root         INFO     Skipping 20486
22:28:25 root         INFO     Skipping 39616
22:28:25 root         INFO     Skipping 30846
22:28:25 root         INFO     Skipping 38046
22:28:25 root         INFO     Skipping 3915
22:28:25 root         INFO     Skipping 27121
22:28:25 root         INFO     Skipping 29991
22:28:25 root         INFO     Skipping 20338
22:28:25 root         INFO     Skipping 34974
22:28:25 root         INFO     Skipping 3135
22:28:25 root         INFO     Skipping 36219
22:28:25 root         INFO     Skipping 20208
22:28:25 root         INFO     Skipping 18519
22:28:25 root         INFO     Driver opened url https://gov.illinois.gov/newsroom/all-news.html: 0.5 second load started
22:28:26 root         ERROR    landing page getting containers html is none
22:28:27 root         INFO     Scrape errors found during run:
22:28:27 root         INFO     []
22:28:27 root         INFO     End of file message
22:28:27 root         INFO     

Load Version 2.1.0 02/04/2025
       Docs Loaded: 0
       URLS processed: 1
       DUPS skipped: 0
       No Ledes found: 0

Passed Parameters:
       Pull House and Senate: False
       Number of days back: 30
       Start Time: 2025-02-16 22:28:20
       End Time: 2025-02-16 22:28:27
       Elapsed Time: 0:00:06
       Character Minimum Amount: 100

Errors:
	Landing Page Containers HTML is None:
		30365: https://gov.illinois.gov/newsroom/all-news.html
Docs:
