07:55:42 root         INFO     Skipping 27599
07:55:42 root         INFO     Skipping 30449
07:55:42 root         INFO     Skipping 14315
07:55:42 root         INFO     Skipping 7566
07:55:42 root         INFO     Skipping 804
07:55:42 root         INFO     Skipping 12106
07:55:42 root         INFO     Skipping 8034
07:55:42 root         INFO     Skipping 7901
07:55:42 root         INFO     Skipping 20157
07:55:42 root         INFO     Skipping 6950
07:55:42 root         INFO     Skipping 15026
07:55:42 root         INFO     Skipping 19993
07:55:42 root         INFO     Skipping 21569
07:55:42 root         INFO     Skipping 23030
07:55:42 root         INFO     Skipping 206
07:55:42 root         INFO     Skipping 16046
07:55:42 root         INFO     Skipping 16140
07:55:42 root         INFO     Skipping 16037
07:55:42 root         INFO     Skipping 43
07:55:42 root         INFO     Skipping 225
07:55:42 root         INFO     Skipping 37711
07:55:42 root         INFO     Skipping 34699
07:55:42 root         INFO     Skipping 19021
07:55:42 root         INFO     Skipping 18495
07:55:42 root         INFO     Skipping 222
07:55:42 root         INFO     Skipping 5602
07:55:42 root         INFO     Skipping 16027
07:55:42 root         INFO     Skipping 21499
07:55:42 root         INFO     Skipping 2698
07:55:42 root         INFO     Skipping 27867
07:55:42 root         INFO     Skipping 24224
07:55:42 root         INFO     Skipping 21563
07:55:42 root         INFO     Skipping 24227
07:55:42 root         INFO     Skipping 17224
07:55:42 root         INFO     Skipping 219
07:55:42 root         INFO     Skipping 23814
07:55:42 root         INFO     Skipping 15376
07:55:42 root         INFO     Skipping 19286
07:55:42 root         INFO     Skipping 28048
07:55:42 root         INFO     Skipping 543
07:55:42 root         INFO     Skipping 24233
07:55:42 root         INFO     Skipping 18735
07:55:42 root         INFO     Skipping 1066
07:55:42 root         INFO     Skipping 37680
07:55:42 root         INFO     Skipping 691
07:55:42 root         INFO     Skipping 677
07:55:42 root         INFO     Skipping 20141
07:55:42 root         INFO     Skipping 36151
07:55:42 root         INFO     Skipping 20319
07:55:42 root         INFO     Skipping 12400
07:55:42 root         INFO     Skipping 127
07:55:42 root         INFO     Skipping 20792
07:55:42 root         INFO     Skipping 17104
07:55:42 root         INFO     Skipping 24344
07:55:42 root         INFO     Skipping 19546
07:55:42 root         INFO     Skipping 15565
07:55:42 root         INFO     Skipping 13359
07:55:42 root         INFO     Skipping 17922
07:55:42 root         INFO     Skipping 22481
07:55:42 root         INFO     Skipping 20138
07:55:42 root         INFO     Skipping 119
07:55:42 root         INFO     Skipping 24
07:55:42 root         INFO     Skipping 21188
07:55:42 root         INFO     Skipping 3016
07:55:42 root         INFO     Skipping 21525
07:55:42 root         INFO     Skipping 37694
07:55:42 root         INFO     Skipping 18710
07:55:42 root         INFO     Skipping 29332
07:55:42 root         INFO     Skipping 23100
07:55:42 root         INFO     Skipping 37725
07:55:42 root         INFO     Skipping 15633
07:55:42 root         INFO     Skipping 948
07:55:42 root         INFO     Skipping 30993
07:55:42 root         INFO     Skipping 22221
07:55:42 root         INFO     Skipping 22654
07:55:42 root         INFO     Skipping 35809
07:55:42 root         INFO     Skipping 35576
07:55:42 root         INFO     Skipping 37408
07:55:42 root         INFO     Skipping 7844
07:55:42 root         INFO     Skipping 169
07:55:42 root         INFO     Skipping 20
07:55:42 root         INFO     Skipping 8022
07:55:42 root         INFO     Skipping 8032
07:55:42 root         INFO     Skipping 20605
07:55:42 root         INFO     Skipping 7838
07:55:42 root         INFO     Skipping 21497
07:55:42 root         INFO     Skipping 35572
07:55:42 root         INFO     Skipping 30425
07:55:42 root         INFO     Skipping 35517
07:55:42 root         INFO     Skipping 35524
07:55:42 root         INFO     Skipping 21522
07:55:42 root         INFO     Skipping 1325
07:55:42 root         INFO     Skipping 1079
07:55:42 root         INFO     Skipping 6973
07:55:42 root         INFO     Skipping 37495
07:55:42 root         INFO     Skipping 30405
07:55:42 root         INFO     Skipping 18767
07:55:42 root         INFO     Skipping 21521
07:55:42 root         INFO     Skipping 921
07:55:42 root         INFO     Skipping 27602
07:55:42 root         INFO     Skipping 21335
07:55:42 root         INFO     Skipping 30444
07:55:42 root         INFO     Skipping 1363
07:55:42 root         INFO     Skipping 9488
07:55:42 root         INFO     Skipping 24230
07:55:42 root         INFO     Skipping 2696
07:55:42 root         INFO     Skipping 37705
07:55:42 root         INFO     Skipping 33752
07:55:42 root         INFO     Skipping 37731
07:55:42 root         INFO     Skipping 37740
07:55:42 root         INFO     Skipping 9427
07:55:42 root         INFO     Skipping 19880
07:55:42 root         INFO     Skipping 632
07:55:42 root         INFO     Skipping 135
07:55:42 root         INFO     Skipping 39007
07:55:42 root         INFO     Skipping 551
07:55:42 root         INFO     Skipping 37304
07:55:42 root         INFO     Skipping 20115
07:55:42 root         INFO     Skipping 13362
07:55:42 root         INFO     Skipping 7333
07:55:42 root         INFO     Skipping 21423
07:55:42 root         INFO     Skipping 17653
07:55:42 root         INFO     Skipping 21152
07:55:42 root         INFO     Skipping 16031
07:55:42 root         INFO     Skipping 27074
07:55:42 root         INFO     Skipping 255
07:55:42 root         INFO     Skipping 431
07:55:42 root         INFO     Skipping 19290
07:55:42 root         INFO     Skipping 33954
07:55:42 root         INFO     Skipping 22921
07:55:42 root         INFO     Skipping 26556
07:55:42 root         INFO     Skipping 167
07:55:42 root         INFO     Skipping 15884
07:55:42 root         INFO     Skipping 30382
07:55:42 root         INFO     Skipping 30450
07:55:42 root         INFO     Skipping 27626
07:55:42 root         INFO     Skipping 37748
07:55:42 root         INFO     Skipping 715
07:55:42 root         INFO     Skipping 18734
07:55:42 root         INFO     Skipping 9485
07:55:42 root         INFO     Skipping 24231
07:55:42 root         INFO     Skipping 6221
07:55:42 root         INFO     Skipping 15392
07:55:42 root         INFO     Skipping 14466
07:55:42 root         INFO     Skipping 15025
07:55:42 root         INFO     Skipping 19760
07:55:42 root         INFO     Skipping 37095
07:55:42 root         INFO     Skipping 122
07:55:42 root         INFO     Skipping 113
07:55:42 root         INFO     Skipping 13863
07:55:42 root         INFO     Skipping 7355
07:55:42 root         INFO     Skipping 8042
07:55:42 root         INFO     Skipping 23802
07:55:42 root         INFO     Skipping 282
07:55:42 root         INFO     Skipping 7316
07:55:42 root         INFO     Skipping 16040
07:55:42 root         INFO     Skipping 7922
07:55:42 root         INFO     Skipping 16041
07:55:42 root         INFO     Skipping 28101
07:55:42 root         INFO     Skipping 3410
07:55:42 root         INFO     Skipping 7121
07:55:42 root         INFO     Skipping 17116
07:55:42 root         INFO     Skipping 20034
07:55:42 root         INFO     Skipping 6918
07:55:42 root         INFO     Skipping 22037
07:55:42 root         INFO     Skipping 14373
07:55:42 root         INFO     Skipping 13794
07:55:42 root         INFO     Skipping 13964
07:55:42 root         INFO     Skipping 6930
07:55:42 root         INFO     Skipping 19978
07:55:42 root         INFO     Skipping 14069
07:55:42 root         INFO     Skipping 14111
07:55:42 root         INFO     Skipping 6931
07:55:42 root         INFO     Skipping 14021
07:55:42 root         INFO     Skipping 37180
07:55:42 root         INFO     Skipping 35130
07:55:42 root         INFO     Skipping 19684
07:55:42 root         INFO     Skipping 28292
07:55:42 root         INFO     Skipping 30335
07:55:42 root         INFO     Skipping 14867
07:55:42 root         INFO     Skipping 23669
07:55:42 root         INFO     Skipping 6793
07:55:42 root         INFO     Skipping 15440
07:55:42 root         INFO     Skipping 23588
07:55:42 root         INFO     Skipping 10156
07:55:42 root         INFO     Skipping 30046
07:55:42 root         INFO     Skipping 39476
07:55:42 root         INFO     Skipping 37727
07:55:42 root         INFO     Skipping 33096
07:55:42 root         INFO     Skipping 32423
07:55:42 root         INFO     Skipping 30658
07:55:42 root         INFO     Skipping 18394
07:55:42 root         INFO     Skipping 19870
07:55:42 root         INFO     Skipping 15962
07:55:42 root         INFO     Skipping 702
07:55:42 root         INFO     Skipping 39478
07:55:42 root         INFO     Skipping 30435
07:55:42 root         INFO     Skipping 9445
07:55:42 root         INFO     Skipping 24173
07:55:42 root         INFO     Skipping 35554
07:55:42 root         INFO     Skipping 18733
07:55:42 root         INFO     Skipping 3962
07:55:42 root         INFO     Skipping 26659
07:55:42 root         INFO     Skipping 32135
07:55:42 root         INFO     Skipping 27843
07:55:42 root         INFO     Skipping 17658
07:55:42 root         INFO     Skipping 27186
07:55:42 root         INFO     Skipping 6922
07:55:42 root         INFO     Skipping 7317
07:55:42 root         INFO     Skipping 37607
07:55:42 root         INFO     Skipping 19748
07:55:42 root         INFO     Skipping 14979
07:55:42 root         INFO     Skipping 28256
07:55:42 root         INFO     Skipping 15000
07:55:42 root         INFO     Skipping 15725
07:55:42 root         INFO     Skipping 21561
07:55:42 root         INFO     Skipping 23098
07:55:42 root         INFO     Skipping 24231
07:55:42 root         INFO     Skipping 30469
07:55:42 root         INFO     Skipping 37819
07:55:42 root         INFO     Skipping 27605
07:55:42 root         INFO     Skipping 24799
07:55:42 root         INFO     Skipping 35571
07:55:42 root         INFO     Skipping 18750
07:55:42 root         INFO     Skipping 21564
07:55:42 root         INFO     Skipping 695
07:55:42 root         INFO     Skipping 619
07:55:42 root         INFO     Skipping 21566
07:55:42 root         INFO     Skipping 18746
07:55:42 root         INFO     Skipping 30470
07:55:42 root         INFO     Skipping 37747
07:55:42 root         INFO     Skipping 35726
07:55:42 root         INFO     Skipping 35708
07:55:42 root         INFO     Skipping 35705
07:55:42 root         INFO     Skipping 35727
07:55:42 root         INFO     Skipping 37743
07:55:42 root         INFO     Skipping 24229
07:55:42 root         INFO     Skipping 37748
07:55:42 root         INFO     Skipping 19879
07:55:42 root         INFO     Skipping 717
07:55:42 root         INFO     Skipping 35728
07:55:42 root         INFO     Skipping 37820
07:55:42 root         INFO     Skipping 30473
07:55:42 root         INFO     Skipping 37744
07:55:42 root         INFO     Skipping 28313
07:55:42 root         INFO     Skipping 37749
07:55:42 root         INFO     Skipping 15948
07:55:42 root         INFO     Skipping 35707
07:55:42 root         INFO     Skipping 35706
07:55:42 root         INFO     Skipping 35704
07:55:42 root         INFO     Skipping 18740
07:55:42 root         INFO     Skipping 18736
07:55:42 root         INFO     Skipping 183
07:55:42 root         INFO     Skipping 7887
07:55:42 root         INFO     Skipping 15551
07:55:42 root         INFO     Skipping 35562
07:55:42 root         INFO     Skipping 9423
07:55:42 root         INFO     Skipping 1519
07:55:42 root         INFO     Skipping 35489
07:55:42 root         INFO     Skipping 20880
07:55:42 root         INFO     Skipping 37235
07:55:42 root         INFO     Skipping 15882
07:55:42 root         INFO     Skipping 1169
07:55:42 root         INFO     Skipping 9463
07:55:42 root         INFO     Skipping 37685
07:55:42 root         INFO     Skipping 809
07:55:42 root         INFO     Skipping 9421
07:55:42 root         INFO     Skipping 30397
07:55:42 root         INFO     Skipping 37735
07:55:42 root         INFO     Skipping 30394
07:55:42 root         INFO     Skipping 30448
07:55:42 root         INFO     Skipping 27614
07:55:42 root         INFO     Skipping 35527
07:55:42 root         INFO     Skipping 37416
07:55:42 root         INFO     Skipping 37709
07:55:42 root         INFO     Skipping 27649
07:55:42 root         INFO     Skipping 35546
07:55:42 root         INFO     Skipping 1098
07:55:42 root         INFO     Skipping 21488
07:55:42 root         INFO     Skipping 37674
07:55:42 root         INFO     Skipping 37706
07:55:42 root         INFO     Skipping 37713
07:55:42 root         INFO     Skipping 918
07:55:42 root         INFO     Skipping 24210
07:55:42 root         INFO     Skipping 37728
07:55:42 root         INFO     Skipping 35555
07:55:42 root         INFO     Skipping 35556
07:55:42 root         INFO     Skipping 892
07:55:42 root         INFO     Skipping 38045
07:55:42 root         INFO     Skipping 829
07:55:42 root         INFO     Skipping 30468
07:55:42 root         INFO     Skipping 24186
07:55:42 root         INFO     Skipping 24194
07:55:42 root         INFO     Skipping 37693
07:55:42 root         INFO     Skipping 30429
07:55:42 root         INFO     Skipping 1249
07:55:42 root         INFO     Skipping 30434
07:55:42 root         INFO     Skipping 24199
07:55:42 root         INFO     Skipping 37688
07:55:42 root         INFO     Skipping 23853
07:55:42 root         INFO     Skipping 30456
07:55:42 root         INFO     Skipping 1036
07:55:42 root         INFO     Skipping 30436
07:55:42 root         INFO     Skipping 37690
07:55:42 root         INFO     Skipping 36428
07:55:42 root         INFO     Skipping 37721
07:55:42 root         INFO     Skipping 27646
07:55:42 root         INFO     Skipping 24187
07:55:42 root         INFO     Skipping 35551
07:55:42 root         INFO     Skipping 925
07:55:42 root         INFO     Skipping 21570
07:55:42 root         INFO     Skipping 21536
07:55:42 root         INFO     Skipping 604
07:55:42 root         INFO     Skipping 21562
07:55:42 root         INFO     Skipping 21572
07:55:42 root         INFO     Skipping 17884
07:55:42 root         INFO     Skipping 235
07:55:42 root         INFO     Skipping 2909
07:55:42 root         INFO     Skipping 21487
07:55:42 root         INFO     Skipping 27644
07:55:42 root         INFO     Skipping 37722
07:55:42 root         INFO     Skipping 24175
07:55:42 root         INFO     Skipping 27637
07:55:42 root         INFO     Skipping 9424
07:55:42 root         INFO     Skipping 24181
07:55:42 root         INFO     Skipping 37676
07:55:42 root         INFO     Skipping 15912
07:55:42 root         INFO     Skipping 1004
07:55:42 root         INFO     Skipping 15922
07:55:42 root         INFO     Skipping 21523
07:55:42 root         INFO     Skipping 14489
07:55:42 root         INFO     Skipping 18756
07:55:42 root         INFO     Skipping 23549
07:55:42 root         INFO     Skipping 30414
07:55:42 root         INFO     Skipping 2505
07:55:42 root         INFO     Skipping 28735
07:55:42 root         INFO     Skipping 599
07:55:42 root         INFO     Skipping 24124
07:55:42 root         INFO     Skipping 24218
07:55:42 root         INFO     Skipping 19874
07:55:42 root         INFO     Skipping 2175
07:55:42 root         INFO     Skipping 21467
07:55:42 root         INFO     Skipping 30525
07:55:42 root         INFO     Skipping 24176
07:55:42 root         INFO     Skipping 15949
07:55:42 root         INFO     Skipping 27630
07:55:42 root         INFO     Skipping 27632
07:55:42 root         INFO     Skipping 606
07:55:42 root         INFO     Skipping 27629
07:55:42 root         INFO     Skipping 24228
07:55:42 root         INFO     Skipping 562
07:55:42 root         INFO     Skipping 21633
07:55:42 root         INFO     Skipping 24225
07:55:42 root         INFO     Skipping 18725
07:55:42 root         INFO     Skipping 21567
07:55:42 root         INFO     Skipping 27628
07:55:42 root         INFO     Skipping 12921
07:55:42 root         INFO     Skipping 47
07:55:42 root         INFO     Skipping 8101
07:55:42 root         INFO     Skipping 27936
07:55:42 root         INFO     Skipping 23089
07:55:42 root         INFO     Skipping 15911
07:55:42 root         INFO     Skipping 30472
07:55:42 root         INFO     Skipping 35703
07:55:42 root         INFO     Skipping 30475
07:55:42 root         INFO     Skipping 18739
07:55:42 root         INFO     Skipping 30378
07:55:42 root         INFO     Skipping 21
07:55:42 root         INFO     Skipping 32904
07:55:42 root         INFO     Skipping 24169
07:55:42 root         INFO     Skipping 27616
07:55:42 root         INFO     Skipping 546
07:55:42 root         INFO     Skipping 125
07:55:42 root         INFO     Skipping 432
07:55:42 root         INFO     Skipping 23572
07:55:42 root         INFO     Skipping 1
07:55:42 root         INFO     Skipping 10
07:55:42 root         INFO     Skipping 72
07:55:42 root         INFO     Skipping 106
07:55:42 root         INFO     Skipping 804
07:55:42 root         INFO     Skipping 697
07:55:42 root         INFO     Skipping 166
07:55:42 root         INFO     Skipping 37667
07:55:42 root         INFO     Skipping 24234
07:55:42 root         INFO     Skipping 34781
07:55:42 root         INFO     Skipping 44
07:55:42 root         INFO     Skipping 2434
07:55:42 root         INFO     Skipping 7307
07:55:42 root         INFO     Skipping 7280
07:55:42 root         INFO     Skipping 14197
07:55:42 root         INFO     Skipping 6929
07:55:42 root         INFO     Skipping 24223
07:55:42 root         INFO     Skipping 30412
07:55:42 root         INFO     Skipping 21230
07:55:42 root         INFO     Skipping 7124
07:55:42 root         INFO     Skipping 7516
07:55:42 root         INFO     Skipping 9231
07:55:42 root         INFO     Skipping 13222
07:55:42 root         INFO     Skipping 24928
07:55:42 root         INFO     Skipping 14466
07:55:42 root         INFO     Skipping 19685
07:55:42 root         INFO     Skipping 14008
07:55:42 root         INFO     Skipping 20480
07:55:42 root         INFO     Skipping 7126
07:55:42 root         INFO     Skipping 15792
07:55:42 root         INFO     Skipping 27571
07:55:42 root         INFO     Skipping 19109
07:55:42 root         INFO     Skipping 14066
07:55:42 root         INFO     Skipping 7103
07:55:42 root         INFO     Skipping 13479
07:55:42 root         INFO     Skipping 13475
07:55:42 root         INFO     Skipping 24237
07:55:42 root         INFO     Skipping 28365
07:55:42 root         INFO     Skipping 7118
07:55:42 root         INFO     Skipping 19909
07:55:42 root         INFO     Skipping 13664
07:55:42 root         INFO     Skipping 13467
07:55:42 root         INFO     Skipping 18743
07:55:42 root         INFO     Skipping 19881
07:55:42 root         INFO     Skipping 6970
07:55:42 root         INFO     Skipping 7286
07:55:42 root         INFO     Skipping 14047
07:55:42 root         INFO     Skipping 35569
07:55:42 root         INFO     Skipping 37741
07:55:42 root         INFO     Skipping 37697
07:55:42 root         INFO     Skipping 1453
07:55:42 root         INFO     Skipping 18818
07:55:42 root         INFO     Skipping 37745
07:55:42 root         INFO     Skipping 18836
07:55:42 root         INFO     Skipping 37441
07:55:42 root         INFO     Skipping 24207
07:55:42 root         INFO     Skipping 1483
07:55:42 root         INFO     Skipping 30395
07:55:42 root         INFO     Skipping 30432
07:55:42 root         INFO     Skipping 36969
07:55:42 root         INFO     Skipping 21533
07:55:42 root         INFO     Skipping 1352
07:55:42 root         INFO     Skipping 30390
07:55:42 root         INFO     Skipping 1149
07:55:42 root         INFO     Skipping 24202
07:55:42 root         INFO     Skipping 30389
07:55:42 root         INFO     Skipping 15891
07:55:42 root         INFO     Skipping 14488
07:55:42 root         INFO     Skipping 30528
07:55:42 root         INFO     Skipping 27597
07:55:42 root         INFO     Skipping 37737
07:55:42 root         INFO     Skipping 1557
07:55:42 root         INFO     Skipping 27609
07:55:42 root         INFO     Skipping 900
07:55:42 root         INFO     Skipping 21527
07:55:42 root         INFO     Skipping 1479
07:55:42 root         INFO     Skipping 30387
07:55:42 root         INFO     Skipping 980
07:55:42 root         INFO     Skipping 37703
07:55:42 root         INFO     Skipping 15304
07:55:42 root         INFO     Skipping 128
07:55:42 root         INFO     Skipping 14781
07:55:42 root         INFO     Skipping 15528
07:55:42 root         INFO     Skipping 25120
07:55:42 root         INFO     Skipping 33803
07:55:42 root         INFO     Skipping 20476
07:55:42 root         INFO     Skipping 27502
07:55:42 root         INFO     Skipping 13456
07:55:42 root         INFO     Skipping 27390
07:55:42 root         INFO     Skipping 15813
07:55:42 root         INFO     Skipping 7320
07:55:42 root         INFO     Skipping 20668
07:55:42 root         INFO     Skipping 38937
07:55:42 root         INFO     Skipping 37417
07:55:42 root         INFO     Skipping 13038
07:55:42 root         INFO     Skipping 6932
07:55:42 root         INFO     Skipping 14978
07:55:42 root         INFO     Skipping 17045
07:55:42 root         INFO     Skipping 22385
07:55:42 root         INFO     Skipping 7853
07:55:42 root         INFO     Skipping 14026
07:55:42 root         INFO     Skipping 14923
07:55:42 root         INFO     Skipping 7288
07:55:42 root         INFO     Skipping 7538
07:55:42 root         INFO     Skipping 13451
07:55:42 root         INFO     Skipping 25009
07:55:42 root         INFO     Skipping 9452
07:55:42 root         INFO     Skipping 20118
07:55:42 root         INFO     Skipping 20475
07:55:42 root         INFO     Skipping 14602
07:55:42 root         INFO     Skipping 7291
07:55:42 root         INFO     Skipping 13457
07:55:42 root         INFO     Skipping 7345
07:55:42 root         INFO     Skipping 35752
07:55:42 root         INFO     Skipping 31489
07:55:42 root         INFO     Skipping 15674
07:55:42 root         INFO     Skipping 31189
07:55:42 root         INFO     Skipping 21
07:55:42 root         INFO     Skipping 247
07:55:42 root         INFO     Skipping 20084
07:55:42 root         INFO     Skipping 16020
07:55:42 root         INFO     Skipping 2009
07:55:42 root         INFO     Skipping 1773
07:55:42 root         INFO     Skipping 7337
07:55:42 root         INFO     Skipping 14910
07:55:42 root         INFO     Skipping 7339
07:55:42 root         INFO     Skipping 24976
07:55:42 root         INFO     Skipping 30360
07:55:42 root         INFO     Skipping 24315
07:55:42 root         INFO     Skipping 30361
07:55:42 root         INFO     Skipping 30358
07:55:42 root         INFO     Skipping 37191
07:55:42 root         INFO     Skipping 3129
07:55:42 root         INFO     Skipping 3052
07:55:42 root         INFO     Skipping 37932
07:55:42 root         INFO     Skipping 3125
07:55:42 root         INFO     Skipping 3109
07:55:42 root         INFO     Skipping 20056
07:55:42 root         INFO     Skipping 37778
07:55:42 root         INFO     Skipping 35587
07:55:42 root         INFO     Skipping 28452
07:55:42 root         INFO     Skipping 3320
07:55:42 root         INFO     Skipping 30367
07:55:42 root         INFO     Skipping 3048
07:55:42 root         INFO     Skipping 27750
07:55:42 root         INFO     Skipping 3072
07:55:42 root         INFO     Skipping 38049
07:55:42 root         INFO     Skipping 30366
07:55:42 root         INFO     Skipping 30368
07:55:42 root         INFO     Skipping 27956
07:55:42 root         INFO     Skipping 15709
07:55:42 root         INFO     Skipping 38047
07:55:42 root         INFO     Skipping 3137
07:55:42 root         INFO     Skipping 3085
07:55:42 root         INFO     Skipping 2042
07:55:42 root         INFO     Skipping 30374
07:55:42 root         INFO     Skipping 3064
07:55:42 root         INFO     Skipping 3286
07:55:42 root         INFO     Skipping 30362
07:55:42 root         INFO     Skipping 3309
07:55:42 root         INFO     Skipping 37826
07:55:42 root         INFO     Skipping 4972
07:55:42 root         INFO     Skipping 15790
07:55:42 root         INFO     Skipping 18747
07:55:42 root         INFO     Skipping 22401
07:55:42 root         INFO     Skipping 18711
07:55:43 root         INFO     Driver opened url https://www.doj.nh.gov/resources/press-releases: 0.5 second load started
07:55:43 root         ERROR    Date Extraction failed: 
date: 
                                        
                   /01/16, 2025
                  
07:55:43 root         ERROR    Date Extraction failed: 
date: 
                                        
                   /01/15, 2025
                  
07:55:43 root         ERROR    Date Extraction failed: 
date: 
                                        
                   /01/14, 2025
                  
07:55:43 root         ERROR    Date Extraction failed: 
date: 
                                        
                   /01/13, 2025
                  
07:55:43 root         ERROR    Date Extraction failed: 
date: 
                                        
                   /01/10, 2025
                  
07:55:43 root         ERROR    Date Extraction failed: 
date: 
                                        
                   /01/08, 2025
                  
07:55:44 root         INFO     Scrape errors found during run:
07:55:44 root         INFO     []
07:55:44 root         INFO     End of file message
07:55:44 root         INFO     

Load Version 2.0.1 01/17/2025
       Docs Loaded: 0
       URLS processed: 1
       DUPS skipped: 0
       No Ledes found: 0

Passed Parameters:
       Pull House and Senate: False
       Number of days back: 60
       Start Time: 2025-01-18 07:55:36
       End Time: 2025-01-18 07:55:44
       Elapsed Time: 0:00:08
       Character Minimum Amount: 100

Errors:
	Date Found NoneType:
		Date is None: 3123
		Date is None: 3123
		Date is None: 3123
		Date is None: 3123
		Date is None: 3123
		Date is None: 3123
Docs:
