15:00:16 root         INFO     Skipping 27599
15:00:16 root         INFO     Skipping 30449
15:00:16 root         INFO     Skipping 14315
15:00:16 root         INFO     Skipping 7566
15:00:16 root         INFO     Skipping 804
15:00:16 root         INFO     Skipping 12106
15:00:16 root         INFO     Skipping 8034
15:00:16 root         INFO     Skipping 7901
15:00:16 root         INFO     Skipping 20157
15:00:16 root         INFO     Skipping 6950
15:00:16 root         INFO     Skipping 15026
15:00:16 root         INFO     Skipping 19993
15:00:16 root         INFO     Skipping 21569
15:00:16 root         INFO     Skipping 23030
15:00:16 root         INFO     Skipping 206
15:00:16 root         INFO     Skipping 16046
15:00:16 root         INFO     Skipping 16140
15:00:16 root         INFO     Skipping 16037
15:00:16 root         INFO     Skipping 43
15:00:16 root         INFO     Skipping 225
15:00:16 root         INFO     Skipping 37711
15:00:16 root         INFO     Skipping 34699
15:00:16 root         INFO     Skipping 19021
15:00:16 root         INFO     Skipping 18495
15:00:16 root         INFO     Skipping 222
15:00:16 root         INFO     Skipping 5602
15:00:16 root         INFO     Skipping 16027
15:00:16 root         INFO     Skipping 21499
15:00:16 root         INFO     Skipping 2698
15:00:16 root         INFO     Skipping 27867
15:00:16 root         INFO     Skipping 24224
15:00:16 root         INFO     Skipping 21563
15:00:16 root         INFO     Skipping 24227
15:00:16 root         INFO     Skipping 17224
15:00:16 root         INFO     Skipping 219
15:00:16 root         INFO     Skipping 23814
15:00:16 root         INFO     Skipping 15376
15:00:16 root         INFO     Skipping 19286
15:00:16 root         INFO     Skipping 28048
15:00:16 root         INFO     Skipping 543
15:00:16 root         INFO     Skipping 24233
15:00:16 root         INFO     Skipping 18735
15:00:16 root         INFO     Skipping 1066
15:00:16 root         INFO     Skipping 37680
15:00:16 root         INFO     Skipping 691
15:00:16 root         INFO     Skipping 677
15:00:16 root         INFO     Skipping 20141
15:00:16 root         INFO     Skipping 36151
15:00:16 root         INFO     Skipping 20319
15:00:16 root         INFO     Skipping 12400
15:00:16 root         INFO     Skipping 127
15:00:16 root         INFO     Skipping 20792
15:00:16 root         INFO     Skipping 17104
15:00:16 root         INFO     Skipping 24344
15:00:16 root         INFO     Skipping 19546
15:00:16 root         INFO     Skipping 15565
15:00:16 root         INFO     Skipping 13359
15:00:16 root         INFO     Skipping 17922
15:00:16 root         INFO     Skipping 22481
15:00:16 root         INFO     Skipping 20138
15:00:16 root         INFO     Skipping 119
15:00:16 root         INFO     Skipping 24
15:00:16 root         INFO     Skipping 21188
15:00:16 root         INFO     Skipping 3016
15:00:16 root         INFO     Skipping 21525
15:00:16 root         INFO     Skipping 37694
15:00:16 root         INFO     Skipping 18710
15:00:16 root         INFO     Skipping 29332
15:00:16 root         INFO     Skipping 23100
15:00:16 root         INFO     Skipping 37725
15:00:16 root         INFO     Skipping 15633
15:00:16 root         INFO     Skipping 948
15:00:16 root         INFO     Skipping 30993
15:00:16 root         INFO     Skipping 22221
15:00:16 root         INFO     Skipping 22654
15:00:16 root         INFO     Skipping 35809
15:00:16 root         INFO     Skipping 35576
15:00:16 root         INFO     Skipping 37408
15:00:16 root         INFO     Skipping 7844
15:00:16 root         INFO     Skipping 169
15:00:16 root         INFO     Skipping 20
15:00:16 root         INFO     Skipping 8022
15:00:16 root         INFO     Skipping 8032
15:00:16 root         INFO     Skipping 20605
15:00:16 root         INFO     Skipping 7838
15:00:16 root         INFO     Skipping 21497
15:00:16 root         INFO     Skipping 35572
15:00:16 root         INFO     Skipping 30425
15:00:16 root         INFO     Skipping 35517
15:00:16 root         INFO     Skipping 35524
15:00:16 root         INFO     Skipping 21522
15:00:16 root         INFO     Skipping 1325
15:00:16 root         INFO     Skipping 1079
15:00:16 root         INFO     Skipping 6973
15:00:16 root         INFO     Skipping 37495
15:00:16 root         INFO     Skipping 30405
15:00:16 root         INFO     Skipping 18767
15:00:16 root         INFO     Skipping 21521
15:00:16 root         INFO     Skipping 921
15:00:16 root         INFO     Skipping 27602
15:00:16 root         INFO     Skipping 21335
15:00:16 root         INFO     Skipping 30444
15:00:16 root         INFO     Skipping 1363
15:00:16 root         INFO     Skipping 9488
15:00:16 root         INFO     Skipping 24230
15:00:16 root         INFO     Skipping 2696
15:00:16 root         INFO     Skipping 37705
15:00:16 root         INFO     Skipping 33752
15:00:16 root         INFO     Skipping 37731
15:00:16 root         INFO     Skipping 37740
15:00:16 root         INFO     Skipping 9427
15:00:16 root         INFO     Skipping 19880
15:00:16 root         INFO     Skipping 632
15:00:16 root         INFO     Skipping 135
15:00:16 root         INFO     Skipping 39007
15:00:16 root         INFO     Skipping 551
15:00:16 root         INFO     Skipping 37304
15:00:16 root         INFO     Skipping 20115
15:00:16 root         INFO     Skipping 13362
15:00:16 root         INFO     Skipping 7333
15:00:16 root         INFO     Skipping 21423
15:00:16 root         INFO     Skipping 17653
15:00:16 root         INFO     Skipping 21152
15:00:16 root         INFO     Skipping 16031
15:00:16 root         INFO     Skipping 27074
15:00:16 root         INFO     Skipping 255
15:00:16 root         INFO     Skipping 431
15:00:16 root         INFO     Skipping 19290
15:00:16 root         INFO     Skipping 33954
15:00:16 root         INFO     Skipping 22921
15:00:16 root         INFO     Skipping 26556
15:00:16 root         INFO     Skipping 167
15:00:16 root         INFO     Skipping 15884
15:00:16 root         INFO     Skipping 30382
15:00:16 root         INFO     Skipping 30450
15:00:16 root         INFO     Skipping 27626
15:00:16 root         INFO     Skipping 37748
15:00:16 root         INFO     Skipping 715
15:00:16 root         INFO     Skipping 18734
15:00:16 root         INFO     Skipping 9485
15:00:16 root         INFO     Skipping 24231
15:00:16 root         INFO     Skipping 6221
15:00:16 root         INFO     Skipping 15392
15:00:16 root         INFO     Skipping 14466
15:00:16 root         INFO     Skipping 15025
15:00:16 root         INFO     Skipping 19760
15:00:16 root         INFO     Skipping 37095
15:00:16 root         INFO     Skipping 122
15:00:16 root         INFO     Skipping 113
15:00:16 root         INFO     Skipping 13863
15:00:16 root         INFO     Skipping 7355
15:00:16 root         INFO     Skipping 8042
15:00:16 root         INFO     Skipping 23802
15:00:16 root         INFO     Skipping 282
15:00:16 root         INFO     Skipping 7316
15:00:16 root         INFO     Skipping 16040
15:00:16 root         INFO     Skipping 7922
15:00:16 root         INFO     Skipping 16041
15:00:16 root         INFO     Skipping 28101
15:00:16 root         INFO     Skipping 3410
15:00:16 root         INFO     Skipping 7121
15:00:16 root         INFO     Skipping 17116
15:00:16 root         INFO     Skipping 20034
15:00:16 root         INFO     Skipping 6918
15:00:16 root         INFO     Skipping 22037
15:00:16 root         INFO     Skipping 14373
15:00:16 root         INFO     Skipping 13794
15:00:16 root         INFO     Skipping 13964
15:00:16 root         INFO     Skipping 6930
15:00:16 root         INFO     Skipping 19978
15:00:16 root         INFO     Skipping 14069
15:00:16 root         INFO     Skipping 14111
15:00:16 root         INFO     Skipping 6931
15:00:16 root         INFO     Skipping 14021
15:00:16 root         INFO     Skipping 37180
15:00:16 root         INFO     Skipping 35130
15:00:16 root         INFO     Skipping 19684
15:00:16 root         INFO     Skipping 28292
15:00:16 root         INFO     Skipping 30335
15:00:16 root         INFO     Skipping 14867
15:00:16 root         INFO     Skipping 23669
15:00:16 root         INFO     Skipping 6793
15:00:16 root         INFO     Skipping 15440
15:00:16 root         INFO     Skipping 23588
15:00:16 root         INFO     Skipping 10156
15:00:16 root         INFO     Skipping 30046
15:00:16 root         INFO     Skipping 39476
15:00:16 root         INFO     Skipping 37727
15:00:16 root         INFO     Skipping 33096
15:00:16 root         INFO     Skipping 32423
15:00:16 root         INFO     Skipping 30658
15:00:16 root         INFO     Skipping 18394
15:00:16 root         INFO     Skipping 19870
15:00:16 root         INFO     Skipping 15962
15:00:16 root         INFO     Skipping 702
15:00:16 root         INFO     Skipping 39478
15:00:16 root         INFO     Skipping 30435
15:00:16 root         INFO     Skipping 9445
15:00:16 root         INFO     Skipping 24173
15:00:16 root         INFO     Skipping 35554
15:00:16 root         INFO     Skipping 18733
15:00:16 root         INFO     Skipping 3962
15:00:16 root         INFO     Skipping 26659
15:00:16 root         INFO     Skipping 32135
15:00:16 root         INFO     Skipping 27843
15:00:16 root         INFO     Skipping 17658
15:00:16 root         INFO     Skipping 27186
15:00:16 root         INFO     Skipping 6922
15:00:16 root         INFO     Skipping 7317
15:00:16 root         INFO     Skipping 37607
15:00:16 root         INFO     Skipping 19748
15:00:16 root         INFO     Skipping 14979
15:00:16 root         INFO     Skipping 28256
15:00:16 root         INFO     Skipping 15000
15:00:16 root         INFO     Skipping 15725
15:00:16 root         INFO     Skipping 21561
15:00:16 root         INFO     Skipping 23098
15:00:16 root         INFO     Skipping 24231
15:00:16 root         INFO     Skipping 30469
15:00:16 root         INFO     Skipping 37819
15:00:16 root         INFO     Skipping 27605
15:00:16 root         INFO     Skipping 24799
15:00:16 root         INFO     Skipping 35571
15:00:16 root         INFO     Skipping 18750
15:00:16 root         INFO     Skipping 21564
15:00:16 root         INFO     Skipping 695
15:00:16 root         INFO     Skipping 619
15:00:16 root         INFO     Skipping 21566
15:00:16 root         INFO     Skipping 18746
15:00:16 root         INFO     Skipping 30470
15:00:16 root         INFO     Skipping 37747
15:00:16 root         INFO     Skipping 35726
15:00:16 root         INFO     Skipping 35708
15:00:16 root         INFO     Skipping 35705
15:00:16 root         INFO     Skipping 35727
15:00:16 root         INFO     Skipping 37743
15:00:16 root         INFO     Skipping 24229
15:00:16 root         INFO     Skipping 37748
15:00:16 root         INFO     Skipping 19879
15:00:16 root         INFO     Skipping 717
15:00:16 root         INFO     Skipping 35728
15:00:16 root         INFO     Skipping 37820
15:00:16 root         INFO     Skipping 30473
15:00:16 root         INFO     Skipping 37744
15:00:16 root         INFO     Skipping 28313
15:00:16 root         INFO     Skipping 37749
15:00:16 root         INFO     Skipping 15948
15:00:16 root         INFO     Skipping 35707
15:00:16 root         INFO     Skipping 35706
15:00:16 root         INFO     Skipping 35704
15:00:16 root         INFO     Skipping 18740
15:00:16 root         INFO     Skipping 18736
15:00:16 root         INFO     Skipping 183
15:00:16 root         INFO     Skipping 7887
15:00:16 root         INFO     Skipping 15551
15:00:16 root         INFO     Skipping 35562
15:00:16 root         INFO     Skipping 9423
15:00:16 root         INFO     Skipping 1519
15:00:16 root         INFO     Skipping 35489
15:00:16 root         INFO     Skipping 20880
15:00:16 root         INFO     Skipping 37235
15:00:16 root         INFO     Skipping 15882
15:00:16 root         INFO     Skipping 1169
15:00:16 root         INFO     Skipping 9463
15:00:16 root         INFO     Skipping 37685
15:00:16 root         INFO     Skipping 809
15:00:16 root         INFO     Skipping 9421
15:00:16 root         INFO     Skipping 30397
15:00:16 root         INFO     Skipping 37735
15:00:16 root         INFO     Skipping 30394
15:00:16 root         INFO     Skipping 30448
15:00:16 root         INFO     Skipping 27614
15:00:16 root         INFO     Skipping 35527
15:00:16 root         INFO     Skipping 37416
15:00:16 root         INFO     Skipping 37709
15:00:16 root         INFO     Skipping 27649
15:00:16 root         INFO     Skipping 35546
15:00:16 root         INFO     Skipping 1098
15:00:16 root         INFO     Skipping 21488
15:00:16 root         INFO     Skipping 37674
15:00:16 root         INFO     Skipping 37706
15:00:16 root         INFO     Skipping 37713
15:00:16 root         INFO     Skipping 918
15:00:16 root         INFO     Skipping 24210
15:00:16 root         INFO     Skipping 37728
15:00:16 root         INFO     Skipping 35555
15:00:16 root         INFO     Skipping 35556
15:00:16 root         INFO     Skipping 892
15:00:16 root         INFO     Skipping 38045
15:00:16 root         INFO     Skipping 829
15:00:16 root         INFO     Skipping 30468
15:00:16 root         INFO     Skipping 24186
15:00:16 root         INFO     Skipping 24194
15:00:16 root         INFO     Skipping 37693
15:00:16 root         INFO     Skipping 30429
15:00:16 root         INFO     Skipping 1249
15:00:16 root         INFO     Skipping 30434
15:00:16 root         INFO     Skipping 24199
15:00:16 root         INFO     Skipping 37688
15:00:16 root         INFO     Skipping 23853
15:00:16 root         INFO     Skipping 30456
15:00:16 root         INFO     Skipping 1036
15:00:16 root         INFO     Skipping 30436
15:00:16 root         INFO     Skipping 37690
15:00:16 root         INFO     Skipping 36428
15:00:16 root         INFO     Skipping 37721
15:00:16 root         INFO     Skipping 27646
15:00:16 root         INFO     Skipping 24187
15:00:16 root         INFO     Skipping 35551
15:00:16 root         INFO     Skipping 925
15:00:16 root         INFO     Skipping 21570
15:00:16 root         INFO     Skipping 21536
15:00:16 root         INFO     Skipping 604
15:00:16 root         INFO     Skipping 21562
15:00:16 root         INFO     Skipping 21572
15:00:16 root         INFO     Skipping 17884
15:00:16 root         INFO     Skipping 235
15:00:16 root         INFO     Skipping 2909
15:00:16 root         INFO     Skipping 21487
15:00:16 root         INFO     Skipping 27644
15:00:16 root         INFO     Skipping 37722
15:00:16 root         INFO     Skipping 24175
15:00:16 root         INFO     Skipping 27637
15:00:16 root         INFO     Skipping 9424
15:00:16 root         INFO     Skipping 24181
15:00:16 root         INFO     Skipping 37676
15:00:16 root         INFO     Skipping 15912
15:00:16 root         INFO     Skipping 1004
15:00:16 root         INFO     Skipping 15922
15:00:16 root         INFO     Skipping 21523
15:00:16 root         INFO     Skipping 14489
15:00:16 root         INFO     Skipping 18756
15:00:16 root         INFO     Skipping 23549
15:00:16 root         INFO     Skipping 30414
15:00:16 root         INFO     Skipping 2505
15:00:16 root         INFO     Skipping 28735
15:00:16 root         INFO     Skipping 599
15:00:16 root         INFO     Skipping 24124
15:00:16 root         INFO     Skipping 24218
15:00:16 root         INFO     Skipping 19874
15:00:16 root         INFO     Skipping 2175
15:00:16 root         INFO     Skipping 21467
15:00:16 root         INFO     Skipping 30525
15:00:16 root         INFO     Skipping 24176
15:00:16 root         INFO     Skipping 15949
15:00:16 root         INFO     Skipping 27630
15:00:16 root         INFO     Skipping 27632
15:00:16 root         INFO     Skipping 606
15:00:16 root         INFO     Skipping 27629
15:00:16 root         INFO     Skipping 24228
15:00:16 root         INFO     Skipping 562
15:00:16 root         INFO     Skipping 21633
15:00:16 root         INFO     Skipping 24225
15:00:16 root         INFO     Skipping 18725
15:00:16 root         INFO     Skipping 21567
15:00:16 root         INFO     Skipping 27628
15:00:16 root         INFO     Skipping 12921
15:00:16 root         INFO     Skipping 47
15:00:16 root         INFO     Skipping 8101
15:00:16 root         INFO     Skipping 27936
15:00:16 root         INFO     Skipping 23089
15:00:16 root         INFO     Skipping 15911
15:00:16 root         INFO     Skipping 30472
15:00:16 root         INFO     Skipping 35703
15:00:16 root         INFO     Skipping 30475
15:00:16 root         INFO     Skipping 18739
15:00:16 root         INFO     Skipping 30378
15:00:16 root         INFO     Skipping 21
15:00:16 root         INFO     Skipping 32904
15:00:16 root         INFO     Skipping 24169
15:00:16 root         INFO     Skipping 27616
15:00:16 root         INFO     Skipping 546
15:00:16 root         INFO     Skipping 125
15:00:16 root         INFO     Skipping 432
15:00:16 root         INFO     Skipping 23572
15:00:16 root         INFO     Skipping 1
15:00:16 root         INFO     Skipping 10
15:00:16 root         INFO     Skipping 72
15:00:16 root         INFO     Skipping 106
15:00:16 root         INFO     Skipping 804
15:00:16 root         INFO     Skipping 697
15:00:16 root         INFO     Skipping 166
15:00:16 root         INFO     Skipping 37667
15:00:16 root         INFO     Skipping 24234
15:00:16 root         INFO     Skipping 34781
15:00:16 root         INFO     Skipping 44
15:00:16 root         INFO     Skipping 2434
15:00:16 root         INFO     Skipping 7307
15:00:16 root         INFO     Skipping 7280
15:00:16 root         INFO     Skipping 14197
15:00:16 root         INFO     Skipping 6929
15:00:16 root         INFO     Skipping 24223
15:00:16 root         INFO     Skipping 30412
15:00:16 root         INFO     Skipping 21230
15:00:16 root         INFO     Skipping 7124
15:00:16 root         INFO     Skipping 7516
15:00:16 root         INFO     Skipping 9231
15:00:16 root         INFO     Skipping 13222
15:00:16 root         INFO     Skipping 24928
15:00:16 root         INFO     Skipping 14466
15:00:16 root         INFO     Skipping 19685
15:00:16 root         INFO     Skipping 14008
15:00:16 root         INFO     Skipping 20480
15:00:16 root         INFO     Skipping 7126
15:00:16 root         INFO     Skipping 15792
15:00:16 root         INFO     Skipping 27571
15:00:16 root         INFO     Skipping 19109
15:00:16 root         INFO     Skipping 14066
15:00:16 root         INFO     Skipping 7103
15:00:16 root         INFO     Skipping 13479
15:00:16 root         INFO     Skipping 13475
15:00:16 root         INFO     Skipping 24237
15:00:16 root         INFO     Skipping 28365
15:00:16 root         INFO     Skipping 7118
15:00:16 root         INFO     Skipping 19909
15:00:16 root         INFO     Skipping 13664
15:00:16 root         INFO     Skipping 13467
15:00:16 root         INFO     Skipping 18743
15:00:16 root         INFO     Skipping 19881
15:00:16 root         INFO     Skipping 6970
15:00:16 root         INFO     Skipping 7286
15:00:16 root         INFO     Skipping 14047
15:00:16 root         INFO     Skipping 35569
15:00:16 root         INFO     Skipping 37741
15:00:16 root         INFO     Skipping 37697
15:00:16 root         INFO     Skipping 1453
15:00:16 root         INFO     Skipping 18818
15:00:16 root         INFO     Skipping 37745
15:00:16 root         INFO     Skipping 18836
15:00:16 root         INFO     Skipping 37441
15:00:16 root         INFO     Skipping 24207
15:00:16 root         INFO     Skipping 1483
15:00:16 root         INFO     Skipping 30395
15:00:16 root         INFO     Skipping 30432
15:00:16 root         INFO     Skipping 36969
15:00:16 root         INFO     Skipping 21533
15:00:16 root         INFO     Skipping 1352
15:00:16 root         INFO     Skipping 30390
15:00:16 root         INFO     Skipping 1149
15:00:16 root         INFO     Skipping 24202
15:00:16 root         INFO     Skipping 30389
15:00:16 root         INFO     Skipping 15891
15:00:16 root         INFO     Skipping 14488
15:00:16 root         INFO     Skipping 30528
15:00:16 root         INFO     Skipping 27597
15:00:16 root         INFO     Skipping 37737
15:00:16 root         INFO     Skipping 1557
15:00:16 root         INFO     Skipping 27609
15:00:16 root         INFO     Skipping 900
15:00:16 root         INFO     Skipping 21527
15:00:16 root         INFO     Skipping 1479
15:00:16 root         INFO     Skipping 30387
15:00:16 root         INFO     Skipping 980
15:00:16 root         INFO     Skipping 37703
15:00:16 root         INFO     Skipping 15304
15:00:16 root         INFO     Skipping 128
15:00:16 root         INFO     Skipping 14781
15:00:16 root         INFO     Skipping 15528
15:00:16 root         INFO     Skipping 25120
15:00:16 root         INFO     Skipping 33803
15:00:16 root         INFO     Skipping 20476
15:00:16 root         INFO     Skipping 27502
15:00:16 root         INFO     Skipping 13456
15:00:16 root         INFO     Skipping 27390
15:00:16 root         INFO     Skipping 15813
15:00:16 root         INFO     Skipping 7320
15:00:16 root         INFO     Skipping 20668
15:00:16 root         INFO     Skipping 38937
15:00:16 root         INFO     Skipping 37417
15:00:16 root         INFO     Skipping 13038
15:00:16 root         INFO     Skipping 6932
15:00:16 root         INFO     Skipping 14978
15:00:16 root         INFO     Skipping 17045
15:00:16 root         INFO     Skipping 22385
15:00:16 root         INFO     Skipping 7853
15:00:16 root         INFO     Skipping 14026
15:00:16 root         INFO     Skipping 14923
15:00:16 root         INFO     Skipping 7288
15:00:16 root         INFO     Skipping 7538
15:00:16 root         INFO     Skipping 13451
15:00:16 root         INFO     Skipping 25009
15:00:16 root         INFO     Skipping 9452
15:00:16 root         INFO     Skipping 20118
15:00:16 root         INFO     Skipping 20475
15:00:16 root         INFO     Skipping 14602
15:00:16 root         INFO     Skipping 7291
15:00:16 root         INFO     Skipping 13457
15:00:16 root         INFO     Skipping 7345
15:00:16 root         INFO     Skipping 35752
15:00:16 root         INFO     Skipping 31489
15:00:16 root         INFO     Skipping 15674
15:00:16 root         INFO     Skipping 31189
15:00:16 root         INFO     Skipping 21
15:00:16 root         INFO     Skipping 247
15:00:16 root         INFO     Skipping 20084
15:00:16 root         INFO     Skipping 16020
15:00:16 root         INFO     Skipping 2009
15:00:16 root         INFO     Skipping 1773
15:00:16 root         INFO     Skipping 7337
15:00:16 root         INFO     Skipping 14910
15:00:16 root         INFO     Skipping 7339
15:00:16 root         INFO     Skipping 24976
15:00:16 root         INFO     Skipping 30360
15:00:16 root         INFO     Skipping 24315
15:00:16 root         INFO     Skipping 30361
15:00:16 root         INFO     Skipping 30358
15:00:16 root         INFO     Skipping 37191
15:00:16 root         INFO     Skipping 3129
15:00:16 root         INFO     Skipping 3052
15:00:16 root         INFO     Skipping 37932
15:00:16 root         INFO     Skipping 3125
15:00:16 root         INFO     Skipping 3109
15:00:16 root         INFO     Skipping 20056
15:00:16 root         INFO     Skipping 37778
15:00:16 root         INFO     Skipping 35587
15:00:16 root         INFO     Skipping 28452
15:00:16 root         INFO     Skipping 3320
15:00:16 root         INFO     Skipping 30367
15:00:16 root         INFO     Skipping 3048
15:00:16 root         INFO     Skipping 27750
15:00:16 root         INFO     Skipping 3072
15:00:16 root         INFO     Skipping 38049
15:00:16 root         INFO     Skipping 30366
15:00:16 root         INFO     Skipping 30368
15:00:16 root         INFO     Skipping 27956
15:00:16 root         INFO     Skipping 15709
15:00:16 root         INFO     Skipping 38047
15:00:16 root         INFO     Skipping 3137
15:00:16 root         INFO     Skipping 3085
15:00:16 root         INFO     Skipping 2042
15:00:16 root         INFO     Skipping 30374
15:00:16 root         INFO     Skipping 3064
15:00:16 root         INFO     Skipping 3286
15:00:16 root         INFO     Skipping 30362
15:00:16 root         INFO     Skipping 3309
15:00:16 root         INFO     Skipping 37826
15:00:16 root         INFO     Skipping 4972
15:00:16 root         INFO     Skipping 15790
15:00:16 root         INFO     Skipping 18747
15:00:16 root         INFO     Skipping 22401
15:00:16 root         INFO     Skipping 18711
15:00:16 root         INFO     Skipping 3123
15:00:16 root         INFO     Skipping 3296
15:00:16 root         INFO     Skipping 164
15:00:16 root         INFO     Skipping 30617
15:00:16 root         INFO     Skipping 19614
15:00:16 root         INFO     Skipping 23295
15:00:16 root         INFO     Skipping 35818
15:00:16 root         INFO     Skipping 7531
15:00:16 root         INFO     Skipping 19559
15:00:16 root         INFO     Skipping 26784
15:00:16 root         INFO     Skipping 25775
15:00:17 root         INFO     Driver opened url https://www.momsrising.org/newsroom: 0.5 second load started
15:00:18 root         INFO     Driver opened url https://www.momsrising.org/newsroom/off-to-a-great-start-moms-group-praises-gov-stein-for-order-to-protect-access-to: 0.5 second load started
15:00:18 root         INFO     LEDE: [testlede] month: [Jan.] day: [16]
15:00:18 root         INFO     
ADDING: FILENAME: [testfilename h Carolina] TITLE: [Off to a Great Start: Moms Group Praises Gov. Stein for Order to Protect  Access to Reproductive Health Care in North Carolina] DATE: [2025-01-16] ID [27321]

15:00:19 root         INFO     Driver opened url https://www.momsrising.org/newsroom/granite-staters-to-rally-at-state-house-in-support-of-special-education-funding: 0.5 second load started
15:00:20 root         INFO     LEDE: [testlede] month: [Jan.] day: [10]
15:00:20 root         INFO     
ADDING: FILENAME: [testfilename on Funding] TITLE: [Granite Staters to Rally at State House in Support of Special Education Funding] DATE: [2025-01-10] ID [27321]

15:00:20 root         INFO     INVALID DATE: 2024-12-19 00:00:00
15:00:20 root         INFO     INVALID DATE: 2024-12-16 00:00:00
15:00:20 root         INFO     INVALID DATE: 2024-11-22 00:00:00
15:00:20 root         INFO     INVALID DATE: 2024-11-21 00:00:00
15:00:20 root         INFO     INVALID DATE: 2024-11-21 00:00:00
15:00:20 root         INFO     Scrape errors found during run:
15:00:20 root         INFO     []
15:00:20 root         INFO     End of file message
15:00:20 root         INFO     

Load Version 2.0.1 01/17/2025
       Docs Loaded: 2
       URLS processed: 1
       DUPS skipped: 0
       No Ledes found: 0

Passed Parameters:
       Pull House and Senate: False
       Number of days back: 30
       Start Time: 2025-01-19 15:00:12
       End Time: 2025-01-19 15:00:20
       Elapsed Time: 0:00:08
       Character Minimum Amount: 100

Errors:
Docs:
	Loaded:
		27321: Off to a Great Start: Moms Group Praises Gov. Stein for Order to Protect  Access to Reproductive Health Care in North Carolina
		27321: Granite Staters to Rally at State House in Support of Special Education Funding
