15:09:11 root         INFO     Skipping 27599
15:09:11 root         INFO     Skipping 30449
15:09:11 root         INFO     Skipping 14315
15:09:11 root         INFO     Skipping 7566
15:09:11 root         INFO     Skipping 804
15:09:11 root         INFO     Skipping 12106
15:09:11 root         INFO     Skipping 8034
15:09:11 root         INFO     Skipping 7901
15:09:11 root         INFO     Skipping 20157
15:09:11 root         INFO     Skipping 6950
15:09:11 root         INFO     Skipping 15026
15:09:11 root         INFO     Skipping 19993
15:09:11 root         INFO     Skipping 21569
15:09:11 root         INFO     Skipping 23030
15:09:11 root         INFO     Skipping 206
15:09:11 root         INFO     Skipping 16046
15:09:11 root         INFO     Skipping 16140
15:09:11 root         INFO     Skipping 16037
15:09:11 root         INFO     Skipping 43
15:09:11 root         INFO     Skipping 225
15:09:11 root         INFO     Skipping 37711
15:09:11 root         INFO     Skipping 34699
15:09:11 root         INFO     Skipping 19021
15:09:11 root         INFO     Skipping 18495
15:09:11 root         INFO     Skipping 222
15:09:11 root         INFO     Skipping 5602
15:09:11 root         INFO     Skipping 16027
15:09:11 root         INFO     Skipping 21499
15:09:11 root         INFO     Skipping 2698
15:09:11 root         INFO     Skipping 27867
15:09:11 root         INFO     Skipping 24224
15:09:11 root         INFO     Skipping 21563
15:09:11 root         INFO     Skipping 24227
15:09:11 root         INFO     Skipping 17224
15:09:11 root         INFO     Skipping 219
15:09:11 root         INFO     Skipping 23814
15:09:11 root         INFO     Skipping 15376
15:09:11 root         INFO     Skipping 19286
15:09:11 root         INFO     Skipping 28048
15:09:11 root         INFO     Skipping 543
15:09:11 root         INFO     Skipping 24233
15:09:11 root         INFO     Skipping 18735
15:09:11 root         INFO     Skipping 1066
15:09:11 root         INFO     Skipping 37680
15:09:11 root         INFO     Skipping 691
15:09:11 root         INFO     Skipping 677
15:09:11 root         INFO     Skipping 20141
15:09:11 root         INFO     Skipping 36151
15:09:11 root         INFO     Skipping 20319
15:09:11 root         INFO     Skipping 12400
15:09:11 root         INFO     Skipping 127
15:09:11 root         INFO     Skipping 20792
15:09:11 root         INFO     Skipping 17104
15:09:11 root         INFO     Skipping 24344
15:09:11 root         INFO     Skipping 19546
15:09:11 root         INFO     Skipping 15565
15:09:11 root         INFO     Skipping 13359
15:09:11 root         INFO     Skipping 17922
15:09:11 root         INFO     Skipping 22481
15:09:11 root         INFO     Skipping 20138
15:09:11 root         INFO     Skipping 119
15:09:11 root         INFO     Skipping 24
15:09:11 root         INFO     Skipping 21188
15:09:11 root         INFO     Skipping 3016
15:09:11 root         INFO     Skipping 21525
15:09:11 root         INFO     Skipping 37694
15:09:11 root         INFO     Skipping 18710
15:09:11 root         INFO     Skipping 29332
15:09:11 root         INFO     Skipping 23100
15:09:11 root         INFO     Skipping 37725
15:09:11 root         INFO     Skipping 15633
15:09:11 root         INFO     Skipping 948
15:09:11 root         INFO     Skipping 30993
15:09:11 root         INFO     Skipping 22221
15:09:11 root         INFO     Skipping 22654
15:09:11 root         INFO     Skipping 35809
15:09:11 root         INFO     Skipping 35576
15:09:11 root         INFO     Skipping 37408
15:09:11 root         INFO     Skipping 7844
15:09:11 root         INFO     Skipping 169
15:09:11 root         INFO     Skipping 20
15:09:11 root         INFO     Skipping 8022
15:09:11 root         INFO     Skipping 8032
15:09:11 root         INFO     Skipping 20605
15:09:11 root         INFO     Skipping 7838
15:09:11 root         INFO     Skipping 21497
15:09:11 root         INFO     Skipping 35572
15:09:11 root         INFO     Skipping 30425
15:09:11 root         INFO     Skipping 35517
15:09:11 root         INFO     Skipping 35524
15:09:11 root         INFO     Skipping 21522
15:09:11 root         INFO     Skipping 1325
15:09:11 root         INFO     Skipping 1079
15:09:11 root         INFO     Skipping 6973
15:09:11 root         INFO     Skipping 37495
15:09:11 root         INFO     Skipping 30405
15:09:11 root         INFO     Skipping 18767
15:09:11 root         INFO     Skipping 21521
15:09:11 root         INFO     Skipping 921
15:09:11 root         INFO     Skipping 27602
15:09:11 root         INFO     Skipping 21335
15:09:11 root         INFO     Skipping 30444
15:09:11 root         INFO     Skipping 1363
15:09:11 root         INFO     Skipping 9488
15:09:11 root         INFO     Skipping 24230
15:09:11 root         INFO     Skipping 2696
15:09:11 root         INFO     Skipping 37705
15:09:11 root         INFO     Skipping 33752
15:09:11 root         INFO     Skipping 37731
15:09:11 root         INFO     Skipping 37740
15:09:11 root         INFO     Skipping 9427
15:09:11 root         INFO     Skipping 19880
15:09:11 root         INFO     Skipping 632
15:09:11 root         INFO     Skipping 135
15:09:11 root         INFO     Skipping 39007
15:09:11 root         INFO     Skipping 551
15:09:11 root         INFO     Skipping 37304
15:09:11 root         INFO     Skipping 20115
15:09:11 root         INFO     Skipping 13362
15:09:11 root         INFO     Skipping 7333
15:09:11 root         INFO     Skipping 21423
15:09:11 root         INFO     Skipping 17653
15:09:11 root         INFO     Skipping 21152
15:09:11 root         INFO     Skipping 16031
15:09:11 root         INFO     Skipping 27074
15:09:11 root         INFO     Skipping 255
15:09:11 root         INFO     Skipping 431
15:09:11 root         INFO     Skipping 19290
15:09:11 root         INFO     Skipping 33954
15:09:11 root         INFO     Skipping 22921
15:09:11 root         INFO     Skipping 26556
15:09:11 root         INFO     Skipping 167
15:09:11 root         INFO     Skipping 15884
15:09:11 root         INFO     Skipping 30382
15:09:11 root         INFO     Skipping 30450
15:09:11 root         INFO     Skipping 27626
15:09:11 root         INFO     Skipping 37748
15:09:11 root         INFO     Skipping 715
15:09:11 root         INFO     Skipping 18734
15:09:11 root         INFO     Skipping 9485
15:09:11 root         INFO     Skipping 24231
15:09:11 root         INFO     Skipping 6221
15:09:11 root         INFO     Skipping 15392
15:09:11 root         INFO     Skipping 14466
15:09:11 root         INFO     Skipping 15025
15:09:11 root         INFO     Skipping 19760
15:09:11 root         INFO     Skipping 37095
15:09:11 root         INFO     Skipping 122
15:09:11 root         INFO     Skipping 113
15:09:11 root         INFO     Skipping 13863
15:09:11 root         INFO     Skipping 7355
15:09:11 root         INFO     Skipping 8042
15:09:11 root         INFO     Skipping 23802
15:09:11 root         INFO     Skipping 282
15:09:11 root         INFO     Skipping 7316
15:09:11 root         INFO     Skipping 16040
15:09:11 root         INFO     Skipping 7922
15:09:11 root         INFO     Skipping 16041
15:09:11 root         INFO     Skipping 28101
15:09:11 root         INFO     Skipping 3410
15:09:11 root         INFO     Skipping 7121
15:09:11 root         INFO     Skipping 17116
15:09:11 root         INFO     Skipping 20034
15:09:11 root         INFO     Skipping 6918
15:09:11 root         INFO     Skipping 22037
15:09:11 root         INFO     Skipping 14373
15:09:11 root         INFO     Skipping 13794
15:09:11 root         INFO     Skipping 13964
15:09:11 root         INFO     Skipping 6930
15:09:11 root         INFO     Skipping 19978
15:09:11 root         INFO     Skipping 14069
15:09:11 root         INFO     Skipping 14111
15:09:11 root         INFO     Skipping 6931
15:09:11 root         INFO     Skipping 14021
15:09:11 root         INFO     Skipping 37180
15:09:11 root         INFO     Skipping 35130
15:09:11 root         INFO     Skipping 19684
15:09:11 root         INFO     Skipping 28292
15:09:11 root         INFO     Skipping 30335
15:09:11 root         INFO     Skipping 14867
15:09:11 root         INFO     Skipping 23669
15:09:11 root         INFO     Skipping 6793
15:09:11 root         INFO     Skipping 15440
15:09:11 root         INFO     Skipping 23588
15:09:11 root         INFO     Skipping 10156
15:09:11 root         INFO     Skipping 30046
15:09:11 root         INFO     Skipping 39476
15:09:11 root         INFO     Skipping 37727
15:09:11 root         INFO     Skipping 33096
15:09:11 root         INFO     Skipping 32423
15:09:11 root         INFO     Skipping 30658
15:09:11 root         INFO     Skipping 18394
15:09:11 root         INFO     Skipping 19870
15:09:11 root         INFO     Skipping 15962
15:09:11 root         INFO     Skipping 702
15:09:11 root         INFO     Skipping 39478
15:09:11 root         INFO     Skipping 30435
15:09:11 root         INFO     Skipping 9445
15:09:11 root         INFO     Skipping 24173
15:09:11 root         INFO     Skipping 35554
15:09:11 root         INFO     Skipping 18733
15:09:11 root         INFO     Skipping 3962
15:09:11 root         INFO     Skipping 26659
15:09:11 root         INFO     Skipping 32135
15:09:11 root         INFO     Skipping 27843
15:09:11 root         INFO     Skipping 17658
15:09:11 root         INFO     Skipping 27186
15:09:11 root         INFO     Skipping 6922
15:09:11 root         INFO     Skipping 7317
15:09:11 root         INFO     Skipping 37607
15:09:11 root         INFO     Skipping 19748
15:09:11 root         INFO     Skipping 14979
15:09:11 root         INFO     Skipping 28256
15:09:11 root         INFO     Skipping 15000
15:09:11 root         INFO     Skipping 15725
15:09:11 root         INFO     Skipping 21561
15:09:11 root         INFO     Skipping 23098
15:09:11 root         INFO     Skipping 24231
15:09:11 root         INFO     Skipping 30469
15:09:11 root         INFO     Skipping 37819
15:09:11 root         INFO     Skipping 27605
15:09:11 root         INFO     Skipping 24799
15:09:11 root         INFO     Skipping 35571
15:09:11 root         INFO     Skipping 18750
15:09:11 root         INFO     Skipping 21564
15:09:11 root         INFO     Skipping 695
15:09:11 root         INFO     Skipping 619
15:09:11 root         INFO     Skipping 21566
15:09:11 root         INFO     Skipping 18746
15:09:11 root         INFO     Skipping 30470
15:09:11 root         INFO     Skipping 37747
15:09:11 root         INFO     Skipping 35726
15:09:11 root         INFO     Skipping 35708
15:09:11 root         INFO     Skipping 35705
15:09:11 root         INFO     Skipping 35727
15:09:11 root         INFO     Skipping 37743
15:09:11 root         INFO     Skipping 24229
15:09:11 root         INFO     Skipping 37748
15:09:11 root         INFO     Skipping 19879
15:09:11 root         INFO     Skipping 717
15:09:11 root         INFO     Skipping 35728
15:09:11 root         INFO     Skipping 37820
15:09:11 root         INFO     Skipping 30473
15:09:11 root         INFO     Skipping 37744
15:09:11 root         INFO     Skipping 28313
15:09:11 root         INFO     Skipping 37749
15:09:11 root         INFO     Skipping 15948
15:09:11 root         INFO     Skipping 35707
15:09:11 root         INFO     Skipping 35706
15:09:11 root         INFO     Skipping 35704
15:09:11 root         INFO     Skipping 18740
15:09:11 root         INFO     Skipping 18736
15:09:11 root         INFO     Skipping 183
15:09:11 root         INFO     Skipping 7887
15:09:11 root         INFO     Skipping 15551
15:09:11 root         INFO     Skipping 35562
15:09:11 root         INFO     Skipping 9423
15:09:11 root         INFO     Skipping 1519
15:09:11 root         INFO     Skipping 35489
15:09:11 root         INFO     Skipping 20880
15:09:11 root         INFO     Skipping 37235
15:09:11 root         INFO     Skipping 15882
15:09:11 root         INFO     Skipping 1169
15:09:11 root         INFO     Skipping 9463
15:09:11 root         INFO     Skipping 37685
15:09:11 root         INFO     Skipping 809
15:09:11 root         INFO     Skipping 9421
15:09:11 root         INFO     Skipping 30397
15:09:11 root         INFO     Skipping 37735
15:09:11 root         INFO     Skipping 30394
15:09:11 root         INFO     Skipping 30448
15:09:11 root         INFO     Skipping 27614
15:09:11 root         INFO     Skipping 35527
15:09:11 root         INFO     Skipping 37416
15:09:11 root         INFO     Skipping 37709
15:09:11 root         INFO     Skipping 27649
15:09:11 root         INFO     Skipping 35546
15:09:11 root         INFO     Skipping 1098
15:09:11 root         INFO     Skipping 21488
15:09:11 root         INFO     Skipping 37674
15:09:11 root         INFO     Skipping 37706
15:09:11 root         INFO     Skipping 37713
15:09:11 root         INFO     Skipping 918
15:09:11 root         INFO     Skipping 24210
15:09:11 root         INFO     Skipping 37728
15:09:11 root         INFO     Skipping 35555
15:09:11 root         INFO     Skipping 35556
15:09:11 root         INFO     Skipping 892
15:09:11 root         INFO     Skipping 38045
15:09:11 root         INFO     Skipping 829
15:09:11 root         INFO     Skipping 30468
15:09:11 root         INFO     Skipping 24186
15:09:11 root         INFO     Skipping 24194
15:09:11 root         INFO     Skipping 37693
15:09:11 root         INFO     Skipping 30429
15:09:11 root         INFO     Skipping 1249
15:09:11 root         INFO     Skipping 30434
15:09:11 root         INFO     Skipping 24199
15:09:11 root         INFO     Skipping 37688
15:09:11 root         INFO     Skipping 23853
15:09:11 root         INFO     Skipping 30456
15:09:11 root         INFO     Skipping 1036
15:09:11 root         INFO     Skipping 30436
15:09:11 root         INFO     Skipping 37690
15:09:11 root         INFO     Skipping 36428
15:09:11 root         INFO     Skipping 37721
15:09:11 root         INFO     Skipping 27646
15:09:11 root         INFO     Skipping 24187
15:09:11 root         INFO     Skipping 35551
15:09:11 root         INFO     Skipping 925
15:09:11 root         INFO     Skipping 21570
15:09:11 root         INFO     Skipping 21536
15:09:11 root         INFO     Skipping 604
15:09:11 root         INFO     Skipping 21562
15:09:11 root         INFO     Skipping 21572
15:09:11 root         INFO     Skipping 17884
15:09:11 root         INFO     Skipping 235
15:09:11 root         INFO     Skipping 2909
15:09:11 root         INFO     Skipping 21487
15:09:11 root         INFO     Skipping 27644
15:09:11 root         INFO     Skipping 37722
15:09:11 root         INFO     Skipping 24175
15:09:11 root         INFO     Skipping 27637
15:09:11 root         INFO     Skipping 9424
15:09:11 root         INFO     Skipping 24181
15:09:11 root         INFO     Skipping 37676
15:09:11 root         INFO     Skipping 15912
15:09:11 root         INFO     Skipping 1004
15:09:11 root         INFO     Skipping 15922
15:09:11 root         INFO     Skipping 21523
15:09:11 root         INFO     Skipping 14489
15:09:11 root         INFO     Skipping 18756
15:09:11 root         INFO     Skipping 23549
15:09:11 root         INFO     Skipping 30414
15:09:11 root         INFO     Skipping 2505
15:09:11 root         INFO     Skipping 28735
15:09:11 root         INFO     Skipping 599
15:09:11 root         INFO     Skipping 24124
15:09:11 root         INFO     Skipping 24218
15:09:11 root         INFO     Skipping 19874
15:09:11 root         INFO     Skipping 2175
15:09:11 root         INFO     Skipping 21467
15:09:11 root         INFO     Skipping 30525
15:09:11 root         INFO     Skipping 24176
15:09:11 root         INFO     Skipping 15949
15:09:11 root         INFO     Skipping 27630
15:09:11 root         INFO     Skipping 27632
15:09:11 root         INFO     Skipping 606
15:09:11 root         INFO     Skipping 27629
15:09:11 root         INFO     Skipping 24228
15:09:11 root         INFO     Skipping 562
15:09:11 root         INFO     Skipping 21633
15:09:11 root         INFO     Skipping 24225
15:09:11 root         INFO     Skipping 18725
15:09:11 root         INFO     Skipping 21567
15:09:11 root         INFO     Skipping 27628
15:09:11 root         INFO     Skipping 12921
15:09:11 root         INFO     Skipping 47
15:09:11 root         INFO     Skipping 8101
15:09:11 root         INFO     Skipping 27936
15:09:11 root         INFO     Skipping 23089
15:09:11 root         INFO     Skipping 15911
15:09:11 root         INFO     Skipping 30472
15:09:11 root         INFO     Skipping 35703
15:09:11 root         INFO     Skipping 30475
15:09:11 root         INFO     Skipping 18739
15:09:11 root         INFO     Skipping 30378
15:09:11 root         INFO     Skipping 21
15:09:11 root         INFO     Skipping 32904
15:09:11 root         INFO     Skipping 24169
15:09:11 root         INFO     Skipping 27616
15:09:11 root         INFO     Skipping 546
15:09:11 root         INFO     Skipping 125
15:09:11 root         INFO     Skipping 432
15:09:11 root         INFO     Skipping 23572
15:09:11 root         INFO     Skipping 1
15:09:11 root         INFO     Skipping 10
15:09:11 root         INFO     Skipping 72
15:09:11 root         INFO     Skipping 106
15:09:11 root         INFO     Skipping 804
15:09:11 root         INFO     Skipping 697
15:09:11 root         INFO     Skipping 166
15:09:11 root         INFO     Skipping 37667
15:09:11 root         INFO     Skipping 24234
15:09:11 root         INFO     Skipping 34781
15:09:11 root         INFO     Skipping 44
15:09:11 root         INFO     Skipping 2434
15:09:11 root         INFO     Skipping 7307
15:09:11 root         INFO     Skipping 7280
15:09:11 root         INFO     Skipping 14197
15:09:11 root         INFO     Skipping 6929
15:09:11 root         INFO     Skipping 24223
15:09:11 root         INFO     Skipping 30412
15:09:11 root         INFO     Skipping 21230
15:09:11 root         INFO     Skipping 7124
15:09:11 root         INFO     Skipping 7516
15:09:11 root         INFO     Skipping 9231
15:09:11 root         INFO     Skipping 13222
15:09:11 root         INFO     Skipping 24928
15:09:11 root         INFO     Skipping 14466
15:09:11 root         INFO     Skipping 19685
15:09:11 root         INFO     Skipping 14008
15:09:11 root         INFO     Skipping 20480
15:09:11 root         INFO     Skipping 7126
15:09:11 root         INFO     Skipping 15792
15:09:11 root         INFO     Skipping 27571
15:09:11 root         INFO     Skipping 19109
15:09:11 root         INFO     Skipping 14066
15:09:11 root         INFO     Skipping 7103
15:09:11 root         INFO     Skipping 13479
15:09:11 root         INFO     Skipping 13475
15:09:11 root         INFO     Skipping 24237
15:09:11 root         INFO     Skipping 28365
15:09:11 root         INFO     Skipping 7118
15:09:11 root         INFO     Skipping 19909
15:09:11 root         INFO     Skipping 13664
15:09:11 root         INFO     Skipping 13467
15:09:11 root         INFO     Skipping 18743
15:09:11 root         INFO     Skipping 19881
15:09:11 root         INFO     Skipping 6970
15:09:11 root         INFO     Skipping 7286
15:09:11 root         INFO     Skipping 14047
15:09:11 root         INFO     Skipping 35569
15:09:11 root         INFO     Skipping 37741
15:09:11 root         INFO     Skipping 37697
15:09:11 root         INFO     Skipping 1453
15:09:11 root         INFO     Skipping 18818
15:09:11 root         INFO     Skipping 37745
15:09:11 root         INFO     Skipping 18836
15:09:11 root         INFO     Skipping 37441
15:09:11 root         INFO     Skipping 24207
15:09:11 root         INFO     Skipping 1483
15:09:11 root         INFO     Skipping 30395
15:09:11 root         INFO     Skipping 30432
15:09:11 root         INFO     Skipping 36969
15:09:11 root         INFO     Skipping 21533
15:09:11 root         INFO     Skipping 1352
15:09:11 root         INFO     Skipping 30390
15:09:11 root         INFO     Skipping 1149
15:09:11 root         INFO     Skipping 24202
15:09:11 root         INFO     Skipping 30389
15:09:11 root         INFO     Skipping 15891
15:09:11 root         INFO     Skipping 14488
15:09:11 root         INFO     Skipping 30528
15:09:11 root         INFO     Skipping 27597
15:09:11 root         INFO     Skipping 37737
15:09:11 root         INFO     Skipping 1557
15:09:11 root         INFO     Skipping 27609
15:09:11 root         INFO     Skipping 900
15:09:11 root         INFO     Skipping 21527
15:09:11 root         INFO     Skipping 1479
15:09:11 root         INFO     Skipping 30387
15:09:11 root         INFO     Skipping 980
15:09:11 root         INFO     Skipping 37703
15:09:11 root         INFO     Skipping 15304
15:09:11 root         INFO     Skipping 128
15:09:11 root         INFO     Skipping 14781
15:09:11 root         INFO     Skipping 15528
15:09:11 root         INFO     Skipping 25120
15:09:11 root         INFO     Skipping 33803
15:09:11 root         INFO     Skipping 20476
15:09:11 root         INFO     Skipping 27502
15:09:11 root         INFO     Skipping 13456
15:09:11 root         INFO     Skipping 27390
15:09:11 root         INFO     Skipping 15813
15:09:11 root         INFO     Skipping 7320
15:09:11 root         INFO     Skipping 20668
15:09:11 root         INFO     Skipping 38937
15:09:11 root         INFO     Skipping 37417
15:09:11 root         INFO     Skipping 13038
15:09:11 root         INFO     Skipping 6932
15:09:11 root         INFO     Skipping 14978
15:09:11 root         INFO     Skipping 17045
15:09:11 root         INFO     Skipping 22385
15:09:11 root         INFO     Skipping 7853
15:09:11 root         INFO     Skipping 14026
15:09:11 root         INFO     Skipping 14923
15:09:11 root         INFO     Skipping 7288
15:09:11 root         INFO     Skipping 7538
15:09:11 root         INFO     Skipping 13451
15:09:11 root         INFO     Skipping 25009
15:09:11 root         INFO     Skipping 9452
15:09:11 root         INFO     Skipping 20118
15:09:11 root         INFO     Skipping 20475
15:09:11 root         INFO     Skipping 14602
15:09:11 root         INFO     Skipping 7291
15:09:11 root         INFO     Skipping 13457
15:09:11 root         INFO     Skipping 7345
15:09:11 root         INFO     Skipping 35752
15:09:11 root         INFO     Skipping 31489
15:09:11 root         INFO     Skipping 15674
15:09:11 root         INFO     Skipping 31189
15:09:11 root         INFO     Skipping 21
15:09:11 root         INFO     Skipping 247
15:09:11 root         INFO     Skipping 20084
15:09:11 root         INFO     Skipping 16020
15:09:11 root         INFO     Skipping 2009
15:09:11 root         INFO     Skipping 1773
15:09:11 root         INFO     Skipping 7337
15:09:11 root         INFO     Skipping 14910
15:09:11 root         INFO     Skipping 7339
15:09:11 root         INFO     Skipping 24976
15:09:11 root         INFO     Skipping 30360
15:09:11 root         INFO     Skipping 24315
15:09:11 root         INFO     Skipping 30361
15:09:11 root         INFO     Skipping 30358
15:09:11 root         INFO     Skipping 37191
15:09:11 root         INFO     Skipping 3129
15:09:11 root         INFO     Skipping 3052
15:09:11 root         INFO     Skipping 37932
15:09:11 root         INFO     Skipping 3125
15:09:11 root         INFO     Skipping 3109
15:09:11 root         INFO     Skipping 20056
15:09:11 root         INFO     Skipping 37778
15:09:11 root         INFO     Skipping 35587
15:09:11 root         INFO     Skipping 28452
15:09:11 root         INFO     Skipping 3320
15:09:11 root         INFO     Skipping 30367
15:09:11 root         INFO     Skipping 3048
15:09:11 root         INFO     Skipping 27750
15:09:11 root         INFO     Skipping 3072
15:09:11 root         INFO     Skipping 38049
15:09:11 root         INFO     Skipping 30366
15:09:11 root         INFO     Skipping 30368
15:09:11 root         INFO     Skipping 27956
15:09:11 root         INFO     Skipping 15709
15:09:11 root         INFO     Skipping 38047
15:09:11 root         INFO     Skipping 3137
15:09:11 root         INFO     Skipping 3085
15:09:11 root         INFO     Skipping 2042
15:09:11 root         INFO     Skipping 30374
15:09:11 root         INFO     Skipping 3064
15:09:11 root         INFO     Skipping 3286
15:09:11 root         INFO     Skipping 30362
15:09:11 root         INFO     Skipping 3309
15:09:11 root         INFO     Skipping 37826
15:09:11 root         INFO     Skipping 4972
15:09:11 root         INFO     Skipping 15790
15:09:11 root         INFO     Skipping 18747
15:09:11 root         INFO     Skipping 22401
15:09:11 root         INFO     Skipping 18711
15:09:11 root         INFO     Skipping 3123
15:09:11 root         INFO     Skipping 3296
15:09:11 root         INFO     Skipping 164
15:09:11 root         INFO     Skipping 30617
15:09:11 root         INFO     Skipping 19614
15:09:11 root         INFO     Skipping 23295
15:09:11 root         INFO     Skipping 35818
15:09:11 root         INFO     Skipping 7531
15:09:11 root         INFO     Skipping 19559
15:09:11 root         INFO     Skipping 26784
15:09:11 root         INFO     Skipping 25775
15:09:11 root         INFO     Skipping 27321
15:09:13 root         INFO     Driver opened url https://americansforprosperity.org/category/press-release/: 0.5 second load started
15:09:15 root         INFO     Driver opened url https://americansforprosperity.org/press-release/icymi-via-real-clear-congress-must-put-trumps-tax-cuts-at-the-top-of-the-priority-list-in-2025/: 0.5 second load started
15:09:15 root         DEBUG    Titles: ICYMI Via Real Clear: Congress Must Put Trump's Tax Cuts at the Top of the Priority List in 2025
15:09:15 root         DEBUG    Dates: 2025-01-17
15:09:15 root         DEBUG    Desc: #  ICYMI Via Real Clear: Congress Must Put Trump’s Tax Cuts at the Top of the Priority List in 2025 

Jan 17, 2025 by AFP 

facebook  twitter  linkedin 

###  AFP Mobilizes Grassroots Army with $20M Campaign to Renew Trump Tax Cuts 

ARLINGTON, VA—  Americans for Prosperity’s Akash Chougule  wrote this week via Real Clear Policy  that Congress needs to renew the Trump tax cuts, and it’s “going to take a concerted effort from those inside and outside the halls of Congress” to get them over the finish line. 

Chougule  via Real Clear Policy  : 

> “Major portions of the 2017 Tax Cuts and Jobs Act expire in 2025, triggering a massive tax increase on families and small businesses. If allowed to happen, the average American household  can expect  a $1500 tax bill increase. 
> 
> “On average, family tax bills will increase by  $3,505 in Florida  ,  $2,265 in North Carolina  , and a wild  $4,254 in Wyoming  . And that’s not to mention the job loss numbers that will follow tax increases. 
> 
> “Don’t look at those numbers as just as averages and dollars. Look at them as having to take second jobs just to get by, stretching the already-thin grocery budget, putting off vacation plans, or worrying about how the mortgage will get paid.” 

Chougule says that  “the margin for error is razor thin”  , and that’s why Americans for Prosperity is spearheading a  $20 million campaign  to make Americans aware of the coming tax hikes and to drive action in Congress. 

AFP’s  Protect Prosperity  campaign to renew the TCJA  is the largest commitment by a conservative organization to date to support President Trump’s second-term agenda.  AFP and AFP Action have reached a record of nearly 30 million voters over the last two years, and this year, AFP will again activate its grassroots army of millions to ensure pro-growth tax reform is Congress’ top priority. 

Click  HERE  for the press release on AFP’s campaign to renew the Trump tax cuts. 

For more on why Congress should renew the TCJA, and to join our grassroots movement, visit  ProtectProsperity.com. 

* * *

#####  Related 

Featured  Press Release 

####  AFP-GA Praises Gov. Kemp’s State of the State Address 

Jan 17, 2025 by AFP 

Blog 

####  4 things DOGE should focus on to cut down government waste 

Jan 17, 2025 by AFP 

Featured 

####  AFP-KS Reacts to Governor Kelly’s Address and Fiscally Irresponsible Budget Proposal 

Jan 17, 2025 by AFP 

Press Release 

####  WHAT THEY ARE SAYING: Lawmakers, Media Highlight Importance of Renewing Trump Tax Cuts, Strength of AFP’s Grassroots Reach 

Jan 14, 2025 by AFP 

15:09:15 root         DEBUG    Agency_id 7234
15:09:15 root         DEBUG    Article Link: https://americansforprosperity.org/press-release/icymi-via-real-clear-congress-must-put-trumps-tax-cuts-at-the-top-of-the-priority-list-in-2025/
15:09:15 root         INFO     LEDE: [testlede] month: [Jan.] day: [17]
15:09:15 root         INFO     
ADDING: FILENAME: [testfilename st in 2025] TITLE: [ICYMI Via Real Clear: Congress Must Put Trump's Tax Cuts at the Top of the Priority List in 2025] DATE: [2025-01-17] ID [7234]

15:09:16 root         INFO     Driver opened url https://americansforprosperity.org/featured/afp-ga-praises-gov-kemps-state-of-the-state-address/: 0.5 second load started
15:09:17 root         DEBUG    Titles: AFP-GA Praises Gov. Kemp's State of the State Address
15:09:17 root         DEBUG    Dates: 2025-01-17
15:09:17 root         DEBUG    Desc: #  AFP-GA Praises Gov. Kemp’s State of the State Address 

Jan 17, 2025 by AFP 

facebook  twitter  linkedin 

Peach State Showing Promise on Taxes, Health Care 

Atlanta, Georgia  —Today Georgia Governor Brian Kemp gave his annual state of the state address. In his speech, he outlined encouraging gains the Peach State is making in lowering taxes, making smart decisions on health care policy, and making life more affordable for job creators and families. 

Americans for Prosperity-Georgia (AFP-GA) State Director Tony West  issued the following statement praising the Governor’s address: 

> “Georgia is showing so much promise as it becomes more competitive. Our taxes continue to go down, and Governor Kemp deserves credit for his proposal to continue to bring down our income tax to 5.19%, saving Georgians billions over the next ten years. 
> 
> “However, Georgians are paying an invisible tax because unreasonable and longstanding legal practices have increased the cost of insurance in the state. We applaud the Governor’s efforts to address this growing problem that increases costs for families and businesses. 
> 
> “Lastly, we are encouraged that despite relentless pressure, the Governor has stood strong and resisted calls to expand Medicaid. We are excited to continue to partner with the Governor to advance solutions-based policies that will make life more affordable while right-sizing government.” 

-###- 

* * *

#####  Related 

Press Release 

####  ICYMI Via Real Clear: Congress Must Put Trump’s Tax Cuts at the Top of the Priority List in 2025 

Jan 17, 2025 by AFP 

Blog 

####  4 things DOGE should focus on to cut down government waste 

Jan 17, 2025 by AFP 

Featured 

####  AFP-KS Reacts to Governor Kelly’s Address and Fiscally Irresponsible Budget Proposal 

Jan 17, 2025 by AFP 

Press Release 

####  WHAT THEY ARE SAYING: Lawmakers, Media Highlight Importance of Renewing Trump Tax Cuts, Strength of AFP’s Grassroots Reach 

Jan 14, 2025 by AFP 

15:09:17 root         DEBUG    Agency_id 7234
15:09:17 root         DEBUG    Article Link: https://americansforprosperity.org/featured/afp-ga-praises-gov-kemps-state-of-the-state-address/
15:09:17 root         INFO     LEDE: [testlede] month: [Jan.] day: [17]
15:09:17 root         INFO     
ADDING: FILENAME: [testfilename te Address] TITLE: [AFP-GA Praises Gov. Kemp's State of the State Address] DATE: [2025-01-17] ID [7234]

15:09:17 root         INFO     Driver opened url https://americansforprosperity.org/press-release/afp-oh-congratulates-jon-husted-for-appointment-as-u-s-senator/: 0.5 second load started
15:09:18 root         DEBUG    Titles: AFP-OH Congratulates Jon Husted for Appointment as U.S. Senator
15:09:18 root         DEBUG    Dates: 2025-01-17
15:09:18 root         DEBUG    Desc: #  AFP-OH Congratulates Jon Husted for Appointment as U.S. Senator 

Jan 17, 2025 by AFP 

facebook  twitter  linkedin 

COLUMBUS, OH  – Today, Americans for Prosperity-Ohio (AFP-OH) congratulated Jon Husted for his appointment to the newly vacant U.S. Senate seat for Ohio following Vice President-elect J.D. Vance’s resignment. 

In 2017, Husted received AFP-OH’s inaugural Taxpayers’ Torch Award in  recognition of his conservative leadership  and exceptional stewardship of taxpayer dollars. 

AFP-OH State Director Donovan O’Neil released the following statement: 

“Today, AFP-OH congratulates Jon Husted on his appointment to the U.S. Senate. From his time as speaker of the Ohio House to his recent service as lieutenant governor of Ohio, Husted has built a strong record addressing issues that matter most to Ohioans. 

“Jon Husted has been instrumental in his support of a variety of policy issues, including expanding education opportunity through the EdChoice Scholarship program, supporting comprehensive tax reform, championing the implementation of regulation reform, and modernizing how Ohioans interact with state government. 

“In 2017, AFP-OH recognized Jon Husted for his exceptional stewardship of taxpayer dollars with our inaugural Taxpayers’ Torch Award, and we look forward to his continuation of innovative and bold leadership in the U.S. Senate.” 

* * *

#####  Related 

Press Release 

####  AFP-VA Endorses Jean Gannon for Virginia Senate District 10 

Dec 5, 2024 by AFP 

Press Release 

####  AFP-Missouri Celebrates Endorsed Candidates’ Election Wins 

Nov 21, 2024 by AFP 

Press Release 

####  Americans for Prosperity-Ohio Congratulates Matt Huffman and Rob McColley on Leadership Elections 

Nov 20, 2024 by AFP 

Press Release 

####  AFP-Utah Endorsed Candidate Jill Koford Wins State House Race 

Nov 19, 2024 by AFP 

15:09:18 root         DEBUG    Agency_id 7234
15:09:18 root         DEBUG    Article Link: https://americansforprosperity.org/press-release/afp-oh-congratulates-jon-husted-for-appointment-as-u-s-senator/
15:09:18 root         INFO     LEDE: [testlede] month: [Jan.] day: [17]
15:09:18 root         INFO     
ADDING: FILENAME: [testfilename S. Senator] TITLE: [AFP-OH Congratulates Jon Husted for Appointment as U.S. Senator] DATE: [2025-01-17] ID [7234]

15:09:18 root         INFO     Driver opened url https://americansforprosperity.org/press-release/americans-for-prosperity-statement-on-governor-healeys-state-of-the-commonwealth-address/: 0.5 second load started
15:09:19 root         DEBUG    Titles: Americans for Prosperity Statement on Governor Healey's State of the Commonwealth Address
15:09:19 root         DEBUG    Dates: 2025-01-16
15:09:19 root         DEBUG    Desc: #  Americans for Prosperity Statement on Governor Healey’s State of the Commonwealth Address 

Jan 16, 2025 by AFP 

facebook  twitter  linkedin 

Boston, MA –  This evening, Americans for Prosperity (AFP) responded to Governor Healey’s state of the commonwealth address, highlighting the need for real action to address the ongoing migrant crisis and need for pro-growth policy reforms.  AFP Regional State Director Ross Connolly released the following statement:  “Currently, Bay Staters face the second highest cost of living in the nation and a housing crisis exacerbated by the administration’s disastrous right to shelter laws. Governor Healey’s mishandling of the migrant crisis put our communities at risk and taxpayers on the hook for nearly $2 billion.  “Governor Healey’s vision must be met with real action to address this crisis, as well as address our state’s anti-growth business climate. AFP knows that freedom-focused policies are requires to achieve prosperity. We look forward to working with lawmakers to advance better policies that address housing costs, reduce tax burdens, and increase economic opportunity for all.” 

* * *

#####  Related 

Featured 

####  Americans for Prosperity-Florida Congratulates Florida Attorney General Ashley Moody on Appointment to the United States Senate 

Jan 16, 2025 by AFP 

Press Release 

####  Big Sky Blueprint: AFP-Montana Announces Legislative Priorities 

Jan 15, 2025 by AFP 

Featured 

####  Americans for Prosperity Launches $20 Million Nationwide Campaign Supporting the Trump Tax Cuts to Protect Florida Families From Tax Hikes 

Jan 13, 2025 by AFP 

Featured 

####  Americans for Prosperity Launches $20 Million Nationwide Campaign Supporting the Trump Tax Cuts to Protect Arkansas Families From Tax Hikes 

Jan 13, 2025 by AFP 

15:09:19 root         DEBUG    Agency_id 7234
15:09:19 root         DEBUG    Article Link: https://americansforprosperity.org/press-release/americans-for-prosperity-statement-on-governor-healeys-state-of-the-commonwealth-address/
15:09:19 root         INFO     LEDE: [testlede] month: [Jan.] day: [16]
15:09:19 root         INFO     
ADDING: FILENAME: [testfilename th Address] TITLE: [Americans for Prosperity Statement on Governor Healey's State of the Commonwealth Address] DATE: [2025-01-16] ID [7234]

15:09:19 root         INFO     Driver opened url https://americansforprosperity.org/press-release/afp-nevada-responds-to-gov-lombardos-state-of-state-address/: 0.5 second load started
15:09:20 root         DEBUG    Titles: AFP-Nevada Responds to Gov. Lombardo's State of State Address
15:09:20 root         DEBUG    Dates: 2025-01-16
15:09:20 root         DEBUG    Desc: #  AFP-Nevada Responds to Gov. Lombardo’s State of State Address 

Jan 16, 2025 by AFP 

facebook  twitter  linkedin 

LAS VEGAS, NV—  Ahead of Nevada’s 83rd Legislative session starting in February, Gov. Joe Lombardo delivered his state of the state address, highlighting an agenda focused on economic opportunity and investment in Nevada’s education system and students. 

Lombardo gave five priority legislation areas in which he intends to focus: housing affordability and health care access, educational outcomes, public safety, and economic policy. 

Americans for Prosperity (AFP)-Nevada State Director Ronnie Najarro released the following statement: 

“AFP-Nevada appreciates Governor Lombardo’s leadership on economic policy and housing reform and reducing harmful regulations that have made purchasing a home out of reach for many Nevadans. We look forward to engaging on legislation that will foster economic opportunity and get government out of the way for Nevadans. 

“AFP-Nevada greatly appreciates the Governor’s leadership in expanding open enrollment and the opportunity scholarship program. Together, we will advocate for policies that expand educational freedom and ensure all students have access to high-quality education. 

“Looking ahead to 2025, we stand ready to work alongside Gov. Lombardo and the legislature on bipartisan solutions to help empower Nevadans and put the Silver State back on the pathway to prosperity.” 

* * *

#####  Related 

Press Release 

####  Americans for Prosperity – Ohio Releases ‘Buckeye Blueprint’ Legislative Agenda for Ohio’s 136th General Assembly 

Jan 14, 2025 by AFP 

Press Release 

####  AFP-VA Applauds Governor Youngkin’s State of the Commonwealth Address 

Jan 13, 2025 by AFP 

Commentary  Press Release 

####  Americans for Prosperity Launches $20 Million Nationwide Campaign Supporting the Trump Tax Cuts to Protect Oklahoma Families From Tax Hikes 

Jan 13, 2025 by AFP 

Press Release 

####  Americans for Prosperity Launches $20 Million Nationwide Campaign Supporting the Trump Tax Cuts to Protect Montana Families From Tax Hikes 

Jan 13, 2025 by AFP 

15:09:20 root         DEBUG    Agency_id 7234
15:09:20 root         DEBUG    Article Link: https://americansforprosperity.org/press-release/afp-nevada-responds-to-gov-lombardos-state-of-state-address/
15:09:20 root         INFO     LEDE: [testlede] month: [Jan.] day: [16]
15:09:20 root         INFO     
ADDING: FILENAME: [testfilename te Address] TITLE: [AFP-Nevada Responds to Gov. Lombardo's State of State Address] DATE: [2025-01-16] ID [7234]

15:09:20 root         ERROR    7234: 1062 (23000): Duplicate entry 'testfilename te Address' for key 'press_release.filename_uniq_idx'
15:09:20 root         INFO     Driver opened url https://americansforprosperity.org/press-release/americans-for-prosperity-tennessee-celebrates-major-transparency-win-in-the-house-rules-package/: 0.5 second load started
15:09:21 root         DEBUG    Titles: Americans for Prosperity - Tennessee Celebrates Major Transparency Win in the House Rules Package
15:09:21 root         DEBUG    Dates: 2025-01-16
15:09:21 root         DEBUG    Desc: #  Americans for Prosperity – Tennessee Celebrates Major Transparency Win in the House Rules Package 

Jan 16, 2025 by AFP 

facebook  twitter  linkedin 

Nashville, TN  – Today, the Tennessee House adopted a rules package with a major transparency win. The rules package included an amendment requiring House committee votes to be recorded, significantly increasing transparency in the legislative process. Americans for Prosperity – Tennessee (AFP-TN) celebrates this victory, having led the charge for this reform since 2020. This marks a momentous start to the legislative session, as increasing House transparency is one of AFP-TN’s top legislative priorities released in the  ‘Volunteer Way’  legislative agenda. 

AFP-TN State Director Tori Venable released the following statement  : 

“At Americans for Prosperity, we’re celebrating the adoption of the rules package to increase transparency in the House. This marks a significant step forward in making our government institutions more transparent and accountable to the public. 

“We want to extend a thank you to Speaker Cameron Sexton and Rep. Chris Todd for their unwavering commitment to making the Tennessee legislative process more transparent. AFP-TN remains committed to championing policies and solutions to enhance transparency and promote prosperity for all Tennesseans. We are excited to continue our work with lawmakers to advance key initiatives in our legislative agenda.” 

* * *

#####  Related 

Press Release 

####  AFP-TN Delivers 2025 “Volunteer Way” Legislative Agenda 

Dec 17, 2024 by AFP 

Press Release 

####  ICYMI: The Most Egregious Case of Local Election Interference 

Dec 5, 2024 by AFP 

Press Release 

####  AFP-IL Files 35 Ethics Complaints Against Rochester Public Library Officials 

Nov 18, 2024 by AFP 

Blog 

####  On November 5th, We Urge Every American to Make Their Voice Heard 

Oct 24, 2024 by kzurdosky 

15:09:21 root         DEBUG    Agency_id 7234
15:09:21 root         DEBUG    Article Link: https://americansforprosperity.org/press-release/americans-for-prosperity-tennessee-celebrates-major-transparency-win-in-the-house-rules-package/
15:09:21 root         INFO     LEDE: [testlede] month: [Jan.] day: [16]
15:09:21 root         INFO     
ADDING: FILENAME: [testfilename es Package] TITLE: [Americans for Prosperity - Tennessee Celebrates Major Transparency Win in the House Rules Package] DATE: [2025-01-16] ID [7234]

15:09:21 root         INFO     Driver opened url https://americansforprosperity.org/press-release/big-sky-blueprint-afp-montana-announces-legislative-priorities/: 0.5 second load started
15:09:22 root         DEBUG    Titles: Big Sky Blueprint: AFP-Montana Announces Legislative Priorities
15:09:22 root         DEBUG    Dates: 2025-01-15
15:09:22 root         DEBUG    Desc: #  Big Sky Blueprint: AFP-Montana Announces Legislative Priorities 

Jan 15, 2025 by AFP 

facebook  twitter  linkedin 

HELENA, MT  – Montana, a state once known for its strong middle class and thriving industries, finds itself at a crossroads. Over the past few decades, the state has seen a gradual decline in key areas like education, economic opportunity, and housing affordability. The time has come to reclaim the promise of Montana and chart a path back to prosperity. 

From Past Strength to Present Challenges 

Decades ago, Montana was a beacon of opportunity. Industries like logging, mining, and agriculture provided well-paying, stable jobs that allowed families to flourish. The state’s schools equipped children with the skills they needed to succeed, and homeownership was within reach for most Montanans. Median household income ranked near the middle nationally, and Montana’s economy stood strong. 

But today, Montana has slipped. The state now ranks 46th in median household income and 48th in total GDP. Job growth has slowed to 43rd nationally, and wages have stagnated, ranking 46th in growth over the past decade. Rising housing costs, driven by repressive government policies, have pushed homeownership further out of reach for many families. Even Montana’s education system, once a source of pride, has dropped to 30th nationally, with proficiency in math and reading ranking even lower. These statistics tell a story of a state struggling to provide opportunities for its people. 

The Costs of Decline 

The impacts of this decline are felt across the state. Rural communities that once thrived on logging and mining have seen economic stagnation as regulations and lawsuits have stifled natural resource industries. In these areas, job losses have driven young people away, leaving aging populations and shrinking tax bases. Meanwhile, the shift toward a tourism-centric economy has created jobs that are often seasonal, lower-paying, and less stable—leaving many Montanans vulnerable to economic downturns. 

The housing market reflects these broader challenges. Montana’s rising property taxes are 44% higher per capita than those of neighboring states like Wyoming and Idaho, placing a significant burden on homeowners and farmers. According to recent data from the National Association of Realtors, Montana is now the least affordable state in America for buying a home. This, coupled with increasing demand from out-of-state buyers, has made it harder for Montanans to afford homes in the communities they grew up in. 

A Vision for Renewal 

Montana’s challenges are significant, but they are not insurmountable. The state can reclaim its promise by focusing on the priorities that once made it strong: empowering families, fostering economic opportunity, and ensuring government serves as a partner—not an obstacle—to progress. 

  1. Education Reform  : Montana’s students deserve an education that equips them for success. The MAPPS Act allows parents to receive a dollar-for-dollar tax credit of up to $8,000 for funds spent on prequalified education resources for their child. These resources include private school tuition, tutoring, online learning programs, and other personalized educational options. The act also allows individuals and businesses to make charitable donations of up to $200,000 and receive a dollar-for-dollar tax credit. Additionally, parents below 500% of the Federal Poverty Level (FPL) can apply for funding of up to $8,000 per student per school year. By empowering parents to make decisions about their child’s education, the MAPPS Act ensures that each student has access to the learning environment that best supports their growth. 
  2. REINS ACT  : Montana has shifted from high-paying natural resource jobs to low-paying tourism industry jobs. By ensuring that laws are made by Montana’s elected representatives and not undermined by rules and regulations written by unelected and unaccountable bureaucrats, through a REINS act we can responsibly develop these resources, create high-paying jobs and reinvigorate rural communities. Montana’s timber, mining, and energy sectors can once again be engines of economic growth. By reining in unnecessary regulations, Montana can foster an environment where entrepreneurs and small businesses thrive. These changes will create more jobs and drive wage growth, giving Montanans greater opportunities to succeed. 
  3. Pension Reform:  Montana’s pension system faces significant challenges, with an underfunded defined benefit plan placing growing financial pressure on the state. The current system locks employees into rigid retirement structures, leaves taxpayers exposed to increasing liabilities, and jeopardizes long-term financial sustainability. Transitioning to a defined contribution plan offers a solution by empowering employees with greater flexibility, portability, and control over their retirement savings. At the same time, it reduces the state’s financial risk, ensuring a solvent system that protects current retirees while creating a more adaptable and sustainable future for Montana’s workforce. 
  4. Judicial Reform:  Montana’s judiciary must respect its role as an interpreter of laws, not a maker of them, adhering to originalist principles and the separation of powers. Too often, bills passed with overwhelming majorities are overthrown by a single judge or the State Supreme Court. Reform is needed to restore the judiciary’s constitutionally limited role. Judicial candidates should have the option to declare party affiliation or remain neutral, ensuring transparency, protecting rights of association and providing more voter information. Creating a special court system allowing defendants to request a one-time venue change ensures fairness. Additionally, the judiciary’s role in energy and environmental permitting should remain limited to interpreting regulations, leaving lawmaking to the legislature. These reforms uphold democratic processes and reinforce the proper balance of power. 



Reclaiming Montana’s Promise 

Montana has a proud history of self-reliance and opportunity. By addressing today’s challenges head-on, we can build a future that honors that legacy. Through bold reforms, we can restore Montana’s economy, strengthen its communities, and ensure that every Montanan has the opportunity to thrive. It’s time to reclaim our state’s promise and forge a path back to prosperity—together. 

AFP-Montana State Director Jesse Ramos released the following statement: 

“Montana is at a turning point, and we can’t afford to keep falling behind. Our families, our education system, and our businesses deserve better than the heavy hand of government and rules made by people we didn’t elect. It’s time to give parents real choices in their kids’ education, bring back good-paying jobs in industries that built our state, and make sure decisions are in the hands of Montanans—not unelected bureaucrats. We’re working to rebuild a stronger, freer Montana where hard work pays off, opportunities are everywhere, and every family can thrive. It’s time to take back our state and secure a better future for everyone” 

“We look forward to working alongside the policy champions in the legislature determined to improve the lives of each and every Montanan.” 

* * *

#####  Related 

Press Release 

####  Americans for Prosperity Statement on Governor Healey’s State of the Commonwealth Address 

Jan 16, 2025 by AFP 

Featured 

####  Americans for Prosperity-Florida Congratulates Florida Attorney General Ashley Moody on Appointment to the United States Senate 

Jan 16, 2025 by AFP 

Featured 

####  Americans for Prosperity Launches $20 Million Nationwide Campaign Supporting the Trump Tax Cuts to Protect Florida Families From Tax Hikes 

Jan 13, 2025 by AFP 

Featured 

####  Americans for Prosperity Launches $20 Million Nationwide Campaign Supporting the Trump Tax Cuts to Protect Arkansas Families From Tax Hikes 

Jan 13, 2025 by AFP 

15:09:22 root         DEBUG    Agency_id 7234
15:09:22 root         DEBUG    Article Link: https://americansforprosperity.org/press-release/big-sky-blueprint-afp-montana-announces-legislative-priorities/
15:09:22 root         INFO     LEDE: [testlede] month: [Jan.] day: [15]
15:09:22 root         INFO     
ADDING: FILENAME: [testfilename Priorities] TITLE: [Big Sky Blueprint: AFP-Montana Announces Legislative Priorities] DATE: [2025-01-15] ID [7234]

15:09:23 root         INFO     Driver opened url https://americansforprosperity.org/press-release/icymi-americans-for-prosperity-tennessee-gathers-at-the-state-capitol-to-kick-off-the-commencement-of-the-114th-general-assembly/: 0.5 second load started
15:09:23 root         DEBUG    Titles: ICYMI: Americans for Prosperity - Tennessee Gathers at the State Capitol to Kick Off the Commencement of the 114th General Assembly
15:09:23 root         DEBUG    Dates: 2025-01-15
15:09:23 root         DEBUG    Desc: #  ICYMI: Americans for Prosperity – Tennessee Gathers at the State Capitol to Kick Off the Commencement of the 114th General Assembly 

Jan 15, 2025 by AFP 

facebook  twitter  linkedin 

Nashville, TN  – Yesterday, Americans for Prosperity-Tennessee (AFP-TN) hosted a gathering at the State Capitol to celebrate the start of the 114th General Assembly. More than 60 grassroots activists from across the state gathered at the Capitol to advocate for policy priorities aimed at building a stronger and more prosperous Tennessee. AFP’s  ‘  Volunteer Way’  legislative agenda outlines the organization’s focus on expanding universal school choice, advancing the REINS Act, banning statewide property taxes, and increasing transparency in the House. 

School choice reform is a top priority for AFP this legislative session. AFP has already  launched  a statewide school choice campaign with Senator Marsha Blackburn (R-TN) and Knox County Mayor Glen Jacobs. Both leaders expressed strong support for expanding education freedom in the state, believing that every family, regardless of income, deserves access to a high-quality education that fits their specific learning needs. 

AFP-TN State Director Tori Venable released the following statement  : 

“At Americans for Prosperity, we are excited to kick off the 114th General Assembly at the forefront of advancing critical policies that work to expand freedom and prosperity in Tennessee. 

“Universal school choice is at the top of our agenda. Tennessee families deserve better than outdated education policies and unnecessary barriers. Education funds should follow the student, allowing every child the opportunity to succeed in a school that meets their unique needs. 

“This session, we’re committed to driving meaningful change by continuing our work alongside lawmakers and activists to champion legislation that puts Tennesseans first and allows everyone to pursue their version of the American Dream.” 

Photos from AFP-TN’s day at the Tennessee State Capitol can be found below  : 

Gov. Bill Lee and AFP-TN State Director Tori Venable support school choice 

Majority Leader Jack Johnson speaks to AFP Grassroots activists 

* * *

#####  Related 

Featured 

####  ICYMI: AFP-AR, Top State Lawmakers, and Coalition Groups Call on Congress to Extend the Trump Tax Cuts 

Jan 14, 2025 by AFP 

Press Release 

####  Americans for Prosperity – Ohio Releases ‘Buckeye Blueprint’ Legislative Agenda for Ohio’s 136th General Assembly 

Jan 14, 2025 by AFP 

Press Release 

####  AFP-VA Applauds Governor Youngkin’s State of the Commonwealth Address 

Jan 13, 2025 by AFP 

Blog 

####  Protect Prosperity: Protect our Tax Cuts 

Jan 13, 2025 by AFP 

15:09:23 root         DEBUG    Agency_id 7234
15:09:23 root         DEBUG    Article Link: https://americansforprosperity.org/press-release/icymi-americans-for-prosperity-tennessee-gathers-at-the-state-capitol-to-kick-off-the-commencement-of-the-114th-general-assembly/
15:09:23 root         INFO     LEDE: [testlede] month: [Jan.] day: [15]
15:09:24 root         INFO     
ADDING: FILENAME: [testfilename l Assembly] TITLE: [ICYMI: Americans for Prosperity - Tennessee Gathers at the State Capitol to Kick Off the Commencement of the 114th General Assembly] DATE: [2025-01-15] ID [7234]

15:09:24 root         INFO     Driver opened url https://americansforprosperity.org/press-release/225446/: 0.5 second load started
15:09:25 root         DEBUG    Titles: WHAT THEY ARE SAYING: Lawmakers, Media Highlight Importance of Renewing Trump Tax Cuts, Strength of AFP's Grassroots Reach
15:09:25 root         DEBUG    Dates: 2025-01-14
15:09:25 root         DEBUG    Desc: #  WHAT THEY ARE SAYING: Lawmakers, Media Highlight Importance of Renewing Trump Tax Cuts, Strength of AFP’s Grassroots Reach 

Jan 14, 2025 by AFP 

facebook  twitter  linkedin 

ARLINGTON, VA—  L  awmakers, media, and grassroots leaders  highlighted the importance of  A  mericans for Prosperity’s major $20 million  Protect Prosperity  campaign  t  o renew President Trump’s  Tax Cuts and Jobs Act  before provisions expire this year.  The campaign,  the largest effort to date by a conservative organization to support President Trump’s second-term legislative agenda,  launches this week with a 50-state ad blitz urging Americans to tell Washington now is not the time for higher taxes. Here’s what they’re saying: 

From FOX News’  Guy Benson: 

From the  Washington Post’s  Patrick Svitek: 

“The conservative group Americans for Prosperity announced Monday it is launching a $20 million campaign to support  one of President-elect Donald Trump’s biggest priorities once he takes office in a week: renewing his 2017 tax cuts. 

From  Fox News’ Paul Steinhauser: 

“The group, and its aligned political wing, has a wide-ranging grassroots network across the country that it touts  has reached nearly 30 million voters the past two years.” 

From  Politico’s  Benjamin Guggenheim: 

“AFP plans to leverage its grassroots network to knock on constituents’ doors, hold over 1,000 meetings on Capitol Hill and  ‘hold accountable members who do not support this agenda,’  the group said.” 

From  Politico’s  Garrett Ross: 

“MAJOR MESSAGING MOVE” 

From  Congressman Rich McCormick: 

From  Congresswoman Kat Cammack: 

From  Congressman Greg Steube: 

From  Congressman Pete Sessions  : 

From  PA Congressman Ryan Mackenzie: 

AFP’s  Protect Prosperity  push will mobilize AFP’s grassroots army of millions to renew President Trump’s  Tax Cuts and Jobs Act  – holding lawmakers accountable and serving as a major boost to help President Trump and Congress drive a win for the American people. 

Click  HERE  for the press release announcing the campaign. Click  HERE  for state-by-state breakdowns on how much your taxes could go up if Congress fails to renew the TCJA. 

For more on why Congress should renew the TCJA, and to join our grassroots movement, visit  ProtectProsperity.com. 

* * *

#####  Related 

Press Release 

####  ICYMI Via Real Clear: Congress Must Put Trump’s Tax Cuts at the Top of the Priority List in 2025 

Jan 17, 2025 by AFP 

Featured  Press Release 

####  AFP-GA Praises Gov. Kemp’s State of the State Address 

Jan 17, 2025 by AFP 

Blog 

####  4 things DOGE should focus on to cut down government waste 

Jan 17, 2025 by AFP 

Featured 

####  AFP-KS Reacts to Governor Kelly’s Address and Fiscally Irresponsible Budget Proposal 

Jan 17, 2025 by AFP 

15:09:25 root         DEBUG    Agency_id 7234
15:09:25 root         DEBUG    Article Link: https://americansforprosperity.org/press-release/225446/
15:09:25 root         INFO     LEDE: [testlede] month: [Jan.] day: [14]
15:09:25 root         INFO     
ADDING: FILENAME: [testfilename oots Reach] TITLE: [WHAT THEY ARE SAYING: Lawmakers, Media Highlight Importance of Renewing Trump Tax Cuts, Strength of AFP's Grassroots Reach] DATE: [2025-01-14] ID [7234]

15:09:25 root         INFO     Scrape errors found during run:
15:09:25 root         INFO     []
15:09:25 root         INFO     End of file message
15:09:25 root         INFO     

Load Version 2.0.1 01/17/2025
       Docs Loaded: 8
       URLS processed: 1
       DUPS skipped: 1
       No Ledes found: 0

Passed Parameters:
       Pull House and Senate: False
       Number of days back: 30
       Start Time: 2025-01-19 15:09:07
       End Time: 2025-01-19 15:09:25
       Elapsed Time: 0:00:18
       Character Minimum Amount: 100

Errors:
Docs:
	Loaded:
		7234: ICYMI Via Real Clear: Congress Must Put Trump's Tax Cuts at the Top of the Priority List in 2025
		7234: AFP-GA Praises Gov. Kemp's State of the State Address
		7234: AFP-OH Congratulates Jon Husted for Appointment as U.S. Senator
		7234: Americans for Prosperity Statement on Governor Healey's State of the Commonwealth Address
		7234: Americans for Prosperity - Tennessee Celebrates Major Transparency Win in the House Rules Package
		7234: Big Sky Blueprint: AFP-Montana Announces Legislative Priorities
		7234: ICYMI: Americans for Prosperity - Tennessee Gathers at the State Capitol to Kick Off the Commencement of the 114th General Assembly
		7234: WHAT THEY ARE SAYING: Lawmakers, Media Highlight Importance of Renewing Trump Tax Cuts, Strength of AFP's Grassroots Reach
	Duplicates:
		7234: AFP-Nevada Responds to Gov. Lombardo's State of State Address
