10:44:15 root         INFO     Skipping 27599
10:44:15 root         INFO     Skipping 30449
10:44:15 root         INFO     Skipping 14315
10:44:15 root         INFO     Skipping 7566
10:44:15 root         INFO     Skipping 804
10:44:15 root         INFO     Skipping 12106
10:44:15 root         INFO     Skipping 8034
10:44:15 root         INFO     Skipping 7901
10:44:15 root         INFO     Skipping 20157
10:44:15 root         INFO     Skipping 6950
10:44:15 root         INFO     Skipping 15026
10:44:15 root         INFO     Skipping 19993
10:44:15 root         INFO     Skipping 21569
10:44:15 root         INFO     Skipping 23030
10:44:15 root         INFO     Skipping 206
10:44:15 root         INFO     Skipping 16046
10:44:15 root         INFO     Skipping 16140
10:44:15 root         INFO     Skipping 16037
10:44:15 root         INFO     Skipping 43
10:44:15 root         INFO     Skipping 225
10:44:15 root         INFO     Skipping 37711
10:44:15 root         INFO     Skipping 34699
10:44:15 root         INFO     Skipping 19021
10:44:15 root         INFO     Skipping 18495
10:44:15 root         INFO     Skipping 222
10:44:15 root         INFO     Skipping 5602
10:44:15 root         INFO     Skipping 16027
10:44:15 root         INFO     Skipping 21499
10:44:15 root         INFO     Skipping 2698
10:44:15 root         INFO     Skipping 27867
10:44:15 root         INFO     Skipping 24224
10:44:15 root         INFO     Skipping 21563
10:44:15 root         INFO     Skipping 24227
10:44:15 root         INFO     Skipping 17224
10:44:15 root         INFO     Skipping 219
10:44:15 root         INFO     Skipping 23814
10:44:15 root         INFO     Skipping 15376
10:44:15 root         INFO     Skipping 19286
10:44:15 root         INFO     Skipping 28048
10:44:15 root         INFO     Skipping 543
10:44:15 root         INFO     Skipping 24233
10:44:15 root         INFO     Skipping 18735
10:44:15 root         INFO     Skipping 1066
10:44:15 root         INFO     Skipping 37680
10:44:15 root         INFO     Skipping 691
10:44:15 root         INFO     Skipping 677
10:44:15 root         INFO     Skipping 20141
10:44:15 root         INFO     Skipping 36151
10:44:15 root         INFO     Skipping 20319
10:44:15 root         INFO     Skipping 12400
10:44:15 root         INFO     Skipping 127
10:44:15 root         INFO     Skipping 20792
10:44:15 root         INFO     Skipping 17104
10:44:15 root         INFO     Skipping 24344
10:44:15 root         INFO     Skipping 19546
10:44:15 root         INFO     Skipping 15565
10:44:15 root         INFO     Skipping 13359
10:44:15 root         INFO     Skipping 17922
10:44:15 root         INFO     Skipping 22481
10:44:15 root         INFO     Skipping 20138
10:44:15 root         INFO     Skipping 119
10:44:15 root         INFO     Skipping 24
10:44:15 root         INFO     Skipping 21188
10:44:15 root         INFO     Skipping 3016
10:44:15 root         INFO     Skipping 21525
10:44:15 root         INFO     Skipping 37694
10:44:15 root         INFO     Skipping 18710
10:44:15 root         INFO     Skipping 29332
10:44:15 root         INFO     Skipping 23100
10:44:15 root         INFO     Skipping 37725
10:44:15 root         INFO     Skipping 15633
10:44:15 root         INFO     Skipping 948
10:44:15 root         INFO     Skipping 30993
10:44:15 root         INFO     Skipping 22221
10:44:15 root         INFO     Skipping 22654
10:44:15 root         INFO     Skipping 35809
10:44:15 root         INFO     Skipping 35576
10:44:15 root         INFO     Skipping 37408
10:44:15 root         INFO     Skipping 7844
10:44:15 root         INFO     Skipping 169
10:44:15 root         INFO     Skipping 20
10:44:15 root         INFO     Skipping 8022
10:44:15 root         INFO     Skipping 8032
10:44:15 root         INFO     Skipping 20605
10:44:15 root         INFO     Skipping 7838
10:44:15 root         INFO     Skipping 21497
10:44:15 root         INFO     Skipping 35572
10:44:15 root         INFO     Skipping 30425
10:44:15 root         INFO     Skipping 35517
10:44:15 root         INFO     Skipping 35524
10:44:15 root         INFO     Skipping 21522
10:44:15 root         INFO     Skipping 1325
10:44:15 root         INFO     Skipping 1079
10:44:15 root         INFO     Skipping 6973
10:44:15 root         INFO     Skipping 37495
10:44:15 root         INFO     Skipping 30405
10:44:15 root         INFO     Skipping 18767
10:44:15 root         INFO     Skipping 21521
10:44:15 root         INFO     Skipping 921
10:44:15 root         INFO     Skipping 27602
10:44:15 root         INFO     Skipping 21335
10:44:15 root         INFO     Skipping 30444
10:44:15 root         INFO     Skipping 1363
10:44:15 root         INFO     Skipping 9488
10:44:15 root         INFO     Skipping 24230
10:44:15 root         INFO     Skipping 2696
10:44:15 root         INFO     Skipping 37705
10:44:15 root         INFO     Skipping 33752
10:44:15 root         INFO     Skipping 37731
10:44:15 root         INFO     Skipping 37740
10:44:15 root         INFO     Skipping 9427
10:44:15 root         INFO     Skipping 19880
10:44:15 root         INFO     Skipping 632
10:44:15 root         INFO     Skipping 135
10:44:15 root         INFO     Skipping 39007
10:44:15 root         INFO     Skipping 551
10:44:15 root         INFO     Skipping 37304
10:44:15 root         INFO     Skipping 20115
10:44:15 root         INFO     Skipping 13362
10:44:15 root         INFO     Skipping 7333
10:44:15 root         INFO     Skipping 21423
10:44:15 root         INFO     Skipping 17653
10:44:15 root         INFO     Skipping 21152
10:44:15 root         INFO     Skipping 16031
10:44:15 root         INFO     Skipping 27074
10:44:15 root         INFO     Skipping 255
10:44:15 root         INFO     Skipping 431
10:44:15 root         INFO     Skipping 19290
10:44:15 root         INFO     Skipping 33954
10:44:15 root         INFO     Skipping 22921
10:44:15 root         INFO     Skipping 26556
10:44:15 root         INFO     Skipping 167
10:44:15 root         INFO     Skipping 15884
10:44:15 root         INFO     Skipping 30382
10:44:15 root         INFO     Skipping 30450
10:44:15 root         INFO     Skipping 27626
10:44:15 root         INFO     Skipping 37748
10:44:15 root         INFO     Skipping 715
10:44:15 root         INFO     Skipping 18734
10:44:15 root         INFO     Skipping 9485
10:44:15 root         INFO     Skipping 24231
10:44:15 root         INFO     Skipping 6221
10:44:15 root         INFO     Skipping 15392
10:44:15 root         INFO     Skipping 14466
10:44:15 root         INFO     Skipping 15025
10:44:15 root         INFO     Skipping 19760
10:44:15 root         INFO     Skipping 37095
10:44:15 root         INFO     Skipping 122
10:44:15 root         INFO     Skipping 113
10:44:15 root         INFO     Skipping 13863
10:44:15 root         INFO     Skipping 7355
10:44:15 root         INFO     Skipping 8042
10:44:15 root         INFO     Skipping 23802
10:44:15 root         INFO     Skipping 282
10:44:15 root         INFO     Skipping 7316
10:44:15 root         INFO     Skipping 16040
10:44:15 root         INFO     Skipping 7922
10:44:15 root         INFO     Skipping 16041
10:44:15 root         INFO     Skipping 28101
10:44:15 root         INFO     Skipping 3410
10:44:15 root         INFO     Skipping 7121
10:44:15 root         INFO     Skipping 17116
10:44:15 root         INFO     Skipping 20034
10:44:15 root         INFO     Skipping 6918
10:44:15 root         INFO     Skipping 22037
10:44:15 root         INFO     Skipping 14373
10:44:15 root         INFO     Skipping 13794
10:44:15 root         INFO     Skipping 13964
10:44:15 root         INFO     Skipping 6930
10:44:15 root         INFO     Skipping 19978
10:44:15 root         INFO     Skipping 14069
10:44:15 root         INFO     Skipping 14111
10:44:15 root         INFO     Skipping 6931
10:44:15 root         INFO     Skipping 14021
10:44:15 root         INFO     Skipping 37180
10:44:15 root         INFO     Skipping 35130
10:44:15 root         INFO     Skipping 19684
10:44:15 root         INFO     Skipping 28292
10:44:15 root         INFO     Skipping 30335
10:44:15 root         INFO     Skipping 14867
10:44:15 root         INFO     Skipping 23669
10:44:15 root         INFO     Skipping 6793
10:44:15 root         INFO     Skipping 15440
10:44:15 root         INFO     Skipping 23588
10:44:15 root         INFO     Skipping 10156
10:44:15 root         INFO     Skipping 30046
10:44:15 root         INFO     Skipping 39476
10:44:15 root         INFO     Skipping 37727
10:44:15 root         INFO     Skipping 33096
10:44:15 root         INFO     Skipping 32423
10:44:15 root         INFO     Skipping 30658
10:44:15 root         INFO     Skipping 18394
10:44:15 root         INFO     Skipping 19870
10:44:15 root         INFO     Skipping 15962
10:44:15 root         INFO     Skipping 702
10:44:15 root         INFO     Skipping 39478
10:44:15 root         INFO     Skipping 30435
10:44:15 root         INFO     Skipping 9445
10:44:15 root         INFO     Skipping 24173
10:44:15 root         INFO     Skipping 35554
10:44:15 root         INFO     Skipping 18733
10:44:15 root         INFO     Skipping 3962
10:44:15 root         INFO     Skipping 26659
10:44:15 root         INFO     Skipping 32135
10:44:15 root         INFO     Skipping 27843
10:44:15 root         INFO     Skipping 17658
10:44:15 root         INFO     Skipping 27186
10:44:15 root         INFO     Skipping 6922
10:44:15 root         INFO     Skipping 7317
10:44:15 root         INFO     Skipping 37607
10:44:15 root         INFO     Skipping 19748
10:44:15 root         INFO     Skipping 14979
10:44:15 root         INFO     Skipping 28256
10:44:15 root         INFO     Skipping 15000
10:44:15 root         INFO     Skipping 15725
10:44:15 root         INFO     Skipping 21561
10:44:15 root         INFO     Skipping 23098
10:44:15 root         INFO     Skipping 24231
10:44:15 root         INFO     Skipping 30469
10:44:15 root         INFO     Skipping 37819
10:44:15 root         INFO     Skipping 27605
10:44:15 root         INFO     Skipping 24799
10:44:15 root         INFO     Skipping 35571
10:44:15 root         INFO     Skipping 18750
10:44:15 root         INFO     Skipping 21564
10:44:15 root         INFO     Skipping 695
10:44:15 root         INFO     Skipping 619
10:44:15 root         INFO     Skipping 21566
10:44:15 root         INFO     Skipping 18746
10:44:15 root         INFO     Skipping 30470
10:44:15 root         INFO     Skipping 37747
10:44:15 root         INFO     Skipping 35726
10:44:15 root         INFO     Skipping 35708
10:44:15 root         INFO     Skipping 35705
10:44:15 root         INFO     Skipping 35727
10:44:15 root         INFO     Skipping 37743
10:44:15 root         INFO     Skipping 24229
10:44:15 root         INFO     Skipping 37748
10:44:15 root         INFO     Skipping 19879
10:44:15 root         INFO     Skipping 717
10:44:15 root         INFO     Skipping 35728
10:44:15 root         INFO     Skipping 37820
10:44:15 root         INFO     Skipping 30473
10:44:15 root         INFO     Skipping 37744
10:44:15 root         INFO     Skipping 28313
10:44:15 root         INFO     Skipping 37749
10:44:15 root         INFO     Skipping 15948
10:44:15 root         INFO     Skipping 35707
10:44:15 root         INFO     Skipping 35706
10:44:15 root         INFO     Skipping 35704
10:44:15 root         INFO     Skipping 18740
10:44:15 root         INFO     Skipping 18736
10:44:15 root         INFO     Skipping 183
10:44:15 root         INFO     Skipping 7887
10:44:15 root         INFO     Skipping 15551
10:44:15 root         INFO     Skipping 35562
10:44:15 root         INFO     Skipping 9423
10:44:15 root         INFO     Skipping 1519
10:44:15 root         INFO     Skipping 35489
10:44:15 root         INFO     Skipping 20880
10:44:15 root         INFO     Skipping 37235
10:44:15 root         INFO     Skipping 15882
10:44:15 root         INFO     Skipping 1169
10:44:15 root         INFO     Skipping 9463
10:44:15 root         INFO     Skipping 37685
10:44:15 root         INFO     Skipping 809
10:44:15 root         INFO     Skipping 9421
10:44:15 root         INFO     Skipping 30397
10:44:15 root         INFO     Skipping 37735
10:44:15 root         INFO     Skipping 30394
10:44:15 root         INFO     Skipping 30448
10:44:15 root         INFO     Skipping 27614
10:44:15 root         INFO     Skipping 35527
10:44:15 root         INFO     Skipping 37416
10:44:15 root         INFO     Skipping 37709
10:44:15 root         INFO     Skipping 27649
10:44:15 root         INFO     Skipping 35546
10:44:15 root         INFO     Skipping 1098
10:44:15 root         INFO     Skipping 21488
10:44:15 root         INFO     Skipping 37674
10:44:15 root         INFO     Skipping 37706
10:44:15 root         INFO     Skipping 37713
10:44:15 root         INFO     Skipping 918
10:44:15 root         INFO     Skipping 24210
10:44:15 root         INFO     Skipping 37728
10:44:15 root         INFO     Skipping 35555
10:44:15 root         INFO     Skipping 35556
10:44:15 root         INFO     Skipping 892
10:44:15 root         INFO     Skipping 38045
10:44:15 root         INFO     Skipping 829
10:44:15 root         INFO     Skipping 30468
10:44:15 root         INFO     Skipping 24186
10:44:15 root         INFO     Skipping 24194
10:44:15 root         INFO     Skipping 37693
10:44:15 root         INFO     Skipping 30429
10:44:15 root         INFO     Skipping 1249
10:44:15 root         INFO     Skipping 30434
10:44:15 root         INFO     Skipping 24199
10:44:15 root         INFO     Skipping 37688
10:44:15 root         INFO     Skipping 23853
10:44:15 root         INFO     Skipping 30456
10:44:15 root         INFO     Skipping 1036
10:44:15 root         INFO     Skipping 30436
10:44:15 root         INFO     Skipping 37690
10:44:15 root         INFO     Skipping 36428
10:44:15 root         INFO     Skipping 37721
10:44:15 root         INFO     Skipping 27646
10:44:15 root         INFO     Skipping 24187
10:44:15 root         INFO     Skipping 35551
10:44:15 root         INFO     Skipping 925
10:44:15 root         INFO     Skipping 21570
10:44:15 root         INFO     Skipping 21536
10:44:15 root         INFO     Skipping 604
10:44:15 root         INFO     Skipping 21562
10:44:15 root         INFO     Skipping 21572
10:44:15 root         INFO     Skipping 17884
10:44:15 root         INFO     Skipping 235
10:44:15 root         INFO     Skipping 2909
10:44:15 root         INFO     Skipping 21487
10:44:15 root         INFO     Skipping 27644
10:44:15 root         INFO     Skipping 37722
10:44:15 root         INFO     Skipping 24175
10:44:15 root         INFO     Skipping 27637
10:44:15 root         INFO     Skipping 9424
10:44:15 root         INFO     Skipping 24181
10:44:15 root         INFO     Skipping 37676
10:44:15 root         INFO     Skipping 15912
10:44:15 root         INFO     Skipping 1004
10:44:15 root         INFO     Skipping 15922
10:44:15 root         INFO     Skipping 21523
10:44:15 root         INFO     Skipping 14489
10:44:15 root         INFO     Skipping 18756
10:44:15 root         INFO     Skipping 23549
10:44:15 root         INFO     Skipping 30414
10:44:15 root         INFO     Skipping 2505
10:44:15 root         INFO     Skipping 28735
10:44:15 root         INFO     Skipping 599
10:44:15 root         INFO     Skipping 24124
10:44:15 root         INFO     Skipping 24218
10:44:15 root         INFO     Skipping 19874
10:44:15 root         INFO     Skipping 2175
10:44:15 root         INFO     Skipping 21467
10:44:15 root         INFO     Skipping 30525
10:44:15 root         INFO     Skipping 24176
10:44:15 root         INFO     Skipping 15949
10:44:15 root         INFO     Skipping 27630
10:44:15 root         INFO     Skipping 27632
10:44:15 root         INFO     Skipping 606
10:44:15 root         INFO     Skipping 27629
10:44:15 root         INFO     Skipping 24228
10:44:15 root         INFO     Skipping 562
10:44:15 root         INFO     Skipping 21633
10:44:15 root         INFO     Skipping 24225
10:44:15 root         INFO     Skipping 18725
10:44:15 root         INFO     Skipping 21567
10:44:15 root         INFO     Skipping 27628
10:44:15 root         INFO     Skipping 12921
10:44:15 root         INFO     Skipping 47
10:44:15 root         INFO     Skipping 8101
10:44:15 root         INFO     Skipping 27936
10:44:15 root         INFO     Skipping 23089
10:44:15 root         INFO     Skipping 15911
10:44:15 root         INFO     Skipping 30472
10:44:15 root         INFO     Skipping 35703
10:44:15 root         INFO     Skipping 30475
10:44:15 root         INFO     Skipping 18739
10:44:15 root         INFO     Skipping 30378
10:44:15 root         INFO     Skipping 21
10:44:15 root         INFO     Skipping 32904
10:44:15 root         INFO     Skipping 24169
10:44:15 root         INFO     Skipping 27616
10:44:15 root         INFO     Skipping 546
10:44:15 root         INFO     Skipping 125
10:44:15 root         INFO     Skipping 432
10:44:15 root         INFO     Skipping 23572
10:44:15 root         INFO     Skipping 1
10:44:15 root         INFO     Skipping 10
10:44:15 root         INFO     Skipping 72
10:44:15 root         INFO     Skipping 106
10:44:15 root         INFO     Skipping 804
10:44:15 root         INFO     Skipping 697
10:44:15 root         INFO     Skipping 166
10:44:15 root         INFO     Skipping 37667
10:44:15 root         INFO     Skipping 24234
10:44:15 root         INFO     Skipping 34781
10:44:15 root         INFO     Skipping 44
10:44:15 root         INFO     Skipping 2434
10:44:15 root         INFO     Skipping 7307
10:44:15 root         INFO     Skipping 7280
10:44:15 root         INFO     Skipping 14197
10:44:15 root         INFO     Skipping 6929
10:44:15 root         INFO     Skipping 24223
10:44:15 root         INFO     Skipping 30412
10:44:15 root         INFO     Skipping 21230
10:44:15 root         INFO     Skipping 7124
10:44:15 root         INFO     Skipping 7516
10:44:15 root         INFO     Skipping 9231
10:44:15 root         INFO     Skipping 13222
10:44:15 root         INFO     Skipping 24928
10:44:15 root         INFO     Skipping 14466
10:44:15 root         INFO     Skipping 19685
10:44:15 root         INFO     Skipping 14008
10:44:15 root         INFO     Skipping 20480
10:44:15 root         INFO     Skipping 7126
10:44:15 root         INFO     Skipping 15792
10:44:15 root         INFO     Skipping 27571
10:44:15 root         INFO     Skipping 19109
10:44:15 root         INFO     Skipping 14066
10:44:15 root         INFO     Skipping 7103
10:44:15 root         INFO     Skipping 13479
10:44:15 root         INFO     Skipping 13475
10:44:15 root         INFO     Skipping 24237
10:44:15 root         INFO     Skipping 28365
10:44:15 root         INFO     Skipping 7118
10:44:15 root         INFO     Skipping 19909
10:44:15 root         INFO     Skipping 13664
10:44:15 root         INFO     Skipping 13467
10:44:15 root         INFO     Skipping 18743
10:44:15 root         INFO     Skipping 19881
10:44:15 root         INFO     Skipping 6970
10:44:15 root         INFO     Skipping 7286
10:44:15 root         INFO     Skipping 14047
10:44:15 root         INFO     Skipping 35569
10:44:15 root         INFO     Skipping 37741
10:44:15 root         INFO     Skipping 37697
10:44:15 root         INFO     Skipping 1453
10:44:15 root         INFO     Skipping 18818
10:44:15 root         INFO     Skipping 37745
10:44:15 root         INFO     Skipping 18836
10:44:15 root         INFO     Skipping 37441
10:44:15 root         INFO     Skipping 24207
10:44:15 root         INFO     Skipping 1483
10:44:15 root         INFO     Skipping 30395
10:44:15 root         INFO     Skipping 30432
10:44:15 root         INFO     Skipping 36969
10:44:15 root         INFO     Skipping 21533
10:44:15 root         INFO     Skipping 1352
10:44:15 root         INFO     Skipping 30390
10:44:15 root         INFO     Skipping 1149
10:44:15 root         INFO     Skipping 24202
10:44:15 root         INFO     Skipping 30389
10:44:15 root         INFO     Skipping 15891
10:44:15 root         INFO     Skipping 14488
10:44:15 root         INFO     Skipping 30528
10:44:15 root         INFO     Skipping 27597
10:44:15 root         INFO     Skipping 37737
10:44:15 root         INFO     Skipping 1557
10:44:15 root         INFO     Skipping 27609
10:44:15 root         INFO     Skipping 900
10:44:15 root         INFO     Skipping 21527
10:44:15 root         INFO     Skipping 1479
10:44:15 root         INFO     Skipping 30387
10:44:15 root         INFO     Skipping 980
10:44:15 root         INFO     Skipping 37703
10:44:15 root         INFO     Skipping 15304
10:44:15 root         INFO     Skipping 128
10:44:15 root         INFO     Skipping 14781
10:44:15 root         INFO     Skipping 15528
10:44:15 root         INFO     Skipping 25120
10:44:15 root         INFO     Skipping 33803
10:44:15 root         INFO     Skipping 20476
10:44:15 root         INFO     Skipping 27502
10:44:15 root         INFO     Skipping 13456
10:44:15 root         INFO     Skipping 27390
10:44:15 root         INFO     Skipping 15813
10:44:15 root         INFO     Skipping 7320
10:44:15 root         INFO     Skipping 20668
10:44:15 root         INFO     Skipping 38937
10:44:15 root         INFO     Skipping 37417
10:44:15 root         INFO     Skipping 13038
10:44:15 root         INFO     Skipping 6932
10:44:15 root         INFO     Skipping 14978
10:44:15 root         INFO     Skipping 17045
10:44:15 root         INFO     Skipping 22385
10:44:15 root         INFO     Skipping 7853
10:44:15 root         INFO     Skipping 14026
10:44:15 root         INFO     Skipping 14923
10:44:15 root         INFO     Skipping 7288
10:44:15 root         INFO     Skipping 7538
10:44:15 root         INFO     Skipping 13451
10:44:15 root         INFO     Skipping 25009
10:44:15 root         INFO     Skipping 9452
10:44:15 root         INFO     Skipping 20118
10:44:15 root         INFO     Skipping 20475
10:44:15 root         INFO     Skipping 14602
10:44:15 root         INFO     Skipping 7291
10:44:15 root         INFO     Skipping 13457
10:44:15 root         INFO     Skipping 7345
10:44:15 root         INFO     Skipping 35752
10:44:15 root         INFO     Skipping 31489
10:44:15 root         INFO     Skipping 15674
10:44:15 root         INFO     Skipping 31189
10:44:15 root         INFO     Skipping 21
10:44:15 root         INFO     Skipping 247
10:44:15 root         INFO     Skipping 20084
10:44:15 root         INFO     Skipping 16020
10:44:15 root         INFO     Skipping 2009
10:44:15 root         INFO     Skipping 1773
10:44:15 root         INFO     Skipping 7337
10:44:15 root         INFO     Skipping 14910
10:44:15 root         INFO     Skipping 7339
10:44:15 root         INFO     Skipping 24976
10:44:15 root         INFO     Skipping 30360
10:44:15 root         INFO     Skipping 24315
10:44:15 root         INFO     Skipping 30361
10:44:15 root         INFO     Skipping 30358
10:44:15 root         INFO     Skipping 37191
10:44:15 root         INFO     Skipping 3129
10:44:15 root         INFO     Skipping 3052
10:44:15 root         INFO     Skipping 37932
10:44:15 root         INFO     Skipping 3125
10:44:15 root         INFO     Skipping 3109
10:44:15 root         INFO     Skipping 20056
10:44:15 root         INFO     Skipping 37778
10:44:15 root         INFO     Skipping 35587
10:44:15 root         INFO     Skipping 28452
10:44:15 root         INFO     Skipping 3320
10:44:15 root         INFO     Skipping 30367
10:44:15 root         INFO     Skipping 3048
10:44:15 root         INFO     Skipping 27750
10:44:15 root         INFO     Skipping 3072
10:44:15 root         INFO     Skipping 38049
10:44:15 root         INFO     Skipping 30366
10:44:15 root         INFO     Skipping 30368
10:44:15 root         INFO     Skipping 27956
10:44:15 root         INFO     Skipping 15709
10:44:15 root         INFO     Skipping 38047
10:44:15 root         INFO     Skipping 3137
10:44:15 root         INFO     Skipping 3085
10:44:15 root         INFO     Skipping 2042
10:44:15 root         INFO     Skipping 30374
10:44:15 root         INFO     Skipping 3064
10:44:15 root         INFO     Skipping 3286
10:44:15 root         INFO     Skipping 30362
10:44:15 root         INFO     Skipping 3309
10:44:15 root         INFO     Skipping 37826
10:44:15 root         INFO     Skipping 4972
10:44:15 root         INFO     Skipping 15790
10:44:15 root         INFO     Skipping 18747
10:44:15 root         INFO     Skipping 22401
10:44:15 root         INFO     Skipping 18711
10:44:15 root         INFO     Skipping 3123
10:44:15 root         INFO     Skipping 3296
10:44:15 root         INFO     Skipping 164
10:44:15 root         INFO     Skipping 30617
10:44:15 root         INFO     Skipping 19614
10:44:15 root         INFO     Skipping 23295
10:44:15 root         INFO     Skipping 35818
10:44:15 root         INFO     Skipping 7531
10:44:15 root         INFO     Skipping 19559
10:44:15 root         INFO     Skipping 26784
10:44:15 root         INFO     Skipping 25775
10:44:15 root         INFO     Skipping 27321
10:44:15 root         INFO     Skipping 7234
10:44:15 root         INFO     Skipping 6914
10:44:15 root         INFO     Skipping 18113
10:44:15 root         INFO     Skipping 39880
10:44:15 root         INFO     Skipping 22565
10:44:15 root         INFO     Skipping 27877
10:44:16 root         INFO     Driver opened url https://nbaa.org/press-releases/: 0.5 second load started
10:44:17 root         INFO     Driver opened url https://nbaa.org/2025-press-releases/nbaa-honors-gulfstreams-charles-etter-with-silk-scarf-award/: 0.5 second load started
10:44:18 root         INFO     LEDE: [testlede] month: [Jan.] day: [13]
10:44:18 root         INFO     
ADDING: FILENAME: [testfilename carf Award] TITLE: [NBAA Honors Gulfstream's Charles Etter with Silk Scarf Award] DATE: [2025-01-13] ID [13661]

10:44:18 root         INFO     Driver opened url https://nbaa.org/2025-press-releases/nbaa-urges-senate-confirmation-of-sean-duffy-as-dot-secretary/: 0.5 second load started
10:44:19 root         INFO     LEDE: [testlede] month: [Jan.] day: [10]
10:44:19 root         INFO     
ADDING: FILENAME: [testfilename  Secretary] TITLE: [NBAA Urges Senate Confirmation of Sean Duffy as DOT Secretary] DATE: [2025-01-10] ID [13661]

10:44:19 root         INFO     Driver opened url https://nbaa.org/2025-press-releases/nbaas-new-campus-connect-program-shaping-the-next-generation-of-aviation-leaders/: 0.5 second load started
10:44:20 root         INFO     LEDE: [testlede] month: [Jan.] day: [9]
10:44:20 root         INFO     
ADDING: FILENAME: [testfilename on Leaders] TITLE: [NBAA's New Campus Connect Program: Shaping the Next Generation of Aviation Leaders] DATE: [2025-01-09] ID [13661]

10:44:20 root         INFO     Driver opened url https://nbaa.org/uncategorized/nbaas-2025-leadership-conference-features-experts-who-will-help-you-reach-your-full-potential/: 0.5 second load started
10:44:20 root         INFO     LEDE: [testlede] month: [Jan.] day: [20]
10:44:21 root         INFO     
ADDING: FILENAME: [testfilename  Potential] TITLE: [NBAA's 2025 Leadership Conference Features Experts Who Will Help You Reach Your Full Potential] DATE: [2025-01-20] ID [13661]

10:44:21 root         INFO     Scrape errors found during run:
10:44:21 root         INFO     []
10:44:21 root         INFO     End of file message
10:44:21 root         INFO     

Load Version 2.0.1 01/17/2025
       Docs Loaded: 4
       URLS processed: 1
       DUPS skipped: 0
       No Ledes found: 0

Passed Parameters:
       Pull House and Senate: False
       Number of days back: 30
       Start Time: 2025-01-20 10:44:11
       End Time: 2025-01-20 10:44:21
       Elapsed Time: 0:00:10
       Character Minimum Amount: 100

Errors:
Docs:
	Loaded:
		13661: NBAA Honors Gulfstream's Charles Etter with Silk Scarf Award
		13661: NBAA Urges Senate Confirmation of Sean Duffy as DOT Secretary
		13661: NBAA's New Campus Connect Program: Shaping the Next Generation of Aviation Leaders
		13661: NBAA's 2025 Leadership Conference Features Experts Who Will Help You Reach Your Full Potential
