14:55:32 root         INFO     Skipping 27599
14:55:32 root         INFO     Skipping 30449
14:55:32 root         INFO     Skipping 14315
14:55:32 root         INFO     Skipping 7566
14:55:32 root         INFO     Skipping 804
14:55:32 root         INFO     Skipping 12106
14:55:32 root         INFO     Skipping 8034
14:55:32 root         INFO     Skipping 7901
14:55:32 root         INFO     Skipping 20157
14:55:32 root         INFO     Skipping 6950
14:55:32 root         INFO     Skipping 15026
14:55:32 root         INFO     Skipping 19993
14:55:32 root         INFO     Skipping 21569
14:55:32 root         INFO     Skipping 23030
14:55:32 root         INFO     Skipping 206
14:55:32 root         INFO     Skipping 16046
14:55:32 root         INFO     Skipping 16140
14:55:32 root         INFO     Skipping 16037
14:55:32 root         INFO     Skipping 43
14:55:32 root         INFO     Skipping 225
14:55:32 root         INFO     Skipping 37711
14:55:32 root         INFO     Skipping 34699
14:55:32 root         INFO     Skipping 19021
14:55:32 root         INFO     Skipping 18495
14:55:32 root         INFO     Skipping 222
14:55:32 root         INFO     Skipping 5602
14:55:32 root         INFO     Skipping 16027
14:55:32 root         INFO     Skipping 21499
14:55:32 root         INFO     Skipping 2698
14:55:32 root         INFO     Skipping 27867
14:55:32 root         INFO     Skipping 24224
14:55:32 root         INFO     Skipping 21563
14:55:32 root         INFO     Skipping 24227
14:55:32 root         INFO     Skipping 17224
14:55:32 root         INFO     Skipping 219
14:55:32 root         INFO     Skipping 23814
14:55:32 root         INFO     Skipping 15376
14:55:32 root         INFO     Skipping 19286
14:55:32 root         INFO     Skipping 28048
14:55:32 root         INFO     Skipping 543
14:55:32 root         INFO     Skipping 24233
14:55:32 root         INFO     Skipping 18735
14:55:32 root         INFO     Skipping 1066
14:55:32 root         INFO     Skipping 37680
14:55:32 root         INFO     Skipping 691
14:55:32 root         INFO     Skipping 677
14:55:32 root         INFO     Skipping 20141
14:55:32 root         INFO     Skipping 36151
14:55:32 root         INFO     Skipping 20319
14:55:32 root         INFO     Skipping 12400
14:55:32 root         INFO     Skipping 127
14:55:32 root         INFO     Skipping 20792
14:55:32 root         INFO     Skipping 17104
14:55:32 root         INFO     Skipping 24344
14:55:32 root         INFO     Skipping 19546
14:55:32 root         INFO     Skipping 15565
14:55:32 root         INFO     Skipping 13359
14:55:32 root         INFO     Skipping 17922
14:55:32 root         INFO     Skipping 22481
14:55:32 root         INFO     Skipping 20138
14:55:32 root         INFO     Skipping 119
14:55:32 root         INFO     Skipping 24
14:55:32 root         INFO     Skipping 21188
14:55:32 root         INFO     Skipping 3016
14:55:32 root         INFO     Skipping 21525
14:55:32 root         INFO     Skipping 37694
14:55:32 root         INFO     Skipping 18710
14:55:32 root         INFO     Skipping 29332
14:55:32 root         INFO     Skipping 23100
14:55:32 root         INFO     Skipping 37725
14:55:32 root         INFO     Skipping 15633
14:55:32 root         INFO     Skipping 948
14:55:32 root         INFO     Skipping 30993
14:55:32 root         INFO     Skipping 22221
14:55:32 root         INFO     Skipping 22654
14:55:32 root         INFO     Skipping 35809
14:55:32 root         INFO     Skipping 35576
14:55:32 root         INFO     Skipping 37408
14:55:32 root         INFO     Skipping 7844
14:55:32 root         INFO     Skipping 169
14:55:32 root         INFO     Skipping 20
14:55:32 root         INFO     Skipping 8022
14:55:32 root         INFO     Skipping 8032
14:55:32 root         INFO     Skipping 20605
14:55:32 root         INFO     Skipping 7838
14:55:32 root         INFO     Skipping 21497
14:55:32 root         INFO     Skipping 35572
14:55:32 root         INFO     Skipping 30425
14:55:32 root         INFO     Skipping 35517
14:55:32 root         INFO     Skipping 35524
14:55:32 root         INFO     Skipping 21522
14:55:32 root         INFO     Skipping 1325
14:55:32 root         INFO     Skipping 1079
14:55:32 root         INFO     Skipping 6973
14:55:32 root         INFO     Skipping 37495
14:55:32 root         INFO     Skipping 30405
14:55:32 root         INFO     Skipping 18767
14:55:32 root         INFO     Skipping 21521
14:55:32 root         INFO     Skipping 921
14:55:32 root         INFO     Skipping 27602
14:55:32 root         INFO     Skipping 21335
14:55:32 root         INFO     Skipping 30444
14:55:32 root         INFO     Skipping 1363
14:55:32 root         INFO     Skipping 9488
14:55:32 root         INFO     Skipping 24230
14:55:32 root         INFO     Skipping 2696
14:55:32 root         INFO     Skipping 37705
14:55:32 root         INFO     Skipping 33752
14:55:32 root         INFO     Skipping 37731
14:55:32 root         INFO     Skipping 37740
14:55:32 root         INFO     Skipping 9427
14:55:32 root         INFO     Skipping 19880
14:55:32 root         INFO     Skipping 632
14:55:32 root         INFO     Skipping 135
14:55:32 root         INFO     Skipping 39007
14:55:32 root         INFO     Skipping 551
14:55:32 root         INFO     Skipping 37304
14:55:32 root         INFO     Skipping 20115
14:55:32 root         INFO     Skipping 13362
14:55:32 root         INFO     Skipping 7333
14:55:32 root         INFO     Skipping 21423
14:55:32 root         INFO     Skipping 17653
14:55:32 root         INFO     Skipping 21152
14:55:32 root         INFO     Skipping 16031
14:55:32 root         INFO     Skipping 27074
14:55:32 root         INFO     Skipping 255
14:55:32 root         INFO     Skipping 431
14:55:32 root         INFO     Skipping 19290
14:55:32 root         INFO     Skipping 33954
14:55:32 root         INFO     Skipping 22921
14:55:32 root         INFO     Skipping 26556
14:55:32 root         INFO     Skipping 167
14:55:32 root         INFO     Skipping 15884
14:55:32 root         INFO     Skipping 30382
14:55:32 root         INFO     Skipping 30450
14:55:32 root         INFO     Skipping 27626
14:55:32 root         INFO     Skipping 37748
14:55:32 root         INFO     Skipping 715
14:55:32 root         INFO     Skipping 18734
14:55:32 root         INFO     Skipping 9485
14:55:32 root         INFO     Skipping 24231
14:55:32 root         INFO     Skipping 6221
14:55:32 root         INFO     Skipping 15392
14:55:32 root         INFO     Skipping 14466
14:55:32 root         INFO     Skipping 15025
14:55:32 root         INFO     Skipping 19760
14:55:32 root         INFO     Skipping 37095
14:55:32 root         INFO     Skipping 122
14:55:32 root         INFO     Skipping 113
14:55:32 root         INFO     Skipping 13863
14:55:32 root         INFO     Skipping 7355
14:55:32 root         INFO     Skipping 8042
14:55:32 root         INFO     Skipping 23802
14:55:32 root         INFO     Skipping 282
14:55:32 root         INFO     Skipping 7316
14:55:32 root         INFO     Skipping 16040
14:55:32 root         INFO     Skipping 7922
14:55:32 root         INFO     Skipping 16041
14:55:32 root         INFO     Skipping 28101
14:55:32 root         INFO     Skipping 3410
14:55:32 root         INFO     Skipping 7121
14:55:32 root         INFO     Skipping 17116
14:55:32 root         INFO     Skipping 20034
14:55:32 root         INFO     Skipping 6918
14:55:32 root         INFO     Skipping 22037
14:55:32 root         INFO     Skipping 14373
14:55:32 root         INFO     Skipping 13794
14:55:32 root         INFO     Skipping 13964
14:55:32 root         INFO     Skipping 6930
14:55:32 root         INFO     Skipping 19978
14:55:32 root         INFO     Skipping 14069
14:55:32 root         INFO     Skipping 14111
14:55:32 root         INFO     Skipping 6931
14:55:32 root         INFO     Skipping 14021
14:55:32 root         INFO     Skipping 37180
14:55:32 root         INFO     Skipping 35130
14:55:32 root         INFO     Skipping 19684
14:55:32 root         INFO     Skipping 28292
14:55:32 root         INFO     Skipping 30335
14:55:32 root         INFO     Skipping 14867
14:55:32 root         INFO     Skipping 23669
14:55:32 root         INFO     Skipping 6793
14:55:32 root         INFO     Skipping 15440
14:55:32 root         INFO     Skipping 23588
14:55:32 root         INFO     Skipping 10156
14:55:32 root         INFO     Skipping 30046
14:55:32 root         INFO     Skipping 39476
14:55:32 root         INFO     Skipping 37727
14:55:32 root         INFO     Skipping 33096
14:55:32 root         INFO     Skipping 32423
14:55:32 root         INFO     Skipping 30658
14:55:32 root         INFO     Skipping 18394
14:55:32 root         INFO     Skipping 19870
14:55:32 root         INFO     Skipping 15962
14:55:32 root         INFO     Skipping 702
14:55:32 root         INFO     Skipping 39478
14:55:32 root         INFO     Skipping 30435
14:55:32 root         INFO     Skipping 9445
14:55:32 root         INFO     Skipping 24173
14:55:32 root         INFO     Skipping 35554
14:55:32 root         INFO     Skipping 18733
14:55:32 root         INFO     Skipping 3962
14:55:32 root         INFO     Skipping 26659
14:55:32 root         INFO     Skipping 32135
14:55:32 root         INFO     Skipping 27843
14:55:32 root         INFO     Skipping 17658
14:55:32 root         INFO     Skipping 27186
14:55:32 root         INFO     Skipping 6922
14:55:32 root         INFO     Skipping 7317
14:55:32 root         INFO     Skipping 37607
14:55:32 root         INFO     Skipping 19748
14:55:32 root         INFO     Skipping 14979
14:55:32 root         INFO     Skipping 28256
14:55:32 root         INFO     Skipping 15000
14:55:32 root         INFO     Skipping 15725
14:55:32 root         INFO     Skipping 21561
14:55:32 root         INFO     Skipping 23098
14:55:32 root         INFO     Skipping 24231
14:55:32 root         INFO     Skipping 30469
14:55:32 root         INFO     Skipping 37819
14:55:32 root         INFO     Skipping 27605
14:55:32 root         INFO     Skipping 24799
14:55:32 root         INFO     Skipping 35571
14:55:32 root         INFO     Skipping 18750
14:55:32 root         INFO     Skipping 21564
14:55:32 root         INFO     Skipping 695
14:55:32 root         INFO     Skipping 619
14:55:32 root         INFO     Skipping 21566
14:55:32 root         INFO     Skipping 18746
14:55:32 root         INFO     Skipping 30470
14:55:32 root         INFO     Skipping 37747
14:55:32 root         INFO     Skipping 35726
14:55:32 root         INFO     Skipping 35708
14:55:32 root         INFO     Skipping 35705
14:55:32 root         INFO     Skipping 35727
14:55:32 root         INFO     Skipping 37743
14:55:32 root         INFO     Skipping 24229
14:55:32 root         INFO     Skipping 37748
14:55:32 root         INFO     Skipping 19879
14:55:32 root         INFO     Skipping 717
14:55:32 root         INFO     Skipping 35728
14:55:32 root         INFO     Skipping 37820
14:55:32 root         INFO     Skipping 30473
14:55:32 root         INFO     Skipping 37744
14:55:32 root         INFO     Skipping 28313
14:55:32 root         INFO     Skipping 37749
14:55:32 root         INFO     Skipping 15948
14:55:32 root         INFO     Skipping 35707
14:55:32 root         INFO     Skipping 35706
14:55:32 root         INFO     Skipping 35704
14:55:32 root         INFO     Skipping 18740
14:55:32 root         INFO     Skipping 18736
14:55:32 root         INFO     Skipping 183
14:55:32 root         INFO     Skipping 7887
14:55:32 root         INFO     Skipping 15551
14:55:32 root         INFO     Skipping 35562
14:55:32 root         INFO     Skipping 9423
14:55:32 root         INFO     Skipping 1519
14:55:32 root         INFO     Skipping 35489
14:55:32 root         INFO     Skipping 20880
14:55:32 root         INFO     Skipping 37235
14:55:32 root         INFO     Skipping 15882
14:55:32 root         INFO     Skipping 1169
14:55:32 root         INFO     Skipping 9463
14:55:32 root         INFO     Skipping 37685
14:55:32 root         INFO     Skipping 809
14:55:32 root         INFO     Skipping 9421
14:55:32 root         INFO     Skipping 30397
14:55:32 root         INFO     Skipping 37735
14:55:32 root         INFO     Skipping 30394
14:55:32 root         INFO     Skipping 30448
14:55:32 root         INFO     Skipping 27614
14:55:32 root         INFO     Skipping 35527
14:55:32 root         INFO     Skipping 37416
14:55:32 root         INFO     Skipping 37709
14:55:32 root         INFO     Skipping 27649
14:55:32 root         INFO     Skipping 35546
14:55:32 root         INFO     Skipping 1098
14:55:32 root         INFO     Skipping 21488
14:55:32 root         INFO     Skipping 37674
14:55:32 root         INFO     Skipping 37706
14:55:32 root         INFO     Skipping 37713
14:55:32 root         INFO     Skipping 918
14:55:32 root         INFO     Skipping 24210
14:55:32 root         INFO     Skipping 37728
14:55:32 root         INFO     Skipping 35555
14:55:32 root         INFO     Skipping 35556
14:55:32 root         INFO     Skipping 892
14:55:32 root         INFO     Skipping 38045
14:55:32 root         INFO     Skipping 829
14:55:32 root         INFO     Skipping 30468
14:55:32 root         INFO     Skipping 24186
14:55:32 root         INFO     Skipping 24194
14:55:32 root         INFO     Skipping 37693
14:55:32 root         INFO     Skipping 30429
14:55:32 root         INFO     Skipping 1249
14:55:32 root         INFO     Skipping 30434
14:55:32 root         INFO     Skipping 24199
14:55:32 root         INFO     Skipping 37688
14:55:32 root         INFO     Skipping 23853
14:55:32 root         INFO     Skipping 30456
14:55:32 root         INFO     Skipping 1036
14:55:32 root         INFO     Skipping 30436
14:55:32 root         INFO     Skipping 37690
14:55:32 root         INFO     Skipping 36428
14:55:32 root         INFO     Skipping 37721
14:55:32 root         INFO     Skipping 27646
14:55:32 root         INFO     Skipping 24187
14:55:32 root         INFO     Skipping 35551
14:55:32 root         INFO     Skipping 925
14:55:32 root         INFO     Skipping 21570
14:55:32 root         INFO     Skipping 21536
14:55:32 root         INFO     Skipping 604
14:55:32 root         INFO     Skipping 21562
14:55:32 root         INFO     Skipping 21572
14:55:32 root         INFO     Skipping 17884
14:55:32 root         INFO     Skipping 235
14:55:32 root         INFO     Skipping 2909
14:55:32 root         INFO     Skipping 21487
14:55:32 root         INFO     Skipping 27644
14:55:32 root         INFO     Skipping 37722
14:55:32 root         INFO     Skipping 24175
14:55:32 root         INFO     Skipping 27637
14:55:32 root         INFO     Skipping 9424
14:55:32 root         INFO     Skipping 24181
14:55:32 root         INFO     Skipping 37676
14:55:32 root         INFO     Skipping 15912
14:55:32 root         INFO     Skipping 1004
14:55:32 root         INFO     Skipping 15922
14:55:32 root         INFO     Skipping 21523
14:55:32 root         INFO     Skipping 14489
14:55:32 root         INFO     Skipping 18756
14:55:32 root         INFO     Skipping 23549
14:55:32 root         INFO     Skipping 30414
14:55:32 root         INFO     Skipping 2505
14:55:32 root         INFO     Skipping 28735
14:55:32 root         INFO     Skipping 599
14:55:32 root         INFO     Skipping 24124
14:55:32 root         INFO     Skipping 24218
14:55:32 root         INFO     Skipping 19874
14:55:32 root         INFO     Skipping 2175
14:55:32 root         INFO     Skipping 21467
14:55:32 root         INFO     Skipping 30525
14:55:32 root         INFO     Skipping 24176
14:55:32 root         INFO     Skipping 15949
14:55:32 root         INFO     Skipping 27630
14:55:32 root         INFO     Skipping 27632
14:55:32 root         INFO     Skipping 606
14:55:32 root         INFO     Skipping 27629
14:55:32 root         INFO     Skipping 24228
14:55:32 root         INFO     Skipping 562
14:55:32 root         INFO     Skipping 21633
14:55:32 root         INFO     Skipping 24225
14:55:32 root         INFO     Skipping 18725
14:55:32 root         INFO     Skipping 21567
14:55:32 root         INFO     Skipping 27628
14:55:32 root         INFO     Skipping 12921
14:55:32 root         INFO     Skipping 47
14:55:32 root         INFO     Skipping 8101
14:55:32 root         INFO     Skipping 27936
14:55:32 root         INFO     Skipping 23089
14:55:32 root         INFO     Skipping 15911
14:55:32 root         INFO     Skipping 30472
14:55:32 root         INFO     Skipping 35703
14:55:32 root         INFO     Skipping 30475
14:55:32 root         INFO     Skipping 18739
14:55:32 root         INFO     Skipping 30378
14:55:32 root         INFO     Skipping 21
14:55:32 root         INFO     Skipping 32904
14:55:32 root         INFO     Skipping 24169
14:55:32 root         INFO     Skipping 27616
14:55:32 root         INFO     Skipping 546
14:55:32 root         INFO     Skipping 125
14:55:32 root         INFO     Skipping 432
14:55:32 root         INFO     Skipping 23572
14:55:32 root         INFO     Skipping 1
14:55:32 root         INFO     Skipping 10
14:55:32 root         INFO     Skipping 72
14:55:32 root         INFO     Skipping 106
14:55:32 root         INFO     Skipping 804
14:55:32 root         INFO     Skipping 697
14:55:32 root         INFO     Skipping 166
14:55:32 root         INFO     Skipping 37667
14:55:32 root         INFO     Skipping 24234
14:55:32 root         INFO     Skipping 34781
14:55:32 root         INFO     Skipping 44
14:55:32 root         INFO     Skipping 2434
14:55:32 root         INFO     Skipping 7307
14:55:32 root         INFO     Skipping 7280
14:55:32 root         INFO     Skipping 14197
14:55:32 root         INFO     Skipping 6929
14:55:32 root         INFO     Skipping 24223
14:55:32 root         INFO     Skipping 30412
14:55:32 root         INFO     Skipping 21230
14:55:32 root         INFO     Skipping 7124
14:55:32 root         INFO     Skipping 7516
14:55:32 root         INFO     Skipping 9231
14:55:32 root         INFO     Skipping 13222
14:55:32 root         INFO     Skipping 24928
14:55:32 root         INFO     Skipping 14466
14:55:32 root         INFO     Skipping 19685
14:55:32 root         INFO     Skipping 14008
14:55:32 root         INFO     Skipping 20480
14:55:32 root         INFO     Skipping 7126
14:55:32 root         INFO     Skipping 15792
14:55:32 root         INFO     Skipping 27571
14:55:32 root         INFO     Skipping 19109
14:55:32 root         INFO     Skipping 14066
14:55:32 root         INFO     Skipping 7103
14:55:32 root         INFO     Skipping 13479
14:55:32 root         INFO     Skipping 13475
14:55:32 root         INFO     Skipping 24237
14:55:32 root         INFO     Skipping 28365
14:55:32 root         INFO     Skipping 7118
14:55:32 root         INFO     Skipping 19909
14:55:32 root         INFO     Skipping 13664
14:55:32 root         INFO     Skipping 13467
14:55:32 root         INFO     Skipping 18743
14:55:32 root         INFO     Skipping 19881
14:55:32 root         INFO     Skipping 6970
14:55:32 root         INFO     Skipping 7286
14:55:32 root         INFO     Skipping 14047
14:55:32 root         INFO     Skipping 35569
14:55:32 root         INFO     Skipping 37741
14:55:32 root         INFO     Skipping 37697
14:55:32 root         INFO     Skipping 1453
14:55:32 root         INFO     Skipping 18818
14:55:32 root         INFO     Skipping 37745
14:55:32 root         INFO     Skipping 18836
14:55:32 root         INFO     Skipping 37441
14:55:32 root         INFO     Skipping 24207
14:55:32 root         INFO     Skipping 1483
14:55:32 root         INFO     Skipping 30395
14:55:32 root         INFO     Skipping 30432
14:55:32 root         INFO     Skipping 36969
14:55:32 root         INFO     Skipping 21533
14:55:32 root         INFO     Skipping 1352
14:55:32 root         INFO     Skipping 30390
14:55:32 root         INFO     Skipping 1149
14:55:32 root         INFO     Skipping 24202
14:55:32 root         INFO     Skipping 30389
14:55:32 root         INFO     Skipping 15891
14:55:32 root         INFO     Skipping 14488
14:55:32 root         INFO     Skipping 30528
14:55:32 root         INFO     Skipping 27597
14:55:32 root         INFO     Skipping 37737
14:55:32 root         INFO     Skipping 1557
14:55:32 root         INFO     Skipping 27609
14:55:32 root         INFO     Skipping 900
14:55:32 root         INFO     Skipping 21527
14:55:32 root         INFO     Skipping 1479
14:55:32 root         INFO     Skipping 30387
14:55:32 root         INFO     Skipping 980
14:55:32 root         INFO     Skipping 37703
14:55:32 root         INFO     Skipping 15304
14:55:32 root         INFO     Skipping 128
14:55:32 root         INFO     Skipping 14781
14:55:32 root         INFO     Skipping 15528
14:55:32 root         INFO     Skipping 25120
14:55:32 root         INFO     Skipping 33803
14:55:32 root         INFO     Skipping 20476
14:55:32 root         INFO     Skipping 27502
14:55:32 root         INFO     Skipping 13456
14:55:32 root         INFO     Skipping 27390
14:55:32 root         INFO     Skipping 15813
14:55:32 root         INFO     Skipping 7320
14:55:32 root         INFO     Skipping 20668
14:55:32 root         INFO     Skipping 38937
14:55:32 root         INFO     Skipping 37417
14:55:32 root         INFO     Skipping 13038
14:55:32 root         INFO     Skipping 6932
14:55:32 root         INFO     Skipping 14978
14:55:32 root         INFO     Skipping 17045
14:55:32 root         INFO     Skipping 22385
14:55:32 root         INFO     Skipping 7853
14:55:32 root         INFO     Skipping 14026
14:55:32 root         INFO     Skipping 14923
14:55:32 root         INFO     Skipping 7288
14:55:32 root         INFO     Skipping 7538
14:55:32 root         INFO     Skipping 13451
14:55:32 root         INFO     Skipping 25009
14:55:32 root         INFO     Skipping 9452
14:55:32 root         INFO     Skipping 20118
14:55:32 root         INFO     Skipping 20475
14:55:32 root         INFO     Skipping 14602
14:55:32 root         INFO     Skipping 7291
14:55:32 root         INFO     Skipping 13457
14:55:32 root         INFO     Skipping 7345
14:55:32 root         INFO     Skipping 35752
14:55:32 root         INFO     Skipping 31489
14:55:32 root         INFO     Skipping 15674
14:55:32 root         INFO     Skipping 31189
14:55:32 root         INFO     Skipping 21
14:55:32 root         INFO     Skipping 247
14:55:32 root         INFO     Skipping 20084
14:55:32 root         INFO     Skipping 16020
14:55:32 root         INFO     Skipping 2009
14:55:32 root         INFO     Skipping 1773
14:55:32 root         INFO     Skipping 7337
14:55:32 root         INFO     Skipping 14910
14:55:32 root         INFO     Skipping 7339
14:55:32 root         INFO     Skipping 24976
14:55:32 root         INFO     Skipping 30360
14:55:32 root         INFO     Skipping 24315
14:55:32 root         INFO     Skipping 30361
14:55:32 root         INFO     Skipping 30358
14:55:32 root         INFO     Skipping 37191
14:55:32 root         INFO     Skipping 3129
14:55:32 root         INFO     Skipping 3052
14:55:32 root         INFO     Skipping 37932
14:55:32 root         INFO     Skipping 3125
14:55:32 root         INFO     Skipping 3109
14:55:32 root         INFO     Skipping 20056
14:55:32 root         INFO     Skipping 37778
14:55:32 root         INFO     Skipping 35587
14:55:32 root         INFO     Skipping 28452
14:55:32 root         INFO     Skipping 3320
14:55:32 root         INFO     Skipping 30367
14:55:32 root         INFO     Skipping 3048
14:55:32 root         INFO     Skipping 27750
14:55:32 root         INFO     Skipping 3072
14:55:32 root         INFO     Skipping 38049
14:55:32 root         INFO     Skipping 30366
14:55:32 root         INFO     Skipping 30368
14:55:32 root         INFO     Skipping 27956
14:55:32 root         INFO     Skipping 15709
14:55:32 root         INFO     Skipping 38047
14:55:32 root         INFO     Skipping 3137
14:55:32 root         INFO     Skipping 3085
14:55:32 root         INFO     Skipping 2042
14:55:32 root         INFO     Skipping 30374
14:55:32 root         INFO     Skipping 3064
14:55:32 root         INFO     Skipping 3286
14:55:32 root         INFO     Skipping 30362
14:55:32 root         INFO     Skipping 3309
14:55:32 root         INFO     Skipping 37826
14:55:32 root         INFO     Skipping 4972
14:55:32 root         INFO     Skipping 15790
14:55:32 root         INFO     Skipping 18747
14:55:32 root         INFO     Skipping 22401
14:55:32 root         INFO     Skipping 18711
14:55:32 root         INFO     Skipping 3123
14:55:32 root         INFO     Skipping 3296
14:55:32 root         INFO     Skipping 164
14:55:32 root         INFO     Skipping 30617
14:55:32 root         INFO     Skipping 19614
14:55:32 root         INFO     Skipping 23295
14:55:32 root         INFO     Skipping 35818
14:55:32 root         INFO     Skipping 7531
14:55:32 root         INFO     Skipping 19559
14:55:32 root         INFO     Skipping 26784
14:55:33 root         INFO     Driver opened url https://www.jhuapl.edu/news/news-releases: 0.5 second load started
14:55:34 root         INFO     Driver opened url https://www.jhuapl.edu/news/news-releases/250117-cislunar-security-conference: 0.5 second load started
14:55:35 root         DEBUG    Titles: Securing the Moon's Neighborhood: Cislunar Experts Gather at Johns Hopkins APL for Annual Conference
14:55:35 root         DEBUG    Dates: 2025-01-17
14:55:35 root         DEBUG    Desc: The neighborhood of orbits around the Moon, called  cislunar space  , continues to grow in importance — both scientifically and for national security purposes. 

In December, the Johns Hopkins Applied Physics Laboratory (APL) in Laurel, Maryland, hosted its annual Cislunar Security Conference, bringing together leaders in government, academia, industry and other organizations. 

Cislunar space occupies the region between approximately 22,000 miles (35,000 kilometers) above Earth’s surface and the Moon, as well as vital gravitationally neutral  Lagrange points  used for space missions, satellites and observatories. 

Since 2020, APL has hosted the Cislunar Security Conference to leverage community knowledge in solving critical challenges connected to cislunar space. 

“Across all five years, we’ve had attendees from more than 300 organizations,” said Steve Parr,  National Security Space  program manager for position, navigation, timing and cislunar at APL. “This is quite a testament to the importance of cislunar security now and in the future for our nation.” 

##  An Essential Endeavor 

The two-day event featured keynote presentations from Stefanie Tompkins, the director of the Defense Advanced Research Projects Agency (DARPA), and NASA Associate Administrator Jim Free. 

The conference featured discussions with experts on topics including position and navigation in cislunar space, domain awareness, and supporting technologies to enable cislunar operations. 

Alongside the Johns Hopkins University Whiting School of Engineering, APL hosted a one-day executive course just before the start of the conference, offering an overview of space applications within the cislunar regime, including mission orbits, transfers, proximity operations, formation flying and navigation. The course also provided a deeper understanding of current developments and challenges related to cislunar missions.  Visit the Johns Hopkins Engineering for Professionals website  for more information about the Whiting School’s executive course offerings. 

##  A History of Collaboration 

The Cislunar Security Conference  is one of multiple endeavors that APL manages  to foster national and global collaboration in exploring space. On behalf of NASA, APL leads the  Lunar Surface Innovation Consortium (LSIC)  , a collaborative effort that brings together nearly 1,000 member organizations from government, industry, academia and nonprofits across the United States and around the world to develop technologies and strategies for establishing a sustained human presence on the Moon. 

APL also guides the  Lunar Operating Guidelines for Infrastructure Consortium (LOGIC)  , created in partnership with DARPA to address interoperability gaps in lunar infrastructure technology. 

In November,  APL signed a cooperation agreement with Intuitive Machines  to work together on a safe, secure and reliable communications and navigation infrastructure in cislunar space. 

14:55:35 root         DEBUG    Agency_id 25775
14:55:35 root         DEBUG    Article Link: https://www.jhuapl.edu/news/news-releases/250117-cislunar-security-conference
14:55:35 root         INFO     LEDE: [testlede] month: [Jan.] day: [17]
14:55:35 root         INFO     
ADDING: FILENAME: [testfilename Conference] TITLE: [Securing the Moon's Neighborhood: Cislunar Experts Gather at Johns Hopkins APL for Annual Conference] DATE: [2025-01-17] ID [25775]

14:55:35 root         INFO     Driver opened url https://www.jhuapl.edu/news/news-releases/250116-retinal-selfie: 0.5 second load started
14:55:36 root         DEBUG    Titles: At-Home 'Retinal Selfies' May Provide a Window on Health
14:55:36 root         DEBUG    Dates: 2025-01-16
14:55:36 root         DEBUG    Desc: The eyes have been called the windows to the soul. As it turns out, they also provide a unique glimpse into the workings of the brain and our overall health. 

This is particularly evident in the retina, a layer of cells at the back of the eye that absorbs incoming light and transmits that information to the brain. By imaging the retina, researchers can monitor biomarkers: specific signs, signals or structures that provide valuable information. These biomarkers can be used to predict not only diseases of vision but also cardiovascular events, such as strokes, and neurodegenerative conditions, including Alzheimer’s disease. 

Unfortunately, retinal imaging requires expensive, bulky hardware, so it’s far from common. And while portable systems exist, they produce images of limited quality and, like their immobile counterparts, require a trained operator. 

Now, scientists and engineers at the Johns Hopkins Applied Physics Laboratory (APL) in Laurel, Maryland, in collaboration with scientists at the Johns Hopkins Medicine Wilmer Eye Institute in Baltimore, are designing a retinal imaging platform in the form of eyeglasses that can be used at home without special training. 

Nicknamed “Retinal Selfie,” this capability makes it possible for more medical practices, particularly in under-resourced or remote regions, to take advantage of this clinically valuable imaging modality. Expanding access will also provide a rich source of data for training artificial intelligence models to accelerate research and expand the platform’s utility across various medical domains. 

“Although the retina contains a rich source of information, we currently do not have a way to effectively capture retinal images at scale on a population level in a repeated manner,” said T.Y. Alvin Liu, an endowed professor at Wilmer and inaugural director of the institute’s newly established Gills Artificial Intelligence Innovation Center. “Our retinal selfie concept has the potential to provide a paradigm-shifting solution.” 

##  Seeking Illumination 

The key challenge is adequately illuminating the retina. Current imaging systems do this by sending light directly through the pupil. It’s an effective method but requires sizable hardware to accommodate the optics needed to both illuminate and image within such a small area. 

To make the system more portable, the APL team, led by optical and biomedical engineer Garret Bonnema, is taking a different route: sending light through the thinnest part of the sclera, the white part of the eye. The sclera’s larger surface area makes it a more accessible path through which to send light, but one of its key features is that it scatters light. This approach comes with other challenges, too. 

“Going through the sclera places a certain limit on the luminosity and power we can apply, for one thing, and for another, the retina absorbs most of the light it receives,” said Bonnema. “So the question is, can we get enough light bouncing back from the retina to be useful?” 

In collaboration with Liu, the APL team has created a promising prototype design that uses integrated LEDs to send light through the sclera. The light is then reflected from the retina to an image sensor in the eyeglasses-shaped device. 

This is a practical approach to illuminating the retina. However, these components alone are not enough to ensure that enough useful light comes back to the device. 

“We want the light to go into the eye, and it does. But part of the light gets scattered and can be reflected from the sclera back into our imaging system, which obscures the already weak light that’s coming from the retina,” Bonnema said. 

To overcome that challenge, the team is applying a radically new technology that APL happens to specialize in: metasurface optics. 

##  Lenses Reimagined 

The goal of metasurface optics (materials that are part of a broader category sometimes referred to “metamaterials” or “metatechnology”) is to replace conventional, bulky optical systems with two-dimensional materials that perform the same optical functions, such as focusing, reflecting and filtering. 

“Think of a coating or a very thin, two-dimensional material that provides all of the functionality of a traditional camera lens,” said  Joe Miragliotta  , an optical physicist and materials scientist at APL who is leading the design of Retinal Selfie’s metasurface optics. “That allows us to introduce functionality that you can never get with a three-dimensional bulk component.” 

In this case, the Retinal Selfie team is developing two metasurface-based optical elements to both image the retina and prevent the light reflected from the sclera from reaching the system’s image sensor. These innovative lenses feature nanoscale structures that precisely control the way light passes through them, ensuring that only the weak light reflected from the retina is transmitted to the image sensor. 

“The Retinal Selfie hardware will make use of a very narrow-wavelength light source, similar to a laser, that’s going to illuminate the eye,” Miragliotta explained. “And our metasurface components have to make sure that the light that’s coming back from the retina isn’t overwhelmed by the light coming back from any other part of the eye.” 

APL has a pending patent on the Retinal Selfie technology and is currently engaging with potential commercial partners to help advance the system to full technological maturity. 

##  An Expanding Vision 

In addition to the Retinal Selfie project, APL and Wilmer are collaborating on several other efforts to advance human health by accelerating ophthalmological technology, including looking for lower-cost ways of applying AI to existing imaging technologies to diagnose diseases. 

“The commercial sector on its own doesn’t always have the ability to make these investments,” said Austin Cox, who supervises APL’s Imaging Systems Group. “But by combining the expertise at APL and Wilmer, we can explore solutions like Retinal Selfie that may have a disproportionate impact on human health, especially in underserved communities.” 

14:55:36 root         DEBUG    Agency_id 25775
14:55:36 root         DEBUG    Article Link: https://www.jhuapl.edu/news/news-releases/250116-retinal-selfie
14:55:36 root         INFO     LEDE: [testlede] month: [Jan.] day: [16]
14:55:36 root         INFO     
ADDING: FILENAME: [testfilename  on Health] TITLE: [At-Home 'Retinal Selfies' May Provide a Window on Health] DATE: [2025-01-16] ID [25775]

14:55:36 root         INFO     Driver opened url https://www.jhuapl.edu/news/news-releases/250115-jason-kalirai-aas-fellow: 0.5 second load started
14:55:37 root         DEBUG    Titles: Johns Hopkins APL's Kalirai Named American Astronomical Society Fellow
14:55:37 root         DEBUG    Dates: 2025-01-15
14:55:37 root         DEBUG    Desc: Jason Kalirai  , an astrophysicist and space mission area executive with the Johns Hopkins Applied Physics Laboratory (APL) in Laurel, Maryland, has been selected as a fellow by the  American Astronomical Society  . 

Kalirai has served as APL’s mission area executive for Space Formulation since 2023, leading a team focused on developing bold and disruptive space science and technology efforts. He joined APL in 2018 as executive for the Lab’s Civil Space Mission Area, guiding the development of multiple NASA missions, research programs and technology demonstrations, including the  Double Asteroid Redirection Test (DART)  ,  Europa Clipper  ,  Interstellar Mapping and Acceleration Probe (IMAP)  , and  Dragonfly  , which will launch in 2028. 

“I am deeply honored to receive this recognition for the critical space missions and research happening at APL,” said Kalirai. 

Prior to joining APL, Kalirai spent 10 years at NASA’s Space Telescope Science Institute, leading research programs and strategic science initiatives for the Hubble Space Telescope, James Webb Space Telescope and Nancy Grace Roman Telescope. 

In naming Kalirai to its 2025 class of fellows, the society credited him “for taking a holistic approach to astronomical sciences by leveraging ground- and space-based telescopes to place novel constraints on astrophysical mass functions; for expertly leading and enabling new space missions including DART and Dragonfly; and for bold advocacy for astronomy and inspiring the next generation.” 

“I am thrilled to see Jason receive this recognition,” said  Bobby Braun  , head of APL’s  Space Exploration Sector  . “His insight and experience across astrophysics, heliophysics and planetary science continue to serve our nation’s space science community well.” 

Last fall, Kalirai  was honored by the Society of Asian Scientists and Engineers  with its Executive of the Year award for his leadership in space science and engineering. 

Created in 2019, the  AAS Fellows program  recognizes members for contributions toward the society’s mission of “enhancing and sharing humanity’s scientific understanding of the universe.” 

Established in 1899, AAS includes approximately 8,000 members, including astronomers, educators, physicists, geologists, engineers and other researchers focused on astronomical sciences. This year’s fellows will be acknowledged during the 2025 AAS meeting held Jan. 12-16 at National Harbor, Maryland. 

14:55:37 root         DEBUG    Agency_id 25775
14:55:37 root         DEBUG    Article Link: https://www.jhuapl.edu/news/news-releases/250115-jason-kalirai-aas-fellow
14:55:37 root         INFO     LEDE: [testlede] month: [Jan.] day: [15]
14:55:37 root         INFO     
ADDING: FILENAME: [testfilename ety Fellow] TITLE: [Johns Hopkins APL's Kalirai Named American Astronomical Society Fellow] DATE: [2025-01-15] ID [25775]

14:55:37 root         INFO     Driver opened url https://www.jhuapl.edu/news/news-releases/250113-andrew-merkle-research-exploratory-development: 0.5 second load started
14:55:38 root         DEBUG    Titles: Merkle Named Research and Exploratory Development Department Head at Johns Hopkins APL
14:55:38 root         DEBUG    Dates: 2025-01-13
14:55:38 root         DEBUG    Desc: The Johns Hopkins Applied Physics Laboratory (APL) in Laurel, Maryland, has named  Andrew Merkle  as head of its Research and Exploratory Development Department (REDD). 

In his new role, Merkle will lead REDD in accelerating innovation to develop disruptive technologies that tackle critical national challenges in partnership with APL’s sectors and  mission areas  . REDD conducts research and development for U.S. government sponsors such as the Defense Advanced Research Projects Agency, the Office of Naval Research, the National Institutes of Health and NASA, as well as  internally funded  research. 

“As our nation navigates new and increasingly complex challenges, the work of APL is as vital as ever,” said Merkle. “I am honored to take on this role and work alongside our world-class team to drive the development of cutting-edge technologies and innovative solutions that will have a significant impact on these challenges.” 

Merkle previously served as the mission area executive for Research and Exploratory Development, where he led the creation of several significant research programs focused on national security. These initiatives included accelerating scientific discovery through artificial intelligence, operationalizing biotechnologies for national security and health, and developing new technologies to strengthen climate security. Merkle joined APL in 2000 as a biomechanical engineer and has since held several leadership positions, including program area manager and program manager. 

“Andrew’s dedication to mission-focused R&D, broad technical expertise and strong leadership have led to new capabilities that address some of the most critical challenges facing our nation,” said APL Director  Ralph Semmel  . “In his new role, he will drive transformative research and continue to position APL at the forefront of innovation.” 

Merkle is also chair of systems engineering in Johns Hopkins University’s  Engineering for Professionals  program, and has served as an adjunct professor at the University of Maryland. An accomplished researcher, he has published in leading biomechanics journals, authored patents on protective technologies and presented at prominent scientific forums. 

Merkle holds a Doctor of Engineering in engineering management from George Washington University, an MBA from the Robert H. Smith School of Business at the University of Maryland, and both a Master of Science in engineering mechanics and Bachelor of Science in engineering science and mechanics from Virginia Tech. 

14:55:38 root         DEBUG    Agency_id 25775
14:55:38 root         DEBUG    Article Link: https://www.jhuapl.edu/news/news-releases/250113-andrew-merkle-research-exploratory-development
14:55:38 root         INFO     LEDE: [testlede] month: [Jan.] day: [13]
14:55:38 root         INFO     
ADDING: FILENAME: [testfilename opkins APL] TITLE: [Merkle Named Research and Exploratory Development Department Head at Johns Hopkins APL] DATE: [2025-01-13] ID [25775]

14:55:38 root         INFO     Driver opened url https://www.jhuapl.edu/news/news-releases/250107-nimble-cellular-networks-keep-tactical-users-connected: 0.5 second load started
14:55:39 root         DEBUG    Titles: Nimble Cellular Networks Keep Tactical Users Connected
14:55:39 root         DEBUG    Dates: 2025-01-07
14:55:39 root         DEBUG    Desc: The Johns Hopkins Applied Physics Laboratory (APL) in Laurel, Maryland, is contributing to the development of a prototype miniaturized cellular system that may one day keep warfighters and first responders connected in austere environments. 

The goal of the Standalone On-the-Move Advanced Relay (SOAR) program is to design a 5G system small enough to be carried in a drone to provide cellular network capabilities across an area up to 100 square miles (259 square kilometers). 

SOAR originated in 2020 after Congress urged the Department of Defense (DoD) to develop a tactical 5G system. Such systems are attractive because they keep costs down by allowing the military to control a variety of devices — especially drones — with cheaper radios, said Sean Brassard, an engineering program manager in the DoD Special Operations Program Area at APL. 

Costs for issuing military radios in quantity can be minimized by equipping them with cellular modems, which are less expensive than traditional tactical radios. Cellular systems are more bandwidth efficient than current tactical radios, and 5G offers more spectrum for the DoD to use, providing access to frequencies beyond the reach of current tactical radios. 

“Going for a cellular modem is also attractive because you can change out the modems as technology improves instead of replacing the whole radio,” Brassard explained. 

The DoD also has strategic reasons for shifting to cellular. Operations in the U.S. Indo-Pacific Command region will require forces to be spread out over a large geographic area, but those units need the ability to communicate locally and reach back to other DoD networks. 

##  Miniaturization Challenges and Applications 

The focus of the SOAR effort is to make a 5G cellular relay small enough to install in a Group 2 uncrewed aerial system (UAS), which the DoD classifies as a drone weighing 21 to 55 pounds (about 10 to 25 kilograms) and able to reach an altitude of 3,500 feet (1,067 meters). To fit on such a small platform, the entire package — including the antenna, mechanical box and heat-dissipation systems — must be under 10 pounds (about 5 kilograms) and able to “fit in half a shoebox.” 

“Bringing 5G infrastructure onto a Group 2 uncrewed system permits some of our smallest and most mobile teams to deploy cutting-edge wireless communications infrastructure into remote and austere locations. Even more importantly, where adversaries can see and target us, it enables a new level of mobility for that infrastructure,” said Daniel Silvera, deputy mission area executive for  Special Operations  at APL. 

For system development, APL is working in collaboration with NxGenComm, LLC, to make use of its advanced commercial 5G baseband system and augmenting it with radio-frequency capability that better suits austere, tactical environments. 

Such capabilities are well aligned with  APL’s expertise  , Brassard said, noting that the Lab previously oversaw development of a mobile 5G relay system — consisting of a 10-kilowatt generator with large equipment racks and a mast loaded into the back of a Ford F-350 pickup truck — that was delivered to the U.S. government in December 2020. 

The miniaturized mobile cellular system is currently being demonstrated to the U.S. Army and U.S. Marine Corps. The program’s next step is making the cellular system work in tactical environments. This entails making the equipment more flexible and resilient — “a big ask for such a small system,” Brassard said, because it pushes the boundaries of what can be done from a computational and radio frequency perspective. 

The SOAR system can be used for both tactical military missions and disaster relief in areas where communications are down. This was demonstrated to the Oklahoma National Guard for tornado relief operations. Because the system can be placed in a small UAS or a balloon tethered at several thousand feet, it can provide cellular coverage for 100 square miles. 

##  Next Steps 

The first completed version of the prototype SOAR 5G system was demonstrated this April and was field tested with the Army in September, with one additional demonstration planned for this year. 

Brassard noted that the project is about to enter a new phase funded by the Army and the Pentagon, with the goal of building a second version of the system. He added that the Army wants the system demonstrated to its Futures Command because both the Army and Marine Corps consider SOAR a potential means to control robotic devices. 

“They’re looking at similar use cases of how we would control a lot of these different devices out in the field remotely,” he said. 

Army testing involves a tethered drone that is connected to a power cable, allowing the UAS to operate for hours. All of this year’s demonstrations will use the tethered drone. 

As a next step, the Army wants to work with APL to install and test the system on a free-flying UAS operating at several thousand feet. These plans are tentatively set for next year, Brassard said. 

14:55:39 root         DEBUG    Agency_id 25775
14:55:39 root         DEBUG    Article Link: https://www.jhuapl.edu/news/news-releases/250107-nimble-cellular-networks-keep-tactical-users-connected
14:55:39 root         INFO     LEDE: [testlede] month: [Jan.] day: [7]
14:55:39 root         INFO     
ADDING: FILENAME: [testfilename  Connected] TITLE: [Nimble Cellular Networks Keep Tactical Users Connected] DATE: [2025-01-07] ID [25775]

14:55:39 root         INFO     Driver opened url https://www.jhuapl.edu/news/news-releases/250106-apl-highest-mark-ip-disclosures: 0.5 second load started
14:55:40 root         DEBUG    Titles: Johns Hopkins APL Reaches Highest Mark for Intellectual Property Disclosures
14:55:40 root         DEBUG    Dates: 2025-01-06
14:55:40 root         DEBUG    Desc: Staff members at the Johns Hopkins Applied Physics Laboratory (APL) in Laurel, Maryland, filed a record number of intellectual property (IP) disclosures in fiscal year 2024. These IP disclosures span a wide range of research and development efforts and empower the Laboratory’s strategic value to sponsors and the nation. 

Laboratory inventors filed 564 IP disclosures from Oct. 2, 2023, to Sept. 30, 2024. This represents a jump from the roughly 450 disclosures averaged over the previous five years, and more than a doubling of annual IP disclosures from a decade ago. For the first time, APL also pushed past 8,000 total IP disclosures — the most since the Laboratory began the current numbering scheme in the 1990s. 

“APL exists to have game-changing impact through groundbreaking innovation,” said Susan Ehrlich, a technology manager at APL. “It’s integral to APL’s DNA, and one of our key responsibilities as a university affiliated research center. IP disclosures are a measure of how successful we are at being innovative.” 

From lunar exploration to climate-mitigation breakthroughs to medical device advancements, APL’s IP is born from both sponsor-funded projects and independent research initiatives. All staff members are asked to submit IP disclosures for the innovations they create. 

##  Protecting Intellectual Property 

Ehrlich is among the Laboratory’s team of  Tech Transfer  technology managers who manage IP, decide what to patent, market technologies externally to find licensing partners, and ensure technology is transferred appropriately. For FY 2024, 94 patent applications, including 27 nonprovisional patent applications, were filed. 

In addition to patents, APL safeguards its IP through copyright, trademark and trade secret protections. Copyright, for example, gives APL exclusive rights to control the distribution, modification and use of certain original works created at APL. Such distribution may include allowing the public to access and use APL-created software under an open-source license. 

##  Commitment to Innovation 

“As a research and development organization, our most valuable asset is our people — the innovators, scientists and engineers who are solving the nation’s most critical challenges,” said Todd Farnsworth, a registered patent attorney in APL’s Office of the General Counsel. “Intellectual property and successful patents represent their dedication and ingenuity in developing innovative technologies.” 

By encouraging and incubating bold research proposals, cultivating the next generation of leaders and creating collaborative workspaces, APL fosters creativity at every level. The Laboratory’s comprehensive system of grants and collaboration initiatives empowers staff members to explore new ideas and push the boundaries of discovery. For example, the Laboratory’s  Innovation and Collaboration program  supports staff members in launching new concepts. 

“If we want to stay ahead of our near-peer adversaries and maintain our operational supremacy, then the Laboratory must have innovations ready when sponsors need them,” said Briana Vecchio-Pagan, who manages the Innovation and Collaboration program. “Over the past decade, the Laboratory’s overall push for innovation on both internal and sponsored work has led to more and more IP being generated — IP that could transition for incredible impact.” 

Within the Innovation and Collaboration program is Project Catalyst, which includes APL’s internally funded Ignition, Combustion and Propulsion grants. Each year, nearly $10 million in grant opportunities are available to fund innovative ideas, and that’s alongside several other initiatives and Independent Research and Development funding opportunities. 

“It’s all about providing permissions to chase the big unknowns, and going after the ‘APL-hard’ types of problems,” said Jason Fayer, the Innovation and Collaboration deputy program manager. “That approach leads to unique solutions that can provide impactful results.” 

APL is consistently named one of the  nation’s top innovative workplaces  , and its reputation for encouraging innovation entices top talent. 

“A robust IP portfolio is a powerful tool for attracting top-tier talent,” said Meredith Barclay, supervisor of APL’s Talent Acquisition Strategies and Services Group. “Our team is dedicated to ensuring that candidates, especially Ph.D. applicants, recognize the depth and breadth of innovation happening at the Lab.” 

14:55:40 root         DEBUG    Agency_id 25775
14:55:40 root         DEBUG    Article Link: https://www.jhuapl.edu/news/news-releases/250106-apl-highest-mark-ip-disclosures
14:55:40 root         INFO     LEDE: [testlede] month: [Jan.] day: [6]
14:55:40 root         INFO     
ADDING: FILENAME: [testfilename isclosures] TITLE: [Johns Hopkins APL Reaches Highest Mark for Intellectual Property Disclosures] DATE: [2025-01-06] ID [25775]

14:55:40 root         INFO     Driver opened url https://www.jhuapl.edu/news/news-releases/250103-covid-19-test-development-production-distribution-saved-lives: 0.5 second load started
14:55:41 root         DEBUG    Titles: Johns Hopkins APL Modeling Tool Affirms Critical Role of Testing in Pandemic Response
14:55:41 root         DEBUG    Dates: 2025-01-03
14:55:41 root         DEBUG    Desc: The COVID-19 pandemic highlighted how crucial testing is for disease preparedness and response, and new research from the Johns Hopkins Applied Physics Laboratory (APL) and a team of collaborators underscores that principle. 

Published in the Jan. 2 edition  of The Lancet Public Health, the research included simulation and analysis that suggests that public-private partnerships to develop, produce and distribute COVID-19 diagnostic tests saved an estimated 1.4 million lives and prevented about 7 million patient hospitalizations in the United States during the pandemic. 

APL, based in Laurel, Maryland, teamed with the Administration for Strategic Preparedness and Response (ASPR), the U.S. Centers for Disease Control and Prevention, and consultants from MITRE Corporation on the study. 

“The analysis found that the early development, manufacturing and distribution of tests significantly reduced severe COVID-19 outcomes,” said Gary Lin, a computational epidemiologist at APL and a study co-author. “Through modeling and simulation, we’ve shown how national coordination can effectively leverage resources and capabilities.” 

APL researchers developed a digital twin prototype — a virtual simulation environment — to model the testing and diagnostic supply chain. The tool was used to simulate baseline scenarios and assess the effects of potential pandemic interventions. 

“The digital twin helps us quantitatively understand the impact and consequences of disruptions and changing infection levels on test availability,” said Elizabeth Currier, the APL digital twin project manager. “It can also evaluate the impact of policies and investments and be used in planning and evaluating supply needs, aiding in response and ensuring a secure supply chain for future medical crises.” 

The prototype model integrated diverse data sources, including manufacturing, retail and government stockpile information as well as wastewater and inpatient data, which enabled the team to assess complex scenarios. It simulated forecasting for infectious disease cases to reflect demand for tests, production of tests, and supply and distribution logistics. 

Between January 2020 and December 2022, government efforts produced more than 6.7 billion COVID-19 tests in the United States. These included laboratory tests, point-of-care tests and over-the-counter tests, with more than 2.7 billion tests performed in U.S. laboratories, in health care facilities or at home. 

“The findings underscore the importance of robust and rapid test development, production and distribution to address future public health threats,” Currier said. “The insights gained from integrating data go beyond responding to COVID-19: They prepare us for future pandemics with a scalable framework to allocate resources effectively.” 

APL’s digital twin modeling has since expanded to monitor nationwide testing for COVID-19, influenza, respiratory syncytial virus (RSV) and other  public health  threats under an all-hazards approach. 

14:55:41 root         DEBUG    Agency_id 25775
14:55:41 root         DEBUG    Article Link: https://www.jhuapl.edu/news/news-releases/250103-covid-19-test-development-production-distribution-saved-lives
14:55:41 root         INFO     LEDE: [testlede] month: [Jan.] day: [3]
14:55:41 root         INFO     
ADDING: FILENAME: [testfilename c Response] TITLE: [Johns Hopkins APL Modeling Tool Affirms Critical Role of Testing in Pandemic Response] DATE: [2025-01-03] ID [25775]

14:55:45 root         INFO     Driver opened url https://www.jhuapl.edu/news/news-releases/241227-parker-closest-approach: 0.5 second load started
14:55:45 root         DEBUG    Titles: Parker Solar Probe Makes History With Closest Pass to the Sun
14:55:45 root         DEBUG    Dates: 2024-12-27
14:55:45 root         DEBUG    Desc: NASA’s mission to “touch” the Sun has confirmed that it survived its record-breaking closest approach to the Sun’s surface on Dec. 24. 

Breaking its previous record by flying just 3.8 million miles (around 6.1 million kilometers) above the surface of the Sun, NASA’s  Parker Solar Probe  hurtled through the solar atmosphere at a blazing 430,000 miles per hour (692,000 kilometers per hour) — faster than any human-made object has ever moved. A beacon tone, received in the mission operations center at the Johns Hopkins Applied Physics Laboratory (APL) late on Dec. 26, confirmed the spacecraft had made it through the encounter safely and is operating normally. APL designed, built and operates the spacecraft from its campus in Laurel, Maryland. 

Animation Credit: NASA/Johns Hopkins APL/Steve Gribben 

This pass, the first of more to come at this distance, is allowing the spacecraft to conduct unrivaled scientific measurements with the potential to change our understanding of the Sun. 

“Getting this close to the Sun is a historic moment in our quest to uncover the mysteries of our nearest star,” said Nicky Fox, associate administrator for NASA’s Science Mission Directorate. “By studying the Sun up close, we can better understand its impacts throughout our solar system, including on the technology we use daily on Earth, as well as learn about the workings of stars across the universe.” 

“This accomplishment is a testament to the dedication and innovative spirit of the entire Parker Solar Probe team,” said APL Director  Ralph Semmel  . “Their incredible technological breakthroughs enabled this amazing mission, and they have delivered critical new insights that are revolutionizing our understanding of heliophysics and space weather.” 

Parker Solar Probe has spent the last six years setting up  for this moment  . Launched in 2018, the spacecraft used seven flybys of Venus to gravitationally direct it ever closer to the Sun. With the last Venus flyby on Nov. 6, the spacecraft reached its optimal orbit, an oval-shaped loop that brings it around the Sun every three months — close enough to study our Sun’s mysterious processes but not too close to become overwhelmed by the Sun’s heat and damaging radiation. The spacecraft will remain in this orbit for the remainder of its primary mission and potentially for many years after that. 

“Parker Solar Probe is braving one of the most extreme environments in space and exceeding all expectations,” said  Nour Rawafi  , project scientist for Parker Solar Probe at APL. “This mission is ushering in a new golden era of space exploration, bringing us closer than ever to unlocking the Sun’s deepest and most enduring mysteries.” 

Close to the Sun, the spacecraft relies on a carbon foam shield to protect itself from the intense heat. The shield was designed to reach temperatures of 2,600 degrees Fahrenheit (around 1,430 degrees Celsius) — hot enough to melt steel — while keeping the instruments behind it shaded at a comfortable room temperature. Spacecraft operators expect the shield to have faced temperatures around 1,800 F (980 C) at closest approach. 

“It’s monumental to be able to get a spacecraft this close to the Sun,” said John Wirzburger, Parker Solar Probe mission systems engineer at APL. “This is a challenge the space science community has wanted to tackle since 1958, and it spent decades advancing the technology to make it possible.” 

By flying through the solar corona, Parker Solar Probe can take measurements that help scientists better understand how the region gets so hot, trace the origin of the solar wind (a constant flow of material escaping the Sun), and discover how energetic particles are accelerated to half the speed of light. 

“The data is so important for the science community because it gives us another vantage point,” said Kelly Korreck, a program scientist at NASA Headquarters and heliophysicist who worked on one of the mission’s instruments. “By getting first-hand accounts of what’s happening in the solar atmosphere, Parker Solar Probe has revolutionized our understanding of the Sun.” 

14:55:45 root         DEBUG    Agency_id 25775
14:55:45 root         DEBUG    Article Link: https://www.jhuapl.edu/news/news-releases/241227-parker-closest-approach
14:55:45 root         INFO     LEDE: [testlede] month: [Dec.] day: [27]
14:55:46 root         INFO     
ADDING: FILENAME: [testfilename to the Sun] TITLE: [Parker Solar Probe Makes History With Closest Pass to the Sun] DATE: [2024-12-27] ID [25775]

14:55:46 root         INFO     Driver opened url https://www.jhuapl.edu/news/news-releases/241220-imap-2025-launch: 0.5 second load started
14:55:47 root         DEBUG    Titles: NASA's IMAP Mission Poised for September 2025 Launch
14:55:47 root         DEBUG    Dates: 2024-12-20
14:55:47 root         DEBUG    Desc: NASA and SpaceX are now targeting as soon as September 2025 for the launch of the agency’s  Interstellar Mapping and Acceleration Probe (IMAP)  spacecraft, which is currently undergoing integration and testing at the Johns Hopkins Applied Physics Laboratory (APL) in Laurel, Maryland.  The new date provides  additional time for IMAP flight systems preparations prior to launch. 

IMAP will study the heliosphere — the Sun’s magnetic bubble that shields our solar system — to better understand the protective boundary. To achieve this, IMAP will sample, analyze and map particles streaming toward Earth from the edges of interstellar space. The mission will also help researchers learn more about the solar wind — the constant stream of particles from the Sun — energetic particles, and cosmic rays in the heliosphere. These particles can affect human explorers in space and harm technological systems, and likely play a role in the presence of life itself in the universe. 

In a complex process that took over a year, engineers at APL pulled together IMAP’s instruments, subsystems and components and ran them through a gauntlet of tests to ensure mission success. 

“The IMAP team has shown tremendous dedication and agility throughout our integration campaign, juggling the competing demands of each instrument and subsystem,” said  Bobby Braun  , head of APL’s  Space Exploration Sector  . “As a result of their extraordinary efforts, we now have a fully integrated flight system ready for environmental testing. The team is well prepared for the journey ahead and looks forward to launching NASA’s next fundamental heliophysics science mission as soon as September 2025.” 

IMAP will fly 10 instruments built by multiple organizations to study the solar wind, interstellar dust and other particles in space. A  livestream  of the clean room where the spacecraft is currently undergoing integration and testing is available to watch on the  IMAP mission website  . 

IMAP will launch on a SpaceX Falcon 9 rocket from Cape Canaveral Space Force Station in Florida. 

Princeton University professor David J. McComas leads the IMAP mission with an international team of 25 partner institutions. APL builds the spacecraft and operates the mission. IMAP is the fifth mission in NASA’s Solar Terrestrial Probes (STP) Program portfolio. The Explorers and Heliophysics Project Division at NASA’s Goddard Space Flight Center in Greenbelt, Maryland, manages the STP Program for the agency’s Heliophysics Division of NASA’s Science Mission Directorate. 

Adapted from a NASA release 

14:55:47 root         DEBUG    Agency_id 25775
14:55:47 root         DEBUG    Article Link: https://www.jhuapl.edu/news/news-releases/241220-imap-2025-launch
14:55:47 root         INFO     LEDE: [testlede] month: [Dec.] day: [20]
14:55:47 root         INFO     
ADDING: FILENAME: [testfilename 025 Launch] TITLE: [NASA's IMAP Mission Poised for September 2025 Launch] DATE: [2024-12-20] ID [25775]

14:55:47 root         INFO     INVALID DATE: 2024-12-12 00:00:00
14:55:47 root         INFO     Scrape errors found during run:
14:55:47 root         INFO     []
14:55:47 root         INFO     End of file message
14:55:47 root         INFO     

Load Version 2.0.1 01/17/2025
       Docs Loaded: 9
       URLS processed: 1
       DUPS skipped: 0
       No Ledes found: 0

Passed Parameters:
       Pull House and Senate: False
       Number of days back: 30
       Start Time: 2025-01-19 14:55:28
       End Time: 2025-01-19 14:55:47
       Elapsed Time: 0:00:18
       Character Minimum Amount: 100

Errors:
Docs:
	Loaded:
		25775: Securing the Moon's Neighborhood: Cislunar Experts Gather at Johns Hopkins APL for Annual Conference
		25775: At-Home 'Retinal Selfies' May Provide a Window on Health
		25775: Johns Hopkins APL's Kalirai Named American Astronomical Society Fellow
		25775: Merkle Named Research and Exploratory Development Department Head at Johns Hopkins APL
		25775: Nimble Cellular Networks Keep Tactical Users Connected
		25775: Johns Hopkins APL Reaches Highest Mark for Intellectual Property Disclosures
		25775: Johns Hopkins APL Modeling Tool Affirms Critical Role of Testing in Pandemic Response
		25775: Parker Solar Probe Makes History With Closest Pass to the Sun
		25775: NASA's IMAP Mission Poised for September 2025 Launch
