11:40:47 root         INFO     Skipping 27599
11:40:47 root         INFO     Skipping 30449
11:40:47 root         INFO     Skipping 14315
11:40:47 root         INFO     Skipping 7566
11:40:47 root         INFO     Skipping 804
11:40:47 root         INFO     Skipping 12106
11:40:47 root         INFO     Skipping 8034
11:40:47 root         INFO     Skipping 7901
11:40:47 root         INFO     Skipping 20157
11:40:47 root         INFO     Skipping 6950
11:40:47 root         INFO     Skipping 15026
11:40:47 root         INFO     Skipping 19993
11:40:47 root         INFO     Skipping 21569
11:40:47 root         INFO     Skipping 23030
11:40:47 root         INFO     Skipping 206
11:40:47 root         INFO     Skipping 16046
11:40:47 root         INFO     Skipping 16140
11:40:47 root         INFO     Skipping 16037
11:40:47 root         INFO     Skipping 43
11:40:47 root         INFO     Skipping 225
11:40:47 root         INFO     Skipping 37711
11:40:47 root         INFO     Skipping 34699
11:40:47 root         INFO     Skipping 19021
11:40:47 root         INFO     Skipping 18495
11:40:47 root         INFO     Skipping 222
11:40:47 root         INFO     Skipping 5602
11:40:47 root         INFO     Skipping 16027
11:40:47 root         INFO     Skipping 21499
11:40:47 root         INFO     Skipping 2698
11:40:47 root         INFO     Skipping 27867
11:40:47 root         INFO     Skipping 24224
11:40:47 root         INFO     Skipping 21563
11:40:47 root         INFO     Skipping 24227
11:40:47 root         INFO     Skipping 17224
11:40:47 root         INFO     Skipping 219
11:40:47 root         INFO     Skipping 23814
11:40:47 root         INFO     Skipping 15376
11:40:47 root         INFO     Skipping 19286
11:40:47 root         INFO     Skipping 28048
11:40:47 root         INFO     Skipping 543
11:40:47 root         INFO     Skipping 24233
11:40:47 root         INFO     Skipping 18735
11:40:47 root         INFO     Skipping 1066
11:40:47 root         INFO     Skipping 37680
11:40:47 root         INFO     Skipping 691
11:40:47 root         INFO     Skipping 677
11:40:47 root         INFO     Skipping 20141
11:40:47 root         INFO     Skipping 36151
11:40:47 root         INFO     Skipping 20319
11:40:47 root         INFO     Skipping 12400
11:40:47 root         INFO     Skipping 127
11:40:47 root         INFO     Skipping 20792
11:40:47 root         INFO     Skipping 17104
11:40:47 root         INFO     Skipping 24344
11:40:47 root         INFO     Skipping 19546
11:40:47 root         INFO     Skipping 15565
11:40:47 root         INFO     Skipping 13359
11:40:47 root         INFO     Skipping 17922
11:40:47 root         INFO     Skipping 22481
11:40:47 root         INFO     Skipping 20138
11:40:47 root         INFO     Skipping 119
11:40:47 root         INFO     Skipping 21188
11:40:47 root         INFO     Skipping 3016
11:40:47 root         INFO     Skipping 21525
11:40:47 root         INFO     Skipping 37694
11:40:47 root         INFO     Skipping 18710
11:40:47 root         INFO     Skipping 29332
11:40:47 root         INFO     Skipping 23100
11:40:47 root         INFO     Skipping 37725
11:40:47 root         INFO     Skipping 15633
11:40:47 root         INFO     Skipping 948
11:40:47 root         INFO     Skipping 30993
11:40:47 root         INFO     Skipping 22221
11:40:47 root         INFO     Skipping 22654
11:40:47 root         INFO     Skipping 35809
11:40:47 root         INFO     Skipping 35576
11:40:47 root         INFO     Skipping 37408
11:40:47 root         INFO     Skipping 7844
11:40:47 root         INFO     Skipping 20
11:40:47 root         INFO     Skipping 8022
11:40:47 root         INFO     Skipping 8032
11:40:47 root         INFO     Skipping 20605
11:40:47 root         INFO     Skipping 7838
11:40:47 root         INFO     Skipping 21497
11:40:47 root         INFO     Skipping 35572
11:40:47 root         INFO     Skipping 30425
11:40:47 root         INFO     Skipping 35517
11:40:47 root         INFO     Skipping 35524
11:40:47 root         INFO     Skipping 21522
11:40:47 root         INFO     Skipping 1325
11:40:47 root         INFO     Skipping 1079
11:40:47 root         INFO     Skipping 6973
11:40:47 root         INFO     Skipping 37495
11:40:47 root         INFO     Skipping 30405
11:40:47 root         INFO     Skipping 18767
11:40:47 root         INFO     Skipping 21521
11:40:47 root         INFO     Skipping 921
11:40:47 root         INFO     Skipping 27602
11:40:47 root         INFO     Skipping 21335
11:40:47 root         INFO     Skipping 30444
11:40:47 root         INFO     Skipping 1363
11:40:47 root         INFO     Skipping 9488
11:40:47 root         INFO     Skipping 24230
11:40:47 root         INFO     Skipping 2696
11:40:47 root         INFO     Skipping 37705
11:40:47 root         INFO     Skipping 33752
11:40:47 root         INFO     Skipping 37731
11:40:47 root         INFO     Skipping 37740
11:40:47 root         INFO     Skipping 9427
11:40:47 root         INFO     Skipping 19880
11:40:47 root         INFO     Skipping 632
11:40:47 root         INFO     Skipping 39007
11:40:47 root         INFO     Skipping 551
11:40:47 root         INFO     Skipping 37304
11:40:47 root         INFO     Skipping 20115
11:40:47 root         INFO     Skipping 13362
11:40:47 root         INFO     Skipping 7333
11:40:47 root         INFO     Skipping 21423
11:40:47 root         INFO     Skipping 17653
11:40:47 root         INFO     Skipping 21152
11:40:47 root         INFO     Skipping 16031
11:40:47 root         INFO     Skipping 27074
11:40:47 root         INFO     Skipping 255
11:40:47 root         INFO     Skipping 431
11:40:47 root         INFO     Skipping 19290
11:40:47 root         INFO     Skipping 33954
11:40:47 root         INFO     Skipping 22921
11:40:47 root         INFO     Skipping 26556
11:40:47 root         INFO     Skipping 167
11:40:47 root         INFO     Skipping 15884
11:40:47 root         INFO     Skipping 30382
11:40:47 root         INFO     Skipping 30450
11:40:47 root         INFO     Skipping 27626
11:40:47 root         INFO     Skipping 37748
11:40:47 root         INFO     Skipping 715
11:40:47 root         INFO     Skipping 18734
11:40:47 root         INFO     Skipping 9485
11:40:47 root         INFO     Skipping 24231
11:40:47 root         INFO     Skipping 6221
11:40:47 root         INFO     Skipping 15392
11:40:47 root         INFO     Skipping 14466
11:40:47 root         INFO     Skipping 15025
11:40:47 root         INFO     Skipping 19760
11:40:47 root         INFO     Skipping 37095
11:40:47 root         INFO     Skipping 13863
11:40:47 root         INFO     Skipping 7355
11:40:47 root         INFO     Skipping 8042
11:40:47 root         INFO     Skipping 23802
11:40:47 root         INFO     Skipping 282
11:40:47 root         INFO     Skipping 7316
11:40:47 root         INFO     Skipping 16040
11:40:47 root         INFO     Skipping 7922
11:40:47 root         INFO     Skipping 16041
11:40:47 root         INFO     Skipping 28101
11:40:47 root         INFO     Skipping 3410
11:40:47 root         INFO     Skipping 7121
11:40:47 root         INFO     Skipping 17116
11:40:47 root         INFO     Skipping 20034
11:40:47 root         INFO     Skipping 6918
11:40:47 root         INFO     Skipping 22037
11:40:47 root         INFO     Skipping 14373
11:40:47 root         INFO     Skipping 13794
11:40:47 root         INFO     Skipping 13964
11:40:47 root         INFO     Skipping 6930
11:40:47 root         INFO     Skipping 19978
11:40:47 root         INFO     Skipping 14069
11:40:47 root         INFO     Skipping 14111
11:40:47 root         INFO     Skipping 6931
11:40:47 root         INFO     Skipping 14021
11:40:47 root         INFO     Skipping 37180
11:40:47 root         INFO     Skipping 35130
11:40:47 root         INFO     Skipping 19684
11:40:47 root         INFO     Skipping 28292
11:40:47 root         INFO     Skipping 30335
11:40:47 root         INFO     Skipping 14867
11:40:47 root         INFO     Skipping 23669
11:40:47 root         INFO     Skipping 6793
11:40:47 root         INFO     Skipping 15440
11:40:47 root         INFO     Skipping 23588
11:40:47 root         INFO     Skipping 10156
11:40:47 root         INFO     Skipping 30046
11:40:47 root         INFO     Skipping 39476
11:40:47 root         INFO     Skipping 37727
11:40:47 root         INFO     Skipping 33096
11:40:47 root         INFO     Skipping 32423
11:40:47 root         INFO     Skipping 30658
11:40:47 root         INFO     Skipping 19870
11:40:47 root         INFO     Skipping 15962
11:40:47 root         INFO     Skipping 702
11:40:47 root         INFO     Skipping 39478
11:40:47 root         INFO     Skipping 30435
11:40:47 root         INFO     Skipping 9445
11:40:47 root         INFO     Skipping 24173
11:40:47 root         INFO     Skipping 35554
11:40:47 root         INFO     Skipping 18733
11:40:47 root         INFO     Skipping 3962
11:40:47 root         INFO     Skipping 26659
11:40:47 root         INFO     Skipping 32135
11:40:47 root         INFO     Skipping 27843
11:40:47 root         INFO     Skipping 17658
11:40:47 root         INFO     Skipping 27186
11:40:47 root         INFO     Skipping 6922
11:40:47 root         INFO     Skipping 7317
11:40:47 root         INFO     Skipping 37607
11:40:47 root         INFO     Skipping 19748
11:40:47 root         INFO     Skipping 14979
11:40:47 root         INFO     Skipping 28256
11:40:47 root         INFO     Skipping 15000
11:40:47 root         INFO     Skipping 15725
11:40:47 root         INFO     Skipping 21561
11:40:47 root         INFO     Skipping 23098
11:40:47 root         INFO     Skipping 30469
11:40:47 root         INFO     Skipping 37819
11:40:47 root         INFO     Skipping 27605
11:40:47 root         INFO     Skipping 24799
11:40:47 root         INFO     Skipping 35571
11:40:47 root         INFO     Skipping 18750
11:40:47 root         INFO     Skipping 21564
11:40:47 root         INFO     Skipping 695
11:40:47 root         INFO     Skipping 619
11:40:47 root         INFO     Skipping 21566
11:40:47 root         INFO     Skipping 18746
11:40:47 root         INFO     Skipping 30470
11:40:47 root         INFO     Skipping 37747
11:40:47 root         INFO     Skipping 35726
11:40:47 root         INFO     Skipping 35708
11:40:47 root         INFO     Skipping 35705
11:40:47 root         INFO     Skipping 35727
11:40:47 root         INFO     Skipping 37743
11:40:47 root         INFO     Skipping 24229
11:40:47 root         INFO     Skipping 37748
11:40:47 root         INFO     Skipping 19879
11:40:47 root         INFO     Skipping 717
11:40:47 root         INFO     Skipping 35728
11:40:47 root         INFO     Skipping 37820
11:40:47 root         INFO     Skipping 30473
11:40:47 root         INFO     Skipping 37744
11:40:47 root         INFO     Skipping 28313
11:40:47 root         INFO     Skipping 37749
11:40:47 root         INFO     Skipping 15948
11:40:47 root         INFO     Skipping 35707
11:40:47 root         INFO     Skipping 35706
11:40:47 root         INFO     Skipping 35704
11:40:47 root         INFO     Skipping 18740
11:40:47 root         INFO     Skipping 18736
11:40:47 root         INFO     Skipping 7887
11:40:47 root         INFO     Skipping 15551
11:40:47 root         INFO     Skipping 35562
11:40:47 root         INFO     Skipping 9423
11:40:47 root         INFO     Skipping 1519
11:40:47 root         INFO     Skipping 35489
11:40:47 root         INFO     Skipping 20880
11:40:47 root         INFO     Skipping 37235
11:40:47 root         INFO     Skipping 15882
11:40:47 root         INFO     Skipping 1169
11:40:47 root         INFO     Skipping 9463
11:40:47 root         INFO     Skipping 37685
11:40:47 root         INFO     Skipping 809
11:40:47 root         INFO     Skipping 9421
11:40:47 root         INFO     Skipping 30397
11:40:47 root         INFO     Skipping 37735
11:40:47 root         INFO     Skipping 30394
11:40:47 root         INFO     Skipping 30448
11:40:47 root         INFO     Skipping 27614
11:40:47 root         INFO     Skipping 35527
11:40:47 root         INFO     Skipping 37416
11:40:47 root         INFO     Skipping 37709
11:40:47 root         INFO     Skipping 27649
11:40:47 root         INFO     Skipping 35546
11:40:47 root         INFO     Skipping 1098
11:40:47 root         INFO     Skipping 21488
11:40:47 root         INFO     Skipping 37674
11:40:47 root         INFO     Skipping 37706
11:40:47 root         INFO     Skipping 37713
11:40:47 root         INFO     Skipping 918
11:40:47 root         INFO     Skipping 24210
11:40:47 root         INFO     Skipping 37728
11:40:47 root         INFO     Skipping 35555
11:40:47 root         INFO     Skipping 35556
11:40:47 root         INFO     Skipping 892
11:40:47 root         INFO     Skipping 38045
11:40:47 root         INFO     Skipping 829
11:40:47 root         INFO     Skipping 30468
11:40:47 root         INFO     Skipping 24186
11:40:47 root         INFO     Skipping 24194
11:40:47 root         INFO     Skipping 37693
11:40:47 root         INFO     Skipping 30429
11:40:47 root         INFO     Skipping 1249
11:40:47 root         INFO     Skipping 30434
11:40:47 root         INFO     Skipping 24199
11:40:47 root         INFO     Skipping 37688
11:40:47 root         INFO     Skipping 23853
11:40:47 root         INFO     Skipping 30456
11:40:47 root         INFO     Skipping 1036
11:40:47 root         INFO     Skipping 30436
11:40:47 root         INFO     Skipping 37690
11:40:47 root         INFO     Skipping 36428
11:40:47 root         INFO     Skipping 37721
11:40:47 root         INFO     Skipping 27646
11:40:47 root         INFO     Skipping 24187
11:40:47 root         INFO     Skipping 35551
11:40:48 root         INFO     Skipping 925
11:40:48 root         INFO     Skipping 21570
11:40:48 root         INFO     Skipping 21536
11:40:48 root         INFO     Skipping 604
11:40:48 root         INFO     Skipping 21562
11:40:48 root         INFO     Skipping 21572
11:40:48 root         INFO     Skipping 17884
11:40:48 root         INFO     Skipping 235
11:40:48 root         INFO     Skipping 21487
11:40:48 root         INFO     Skipping 27644
11:40:48 root         INFO     Skipping 37722
11:40:48 root         INFO     Skipping 24175
11:40:48 root         INFO     Skipping 27637
11:40:48 root         INFO     Skipping 9424
11:40:48 root         INFO     Skipping 24181
11:40:48 root         INFO     Skipping 37676
11:40:48 root         INFO     Skipping 15912
11:40:48 root         INFO     Skipping 1004
11:40:48 root         INFO     Skipping 15922
11:40:48 root         INFO     Skipping 21523
11:40:48 root         INFO     Skipping 14489
11:40:48 root         INFO     Skipping 18756
11:40:48 root         INFO     Skipping 23549
11:40:48 root         INFO     Skipping 30414
11:40:48 root         INFO     Skipping 28735
11:40:48 root         INFO     Skipping 599
11:40:48 root         INFO     Skipping 24124
11:40:48 root         INFO     Skipping 24218
11:40:48 root         INFO     Skipping 19874
11:40:48 root         INFO     Skipping 21467
11:40:48 root         INFO     Skipping 30525
11:40:48 root         INFO     Skipping 24176
11:40:48 root         INFO     Skipping 15949
11:40:48 root         INFO     Skipping 27630
11:40:48 root         INFO     Skipping 27632
11:40:48 root         INFO     Skipping 606
11:40:48 root         INFO     Skipping 27629
11:40:48 root         INFO     Skipping 24228
11:40:48 root         INFO     Skipping 562
11:40:48 root         INFO     Skipping 21633
11:40:48 root         INFO     Skipping 24225
11:40:48 root         INFO     Skipping 18725
11:40:48 root         INFO     Skipping 21567
11:40:48 root         INFO     Skipping 27628
11:40:48 root         INFO     Skipping 12921
11:40:48 root         INFO     Skipping 47
11:40:48 root         INFO     Skipping 8101
11:40:48 root         INFO     Skipping 27936
11:40:48 root         INFO     Skipping 23089
11:40:48 root         INFO     Skipping 15911
11:40:48 root         INFO     Skipping 30472
11:40:48 root         INFO     Skipping 35703
11:40:48 root         INFO     Skipping 30475
11:40:48 root         INFO     Skipping 18739
11:40:48 root         INFO     Skipping 30378
11:40:48 root         INFO     Skipping 21
11:40:48 root         INFO     Skipping 24169
11:40:48 root         INFO     Skipping 27616
11:40:48 root         INFO     Skipping 546
11:40:48 root         INFO     Skipping 125
11:40:48 root         INFO     Skipping 432
11:40:48 root         INFO     Skipping 23572
11:40:48 root         INFO     Skipping 1
11:40:48 root         INFO     Skipping 10
11:40:48 root         INFO     Skipping 106
11:40:48 root         INFO     Skipping 804
11:40:48 root         INFO     Skipping 697
11:40:48 root         INFO     Skipping 37667
11:40:48 root         INFO     Skipping 24234
11:40:48 root         INFO     Skipping 34781
11:40:48 root         INFO     Skipping 44
11:40:48 root         INFO     Skipping 2434
11:40:48 root         INFO     Skipping 7307
11:40:48 root         INFO     Skipping 7280
11:40:48 root         INFO     Skipping 14197
11:40:48 root         INFO     Skipping 6929
11:40:48 root         INFO     Skipping 24223
11:40:48 root         INFO     Skipping 30412
11:40:48 root         INFO     Skipping 21230
11:40:48 root         INFO     Skipping 7124
11:40:48 root         INFO     Skipping 7516
11:40:48 root         INFO     Skipping 9231
11:40:48 root         INFO     Skipping 13222
11:40:48 root         INFO     Skipping 24928
11:40:48 root         INFO     Skipping 14466
11:40:48 root         INFO     Skipping 19685
11:40:48 root         INFO     Skipping 14008
11:40:48 root         INFO     Skipping 20480
11:40:48 root         INFO     Skipping 7126
11:40:48 root         INFO     Skipping 15792
11:40:48 root         INFO     Skipping 27571
11:40:48 root         INFO     Skipping 19109
11:40:48 root         INFO     Skipping 14066
11:40:48 root         INFO     Skipping 7103
11:40:48 root         INFO     Skipping 13479
11:40:48 root         INFO     Skipping 13475
11:40:48 root         INFO     Skipping 24237
11:40:48 root         INFO     Skipping 28365
11:40:48 root         INFO     Skipping 7118
11:40:48 root         INFO     Skipping 19909
11:40:48 root         INFO     Skipping 13664
11:40:48 root         INFO     Skipping 13467
11:40:48 root         INFO     Skipping 18743
11:40:48 root         INFO     Skipping 19881
11:40:48 root         INFO     Skipping 6970
11:40:48 root         INFO     Skipping 7286
11:40:48 root         INFO     Skipping 14047
11:40:48 root         INFO     Skipping 35569
11:40:48 root         INFO     Skipping 37741
11:40:48 root         INFO     Skipping 37697
11:40:48 root         INFO     Skipping 1453
11:40:48 root         INFO     Skipping 18818
11:40:48 root         INFO     Skipping 37745
11:40:48 root         INFO     Skipping 18836
11:40:48 root         INFO     Skipping 37441
11:40:48 root         INFO     Skipping 24207
11:40:48 root         INFO     Skipping 1483
11:40:48 root         INFO     Skipping 30395
11:40:48 root         INFO     Skipping 30432
11:40:48 root         INFO     Skipping 36969
11:40:48 root         INFO     Skipping 21533
11:40:48 root         INFO     Skipping 1352
11:40:48 root         INFO     Skipping 30390
11:40:48 root         INFO     Skipping 1149
11:40:48 root         INFO     Skipping 24202
11:40:48 root         INFO     Skipping 30389
11:40:48 root         INFO     Skipping 15891
11:40:48 root         INFO     Skipping 14488
11:40:48 root         INFO     Skipping 30528
11:40:48 root         INFO     Skipping 27597
11:40:48 root         INFO     Skipping 37737
11:40:48 root         INFO     Skipping 1557
11:40:48 root         INFO     Skipping 27609
11:40:48 root         INFO     Skipping 900
11:40:48 root         INFO     Skipping 21527
11:40:48 root         INFO     Skipping 1479
11:40:48 root         INFO     Skipping 30387
11:40:48 root         INFO     Skipping 980
11:40:48 root         INFO     Skipping 37703
11:40:48 root         INFO     Skipping 15304
11:40:48 root         INFO     Skipping 14781
11:40:48 root         INFO     Skipping 15528
11:40:48 root         INFO     Skipping 25120
11:40:48 root         INFO     Skipping 33803
11:40:48 root         INFO     Skipping 20476
11:40:48 root         INFO     Skipping 27502
11:40:48 root         INFO     Skipping 13456
11:40:48 root         INFO     Skipping 27390
11:40:48 root         INFO     Skipping 15813
11:40:48 root         INFO     Skipping 7320
11:40:48 root         INFO     Skipping 20668
11:40:48 root         INFO     Skipping 38937
11:40:48 root         INFO     Skipping 37417
11:40:48 root         INFO     Skipping 13038
11:40:48 root         INFO     Skipping 6932
11:40:48 root         INFO     Skipping 14978
11:40:48 root         INFO     Skipping 17045
11:40:48 root         INFO     Skipping 22385
11:40:48 root         INFO     Skipping 7853
11:40:48 root         INFO     Skipping 14026
11:40:48 root         INFO     Skipping 14923
11:40:48 root         INFO     Skipping 7288
11:40:48 root         INFO     Skipping 7538
11:40:48 root         INFO     Skipping 13451
11:40:48 root         INFO     Skipping 25009
11:40:48 root         INFO     Skipping 9452
11:40:48 root         INFO     Skipping 20118
11:40:48 root         INFO     Skipping 20475
11:40:48 root         INFO     Skipping 14602
11:40:48 root         INFO     Skipping 7291
11:40:48 root         INFO     Skipping 13457
11:40:48 root         INFO     Skipping 7345
11:40:48 root         INFO     Skipping 35752
11:40:48 root         INFO     Skipping 31489
11:40:48 root         INFO     Skipping 15674
11:40:48 root         INFO     Skipping 31189
11:40:48 root         INFO     Skipping 20084
11:40:48 root         INFO     Skipping 16020
11:40:48 root         INFO     Skipping 2009
11:40:48 root         INFO     Skipping 1773
11:40:48 root         INFO     Skipping 7337
11:40:48 root         INFO     Skipping 14910
11:40:48 root         INFO     Skipping 7339
11:40:48 root         INFO     Skipping 24976
11:40:48 root         INFO     Skipping 30360
11:40:48 root         INFO     Skipping 24315
11:40:48 root         INFO     Skipping 30361
11:40:48 root         INFO     Skipping 30358
11:40:48 root         INFO     Skipping 37191
11:40:48 root         INFO     Skipping 3129
11:40:48 root         INFO     Skipping 3052
11:40:48 root         INFO     Skipping 37932
11:40:48 root         INFO     Skipping 3125
11:40:48 root         INFO     Skipping 3109
11:40:48 root         INFO     Skipping 20056
11:40:48 root         INFO     Skipping 37778
11:40:48 root         INFO     Skipping 35587
11:40:48 root         INFO     Skipping 28452
11:40:48 root         INFO     Skipping 3320
11:40:48 root         INFO     Skipping 30367
11:40:48 root         INFO     Skipping 3048
11:40:48 root         INFO     Skipping 3072
11:40:48 root         INFO     Skipping 38049
11:40:48 root         INFO     Skipping 30366
11:40:48 root         INFO     Skipping 30368
11:40:48 root         INFO     Skipping 27956
11:40:48 root         INFO     Skipping 15709
11:40:48 root         INFO     Skipping 38047
11:40:48 root         INFO     Skipping 3137
11:40:48 root         INFO     Skipping 3085
11:40:48 root         INFO     Skipping 2042
11:40:48 root         INFO     Skipping 3064
11:40:48 root         INFO     Skipping 3286
11:40:48 root         INFO     Skipping 30362
11:40:48 root         INFO     Skipping 3309
11:40:48 root         INFO     Skipping 37826
11:40:48 root         INFO     Skipping 4972
11:40:48 root         INFO     Skipping 15790
11:40:48 root         INFO     Skipping 18747
11:40:48 root         INFO     Skipping 22401
11:40:48 root         INFO     Skipping 18711
11:40:48 root         INFO     Skipping 3123
11:40:48 root         INFO     Skipping 3296
11:40:48 root         INFO     Skipping 30617
11:40:48 root         INFO     Skipping 19614
11:40:48 root         INFO     Skipping 23295
11:40:48 root         INFO     Skipping 35818
11:40:48 root         INFO     Skipping 7531
11:40:48 root         INFO     Skipping 19559
11:40:48 root         INFO     Skipping 26784
11:40:48 root         INFO     Skipping 25775
11:40:48 root         INFO     Skipping 27321
11:40:48 root         INFO     Skipping 7234
11:40:48 root         INFO     Skipping 6914
11:40:48 root         INFO     Skipping 38455
11:40:48 root         INFO     Skipping 18113
11:40:48 root         INFO     Skipping 39880
11:40:48 root         INFO     Skipping 22565
11:40:48 root         INFO     Skipping 27877
11:40:48 root         INFO     Skipping 23176
11:40:48 root         INFO     Skipping 20510
11:40:48 root         INFO     Skipping 22316
11:40:48 root         INFO     Skipping 20813
11:40:48 root         INFO     Skipping 21209
11:40:48 root         INFO     Skipping 17932
11:40:48 root         INFO     Skipping 6002
11:40:48 root         INFO     Skipping 2505
11:40:48 root         INFO     Skipping 2000
11:40:48 root         INFO     Skipping 38458
11:40:48 root         INFO     Skipping 23099
11:40:48 root         INFO     Skipping 18560
11:40:48 root         INFO     Skipping 13255
11:40:48 root         INFO     Skipping 20676
11:40:48 root         INFO     Skipping 25743
11:40:48 root         INFO     Skipping 17989
11:40:48 root         INFO     Skipping 21452
11:40:48 root         INFO     Skipping 17224
11:40:48 root         INFO     Skipping 25875
11:40:48 root         INFO     Skipping 3486
11:40:48 root         INFO     Skipping 15377
11:40:48 root         INFO     Skipping 3418
11:40:48 root         INFO     Skipping 3492
11:40:48 root         INFO     Skipping 17990
11:40:48 root         INFO     Skipping 27184
11:40:48 root         INFO     Skipping 39590
11:40:48 root         INFO     Skipping 30767
11:40:48 root         INFO     Skipping 15022
11:40:48 root         INFO     Skipping 21452
11:40:48 root         INFO     Skipping 37309
11:40:48 root         INFO     Skipping 25730
11:40:48 root         INFO     Skipping 18418
11:40:48 root         INFO     Skipping 17928
11:40:48 root         INFO     Skipping 13173
11:40:48 root         INFO     Skipping 17987
11:40:48 root         INFO     Skipping 33659
11:40:48 root         INFO     Skipping 17978
11:40:48 root         INFO     Skipping 30572
11:40:48 root         INFO     Skipping 19068
11:40:48 root         INFO     Skipping 13174
11:40:48 root         INFO     Skipping 30040
11:40:48 root         INFO     Skipping 26655
11:40:48 root         INFO     Skipping 27052
11:40:48 root         INFO     Driver opened url https://www.gevernova.com/news/#press-releases: 0.5 second load started
11:41:02 root         INFO     Driver opened url https://www.tosyaliholding.com.tr/en/media-central/press-releases/tosyali-holding/2025/tosyali-launches-one-of-the-worlds-largest-self-consumption-solar-power-plant-projects-with-1-2-gw-capacity: 0.5 second load started
11:41:02 root         DEBUG    Titles: GE Vernova to provide advanced solar technology for one of the world's largest self-consumption solar projects
11:41:02 root         DEBUG    Dates: 2025-02-05
11:41:02 root         DEBUG    Desc: Tosyal\u0131, world’s leading green steel producer with 15 million tons/year crude steel capacity, continues to expand its efforts to produce its own energy. As a part of this initiative, Tosyal\u0131 has drawn attention with its investments in renewable energy and signed an agreement with GE Vernova and Inogen for the first 120 MWp of Turkey’s and the world’s one of the largest self-consumption Solar Power Plant (SPP) projects with a total capacity of 1,2 GW. The project will utilize Tosyal\u0131's locally produced N-Type Topcon 725 Wp panels under Tosyal\u0131 V-Solar Brand. 

As a leading global green steel producer, Tosyal\u0131 continues to invest in cutting-edge technology, artificial intelligence, renewable and clean energy sources, adhering to the principle of eco-efficiency. 

Through its investments in clean energy sources, specifically focusing on hydrogen and solar energy, Tosyal\u0131 is making significant strides toward becoming a fully integrated green steel producer. Previously, Tosyal\u0131 achieved a global milestone by reaching 235 MW of installed capacity with its SPP project, which simultaneously covered all its facilities, making it the holder of the world’s largest rooftop solar power installation. 

Now, Tosyal\u0131 is embarking on an even larger project. In this context, the company has signed an agreement with GE Vernova and its regional provider Inogen for the first 120 MWp of the 1,2 GW self-consumption SPP project. The first project is scheduled to become operational in 2025, while the entire 1,2 GW capacity project is targeted for completion in 2027. 

Fuat Tosyal\u0131, Chairman of Tosyal\u0131 Holding, made an announcement at Davos 2025, stating: "With this investment, Tosyal\u0131 will generate approximately 50% of its self-consumption from solar energy." 

During his interview at the World Economic Forum, Fuat Tosyal\u0131 highlighted the critical role of renewable and clean energy in industrial facilities, stating, "We continue to invest in advanced clean energy technologies under our vision of ‘Tosyal\u0131 for a sustainable life.’ As part of this vision, we have taken the first step toward one of the world’s largest self-consumption SPP projects with a capacity of 1,2 GW by initiating the first project in Osmaniye. We are happy to collaborate with GE Vernova, one of the world’s leading companies in this field and Inogen, Turkey’s leading EPC contractor. We will produce our own solar panels in Osmaniye. These panels, starting with the first project, will be deployed across SPP sites in eight provinces. By doing so, we aim to meet approximately 50% of our energy needs from solar energy. This will not only make us stronger and more independent in energy usage but also further strengthen our position among the world's leading green steel producers." 

Although various SPP projects have been implemented in Turkey and worldwide, Tosyal\u0131’s 1,2 GW project stands out as one of the largest self-consumption-focused projects carried out under a single umbrella. Construction for the first 120 MW project has already begun in Osmaniye. 1,2 GW self-consumption solar project will be implemented in three phases. 

Ali Murat SOYDAN, Prof. Dr. Chairman of Inogen Group : “We are happy to be involved in this pioneering project of Tosyal\u0131, a symbol of green transformation in the world and in our country. When all the Tosyal\u0131 projects are completed, we will be strengthening our position as the green transformation leader in our country working with GE Vernova. In these projects, which will be carried out in 10 different provinces with more than 2000 employees, we plan to go through an efficient and fast installation process and commission all the power plants as soon as possible, with the support of our global partners.’’ 

Ed Torres, GE Vernova’s Power Conversion & Storage Business Leader: "Along with Inogen, we are proud to support Tosyal\u0131’s ambitious goal of developing one of the world’s largest self-consumption solar power projects. By supplying our advanced solar technology, providing design and engineering services, and facilitating ECA financing, we aim to help Tosyal\u0131 achieve greater energy independence and accelerate the transition toward a more resilient energy future" 

11:41:02 root         DEBUG    Agency_id 39839
11:41:02 root         DEBUG    Article Link: https://www.tosyaliholding.com.tr/en/media-central/press-releases/tosyali-holding/2025/tosyali-launches-one-of-the-worlds-largest-self-consumption-solar-power-plant-projects-with-1-2-gw-capacity
11:41:02 root         INFO     LEDE: [testlede] month: [Feb.] day: [5]
11:41:02 root         INFO     
ADDING: FILENAME: [testfilename r projects] TITLE: [GE Vernova to provide advanced solar technology for one of the world's largest self-consumption solar projects] DATE: [2025-02-05] ID [39839]

11:41:02 root         ERROR    39839: 1062 (23000): Duplicate entry 'testfilename r projects' for key 'press_release.filename_uniq_idx'
11:41:03 root         INFO     Driver opened url https://www.gevernova.com/news/press-releases/ge-vernova-iraq-ministry-electricity-services-projects-: 0.5 second load started
11:41:04 root         ERROR    DESC 39839 SKIP: No content was gathered
11:41:04 root         DEBUG    Titles: GE Vernova and Iraq's Ministry of Electricity propel key projects forward
11:41:04 root         DEBUG    Dates: 2025-02-05
11:41:04 root         DEBUG    Desc: Baghdad, Iraq  (February 5, 2025) — In a major boost to Iraq's electricity infrastructure, the Ministry of Electricity (MoE) and GE Vernova Inc. (NYSE: GEV) have announced the successful completion of upgrades at several key power plants, significantly enhancing the performance and output of existing GE Vernova generating units. The new upgrades are part of a broader effort by the Ministry to modernize the power generation infrastructure to enhance grid stability and capacity, while meeting the growing energy demand in Iraq in alignment with the country’s energy transition efforts. 

The broader upgrade project regards 46 gas turbines across 12 power plants, on the way to adding up to 500 megawatts (MW) to the national grid before the summer of 2025. This modernization is expected to improve operational flexibility and boost output, efficiency, and availability of the power generation assets. Some of the power plants included in this project - Ninawa, Al Diwaniyah, Hilla, Karbala, Shat Al Basra, Najibiya, Samawa, Dhiqar, Al Khairat and Al Haidariya– already transitioned from heavy fuel oil (HFO) to natural gas, with a capacity increase of approximately 260 MW. The other plants are expected to be modernized within the summer of 2025, with an expected additional increase in capacity of approximately 250 MW. 

In addition, GE Vernova announced the successful installation of its Advanced Gas Path (AGP) upgrades on several 9.E gas turbines powering Al-Quds, and Dhiqar power plants, and MXLII upgrades on 13E2 gas turbines powering Al Mansouriya power plant. The expected output increases of up to 6% for each of these power plants will enable Iraq's Ministry of Electricity (MoE) to generate more electricity using the same amount of fuel. 

In addition, as part of services and upgrade agreement announced in 2024 with MoE to enhance the availability of power plants across the country, GE Vernova completed comprehensive maintenance projects across several of these power plants corresponding to a total capacity of 3.7 gigawatts, including Qayyarah, Diwaniyah, Al-Haydariyah, and Baghdad South. These initiatives aim to enhance the long-term reliability and stability of Iraq's power sector. 

Eng. Ziyad Ali Fadhil, Iraq’s Minister of Electricity,  said: “These diverse and comprehensive projects significantly advance our goals of expanding electricity generation and enhancing energy reliability, particularly during peak demand periods. The projects also focus on improving power plant efficiency and increasing output without increased fuel consumption, leading to less carbon emissions per amount of fuel consumed. Collaborating with reputed international companies like GE Vernova is critical to achieving the Ministry's objectives and bolstering the nation's power sector.” 

Joseph Anis, President & CEO, Europe, Middle East & Africa, Gas Power at GE Vernova,  said: "We are proud of this ongoing collaboration to support the Ministry of Electricity’s strategic objectives of enhancing power generation efficiency across Iraq and accelerating the nation’s energy transition efforts. The timely completion of these projects is integral to GE Vernova's commitment to modernize Iraq's energy infrastructure and support the delivery of more efficient and more sustainable energy solutions.” 

In October 2024, GE Vernova announced  the early completion and commissioning of five critical 132-kilovolt substations across Iraq  . Additionally, a sixth substation, Al Rasafa Center, was successfully energized on November 18, 2024, more than two months ahead of schedule. 

In April 2024,  GE Vernova also signed a Memorandum of Understanding (MoU) with the Iraqi government  in Washington, D.C., during the visit of the Iraqi Prime Minister Mohammed Shia’ Al-Sudani to the United States. The MoU was signed under the patronage and in the presence of Prime Minister Al-Sudani, Deputy Prime Minister for Energy Affairs and Minister of Oil Hayan Abdul Ghani Al-Swad, and Roger Martella, Chief Corporate Officer, Chief Sustainability Officer, and Head of Government Affairs at GE Vernova. 

Over the past decade, GE Vernova has significantly contributed to the development of Iraq's energy infrastructure, adding up to 19,000 megawatts of power to the national grid. The company has also constructed 30 substations and completed the first phase of the crucial electricity grid interconnection with Jordan. In addition, GE Vernova has facilitated access to over USD 3 billion in financing for energy projects in Iraq and remains committed to empowering local talent development and workforce training programs. 

-ENDS 

Forward Looking Statements: 

This document contains forward-looking statements – that is, statements related to future events that by their nature address matters that are, to different degrees, uncertain. These forward-looking statements often address GE Vernova’s expected future business and financial performance and financial condition, and the expected performance of its products, the impact of its services and the results they may generate or produce, and often contain words such as “expect,” “anticipate,” “intend,” “plan,” “believe,” “seek,” “see,” “will,” “would,” “estimate,” “forecast,” “target,” “preliminary,” or “range.” Forward-looking statements by their nature address matters that are, to different degrees, uncertain, such as statements about planned and potential transactions, investments or projects and their expected results and the impacts of macroeconomic and market conditions and volatility on the Company’s business operations, financial results and financial position and on the global supply chain and world economy. 

© 2025 GE Vernova and/or its affiliates. All rights reserved.    
GE and the GE Monogram are trademarks of General Electric Company used under trademark license. 

11:41:04 root         DEBUG    Agency_id 39839
11:41:04 root         DEBUG    Article Link: https://www.gevernova.com/news/press-releases/ge-vernova-iraq-ministry-electricity-services-projects-
11:41:04 root         INFO     LEDE: [testlede] month: [Feb.] day: [5]
11:41:04 root         INFO     
ADDING: FILENAME: [testfilename ts forward] TITLE: [GE Vernova and Iraq's Ministry of Electricity propel key projects forward] DATE: [2025-02-05] ID [39839]

11:41:04 root         INFO     Driver opened url https://www.gevernova.com/news/press-releases/ge-vernova-nuclear-business-accelerates-uk-small-modular-reactor-deployment-mou: 0.5 second load started
11:41:05 root         ERROR    DESC 39839 SKIP: No content was gathered
11:41:05 root         DEBUG    Titles: GE Vernova's nuclear business accelerates UK Small Modular Reactor deployment with MoUs
11:41:05 root         DEBUG    Dates: 2025-02-03
11:41:05 root         DEBUG    Desc: LONDON, UK (February 4, 2025)  \- GE Vernova’s nuclear business,  GE Hitachi Nuclear Energy  (GEH), has signed another series of Memorandum of Understanding (MoUs) with two major UK nuclear engineering firms - Boccard and Cavendish Nuclear. 

These MoUs signal GEH’s intent to work more closely with suppliers in the UK, leveraging their industry-leading expertise in the construction and delivery of nuclear power plants in order to advance the development and operation of GEH’s  BWRX-300  Small Modular Reactor (SMR) as it continues to progress through Great British Nuclear’s (GBN) ongoing SMR selection competition. This builds on GEH’s previously  announced  MoU collaborations with Aecon, AtkinsRéalis, Jacobs and Laing O’Rourke. 

Andy Champ  , GE Hitachi UK Country Lead  , said: “These MoUs with Boccard and Cavendish Nuclear strengthen our commitment to working with the UK nuclear supply chain to deliver our BWRX-300 SMR technology in the UK. We are proud to be working alongside these industry-leading companies, demonstrating our dedication to providing the UK with scalable, cost-effective clean energy solutions. 

“By combining their expertise with our extensive experience working in partnership with Ontario Power Generation (OPG) on the Darlington project in Canada, we're well positioned to reliably deliver this technology for the best value for money. We look forward to continuing our work with both the supply chain and GBN to make nuclear energy a key enabler of Britain's clean energy future.” 

Douglas McQueen  , Managing Director, Boccard UK  , said: “Boccard UK welcome the announcement regarding to the signing of this MOU with GE Vernova. Our state-of-the-art UK fully digitalised nuclear manufacturing facility in North Wales supported by our engineering and project management teams will bring exceptional levels of quality and value to the Nuclear New Build program. Our Digital Manufacturing controls delivered via our bespoke software “BocTrack ®”, will deliver a faster route to commercial market, not only SMRs, but also GW Generating stations which are pivotal to the UK’s major decarbonising program. We look forward to the ongoing collaboration with GE Vernova at this exiting time in the energy sector.” 

Mick Gornall  , Cavendish Nuclear Managing Director  , said: “Cavendish Nuclear is delighted to continue to deepen our relationship with GEH; building on our current manufacturing studies to underpin credible UK supply chain options for the Reactor Pressure Vessel and other key components.” 

The MoU with Cavendish Nuclear, a wholly-owned subsidiary of Babcock International, will build upon work on advanced manufacturing and operational readiness being delivered under the UK Government’s Future Nuclear Enabling Fund while also building on the existing relationship GEH has with Cavendish Nuclear in support of the regulatory approval of the BWRX-300 through the Generic Design Assessment (GDA) process. 

GEH and OPG are developing the first BWRX-300 at OPG’s Darlington site near Toronto which is anticipated to be the first commercial SMR in the G7. Early site preparation work has been completed, with construction of the first unit expected to start later this year, pending regulatory approval, and commercial operation expected to commence by the end of 2029. A total of four 300 MW units are planned for the Darlington site. 

Building on a long and deep history in the UK, GE Vernova has a significant local footprint with four manufacturing facilities and more than 30 percent of the country’s electricity currently powered by its technology. GEH is committed to developing a robust UK supply chain for its BWRX-300 deployment having held a SMR supply chain conference in Sheffield in April 2024, which was attended by over 150 UK businesses. 

Separately, in January 2024 GEH received a £33.6 million Future Nuclear Enabling Fund (FNEF) grant from the UK Department for Energy Security & Net Zero (DESNZ). In conjunction with the awarding of this grant, GEH entered the Generic Design Assessment (GDA) process for the BWRX-300. 

### 

About GE Vernova    
GE Vernova (NYSE: GEV) is purpose-built global energy company that includes Power, Wind, and Electrification segments and is supported by its accelerator businesses. Building on over 130 years of experience tackling the world’s challenges, GE Vernova is uniquely positioned to help lead the energy transition by continuing to electrify the world while simultaneously working to decarbonize it. GE Vernova helps customers power economies and deliver electricity that is vital to health, safety, security, and improved quality of life. GE Vernova is headquartered in Cambridge, Massachusetts, U.S., with approximately 75,000 employees across 100+ countries around the world. Supported by the Company’s purpose, The Energy to Change the World, GE Vernova technology helps deliver a more affordable, reliable, sustainable, and secure energy future. 

GE Vernova’s Nuclear  energy business, through its global alliance with Hitachi, is a world-leading provider of nuclear fuel bundles, services, and advanced nuclear reactor designs. Technologies include boiling water reactors and small modular reactors, such as the BWRX-300, which is one of the simplest, yet most innovative boiling water reactor designs. GE Vernova’s Nuclear fuel business, Global Nuclear Fuel (GNF), is a world-leading supplier of boiling water reactor fuel and fuel-related engineering services. GNF is a GE Vernova-led joint venture with Hitachi, Ltd. and operates primarily through Global Nuclear Fuel-Americas, LLC in Wilmington, N.C., and Global Nuclear Fuel-Japan Co., Ltd. in Kurihama, Japan. 

GE Vernova’s mission is embedded in its name – it retains its legacy, “GE,” as an enduring and hard-earned badge of quality and ingenuity. “Ver” / “verde” signal Earth’s verdant and lush ecosystems. “Nova,” from the Latin “novus,” nods to a new, innovative era of lower carbon energy. Learn more:  GE Vernova  and  LinkedIn  . 

Forward-Looking Statements    
This document contains forward-looking statements – that is, statements related to future events that by their nature address matters that are, to different degrees, uncertain. These forward-looking statements often address GE Vernova’s expected future business and financial performance and financial condition, and the expected performance of its products, the impact of its services and the results they may generate or produce, and often contain words such as “expect,” “anticipate,” “intend,” “plan,” “believe,” “seek,” “see,” “will,” “would,” “estimate,” “forecast,” “target,” “preliminary,” or “range.” Forward-looking statements by their nature address matters that are, to different degrees, uncertain, such as statements about memoranda of understanding and the expected impact of the relationships created thereunder, contract and project proposals, bidding processes, government review processes and competitions, investments or projects and their expected results and the impacts of macroeconomic and market conditions and volatility on the Company’s business operations, financial results and financial position and on the global supply chain and world economy. 

© 2025 GE Vernova and/or its affiliates. All rights reserved.    
GE and the GE Monogram are trademarks of General Electric Company used under trademark license. 

11:41:05 root         DEBUG    Agency_id 39839
11:41:05 root         DEBUG    Article Link: https://www.gevernova.com/news/press-releases/ge-vernova-nuclear-business-accelerates-uk-small-modular-reactor-deployment-mou
11:41:05 root         INFO     LEDE: [testlede] month: [Feb.] day: [3]
11:41:05 root         INFO     
ADDING: FILENAME: [testfilename  with MoUs] TITLE: [GE Vernova's nuclear business accelerates UK Small Modular Reactor deployment with MoUs] DATE: [2025-02-03] ID [39839]

11:41:05 root         INFO     Driver opened url https://www.gevernova.com/news/press-releases/ge-vernova-invest-almost-600-million-us-factories-facilities-over-next-two-years: 0.5 second load started
11:41:05 root         ERROR    DESC 39839 SKIP: No content was gathered
11:41:05 root         DEBUG    Titles: GE Vernova to invest almost $600 million in U.S. factories and facilities over next two years
11:41:05 root         DEBUG    Dates: 2025-01-29
11:41:05 root         DEBUG    Desc: CAMBRIDGE, MA (January 29, 2025)  – GE Vernova Inc. (NYSE:GEV), America’s leading energy manufacturing company, is planning to invest nearly $600 million in its U.S. factories and facilities over the next two years to help meet the surging electricity demands around the world. 

The new investments – expected to create more than 1,500 new U.S. jobs – will help drive U.S. energy affordability, national security, and competitiveness, and enable the American manufacturing footprint needed to support expanding global exports. 

With worldwide energy needs forecasted to double, the substantial investments – the largest since the company’s spinoff in April – will help meet soaring customer demand, strengthen domestic supply chains, and continue developing cutting-edge American technology that helps power the world. 

“These investments represent our serious commitment and responsibility as the leading energy manufacturer in the United States to help meet America’s and the world’s accelerating energy demand,” said  Scott Strazik  , CEO of GE Vernova  . “These strategic investments and the jobs they create aim to both help our customers meet the doubling of demand and accelerate American innovation and technology development to boost the country’s energy security and global competitiveness.” 

The new investments are the first part of a larger $9 billion cumulative global capex and R&D investment plan through 2028 that was announced at the company’s Investor Update on December 10. Currently GE Vernova has more than 18,000 workers across 50 states in the U.S., with 18 U.S. manufacturing facilities and its global headquarters located in Massachusetts. The company’s technology helps produce approximately 25 percent of the world’s energy and is currently deployed in more than 140 countries. 

Plans to expand gas turbine manufacturing    
To support our previously announced plan to deliver up to 80 heavy duty gas turbines per year, resulting in an additional 20GW of electricity globally, GE Vernova intends to invest almost $300 million in support of its Gas Power business and build-out of capacity incremental heavy duty gas turbines. The new funding is projected to create more than 850 new jobs, and support a range of new projects, including: 

  * In  Greenville, SC,  the company is planning to  invest more than $160 million  to support capacity growth, quality, industrialization and delivery efforts, and new testing capability with hydrogen fuel. These efforts are expected to create more than 650 new jobs. 
  * In  Schenectady, NY,  as previously announced, GE Vernova is planning to hire on more than 100 new jobs in 2025, and is investing over $50 million to support capacity growth and sustainability, industrialization and quality efforts. 
  * GE Vernova is planning to invest nearly $50 million combined in its  Parsippany, NJ,  and  Bangor, ME,  locations to support capacity growth and quality, industrialization and delivery efforts. 



Plans to expand grid solutions business    
GE Vernova is planning to invest a total of nearly $20 million to expand capacity at its Grid Solutions facilities in  Charleroi, PA,  which manufactures switchgear, and  Clearwater, FL,  which produces capacitors and instrument transformers. The investment is expected to result in a total of more than 260 new jobs at the two facilities. The investments are critical to meet rising demand for critical high-voltage grid equipment. The majority of the investment is planned for the installation of new assets to create additional capacity and improve productivity. 

More resources for nuclear business    
GE Vernova’s nuclear business, GE Hitachi, plans to invest more than $50 million to enhance safety, quality and productivity at its  Wilmington, NC,  factory and to launch its next generation nuclear fuel design, a critical component to the company’s small modular reactor, the BWRX-300. The BWRX-300 reactor is the only advanced design that includes an approved, existing fuel. Expanding capacity of the fuel manufacturing operation further positions the BWRX-300 as the most ready to deploy advanced reactor on the market. 

This investment also seeks to expand automation at the plant, which has been manufacturing fuel since 1968 and serves much of the U.S. boiling water reactor fleet, strongly positioning it for the future as the demand for nuclear energy increases globally, particularly as several U.S. utilities restart retired plants. 

More capacity for U.S. onshore wind factories    
As it continues focusing on its workhorse product strategy, GE Vernova’s Wind segment is planning to invest nearly $100 million in its manufacturing facilities in  Pensacola, FL, Schenectady, NY,  and  Grand Forks, ND,  and its remanufacturing facilities in  Amarillo, TX  . These continuing investments aim to strengthen the U.S. supply chain for renewable energy through factory upgrades and tooling and fixtures investments, while improving customer and employee experience through a new experience center in Pensacola and office renovations in Schenectady. 

Adding U.S. manufacturing capacity to support U.S. grid, demand for solar and energy storage    
GE Vernova is planning to  invest more than $10 million  in its  Pittsburgh, PA,  facility to expand capabilities across its Electrification segment. This includes planned funding to house a new domestic manufacturing line for the company’s  FLEX  INVERTER, a key technology for utility-scale solar and energy storage applications. The total investment is expected to create more than 270 new jobs, with the new line producing both the 1500V and 2000V  FLEX  INVERTER. This will help enable utilities to seamlessly connect renewable energy sources to the grid, ensuring stable and consistent energy supply for homes and businesses. 

Expanding leading energy innovation research hub    
At its Advanced Research Center in  Niskayuna, NY,  a leading hub for energy technology and innovation, GE Vernova plans to  invest almost $100 million  in 2025 to strengthen the center’s electrification and carbon efforts, enable continued recruitment of top-tier talent, and push forward innovative technologies including direct air capture, alternative fuels for power generation, the grid of the future, critical infrastructure security and more. In partnership with New York Governor Kathy Hochul and Empire State Development, the State of New York is committing an additional $9.6 million in tax credits to the project. The company expects this investment will create 75 new research jobs. The company is also planning to fund Generative Artificial Intelligence (AI) work in Niskayuna at $15 million in 2025. 

These new investments in U.S. facilities follow more than $167 million in funding in 2024 across a range of GE Vernova sites, helping create more than 1,120 jobs to continue U.S. leadership in energy manufacturing for the nation and exports for the world. 

### 

About GE Vernova    
GE Vernova is a purpose-built global energy company that includes Power, Wind, and Electrification segments and is supported by its accelerator businesses. Building on over 130 years of experience tackling the world’s challenges, GE Vernova is uniquely positioned to help lead the energy transition by continuing to electrify the world while simultaneously working to decarbonize it. GE Vernova helps customers power economies and deliver electricity that is vital to health, safety, security, and improved quality of life. GE Vernova is headquartered in Cambridge, Massachusetts, U.S., with approximately 75,000 employees across 100+ countries around the world. 

GE Vernova’s mission is embedded in its name – it retains its legacy, “GE,” as an enduring and hard-earned badge of quality and ingenuity. “Ver” / “verde” signal Earth’s verdant and lush ecosystems. “Nova,” from the Latin “novus,” nods to a new, innovative era of lower carbon energy. Supported by the Company purpose, The Energy to Change the World, GE Vernova will help deliver a more affordable, reliable, sustainable, and secure energy future. Learn more: GE Vernova’s  website  and  LinkedIn  . 

Forward-Looking Statements    
This document contains forward-looking statements – that is, statements related to future events that by their nature address matters that are, to different degrees, uncertain. These forward-looking statements often address GE Vernova’s expected future business and financial performance and financial condition, and the expected performance of its products, the impact of its services and the results they may generate or produce, and often contain words such as “expect,” “anticipate,” “intend,” “plan,” “believe,” “seek,” “see,” “will,” “would,” “estimate,” “forecast,” “target,” “preliminary,” or “range.” Forward-looking statements by their nature address matters that are, to different degrees, uncertain, such as statements about memoranda of understanding and the expected impact of the relationships created thereunder, contract and project proposals, bidding processes, government review processes and competitions, investments or projects and their expected results and the impacts of macroeconomic and market conditions and volatility on the Company’s business operations, financial results and financial position and on the global supply chain and world economy. 

© 2025 GE Vernova and/or its affiliates. All rights reserved.    
GE and the GE Monogram are trademarks of General Electric Company used under trademark license. 

11:41:05 root         DEBUG    Agency_id 39839
11:41:05 root         DEBUG    Article Link: https://www.gevernova.com/news/press-releases/ge-vernova-invest-almost-600-million-us-factories-facilities-over-next-two-years
11:41:05 root         INFO     LEDE: [testlede] month: [Jan.] day: [29]
11:41:05 root         INFO     
ADDING: FILENAME: [testfilename  two years] TITLE: [GE Vernova to invest almost $600 million in U.S. factories and facilities over next two years] DATE: [2025-01-29] ID [39839]

11:41:07 root         INFO     Driver opened url https://www.chevron.com/newsroom/2025/q1/power-solutions-for-us-data-centers: 0.5 second load started
11:41:07 root         ERROR    DESC 39839 SKIP: No content was gathered
11:41:07 root         ERROR    DESC 39839 SKIP: No content was gathered
11:41:08 root         INFO     Driver opened url https://www.gevernova.com/news/press-releases/ge-hitachi-awards-contract-bwrx-300-reactor-pressure-vessel-bwxt: 0.5 second load started
11:41:08 root         ERROR    DESC 39839 SKIP: No content was gathered
11:41:08 root         DEBUG    Titles: GE Hitachi awards contract for BWRX-300 reactor pressure vessel to BWXT
11:41:08 root         DEBUG    Dates: 2025-01-27
11:41:08 root         DEBUG    Desc: CAMBRIDGE, Ontario (January 27, 2025)  \- GE Vernova’s nuclear business,  GE Hitachi Nuclear Energy  (GEH), today announced that it has awarded a contract to BWX Technologies, Inc. (BWXT) to manufacture the reactor pressure vessel (RPV) for the first BWRX-300 small modular reactor to be constructed at Ontario Power Generation’s Darlington New Nuclear Project site. 

The RPV is the largest component within the BWRX-300. GEH previously awarded a contract to BWXT for RPV-related engineering analysis, design support and manufacturing and procurement preparations. BWXT was the first company to join GEH’s BWRX-300 qualified supplier group. 

“The contract to fabricate the reactor pressure vessel for the first BWRX-300 is another key milestone in the deployment of this technology,” said  Lisa McBride  , Canada Country Leader, GEH  . “We are excited to be working with BWXT to move this project forward, while bringing benefits to manufacturing workers in Ontario.” 

Early site preparation work at Darlington has been completed with construction of the first unit expected to start later this year, pending regulatory approval, and commercial operations expected to commence by the end of 2029. A total of four units are planned for the site. OPG’s collaboration with GEH signifies a power synergy, merging OPG’s successful legacy in nuclear operations with GEH’s experience in boiling water reactor technology to drive a major energy initiative in Ontario. 

The BWRX-300, a 10  th  generation design, is a key pillar of GE Vernova’s energy leadership. In addition to helping customers generate reliable electricity, the BWRX-300 is designed to reduce construction and operating costs by leveraging a unique combination of existing, certified nuclear fuel, plant simplifications, proven components and a design based on an NRC-certified reactor. Further, the BWRX-300 builds on decades of real-world boiling water reactor operating experience and innovation, using a standard design, a proven delivery model and GEH’s experience with cross-border regulatory collaboration. 

### 

About GE Vernova    
GE Vernova (NYSE: GEV) is purpose-built global energy company that includes Power, Wind, and Electrification segments and is supported by its accelerator businesses. Building on over 130 years of experience tackling the world’s challenges, GE Vernova is uniquely positioned to help lead the energy transition by continuing to electrify the world while simultaneously working to decarbonize it. GE Vernova helps customers power economies and deliver electricity that is vital to health, safety, security, and improved quality of life. GE Vernova is headquartered in Cambridge, Massachusetts, U.S., with approximately 75,000 employees across 100+ countries around the world. Supported by the Company’s purpose, The Energy to Change the World, GE Vernova technology helps deliver a more affordable, reliable, sustainable, and secure energy future. 

GE Vernova’s Nuclear energy  business, through its global alliance with Hitachi, is a world-leading provider of nuclear fuel bundles, services, and advanced nuclear reactor designs. Technologies include boiling water reactors and small modular reactors, such as the BWRX-300, which is one of the simplest, yet most innovative boiling water reactor designs. GE Vernova’s Nuclear fuel business, Global Nuclear Fuel (GNF), is a world-leading supplier of boiling water reactor fuel and fuel-related engineering services. GNF is a GE Vernova-led joint venture with Hitachi, Ltd. and operates primarily through Global Nuclear Fuel-Americas, LLC in Wilmington, N.C., and Global Nuclear Fuel-Japan Co., Ltd. in Kurihama, Japan. 

GE Vernova’s mission is embedded in its name – it retains its legacy, “GE,” as an enduring and hard-earned badge of quality and ingenuity. “Ver” / “verde” signal Earth’s verdant and lush ecosystems. “Nova,” from the Latin “novus,” nods to a new, innovative era of lower carbon energy. Learn more:  GE Vernova  and  LinkedIn  . 

Forward-Looking Statements    
This document contains forward-looking statements – that is, statements related to future events that by their nature address matters that are, to different degrees, uncertain. These forward-looking statements often address GE Vernova’s expected future business and financial performance and financial condition, and the expected performance of its products, the impact of its services and the results they may generate or produce, and often contain words such as “expect,” “anticipate,” “intend,” “plan,” “believe,” “seek,” “see,” “will,” “would,” “estimate,” “forecast,” “target,” “preliminary,” or “range.” Forward-looking statements by their nature address matters that are, to different degrees, uncertain, such as statements about memoranda of understanding and the expected impact of the relationships created thereunder, contract and project proposals, bidding processes, government review processes and competitions, investments or projects and their expected results and the impacts of macroeconomic and market conditions and volatility on the Company’s business operations, financial results and financial position and on the global supply chain and world economy. 

© 2025 GE Vernova and/or its affiliates. All rights reserved.    
GE and the GE Monogram are trademarks of General Electric Company used under trademark license. 

11:41:08 root         DEBUG    Agency_id 39839
11:41:08 root         DEBUG    Article Link: https://www.gevernova.com/news/press-releases/ge-hitachi-awards-contract-bwrx-300-reactor-pressure-vessel-bwxt
11:41:08 root         INFO     LEDE: [testlede] month: [Jan.] day: [27]
11:41:08 root         INFO     
ADDING: FILENAME: [testfilename el to BWXT] TITLE: [GE Hitachi awards contract for BWRX-300 reactor pressure vessel to BWXT] DATE: [2025-01-27] ID [39839]

11:41:09 root         INFO     Scrape errors found during run:
11:41:09 root         INFO     ['39839 DESC ERROR', '39839 DESC ERROR', '39839 DESC ERROR', '39839 DESC ERROR', '39839 DESC ERROR', '39839 DESC ERROR']
11:41:09 root         INFO     End of file message
11:41:09 root         INFO     

Load Version 2.1.0 02/04/2025
       Docs Loaded: 4
       URLS processed: 1
       DUPS skipped: 1
       No Ledes found: 0

Passed Parameters:
       Pull House and Senate: False
       Number of days back: 30
       Start Time: 2025-02-05 11:40:44
       End Time: 2025-02-05 11:41:09
       Elapsed Time: 0:00:25
       Character Minimum Amount: 100

Errors:
Docs:
	Loaded:
		39839: GE Vernova and Iraq's Ministry of Electricity propel key projects forward
		39839: GE Vernova's nuclear business accelerates UK Small Modular Reactor deployment with MoUs
		39839: GE Vernova to invest almost $600 million in U.S. factories and facilities over next two years
		39839: GE Hitachi awards contract for BWRX-300 reactor pressure vessel to BWXT
	Duplicates:
		39839: GE Vernova to provide advanced solar technology for one of the world's largest self-consumption solar projects
