11:33:55 root         INFO     Skipping 27599
11:33:55 root         INFO     Skipping 30449
11:33:55 root         INFO     Skipping 14315
11:33:55 root         INFO     Skipping 7566
11:33:55 root         INFO     Skipping 804
11:33:55 root         INFO     Skipping 12106
11:33:55 root         INFO     Skipping 8034
11:33:55 root         INFO     Skipping 7901
11:33:55 root         INFO     Skipping 20157
11:33:55 root         INFO     Skipping 6950
11:33:55 root         INFO     Skipping 15026
11:33:55 root         INFO     Skipping 19993
11:33:55 root         INFO     Skipping 21569
11:33:55 root         INFO     Skipping 23030
11:33:55 root         INFO     Skipping 206
11:33:55 root         INFO     Skipping 16046
11:33:55 root         INFO     Skipping 16140
11:33:55 root         INFO     Skipping 16037
11:33:55 root         INFO     Skipping 43
11:33:55 root         INFO     Skipping 225
11:33:55 root         INFO     Skipping 37711
11:33:55 root         INFO     Skipping 34699
11:33:55 root         INFO     Skipping 19021
11:33:55 root         INFO     Skipping 18495
11:33:55 root         INFO     Skipping 222
11:33:55 root         INFO     Skipping 5602
11:33:55 root         INFO     Skipping 16027
11:33:55 root         INFO     Skipping 21499
11:33:55 root         INFO     Skipping 2698
11:33:55 root         INFO     Skipping 27867
11:33:55 root         INFO     Skipping 24224
11:33:55 root         INFO     Skipping 21563
11:33:55 root         INFO     Skipping 24227
11:33:55 root         INFO     Skipping 17224
11:33:55 root         INFO     Skipping 219
11:33:55 root         INFO     Skipping 23814
11:33:55 root         INFO     Skipping 15376
11:33:55 root         INFO     Skipping 19286
11:33:55 root         INFO     Skipping 28048
11:33:55 root         INFO     Skipping 543
11:33:55 root         INFO     Skipping 24233
11:33:55 root         INFO     Skipping 18735
11:33:55 root         INFO     Skipping 1066
11:33:55 root         INFO     Skipping 37680
11:33:55 root         INFO     Skipping 691
11:33:55 root         INFO     Skipping 677
11:33:55 root         INFO     Skipping 20141
11:33:55 root         INFO     Skipping 36151
11:33:55 root         INFO     Skipping 20319
11:33:55 root         INFO     Skipping 12400
11:33:55 root         INFO     Skipping 127
11:33:55 root         INFO     Skipping 20792
11:33:55 root         INFO     Skipping 17104
11:33:55 root         INFO     Skipping 24344
11:33:55 root         INFO     Skipping 19546
11:33:55 root         INFO     Skipping 15565
11:33:55 root         INFO     Skipping 13359
11:33:55 root         INFO     Skipping 17922
11:33:55 root         INFO     Skipping 22481
11:33:55 root         INFO     Skipping 20138
11:33:55 root         INFO     Skipping 119
11:33:55 root         INFO     Skipping 21188
11:33:55 root         INFO     Skipping 3016
11:33:55 root         INFO     Skipping 21525
11:33:55 root         INFO     Skipping 37694
11:33:55 root         INFO     Skipping 18710
11:33:55 root         INFO     Skipping 29332
11:33:55 root         INFO     Skipping 23100
11:33:55 root         INFO     Skipping 37725
11:33:55 root         INFO     Skipping 15633
11:33:55 root         INFO     Skipping 948
11:33:55 root         INFO     Skipping 30993
11:33:55 root         INFO     Skipping 22221
11:33:55 root         INFO     Skipping 22654
11:33:55 root         INFO     Skipping 35809
11:33:55 root         INFO     Skipping 35576
11:33:55 root         INFO     Skipping 37408
11:33:55 root         INFO     Skipping 7844
11:33:55 root         INFO     Skipping 20
11:33:55 root         INFO     Skipping 8022
11:33:55 root         INFO     Skipping 8032
11:33:55 root         INFO     Skipping 20605
11:33:55 root         INFO     Skipping 7838
11:33:55 root         INFO     Skipping 21497
11:33:55 root         INFO     Skipping 35572
11:33:55 root         INFO     Skipping 30425
11:33:55 root         INFO     Skipping 35517
11:33:55 root         INFO     Skipping 35524
11:33:55 root         INFO     Skipping 21522
11:33:55 root         INFO     Skipping 1325
11:33:55 root         INFO     Skipping 1079
11:33:55 root         INFO     Skipping 6973
11:33:55 root         INFO     Skipping 37495
11:33:55 root         INFO     Skipping 30405
11:33:55 root         INFO     Skipping 18767
11:33:55 root         INFO     Skipping 21521
11:33:55 root         INFO     Skipping 921
11:33:55 root         INFO     Skipping 27602
11:33:55 root         INFO     Skipping 21335
11:33:55 root         INFO     Skipping 30444
11:33:55 root         INFO     Skipping 1363
11:33:55 root         INFO     Skipping 9488
11:33:55 root         INFO     Skipping 24230
11:33:55 root         INFO     Skipping 2696
11:33:55 root         INFO     Skipping 37705
11:33:55 root         INFO     Skipping 33752
11:33:55 root         INFO     Skipping 37731
11:33:55 root         INFO     Skipping 37740
11:33:55 root         INFO     Skipping 9427
11:33:55 root         INFO     Skipping 19880
11:33:55 root         INFO     Skipping 632
11:33:55 root         INFO     Skipping 39007
11:33:55 root         INFO     Skipping 551
11:33:55 root         INFO     Skipping 37304
11:33:55 root         INFO     Skipping 20115
11:33:55 root         INFO     Skipping 13362
11:33:55 root         INFO     Skipping 7333
11:33:55 root         INFO     Skipping 21423
11:33:55 root         INFO     Skipping 17653
11:33:55 root         INFO     Skipping 21152
11:33:55 root         INFO     Skipping 16031
11:33:55 root         INFO     Skipping 27074
11:33:55 root         INFO     Skipping 255
11:33:55 root         INFO     Skipping 431
11:33:55 root         INFO     Skipping 19290
11:33:55 root         INFO     Skipping 33954
11:33:55 root         INFO     Skipping 22921
11:33:55 root         INFO     Skipping 26556
11:33:55 root         INFO     Skipping 167
11:33:55 root         INFO     Skipping 15884
11:33:55 root         INFO     Skipping 30382
11:33:55 root         INFO     Skipping 30450
11:33:55 root         INFO     Skipping 27626
11:33:55 root         INFO     Skipping 37748
11:33:55 root         INFO     Skipping 715
11:33:55 root         INFO     Skipping 18734
11:33:55 root         INFO     Skipping 9485
11:33:55 root         INFO     Skipping 24231
11:33:55 root         INFO     Skipping 6221
11:33:55 root         INFO     Skipping 15392
11:33:55 root         INFO     Skipping 14466
11:33:55 root         INFO     Skipping 15025
11:33:55 root         INFO     Skipping 19760
11:33:55 root         INFO     Skipping 37095
11:33:55 root         INFO     Skipping 13863
11:33:55 root         INFO     Skipping 7355
11:33:55 root         INFO     Skipping 8042
11:33:55 root         INFO     Skipping 23802
11:33:55 root         INFO     Skipping 282
11:33:55 root         INFO     Skipping 7316
11:33:55 root         INFO     Skipping 16040
11:33:55 root         INFO     Skipping 7922
11:33:55 root         INFO     Skipping 16041
11:33:55 root         INFO     Skipping 28101
11:33:55 root         INFO     Skipping 3410
11:33:55 root         INFO     Skipping 7121
11:33:55 root         INFO     Skipping 17116
11:33:55 root         INFO     Skipping 20034
11:33:55 root         INFO     Skipping 6918
11:33:55 root         INFO     Skipping 22037
11:33:55 root         INFO     Skipping 14373
11:33:55 root         INFO     Skipping 13794
11:33:55 root         INFO     Skipping 13964
11:33:55 root         INFO     Skipping 6930
11:33:55 root         INFO     Skipping 19978
11:33:55 root         INFO     Skipping 14069
11:33:55 root         INFO     Skipping 14111
11:33:55 root         INFO     Skipping 6931
11:33:55 root         INFO     Skipping 14021
11:33:55 root         INFO     Skipping 37180
11:33:55 root         INFO     Skipping 35130
11:33:55 root         INFO     Skipping 19684
11:33:55 root         INFO     Skipping 28292
11:33:55 root         INFO     Skipping 30335
11:33:55 root         INFO     Skipping 14867
11:33:55 root         INFO     Skipping 23669
11:33:55 root         INFO     Skipping 6793
11:33:55 root         INFO     Skipping 15440
11:33:55 root         INFO     Skipping 23588
11:33:55 root         INFO     Skipping 10156
11:33:55 root         INFO     Skipping 30046
11:33:55 root         INFO     Skipping 39476
11:33:55 root         INFO     Skipping 37727
11:33:55 root         INFO     Skipping 33096
11:33:55 root         INFO     Skipping 32423
11:33:55 root         INFO     Skipping 30658
11:33:55 root         INFO     Skipping 19870
11:33:55 root         INFO     Skipping 15962
11:33:55 root         INFO     Skipping 702
11:33:55 root         INFO     Skipping 39478
11:33:55 root         INFO     Skipping 30435
11:33:55 root         INFO     Skipping 9445
11:33:55 root         INFO     Skipping 24173
11:33:55 root         INFO     Skipping 35554
11:33:56 root         INFO     Skipping 18733
11:33:56 root         INFO     Skipping 3962
11:33:56 root         INFO     Skipping 26659
11:33:56 root         INFO     Skipping 32135
11:33:56 root         INFO     Skipping 27843
11:33:56 root         INFO     Skipping 17658
11:33:56 root         INFO     Skipping 27186
11:33:56 root         INFO     Skipping 6922
11:33:56 root         INFO     Skipping 7317
11:33:56 root         INFO     Skipping 37607
11:33:56 root         INFO     Skipping 19748
11:33:56 root         INFO     Skipping 14979
11:33:56 root         INFO     Skipping 28256
11:33:56 root         INFO     Skipping 15000
11:33:56 root         INFO     Skipping 15725
11:33:56 root         INFO     Skipping 21561
11:33:56 root         INFO     Skipping 23098
11:33:56 root         INFO     Skipping 30469
11:33:56 root         INFO     Skipping 37819
11:33:56 root         INFO     Skipping 27605
11:33:56 root         INFO     Skipping 24799
11:33:56 root         INFO     Skipping 35571
11:33:56 root         INFO     Skipping 18750
11:33:56 root         INFO     Skipping 21564
11:33:56 root         INFO     Skipping 695
11:33:56 root         INFO     Skipping 619
11:33:56 root         INFO     Skipping 21566
11:33:56 root         INFO     Skipping 18746
11:33:56 root         INFO     Skipping 30470
11:33:56 root         INFO     Skipping 37747
11:33:56 root         INFO     Skipping 35726
11:33:56 root         INFO     Skipping 35708
11:33:56 root         INFO     Skipping 35705
11:33:56 root         INFO     Skipping 35727
11:33:56 root         INFO     Skipping 37743
11:33:56 root         INFO     Skipping 24229
11:33:56 root         INFO     Skipping 37748
11:33:56 root         INFO     Skipping 19879
11:33:56 root         INFO     Skipping 717
11:33:56 root         INFO     Skipping 35728
11:33:56 root         INFO     Skipping 37820
11:33:56 root         INFO     Skipping 30473
11:33:56 root         INFO     Skipping 37744
11:33:56 root         INFO     Skipping 28313
11:33:56 root         INFO     Skipping 37749
11:33:56 root         INFO     Skipping 15948
11:33:56 root         INFO     Skipping 35707
11:33:56 root         INFO     Skipping 35706
11:33:56 root         INFO     Skipping 35704
11:33:56 root         INFO     Skipping 18740
11:33:56 root         INFO     Skipping 18736
11:33:56 root         INFO     Skipping 7887
11:33:56 root         INFO     Skipping 15551
11:33:56 root         INFO     Skipping 35562
11:33:56 root         INFO     Skipping 9423
11:33:56 root         INFO     Skipping 1519
11:33:56 root         INFO     Skipping 35489
11:33:56 root         INFO     Skipping 20880
11:33:56 root         INFO     Skipping 37235
11:33:56 root         INFO     Skipping 15882
11:33:56 root         INFO     Skipping 1169
11:33:56 root         INFO     Skipping 9463
11:33:56 root         INFO     Skipping 37685
11:33:56 root         INFO     Skipping 809
11:33:56 root         INFO     Skipping 9421
11:33:56 root         INFO     Skipping 30397
11:33:56 root         INFO     Skipping 37735
11:33:56 root         INFO     Skipping 30394
11:33:56 root         INFO     Skipping 30448
11:33:56 root         INFO     Skipping 27614
11:33:56 root         INFO     Skipping 35527
11:33:56 root         INFO     Skipping 37416
11:33:56 root         INFO     Skipping 37709
11:33:56 root         INFO     Skipping 27649
11:33:56 root         INFO     Skipping 35546
11:33:56 root         INFO     Skipping 1098
11:33:56 root         INFO     Skipping 21488
11:33:56 root         INFO     Skipping 37674
11:33:56 root         INFO     Skipping 37706
11:33:56 root         INFO     Skipping 37713
11:33:56 root         INFO     Skipping 918
11:33:56 root         INFO     Skipping 24210
11:33:56 root         INFO     Skipping 37728
11:33:56 root         INFO     Skipping 35555
11:33:56 root         INFO     Skipping 35556
11:33:56 root         INFO     Skipping 892
11:33:56 root         INFO     Skipping 38045
11:33:56 root         INFO     Skipping 829
11:33:56 root         INFO     Skipping 30468
11:33:56 root         INFO     Skipping 24186
11:33:56 root         INFO     Skipping 24194
11:33:56 root         INFO     Skipping 37693
11:33:56 root         INFO     Skipping 30429
11:33:56 root         INFO     Skipping 1249
11:33:56 root         INFO     Skipping 30434
11:33:56 root         INFO     Skipping 24199
11:33:56 root         INFO     Skipping 37688
11:33:56 root         INFO     Skipping 23853
11:33:56 root         INFO     Skipping 30456
11:33:56 root         INFO     Skipping 1036
11:33:56 root         INFO     Skipping 30436
11:33:56 root         INFO     Skipping 37690
11:33:56 root         INFO     Skipping 36428
11:33:56 root         INFO     Skipping 37721
11:33:56 root         INFO     Skipping 27646
11:33:56 root         INFO     Skipping 24187
11:33:56 root         INFO     Skipping 35551
11:33:56 root         INFO     Skipping 925
11:33:56 root         INFO     Skipping 21570
11:33:56 root         INFO     Skipping 21536
11:33:56 root         INFO     Skipping 604
11:33:56 root         INFO     Skipping 21562
11:33:56 root         INFO     Skipping 21572
11:33:56 root         INFO     Skipping 17884
11:33:56 root         INFO     Skipping 235
11:33:56 root         INFO     Skipping 21487
11:33:56 root         INFO     Skipping 27644
11:33:56 root         INFO     Skipping 37722
11:33:56 root         INFO     Skipping 24175
11:33:56 root         INFO     Skipping 27637
11:33:56 root         INFO     Skipping 9424
11:33:56 root         INFO     Skipping 24181
11:33:56 root         INFO     Skipping 37676
11:33:56 root         INFO     Skipping 15912
11:33:56 root         INFO     Skipping 1004
11:33:56 root         INFO     Skipping 15922
11:33:56 root         INFO     Skipping 21523
11:33:56 root         INFO     Skipping 14489
11:33:56 root         INFO     Skipping 18756
11:33:56 root         INFO     Skipping 23549
11:33:56 root         INFO     Skipping 30414
11:33:56 root         INFO     Skipping 28735
11:33:56 root         INFO     Skipping 599
11:33:56 root         INFO     Skipping 24124
11:33:56 root         INFO     Skipping 24218
11:33:56 root         INFO     Skipping 19874
11:33:56 root         INFO     Skipping 21467
11:33:56 root         INFO     Skipping 30525
11:33:56 root         INFO     Skipping 24176
11:33:56 root         INFO     Skipping 15949
11:33:56 root         INFO     Skipping 27630
11:33:56 root         INFO     Skipping 27632
11:33:56 root         INFO     Skipping 606
11:33:56 root         INFO     Skipping 27629
11:33:56 root         INFO     Skipping 24228
11:33:56 root         INFO     Skipping 562
11:33:56 root         INFO     Skipping 21633
11:33:56 root         INFO     Skipping 24225
11:33:56 root         INFO     Skipping 18725
11:33:56 root         INFO     Skipping 21567
11:33:56 root         INFO     Skipping 27628
11:33:56 root         INFO     Skipping 12921
11:33:56 root         INFO     Skipping 47
11:33:56 root         INFO     Skipping 8101
11:33:56 root         INFO     Skipping 27936
11:33:56 root         INFO     Skipping 23089
11:33:56 root         INFO     Skipping 15911
11:33:56 root         INFO     Skipping 30472
11:33:56 root         INFO     Skipping 35703
11:33:56 root         INFO     Skipping 30475
11:33:56 root         INFO     Skipping 18739
11:33:56 root         INFO     Skipping 30378
11:33:56 root         INFO     Skipping 21
11:33:56 root         INFO     Skipping 24169
11:33:56 root         INFO     Skipping 27616
11:33:56 root         INFO     Skipping 546
11:33:56 root         INFO     Skipping 125
11:33:56 root         INFO     Skipping 432
11:33:56 root         INFO     Skipping 23572
11:33:56 root         INFO     Skipping 1
11:33:56 root         INFO     Skipping 10
11:33:56 root         INFO     Skipping 106
11:33:56 root         INFO     Skipping 804
11:33:56 root         INFO     Skipping 697
11:33:56 root         INFO     Skipping 37667
11:33:56 root         INFO     Skipping 24234
11:33:56 root         INFO     Skipping 34781
11:33:56 root         INFO     Skipping 44
11:33:56 root         INFO     Skipping 2434
11:33:56 root         INFO     Skipping 7307
11:33:56 root         INFO     Skipping 7280
11:33:56 root         INFO     Skipping 14197
11:33:56 root         INFO     Skipping 6929
11:33:56 root         INFO     Skipping 24223
11:33:56 root         INFO     Skipping 30412
11:33:56 root         INFO     Skipping 21230
11:33:56 root         INFO     Skipping 7124
11:33:56 root         INFO     Skipping 7516
11:33:56 root         INFO     Skipping 9231
11:33:56 root         INFO     Skipping 13222
11:33:56 root         INFO     Skipping 24928
11:33:56 root         INFO     Skipping 14466
11:33:56 root         INFO     Skipping 19685
11:33:56 root         INFO     Skipping 14008
11:33:56 root         INFO     Skipping 20480
11:33:56 root         INFO     Skipping 7126
11:33:56 root         INFO     Skipping 15792
11:33:56 root         INFO     Skipping 27571
11:33:56 root         INFO     Skipping 19109
11:33:56 root         INFO     Skipping 14066
11:33:56 root         INFO     Skipping 7103
11:33:56 root         INFO     Skipping 13479
11:33:56 root         INFO     Skipping 13475
11:33:56 root         INFO     Skipping 24237
11:33:56 root         INFO     Skipping 28365
11:33:56 root         INFO     Skipping 7118
11:33:56 root         INFO     Skipping 19909
11:33:56 root         INFO     Skipping 13664
11:33:56 root         INFO     Skipping 13467
11:33:56 root         INFO     Skipping 18743
11:33:56 root         INFO     Skipping 19881
11:33:56 root         INFO     Skipping 6970
11:33:56 root         INFO     Skipping 7286
11:33:56 root         INFO     Skipping 14047
11:33:56 root         INFO     Skipping 35569
11:33:56 root         INFO     Skipping 37741
11:33:56 root         INFO     Skipping 37697
11:33:56 root         INFO     Skipping 1453
11:33:56 root         INFO     Skipping 18818
11:33:56 root         INFO     Skipping 37745
11:33:56 root         INFO     Skipping 18836
11:33:56 root         INFO     Skipping 37441
11:33:56 root         INFO     Skipping 24207
11:33:56 root         INFO     Skipping 1483
11:33:56 root         INFO     Skipping 30395
11:33:56 root         INFO     Skipping 30432
11:33:56 root         INFO     Skipping 36969
11:33:56 root         INFO     Skipping 21533
11:33:56 root         INFO     Skipping 1352
11:33:56 root         INFO     Skipping 30390
11:33:56 root         INFO     Skipping 1149
11:33:56 root         INFO     Skipping 24202
11:33:56 root         INFO     Skipping 30389
11:33:56 root         INFO     Skipping 15891
11:33:56 root         INFO     Skipping 14488
11:33:56 root         INFO     Skipping 30528
11:33:56 root         INFO     Skipping 27597
11:33:56 root         INFO     Skipping 37737
11:33:56 root         INFO     Skipping 1557
11:33:56 root         INFO     Skipping 27609
11:33:56 root         INFO     Skipping 900
11:33:56 root         INFO     Skipping 21527
11:33:56 root         INFO     Skipping 1479
11:33:56 root         INFO     Skipping 30387
11:33:56 root         INFO     Skipping 980
11:33:56 root         INFO     Skipping 37703
11:33:56 root         INFO     Skipping 15304
11:33:56 root         INFO     Skipping 14781
11:33:56 root         INFO     Skipping 15528
11:33:56 root         INFO     Skipping 25120
11:33:56 root         INFO     Skipping 33803
11:33:56 root         INFO     Skipping 20476
11:33:56 root         INFO     Skipping 27502
11:33:56 root         INFO     Skipping 13456
11:33:56 root         INFO     Skipping 27390
11:33:56 root         INFO     Skipping 15813
11:33:56 root         INFO     Skipping 7320
11:33:56 root         INFO     Skipping 20668
11:33:56 root         INFO     Skipping 38937
11:33:56 root         INFO     Skipping 37417
11:33:56 root         INFO     Skipping 13038
11:33:56 root         INFO     Skipping 6932
11:33:56 root         INFO     Skipping 14978
11:33:56 root         INFO     Skipping 17045
11:33:56 root         INFO     Skipping 22385
11:33:56 root         INFO     Skipping 7853
11:33:56 root         INFO     Skipping 14026
11:33:56 root         INFO     Skipping 14923
11:33:56 root         INFO     Skipping 7288
11:33:56 root         INFO     Skipping 7538
11:33:56 root         INFO     Skipping 13451
11:33:56 root         INFO     Skipping 25009
11:33:56 root         INFO     Skipping 9452
11:33:56 root         INFO     Skipping 20118
11:33:56 root         INFO     Skipping 20475
11:33:56 root         INFO     Skipping 14602
11:33:56 root         INFO     Skipping 7291
11:33:56 root         INFO     Skipping 13457
11:33:56 root         INFO     Skipping 7345
11:33:56 root         INFO     Skipping 35752
11:33:56 root         INFO     Skipping 31489
11:33:56 root         INFO     Skipping 15674
11:33:56 root         INFO     Skipping 31189
11:33:56 root         INFO     Skipping 20084
11:33:56 root         INFO     Skipping 16020
11:33:56 root         INFO     Skipping 2009
11:33:56 root         INFO     Skipping 1773
11:33:56 root         INFO     Skipping 7337
11:33:56 root         INFO     Skipping 14910
11:33:56 root         INFO     Skipping 7339
11:33:56 root         INFO     Skipping 24976
11:33:56 root         INFO     Skipping 30360
11:33:56 root         INFO     Skipping 24315
11:33:56 root         INFO     Skipping 30361
11:33:56 root         INFO     Skipping 30358
11:33:56 root         INFO     Skipping 37191
11:33:56 root         INFO     Skipping 3129
11:33:56 root         INFO     Skipping 3052
11:33:56 root         INFO     Skipping 37932
11:33:56 root         INFO     Skipping 3125
11:33:56 root         INFO     Skipping 3109
11:33:56 root         INFO     Skipping 20056
11:33:56 root         INFO     Skipping 37778
11:33:56 root         INFO     Skipping 35587
11:33:56 root         INFO     Skipping 28452
11:33:56 root         INFO     Skipping 3320
11:33:56 root         INFO     Skipping 30367
11:33:56 root         INFO     Skipping 3048
11:33:56 root         INFO     Skipping 3072
11:33:56 root         INFO     Skipping 38049
11:33:56 root         INFO     Skipping 30366
11:33:56 root         INFO     Skipping 30368
11:33:56 root         INFO     Skipping 27956
11:33:56 root         INFO     Skipping 15709
11:33:56 root         INFO     Skipping 38047
11:33:56 root         INFO     Skipping 3137
11:33:56 root         INFO     Skipping 3085
11:33:56 root         INFO     Skipping 2042
11:33:56 root         INFO     Skipping 3064
11:33:56 root         INFO     Skipping 3286
11:33:56 root         INFO     Skipping 30362
11:33:56 root         INFO     Skipping 3309
11:33:56 root         INFO     Skipping 37826
11:33:56 root         INFO     Skipping 4972
11:33:56 root         INFO     Skipping 15790
11:33:56 root         INFO     Skipping 18747
11:33:56 root         INFO     Skipping 22401
11:33:56 root         INFO     Skipping 18711
11:33:56 root         INFO     Skipping 3123
11:33:56 root         INFO     Skipping 3296
11:33:56 root         INFO     Skipping 30617
11:33:56 root         INFO     Skipping 19614
11:33:56 root         INFO     Skipping 23295
11:33:56 root         INFO     Skipping 35818
11:33:56 root         INFO     Skipping 7531
11:33:56 root         INFO     Skipping 19559
11:33:56 root         INFO     Skipping 26784
11:33:56 root         INFO     Skipping 25775
11:33:56 root         INFO     Skipping 27321
11:33:56 root         INFO     Skipping 7234
11:33:56 root         INFO     Skipping 6914
11:33:56 root         INFO     Skipping 38455
11:33:56 root         INFO     Skipping 18113
11:33:56 root         INFO     Skipping 39880
11:33:56 root         INFO     Skipping 22565
11:33:56 root         INFO     Skipping 27877
11:33:56 root         INFO     Skipping 23176
11:33:56 root         INFO     Skipping 20510
11:33:56 root         INFO     Skipping 22316
11:33:56 root         INFO     Skipping 20813
11:33:56 root         INFO     Skipping 21209
11:33:56 root         INFO     Skipping 17932
11:33:56 root         INFO     Skipping 6002
11:33:56 root         INFO     Skipping 2505
11:33:56 root         INFO     Skipping 2000
11:33:56 root         INFO     Skipping 38458
11:33:56 root         INFO     Skipping 23099
11:33:56 root         INFO     Skipping 18560
11:33:56 root         INFO     Skipping 13255
11:33:56 root         INFO     Skipping 20676
11:33:56 root         INFO     Skipping 25743
11:33:56 root         INFO     Skipping 17989
11:33:56 root         INFO     Skipping 21452
11:33:56 root         INFO     Skipping 17224
11:33:56 root         INFO     Skipping 25875
11:33:56 root         INFO     Skipping 3486
11:33:56 root         INFO     Skipping 15377
11:33:56 root         INFO     Skipping 3418
11:33:56 root         INFO     Skipping 3492
11:33:56 root         INFO     Skipping 17990
11:33:56 root         INFO     Skipping 27184
11:33:56 root         INFO     Skipping 39590
11:33:56 root         INFO     Skipping 30767
11:33:56 root         INFO     Skipping 15022
11:33:56 root         INFO     Skipping 21452
11:33:56 root         INFO     Skipping 37309
11:33:56 root         INFO     Skipping 25730
11:33:56 root         INFO     Skipping 18418
11:33:56 root         INFO     Skipping 17928
11:33:56 root         INFO     Skipping 13173
11:33:56 root         INFO     Skipping 17987
11:33:56 root         INFO     Skipping 33659
11:33:56 root         INFO     Skipping 17978
11:33:56 root         INFO     Skipping 30572
11:33:56 root         INFO     Skipping 19068
11:33:56 root         INFO     Skipping 13174
11:33:56 root         INFO     Skipping 30040
11:33:56 root         INFO     Skipping 26655
11:33:57 root         INFO     Driver opened url https://www.nice.com/press-releases: 0.5 second load started
11:33:59 root         INFO     Driver opened url https://www.nice.com/press-releases/nice-opens-nominations-for-2025-psaps-finest-awards-recognizing-emergency-communications-standouts: 0.5 second load started
11:33:59 root         DEBUG    Titles: NICE Opens Nominations for 2025 PSAPs' Finest Awards Recognizing Emergency Communications Standouts
11:33:59 root         DEBUG    Dates: 2025-01-13
11:33:59 root         DEBUG    Desc: ##  Now in its twentieth year, PSAPs’ Finest Awards recognize the critical work of emergency communications professionals, from frontline telecommunicators, trainers and technicians to 911 center leaders and innovators 

Hoboken, N.J., January 13  , 2025 –  NICE  (Nasdaq: NICE)  today announced that it has opened nominations for its  2025 PSAPs' Finest Awards  , a recognition program for emergency communications center (ECC) professionals. Celebrating its twentieth year, the awards program recognizes individual and team standouts annually in the following categories: Lifetime Achievement, Above & Beyond, Communications Center Director/Manager, Line Supervisor, Technician, Trainer, Telecommunicator, Innovator, and PSAP of the Year. 

Chris Wooten, Executive Vice President, NICE  , said, “This year, we’re thrilled to announce that the PSAPs’ Finest Awards program is celebrating its twentieth anniversary. Since its inception in 2005, the program has recognized dozens of emergency communications professionals for their outstanding work and tireless service to citizens and communities. We’re honored to offer this program to pay tribute to all of the individuals who’ve dedicated their lives to the life-saving work of emergency communications.” 

The PSAPs’ Finest Awards program is open to all emergency communication centers and employees, whether or not they are customers of NICE. Nominations can be submitted through an online process via the  PSAPs' Finest website  . An independent judging panel reviews and rates each nomination based on the individual’s or team’s accomplishments and contributions. 

This year’s honorary judging panel includes: Mike Garcia, Deputy Director, Tucson Public Safety Communications Department (Arizona); Ivan Whitaker, Executive Director, Salt Lake Valley Emergency Communications Center (Utah); Lori Kolybaba, Communications Manager, Regina Police Service (Regina, Saskatchewan, Canada); Julie Corn, Commissioner of Department of Emergency Communications, Onondaga County (New York); Charles Schwartz, Director of Communications, Bergen County Public Safety Operation Center (New Jersey); Kelle Hall, CPE, ENP, Communications Manager, Highland Park DPS (Texas); and Rebekah Taylor, Assistant Director, Henrico County Department of Emergency Communications (Virginia). 

To learn about previous winners or submit a nomination, please visit the  PSAPs' Finest website  . Nominations can be submitted online through June 1, 2025. 

Please direct any questions regarding the 2025 PSAPs' Finest Awards to NICE at  PSInfo@NICE.com  . 

NICE Public Safety & Justice    
With over 3,000 customers and 30 years of experience, NICE helps all types of public safety and criminal justice agencies, from emergency communications and law enforcement to prosecutors and courts, digitally transform how they manage digital evidence and data from beginning to end, to get to the truth faster. NICE’s Evidencentral platform features an ecosystem of integrated technologies that bring data together to give a single view of the truth, enabling public safety and justice agencies to do what they do better – whether it’s responding to incidents, investigating and building cases, or prosecuting crimes. With comprehensive digital transformation solutions that can be deployed across entire counties and states, NICE also helps everyone work better together, so justice flows more smoothly, from incident to court.  https://www.nicepublicsafety.com 

About NICE    
With NICE (Nasdaq: NICE), it’s never been easier for organizations of all sizes around the globe to create extraordinary customer experiences while meeting key business metrics. Featuring the world’s #1 cloud native customer experience platform, CXone, NICE is a worldwide leader in AI-powered self-service and agent-assisted CX software for the contact center – and beyond. Over 25,000 organizations in more than 150 countries, including over 85 of the Fortune 100 companies, partner with NICE to transform - and elevate - every customer interaction.  www.nice.com 

Corporate Media Contact    
Christopher Irwin-Dudek, +1 201 561 4442,  media@nice.com  , ET 

Investors    
Marty Cohen, +1 551 256 5354,  ir@nice.com  , ET   
Omri Arens, +972 3 763 0127,  ir@nice.com  , CET 

Trademark Note:  NICE and the NICE logo are trademarks or registered trademarks of NICE Ltd. All other marks are trademarks of their respective owners. For a full list of NICE’s marks, please see:  www.nice.com/nice-trademarks  . 

Forward-Looking Statements    
This press release contains forward-looking statements as that term is defined in the Private Securities Litigation Reform Act of 1995. Such forward-looking statements, including the statements by Mr. Wooten, are based on the current beliefs, expectations and assumptions of the management of NICE Ltd. (the “Company”). In some cases, such forward-looking statements can be identified by terms such as “believe,” “expect,” “seek,” “may,” “will,” “intend,” “should,” “project,” “anticipate,” “plan,” “estimate,” or similar words. Forward-looking statements are subject to a number of risks and uncertainties that could cause the actual results or performance of the Company to differ materially from those described herein, including but not limited to the impact of changes in economic and business conditions; competition; successful execution of the Company’s growth strategy; success and growth of the Company’s cloud Software-as-a-Service business; changes in technology and market requirements; decline in demand for the Company's products; inability to timely develop and introduce new technologies, products and applications; difficulties in making additional acquisitions or difficulties or delays in absorbing and integrating acquired operations, products, technologies and personnel; loss of market share; an inability to maintain certain marketing and distribution arrangements; the Company’s dependency on third-party cloud computing platform providers, hosting facilities and service partners; cyber security attacks or other security breaches against the Company; privacy concerns; changes in currency exchange rates and interest rates, the effects of additional tax liabilities resulting from our global operations, the effect of unexpected events or geo-political conditions, such as the impact of conflicts in the Middle East that may disrupt our business and the global economy; the effect of newly enacted or modified laws, regulation or standards on the Company and our products and various other factors and uncertainties discussed in our filings with the U.S. Securities and Exchange Commission (the “SEC”). For a more detailed description of the risk factors and uncertainties affecting the company, refer to the Company's reports filed from time to time with the SEC, including the Company’s Annual Report on Form 20-F. The forward-looking statements contained in this press release are made as of the date of this press release, and the Company undertakes no obligation to update or revise them, except as required by law. 

11:33:59 root         DEBUG    Agency_id 27052
11:33:59 root         DEBUG    Article Link: https://www.nice.com/press-releases/nice-opens-nominations-for-2025-psaps-finest-awards-recognizing-emergency-communications-standouts
11:33:59 root         INFO     LEDE: [testlede] month: [Jan.] day: [13]
11:33:59 root         INFO     
ADDING: FILENAME: [testfilename  Standouts] TITLE: [NICE Opens Nominations for 2025 PSAPs' Finest Awards Recognizing Emergency Communications Standouts] DATE: [2025-01-13] ID [27052]

11:34:03 root         INFO     Driver opened url https://www.nice.com/press-releases/san-francisco-department-of-emergency-management-selects-nice-inform-elite-for-capturing-and-analyzing-911-communications: 0.5 second load started
11:34:03 root         DEBUG    Titles: San Francisco Department of Emergency Management Selects NICE Inform Elite for Capturing and Analyzing 911 Communications
11:34:03 root         DEBUG    Dates: 2025-01-08
11:34:03 root         DEBUG    Desc: ##  Handling over 1 million 911 calls annually, San Francisco’s DEM will leverage NICE’s automated solutions to bolster services to citizens, first responders and partner agencies 

Hoboken, N.J., January 8, 2025 –  NICE  (Nasdaq: NICE) today announced that the San Francisco Department of Emergency Management (DEM) has chosen  NICE Inform Elite  , one of the solutions in NICE’s  Evidencentral  platform, to bolster services to residents, first responders and partner agencies. The City’s dispatch center is one of the top 25 busiest in the U.S., handling over one million emergency calls annually. San Francisco DEM, a NICE customer since 2006, will be upgrading to NICE’s advanced capabilities. 

NICE Inform Elite will give the San Francisco DEM a single, consolidated solution for capturing and analyzing 911 communications and incident data, along with automated tools for performing Quality Assurance (QA) reviews and fulfilling evidence and FOIA (Freedom of Information Act) requests from DAs and private residents. NICE Inform Elite combines automated solutions with holistic capture and analysis of incident information – encompassing 911 calls, 911 texts, radio communications, Computer Aided Dispatch (CAD) data, screen recordings, and more – to help emergency communication centers continuously improve performance and unlock the truth from incident information. 

Michelle Geddes, Chief Information Officer, San Francisco Department of Emergency Management  , said, “For DEM to provide the best possible emergency services to San Francisco, we need to excel in how quickly and effectively we respond. NICE is going to enable us to support first responders during an emergency response swiftly and accurately. NICE also helps DEM partner agencies in the criminal justice process who rely on us for incident reproductions and evidence.” 

Chris Wooten, Executive Vice President, NICE  , said, “NICE is excited to build on our nearly two-decade-long relationship with the San Francisco Department of Emergency Management with these latest upgrades and enhancements. We’re committed to supporting the San Francisco DEM in its mission to provide the highest levels of emergency services to all San Franciscans. When 911 calls come in, lives quite literally are on the line. Our solutions unlock the truth from interactions, so 911 centers can get call handling right, every time.” 

Operated by the San Francisco Department of Emergency Management, San Francisco’s newly renovated 911 dispatch center is a crucial link between the public and first responders, handling emergency calls related to police, fire, and EMS. The center is dedicated to meeting response time goals and is continuously seeking innovative solutions to enhance the efficiency and effectiveness of its highly skilled telecommunicators. 

NICE Inform Elite, with its ability to automate the 911 Quality Assurance review process, promotes continuous quality improvement. Its seamless integration with Computer Aided Dispatch (CAD) enables the center to target specific types of high acuity calls, for example cardiac or domestic violence calls, for automatic QA review. The system can also be configured to automatically pull calls that took excessively long to enter or dispatch. This allows managers to review and analyze calls promptly and provide constructive feedback. By automating the QA process, NICE Inform Elite also frees up managers' time, allowing them to focus on supporting, coaching, and training staff. 

Additionally, NICE Inform Elite will benefit the staff of the San Francisco Department of Emergency Management's Custodian of Records who manage over 15,000 evidence and FOIA requests from attorneys and citizens annually. With its integration with CAD, NICE Inform Elite will automate this process, saving significant time. Records custodians will be able to enter a CAD incident ID number to promptly retrieve and compile all 911 calls, radio traffic, and multimedia data related to an incident. 

To learn more about NICE’s automated, digital transformation solutions for Emergency Communications Centers, visit the NICE website by  clicking here  or email  PSInfo@NICE.com  for more information. 

About the San Francisco Department of Emergency Management (DEM)    
The San Francisco Department of Emergency Management (DEM) manages San Francisco's every day and not-so-everyday emergencies. DEM also helps everyone in San Francisco know how to prepare for emergencies, and what to do to be safe during one. Operated by the San Francisco Department of Emergency Management, San Francisco’s newly renovated 911 center is a critical link between the public and first responders during emergencies, serving the city and county of San Francisco, and handling over one million calls annually. The center is one of the top 25 busiest centers in the U.S. More info at  www.sfdem.org  and  www.sf.gov/departments/department-emergency-management  . 

NICE Public Safety & Justice    
With over 3,000 customers and 30 years of experience, NICE helps all types of public safety and criminal justice agencies, from emergency communications and law enforcement to prosecutors and courts, digitally transform how they manage digital evidence and data from beginning to end, to get to the truth faster. NICE’s Evidencentral platform features an ecosystem of integrated technologies that bring data together to give a single view of the truth, enabling public safety and justice agencies to do what they do better – whether it’s responding to incidents, investigating and building cases, or prosecuting crimes. With comprehensive digital transformation solutions that can be deployed across entire counties and states, NICE also helps everyone work better together, so justice flows more smoothly, from incident to court.  https://www.nicepublicsafety.com 

About NICE    
With NICE (Nasdaq: NICE), it’s never been easier for organizations of all sizes around the globe to create extraordinary customer experiences while meeting key business metrics. Featuring the world’s #1 cloud native customer experience platform, CXone, NICE is a worldwide leader in AI-powered self-service and agent-assisted CX software for the contact center – and beyond. Over 25,000 organizations in more than 150 countries, including over 85 of the Fortune 100 companies, partner with NICE to transform - and elevate - every customer interaction.  www.nice.com 

Corporate Media Contact    
Christopher Irwin-Dudek, +1 201 561 4442,  media@nice.com  , ET 

Investors    
Marty Cohen, +1 551 256 5354,  ir@nice.com  ,ET   
Omri Arens, +972 3 763 0127,  ir@nice.com  , CET 

Trademark Note:  NICE and the NICE logo are trademarks or registered trademarks of NICE Ltd. All other marks are trademarks of their respective owners. For a full list of NICE’s marks, please see:  www.nice.com/nice-trademarks  . 

Forward-Looking Statements    
This press release contains forward-looking statements as that term is defined in the Private Securities Litigation Reform Act of 1995. Such forward-looking statements, including the statements by Mr. Wooten are based on the current beliefs, expectations and assumptions of the management of NICE Ltd. (the “Company”). In some cases, such forward-looking statements can be identified by terms such as “believe,” “expect,” “seek,” “may,” “will,” “intend,” “should,” “project,” “anticipate,” “plan,” “estimate,” or similar words. Forward-looking statements are subject to a number of risks and uncertainties that could cause the actual results or performance of the Company to differ materially from those described herein, including but not limited to the impact of changes in economic and business conditions; competition; successful execution of the Company’s growth strategy; success and growth of the Company’s cloud Software-as-a-Service business; changes in technology and market requirements; decline in demand for the Company's products; inability to timely develop and introduce new technologies, products and applications; difficulties in making additional acquisitions or  difficulties or delays in absorbing and integrating acquired operations, products, technologies and personnel; loss of market share; an inability to maintain certain marketing and distribution arrangements; the Company’s dependency on third-party cloud computing platform providers, hosting facilities and service partners; cyber security attacks or other security breaches against the Company; privacy concerns; changes in currency exchange rates and interest rates, the effects of additional tax liabilities resulting from our global operations, the effect of unexpected events or geo-political conditions, such as the impact of conflicts in the Middle East that may disrupt our business and the global economy; the effect of newly enacted or modified laws, regulation or standards on the Company and our products and various other factors and uncertainties discussed in our filings with the U.S. Securities and Exchange Commission (the “SEC”). For a more detailed description of the risk factors and uncertainties affecting the company, refer to the Company's reports filed from time to time with the SEC, including the Company’s Annual Report on Form 20-F. The forward-looking statements contained in this press release are made as of the date of this press release, and the Company undertakes no obligation to update or revise them, except as required by law. 

11:34:03 root         DEBUG    Agency_id 27052
11:34:03 root         DEBUG    Article Link: https://www.nice.com/press-releases/san-francisco-department-of-emergency-management-selects-nice-inform-elite-for-capturing-and-analyzing-911-communications
11:34:03 root         INFO     LEDE: [testlede] month: [Jan.] day: [8]
11:34:03 root         INFO     
ADDING: FILENAME: [testfilename unications] TITLE: [San Francisco Department of Emergency Management Selects NICE Inform Elite for Capturing and Analyzing 911 Communications] DATE: [2025-01-08] ID [27052]

11:34:04 root         INFO     Driver opened url https://www.nice.com/press-releases/nice-actimize-partners-with-the-knoble-nonprofit-network-to-issue-best-practices-guide-for-identifying-human-trafficking-activity: 0.5 second load started
11:34:05 root         DEBUG    Titles: NICE Actimize Partners with The Knoble Non-Profit Network to Issue Best Practices Guide for Identifying Human Trafficking Activity
11:34:05 root         DEBUG    Dates: 2025-01-07
11:34:05 root         DEBUG    Desc: ##  NICE Actimize will provide guidance to financial institutions looking to identify   
trafficking activity and human-targeted financial-based crimes and abuse   


Hoboken, NJ, January 7, 2025 –  NICE Actimize, a  NICE  (NASDAQ: NICE) business  , today announced the release of the jointly-produced “Guide to Investigating Human Trafficking in Financial Crime” designed to help financial institutions (FIs) and money services businesses appropriately investigate customers and accounts suspected of involvement in human trafficking. The guide is available exclusively for members of The Knoble Network, an alliance of financial service professionals, law enforcement, regulators, and NGOs joining forces to lead and innovate more effective ways to fight human crime. 

The guide provides insights on how to properly detect, investigate and respond to unusual activities detected by frontline employees or by systematic identification. This guide includes red flags, case examples, and practical response steps. 

The Knoble has released  The Guide  in recognition of January’s Human Trafficking Prevention Month, a time to reflect on the resilience of trafficking survivors and recognize the efforts of those who work tirelessly to prevent and eliminate this inhumane and devastating form of abuse and exploitation. 

The best practices identified and recommended in the guide were researched by surveying a range of financial institutions of all sizes from front-line banking employees to back-end office analysts who examine all types of suspicious activities within financial institutions. Their insights and suggestions provide direction to other FIs looking to reduce the amount of human trafficking-related financial crime proceeds that potentially flow through their institutions. 

“NICE Actimize believes strongly in the importance of providing the latest research to the front lines of financial institutions which may be experiencing activity that is potentially aligned to human trafficking – from the front-desk tellers to those analysts investigating suspicious activity and transactions. Our insights provide a valuable resource to help financial institutions take preventative measures to identify and stop these crimes,” said  Craig Costigan, CEO, NICE Actimize.  “We continue to invest in solutions and advanced technologies that detect human crimes, like trafficking, elder abuse, and more.” 

\u200d“To advance the fight to protect people, the industry must expand proven solutions that fight financial crime and fraud today into the less charted waters of directly protecting people from exploitation. As a leading financial crime and fraud solutions provider, NICE Actimize continues to expand its offering to fight human crimes. As we all work together, it is extremely encouraging when organizations like NICE Actimize lead the way,” said  Ian Mitchell, Founder and Board Chair of The Knoble  . 

According to the guide, financial activities linked to human trafficking can converge with financial institutions and money services businesses at various stages, including recruitment, transportation, exploitation, and financial transactions. These transactions may involve payments for transporting and housing victims, as well as collecting proceeds from their exploitation and moving funds. Traffickers often launder proceeds through legitimate businesses to support trafficking operations. FIs and money service businesses may inadvertently facilitate these transactions if they are not vigilant. 

NICE Actimize continues to develop ongoing initiatives in association with The Knoble which inform and provide direction to financial institutions looking to establish a proactive defense against human trafficking and other human crimes. 

Access to The Guide is available exclusively through The Knoble Member Center Resource Library. Not a member? Apply for free today and  join The Knoble Network in the fight against Human Crime. 

About The Knoble    
Founded in 2019 by Ian Mitchell, The Knoble is a non-profit alliance of financial institutions, law enforcement, financial services professionals, and NGOs dedicated to fighting Human Crime, including scams, human trafficking, child exploitation, and elder financial exploitation. Through innovative initiatives and thought leadership, we empower professionals to make a real-world impact. Apply for membership at  TheKnoble.com  to join our vetted network and gain complimentary access to The Knoble Network Member Center, where experts connect, collaborate, and participate in exclusive roundtables and forums. To learn more about Corporate Membership or Sponsorship opportunities, reach out to Ken Goins at  ken@theknoble.com  . Together, we can protect the vulnerable and combat Human Crime. 

About NICE Actimize    
As a global leader in artificial intelligence, platform services, and cloud solutions, NICE Actimize excels in preventing fraud, detecting financial crime, and supporting regulatory compliance. Over 1,000 organizations across more than 70 countries trust NICE Actimize to protect their institutions and safeguard assets throughout the entire customer lifecycle. With NICE Actimize, customers gain deeper insights and mitigate risks. Learn more at  www.niceactimize.com  . 

About NICE    
With NICE (Nasdaq: NICE), it’s never been easier for organizations of all sizes around the globe to create extraordinary customer experiences while meeting key business metrics. Featuring the world’s #1 cloud native customer experience platform, CXone, NICE is a worldwide leader in AI-powered self-service and agent-assisted CX software for the contact center – and beyond. Over 25,000 organizations in more than 150 countries, including over 85 of the Fortune 100 companies, partner with NICE to transform - and elevate - every customer interaction.  www.nice.com 

Corporate Media Contact    
Cindy Morgan-Olson, +1 646 408 5896,  media@nice.com  , ET 

Investors    
Marty Cohen, +1 551 256 5354,  ir@nice.com  , ET   
Omri Arens, +972 3 763 0127,  ir@nice.com  , CET 

Trademark Note:  NICE and the NICE logo are trademarks or registered trademarks of NICE Ltd. All other marks are trademarks of their respective owners. For a full list of NICE’s marks, please see:  www.nice.com/nice-trademarks  . 

Forward-Looking Statements    
This press release contains forward-looking statements as that term is defined in the Private Securities Litigation Reform Act of 1995. Such forward-looking statements, including the statements by Mr. Costigan are based on the current beliefs, expectations and assumptions of the management of NICE Ltd. (the “Company”). In some cases, such forward-looking statements can be identified by terms such as “believe,” “expect,” “seek,” “may,” “will,” “intend,” “should,” “project,” “anticipate,” “plan,” “estimate,” or similar words. Forward-looking statements are subject to a number of risks and uncertainties that could cause the actual results or performance of the Company to differ materially from those described herein, including but not limited to the impact of changes in economic and business conditions; competition; successful execution of the Company’s growth strategy; success and growth of the Company’s cloud Software-as-a-Service business; changes in technology and market requirements; decline in demand for the Company's products; inability to timely develop and introduce new technologies, products and applications; difficulties in making additional acquisitions or  difficulties or delays in absorbing and integrating acquired operations, products, technologies and personnel; loss of market share; an inability to maintain certain marketing and distribution arrangements; the Company’s dependency on third-party cloud computing platform providers, hosting facilities and service partners; cyber security attacks or other security breaches against the Company; privacy concerns; changes in currency exchange rates and interest rates, the effects of additional tax liabilities resulting from our global operations, the effect of unexpected events or geo-political conditions, such as the impact of conflicts in the Middle East that may disrupt our business and the global economy; the effect of newly enacted or modified laws, regulation or standards on the Company and our products and various other factors and uncertainties discussed in our filings with the U.S. Securities and Exchange Commission (the “SEC”). For a more detailed description of the risk factors and uncertainties affecting the company, refer to the Company's reports filed from time to time with the SEC, including the Company’s Annual Report on Form 20-F. The forward-looking statements contained in this press release are made as of the date of this press release, and the Company undertakes no obligation to update or revise them, except as required by law. 

11:34:05 root         DEBUG    Agency_id 27052
11:34:05 root         DEBUG    Article Link: https://www.nice.com/press-releases/nice-actimize-partners-with-the-knoble-nonprofit-network-to-issue-best-practices-guide-for-identifying-human-trafficking-activity
11:34:05 root         INFO     LEDE: [testlede] month: [Jan.] day: [7]
11:34:05 root         INFO     
ADDING: FILENAME: [testfilename g Activity] TITLE: [NICE Actimize Partners with The Knoble Non-Profit Network to Issue Best Practices Guide for Identifying Human Trafficking Activity] DATE: [2025-01-07] ID [27052]

11:34:05 root         INFO     INVALID DATE: 2024-12-12 00:00:00
11:34:05 root         INFO     INVALID DATE: 2024-12-12 00:00:00
11:34:05 root         INFO     INVALID DATE: 2024-12-12 00:00:00
11:34:05 root         INFO     INVALID DATE: 2024-12-11 00:00:00
11:34:05 root         INFO     INVALID DATE: 2024-12-09 00:00:00
11:34:06 root         INFO     Scrape errors found during run:
11:34:06 root         INFO     []
11:34:06 root         INFO     End of file message
11:34:06 root         INFO     

Load Version 2.1.0 02/04/2025
       Docs Loaded: 3
       URLS processed: 1
       DUPS skipped: 0
       No Ledes found: 0

Passed Parameters:
       Pull House and Senate: False
       Number of days back: 30
       Start Time: 2025-02-05 11:33:52
       End Time: 2025-02-05 11:34:06
       Elapsed Time: 0:00:14
       Character Minimum Amount: 100

Errors:
Docs:
	Loaded:
		27052: NICE Opens Nominations for 2025 PSAPs' Finest Awards Recognizing Emergency Communications Standouts
		27052: San Francisco Department of Emergency Management Selects NICE Inform Elite for Capturing and Analyzing 911 Communications
		27052: NICE Actimize Partners with The Knoble Non-Profit Network to Issue Best Practices Guide for Identifying Human Trafficking Activity
