11:13:04 root         INFO     Skipping 27599
11:13:04 root         INFO     Skipping 30449
11:13:04 root         INFO     Skipping 14315
11:13:04 root         INFO     Skipping 7566
11:13:04 root         INFO     Skipping 804
11:13:04 root         INFO     Skipping 12106
11:13:04 root         INFO     Skipping 8034
11:13:04 root         INFO     Skipping 7901
11:13:04 root         INFO     Skipping 20157
11:13:04 root         INFO     Skipping 6950
11:13:04 root         INFO     Skipping 15026
11:13:04 root         INFO     Skipping 19993
11:13:04 root         INFO     Skipping 21569
11:13:04 root         INFO     Skipping 23030
11:13:04 root         INFO     Skipping 206
11:13:04 root         INFO     Skipping 16046
11:13:04 root         INFO     Skipping 16140
11:13:04 root         INFO     Skipping 16037
11:13:04 root         INFO     Skipping 43
11:13:04 root         INFO     Skipping 225
11:13:04 root         INFO     Skipping 37711
11:13:04 root         INFO     Skipping 34699
11:13:04 root         INFO     Skipping 19021
11:13:04 root         INFO     Skipping 18495
11:13:04 root         INFO     Skipping 222
11:13:04 root         INFO     Skipping 5602
11:13:04 root         INFO     Skipping 16027
11:13:04 root         INFO     Skipping 21499
11:13:04 root         INFO     Skipping 2698
11:13:04 root         INFO     Skipping 27867
11:13:04 root         INFO     Skipping 24224
11:13:04 root         INFO     Skipping 21563
11:13:04 root         INFO     Skipping 24227
11:13:04 root         INFO     Skipping 17224
11:13:04 root         INFO     Skipping 219
11:13:04 root         INFO     Skipping 23814
11:13:04 root         INFO     Skipping 15376
11:13:04 root         INFO     Skipping 19286
11:13:04 root         INFO     Skipping 28048
11:13:04 root         INFO     Skipping 543
11:13:04 root         INFO     Skipping 24233
11:13:04 root         INFO     Skipping 18735
11:13:04 root         INFO     Skipping 1066
11:13:04 root         INFO     Skipping 37680
11:13:04 root         INFO     Skipping 691
11:13:04 root         INFO     Skipping 677
11:13:04 root         INFO     Skipping 20141
11:13:04 root         INFO     Skipping 36151
11:13:04 root         INFO     Skipping 20319
11:13:04 root         INFO     Skipping 12400
11:13:04 root         INFO     Skipping 127
11:13:04 root         INFO     Skipping 20792
11:13:04 root         INFO     Skipping 17104
11:13:04 root         INFO     Skipping 24344
11:13:04 root         INFO     Skipping 19546
11:13:04 root         INFO     Skipping 15565
11:13:04 root         INFO     Skipping 13359
11:13:04 root         INFO     Skipping 17922
11:13:04 root         INFO     Skipping 22481
11:13:04 root         INFO     Skipping 20138
11:13:04 root         INFO     Skipping 119
11:13:04 root         INFO     Skipping 21188
11:13:04 root         INFO     Skipping 3016
11:13:04 root         INFO     Skipping 21525
11:13:04 root         INFO     Skipping 37694
11:13:04 root         INFO     Skipping 18710
11:13:04 root         INFO     Skipping 29332
11:13:04 root         INFO     Skipping 23100
11:13:04 root         INFO     Skipping 37725
11:13:04 root         INFO     Skipping 15633
11:13:04 root         INFO     Skipping 948
11:13:04 root         INFO     Skipping 30993
11:13:04 root         INFO     Skipping 22221
11:13:04 root         INFO     Skipping 22654
11:13:04 root         INFO     Skipping 35809
11:13:04 root         INFO     Skipping 35576
11:13:04 root         INFO     Skipping 37408
11:13:04 root         INFO     Skipping 7844
11:13:04 root         INFO     Skipping 20
11:13:04 root         INFO     Skipping 8022
11:13:04 root         INFO     Skipping 8032
11:13:04 root         INFO     Skipping 20605
11:13:04 root         INFO     Skipping 7838
11:13:04 root         INFO     Skipping 21497
11:13:04 root         INFO     Skipping 35572
11:13:04 root         INFO     Skipping 30425
11:13:04 root         INFO     Skipping 35517
11:13:04 root         INFO     Skipping 35524
11:13:04 root         INFO     Skipping 21522
11:13:04 root         INFO     Skipping 1325
11:13:04 root         INFO     Skipping 1079
11:13:04 root         INFO     Skipping 6973
11:13:04 root         INFO     Skipping 37495
11:13:04 root         INFO     Skipping 30405
11:13:04 root         INFO     Skipping 18767
11:13:04 root         INFO     Skipping 21521
11:13:04 root         INFO     Skipping 921
11:13:04 root         INFO     Skipping 27602
11:13:04 root         INFO     Skipping 21335
11:13:04 root         INFO     Skipping 30444
11:13:04 root         INFO     Skipping 1363
11:13:04 root         INFO     Skipping 9488
11:13:04 root         INFO     Skipping 24230
11:13:04 root         INFO     Skipping 2696
11:13:04 root         INFO     Skipping 37705
11:13:04 root         INFO     Skipping 33752
11:13:04 root         INFO     Skipping 37731
11:13:04 root         INFO     Skipping 37740
11:13:04 root         INFO     Skipping 9427
11:13:04 root         INFO     Skipping 19880
11:13:04 root         INFO     Skipping 632
11:13:04 root         INFO     Skipping 39007
11:13:04 root         INFO     Skipping 551
11:13:04 root         INFO     Skipping 37304
11:13:04 root         INFO     Skipping 20115
11:13:04 root         INFO     Skipping 13362
11:13:04 root         INFO     Skipping 7333
11:13:04 root         INFO     Skipping 21423
11:13:04 root         INFO     Skipping 17653
11:13:04 root         INFO     Skipping 21152
11:13:04 root         INFO     Skipping 16031
11:13:04 root         INFO     Skipping 27074
11:13:04 root         INFO     Skipping 255
11:13:04 root         INFO     Skipping 431
11:13:04 root         INFO     Skipping 19290
11:13:04 root         INFO     Skipping 33954
11:13:04 root         INFO     Skipping 22921
11:13:04 root         INFO     Skipping 26556
11:13:04 root         INFO     Skipping 167
11:13:04 root         INFO     Skipping 15884
11:13:04 root         INFO     Skipping 30382
11:13:04 root         INFO     Skipping 30450
11:13:04 root         INFO     Skipping 27626
11:13:04 root         INFO     Skipping 37748
11:13:04 root         INFO     Skipping 715
11:13:04 root         INFO     Skipping 18734
11:13:04 root         INFO     Skipping 9485
11:13:04 root         INFO     Skipping 24231
11:13:04 root         INFO     Skipping 6221
11:13:04 root         INFO     Skipping 15392
11:13:04 root         INFO     Skipping 14466
11:13:04 root         INFO     Skipping 15025
11:13:04 root         INFO     Skipping 19760
11:13:04 root         INFO     Skipping 37095
11:13:04 root         INFO     Skipping 13863
11:13:04 root         INFO     Skipping 7355
11:13:04 root         INFO     Skipping 8042
11:13:04 root         INFO     Skipping 23802
11:13:04 root         INFO     Skipping 282
11:13:04 root         INFO     Skipping 7316
11:13:04 root         INFO     Skipping 16040
11:13:04 root         INFO     Skipping 7922
11:13:04 root         INFO     Skipping 16041
11:13:04 root         INFO     Skipping 28101
11:13:04 root         INFO     Skipping 3410
11:13:04 root         INFO     Skipping 7121
11:13:04 root         INFO     Skipping 17116
11:13:04 root         INFO     Skipping 20034
11:13:04 root         INFO     Skipping 6918
11:13:04 root         INFO     Skipping 22037
11:13:04 root         INFO     Skipping 14373
11:13:04 root         INFO     Skipping 13794
11:13:04 root         INFO     Skipping 13964
11:13:04 root         INFO     Skipping 6930
11:13:04 root         INFO     Skipping 19978
11:13:04 root         INFO     Skipping 14069
11:13:04 root         INFO     Skipping 14111
11:13:04 root         INFO     Skipping 6931
11:13:04 root         INFO     Skipping 14021
11:13:04 root         INFO     Skipping 37180
11:13:04 root         INFO     Skipping 35130
11:13:04 root         INFO     Skipping 19684
11:13:04 root         INFO     Skipping 28292
11:13:04 root         INFO     Skipping 30335
11:13:04 root         INFO     Skipping 14867
11:13:04 root         INFO     Skipping 23669
11:13:04 root         INFO     Skipping 6793
11:13:04 root         INFO     Skipping 15440
11:13:04 root         INFO     Skipping 23588
11:13:04 root         INFO     Skipping 10156
11:13:04 root         INFO     Skipping 30046
11:13:04 root         INFO     Skipping 39476
11:13:04 root         INFO     Skipping 37727
11:13:04 root         INFO     Skipping 33096
11:13:04 root         INFO     Skipping 32423
11:13:04 root         INFO     Skipping 30658
11:13:04 root         INFO     Skipping 19870
11:13:04 root         INFO     Skipping 15962
11:13:04 root         INFO     Skipping 702
11:13:04 root         INFO     Skipping 39478
11:13:04 root         INFO     Skipping 30435
11:13:04 root         INFO     Skipping 9445
11:13:04 root         INFO     Skipping 24173
11:13:04 root         INFO     Skipping 35554
11:13:04 root         INFO     Skipping 18733
11:13:04 root         INFO     Skipping 3962
11:13:04 root         INFO     Skipping 26659
11:13:04 root         INFO     Skipping 32135
11:13:04 root         INFO     Skipping 27843
11:13:04 root         INFO     Skipping 17658
11:13:04 root         INFO     Skipping 27186
11:13:04 root         INFO     Skipping 6922
11:13:04 root         INFO     Skipping 7317
11:13:04 root         INFO     Skipping 37607
11:13:04 root         INFO     Skipping 19748
11:13:04 root         INFO     Skipping 14979
11:13:04 root         INFO     Skipping 28256
11:13:04 root         INFO     Skipping 15000
11:13:04 root         INFO     Skipping 15725
11:13:04 root         INFO     Skipping 21561
11:13:04 root         INFO     Skipping 23098
11:13:04 root         INFO     Skipping 30469
11:13:04 root         INFO     Skipping 37819
11:13:04 root         INFO     Skipping 27605
11:13:04 root         INFO     Skipping 24799
11:13:04 root         INFO     Skipping 35571
11:13:04 root         INFO     Skipping 18750
11:13:04 root         INFO     Skipping 21564
11:13:04 root         INFO     Skipping 695
11:13:04 root         INFO     Skipping 619
11:13:04 root         INFO     Skipping 21566
11:13:04 root         INFO     Skipping 18746
11:13:04 root         INFO     Skipping 30470
11:13:04 root         INFO     Skipping 37747
11:13:04 root         INFO     Skipping 35726
11:13:04 root         INFO     Skipping 35708
11:13:04 root         INFO     Skipping 35705
11:13:04 root         INFO     Skipping 35727
11:13:04 root         INFO     Skipping 37743
11:13:04 root         INFO     Skipping 24229
11:13:04 root         INFO     Skipping 37748
11:13:04 root         INFO     Skipping 19879
11:13:04 root         INFO     Skipping 717
11:13:04 root         INFO     Skipping 35728
11:13:04 root         INFO     Skipping 37820
11:13:04 root         INFO     Skipping 30473
11:13:04 root         INFO     Skipping 37744
11:13:04 root         INFO     Skipping 28313
11:13:04 root         INFO     Skipping 37749
11:13:04 root         INFO     Skipping 15948
11:13:04 root         INFO     Skipping 35707
11:13:04 root         INFO     Skipping 35706
11:13:04 root         INFO     Skipping 35704
11:13:04 root         INFO     Skipping 18740
11:13:04 root         INFO     Skipping 18736
11:13:04 root         INFO     Skipping 7887
11:13:04 root         INFO     Skipping 15551
11:13:04 root         INFO     Skipping 35562
11:13:04 root         INFO     Skipping 9423
11:13:04 root         INFO     Skipping 1519
11:13:04 root         INFO     Skipping 35489
11:13:04 root         INFO     Skipping 20880
11:13:04 root         INFO     Skipping 37235
11:13:04 root         INFO     Skipping 15882
11:13:04 root         INFO     Skipping 1169
11:13:04 root         INFO     Skipping 9463
11:13:04 root         INFO     Skipping 37685
11:13:04 root         INFO     Skipping 809
11:13:04 root         INFO     Skipping 9421
11:13:04 root         INFO     Skipping 30397
11:13:04 root         INFO     Skipping 37735
11:13:04 root         INFO     Skipping 30394
11:13:04 root         INFO     Skipping 30448
11:13:04 root         INFO     Skipping 27614
11:13:04 root         INFO     Skipping 35527
11:13:04 root         INFO     Skipping 37416
11:13:04 root         INFO     Skipping 37709
11:13:04 root         INFO     Skipping 27649
11:13:04 root         INFO     Skipping 35546
11:13:04 root         INFO     Skipping 1098
11:13:04 root         INFO     Skipping 21488
11:13:04 root         INFO     Skipping 37674
11:13:04 root         INFO     Skipping 37706
11:13:04 root         INFO     Skipping 37713
11:13:04 root         INFO     Skipping 918
11:13:04 root         INFO     Skipping 24210
11:13:04 root         INFO     Skipping 37728
11:13:04 root         INFO     Skipping 35555
11:13:04 root         INFO     Skipping 35556
11:13:04 root         INFO     Skipping 892
11:13:04 root         INFO     Skipping 38045
11:13:04 root         INFO     Skipping 829
11:13:04 root         INFO     Skipping 30468
11:13:04 root         INFO     Skipping 24186
11:13:04 root         INFO     Skipping 24194
11:13:04 root         INFO     Skipping 37693
11:13:04 root         INFO     Skipping 30429
11:13:04 root         INFO     Skipping 1249
11:13:04 root         INFO     Skipping 30434
11:13:04 root         INFO     Skipping 24199
11:13:04 root         INFO     Skipping 37688
11:13:04 root         INFO     Skipping 23853
11:13:04 root         INFO     Skipping 30456
11:13:04 root         INFO     Skipping 1036
11:13:04 root         INFO     Skipping 30436
11:13:04 root         INFO     Skipping 37690
11:13:04 root         INFO     Skipping 36428
11:13:04 root         INFO     Skipping 37721
11:13:04 root         INFO     Skipping 27646
11:13:04 root         INFO     Skipping 24187
11:13:04 root         INFO     Skipping 35551
11:13:04 root         INFO     Skipping 925
11:13:04 root         INFO     Skipping 21570
11:13:04 root         INFO     Skipping 21536
11:13:04 root         INFO     Skipping 604
11:13:04 root         INFO     Skipping 21562
11:13:04 root         INFO     Skipping 21572
11:13:04 root         INFO     Skipping 17884
11:13:04 root         INFO     Skipping 235
11:13:04 root         INFO     Skipping 21487
11:13:04 root         INFO     Skipping 27644
11:13:04 root         INFO     Skipping 37722
11:13:04 root         INFO     Skipping 24175
11:13:04 root         INFO     Skipping 27637
11:13:04 root         INFO     Skipping 9424
11:13:04 root         INFO     Skipping 24181
11:13:04 root         INFO     Skipping 37676
11:13:04 root         INFO     Skipping 15912
11:13:04 root         INFO     Skipping 1004
11:13:04 root         INFO     Skipping 15922
11:13:04 root         INFO     Skipping 21523
11:13:04 root         INFO     Skipping 14489
11:13:04 root         INFO     Skipping 18756
11:13:04 root         INFO     Skipping 23549
11:13:04 root         INFO     Skipping 30414
11:13:04 root         INFO     Skipping 28735
11:13:04 root         INFO     Skipping 599
11:13:04 root         INFO     Skipping 24124
11:13:04 root         INFO     Skipping 24218
11:13:04 root         INFO     Skipping 19874
11:13:04 root         INFO     Skipping 21467
11:13:04 root         INFO     Skipping 30525
11:13:04 root         INFO     Skipping 24176
11:13:04 root         INFO     Skipping 15949
11:13:04 root         INFO     Skipping 27630
11:13:04 root         INFO     Skipping 27632
11:13:04 root         INFO     Skipping 606
11:13:04 root         INFO     Skipping 27629
11:13:04 root         INFO     Skipping 24228
11:13:04 root         INFO     Skipping 562
11:13:04 root         INFO     Skipping 21633
11:13:04 root         INFO     Skipping 24225
11:13:04 root         INFO     Skipping 18725
11:13:04 root         INFO     Skipping 21567
11:13:04 root         INFO     Skipping 27628
11:13:04 root         INFO     Skipping 12921
11:13:04 root         INFO     Skipping 47
11:13:04 root         INFO     Skipping 8101
11:13:04 root         INFO     Skipping 27936
11:13:04 root         INFO     Skipping 23089
11:13:04 root         INFO     Skipping 15911
11:13:04 root         INFO     Skipping 30472
11:13:04 root         INFO     Skipping 35703
11:13:04 root         INFO     Skipping 30475
11:13:04 root         INFO     Skipping 18739
11:13:04 root         INFO     Skipping 30378
11:13:04 root         INFO     Skipping 21
11:13:04 root         INFO     Skipping 24169
11:13:04 root         INFO     Skipping 27616
11:13:04 root         INFO     Skipping 546
11:13:04 root         INFO     Skipping 125
11:13:04 root         INFO     Skipping 432
11:13:04 root         INFO     Skipping 23572
11:13:04 root         INFO     Skipping 1
11:13:04 root         INFO     Skipping 10
11:13:04 root         INFO     Skipping 106
11:13:04 root         INFO     Skipping 804
11:13:04 root         INFO     Skipping 697
11:13:04 root         INFO     Skipping 37667
11:13:04 root         INFO     Skipping 24234
11:13:04 root         INFO     Skipping 34781
11:13:04 root         INFO     Skipping 44
11:13:04 root         INFO     Skipping 2434
11:13:04 root         INFO     Skipping 7307
11:13:04 root         INFO     Skipping 7280
11:13:04 root         INFO     Skipping 14197
11:13:04 root         INFO     Skipping 6929
11:13:04 root         INFO     Skipping 24223
11:13:04 root         INFO     Skipping 30412
11:13:04 root         INFO     Skipping 21230
11:13:04 root         INFO     Skipping 7124
11:13:04 root         INFO     Skipping 7516
11:13:04 root         INFO     Skipping 9231
11:13:04 root         INFO     Skipping 13222
11:13:04 root         INFO     Skipping 24928
11:13:04 root         INFO     Skipping 14466
11:13:04 root         INFO     Skipping 19685
11:13:04 root         INFO     Skipping 14008
11:13:04 root         INFO     Skipping 20480
11:13:04 root         INFO     Skipping 7126
11:13:04 root         INFO     Skipping 15792
11:13:04 root         INFO     Skipping 27571
11:13:04 root         INFO     Skipping 19109
11:13:04 root         INFO     Skipping 14066
11:13:04 root         INFO     Skipping 7103
11:13:04 root         INFO     Skipping 13479
11:13:04 root         INFO     Skipping 13475
11:13:04 root         INFO     Skipping 24237
11:13:04 root         INFO     Skipping 28365
11:13:04 root         INFO     Skipping 7118
11:13:04 root         INFO     Skipping 19909
11:13:04 root         INFO     Skipping 13664
11:13:04 root         INFO     Skipping 13467
11:13:04 root         INFO     Skipping 18743
11:13:04 root         INFO     Skipping 19881
11:13:04 root         INFO     Skipping 6970
11:13:04 root         INFO     Skipping 7286
11:13:04 root         INFO     Skipping 14047
11:13:04 root         INFO     Skipping 35569
11:13:04 root         INFO     Skipping 37741
11:13:04 root         INFO     Skipping 37697
11:13:04 root         INFO     Skipping 1453
11:13:04 root         INFO     Skipping 18818
11:13:04 root         INFO     Skipping 37745
11:13:04 root         INFO     Skipping 18836
11:13:04 root         INFO     Skipping 37441
11:13:04 root         INFO     Skipping 24207
11:13:04 root         INFO     Skipping 1483
11:13:04 root         INFO     Skipping 30395
11:13:04 root         INFO     Skipping 30432
11:13:04 root         INFO     Skipping 36969
11:13:04 root         INFO     Skipping 21533
11:13:04 root         INFO     Skipping 1352
11:13:04 root         INFO     Skipping 30390
11:13:04 root         INFO     Skipping 1149
11:13:04 root         INFO     Skipping 24202
11:13:04 root         INFO     Skipping 30389
11:13:04 root         INFO     Skipping 15891
11:13:04 root         INFO     Skipping 14488
11:13:04 root         INFO     Skipping 30528
11:13:04 root         INFO     Skipping 27597
11:13:04 root         INFO     Skipping 37737
11:13:04 root         INFO     Skipping 1557
11:13:04 root         INFO     Skipping 27609
11:13:04 root         INFO     Skipping 900
11:13:04 root         INFO     Skipping 21527
11:13:04 root         INFO     Skipping 1479
11:13:04 root         INFO     Skipping 30387
11:13:04 root         INFO     Skipping 980
11:13:04 root         INFO     Skipping 37703
11:13:04 root         INFO     Skipping 15304
11:13:04 root         INFO     Skipping 14781
11:13:04 root         INFO     Skipping 15528
11:13:04 root         INFO     Skipping 25120
11:13:04 root         INFO     Skipping 33803
11:13:04 root         INFO     Skipping 20476
11:13:04 root         INFO     Skipping 27502
11:13:04 root         INFO     Skipping 13456
11:13:04 root         INFO     Skipping 27390
11:13:04 root         INFO     Skipping 15813
11:13:04 root         INFO     Skipping 7320
11:13:04 root         INFO     Skipping 20668
11:13:04 root         INFO     Skipping 38937
11:13:04 root         INFO     Skipping 37417
11:13:04 root         INFO     Skipping 13038
11:13:04 root         INFO     Skipping 6932
11:13:04 root         INFO     Skipping 14978
11:13:04 root         INFO     Skipping 17045
11:13:04 root         INFO     Skipping 22385
11:13:04 root         INFO     Skipping 7853
11:13:04 root         INFO     Skipping 14026
11:13:04 root         INFO     Skipping 14923
11:13:04 root         INFO     Skipping 7288
11:13:04 root         INFO     Skipping 7538
11:13:04 root         INFO     Skipping 13451
11:13:04 root         INFO     Skipping 25009
11:13:04 root         INFO     Skipping 9452
11:13:04 root         INFO     Skipping 20118
11:13:04 root         INFO     Skipping 20475
11:13:04 root         INFO     Skipping 14602
11:13:04 root         INFO     Skipping 7291
11:13:04 root         INFO     Skipping 13457
11:13:04 root         INFO     Skipping 7345
11:13:04 root         INFO     Skipping 35752
11:13:04 root         INFO     Skipping 31489
11:13:04 root         INFO     Skipping 15674
11:13:04 root         INFO     Skipping 31189
11:13:04 root         INFO     Skipping 20084
11:13:04 root         INFO     Skipping 16020
11:13:04 root         INFO     Skipping 2009
11:13:04 root         INFO     Skipping 1773
11:13:04 root         INFO     Skipping 7337
11:13:04 root         INFO     Skipping 14910
11:13:04 root         INFO     Skipping 7339
11:13:04 root         INFO     Skipping 24976
11:13:04 root         INFO     Skipping 30360
11:13:04 root         INFO     Skipping 24315
11:13:04 root         INFO     Skipping 30361
11:13:04 root         INFO     Skipping 30358
11:13:04 root         INFO     Skipping 37191
11:13:04 root         INFO     Skipping 3129
11:13:04 root         INFO     Skipping 3052
11:13:04 root         INFO     Skipping 37932
11:13:04 root         INFO     Skipping 3125
11:13:04 root         INFO     Skipping 3109
11:13:04 root         INFO     Skipping 20056
11:13:04 root         INFO     Skipping 37778
11:13:04 root         INFO     Skipping 35587
11:13:04 root         INFO     Skipping 28452
11:13:04 root         INFO     Skipping 3320
11:13:04 root         INFO     Skipping 30367
11:13:04 root         INFO     Skipping 3048
11:13:04 root         INFO     Skipping 3072
11:13:04 root         INFO     Skipping 38049
11:13:04 root         INFO     Skipping 30366
11:13:04 root         INFO     Skipping 30368
11:13:04 root         INFO     Skipping 27956
11:13:04 root         INFO     Skipping 15709
11:13:04 root         INFO     Skipping 38047
11:13:04 root         INFO     Skipping 3137
11:13:04 root         INFO     Skipping 3085
11:13:04 root         INFO     Skipping 2042
11:13:04 root         INFO     Skipping 3064
11:13:04 root         INFO     Skipping 3286
11:13:04 root         INFO     Skipping 30362
11:13:04 root         INFO     Skipping 3309
11:13:04 root         INFO     Skipping 37826
11:13:04 root         INFO     Skipping 4972
11:13:04 root         INFO     Skipping 15790
11:13:04 root         INFO     Skipping 18747
11:13:04 root         INFO     Skipping 22401
11:13:04 root         INFO     Skipping 18711
11:13:04 root         INFO     Skipping 3123
11:13:04 root         INFO     Skipping 3296
11:13:04 root         INFO     Skipping 30617
11:13:04 root         INFO     Skipping 19614
11:13:04 root         INFO     Skipping 23295
11:13:04 root         INFO     Skipping 35818
11:13:04 root         INFO     Skipping 7531
11:13:04 root         INFO     Skipping 19559
11:13:04 root         INFO     Skipping 26784
11:13:04 root         INFO     Skipping 25775
11:13:04 root         INFO     Skipping 27321
11:13:04 root         INFO     Skipping 7234
11:13:04 root         INFO     Skipping 6914
11:13:04 root         INFO     Skipping 38455
11:13:04 root         INFO     Skipping 18113
11:13:04 root         INFO     Skipping 39880
11:13:04 root         INFO     Skipping 22565
11:13:04 root         INFO     Skipping 27877
11:13:04 root         INFO     Skipping 23176
11:13:04 root         INFO     Skipping 20510
11:13:04 root         INFO     Skipping 22316
11:13:04 root         INFO     Skipping 20813
11:13:04 root         INFO     Skipping 21209
11:13:04 root         INFO     Skipping 17932
11:13:04 root         INFO     Skipping 6002
11:13:04 root         INFO     Skipping 2505
11:13:04 root         INFO     Skipping 2000
11:13:04 root         INFO     Skipping 38458
11:13:04 root         INFO     Skipping 23099
11:13:04 root         INFO     Skipping 18560
11:13:04 root         INFO     Skipping 13255
11:13:04 root         INFO     Skipping 20676
11:13:04 root         INFO     Skipping 25743
11:13:04 root         INFO     Skipping 17989
11:13:04 root         INFO     Skipping 21452
11:13:04 root         INFO     Skipping 17224
11:13:04 root         INFO     Skipping 25875
11:13:04 root         INFO     Skipping 3486
11:13:04 root         INFO     Skipping 15377
11:13:04 root         INFO     Skipping 3418
11:13:04 root         INFO     Skipping 3492
11:13:04 root         INFO     Skipping 17990
11:13:04 root         INFO     Skipping 27184
11:13:04 root         INFO     Skipping 39590
11:13:04 root         INFO     Skipping 30767
11:13:04 root         INFO     Skipping 15022
11:13:04 root         INFO     Skipping 21452
11:13:04 root         INFO     Skipping 37309
11:13:04 root         INFO     Skipping 25730
11:13:04 root         INFO     Skipping 18418
11:13:04 root         INFO     Skipping 17928
11:13:04 root         INFO     Skipping 13173
11:13:04 root         INFO     Skipping 17987
11:13:04 root         INFO     Skipping 33659
11:13:04 root         INFO     Skipping 17978
11:13:04 root         INFO     Skipping 30572
11:13:04 root         INFO     Skipping 19068
11:13:04 root         INFO     Skipping 13174
11:13:05 root         INFO     Driver opened url https://www.circana.com/intelligence/category/press-releases/: 0.5 second load started
11:13:06 root         INFO     Driver opened url https://www.circana.com/intelligence/press-releases/2025/global-toy-sales-stabilize-in-2024-collectibles-fan-favorites-and-smart-spending-shape-the-market/: 0.5 second load started
11:13:06 root         DEBUG    Titles: Global Toy Sales Stabilize in 2024: Collectibles, Fan Favorites, and Smart Spending Shape the Market
11:13:06 root         DEBUG    Dates: 2025-01-30
11:13:06 root         DEBUG    Desc: ##  Birth rate slump is no match for “kidult” buyers 

PARIS, January 30, 2025  –  Circana  ™, a leading advisor on the complexity of consumer behavior, today announced the 2024 toy sales performance results across 12 global markets (G12), including Australia, Belgium, Brazil, Canada, France, Germany, Italy, Mexico, Netherlands, Spain, United Kingdom, and the United States. Across the G12, sales declined by 0.6% in 2024, versus 2023, according to Circana’s Retail Tracking Service. 

In 2024, the average selling price was flat year-over-year (-0.2%), following four consecutive years of growth. Five of the 11 toys supercategories tracked by Circana experienced a year-over-year dollar sales increase within the G12. Building sets grew for the fifth consecutive year and captured the top spot in terms of both sales and growth, up 14%. Explorative and other toys also grew, by 5%, and sales of vehicles increased by 3%. The plush and games and puzzles segments each increased sales by 1%. 

In a year with fewer blockbuster films,  licensed  toy sales grew 8% and accounted for 34% of the total toy market. These positive results highlight both the continued appeal of new and evergreen, or sometimes nostalgia-based franchises, as well as sports-driven merchandise in driving sales. Pokémon retained its crown as the top-selling toy property globally, followed by familiar classics like Barbie, Marvel Universe, Hot Wheels, and Star Wars. Notably, LEGO Botanicals emerged as the top gaining property, reflecting the trend towards toys targeted at  adult consumers  , tapping into the mindfulness trend and toys for better mental health. 

Sales of  collectible  toys grew almost 5% to represent 18% of overall volumes and 15% of value sales. On-trend small collectibles figures, trading card games, and plush toys fueled sales year-round thanks to some manufacturers refreshing product lines to appeal to fans of  all ages  . 

“Toys sales in 2024 reflect a strong contrast in consumer behavior – between shoppers making very rational decisions, buying on deals and on an as needed basis, whilst at the same time clearly indulging on feel-good toys to fuel their fandom or to give themselves some respite,” said  Frédérique Tutt, global toys industry advisor at Circana  . “Sales of collectible toys have never been as high as in 2024.” 

U.S. toy market snapshot 

Looking at the U.S. market specifically, which accounts for more than half of toy sales across the G12, year-over-year dollar sales were flat, slightly outperforming the G12 with sales down 0.3%. Decline rates across dollars and units have slowed substantially compared to the big drop in 2023 when dollars declined by 7%. 

In 2024, three of the 11 supercategories posted dollar growth in the U.S. In line with the G12, building sets was the fastest-growing, up 16%, driven by LEGO Botanicals. Sales of explorative and other toys grew by 10%, led by NBA, and vehicles increased by 2% driven by Monster Jam. 

“Toy sales experienced stabilization in 2024 as the industry moved from a state of correction to consistency,” said  Juli Lennett, U.S. toys industry advisor at Circana  . “Stabilizing tailwinds including growth in the adult toy market helped balance out the headwinds including higher grocery prices and rising consumer debt. In 2025, I expect we will see the toy industry move from consistency to creativity; we have a stronger lineup of highly anticipated toyetic movies coming in 2025 and 2026 to stimulate growth for the industry.” 

“This year we expect the global toy market to be positively impacted by the box office and popular series’ on streaming platforms, continuing to fuel young and mature consumer appetites for toys and collectible merchandise,” said Tutt. “These factors should help make up for the declining birth rates across most regions and economic uncertainty impacting consumers’ spending mindset.” 

Press Contacts 

Marissa Guyduy    
Senior Manager, Public Relations   
Circana   
marissa.guyduy@circana.com 

Nikki Alvey   
Eureka Comms   
Nikki@eurekacomms.co.uk    
Tel: +44 (0)7973 354 706 

  


Subscribe for News Alerts 

* * *

About Circana    
Circana is a leading advisor on the complexity of consumer behavior. Through superior technology, advanced analytics, cross-industry data, and deep expertise, we provide clarity that helps almost 7,000 of the world’s leading brands and retailers take action and unlock business growth. We understand more about the complete consumer, the complete store, and the complete wallet so our clients can go beyond the data to apply insights, ignite innovation, meet consumer demand, and outpace the competition. Learn more at  www.circana.com  . 

  


Related Content 

Toys 

January 29, 2025 

###  Circana Announces its Annual Global Toy Industry Performance Award Winners 

Toys 

November 14, 2024 

###  Toying with tradition: Nostalgic kidults fuel £1bn surge as UK gears up for record Christmas sales 

Media Entertainment 

November 7, 2024 

###  US Toy Industry Takes More Steps Towards Stability Through the Third Quarter, Circana Reports 

11:13:06 root         DEBUG    Agency_id 30040
11:13:06 root         DEBUG    Article Link: https://www.circana.com/intelligence/press-releases/2025/global-toy-sales-stabilize-in-2024-collectibles-fan-favorites-and-smart-spending-shape-the-market/
11:13:06 root         INFO     LEDE: [testlede] month: [Jan.] day: [30]
11:13:06 root         INFO     
ADDING: FILENAME: [testfilename the Market] TITLE: [Global Toy Sales Stabilize in 2024: Collectibles, Fan Favorites, and Smart Spending Shape the Market] DATE: [2025-01-30] ID [30040]

11:13:07 root         INFO     Driver opened url https://www.circana.com/intelligence/press-releases/2025/circana-and-yougov-collaborate-to-integrate-pos-and-consumer-data-delivering-unprecedented-market-insights/: 0.5 second load started
11:13:07 root         DEBUG    Titles: Circana and YouGov Collaborate to Integrate POS and Consumer Data, Delivering Unprecedented Market Insights
11:13:07 root         DEBUG    Dates: 2025-01-29
11:13:07 root         DEBUG    Desc: ##  Expanded partnership draws on two expansive, unique, consumer data sets to offer unprecedented market insights in Germany, Italy and The Netherlands. 

Circana, a leading advisor on the complexity of consumer behaviour, and YouGov, the international market research and data analytics group, are proud to announce the next step in their strategic partnership by further integrating their unprecedented datasets for the benefit of their clients in Germany, Italy and The Netherlands. 

This collaboration brings together two expansive, unique datasets to deliver deeper, more actionable insights into global market dynamics and consumer behaviour and empowers clients to better understand and anticipate evolving consumer needs, with a comprehensive view of the marketplace. Together, the companies aim to set a new benchmark for how data can be leveraged to unlock growth opportunities across industries. 

In August 2024, YouGov  announced the development of “SimIT Web”  powered by  Circana’s Liquid Data technology platform  . This new step, bringing both leading datasets together for the German, Italian, and Dutch markets, demonstrates the power of the partnership. 

“This international partnership gives our mutual clients in Germany, Italy and The Netherlands a unique view and an extra competitive edge,” said Jeremy Allen, Chief Commercial Officer at Circana. “Combining Circana’s real-time POS insights with YouGov’s Shopper Intelligence data enables clients to transform category management as it currently stands.” 

Key benefits of the integration of datasets from Circana and YouGov include the following: 

  * Enhanced Market Intelligence: By integrating POS data with longitudinal consumer behavior insights, businesses can identify emerging trends and market shifts with greater precision. 
  * Sharper Insights: Easier and more efficient access to the “why” behind the “what”, linking purchase data with attitudes, preferences, and other key behavioral drivers. 
  * Streamlined Access to Data: Clients will benefit from unified reporting tools and dashboards, simplifying decision-making processes. 
  * Improved Consulting Power: With consulting teams from both Circana and YouGov collaborating for clients, equipped with aligned, high-quality data, businesses will gain tailored solutions that address their unique challenges. 



‘’By combining YouGov’s best in class purchasing data with Circana’s in-depth point of sale data, we’re empowering our customers by providing them with the clearest view of reality,” said Stefan Heremans, Chief Transformation Officer and President CPS at YouGov. “The expansion of our Circana partnership will position our clients to make smarter, faster decisions based on the most comprehensive data available.’’ 

This new dimension in the partnership reflects both companies’ commitment to innovation and excellence in delivering data-driven solutions. It addresses the challenges and opportunities of a rapidly evolving marketplace, transforming the landscape of the FMCG and retail industries. 

About YouGov    
YouGov provides detailed shopper insights for brands, retailers, and manufacturers. Our quality panel and survey data reveal customer motivations, behaviors, and patterns. Shopper Intelligence solutions are backed by 60+ years of market research data, millions of purchase acts, and SKU-level data. We track shopper behavior over time in 1,500+ retail spaces and 130,000+ households across 18 European countries. Our experts analyze this data to help FMCG and retail brands understand their customers. With YouGov, you can enhance customer experiences at every stage of the purchase journey 

YouGov /Research Reality    
For further information, visitbusiness.yougov.com    
Explore more  Shopper Intelligence    
Learn about  the acquisition of Consumer Panel Services GfK  by the  YouGov group 

Media Contact  : 

YouGov – Andrew Farmer, Global Editor, YouGov    
Email:  andrew.farmer@yougov.com 

Circana – Nikki Alvey at Eureka Communications    
Tel: +44 (0)1420 564346   
Email:  nikki@eurekacomms.co.uk  ,  circana@eurekacomms.co.uk 

  


Subscribe for News Alerts 

* * *

About Circana    
Circana is a leading advisor on the complexity of consumer behavior. Through superior technology, advanced analytics, cross-industry data, and deep expertise, we provide clarity that helps almost 7,000 of the world’s leading brands and retailers take action and unlock business growth. We understand more about the complete consumer, the complete store, and the complete wallet so our clients can go beyond the data to apply insights, ignite innovation, meet consumer demand, and outpace the competition. Learn more at  www.circana.com  . 

  


11:13:07 root         DEBUG    Agency_id 30040
11:13:07 root         DEBUG    Article Link: https://www.circana.com/intelligence/press-releases/2025/circana-and-yougov-collaborate-to-integrate-pos-and-consumer-data-delivering-unprecedented-market-insights/
11:13:07 root         INFO     LEDE: [testlede] month: [Jan.] day: [29]
11:13:07 root         INFO     
ADDING: FILENAME: [testfilename t Insights] TITLE: [Circana and YouGov Collaborate to Integrate POS and Consumer Data, Delivering Unprecedented Market Insights] DATE: [2025-01-29] ID [30040]

11:13:07 root         INFO     Driver opened url https://www.circana.com/intelligence/press-releases/2025/circana-announces-its-annual-global-toy-industry-performance-award-winners-2/: 0.5 second load started
11:13:08 root         DEBUG    Titles: Circana Announces its Annual Global Toy Industry Performance Award Winners
11:13:08 root         DEBUG    Dates: 2025-01-29
11:13:08 root         DEBUG    Desc: ##  The awards recognize the top selling toys, properties, and manufacturers across the United States, Europe, Canada, Brazil, and Mexico 

CHICAGO, January 29, 2025  –  Circana  ™, a leading advisor on the complexity of consumer behavior, today announced the winners of its 14  th  annual Toy Industry Performance Awards. The awards recognize the best-selling and top gaining toys, properties, and manufacturers based on 2024 sales globally* and in the U.S., Europe, Canada, Brazil, and Mexico, according to Circana’s Retail Tracking Service. 

“It is exciting to once again recognize the toy industry’s top performers and shine a light on those leading our industry – whether they be brand new products or evergreen properties standing the test of time,” said Ricardo Solar, EVP of Entertainment at Circana. “These awards recognize achievements and unique successes in an increasingly competitive and challenged retail environment. We congratulate all this year’s award winners and wish them, and the entire toy industry, a prosperous 2025.” 

Global Toy Manufacturer of the Year   
The LEGO Group   
  
Global Top Toy Property of the Year   
Property  Manufacturer   
Pokémon  The Pokémon Company   
  
Global Top Selling Toy of the Year   
Item  Manufacturer   
Hot Wheels Singles 1:64 Assortment  Mattel   
  
US Top Selling Property of the Year   
Property  Manufacturer   
Pokémon  The Pokémon Company   
  
US Top Selling Toy of the Year   
Item  Manufacturer   
Hot Wheels Singles 1:64 Assortment  Mattel   
  
US Top Selling Toy by Supercategory   
Supercategory  Item  Manufacturer   
Action Figures and Accessories  Godzilla vs Kong the New Empire Figure 6\u2033 Assortment  Playmates Toys   
Arts and Crafts  Play-Doh Classic Colors Theme Assortment  Hasbro   
Building Sets  Botanicals Bouquet of Roses  The LEGO Group   
Dolls  Barbie Dreamhouse  Mattel   
Explorative and Other Toys  Miniverse Make It Mini Food Diner Minis Assortment  MGA Entertainment   
Games and Puzzles  UNO Card Game Assortment  Mattel   
Infant, Toddler, and Preschool Toys  Fisher-Price Kick and Play Piano Gym Mat Assortment  Mattel   
Outdoor and Sports Toys  Bunch O Balloons 3 Pack  Zuru   
Plush  Squishmallows Plush 8\u2033 Assortment  Jazwares   
Vehicles  Hot Wheels Singles 1:64 Assortment  Mattel   
Youth Electronics  Bitzee Interactive Digital Pet and Case with 15 Animals  Spin Master   
  
Europe’s Top Gaining Toy Property of the Year**   
Property  Manufacturer   
LEGO Botanicals  The LEGO Group   
  
Europe’s Top Gaining Toy Property by Supercategory**   
Supercategory  Property  Manufacturer or Licensor   
Action Figures and Accessories  MrBeast Lab  Moose Toys   
Arts and Crafts  Idea  Clementoni   
Building Sets  LEGO Botanicals  The LEGO Group   
Dolls  Monster High  Mattel   
Explorative and Other Toys  Miniverse  MGA Entertainment   
Games and Puzzles  Hitster  Jumbo   
Infant, Toddler, and Preschool Toys  Toniebox  Tonies   
Outdoor  Smart Ball  Golden Bear   
Plush  Lilo & Stitch  Disney   
Vehicles  Hot Wheels  Mattel   
Youth Electronics  Bitzee  Spin Master   
  
Canada’s Top Toy Property of the Year   
Property  Manufacturer   
Pokémon  The Pokémon Company   
  
  
  
  
Canada’s Top Selling Toy of the Year   
Item  Manufacturer   
Hot Wheels Singles 1:64 Assortment  Mattel   
  
Canada’s Top Selling Toy by Supercategory   
Supercategory  Item  Manufacturer   
Action Figures and Accessories  Beyblade X Xtreme Battle Set  Hasbro   
Arts and Crafts  Play-Doh Single Tub  Hasbro   
Building Sets  Botanicals Bouquet of Roses  The LEGO Group   
Dolls  Barbie Dreamhouse  Mattel   
Explorative and Other Toys  Little Tikes Story Dream Machine  MGA Entertainment   
Games and Puzzles  Pokémon Scarlet and Violet 151 Ultra Premium Collection  The Pokémon Company   
Infant, Toddler, and Preschool Toys  Fisher-Price Kick and Play Piano Gym Mat Assortment  Mattel   
Outdoor and Sports Toys  Little Tikes Easy Store 3 Ft Trampoline  MGA Entertainment   
Plush  Squishmallows Plush 12\u2033 Assortment  Jazwares   
Vehicles  Hot Wheels Singles 1:64 Assortment  Mattel   
Youth Electronics  Bitzee Interactive Digital Pet and Case with 15 Animals Assortment  Spin Master   
  
Brazil’s Top Toy Property of the Year   
Property  Manufacturer   
Hot Wheels  Mattel   
  
  
  
Brazil’s Top Selling Toy of the Year   
Item  Manufacturer   
Hot Wheels Singles 1:64 Assortment  Mattel   
  
Brazil’s Top Selling Toy by Supercategory   
Supercategory  Item  Manufacturer   
Action Figures and Accessories  Avengers Olympus 9.5\u2033 Assortment  Hasbro   
Arts and Crafts  Play-Doh Drill N Fill Dentist  Hasbro   
Building Sets  Icons McLaren MP4/4 and Ayrton Senna  The LEGO Group   
Dolls  Barbie Dreamhouse  Mattel   
Explorative and Other Toys  Splats Head 11 cm Assortment  Sunny Brinquedos   
Games and Puzzles  Cara A Cara  Estrela   
Infant, Toddler, and Preschool Toys  Paw Patrol Vehicle with Collectible Figure Assortment  Sunny Brinquedos   
Outdoor and Sports Toys  Quad Bike and Pedal Spider Assortment  Maral   
Plush  Paw Patrol Skye Plush 30cm  Sunny Brinquedos   
Vehicles  Hot Wheels Singles 1:64 Assortment  Mattel   
Youth Electronics  Bitzee Interactive Digital Pet and Case with 15 Animals  Sunny Brinquedos   
  
Mexico’s Top Gaining Toy Property of the Year**   
Property  Manufacturer   
Bluey  Bandai   
  
Mexico’s Top Gaining Toy Property by Supercategory**   
Supercategory  Property  Manufacturer or Licensor   
Action Figures and Accessories  Sonic the Hedgehog  JAKKS Pacific   
Arts and Crafts  Mi Alegría  Algara   
Building Sets  LEGO Botanicals  The LEGO Group   
Dolls  Sylvanian Families/Calico Critters  Epoch   
Explorative and Other Toys  Miniverse  MGA Entertainment   
Games and Puzzles  Basta!  Fotorama   
Infant, Toddler, and Preschool Toys  Bluey  Bandai   
Outdoor and Sports Toys  X-Shot  Zuru   
Plush  Squishmallows  Jazwares   
Vehicles  Hot Wheels  Mattel   
Youth Electronics  Peppa Pig  Hasbro   
  
Source: Circana, Retail Tracking Service, Value Sales, January-December 2024    
*Global includes Australia, Belgium, Brazil, Canada, France, Germany, Italy, Mexico, Netherlands, Spain, United Kingdom, and the United States    
**Properties with the largest increases in value sales 

  


Subscribe for News Alerts 

* * *

About Circana    
Circana is a leading advisor on the complexity of consumer behavior. Through superior technology, advanced analytics, cross-industry data, and deep expertise, we provide clarity that helps almost 7,000 of the world’s leading brands and retailers take action and unlock business growth. We understand more about the complete consumer, the complete store, and the complete wallet so our clients can go beyond the data to apply insights, ignite innovation, meet consumer demand, and outpace the competition. Learn more at  www.circana.com  . 

  


* * *

###  Press Contact 

####  Marissa Guyduy 

marissa.guyduy@c  ircana.com    
Manager, Public Relations   
Circana (formerly IRI and NPD) 

Related Content 

Toys 

January 30, 2025 

###  Global Toy Sales Stabilize in 2024: Collectibles, Fan Favorites, and Smart Spending Shape the Market 

Toys 

November 14, 2024 

###  Toying with tradition: Nostalgic kidults fuel £1bn surge as UK gears up for record Christmas sales 

Media Entertainment 

November 7, 2024 

###  US Toy Industry Takes More Steps Towards Stability Through the Third Quarter, Circana Reports 

11:13:08 root         DEBUG    Agency_id 30040
11:13:08 root         DEBUG    Article Link: https://www.circana.com/intelligence/press-releases/2025/circana-announces-its-annual-global-toy-industry-performance-award-winners-2/
11:13:08 root         INFO     LEDE: [testlede] month: [Jan.] day: [29]
11:13:08 root         INFO     
ADDING: FILENAME: [testfilename rd Winners] TITLE: [Circana Announces its Annual Global Toy Industry Performance Award Winners] DATE: [2025-01-29] ID [30040]

11:13:10 root         INFO     Driver opened url https://www.circana.com/intelligence/press-releases/2025/consumers-take-a-new-years-respite-from-spending-following-last-minute-holiday-lift-reports-circana/: 0.5 second load started
11:13:11 root         DEBUG    Titles: Consumers Take a New Year's Respite from Spending Following Last-Minute Holiday Lift, Reports Circana
11:13:11 root         DEBUG    Dates: 2025-01-27
11:13:11 root         DEBUG    Desc: ##  2024 concluded with 2% growth in both holiday discretionary spending and total retail spending for the year 

CHICAGO, January 27, 2025 — The U.S. consumer showed up for holiday shopping in a big way in the final weeks of 2024, but returned to their pre-holiday spending behavior once the festivities ended and new distractions emerged. In the combined five weeks ending January 4, 2025, there was a 9% increase in discretionary retail dollar sales and 5% growth in unit demand compared to the same period a year ago, according to  Circana  ™, a leading advisor on the complexity of consumer behavior. This December growth was partly a result of the shift of Cyber Week to December from the November timing in 2023, just one example of shifts in the calendar impacting year-over-year performance comparisons during the season. 

The final results of the core U.S.  holiday shopping  season, beginning with Black Friday and carrying through the end of the year, was 2% dollar growth and a 1% increase in unit sales for discretionary general merchandise. Total retail sales for the year, including discretionary general merchandise, retail food and beverage, and non-edible consumer packaged goods (CPG), also grew 2% in dollars and 1% in units. 

“Economic concerns kept consumers focused on needs, and the U.S. presidential election distracted them from early season spending. Then, calendar shifts created an abbreviated shopping period between Thanksgiving and Christmas that renewed a sense of urgency that spilled into the additional last-minute shopping days after Super Saturday,” said  Marshal Cohen, chief retail industry advisor for Circana  . “Ultimately, the resiliency of the consumer remained strong and resulted in the moderate growth anticipated at the season’s start.” 

Discretionary spending quickly shifted back to the established baseline performance in January as consumers resumed their focus on needs and value. During the combined weeks ending January 11 and 18, discretionary spending was flat compared to the prior year. Major environmental events impacting the country, from a widespread winter storm and extreme cold to the Southern California wildfires, are also impacting retail. Unit demand was up 1% during the first two full weeks of the year.  Retail  spending on food and CPG products remains elevated over last year with unchanged demand. 

“Consumers are taking a post-holiday spending respite, still facing higher prices on non-discretionary items, while also dealing with a new set of distractions,” added Cohen. “The consumer resiliency demonstrated by Holiday 2024 and the year’s overall retail results are a good sign for retail, but marketers need to be prepared for inevitable distractions that will impact the types of products purchased and the timing of spending as consumers continue to prioritize purchases around immediate need.” 

  


Subscribe for News Alerts 

* * *

About Circana    
Circana is a leading advisor on the complexity of consumer behavior. Through superior technology, advanced analytics, cross-industry data, and deep expertise, we provide clarity that helps almost 7,000 of the world’s leading brands and retailers take action and unlock business growth. We understand more about the complete consumer, the complete store, and the complete wallet so our clients can go beyond the data to apply insights, ignite innovation, meet consumer demand, and outpace the competition. Learn more at  www.circana.com  . 

  


* * *

###  Press Contact 

####  Janine Marshall 

janine.marshall@circana.com 

Related Content 

Retail 

December 19, 2024 

###  Holiday 2024 Retail Sales Are Not as Strong as Portrayed by Black Friday and Cyber Monday, Reports Circana 

Consumer Technology 

December 19, 2024 

###  Black Friday and Cyber Monday Technology Sales Grow 4% as Holiday Season Sales Start Strong, Reports Circana 

Retail 

December 5, 2024 

###  Elevate Your Inventory Management with Supply Chain Data 

11:13:11 root         DEBUG    Agency_id 30040
11:13:11 root         DEBUG    Article Link: https://www.circana.com/intelligence/press-releases/2025/consumers-take-a-new-years-respite-from-spending-following-last-minute-holiday-lift-reports-circana/
11:13:11 root         INFO     LEDE: [testlede] month: [Jan.] day: [27]
11:13:11 root         INFO     
ADDING: FILENAME: [testfilename ts Circana] TITLE: [Consumers Take a New Year's Respite from Spending Following Last-Minute Holiday Lift, Reports Circana] DATE: [2025-01-27] ID [30040]

11:13:11 root         INFO     Driver opened url https://www.circana.com/intelligence/press-releases/2025/circana-welcomes-18-new-participants-to-its-diversity-advantage-program/: 0.5 second load started
11:13:12 root         DEBUG    Titles: Circana Welcomes 18 New Participants to Its Diversity Advantage Program
11:13:12 root         DEBUG    Dates: 2025-01-21
11:13:12 root         DEBUG    Desc: CHICAGO — Jan. 21, 2025  —  Circana  ™, a leading advisor on the complexity of consumer behavior, today announced the launch of the fourth cohort of its Diversity Advantage Program (DAP). Designed to empower minority- and women-owned businesses, the program provides access to valuable consumer data, expert coaching, and consulting services to help these businesses achieve growth and long-term success. 

The fourth cohort of the DAP includes 18 businesses within the consumer packaged goods and general merchandise industries, marking a total of 81 participants known as “DAPers” since the program inception. Each DAPer gains free access to Circana’s  Liquid Data Go™  platform and  Liquid Data Collaborate™  platforms, as well as legal support and exclusive DAP Masterclass Workshops that focus on training for essential business soft skills and knowledge. 

“The results we’ve seen diverse-owned businesses achieve through DAP over the past four years inspire us and make us proud to collaborate with them on their growth journeys,” said Boris Oglesby, executive vice president and practice leader, Circana. “Each DAPer brings a unique story and ambition, and supporting them in breaking barriers and reaching their goals is a privilege. We’re excited to welcome this new cohort and look forward to all they will accomplish.” 

New participants in Circana’s Diversity Advantage Program include: 

  * Azteca Bakeries 
  * BeautyStat 
  * Carmichael’s Honey 
  * Fashion Fair 
  * Luv Yu Bakery 
  * Mas Panadas 
  * Michele’s Granola 
  * Mingle Mocktails 
  * MyTagAlongs 
  * Nilo Brands 
  * Painterland Sisters 
  * RollinGreens 
  * Sanzo 
  * Seattle Chocolate Company 
  * Shaw’s Ice Cream 
  * St. Jean’s Cannery 
  * Superfoodio 
  * Tayion Collection   




As the program enters its fourth year, DAP is supported by more than 225 Circana employees in the United States, Canada, and the United Kingdom, who contribute over 15,000 hours annually to support participants. The program is strengthened by collaboration with additional retailer partners, including Sobey’s Canada, Kohl’s, and Macy’s. Circana selects program participants from businesses accredited by the Women’s Business Enterprise National Council and the National Minority Suppliers Development Council, as well as those recommended by retailers with their own diversity supplier programs. 

To be eligible to participate in Circana’s  Diversity Advantage Program  , companies must have annual sales between $1 million and $25 million and can be recommended by a participating retailer. For more details about the program and information on how to apply, interested parties can contact  DAP@circana.com  . 

  


Subscribe for News Alerts 

* * *

About Circana    
Circana is a leading advisor on the complexity of consumer behavior. Through superior technology, advanced analytics, cross-industry data, and deep expertise, we provide clarity that helps almost 7,000 of the world’s leading brands and retailers take action and unlock business growth. We understand more about the complete consumer, the complete store, and the complete wallet so our clients can go beyond the data to apply insights, ignite innovation, meet consumer demand, and outpace the competition. Learn more at  www.circana.com  . 

  


* * *

###  Press Contact 

####  Shelley Hughes 

Email:  shelley.hughes@circana.com    
312-731-1782 

Related Content 

Corporate Release 

November 25, 2024 

###  Circana Announces Leadership Transition: Stuart Aitken Named President and CEO, Succeeding Kirk Perry 

Corporate Release 

November 21, 2024 

###  SPAR International and Circana Global Partnership To Deliver Curated Data Insights 

Corporate Release 

October 8, 2024 

###  Circana Expands Receipt Panel to 175,000 Static Participants, Making it the Largest U.S. Omnichannel Purchase Panel in the Market Research Industry 

11:13:12 root         DEBUG    Agency_id 30040
11:13:12 root         DEBUG    Article Link: https://www.circana.com/intelligence/press-releases/2025/circana-welcomes-18-new-participants-to-its-diversity-advantage-program/
11:13:12 root         INFO     LEDE: [testlede] month: [Jan.] day: [21]
11:13:12 root         INFO     
ADDING: FILENAME: [testfilename ge Program] TITLE: [Circana Welcomes 18 New Participants to Its Diversity Advantage Program] DATE: [2025-01-21] ID [30040]

11:13:14 root         INFO     Driver opened url https://www.circana.com/intelligence/press-releases/2025/circana-sales-lift-solution-now-measures-youtube-video-reach-and-video-view-campaigns/: 0.5 second load started
11:13:15 root         DEBUG    Titles: Circana Sales Lift Solution Now Measures YouTube Video Reach and Video View Campaigns
11:13:15 root         DEBUG    Dates: 2025-01-07
11:13:15 root         DEBUG    Desc: ##  Expanded product offering analyzes new YouTube campaign types and ad formats, including In-Feed and Shorts 

CHICAGO – Jan. 7, 2025  –  Circana  ™, a leading advisor on the complexity of consumer behavior, today announced an expansion of the Circana YouTube Sales Lift Solution, which supports the measurement of  Video Reach  and  Video View  Campaigns, including Shorts and In-feed ad formats. 

The enhanced solution allows consumer packaged goods (CPG) advertisers to measure additional YouTube ad formats, including In-feed and Shorts, alongside existing formats such as bumpers, non-skippable ads, and skippable in-stream. This expanded capability empowers US CPG advertisers to further evaluate the impact of YouTube ad campaigns on driving sales and maximizing return on ad spend. 

Circana’s proprietary measurement software evaluates sales attributed to users exposed to advertising by comparing them to a matched unexposed control group, providing insights into the incremental sales generated by the campaigns. Beyond assessing overall campaign performance, users can analyze the impact more granularly, such as by ad format, creative, audience, and other campaign attributes. 

“Advertisers need clear insights into the performance and impact of their media campaigns to make informed decisions and maximize the return on their advertising investments,” said Dave Slowik, executive vice president, Global Solutions, Circana. “This enhancement provides greater precision and relevance, empowering advertisers with actionable insights to drive business growth.” 

The enhancement strengthens the comprehensiveness of Circana’s YouTube Sales Lift solution to deliver deeper insights into the effectiveness of advertising on YouTube. By expanding measurement capabilities, advertisers have greater clarity on the performance and impact of their campaigns to enable data-driven decisions that drive meaningful business outcomes. 

  


Subscribe for News Alerts 

* * *

About Circana    
Circana is a leading advisor on the complexity of consumer behavior. Through superior technology, advanced analytics, cross-industry data, and deep expertise, we provide clarity that helps almost 7,000 of the world’s leading brands and retailers take action and unlock business growth. We understand more about the complete consumer, the complete store, and the complete wallet so our clients can go beyond the data to apply insights, ignite innovation, meet consumer demand, and outpace the competition. Learn more at  www.circana.com  . 

  


* * *

###  Press Contact 

####  Shelley Hughes 

Email:  shelley.hughes@circana.com    
312-731-1782 

Related Content 

Media 

January 29, 2025 

###  Transform Your Linear TV Ads 

Media 

January 23, 2025 

###  Advice From Six Experts: How To Optimize your Marketing Mix Investment 

Media 

January 2, 2025 

###  Five TV Advertising Trends Marketers Need to Watch in 2025 

11:13:15 root         DEBUG    Agency_id 30040
11:13:15 root         DEBUG    Article Link: https://www.circana.com/intelligence/press-releases/2025/circana-sales-lift-solution-now-measures-youtube-video-reach-and-video-view-campaigns/
11:13:15 root         INFO     LEDE: [testlede] month: [Jan.] day: [7]
11:13:15 root         INFO     
ADDING: FILENAME: [testfilename  Campaigns] TITLE: [Circana Sales Lift Solution Now Measures YouTube Video Reach and Video View Campaigns] DATE: [2025-01-07] ID [30040]

11:13:18 root         INFO     Driver opened url https://www.circana.com/intelligence/press-releases/2025/us-consumer-technology-sales-forecast-to-rebound-in-2025-with-1-8b-in-revenue-gains-reports-circana/: 0.5 second load started
11:13:18 root         DEBUG    Titles: US Consumer Technology Sales Forecast to Rebound in 2025 With $1.8B in Revenue Gains, Reports Circana
11:13:18 root         DEBUG    Dates: 2025-01-07
11:13:18 root         DEBUG    Desc: ##  Computers, portable audio, and TVs are expected to contribute over 70% of gains for the year. 

CHICAGO  , Jan. 7, 2025 —  U.S. consumer technology sales revenue is forecast to grow 1.6% in 2025, representing an additional $1.8 billion, according to the latest Future of Technology report from  Circana  ™. While there are positive signals from a better-than-expected 2024 holiday shopping season, those signals followed eight consecutive quarters of declines for the consumer technology industry, and headwinds remain, which will impact overall demand. Initial results indicate that 2024 dollar sales will end 1.3% below 2023, marking a significant slowing of sales declines in the past two years. 

“Spending declines in consumer technology are moderating, even as consumers continue to shift a greater share of their wallet to spending on core needs like food, shelter and transportation,” said  Paul Gagnon, vice president and technology industry advisor for Circana  . “At the same time, consumers have proven their willingness to spend on affordable luxuries that bring joy, while still being thoughtful about price.” 

Computers, portable audio and televisions are expected to contribute over 70% of the sector’s gains this year. As previously forecast, PC sales will be the strongest driver of overall growth in 2025, fueled by a post-pandemic computer refresh wave that will continue into 2027 with the assistance of AI PCs and updated operating systems. Recent positive TV performance, driven by refresh behavior, is expected to continue in 2025. The trend toward purchasing larger screen sizes will help to boost TV dollar sales despite pricing headwinds resulting from consumer focus on value price points. Pockets of recent growth are expected to continue in several categories, like digital cameras appealing to young creators, tablet upgrades including AI capabilities at a higher average price, and new headphone introductions breathing life into the category. Digital health will also continue to be a focal point for consumers, with growth expected in health and fitness trackers. 

“Consumers remain very price sensitive — something that will be further amplified by uncertainty surrounding potential trade and economic disruptions,” added Gagnon. “The counterpoint in the consumer’s search for value is their need to keep technology products current, and their desire for innovation, albeit at more affordable price points.” 

Circana’s  Future of  ™  is a series of industry-specific forecasts and insights that incorporate Circana’s data assets, deep industry advisor expertise, macroeconomic inputs, superior technology and advanced analytic modeling techniques. 

  


Subscribe for News Alerts 

* * *

About Circana    
Circana is a leading advisor on the complexity of consumer behavior. Through superior technology, advanced analytics, cross-industry data, and deep expertise, we provide clarity that helps almost 7,000 of the world’s leading brands and retailers take action and unlock business growth. We understand more about the complete consumer, the complete store, and the complete wallet so our clients can go beyond the data to apply insights, ignite innovation, meet consumer demand, and outpace the competition. Learn more at  www.circana.com  . 

  


* * *

###  Press Contact 

####  Janine Marshall 

janine.marshall@circana.com 

Related Content 

Consumer Technology 

January 6, 2025 

###  Circana Announces its 2025 Consumer Electronics Industry Performance Award Winners 

Consumer Technology 

December 19, 2024 

###  Black Friday and Cyber Monday Technology Sales Grow 4% as Holiday Season Sales Start Strong, Reports Circana 

Consumer Technology 

December 3, 2024 

###  Tech's Run-Up to Black Friday 

11:13:18 root         DEBUG    Agency_id 30040
11:13:18 root         DEBUG    Article Link: https://www.circana.com/intelligence/press-releases/2025/us-consumer-technology-sales-forecast-to-rebound-in-2025-with-1-8b-in-revenue-gains-reports-circana/
11:13:18 root         INFO     LEDE: [testlede] month: [Jan.] day: [7]
11:13:18 root         INFO     
ADDING: FILENAME: [testfilename ts Circana] TITLE: [US Consumer Technology Sales Forecast to Rebound in 2025 With $1.8B in Revenue Gains, Reports Circana] DATE: [2025-01-07] ID [30040]

11:13:18 root         ERROR    30040: 1062 (23000): Duplicate entry 'testfilename ts Circana' for key 'press_release.filename_uniq_idx'
11:13:19 root         INFO     Driver opened url https://www.circana.com/intelligence/press-releases/2025/circana-announces-its-2025-consumer-electronics-industry-performance-award-winners/: 0.5 second load started
11:13:19 root         DEBUG    Titles: Circana Announces its 2025 Consumer Electronics Industry Performance Award Winners
11:13:19 root         DEBUG    Dates: 2025-01-06
11:13:19 root         DEBUG    Desc: ##  Circana recognizes the outstanding achievements of today’s leading consumer technology brands with it’s ninth annual awards 

LAS VEGAS, NV — Jan. 6, 2025 —  Circana™, a leading advisor on the complexity of consumer behavior, today announced the winners of its 2025 Consumer Electronics (CE) Industry Performance Awards. The 9th annual awards program, timed with CES, celebrates brand leaders in the consumer technology industry based on top increases in market share in North America, fastest turning brand per item in the U.S., Canada and Mexico, and top e-commerce market share gain. 

“As the technology industry begins to drive a return to growth, we are thrilled to recognize the companies at the forefront of the ascent,” said Ian Hamilton, president, Global Hardlines at Circana. “This year’s winners are helping to set the tone for great things to come for the industry as a whole. Congratulations to all the winners!” 

  


Subscribe for News Alerts 

* * *

About Circana    
Circana is a leading advisor on the complexity of consumer behavior. Through superior technology, advanced analytics, cross-industry data, and deep expertise, we provide clarity that helps almost 7,000 of the world’s leading brands and retailers take action and unlock business growth. We understand more about the complete consumer, the complete store, and the complete wallet so our clients can go beyond the data to apply insights, ignite innovation, meet consumer demand, and outpace the competition. Learn more at  www.circana.com  . 

  


* * *

###  Press Contact 

####  Janine Marshall 

janine.marshall@circana.com 

Related Content 

Consumer Technology 

January 7, 2025 

###  US Consumer Technology Sales Forecast to Rebound in 2025 With $1.8B in Revenue Gains, Reports Circana 

Consumer Technology 

December 19, 2024 

###  Black Friday and Cyber Monday Technology Sales Grow 4% as Holiday Season Sales Start Strong, Reports Circana 

Consumer Technology 

December 3, 2024 

###  Tech's Run-Up to Black Friday 

11:13:19 root         DEBUG    Agency_id 30040
11:13:19 root         DEBUG    Article Link: https://www.circana.com/intelligence/press-releases/2025/circana-announces-its-2025-consumer-electronics-industry-performance-award-winners/
11:13:19 root         INFO     LEDE: [testlede] month: [Jan.] day: [6]
11:13:20 root         INFO     
ADDING: FILENAME: [testfilename rd Winners] TITLE: [Circana Announces its 2025 Consumer Electronics Industry Performance Award Winners] DATE: [2025-01-06] ID [30040]

11:13:20 root         ERROR    30040: 1062 (23000): Duplicate entry 'testfilename rd Winners' for key 'press_release.filename_uniq_idx'
11:13:20 root         INFO     Driver opened url https://www.circana.com/intelligence/press-releases/2025/circana-report-highlights-the-role-of-personalization-in-supporting-glp-1-weight-loss-users/: 0.5 second load started
11:13:20 root         DEBUG    Titles: Circana Report Highlights the Role of Personalization in Supporting GLP-1 Weight-Loss Users
11:13:20 root         DEBUG    Dates: 2025-01-06
11:13:20 root         DEBUG    Desc: ##  The rise in medication usage for weight loss unlocks opportunities for innovation in health-focused products and services 

CHICAGO – Jan. 6, 2025  –  Circana™  , a leading advisor on the complexity of consumer behavior, today released a new report exploring the impact of glucagon-like peptide-1 (GLP-1) medications on consumer spending. The report,  The Ripple Effect of GLP-1s, Today and In the Future  , reveals that GLP-1 users exhibit shifting purchasing habits over time, with weight-loss users making fewer food and beverage purchases during the first three months of use, and returning closer to benchmark levels by the end of year one. The findings provide industry leaders with actionable insights to develop personalized products and services that support consumers’ sustainable lifestyle changes and long-term weight management success. 

GLP-1 weight-loss users shift their spending on food purchases both in and out of home. At grocery retail, they are spending more on foods that support GLP-1 balance, including vegetables, eggs and nuts. Conversely, they are making fewer purchases of products they’ve been recommended to avoid, including spicy foods, fatty proteins, and beverages with added sugar. While dining out, GLP-1 users skew their dollar spend toward quick-service restaurants, but they shift toward grocery foodservice, casual dining, and midscale restaurants during their first year on the medications. These evolving behaviors reveal a clear connection between category growth and the health-driven preferences of these consumers, offering brands fresh opportunities to align with their goals. 

“A deeper understanding of GLP-1 medications and their roles in weight loss has unlocked new opportunities to enhance the food, beverage, and nonfood products that support consumers’ overall well-being,” said Sally Lyons Wyatt, global executive vice president and chief advisor, Circana. “As accessibility, availability, and affordability of these medications improve, it will become critical for companies to develop strategies that support consumers on their health journeys. For consumers needing help with getting to optimal GLP-1 levels, working with a medical professional to determine the right mix of medications, supplements, and/or CPG products will remain vital in managing their health over the long term.” 

By addressing the preferences of GLP-1 consumers—such as an increased focus on protein, vegetables, and fruits, along with reduced consumption of sugar, carbs, and sodium—brands can align product innovation and marketing strategies with these consumers’ health goals. Additionally, categories such as high-protein, ready-to-eat meals, and portion-controlled snacks are well-positioned to meet the specific needs of GLP-1 users, demonstrating the potential for growth in both traditional and emerging product segments. 

Industries beyond food and beverage, including beauty, wellness, and pharmaceuticals, can explore cross-sector collaborations to serve this demographic. By refining their innovation pipelines, developing personalized solutions, and creating targeted messaging that resonates with GLP-1 consumers’ values and aspirations, companies can foster long-term loyalty while contributing to consumers’ broader health and wellness journeys. 

Join Circana for an upcoming webinar, The Ripple Effect of GLP-1s, Today and In the Future, on Wednesday, Jan. 8, 2025, at 1 p.m. CT, to explore the impact of GLP-1 medications on consumer behaviors and market opportunities. Register  here  . 

  


Subscribe for News Alerts 

* * *

About Circana    
Circana is a leading advisor on the complexity of consumer behavior. Through superior technology, advanced analytics, cross-industry data, and deep expertise, we provide clarity that helps almost 7,000 of the world’s leading brands and retailers take action and unlock business growth. We understand more about the complete consumer, the complete store, and the complete wallet so our clients can go beyond the data to apply insights, ignite innovation, meet consumer demand, and outpace the competition. Learn more at  www.circana.com  . 

  


* * *

###  Press Contact 

####  Shelley Hughes 

Email:  shelley.hughes@circana.com    
312-731-1782 

Related Content 

CPG 

January 10, 2025 

###  The Ripple Effect of GLP-1s, Today and In the Future 

Alcoholic Beverages 

January 9, 2025 

###  Complete Food & Beverage™: A pathway to success 

Food Consumption 

December 17, 2024 

###  What About Baby? 

11:13:20 root         DEBUG    Agency_id 30040
11:13:20 root         DEBUG    Article Link: https://www.circana.com/intelligence/press-releases/2025/circana-report-highlights-the-role-of-personalization-in-supporting-glp-1-weight-loss-users/
11:13:20 root         INFO     LEDE: [testlede] month: [Jan.] day: [6]
11:13:20 root         INFO     
ADDING: FILENAME: [testfilename Loss Users] TITLE: [Circana Report Highlights the Role of Personalization in Supporting GLP-1 Weight-Loss Users] DATE: [2025-01-06] ID [30040]

11:13:20 root         INFO     INVALID DATE: 2024-12-19 00:00:00
11:13:20 root         INFO     INVALID DATE: 2024-12-19 00:00:00
11:13:20 root         INFO     INVALID DATE: 2024-11-25 00:00:00
11:13:21 root         INFO     Scrape errors found during run:
11:13:21 root         INFO     []
11:13:21 root         INFO     End of file message
11:13:21 root         INFO     

Load Version 2.1.0 02/04/2025
       Docs Loaded: 7
       URLS processed: 1
       DUPS skipped: 2
       No Ledes found: 0

Passed Parameters:
       Pull House and Senate: False
       Number of days back: 30
       Start Time: 2025-02-05 11:13:00
       End Time: 2025-02-05 11:13:21
       Elapsed Time: 0:00:21
       Character Minimum Amount: 100

Errors:
Docs:
	Loaded:
		30040: Global Toy Sales Stabilize in 2024: Collectibles, Fan Favorites, and Smart Spending Shape the Market
		30040: Circana and YouGov Collaborate to Integrate POS and Consumer Data, Delivering Unprecedented Market Insights
		30040: Circana Announces its Annual Global Toy Industry Performance Award Winners
		30040: Consumers Take a New Year's Respite from Spending Following Last-Minute Holiday Lift, Reports Circana
		30040: Circana Welcomes 18 New Participants to Its Diversity Advantage Program
		30040: Circana Sales Lift Solution Now Measures YouTube Video Reach and Video View Campaigns
		30040: Circana Report Highlights the Role of Personalization in Supporting GLP-1 Weight-Loss Users
	Duplicates:
		30040: US Consumer Technology Sales Forecast to Rebound in 2025 With $1.8B in Revenue Gains, Reports Circana
		30040: Circana Announces its 2025 Consumer Electronics Industry Performance Award Winners
