23:37:06 root         INFO     Skipping 27599
23:37:06 root         INFO     Skipping 30449
23:37:06 root         INFO     Skipping 14315
23:37:06 root         INFO     Skipping 7566
23:37:06 root         INFO     Skipping 804
23:37:06 root         INFO     Skipping 12106
23:37:06 root         INFO     Skipping 8034
23:37:06 root         INFO     Skipping 7901
23:37:06 root         INFO     Skipping 20157
23:37:06 root         INFO     Skipping 6950
23:37:06 root         INFO     Skipping 15026
23:37:06 root         INFO     Skipping 19993
23:37:06 root         INFO     Skipping 21569
23:37:06 root         INFO     Skipping 23030
23:37:06 root         INFO     Skipping 206
23:37:06 root         INFO     Skipping 16046
23:37:06 root         INFO     Skipping 16140
23:37:06 root         INFO     Skipping 16037
23:37:06 root         INFO     Skipping 43
23:37:06 root         INFO     Skipping 225
23:37:06 root         INFO     Skipping 37711
23:37:06 root         INFO     Skipping 34699
23:37:06 root         INFO     Skipping 19021
23:37:06 root         INFO     Skipping 18495
23:37:06 root         INFO     Skipping 222
23:37:06 root         INFO     Skipping 5602
23:37:06 root         INFO     Skipping 16027
23:37:06 root         INFO     Skipping 21499
23:37:06 root         INFO     Skipping 2698
23:37:06 root         INFO     Skipping 27867
23:37:06 root         INFO     Skipping 24224
23:37:06 root         INFO     Skipping 21563
23:37:06 root         INFO     Skipping 24227
23:37:06 root         INFO     Skipping 17224
23:37:06 root         INFO     Skipping 219
23:37:06 root         INFO     Skipping 23814
23:37:06 root         INFO     Skipping 15376
23:37:06 root         INFO     Skipping 19286
23:37:06 root         INFO     Skipping 28048
23:37:06 root         INFO     Skipping 543
23:37:06 root         INFO     Skipping 24233
23:37:06 root         INFO     Skipping 18735
23:37:06 root         INFO     Skipping 1066
23:37:06 root         INFO     Skipping 37680
23:37:06 root         INFO     Skipping 691
23:37:06 root         INFO     Skipping 677
23:37:06 root         INFO     Skipping 20141
23:37:06 root         INFO     Skipping 36151
23:37:06 root         INFO     Skipping 20319
23:37:06 root         INFO     Skipping 12400
23:37:06 root         INFO     Skipping 127
23:37:06 root         INFO     Skipping 20792
23:37:06 root         INFO     Skipping 17104
23:37:06 root         INFO     Skipping 24344
23:37:06 root         INFO     Skipping 19546
23:37:06 root         INFO     Skipping 15565
23:37:06 root         INFO     Skipping 13359
23:37:06 root         INFO     Skipping 17922
23:37:06 root         INFO     Skipping 22481
23:37:06 root         INFO     Skipping 20138
23:37:06 root         INFO     Skipping 119
23:37:06 root         INFO     Skipping 21188
23:37:06 root         INFO     Skipping 3016
23:37:06 root         INFO     Skipping 21525
23:37:06 root         INFO     Skipping 37694
23:37:06 root         INFO     Skipping 18710
23:37:06 root         INFO     Skipping 29332
23:37:06 root         INFO     Skipping 23100
23:37:06 root         INFO     Skipping 37725
23:37:06 root         INFO     Skipping 15633
23:37:06 root         INFO     Skipping 948
23:37:06 root         INFO     Skipping 30993
23:37:06 root         INFO     Skipping 22221
23:37:06 root         INFO     Skipping 22654
23:37:06 root         INFO     Skipping 35809
23:37:06 root         INFO     Skipping 35576
23:37:06 root         INFO     Skipping 37408
23:37:06 root         INFO     Skipping 7844
23:37:06 root         INFO     Skipping 20
23:37:06 root         INFO     Skipping 8022
23:37:06 root         INFO     Skipping 8032
23:37:06 root         INFO     Skipping 20605
23:37:06 root         INFO     Skipping 7838
23:37:06 root         INFO     Skipping 21497
23:37:06 root         INFO     Skipping 35572
23:37:06 root         INFO     Skipping 30425
23:37:06 root         INFO     Skipping 35517
23:37:06 root         INFO     Skipping 35524
23:37:06 root         INFO     Skipping 21522
23:37:06 root         INFO     Skipping 1325
23:37:06 root         INFO     Skipping 1079
23:37:06 root         INFO     Skipping 6973
23:37:06 root         INFO     Skipping 37495
23:37:06 root         INFO     Skipping 30405
23:37:06 root         INFO     Skipping 18767
23:37:06 root         INFO     Skipping 21521
23:37:06 root         INFO     Skipping 921
23:37:06 root         INFO     Skipping 27602
23:37:06 root         INFO     Skipping 21335
23:37:06 root         INFO     Skipping 30444
23:37:06 root         INFO     Skipping 1363
23:37:06 root         INFO     Skipping 9488
23:37:06 root         INFO     Skipping 24230
23:37:06 root         INFO     Skipping 2696
23:37:06 root         INFO     Skipping 37705
23:37:06 root         INFO     Skipping 33752
23:37:06 root         INFO     Skipping 37731
23:37:06 root         INFO     Skipping 37740
23:37:06 root         INFO     Skipping 9427
23:37:06 root         INFO     Skipping 19880
23:37:06 root         INFO     Skipping 632
23:37:06 root         INFO     Skipping 39007
23:37:06 root         INFO     Skipping 551
23:37:06 root         INFO     Skipping 37304
23:37:06 root         INFO     Skipping 20115
23:37:06 root         INFO     Skipping 13362
23:37:06 root         INFO     Skipping 7333
23:37:06 root         INFO     Skipping 21423
23:37:06 root         INFO     Skipping 17653
23:37:06 root         INFO     Skipping 21152
23:37:06 root         INFO     Skipping 16031
23:37:06 root         INFO     Skipping 27074
23:37:06 root         INFO     Skipping 255
23:37:06 root         INFO     Skipping 431
23:37:06 root         INFO     Skipping 19290
23:37:06 root         INFO     Skipping 33954
23:37:06 root         INFO     Skipping 22921
23:37:06 root         INFO     Skipping 26556
23:37:06 root         INFO     Skipping 167
23:37:06 root         INFO     Skipping 15884
23:37:06 root         INFO     Skipping 30382
23:37:06 root         INFO     Skipping 30450
23:37:06 root         INFO     Skipping 27626
23:37:06 root         INFO     Skipping 37748
23:37:06 root         INFO     Skipping 715
23:37:06 root         INFO     Skipping 18734
23:37:06 root         INFO     Skipping 9485
23:37:06 root         INFO     Skipping 24231
23:37:06 root         INFO     Skipping 6221
23:37:06 root         INFO     Skipping 15392
23:37:06 root         INFO     Skipping 14466
23:37:06 root         INFO     Skipping 15025
23:37:06 root         INFO     Skipping 19760
23:37:06 root         INFO     Skipping 37095
23:37:06 root         INFO     Skipping 13863
23:37:06 root         INFO     Skipping 7355
23:37:06 root         INFO     Skipping 8042
23:37:06 root         INFO     Skipping 23802
23:37:06 root         INFO     Skipping 282
23:37:06 root         INFO     Skipping 7316
23:37:06 root         INFO     Skipping 16040
23:37:06 root         INFO     Skipping 7922
23:37:06 root         INFO     Skipping 16041
23:37:06 root         INFO     Skipping 28101
23:37:06 root         INFO     Skipping 3410
23:37:06 root         INFO     Skipping 7121
23:37:06 root         INFO     Skipping 17116
23:37:06 root         INFO     Skipping 20034
23:37:06 root         INFO     Skipping 6918
23:37:06 root         INFO     Skipping 22037
23:37:06 root         INFO     Skipping 14373
23:37:06 root         INFO     Skipping 13794
23:37:06 root         INFO     Skipping 13964
23:37:06 root         INFO     Skipping 6930
23:37:06 root         INFO     Skipping 19978
23:37:06 root         INFO     Skipping 14069
23:37:06 root         INFO     Skipping 14111
23:37:06 root         INFO     Skipping 6931
23:37:06 root         INFO     Skipping 14021
23:37:06 root         INFO     Skipping 37180
23:37:06 root         INFO     Skipping 35130
23:37:06 root         INFO     Skipping 19684
23:37:06 root         INFO     Skipping 28292
23:37:06 root         INFO     Skipping 30335
23:37:06 root         INFO     Skipping 14867
23:37:06 root         INFO     Skipping 23669
23:37:06 root         INFO     Skipping 6793
23:37:06 root         INFO     Skipping 15440
23:37:06 root         INFO     Skipping 23588
23:37:06 root         INFO     Skipping 10156
23:37:06 root         INFO     Skipping 30046
23:37:06 root         INFO     Skipping 39476
23:37:06 root         INFO     Skipping 37727
23:37:06 root         INFO     Skipping 33096
23:37:06 root         INFO     Skipping 32423
23:37:06 root         INFO     Skipping 30658
23:37:06 root         INFO     Skipping 19870
23:37:06 root         INFO     Skipping 15962
23:37:06 root         INFO     Skipping 702
23:37:06 root         INFO     Skipping 30435
23:37:06 root         INFO     Skipping 9445
23:37:06 root         INFO     Skipping 24173
23:37:06 root         INFO     Skipping 35554
23:37:06 root         INFO     Skipping 18733
23:37:06 root         INFO     Skipping 3962
23:37:06 root         INFO     Skipping 26659
23:37:06 root         INFO     Skipping 32135
23:37:06 root         INFO     Skipping 27843
23:37:06 root         INFO     Skipping 17658
23:37:06 root         INFO     Skipping 27186
23:37:06 root         INFO     Skipping 6922
23:37:06 root         INFO     Skipping 7317
23:37:06 root         INFO     Skipping 37607
23:37:06 root         INFO     Skipping 19748
23:37:06 root         INFO     Skipping 14979
23:37:06 root         INFO     Skipping 28256
23:37:06 root         INFO     Skipping 15000
23:37:06 root         INFO     Skipping 15725
23:37:06 root         INFO     Skipping 21561
23:37:06 root         INFO     Skipping 23098
23:37:06 root         INFO     Skipping 30469
23:37:06 root         INFO     Skipping 37819
23:37:06 root         INFO     Skipping 27605
23:37:06 root         INFO     Skipping 24799
23:37:06 root         INFO     Skipping 35571
23:37:06 root         INFO     Skipping 18750
23:37:06 root         INFO     Skipping 21564
23:37:06 root         INFO     Skipping 695
23:37:06 root         INFO     Skipping 619
23:37:06 root         INFO     Skipping 21566
23:37:06 root         INFO     Skipping 18746
23:37:06 root         INFO     Skipping 30470
23:37:06 root         INFO     Skipping 37747
23:37:06 root         INFO     Skipping 35726
23:37:06 root         INFO     Skipping 35708
23:37:06 root         INFO     Skipping 35705
23:37:06 root         INFO     Skipping 35727
23:37:06 root         INFO     Skipping 37743
23:37:06 root         INFO     Skipping 24229
23:37:06 root         INFO     Skipping 37748
23:37:06 root         INFO     Skipping 19879
23:37:06 root         INFO     Skipping 717
23:37:06 root         INFO     Skipping 35728
23:37:06 root         INFO     Skipping 37820
23:37:06 root         INFO     Skipping 30473
23:37:06 root         INFO     Skipping 37744
23:37:06 root         INFO     Skipping 28313
23:37:06 root         INFO     Skipping 37749
23:37:06 root         INFO     Skipping 15948
23:37:06 root         INFO     Skipping 35707
23:37:06 root         INFO     Skipping 35706
23:37:06 root         INFO     Skipping 35704
23:37:06 root         INFO     Skipping 18740
23:37:06 root         INFO     Skipping 18736
23:37:06 root         INFO     Skipping 7887
23:37:06 root         INFO     Skipping 15551
23:37:06 root         INFO     Skipping 35562
23:37:06 root         INFO     Skipping 9423
23:37:06 root         INFO     Skipping 1519
23:37:06 root         INFO     Skipping 35489
23:37:06 root         INFO     Skipping 20880
23:37:06 root         INFO     Skipping 37235
23:37:06 root         INFO     Skipping 15882
23:37:06 root         INFO     Skipping 1169
23:37:06 root         INFO     Skipping 9463
23:37:06 root         INFO     Skipping 37685
23:37:06 root         INFO     Skipping 809
23:37:06 root         INFO     Skipping 9421
23:37:06 root         INFO     Skipping 30397
23:37:06 root         INFO     Skipping 37735
23:37:06 root         INFO     Skipping 30394
23:37:06 root         INFO     Skipping 30448
23:37:06 root         INFO     Skipping 27614
23:37:06 root         INFO     Skipping 35527
23:37:06 root         INFO     Skipping 37416
23:37:06 root         INFO     Skipping 37709
23:37:06 root         INFO     Skipping 27649
23:37:06 root         INFO     Skipping 35546
23:37:06 root         INFO     Skipping 1098
23:37:06 root         INFO     Skipping 21488
23:37:06 root         INFO     Skipping 37674
23:37:06 root         INFO     Skipping 37706
23:37:06 root         INFO     Skipping 37713
23:37:06 root         INFO     Skipping 918
23:37:06 root         INFO     Skipping 24210
23:37:06 root         INFO     Skipping 37728
23:37:06 root         INFO     Skipping 35555
23:37:06 root         INFO     Skipping 35556
23:37:06 root         INFO     Skipping 892
23:37:06 root         INFO     Skipping 38045
23:37:06 root         INFO     Skipping 829
23:37:06 root         INFO     Skipping 30468
23:37:06 root         INFO     Skipping 24186
23:37:06 root         INFO     Skipping 24194
23:37:06 root         INFO     Skipping 37693
23:37:06 root         INFO     Skipping 30429
23:37:06 root         INFO     Skipping 1249
23:37:06 root         INFO     Skipping 30434
23:37:06 root         INFO     Skipping 24199
23:37:06 root         INFO     Skipping 37688
23:37:06 root         INFO     Skipping 23853
23:37:06 root         INFO     Skipping 30456
23:37:06 root         INFO     Skipping 1036
23:37:06 root         INFO     Skipping 30436
23:37:06 root         INFO     Skipping 37690
23:37:06 root         INFO     Skipping 36428
23:37:06 root         INFO     Skipping 37721
23:37:06 root         INFO     Skipping 27646
23:37:06 root         INFO     Skipping 24187
23:37:06 root         INFO     Skipping 35551
23:37:06 root         INFO     Skipping 925
23:37:06 root         INFO     Skipping 21570
23:37:06 root         INFO     Skipping 21536
23:37:06 root         INFO     Skipping 604
23:37:06 root         INFO     Skipping 21562
23:37:06 root         INFO     Skipping 21572
23:37:06 root         INFO     Skipping 17884
23:37:06 root         INFO     Skipping 235
23:37:06 root         INFO     Skipping 21487
23:37:06 root         INFO     Skipping 27644
23:37:06 root         INFO     Skipping 37722
23:37:06 root         INFO     Skipping 24175
23:37:06 root         INFO     Skipping 27637
23:37:06 root         INFO     Skipping 9424
23:37:06 root         INFO     Skipping 24181
23:37:06 root         INFO     Skipping 37676
23:37:06 root         INFO     Skipping 15912
23:37:06 root         INFO     Skipping 1004
23:37:06 root         INFO     Skipping 15922
23:37:06 root         INFO     Skipping 21523
23:37:06 root         INFO     Skipping 14489
23:37:06 root         INFO     Skipping 18756
23:37:06 root         INFO     Skipping 23549
23:37:06 root         INFO     Skipping 30414
23:37:06 root         INFO     Skipping 28735
23:37:06 root         INFO     Skipping 599
23:37:06 root         INFO     Skipping 24124
23:37:06 root         INFO     Skipping 24218
23:37:06 root         INFO     Skipping 19874
23:37:06 root         INFO     Skipping 21467
23:37:06 root         INFO     Skipping 30525
23:37:06 root         INFO     Skipping 24176
23:37:06 root         INFO     Skipping 15949
23:37:06 root         INFO     Skipping 27630
23:37:06 root         INFO     Skipping 27632
23:37:06 root         INFO     Skipping 606
23:37:06 root         INFO     Skipping 27629
23:37:06 root         INFO     Skipping 24228
23:37:06 root         INFO     Skipping 562
23:37:06 root         INFO     Skipping 21633
23:37:06 root         INFO     Skipping 24225
23:37:06 root         INFO     Skipping 18725
23:37:06 root         INFO     Skipping 21567
23:37:06 root         INFO     Skipping 27628
23:37:06 root         INFO     Skipping 12921
23:37:06 root         INFO     Skipping 47
23:37:06 root         INFO     Skipping 8101
23:37:06 root         INFO     Skipping 27936
23:37:06 root         INFO     Skipping 23089
23:37:06 root         INFO     Skipping 15911
23:37:06 root         INFO     Skipping 30472
23:37:06 root         INFO     Skipping 35703
23:37:06 root         INFO     Skipping 30475
23:37:06 root         INFO     Skipping 18739
23:37:06 root         INFO     Skipping 30378
23:37:06 root         INFO     Skipping 21
23:37:06 root         INFO     Skipping 24169
23:37:06 root         INFO     Skipping 27616
23:37:06 root         INFO     Skipping 546
23:37:06 root         INFO     Skipping 125
23:37:06 root         INFO     Skipping 432
23:37:06 root         INFO     Skipping 23572
23:37:06 root         INFO     Skipping 1
23:37:06 root         INFO     Skipping 10
23:37:06 root         INFO     Skipping 106
23:37:06 root         INFO     Skipping 804
23:37:06 root         INFO     Skipping 697
23:37:06 root         INFO     Skipping 37667
23:37:06 root         INFO     Skipping 24234
23:37:06 root         INFO     Skipping 34781
23:37:06 root         INFO     Skipping 44
23:37:06 root         INFO     Skipping 2434
23:37:06 root         INFO     Skipping 7307
23:37:06 root         INFO     Skipping 7280
23:37:06 root         INFO     Skipping 14197
23:37:06 root         INFO     Skipping 6929
23:37:06 root         INFO     Skipping 24223
23:37:06 root         INFO     Skipping 30412
23:37:06 root         INFO     Skipping 21230
23:37:06 root         INFO     Skipping 7124
23:37:06 root         INFO     Skipping 7516
23:37:06 root         INFO     Skipping 9231
23:37:06 root         INFO     Skipping 13222
23:37:06 root         INFO     Skipping 24928
23:37:06 root         INFO     Skipping 14466
23:37:06 root         INFO     Skipping 19685
23:37:06 root         INFO     Skipping 14008
23:37:06 root         INFO     Skipping 20480
23:37:06 root         INFO     Skipping 7126
23:37:06 root         INFO     Skipping 15792
23:37:06 root         INFO     Skipping 27571
23:37:06 root         INFO     Skipping 19109
23:37:06 root         INFO     Skipping 14066
23:37:06 root         INFO     Skipping 7103
23:37:06 root         INFO     Skipping 13479
23:37:06 root         INFO     Skipping 13475
23:37:06 root         INFO     Skipping 24237
23:37:06 root         INFO     Skipping 28365
23:37:06 root         INFO     Skipping 7118
23:37:06 root         INFO     Skipping 19909
23:37:06 root         INFO     Skipping 13664
23:37:06 root         INFO     Skipping 13467
23:37:06 root         INFO     Skipping 18743
23:37:06 root         INFO     Skipping 19881
23:37:06 root         INFO     Skipping 6970
23:37:06 root         INFO     Skipping 7286
23:37:06 root         INFO     Skipping 14047
23:37:06 root         INFO     Skipping 35569
23:37:06 root         INFO     Skipping 37741
23:37:06 root         INFO     Skipping 37697
23:37:06 root         INFO     Skipping 1453
23:37:06 root         INFO     Skipping 18818
23:37:06 root         INFO     Skipping 37745
23:37:06 root         INFO     Skipping 18836
23:37:06 root         INFO     Skipping 37441
23:37:06 root         INFO     Skipping 24207
23:37:06 root         INFO     Skipping 1483
23:37:06 root         INFO     Skipping 30395
23:37:06 root         INFO     Skipping 30432
23:37:06 root         INFO     Skipping 36969
23:37:06 root         INFO     Skipping 21533
23:37:06 root         INFO     Skipping 1352
23:37:06 root         INFO     Skipping 30390
23:37:06 root         INFO     Skipping 1149
23:37:06 root         INFO     Skipping 24202
23:37:06 root         INFO     Skipping 30389
23:37:06 root         INFO     Skipping 15891
23:37:06 root         INFO     Skipping 14488
23:37:06 root         INFO     Skipping 30528
23:37:06 root         INFO     Skipping 27597
23:37:06 root         INFO     Skipping 37737
23:37:06 root         INFO     Skipping 1557
23:37:06 root         INFO     Skipping 27609
23:37:06 root         INFO     Skipping 900
23:37:06 root         INFO     Skipping 21527
23:37:06 root         INFO     Skipping 1479
23:37:06 root         INFO     Skipping 30387
23:37:06 root         INFO     Skipping 980
23:37:06 root         INFO     Skipping 37703
23:37:06 root         INFO     Skipping 15304
23:37:06 root         INFO     Skipping 14781
23:37:06 root         INFO     Skipping 15528
23:37:06 root         INFO     Skipping 25120
23:37:06 root         INFO     Skipping 33803
23:37:06 root         INFO     Skipping 20476
23:37:06 root         INFO     Skipping 27502
23:37:06 root         INFO     Skipping 13456
23:37:06 root         INFO     Skipping 27390
23:37:06 root         INFO     Skipping 15813
23:37:06 root         INFO     Skipping 7320
23:37:06 root         INFO     Skipping 20668
23:37:06 root         INFO     Skipping 38937
23:37:06 root         INFO     Skipping 37417
23:37:06 root         INFO     Skipping 13038
23:37:06 root         INFO     Skipping 6932
23:37:06 root         INFO     Skipping 14978
23:37:06 root         INFO     Skipping 17045
23:37:06 root         INFO     Skipping 22385
23:37:06 root         INFO     Skipping 7853
23:37:06 root         INFO     Skipping 14026
23:37:06 root         INFO     Skipping 14923
23:37:06 root         INFO     Skipping 7288
23:37:06 root         INFO     Skipping 7538
23:37:06 root         INFO     Skipping 13451
23:37:06 root         INFO     Skipping 25009
23:37:06 root         INFO     Skipping 9452
23:37:06 root         INFO     Skipping 20118
23:37:06 root         INFO     Skipping 20475
23:37:06 root         INFO     Skipping 14602
23:37:06 root         INFO     Skipping 7291
23:37:06 root         INFO     Skipping 13457
23:37:06 root         INFO     Skipping 7345
23:37:06 root         INFO     Skipping 35752
23:37:06 root         INFO     Skipping 31489
23:37:06 root         INFO     Skipping 15674
23:37:06 root         INFO     Skipping 31189
23:37:06 root         INFO     Skipping 20084
23:37:06 root         INFO     Skipping 16020
23:37:06 root         INFO     Skipping 2009
23:37:06 root         INFO     Skipping 1773
23:37:06 root         INFO     Skipping 7337
23:37:06 root         INFO     Skipping 14910
23:37:06 root         INFO     Skipping 7339
23:37:06 root         INFO     Skipping 24976
23:37:06 root         INFO     Skipping 30360
23:37:06 root         INFO     Skipping 24315
23:37:06 root         INFO     Skipping 30361
23:37:06 root         INFO     Skipping 30358
23:37:06 root         INFO     Skipping 37191
23:37:06 root         INFO     Skipping 3129
23:37:06 root         INFO     Skipping 3052
23:37:06 root         INFO     Skipping 37932
23:37:06 root         INFO     Skipping 3125
23:37:06 root         INFO     Skipping 3109
23:37:06 root         INFO     Skipping 20056
23:37:06 root         INFO     Skipping 37778
23:37:06 root         INFO     Skipping 35587
23:37:06 root         INFO     Skipping 28452
23:37:06 root         INFO     Skipping 3320
23:37:06 root         INFO     Skipping 30367
23:37:06 root         INFO     Skipping 3048
23:37:06 root         INFO     Skipping 3072
23:37:06 root         INFO     Skipping 38049
23:37:06 root         INFO     Skipping 30366
23:37:06 root         INFO     Skipping 30368
23:37:06 root         INFO     Skipping 27956
23:37:06 root         INFO     Skipping 15709
23:37:06 root         INFO     Skipping 38047
23:37:06 root         INFO     Skipping 3137
23:37:06 root         INFO     Skipping 3085
23:37:06 root         INFO     Skipping 3064
23:37:06 root         INFO     Skipping 3286
23:37:06 root         INFO     Skipping 30362
23:37:06 root         INFO     Skipping 3309
23:37:06 root         INFO     Skipping 37826
23:37:06 root         INFO     Skipping 4972
23:37:06 root         INFO     Skipping 15790
23:37:06 root         INFO     Skipping 18747
23:37:06 root         INFO     Skipping 22401
23:37:06 root         INFO     Skipping 18711
23:37:06 root         INFO     Skipping 3123
23:37:06 root         INFO     Skipping 3296
23:37:06 root         INFO     Skipping 30617
23:37:06 root         INFO     Skipping 19614
23:37:06 root         INFO     Skipping 23295
23:37:06 root         INFO     Skipping 35818
23:37:06 root         INFO     Skipping 7531
23:37:06 root         INFO     Skipping 19559
23:37:06 root         INFO     Skipping 26784
23:37:06 root         INFO     Skipping 25775
23:37:06 root         INFO     Skipping 27321
23:37:06 root         INFO     Skipping 7234
23:37:06 root         INFO     Skipping 6914
23:37:06 root         INFO     Skipping 38455
23:37:06 root         INFO     Skipping 18113
23:37:06 root         INFO     Skipping 39880
23:37:06 root         INFO     Skipping 22565
23:37:06 root         INFO     Skipping 27877
23:37:06 root         INFO     Skipping 23176
23:37:06 root         INFO     Skipping 20510
23:37:06 root         INFO     Skipping 22316
23:37:06 root         INFO     Skipping 20813
23:37:06 root         INFO     Skipping 21209
23:37:06 root         INFO     Skipping 17932
23:37:06 root         INFO     Skipping 6002
23:37:06 root         INFO     Skipping 2505
23:37:06 root         INFO     Skipping 2000
23:37:06 root         INFO     Skipping 38458
23:37:06 root         INFO     Skipping 23099
23:37:06 root         INFO     Skipping 18560
23:37:06 root         INFO     Skipping 13255
23:37:06 root         INFO     Skipping 20676
23:37:06 root         INFO     Skipping 25743
23:37:06 root         INFO     Skipping 17989
23:37:06 root         INFO     Skipping 21452
23:37:06 root         INFO     Skipping 17224
23:37:06 root         INFO     Skipping 25875
23:37:06 root         INFO     Skipping 3486
23:37:06 root         INFO     Skipping 15377
23:37:06 root         INFO     Skipping 3418
23:37:06 root         INFO     Skipping 3492
23:37:06 root         INFO     Skipping 17990
23:37:06 root         INFO     Skipping 27184
23:37:06 root         INFO     Skipping 39590
23:37:06 root         INFO     Skipping 30767
23:37:06 root         INFO     Skipping 15022
23:37:06 root         INFO     Skipping 21452
23:37:06 root         INFO     Skipping 37309
23:37:06 root         INFO     Skipping 25730
23:37:06 root         INFO     Skipping 18418
23:37:06 root         INFO     Skipping 17928
23:37:06 root         INFO     Skipping 13173
23:37:06 root         INFO     Skipping 17987
23:37:06 root         INFO     Skipping 33659
23:37:06 root         INFO     Skipping 17978
23:37:06 root         INFO     Skipping 30572
23:37:06 root         INFO     Skipping 19068
23:37:06 root         INFO     Skipping 13174
23:37:06 root         INFO     Skipping 30040
23:37:06 root         INFO     Skipping 26655
23:37:06 root         INFO     Skipping 27052
23:37:06 root         INFO     Skipping 39839
23:37:06 root         INFO     Skipping 17907
23:37:06 root         INFO     Skipping 15290
23:37:06 root         INFO     Skipping 20554
23:37:06 root         INFO     Skipping 37205
23:37:06 root         INFO     Skipping 30251
23:37:06 root         INFO     Skipping 17927
23:37:06 root         INFO     Skipping 685
23:37:06 root         INFO     Skipping 39478
23:37:06 root         INFO     Skipping 27633
23:37:06 root         INFO     Skipping 12019
23:37:06 root         INFO     Skipping 40046
23:37:06 root         INFO     Skipping 35233
23:37:06 root         INFO     Skipping 9468
23:37:06 root         INFO     Skipping 37821
23:37:06 root         INFO     Skipping 70
23:37:06 root         INFO     Skipping 37739
23:37:06 root         INFO     Skipping 37823
23:37:06 root         INFO     Skipping 21491
23:37:06 root         INFO     Skipping 27650
23:37:06 root         INFO     Skipping 27631
23:37:06 root         INFO     Skipping 37691
23:37:06 root         INFO     Skipping 35553
23:37:06 root         INFO     Skipping 27607
23:37:06 root         INFO     Skipping 37716
23:37:06 root         INFO     Skipping 1372
23:37:06 root         INFO     Skipping 24043
23:37:06 root         INFO     Skipping 37723
23:37:06 root         INFO     Skipping 37726
23:37:06 root         INFO     Skipping 40295
23:37:06 root         INFO     Skipping 27624
23:37:06 root         INFO     Skipping 30992
23:37:06 root         INFO     Skipping 36700
23:37:06 root         INFO     Skipping 28257
23:37:06 root         INFO     Skipping 40062
23:37:06 root         INFO     Skipping 18446
23:37:06 root         INFO     Skipping 7297
23:37:06 root         INFO     Skipping 40029
23:37:06 root         INFO     Skipping 26400
23:37:06 root         INFO     Skipping 32390
23:37:06 root         INFO     Skipping 27892
23:37:06 root         INFO     Skipping 32448
23:37:06 root         INFO     Skipping 21069
23:37:06 root         INFO     Skipping 18444
23:37:06 root         INFO     Skipping 20486
23:37:06 root         INFO     Skipping 39616
23:37:06 root         INFO     Skipping 30846
23:37:06 root         INFO     Skipping 38046
23:37:06 root         INFO     Skipping 3915
23:37:06 root         INFO     Skipping 27121
23:37:06 root         INFO     Skipping 29991
23:37:06 root         INFO     Skipping 20338
23:37:06 root         INFO     Skipping 34974
23:37:06 root         INFO     Skipping 3135
23:37:06 root         INFO     Skipping 36219
23:37:06 root         INFO     Skipping 20208
23:37:06 root         INFO     Skipping 18519
23:37:06 root         INFO     Skipping 30365
23:37:06 root         INFO     Skipping 27833
23:37:06 root         INFO     Skipping 37827
23:37:06 root         INFO     Skipping 22372
23:37:08 root         INFO     Driver opened url https://civilrights.org/press/#: 0.5 second load started
23:37:10 root         INFO     Driver opened url https://civilrights.org/2025/02/13/the-leadership-conference-implores-senators-to-reject-kash-patels-nomination/: 0.5 second load started
23:37:10 root         DEBUG    Titles: The Leadership Conference Implores Senators to Reject Kash Patel's Nomination
23:37:10 root         DEBUG    Dates: 2025-02-13
23:37:10 root         DEBUG    Desc: FOR IMMEDIATE RELEASE    
Contact: Patrick McNeil,  mcneil@civilrights.org 

WASHINGTON  —  Maya Wiley, president and CEO of The Leadership Conference on Civil and Human Rights, issued the following statement after the Senate Judiciary Committee’s vote to advance the nomination of Kash Patel to lead the Federal Bureau of Investigation (FBI): 

“The Senate Judiciary Committee’s vote to advance Kash Patel’s nomination should alarm every person in this country. Justice hangs in the balance, and Kash Patel will intentionally knock the scales over completely. Instead of law enforcement, we will have cronyism and corruption. Instead of investigating bribery, we can expect harassment of anyone considered a political enemy. Instead of investigating hate crimes, we can expect perpetuation of unfounded conspiracy theories that drive hate and even violence. As a civil rights community, we know firsthand what it was like to have an ideological FBI that violated the rights of civil rights leaders and ordinary citizens. We are invested in the future of the FBI, especially given the bureau’s dark history of surveilling and infiltrating the civil rights movement and its leaders — most notably through its COINTELPRO operation that famously and shamefully targeted Dr. Martin Luther King, Jr., student activists, and people fighting poverty. Name-calling, driving fear, and targeting the victims of crimes because of their viewpoints is a dark part of our past, and we cannot return. But Kash Patel would be the general in an army of ideologues and has already jeopardized the integrity and independence of our nation’s top law enforcement agency. 

“As more and more disturbing reports about Mr. Patel’s foreign ties, conflicts of interest, and alleged involvement in recent FBI firings pile up, senators should collectively demand a real investigation into his background, misleading statements, and possible perjury under oath. Under no circumstance should a person subject to a felony investigation be entrusted with a nearly 40,000 person law enforcement agency for a 10-year term. 

“Given the immense authority the leader of the FBI possesses, we demand that any director has the necessary experience, temperament, and commitment to safeguarding everyone’s rights and safety. That is not Kash Patel. The Leadership Conference opposes Mr. Patel’s confirmation, and senators should make clear that nominees who lack independence and a commitment to the facts, the rule of law, and the independence of the agency, including safeguarding rights, are not qualified and will not be confirmed to this critical role.” 

Resources 

  * Nearly 60 national organizations committed to civil and human rights wrote to the Senate in opposition to Kash Patel’s confirmation. Read the letter  here  . 
  * Following Patel’s confirmation hearing before the Senate Judiciary Committee, The Leadership Conference issued a memo detailing some of his troubling responses. Read it  here  . 



The Leadership Conference on Civil and Human Rights is a coalition charged by its diverse membership of more than 240 national organizations to promote and protect the rights of all persons in the United States. The Leadership Conference works toward an America as good as its ideals. For more information on The Leadership Conference and its member organizations, visit  www.civilrights.org  . 

### 

  *   *   * 


23:37:10 root         DEBUG    Agency_id 15366
23:37:10 root         DEBUG    Article Link: https://civilrights.org/2025/02/13/the-leadership-conference-implores-senators-to-reject-kash-patels-nomination/
23:37:10 root         INFO     LEDE: [testlede] month: [Feb.] day: [13]
23:37:10 root         INFO     
ADDING: FILENAME: [testfilename Nomination] TITLE: [The Leadership Conference Implores Senators to Reject Kash Patel's Nomination] DATE: [2025-02-13] ID [15366]

23:37:11 root         INFO     Driver opened url https://civilrights.org/2025/02/12/the-leadership-conference-demands-answers-from-linda-mcmahon-amidst-sweeping-threats-to-civil-rights-in-education/: 0.5 second load started
23:37:12 root         DEBUG    Titles: The Leadership Conference Demands Answers from Linda McMahon Amidst Sweeping Threats to Civil Rights in Education
23:37:12 root         DEBUG    Dates: 2025-02-12
23:37:12 root         DEBUG    Desc: FOR IMMEDIATE RELEASE / LINK   
Contact:  press@civilrights.org 

WASHINGTON  — Liz King, senior director for education equity at The Leadership Conference on Civil and Human Rights, released the following statement in advance of the Senate Health, Education, Labor and Pensions Committee’s hearing on the nomination of Linda McMahon to serve as Secretary of Education: 

“Every child deserves the chance to learn, grow, and thrive — and a school that will help them do that. When we remove the barriers they face, students from all backgrounds succeed. Tomorrow, Linda McMahon must explain how she would stop the wrecking ball that is aimed at the Department of Education — a civil rights agency — and how she would protect children from the disaster machine of President Trump and unelected Musk. She must explain why our families should be shut out from our schools by funding cuts, unchecked discrimination, or censored curriculum. She must explain how taking support away from children, dollars out of classrooms, research away from educators, and data away from policymakers will help our communities and nation thrive. She must explain why bullies who use laws as weapons — or ignore laws entirely — deserve any access to the keys to our future. 

“Tomorrow Linda McMahon must pick a side, and senators must ask her: Is she with us, or is she with Trump, Musk, and those who would take away our futures?” 

The Leadership Conference on Civil and Human Rights is a coalition charged by its diverse membership of more than 240 national organizations to promote and protect the rights of all persons in the United States. The Leadership Conference works toward an America as good as its ideals. For more information on The Leadership Conference and its member organizations, visit  www.civilrights.org  . 

### 

  *   *   * 


23:37:12 root         DEBUG    Agency_id 15366
23:37:12 root         DEBUG    Article Link: https://civilrights.org/2025/02/12/the-leadership-conference-demands-answers-from-linda-mcmahon-amidst-sweeping-threats-to-civil-rights-in-education/
23:37:12 root         INFO     LEDE: [testlede] month: [Feb.] day: [12]
23:37:12 root         INFO     
ADDING: FILENAME: [testfilename  Education] TITLE: [The Leadership Conference Demands Answers from Linda McMahon Amidst Sweeping Threats to Civil Rights in Education] DATE: [2025-02-12] ID [15366]

23:37:13 root         INFO     Driver opened url https://civilrights.org/2025/02/12/congress-stop-trump-nominees-leverage-budget-until-musk-data-breach-halted/: 0.5 second load started
23:37:13 root         DEBUG    Titles: Civil Rights Community to Congress: STOP Trump Nominees, Leverage Budget until Musk-led Data Breach is Halted
23:37:13 root         DEBUG    Dates: 2025-02-12
23:37:13 root         DEBUG    Desc: FOR IMMEDIATE RELEASE 

Contact: Mariah Wildgen,  wildgen@civilrights.org 

In a letter to Senate Minority Leader Schumer and House Minority Leader Jeffries, advocates highlight privacy threats, harm to individuals’ livelihoods 

WASHINGTON  — The Leadership Conference on Civil and Human Rights, joined by 66 national organizations, urged members of Congress to stop the illegal data breach led by Elon Musk and his so-called Department of Government Efficiency by leveraging all available nominations, budget, and oversight authority until these actions are halted, investigated, and Musk and his fanboys are held accountable. 

In a  letter  to Senate Minority Leader Chuck Schumer, D. N.Y., and House Minority Leader Hakeem Jeffries, D. N.Y., and shared with all congressional Democrats, advocates wrote, “This unchecked breach of our most sensitive data is shocking and illegal. Musk and his employees and agents are not elected officials, do not appear to have been vetted for security clearances, or were not even government employees at the time they accessed government systems and the personal data within them. Moreover, they are threatening individuals who merely seek to identify who is participating in these violations.” 

The advocates identified numerous threats and data abuse and misuse concerns, including, but not limited to, the  weaponization of data  for personal and corporate gain;  illegal access of sensitive data  by unelected, unvetted, unqualified, and non-government individuals  ; exposing of health care and worker data  , including sensitive personal information about patients, workers, and whistleblowers and information about worker health and safety. 

The advocates continued, “Musk’s illegal overreach requires immediate intervention. We call on members of Congress to respond to this lawless and reckless behavior by refusing to support business as usual, because Musk has not been engaged in the usual business of the people.” Specifically, the advocates demanded the following actions: 

  * Oppose Nominations:  Many of the nominees under consideration in the Senate have been nominated with the expectation that they will enable this abusive and exploitative plan. Oppose these pending nominations with every procedural mechanism available in committees and on the floor. 
  * Leverage Budget and Appropriations Legislation:  No budget or appropriations legislation should be advanced until there is certainty that taxpayer dollars and data will be protected from Musk and his cronies. 
  * Conduct a Thorough Investigation:  Members of Congress must launch an investigation into the unlawful access and use of sensitive data by Musk and his subordinates. 



The Leadership Conference was joined by Access Now, Autistic Self Advocacy Network, Bend the Arc: Jewish Action, Clearinghouse on Women’s Issues, Coalition on Human Needs, Color Of Change, Common Cause, Demand Progress, DemCast USA, Disability Rights Education and Defense Fund (DREDF), Drug Policy Alliance, Economic Policy Institute, EdTrust, Electronic Privacy Information Center (EPIC), Empowering Pacific Islander Communities (EPIC), Equal Justice Society, Equal Rights Advocates, Essential Information, Feminist Majority Foundation, Free Press Action, GLAAD, Government Information Watch, Groundwork Collaborative, Human Rights Campaign, Indivisible, Japanese American Citizens League, Jewish Council for Public Affairs (JCPA), Jobs to Move America, Lawyers for Good Government, League of United Latin American Citizens (LULAC), Legal Action Center, Matthew Shepard Foundation, Mayday Health, Muslim Advocates, NAACP, Nathaniel R. Jones Foundation, National Association of Consumer Advocates, National Association of Social Workers, National Bar Association, National Black Child Development Institute (NBCDI), National Black Justice Collective, National Community Reinvestment Coalition, National Consumer Law Center (on behalf of its low-income clients), National Employment Law Project, National Fair Housing Alliance, National Health Law Program, National Hispanic Media Coalition, National Housing Law Project, National Immigration Law Center, National Organization for Women, NETWORK Lobby for Catholic Social Justice, NNAAC, Open MIC, People For the American Way, Project On Government Oversight, Public Citizen, Public Knowledge, Reproaction, Reproductive Freedom for All, Sojourners, Solutions for Worker and Environmental Health Justice, The National Coalition for Asian Pacific American Community Development (National CAPACD), The Restaurant Opportunities Center United (ROC United), Unitarian Universalists for Social Justice, United Church of Christ Media Justice Ministry, and Voices for Progress. 

The letter is available  here  . 

The Leadership Conference on Civil and Human Rights is a coalition charged by its diverse membership of more than 240 national organizations to promote and protect the rights of all persons in the United States. The Leadership Conference works toward an America as good as its ideals. For more information on The Leadership Conference and its member organizations, visit  www.civilrights.org  . 

### 

  *   *   * 


23:37:13 root         DEBUG    Agency_id 15366
23:37:13 root         DEBUG    Article Link: https://civilrights.org/2025/02/12/congress-stop-trump-nominees-leverage-budget-until-musk-data-breach-halted/
23:37:13 root         INFO     LEDE: [testlede] month: [Feb.] day: [12]
23:37:13 root         INFO     
ADDING: FILENAME: [testfilename  is Halted] TITLE: [Civil Rights Community to Congress: STOP Trump Nominees, Leverage Budget until Musk-led Data Breach is Halted] DATE: [2025-02-12] ID [15366]

23:37:14 root         INFO     Driver opened url https://civilrights.org/2025/02/06/civil-rights-coalition-denounces-confirmation-of-russell-vought-as-omb-director/: 0.5 second load started
23:37:14 root         DEBUG    Titles: Civil Rights Coalition Denounces Confirmation of Russell Vought as OMB Director
23:37:14 root         DEBUG    Dates: 2025-02-06
23:37:14 root         DEBUG    Desc: FOR IMMEDIATE RELEASE    
Contact: Patrick McNeil,  mcneil@civilrights.org 

WASHINGTON  —  Maya Wiley, president and CEO of The Leadership Conference on Civil and Human Rights, issued the following statement after the Senate confirmed Russell Vought to serve as director of the Office of Management and Budget (OMB): 

“Communities across the nation deserve access to the federal programs Congress has funded, including early childhood programs like Head Start, health care programs like Medicaid, nutritional programs like SNAP, and housing programs that help veterans and other populations. We deserve a federal government that works for everyone, but Senate Republicans just installed the architect of Project 2025 into one of the most critical positions in the executive branch. Russell Vought, who will now administer the federal budget as the head of OMB, is unfit for this role and holds dangerous views about presidential power — seeking to steal the powers our Constitution confers on Congress and the courts. The intentional chaos and cruelty he sows has already caused significant harm. By his design, some critical federal funding remains frozen, which threatens to interfere with the delivery of crucial programs and jeopardizes families’ access to housing, health care, education, and other essential services. He’s also behind proposed ‘Schedule F’ reforms, which would shamefully force tens of thousands of workers who are doing their jobs as public servants — including in agencies that protect civil rights — to serve the president’s political aims instead of serving the public interest. Any individual with such a deep hostility to civil servants should have already been disqualified from serving in this position. 

“As the nation’s oldest and largest civil rights coalition that has worked to secure passage of the landmark civil rights laws that have moved our country forward, The Leadership Conference is clear eyed: The proposals contained within Vought’s Project 2025, much of which is already underway, threatens to wipe away decades of progress our coalition has fought to make real. Those senators who supported this confirmation are complicit. This anti-civil rights agenda — one that benefits white nationalists and the rich and powerful over everyone else — must be rejected, even if senators couldn’t muster the courage to reject one of its chief authors. 

“We are dismayed by recent confirmations of individuals by this Senate majority and urge all senators to take seriously their constitutional obligation to evaluate the president’s nominees and to fight for our democracy and our communities. Someone with Mr. Vought’s alarming record, stunning support for the president’s abuses of power, and willingness to abdicate the government’s responsibility to the people it serves should never have even been nominated. It is now up to senators to show up for their constituents and the Constitution by rejecting Trump’s dangerous nominees and fighting against the damage that is being inflicted on the institutions whose missions are to serve all people in America.” 

Resources 

  * The Leadership Conference joined  this letter  opposing the nomination of Russell Vought to be director of OMB. 
  * The Leadership Conference also joined  this letter  opposing the nomination of Russell Vought to be director of OMB in the wake of the recent actions taken by OMB. 
  * For more on Project 2025 and what’s at stake for civil rights, click  here  . 



The Leadership Conference on Civil and Human Rights is a coalition charged by its diverse membership of more than 240 national organizations to promote and protect the rights of all persons in the United States. The Leadership Conference works toward an America as good as its ideals. For more information on The Leadership Conference and its member organizations, visit  www.civilrights.org  . 

### 

  *   *   * 


23:37:14 root         DEBUG    Agency_id 15366
23:37:14 root         DEBUG    Article Link: https://civilrights.org/2025/02/06/civil-rights-coalition-denounces-confirmation-of-russell-vought-as-omb-director/
23:37:14 root         INFO     LEDE: [testlede] month: [Feb.] day: [6]
23:37:14 root         INFO     
ADDING: FILENAME: [testfilename B Director] TITLE: [Civil Rights Coalition Denounces Confirmation of Russell Vought as OMB Director] DATE: [2025-02-06] ID [15366]

23:37:15 root         INFO     Driver opened url https://civilrights.org/2025/02/04/civil-rights-coalition-condemns-confirmation-of-pam-bondi-as-attorney-general/: 0.5 second load started
23:37:16 root         DEBUG    Titles: Civil Rights Coalition Condemns Confirmation of Pam Bondi as Attorney General
23:37:16 root         DEBUG    Dates: 2025-02-04
23:37:16 root         DEBUG    Desc: FOR IMMEDIATE RELEASE    
Contact: Patrick McNeil,  mcneil@civilrights.org 

WASHINGTON  —  Maya Wiley, president and CEO of The Leadership Conference on Civil and Human Rights, issued the following statement after the Senate confirmed Pam Bondi to serve as attorney general of the United States: 

“Senators who voted to confirm Pam Bondi to lead the nation’s signature agency for the enforcement of our federal laws — including our civil rights laws — and to deliver impartial justice have made a grave mistake. We must be clear: The regressive agenda threatened by Project 2025 to upend our civil rights protections and turn the Department of Justice from a shield to a weapon is underway. Ms. Bondi’s anti-civil rights background, record of election denial, and unflinching loyalty to the president make her unfit to lead the Department of Justice. At this critical time for our democracy, the American people deserve an attorney general who is fair and independent, who will defend the Constitution, and who will stand up to any powerful person’s violations of the law, even if that person is a friend to a sitting president. It is a position that must have public trust and not serve as a president’s personal weapon to abuse his power. And critically, it is supposed to be in the business of protecting the civil rights of all, not the prerogatives of the super rich. The burden now falls to Ms. Bondi to prove she will obey the oath of office and can truly serve as the people’s lawyer. 

“For 75 years, The Leadership Conference on Civil and Human Rights has worked to pass federal civil rights laws that have sought to prohibit discrimination, improve people’s lives, and advance justice and equality for all the people of our nation. We have also worked to ensure these laws are meaningfully implemented and enforced, and that includes fighting for an attorney general and DOJ that is committed to faithfully enforcing the nation’s landmark civil rights statutes and protecting all communities, not an attorney general who will weaponize the DOJ to faithfully implement Project 2025. Our work doesn’t end now. Despite today’s vote, our values and our quest for justice will prevail. Our coalition will continue to fight for the rights and freedoms of all people and will be watching how the DOJ now proceeds under Attorney General Bondi. 

“Today’s confirmation also raises the stakes for other DOJ nominees, including the nomination of Kash Patel to lead the FBI and Harmeet Dhillon to lead the Civil Rights Division. The Leadership Conference calls on senators to oppose these nominees and ensure that anyone confirmed to critical positions at the DOJ will honor and take seriously the department’s civil rights responsibilities.” 

The Leadership Conference, joined by 93 other national organizations, wrote to the Senate in strong opposition to Ms. Bondi’s confirmation. Read the letter  here  . For more on Project 2025 and its plan to weaponize the DOJ, click  here  . 

The Leadership Conference on Civil and Human Rights is a coalition charged by its diverse membership of more than 240 national organizations to promote and protect the rights of all persons in the United States. The Leadership Conference works toward an America as good as its ideals. For more information on The Leadership Conference and its member organizations, visit  www.civilrights.org  . 

### 

  *   *   * 


23:37:16 root         DEBUG    Agency_id 15366
23:37:16 root         DEBUG    Article Link: https://civilrights.org/2025/02/04/civil-rights-coalition-condemns-confirmation-of-pam-bondi-as-attorney-general/
23:37:16 root         INFO     LEDE: [testlede] month: [Feb.] day: [4]
23:37:16 root         INFO     
ADDING: FILENAME: [testfilename ey General] TITLE: [Civil Rights Coalition Condemns Confirmation of Pam Bondi as Attorney General] DATE: [2025-02-04] ID [15366]

23:37:16 root         INFO     Driver opened url https://civilrights.org/2025/02/04/national-organizations-urge-senators-to-demand-fair-minded-judicial-nominees/: 0.5 second load started
23:37:17 root         DEBUG    Titles: National Organizations Urge Senators to Demand Fair-Minded, Qualified Judicial Nominees Committed to Civil and Human Rights
23:37:17 root         DEBUG    Dates: 2025-02-04
23:37:17 root         DEBUG    Desc: FOR IMMEDIATE RELEASE    
Contact: Patrick McNeil,  mcneil@civilrights.org 

WASHINGTON  — The Leadership Conference on Civil and Human Rights, joined by 84 national organizations,  wrote to senators today  urging them to make our federal judiciary an enduring priority by demanding that all judicial nominees are fair-minded, well-qualified, and committed to civil and human rights. 

The letter, sent two weeks into the new Trump administration and as the Senate prepares to consider the president’s eventual nominees to fill lifetime seats on the federal bench, stresses the importance of having a diverse federal judiciary that works for all people, not just the wealthy and powerful, and the ways in which federal judges impacts people’s lives. “All federal judges decide cases that impact our rights and ability to live in a thriving, multiracial democracy. Judges rule on cases involving voting rights, access to health care, LGBTQ equality, disability rights, protections for immigrants, rights of working people, sexual harassment, freedom from discrimination based on religion, environmental protections, gun safety, and more,” the letter states. 

In their letter, the groups recognize the  damage done to the judiciary  during the first Trump administration, when Republicans controlled the Senate as they do today. “Throughout the previous Trump administration, nominees were often selected for their anti-civil and human rights work, and overall they did not reflect our communities. Unfortunately, this has had dire consequences for the communities we represent,” the groups write. “For the first time in our nation’s history, a majority on the U.S. Supreme Court took away a fundamental right — the right to abortion. The Supreme Court and lower federal courts have jeopardized other civil and human rights and protections as well. Our nation’s highest court has also failed to address the serious ethics crisis that calls into question their fairness and impartiality.” 

All senators have a vital duty as part of their constitutional advice and consent responsibility to carefully consider each of the president’s nominees for the federal bench, most of whom are nominated to serve in lifetime positions. The groups urge senators to take this responsibility seriously and make clear that they will only confirm nominees who are fair-minded, highly qualified, and committed to upholding the rights of all people. 

“For our democracy to work, all people in America need to be able to trust that judges and justices will be fair. We call upon the Senate to do everything in its power to make sure any nominee who is confirmed will truly deliver equal justice under law,” the letter says in closing. 

The full letter is available  here  . 

Leadership Conference resources 

  * Fact sheet  : Damage to the Federal Judiciary During the Trump Administration 
  * Fact sheet  : Project 2025: What’s At Stake for Our Courts, Our Rights, and Our Future 
  * Blog  : Project 2025 and the Project to Take Over Our Courts and Our Rights 



The Leadership Conference on Civil and Human Rights is a coalition charged by its diverse membership of more than 240 national organizations to promote and protect the rights of all persons in the United States. The Leadership Conference works toward an America as good as its ideals. For more information on The Leadership Conference and its member organizations, visit  www.civilrights.org  . 

### 

  *   *   * 


23:37:17 root         DEBUG    Agency_id 15366
23:37:17 root         DEBUG    Article Link: https://civilrights.org/2025/02/04/national-organizations-urge-senators-to-demand-fair-minded-judicial-nominees/
23:37:17 root         INFO     LEDE: [testlede] month: [Feb.] day: [4]
23:37:17 root         INFO     
ADDING: FILENAME: [testfilename man Rights] TITLE: [National Organizations Urge Senators to Demand Fair-Minded, Qualified Judicial Nominees Committed to Civil and Human Rights] DATE: [2025-02-04] ID [15366]

23:37:18 root         INFO     Driver opened url https://civilrights.org/2025/02/03/senate-must-protect-civil-rights-and-reject-bondis-attorney-general-nomination/: 0.5 second load started
23:37:18 root         DEBUG    Titles: Senate Must Protect Civil Rights and Reject Bondi's Attorney General Nomination
23:37:18 root         DEBUG    Dates: 2025-02-03
23:37:18 root         DEBUG    Desc: FOR IMMEDIATE RELEASE    
Contact: Patrick McNeil,  mcneil@civilrights.org 

WASHINGTON  —  Maya Wiley, president and CEO of The Leadership Conference on Civil and Human Rights, issued the following statement ahead of the Senate’s expected vote to invoke cloture on the nomination of Pam Bondi to serve as attorney general of the United States: 

“The Senate is poised to consider an election denier to oversee enforcement of federal voting rights laws and yet another anti-civil rights Trump loyalist who has provided absolutely no assurance that she would be able to defend the Constitution, be fair and independent, and stand up against the unethical and unlawful actions of the president. If confirmed as attorney general, Pam Bondi will have the power to inflict real harm on communities, from denying access to health care, allowing discriminatory and unconstitutional policing to continue unchecked, and shutting voters out of the electoral process that is central to our democracy. That is a terrifying proposition for the nation’s most important civil rights enforcement agency. 

“Beyond the damage already inflicted on the enforcement of our civil rights laws by Trump’s recent callous direction to halt critical actions underway by the department, Bondi’s record demonstrates she will further endanger our communities and attack civil rights from within the DOJ. That is unacceptable and must not happen. The vote to confirm Pam Bondi will be a civil rights vote, and what the full Senate does now matters. It matters for people with disabilities seeking to have their rights vindicated under the Americans with Disabilities Act and other federal laws protecting their freedom to live in an accessible America. It matters for people of color trying to buy a home without being discriminated against because of what they look like. And it matters for victims of hate and bias-motivated crimes who need strong leadership at the department willing to vigorously pursue justice. The Leadership Conference on Civil and Human Rights, the nation’s oldest and largest civil rights coalition, implores all senators to demand better for our freedoms and for our future by opposing Pam Bondi’s nomination.” 

Resources 

  * The Leadership Conference, joined by 93 other national organizations, wrote to the Senate in strong opposition to Ms. Bondi’s confirmation. Read the letter  here  . 
  * Following Ms. Bondi’s testimony before the Senate Judiciary Committee, The Leadership Conference released a memo highlighting many of her troubling responses. Read it  here  . 



The Leadership Conference on Civil and Human Rights is a coalition charged by its diverse membership of more than 240 national organizations to promote and protect the rights of all persons in the United States. The Leadership Conference works toward an America as good as its ideals. For more information on The Leadership Conference and its member organizations, visit  www.civilrights.org  . 

### 

  *   *   * 


23:37:18 root         DEBUG    Agency_id 15366
23:37:18 root         DEBUG    Article Link: https://civilrights.org/2025/02/03/senate-must-protect-civil-rights-and-reject-bondis-attorney-general-nomination/
23:37:18 root         INFO     LEDE: [testlede] month: [Feb.] day: [3]
23:37:18 root         INFO     
ADDING: FILENAME: [testfilename Nomination] TITLE: [Senate Must Protect Civil Rights and Reject Bondi's Attorney General Nomination] DATE: [2025-02-03] ID [15366]

23:37:18 root         ERROR    15366: 1062 (23000): Duplicate entry 'testfilename Nomination' for key 'press_release.filename_uniq_idx'
23:37:19 root         INFO     Driver opened url https://civilrights.org/2025/01/30/the-leadership-conference-thanks-robert-santos-for-service-as-census-bureau-director/: 0.5 second load started
23:37:20 root         DEBUG    Titles: The Leadership Conference Thanks Robert Santos for Service as Census Bureau Director
23:37:20 root         DEBUG    Dates: 2025-01-30
23:37:20 root         DEBUG    Desc: FOR IMMEDIATE RELEASE    
Contact: Rachel Hooper,  hooper@civilrights.org 

WASHINGTON  —  Meeta Anand, senior director of the census and data equity program at The Leadership Conference on Civil and Human Rights, joined by Leadership Conference Census Task Force Co-Chairs Terry Ao Minnis of Asian Americans Advancing Justice  |  AAJC and Arturo Vargas of NALEO Educational Fund, issued the following statement thanking Robert Santos for his service to the U.S. Census Bureau: 

“We thank Robert Santos for his exceptional service to the U.S. Census Bureau, serving as director at the nation’s foremost and largest federal statistical agency responsible for collecting and publishing data through the decennial census, the American Community Survey, and other surveys that inform and improve national decision-making in both the public, private, and nonprofit sectors. 

“Director Santos brought to the bureau 40 years of experience in data, statistics, and the social sciences, in addition to a deep expertise in survey methodology and an unwavering commitment to a fair and accurate census. His leadership has mattered, and he will be remembered for his dedication to ensuring equitable data collection for all communities that accurately reflects historically undercounted groups. 

“As the first person of color to serve as a Senate-confirmed Census Bureau director, Mr. Santos made history — not just through his appointment, but through his leadership in ensuring that every community, regardless of background or geography, was accurately represented in federal data. His contributions will have a lasting impact on the Census Bureau’s commitment to inclusivity, statistical excellence, and public trust. 

“We urge President Trump to appoint someone who not only meets the statutory requirements in federal law but who will also uphold the bureau’s constitutional mandate and maintain its long-standing commitment to impartiality. The integrity of the U.S. Census Bureau must remain above partisan influence, ensuring that data collection and reporting continue to serve the American people with accuracy, transparency, and fairness.” 

The Leadership Conference on Civil and Human Rights is a coalition charged by its diverse membership of more than 240 national organizations to promote and protect the rights of all persons in the United States. The Leadership Conference works toward an America as good as its ideals. For more information on The Leadership Conference and its member organizations, visit  www.civilrights.org  . 

### 

  *   *   * 


23:37:20 root         DEBUG    Agency_id 15366
23:37:20 root         DEBUG    Article Link: https://civilrights.org/2025/01/30/the-leadership-conference-thanks-robert-santos-for-service-as-census-bureau-director/
23:37:20 root         INFO     LEDE: [testlede] month: [Jan.] day: [30]
23:37:20 root         INFO     
ADDING: FILENAME: [testfilename u Director] TITLE: [The Leadership Conference Thanks Robert Santos for Service as Census Bureau Director] DATE: [2025-01-30] ID [15366]

23:37:21 root         INFO     Scrape errors found during run:
23:37:21 root         INFO     []
23:37:21 root         INFO     End of file message
23:37:21 root         INFO     

Load Version 2.1.0 02/04/2025
       Docs Loaded: 7
       URLS processed: 1
       DUPS skipped: 1
       No Ledes found: 0

Passed Parameters:
       Pull House and Senate: False
       Number of days back: 30
       Start Time: 2025-02-16 23:37:03
       End Time: 2025-02-16 23:37:21
       Elapsed Time: 0:00:17
       Character Minimum Amount: 100

Errors:
Docs:
	Loaded:
		15366: The Leadership Conference Implores Senators to Reject Kash Patel's Nomination
		15366: The Leadership Conference Demands Answers from Linda McMahon Amidst Sweeping Threats to Civil Rights in Education
		15366: Civil Rights Community to Congress: STOP Trump Nominees, Leverage Budget until Musk-led Data Breach is Halted
		15366: Civil Rights Coalition Denounces Confirmation of Russell Vought as OMB Director
		15366: Civil Rights Coalition Condemns Confirmation of Pam Bondi as Attorney General
		15366: National Organizations Urge Senators to Demand Fair-Minded, Qualified Judicial Nominees Committed to Civil and Human Rights
		15366: The Leadership Conference Thanks Robert Santos for Service as Census Bureau Director
	Duplicates:
		15366: Senate Must Protect Civil Rights and Reject Bondi's Attorney General Nomination
