14:37:54 root         INFO     Skipping 27599
14:37:54 root         INFO     Skipping 30449
14:37:54 root         INFO     Skipping 14315
14:37:54 root         INFO     Skipping 7566
14:37:54 root         INFO     Skipping 804
14:37:54 root         INFO     Skipping 12106
14:37:54 root         INFO     Skipping 8034
14:37:54 root         INFO     Skipping 7901
14:37:54 root         INFO     Skipping 20157
14:37:54 root         INFO     Skipping 6950
14:37:54 root         INFO     Skipping 15026
14:37:54 root         INFO     Skipping 19993
14:37:54 root         INFO     Skipping 21569
14:37:54 root         INFO     Skipping 23030
14:37:54 root         INFO     Skipping 206
14:37:54 root         INFO     Skipping 16046
14:37:54 root         INFO     Skipping 16140
14:37:54 root         INFO     Skipping 16037
14:37:54 root         INFO     Skipping 43
14:37:54 root         INFO     Skipping 225
14:37:54 root         INFO     Skipping 37711
14:37:54 root         INFO     Skipping 34699
14:37:54 root         INFO     Skipping 19021
14:37:54 root         INFO     Skipping 18495
14:37:54 root         INFO     Skipping 222
14:37:54 root         INFO     Skipping 5602
14:37:54 root         INFO     Skipping 16027
14:37:54 root         INFO     Skipping 21499
14:37:54 root         INFO     Skipping 2698
14:37:54 root         INFO     Skipping 27867
14:37:54 root         INFO     Skipping 24224
14:37:54 root         INFO     Skipping 21563
14:37:54 root         INFO     Skipping 24227
14:37:54 root         INFO     Skipping 17224
14:37:54 root         INFO     Skipping 219
14:37:54 root         INFO     Skipping 23814
14:37:54 root         INFO     Skipping 15376
14:37:54 root         INFO     Skipping 19286
14:37:54 root         INFO     Skipping 28048
14:37:54 root         INFO     Skipping 543
14:37:54 root         INFO     Skipping 24233
14:37:54 root         INFO     Skipping 18735
14:37:54 root         INFO     Skipping 1066
14:37:54 root         INFO     Skipping 37680
14:37:54 root         INFO     Skipping 691
14:37:54 root         INFO     Skipping 677
14:37:54 root         INFO     Skipping 20141
14:37:54 root         INFO     Skipping 36151
14:37:54 root         INFO     Skipping 20319
14:37:54 root         INFO     Skipping 12400
14:37:54 root         INFO     Skipping 127
14:37:54 root         INFO     Skipping 20792
14:37:54 root         INFO     Skipping 17104
14:37:54 root         INFO     Skipping 24344
14:37:54 root         INFO     Skipping 19546
14:37:54 root         INFO     Skipping 15565
14:37:54 root         INFO     Skipping 13359
14:37:54 root         INFO     Skipping 17922
14:37:54 root         INFO     Skipping 22481
14:37:54 root         INFO     Skipping 20138
14:37:54 root         INFO     Skipping 119
14:37:54 root         INFO     Skipping 24
14:37:54 root         INFO     Skipping 21188
14:37:54 root         INFO     Skipping 3016
14:37:54 root         INFO     Skipping 21525
14:37:54 root         INFO     Skipping 37694
14:37:54 root         INFO     Skipping 18710
14:37:54 root         INFO     Skipping 29332
14:37:54 root         INFO     Skipping 23100
14:37:54 root         INFO     Skipping 37725
14:37:54 root         INFO     Skipping 15633
14:37:54 root         INFO     Skipping 948
14:37:54 root         INFO     Skipping 30993
14:37:54 root         INFO     Skipping 22221
14:37:54 root         INFO     Skipping 22654
14:37:54 root         INFO     Skipping 35809
14:37:54 root         INFO     Skipping 35576
14:37:54 root         INFO     Skipping 37408
14:37:54 root         INFO     Skipping 7844
14:37:54 root         INFO     Skipping 169
14:37:54 root         INFO     Skipping 20
14:37:54 root         INFO     Skipping 8022
14:37:54 root         INFO     Skipping 8032
14:37:54 root         INFO     Skipping 20605
14:37:54 root         INFO     Skipping 7838
14:37:54 root         INFO     Skipping 21497
14:37:54 root         INFO     Skipping 35572
14:37:54 root         INFO     Skipping 30425
14:37:54 root         INFO     Skipping 35517
14:37:54 root         INFO     Skipping 35524
14:37:54 root         INFO     Skipping 21522
14:37:54 root         INFO     Skipping 1325
14:37:54 root         INFO     Skipping 1079
14:37:54 root         INFO     Skipping 6973
14:37:54 root         INFO     Skipping 37495
14:37:54 root         INFO     Skipping 30405
14:37:54 root         INFO     Skipping 18767
14:37:54 root         INFO     Skipping 21521
14:37:54 root         INFO     Skipping 921
14:37:54 root         INFO     Skipping 27602
14:37:54 root         INFO     Skipping 21335
14:37:54 root         INFO     Skipping 30444
14:37:54 root         INFO     Skipping 1363
14:37:54 root         INFO     Skipping 9488
14:37:54 root         INFO     Skipping 24230
14:37:54 root         INFO     Skipping 2696
14:37:54 root         INFO     Skipping 37705
14:37:54 root         INFO     Skipping 33752
14:37:54 root         INFO     Skipping 37731
14:37:54 root         INFO     Skipping 37740
14:37:54 root         INFO     Skipping 9427
14:37:54 root         INFO     Skipping 19880
14:37:54 root         INFO     Skipping 632
14:37:54 root         INFO     Skipping 135
14:37:54 root         INFO     Skipping 39007
14:37:54 root         INFO     Skipping 551
14:37:54 root         INFO     Skipping 37304
14:37:54 root         INFO     Skipping 20115
14:37:54 root         INFO     Skipping 13362
14:37:54 root         INFO     Skipping 7333
14:37:54 root         INFO     Skipping 21423
14:37:54 root         INFO     Skipping 17653
14:37:54 root         INFO     Skipping 21152
14:37:54 root         INFO     Skipping 16031
14:37:54 root         INFO     Skipping 27074
14:37:54 root         INFO     Skipping 255
14:37:54 root         INFO     Skipping 431
14:37:54 root         INFO     Skipping 19290
14:37:54 root         INFO     Skipping 33954
14:37:54 root         INFO     Skipping 22921
14:37:54 root         INFO     Skipping 26556
14:37:54 root         INFO     Skipping 167
14:37:54 root         INFO     Skipping 15884
14:37:54 root         INFO     Skipping 30382
14:37:54 root         INFO     Skipping 30450
14:37:54 root         INFO     Skipping 27626
14:37:54 root         INFO     Skipping 37748
14:37:54 root         INFO     Skipping 715
14:37:54 root         INFO     Skipping 18734
14:37:54 root         INFO     Skipping 9485
14:37:54 root         INFO     Skipping 24231
14:37:54 root         INFO     Skipping 6221
14:37:54 root         INFO     Skipping 15392
14:37:54 root         INFO     Skipping 14466
14:37:54 root         INFO     Skipping 15025
14:37:54 root         INFO     Skipping 19760
14:37:54 root         INFO     Skipping 37095
14:37:54 root         INFO     Skipping 122
14:37:54 root         INFO     Skipping 113
14:37:54 root         INFO     Skipping 13863
14:37:54 root         INFO     Skipping 7355
14:37:54 root         INFO     Skipping 8042
14:37:54 root         INFO     Skipping 23802
14:37:54 root         INFO     Skipping 282
14:37:54 root         INFO     Skipping 7316
14:37:54 root         INFO     Skipping 16040
14:37:54 root         INFO     Skipping 7922
14:37:54 root         INFO     Skipping 16041
14:37:54 root         INFO     Skipping 28101
14:37:54 root         INFO     Skipping 3410
14:37:54 root         INFO     Skipping 7121
14:37:54 root         INFO     Skipping 17116
14:37:54 root         INFO     Skipping 20034
14:37:54 root         INFO     Skipping 6918
14:37:54 root         INFO     Skipping 22037
14:37:54 root         INFO     Skipping 14373
14:37:54 root         INFO     Skipping 13794
14:37:54 root         INFO     Skipping 13964
14:37:54 root         INFO     Skipping 6930
14:37:54 root         INFO     Skipping 19978
14:37:54 root         INFO     Skipping 14069
14:37:54 root         INFO     Skipping 14111
14:37:54 root         INFO     Skipping 6931
14:37:54 root         INFO     Skipping 14021
14:37:54 root         INFO     Skipping 37180
14:37:54 root         INFO     Skipping 35130
14:37:54 root         INFO     Skipping 19684
14:37:54 root         INFO     Skipping 28292
14:37:54 root         INFO     Skipping 30335
14:37:54 root         INFO     Skipping 14867
14:37:54 root         INFO     Skipping 23669
14:37:54 root         INFO     Skipping 6793
14:37:54 root         INFO     Skipping 15440
14:37:54 root         INFO     Skipping 23588
14:37:54 root         INFO     Skipping 10156
14:37:54 root         INFO     Skipping 30046
14:37:54 root         INFO     Skipping 39476
14:37:54 root         INFO     Skipping 37727
14:37:54 root         INFO     Skipping 33096
14:37:54 root         INFO     Skipping 32423
14:37:54 root         INFO     Skipping 30658
14:37:54 root         INFO     Skipping 18394
14:37:54 root         INFO     Skipping 19870
14:37:54 root         INFO     Skipping 15962
14:37:54 root         INFO     Skipping 702
14:37:54 root         INFO     Skipping 39478
14:37:54 root         INFO     Skipping 30435
14:37:54 root         INFO     Skipping 9445
14:37:54 root         INFO     Skipping 24173
14:37:54 root         INFO     Skipping 35554
14:37:54 root         INFO     Skipping 18733
14:37:54 root         INFO     Skipping 3962
14:37:54 root         INFO     Skipping 26659
14:37:54 root         INFO     Skipping 32135
14:37:54 root         INFO     Skipping 27843
14:37:54 root         INFO     Skipping 17658
14:37:54 root         INFO     Skipping 27186
14:37:54 root         INFO     Skipping 6922
14:37:54 root         INFO     Skipping 7317
14:37:54 root         INFO     Skipping 37607
14:37:54 root         INFO     Skipping 19748
14:37:54 root         INFO     Skipping 14979
14:37:54 root         INFO     Skipping 28256
14:37:54 root         INFO     Skipping 15000
14:37:54 root         INFO     Skipping 15725
14:37:54 root         INFO     Skipping 21561
14:37:54 root         INFO     Skipping 23098
14:37:54 root         INFO     Skipping 24231
14:37:54 root         INFO     Skipping 30469
14:37:54 root         INFO     Skipping 37819
14:37:54 root         INFO     Skipping 27605
14:37:54 root         INFO     Skipping 24799
14:37:54 root         INFO     Skipping 35571
14:37:54 root         INFO     Skipping 18750
14:37:54 root         INFO     Skipping 21564
14:37:54 root         INFO     Skipping 695
14:37:54 root         INFO     Skipping 619
14:37:54 root         INFO     Skipping 21566
14:37:54 root         INFO     Skipping 18746
14:37:54 root         INFO     Skipping 30470
14:37:54 root         INFO     Skipping 37747
14:37:54 root         INFO     Skipping 35726
14:37:54 root         INFO     Skipping 35708
14:37:54 root         INFO     Skipping 35705
14:37:54 root         INFO     Skipping 35727
14:37:54 root         INFO     Skipping 37743
14:37:54 root         INFO     Skipping 24229
14:37:54 root         INFO     Skipping 37748
14:37:54 root         INFO     Skipping 19879
14:37:54 root         INFO     Skipping 717
14:37:54 root         INFO     Skipping 35728
14:37:54 root         INFO     Skipping 37820
14:37:54 root         INFO     Skipping 30473
14:37:54 root         INFO     Skipping 37744
14:37:54 root         INFO     Skipping 28313
14:37:54 root         INFO     Skipping 37749
14:37:54 root         INFO     Skipping 15948
14:37:54 root         INFO     Skipping 35707
14:37:54 root         INFO     Skipping 35706
14:37:54 root         INFO     Skipping 35704
14:37:54 root         INFO     Skipping 18740
14:37:54 root         INFO     Skipping 18736
14:37:54 root         INFO     Skipping 183
14:37:54 root         INFO     Skipping 7887
14:37:54 root         INFO     Skipping 15551
14:37:54 root         INFO     Skipping 35562
14:37:54 root         INFO     Skipping 9423
14:37:54 root         INFO     Skipping 1519
14:37:54 root         INFO     Skipping 35489
14:37:54 root         INFO     Skipping 20880
14:37:54 root         INFO     Skipping 37235
14:37:54 root         INFO     Skipping 15882
14:37:54 root         INFO     Skipping 1169
14:37:54 root         INFO     Skipping 9463
14:37:54 root         INFO     Skipping 37685
14:37:54 root         INFO     Skipping 809
14:37:54 root         INFO     Skipping 9421
14:37:54 root         INFO     Skipping 30397
14:37:54 root         INFO     Skipping 37735
14:37:54 root         INFO     Skipping 30394
14:37:54 root         INFO     Skipping 30448
14:37:54 root         INFO     Skipping 27614
14:37:54 root         INFO     Skipping 35527
14:37:54 root         INFO     Skipping 37416
14:37:54 root         INFO     Skipping 37709
14:37:54 root         INFO     Skipping 27649
14:37:54 root         INFO     Skipping 35546
14:37:54 root         INFO     Skipping 1098
14:37:54 root         INFO     Skipping 21488
14:37:54 root         INFO     Skipping 37674
14:37:54 root         INFO     Skipping 37706
14:37:54 root         INFO     Skipping 37713
14:37:54 root         INFO     Skipping 918
14:37:54 root         INFO     Skipping 24210
14:37:54 root         INFO     Skipping 37728
14:37:54 root         INFO     Skipping 35555
14:37:54 root         INFO     Skipping 35556
14:37:54 root         INFO     Skipping 892
14:37:54 root         INFO     Skipping 38045
14:37:54 root         INFO     Skipping 829
14:37:54 root         INFO     Skipping 30468
14:37:54 root         INFO     Skipping 24186
14:37:54 root         INFO     Skipping 24194
14:37:54 root         INFO     Skipping 37693
14:37:54 root         INFO     Skipping 30429
14:37:54 root         INFO     Skipping 1249
14:37:54 root         INFO     Skipping 30434
14:37:54 root         INFO     Skipping 24199
14:37:54 root         INFO     Skipping 37688
14:37:54 root         INFO     Skipping 23853
14:37:54 root         INFO     Skipping 30456
14:37:54 root         INFO     Skipping 1036
14:37:54 root         INFO     Skipping 30436
14:37:54 root         INFO     Skipping 37690
14:37:54 root         INFO     Skipping 36428
14:37:54 root         INFO     Skipping 37721
14:37:54 root         INFO     Skipping 27646
14:37:54 root         INFO     Skipping 24187
14:37:54 root         INFO     Skipping 35551
14:37:54 root         INFO     Skipping 925
14:37:54 root         INFO     Skipping 21570
14:37:54 root         INFO     Skipping 21536
14:37:54 root         INFO     Skipping 604
14:37:54 root         INFO     Skipping 21562
14:37:54 root         INFO     Skipping 21572
14:37:54 root         INFO     Skipping 17884
14:37:54 root         INFO     Skipping 235
14:37:54 root         INFO     Skipping 2909
14:37:54 root         INFO     Skipping 21487
14:37:54 root         INFO     Skipping 27644
14:37:54 root         INFO     Skipping 37722
14:37:54 root         INFO     Skipping 24175
14:37:54 root         INFO     Skipping 27637
14:37:54 root         INFO     Skipping 9424
14:37:54 root         INFO     Skipping 24181
14:37:54 root         INFO     Skipping 37676
14:37:54 root         INFO     Skipping 15912
14:37:54 root         INFO     Skipping 1004
14:37:54 root         INFO     Skipping 15922
14:37:54 root         INFO     Skipping 21523
14:37:54 root         INFO     Skipping 14489
14:37:54 root         INFO     Skipping 18756
14:37:54 root         INFO     Skipping 23549
14:37:54 root         INFO     Skipping 30414
14:37:54 root         INFO     Skipping 2505
14:37:54 root         INFO     Skipping 28735
14:37:54 root         INFO     Skipping 599
14:37:54 root         INFO     Skipping 24124
14:37:54 root         INFO     Skipping 24218
14:37:54 root         INFO     Skipping 19874
14:37:54 root         INFO     Skipping 2175
14:37:54 root         INFO     Skipping 21467
14:37:54 root         INFO     Skipping 30525
14:37:54 root         INFO     Skipping 24176
14:37:54 root         INFO     Skipping 15949
14:37:54 root         INFO     Skipping 27630
14:37:54 root         INFO     Skipping 27632
14:37:54 root         INFO     Skipping 606
14:37:54 root         INFO     Skipping 27629
14:37:54 root         INFO     Skipping 24228
14:37:54 root         INFO     Skipping 562
14:37:54 root         INFO     Skipping 21633
14:37:54 root         INFO     Skipping 24225
14:37:54 root         INFO     Skipping 18725
14:37:54 root         INFO     Skipping 21567
14:37:54 root         INFO     Skipping 27628
14:37:54 root         INFO     Skipping 12921
14:37:54 root         INFO     Skipping 47
14:37:54 root         INFO     Skipping 8101
14:37:54 root         INFO     Skipping 27936
14:37:54 root         INFO     Skipping 23089
14:37:54 root         INFO     Skipping 15911
14:37:54 root         INFO     Skipping 30472
14:37:54 root         INFO     Skipping 35703
14:37:54 root         INFO     Skipping 30475
14:37:54 root         INFO     Skipping 18739
14:37:54 root         INFO     Skipping 30378
14:37:54 root         INFO     Skipping 21
14:37:54 root         INFO     Skipping 32904
14:37:54 root         INFO     Skipping 24169
14:37:54 root         INFO     Skipping 27616
14:37:54 root         INFO     Skipping 546
14:37:54 root         INFO     Skipping 125
14:37:54 root         INFO     Skipping 432
14:37:54 root         INFO     Skipping 23572
14:37:54 root         INFO     Skipping 1
14:37:54 root         INFO     Skipping 10
14:37:54 root         INFO     Skipping 72
14:37:54 root         INFO     Skipping 106
14:37:54 root         INFO     Skipping 804
14:37:54 root         INFO     Skipping 697
14:37:54 root         INFO     Skipping 166
14:37:54 root         INFO     Skipping 37667
14:37:54 root         INFO     Skipping 24234
14:37:54 root         INFO     Skipping 34781
14:37:54 root         INFO     Skipping 44
14:37:54 root         INFO     Skipping 2434
14:37:54 root         INFO     Skipping 7307
14:37:54 root         INFO     Skipping 7280
14:37:54 root         INFO     Skipping 14197
14:37:54 root         INFO     Skipping 6929
14:37:54 root         INFO     Skipping 24223
14:37:54 root         INFO     Skipping 30412
14:37:54 root         INFO     Skipping 21230
14:37:54 root         INFO     Skipping 7124
14:37:54 root         INFO     Skipping 7516
14:37:54 root         INFO     Skipping 9231
14:37:54 root         INFO     Skipping 13222
14:37:54 root         INFO     Skipping 24928
14:37:54 root         INFO     Skipping 14466
14:37:54 root         INFO     Skipping 19685
14:37:54 root         INFO     Skipping 14008
14:37:54 root         INFO     Skipping 20480
14:37:54 root         INFO     Skipping 7126
14:37:54 root         INFO     Skipping 15792
14:37:54 root         INFO     Skipping 27571
14:37:54 root         INFO     Skipping 19109
14:37:54 root         INFO     Skipping 14066
14:37:54 root         INFO     Skipping 7103
14:37:54 root         INFO     Skipping 13479
14:37:54 root         INFO     Skipping 13475
14:37:54 root         INFO     Skipping 24237
14:37:54 root         INFO     Skipping 28365
14:37:54 root         INFO     Skipping 7118
14:37:54 root         INFO     Skipping 19909
14:37:54 root         INFO     Skipping 13664
14:37:54 root         INFO     Skipping 13467
14:37:54 root         INFO     Skipping 18743
14:37:54 root         INFO     Skipping 19881
14:37:54 root         INFO     Skipping 6970
14:37:54 root         INFO     Skipping 7286
14:37:54 root         INFO     Skipping 14047
14:37:54 root         INFO     Skipping 35569
14:37:54 root         INFO     Skipping 37741
14:37:54 root         INFO     Skipping 37697
14:37:54 root         INFO     Skipping 1453
14:37:54 root         INFO     Skipping 18818
14:37:54 root         INFO     Skipping 37745
14:37:54 root         INFO     Skipping 18836
14:37:54 root         INFO     Skipping 37441
14:37:54 root         INFO     Skipping 24207
14:37:54 root         INFO     Skipping 1483
14:37:54 root         INFO     Skipping 30395
14:37:54 root         INFO     Skipping 30432
14:37:54 root         INFO     Skipping 36969
14:37:54 root         INFO     Skipping 21533
14:37:54 root         INFO     Skipping 1352
14:37:54 root         INFO     Skipping 30390
14:37:54 root         INFO     Skipping 1149
14:37:54 root         INFO     Skipping 24202
14:37:54 root         INFO     Skipping 30389
14:37:54 root         INFO     Skipping 15891
14:37:54 root         INFO     Skipping 14488
14:37:54 root         INFO     Skipping 30528
14:37:54 root         INFO     Skipping 27597
14:37:54 root         INFO     Skipping 37737
14:37:54 root         INFO     Skipping 1557
14:37:54 root         INFO     Skipping 27609
14:37:54 root         INFO     Skipping 900
14:37:54 root         INFO     Skipping 21527
14:37:54 root         INFO     Skipping 1479
14:37:54 root         INFO     Skipping 30387
14:37:54 root         INFO     Skipping 980
14:37:54 root         INFO     Skipping 37703
14:37:54 root         INFO     Skipping 15304
14:37:54 root         INFO     Skipping 128
14:37:54 root         INFO     Skipping 14781
14:37:54 root         INFO     Skipping 15528
14:37:54 root         INFO     Skipping 25120
14:37:54 root         INFO     Skipping 33803
14:37:54 root         INFO     Skipping 20476
14:37:54 root         INFO     Skipping 27502
14:37:54 root         INFO     Skipping 13456
14:37:54 root         INFO     Skipping 27390
14:37:54 root         INFO     Skipping 15813
14:37:54 root         INFO     Skipping 7320
14:37:54 root         INFO     Skipping 20668
14:37:54 root         INFO     Skipping 38937
14:37:54 root         INFO     Skipping 37417
14:37:54 root         INFO     Skipping 13038
14:37:54 root         INFO     Skipping 6932
14:37:54 root         INFO     Skipping 14978
14:37:54 root         INFO     Skipping 17045
14:37:54 root         INFO     Skipping 22385
14:37:54 root         INFO     Skipping 7853
14:37:54 root         INFO     Skipping 14026
14:37:54 root         INFO     Skipping 14923
14:37:54 root         INFO     Skipping 7288
14:37:54 root         INFO     Skipping 7538
14:37:54 root         INFO     Skipping 13451
14:37:54 root         INFO     Skipping 25009
14:37:54 root         INFO     Skipping 9452
14:37:54 root         INFO     Skipping 20118
14:37:54 root         INFO     Skipping 20475
14:37:54 root         INFO     Skipping 14602
14:37:54 root         INFO     Skipping 7291
14:37:54 root         INFO     Skipping 13457
14:37:54 root         INFO     Skipping 7345
14:37:54 root         INFO     Skipping 35752
14:37:54 root         INFO     Skipping 31489
14:37:54 root         INFO     Skipping 15674
14:37:54 root         INFO     Skipping 31189
14:37:54 root         INFO     Skipping 21
14:37:54 root         INFO     Skipping 247
14:37:54 root         INFO     Skipping 20084
14:37:54 root         INFO     Skipping 16020
14:37:54 root         INFO     Skipping 2009
14:37:54 root         INFO     Skipping 1773
14:37:54 root         INFO     Skipping 7337
14:37:54 root         INFO     Skipping 14910
14:37:54 root         INFO     Skipping 7339
14:37:54 root         INFO     Skipping 24976
14:37:54 root         INFO     Skipping 30360
14:37:54 root         INFO     Skipping 24315
14:37:54 root         INFO     Skipping 30361
14:37:54 root         INFO     Skipping 30358
14:37:54 root         INFO     Skipping 37191
14:37:54 root         INFO     Skipping 3129
14:37:54 root         INFO     Skipping 3052
14:37:54 root         INFO     Skipping 37932
14:37:54 root         INFO     Skipping 3125
14:37:54 root         INFO     Skipping 3109
14:37:54 root         INFO     Skipping 20056
14:37:54 root         INFO     Skipping 37778
14:37:54 root         INFO     Skipping 35587
14:37:54 root         INFO     Skipping 28452
14:37:54 root         INFO     Skipping 3320
14:37:54 root         INFO     Skipping 30367
14:37:54 root         INFO     Skipping 3048
14:37:54 root         INFO     Skipping 27750
14:37:54 root         INFO     Skipping 3072
14:37:54 root         INFO     Skipping 38049
14:37:54 root         INFO     Skipping 30366
14:37:54 root         INFO     Skipping 30368
14:37:54 root         INFO     Skipping 27956
14:37:54 root         INFO     Skipping 15709
14:37:54 root         INFO     Skipping 38047
14:37:54 root         INFO     Skipping 3137
14:37:54 root         INFO     Skipping 3085
14:37:54 root         INFO     Skipping 2042
14:37:54 root         INFO     Skipping 30374
14:37:54 root         INFO     Skipping 3064
14:37:54 root         INFO     Skipping 3286
14:37:54 root         INFO     Skipping 30362
14:37:54 root         INFO     Skipping 3309
14:37:54 root         INFO     Skipping 37826
14:37:54 root         INFO     Skipping 4972
14:37:54 root         INFO     Skipping 15790
14:37:54 root         INFO     Skipping 18747
14:37:54 root         INFO     Skipping 22401
14:37:54 root         INFO     Skipping 18711
14:37:54 root         INFO     Skipping 3123
14:37:54 root         INFO     Skipping 3296
14:37:54 root         INFO     Skipping 164
14:37:54 root         INFO     Skipping 30617
14:37:54 root         INFO     Skipping 19614
14:37:54 root         INFO     Skipping 23295
14:37:54 root         INFO     Skipping 35818
14:37:54 root         INFO     Driver opened url https://unidosus.org/media-center/: 0.5 second load started
14:37:55 root         INFO     Driver opened url https://unidosus.org/press-releases/fda-proposal-on-front-of-package-nutrition-labeling-is-a-good-first-step-for-food-transparency/: 0.5 second load started
14:37:56 root         INFO     LEDE: [testlede] month: [Jan.] day: [15]
14:37:56 root         INFO     
ADDING: FILENAME: [testfilename ansparency] TITLE: [FDA Proposal on Front-of-Package Nutrition Labeling Is a Good First Step for Food Transparency] DATE: [2025-01-15] ID [7531]

14:37:57 root         INFO     Driver opened url https://unidosus.org/press-releases/advocacy-groups-urge-florida-legislature-to-address-states-food-insecurity-crisis-with-259-million-in-federal-summer-ebt-funds/: 0.5 second load started
14:37:58 root         INFO     LEDE: [testlede] month: [Jan.] day: [13]
14:37:58 root         INFO     
ADDING: FILENAME: [testfilename  EBT Funds] TITLE: [Advocacy Groups Urge Florida Legislature to Address State's Food Insecurity Crisis With $259 Million in Federal Summer EBT Funds] DATE: [2025-01-13] ID [7531]

14:37:58 root         INFO     Driver opened url https://unidosus.org/press-releases/unidosus-urges-texas-state-officials-to-address-states-food-insecurity-crisis-with-450-million-in-federal-summer-ebt-funds/: 0.5 second load started
14:37:59 root         INFO     LEDE: [testlede] month: [Jan.] day: [13]
14:37:59 root         INFO     
ADDING: FILENAME: [testfilename  EBT Funds] TITLE: [UnidosUS Urges Texas State Officials to Address State's Food Insecurity Crisis with $450 Million in Federal Summer EBT Funds] DATE: [2025-01-13] ID [7531]

14:37:59 root         ERROR    7531: 1062 (23000): Duplicate entry 'testfilename  EBT Funds' for key 'press_release.filename_uniq_idx'
14:37:59 root         INFO     Driver opened url https://unidosus.org/press-releases/unidosus-metas-dangerous-policy-changes-put-profit-over-democracy/: 0.5 second load started
14:38:00 root         INFO     LEDE: [testlede] month: [Jan.] day: [13]
14:38:00 root         INFO     
ADDING: FILENAME: [testfilename  Democracy] TITLE: [UnidosUS: Meta's Dangerous Policy Changes Put Profit over Democracy] DATE: [2025-01-13] ID [7531]

14:38:00 root         INFO     Driver opened url https://unidosus.org/press-releases/unidosus-lauds-biden-administrations-extension-of-temporary-protected-status-for-thousands-of-latino-immigrants-living-and-working-in-the-u-s/: 0.5 second load started
14:38:01 root         INFO     LEDE: [testlede] month: [Jan.] day: [10]
14:38:01 root         INFO     
ADDING: FILENAME: [testfilename n the U.S.] TITLE: [UnidosUS Lauds Biden Administration's Extension of Temporary Protected Status for Thousands of Latino Immigrants Living and Working in the U.S.] DATE: [2025-01-10] ID [7531]

14:38:02 root         INFO     Driver opened url https://unidosus.org/press-releases/unidosus-mourns-passing-of-former-us-president-jimmy-carter/: 0.5 second load started
14:38:02 root         INFO     LEDE: [testlede] month: [Dec.] day: [29]
14:38:02 root         INFO     
ADDING: FILENAME: [testfilename mmy Carter] TITLE: [UnidosUS Mourns Passing of Former U.S. President Jimmy Carter] DATE: [2024-12-29] ID [7531]

14:38:03 root         INFO     Driver opened url https://unidosus.org/press-releases/unidosuss-janet-murguia-warns-congress-mass-deportation-will-wreak-more-havoc-on-americas-broken-immigration-system-devastating-families-and-the-economy/: 0.5 second load started
14:38:03 root         INFO     LEDE: [testlede] month: [Dec.] day: [10]
14:38:03 root         INFO     
ADDING: FILENAME: [testfilename he Economy] TITLE: [UnidosUS's Janet Murguia Warns Congress: Mass Deportation Will Wreak More Havoc on America's Broken Immigration System, Devastating Families and the Economy] DATE: [2024-12-10] ID [7531]

14:38:03 root         INFO     INVALID DATE: 2024-11-12 00:00:00
14:38:03 root         INFO     INVALID DATE: 2024-11-08 00:00:00
14:38:03 root         INFO     INVALID DATE: 2024-11-07 00:00:00
14:38:03 root         INFO     INVALID DATE: 2024-11-05 00:00:00
14:38:03 root         INFO     INVALID DATE: 2024-10-22 00:00:00
14:38:04 root         INFO     Scrape errors found during run:
14:38:04 root         INFO     []
14:38:04 root         INFO     End of file message
14:38:04 root         INFO     

Load Version 2.0.1 01/17/2025
       Docs Loaded: 6
       URLS processed: 1
       DUPS skipped: 1
       No Ledes found: 0

Passed Parameters:
       Pull House and Senate: False
       Number of days back: 60
       Start Time: 2025-01-19 14:37:49
       End Time: 2025-01-19 14:38:04
       Elapsed Time: 0:00:14
       Character Minimum Amount: 100

Errors:
Docs:
	Loaded:
		7531: FDA Proposal on Front-of-Package Nutrition Labeling Is a Good First Step for Food Transparency
		7531: Advocacy Groups Urge Florida Legislature to Address State's Food Insecurity Crisis With $259 Million in Federal Summer EBT Funds
		7531: UnidosUS: Meta's Dangerous Policy Changes Put Profit over Democracy
		7531: UnidosUS Lauds Biden Administration's Extension of Temporary Protected Status for Thousands of Latino Immigrants Living and Working in the U.S.
		7531: UnidosUS Mourns Passing of Former U.S. President Jimmy Carter
		7531: UnidosUS's Janet Murguia Warns Congress: Mass Deportation Will Wreak More Havoc on America's Broken Immigration System, Devastating Families and the Economy
	Duplicates:
		7531: UnidosUS Urges Texas State Officials to Address State's Food Insecurity Crisis with $450 Million in Federal Summer EBT Funds
