09:18:32 root         INFO     Skipping 27599
09:18:32 root         INFO     Skipping 30449
09:18:32 root         INFO     Skipping 14315
09:18:32 root         INFO     Skipping 7566
09:18:32 root         INFO     Skipping 804
09:18:32 root         INFO     Skipping 12106
09:18:32 root         INFO     Skipping 8034
09:18:32 root         INFO     Skipping 7901
09:18:32 root         INFO     Skipping 20157
09:18:32 root         INFO     Skipping 6950
09:18:32 root         INFO     Skipping 15026
09:18:32 root         INFO     Skipping 19993
09:18:32 root         INFO     Skipping 21569
09:18:32 root         INFO     Skipping 23030
09:18:32 root         INFO     Skipping 206
09:18:32 root         INFO     Skipping 16046
09:18:32 root         INFO     Skipping 16140
09:18:32 root         INFO     Skipping 16037
09:18:32 root         INFO     Skipping 43
09:18:32 root         INFO     Skipping 225
09:18:32 root         INFO     Skipping 37711
09:18:32 root         INFO     Skipping 34699
09:18:32 root         INFO     Skipping 19021
09:18:32 root         INFO     Skipping 18495
09:18:32 root         INFO     Skipping 222
09:18:32 root         INFO     Skipping 5602
09:18:32 root         INFO     Skipping 16027
09:18:32 root         INFO     Skipping 21499
09:18:32 root         INFO     Skipping 2698
09:18:32 root         INFO     Skipping 27867
09:18:32 root         INFO     Skipping 24224
09:18:32 root         INFO     Skipping 21563
09:18:32 root         INFO     Skipping 24227
09:18:32 root         INFO     Skipping 17224
09:18:32 root         INFO     Skipping 219
09:18:32 root         INFO     Skipping 23814
09:18:32 root         INFO     Skipping 15376
09:18:32 root         INFO     Skipping 19286
09:18:32 root         INFO     Skipping 28048
09:18:32 root         INFO     Skipping 543
09:18:32 root         INFO     Skipping 24233
09:18:32 root         INFO     Skipping 18735
09:18:32 root         INFO     Skipping 1066
09:18:32 root         INFO     Skipping 37680
09:18:32 root         INFO     Skipping 691
09:18:32 root         INFO     Skipping 677
09:18:32 root         INFO     Skipping 20141
09:18:32 root         INFO     Skipping 36151
09:18:32 root         INFO     Skipping 20319
09:18:32 root         INFO     Skipping 12400
09:18:32 root         INFO     Skipping 127
09:18:32 root         INFO     Skipping 20792
09:18:32 root         INFO     Skipping 17104
09:18:32 root         INFO     Skipping 24344
09:18:32 root         INFO     Skipping 19546
09:18:32 root         INFO     Skipping 15565
09:18:32 root         INFO     Skipping 13359
09:18:32 root         INFO     Skipping 17922
09:18:32 root         INFO     Skipping 22481
09:18:32 root         INFO     Skipping 20138
09:18:32 root         INFO     Skipping 119
09:18:32 root         INFO     Skipping 24
09:18:32 root         INFO     Skipping 21188
09:18:32 root         INFO     Skipping 3016
09:18:32 root         INFO     Skipping 21525
09:18:32 root         INFO     Skipping 37694
09:18:32 root         INFO     Skipping 18710
09:18:32 root         INFO     Skipping 29332
09:18:32 root         INFO     Skipping 23100
09:18:32 root         INFO     Skipping 37725
09:18:32 root         INFO     Skipping 15633
09:18:32 root         INFO     Skipping 948
09:18:32 root         INFO     Skipping 30993
09:18:32 root         INFO     Skipping 22221
09:18:32 root         INFO     Skipping 22654
09:18:32 root         INFO     Skipping 35809
09:18:32 root         INFO     Skipping 35576
09:18:32 root         INFO     Skipping 37408
09:18:32 root         INFO     Skipping 7844
09:18:32 root         INFO     Skipping 169
09:18:32 root         INFO     Skipping 20
09:18:32 root         INFO     Skipping 8022
09:18:32 root         INFO     Skipping 8032
09:18:32 root         INFO     Skipping 20605
09:18:32 root         INFO     Skipping 7838
09:18:32 root         INFO     Skipping 21497
09:18:32 root         INFO     Skipping 35572
09:18:32 root         INFO     Skipping 30425
09:18:32 root         INFO     Skipping 35517
09:18:32 root         INFO     Skipping 35524
09:18:32 root         INFO     Skipping 21522
09:18:32 root         INFO     Skipping 1325
09:18:32 root         INFO     Skipping 1079
09:18:32 root         INFO     Skipping 6973
09:18:32 root         INFO     Skipping 37495
09:18:32 root         INFO     Skipping 30405
09:18:32 root         INFO     Skipping 18767
09:18:32 root         INFO     Skipping 21521
09:18:32 root         INFO     Skipping 921
09:18:32 root         INFO     Skipping 27602
09:18:32 root         INFO     Skipping 21335
09:18:32 root         INFO     Skipping 30444
09:18:32 root         INFO     Skipping 1363
09:18:32 root         INFO     Skipping 9488
09:18:32 root         INFO     Skipping 24230
09:18:32 root         INFO     Skipping 2696
09:18:32 root         INFO     Skipping 37705
09:18:32 root         INFO     Skipping 33752
09:18:32 root         INFO     Skipping 37731
09:18:32 root         INFO     Skipping 37740
09:18:32 root         INFO     Skipping 9427
09:18:32 root         INFO     Skipping 19880
09:18:32 root         INFO     Skipping 632
09:18:32 root         INFO     Skipping 135
09:18:32 root         INFO     Skipping 39007
09:18:32 root         INFO     Skipping 551
09:18:32 root         INFO     Skipping 37304
09:18:32 root         INFO     Skipping 20115
09:18:32 root         INFO     Skipping 13362
09:18:32 root         INFO     Skipping 7333
09:18:32 root         INFO     Skipping 21423
09:18:32 root         INFO     Skipping 17653
09:18:32 root         INFO     Skipping 21152
09:18:32 root         INFO     Skipping 16031
09:18:32 root         INFO     Skipping 27074
09:18:32 root         INFO     Skipping 255
09:18:32 root         INFO     Skipping 431
09:18:32 root         INFO     Skipping 19290
09:18:32 root         INFO     Skipping 33954
09:18:32 root         INFO     Skipping 22921
09:18:32 root         INFO     Skipping 26556
09:18:32 root         INFO     Skipping 167
09:18:32 root         INFO     Skipping 15884
09:18:32 root         INFO     Skipping 30382
09:18:32 root         INFO     Skipping 30450
09:18:32 root         INFO     Skipping 27626
09:18:32 root         INFO     Skipping 37748
09:18:32 root         INFO     Skipping 715
09:18:32 root         INFO     Skipping 18734
09:18:32 root         INFO     Skipping 9485
09:18:32 root         INFO     Skipping 24231
09:18:32 root         INFO     Skipping 6221
09:18:32 root         INFO     Skipping 15392
09:18:32 root         INFO     Skipping 14466
09:18:32 root         INFO     Skipping 15025
09:18:32 root         INFO     Skipping 19760
09:18:32 root         INFO     Skipping 37095
09:18:32 root         INFO     Skipping 122
09:18:32 root         INFO     Skipping 113
09:18:32 root         INFO     Skipping 13863
09:18:32 root         INFO     Skipping 7355
09:18:32 root         INFO     Skipping 8042
09:18:32 root         INFO     Skipping 23802
09:18:32 root         INFO     Skipping 282
09:18:32 root         INFO     Skipping 7316
09:18:32 root         INFO     Skipping 16040
09:18:32 root         INFO     Skipping 7922
09:18:32 root         INFO     Skipping 16041
09:18:32 root         INFO     Skipping 28101
09:18:32 root         INFO     Skipping 3410
09:18:32 root         INFO     Skipping 7121
09:18:32 root         INFO     Skipping 17116
09:18:32 root         INFO     Skipping 20034
09:18:32 root         INFO     Skipping 6918
09:18:32 root         INFO     Skipping 22037
09:18:32 root         INFO     Skipping 14373
09:18:32 root         INFO     Skipping 13794
09:18:32 root         INFO     Skipping 13964
09:18:32 root         INFO     Skipping 6930
09:18:32 root         INFO     Skipping 19978
09:18:32 root         INFO     Skipping 14069
09:18:32 root         INFO     Skipping 14111
09:18:32 root         INFO     Skipping 6931
09:18:32 root         INFO     Skipping 14021
09:18:32 root         INFO     Skipping 37180
09:18:32 root         INFO     Skipping 35130
09:18:32 root         INFO     Skipping 19684
09:18:32 root         INFO     Skipping 28292
09:18:32 root         INFO     Skipping 30335
09:18:32 root         INFO     Skipping 14867
09:18:32 root         INFO     Skipping 23669
09:18:32 root         INFO     Skipping 6793
09:18:32 root         INFO     Skipping 15440
09:18:32 root         INFO     Skipping 23588
09:18:32 root         INFO     Skipping 10156
09:18:32 root         INFO     Skipping 30046
09:18:32 root         INFO     Skipping 39476
09:18:32 root         INFO     Skipping 37727
09:18:32 root         INFO     Skipping 33096
09:18:32 root         INFO     Skipping 32423
09:18:32 root         INFO     Skipping 30658
09:18:32 root         INFO     Skipping 18394
09:18:32 root         INFO     Skipping 19870
09:18:32 root         INFO     Skipping 15962
09:18:32 root         INFO     Skipping 702
09:18:32 root         INFO     Skipping 39478
09:18:32 root         INFO     Skipping 30435
09:18:32 root         INFO     Skipping 9445
09:18:32 root         INFO     Skipping 24173
09:18:32 root         INFO     Skipping 35554
09:18:32 root         INFO     Skipping 18733
09:18:32 root         INFO     Skipping 3962
09:18:32 root         INFO     Skipping 26659
09:18:32 root         INFO     Skipping 32135
09:18:32 root         INFO     Skipping 27843
09:18:32 root         INFO     Skipping 17658
09:18:32 root         INFO     Skipping 27186
09:18:32 root         INFO     Skipping 6922
09:18:32 root         INFO     Skipping 7317
09:18:32 root         INFO     Skipping 37607
09:18:32 root         INFO     Skipping 19748
09:18:32 root         INFO     Skipping 14979
09:18:32 root         INFO     Skipping 28256
09:18:32 root         INFO     Skipping 15000
09:18:32 root         INFO     Skipping 15725
09:18:32 root         INFO     Skipping 21561
09:18:32 root         INFO     Skipping 23098
09:18:32 root         INFO     Skipping 24231
09:18:32 root         INFO     Skipping 30469
09:18:32 root         INFO     Skipping 37819
09:18:32 root         INFO     Skipping 27605
09:18:32 root         INFO     Skipping 24799
09:18:32 root         INFO     Skipping 35571
09:18:32 root         INFO     Skipping 18750
09:18:32 root         INFO     Skipping 21564
09:18:32 root         INFO     Skipping 695
09:18:32 root         INFO     Skipping 619
09:18:32 root         INFO     Skipping 21566
09:18:32 root         INFO     Skipping 18746
09:18:32 root         INFO     Skipping 30470
09:18:32 root         INFO     Skipping 37747
09:18:32 root         INFO     Skipping 35726
09:18:32 root         INFO     Skipping 35708
09:18:32 root         INFO     Skipping 35705
09:18:32 root         INFO     Skipping 35727
09:18:32 root         INFO     Skipping 37743
09:18:32 root         INFO     Skipping 24229
09:18:32 root         INFO     Skipping 37748
09:18:32 root         INFO     Skipping 19879
09:18:32 root         INFO     Skipping 717
09:18:32 root         INFO     Skipping 35728
09:18:32 root         INFO     Skipping 37820
09:18:32 root         INFO     Skipping 30473
09:18:32 root         INFO     Skipping 37744
09:18:32 root         INFO     Skipping 28313
09:18:32 root         INFO     Skipping 37749
09:18:32 root         INFO     Skipping 15948
09:18:32 root         INFO     Skipping 35707
09:18:32 root         INFO     Skipping 35706
09:18:32 root         INFO     Skipping 35704
09:18:32 root         INFO     Skipping 18740
09:18:32 root         INFO     Skipping 18736
09:18:32 root         INFO     Skipping 183
09:18:32 root         INFO     Skipping 7887
09:18:32 root         INFO     Skipping 15551
09:18:32 root         INFO     Skipping 35562
09:18:32 root         INFO     Skipping 9423
09:18:32 root         INFO     Skipping 1519
09:18:32 root         INFO     Skipping 35489
09:18:32 root         INFO     Skipping 20880
09:18:32 root         INFO     Skipping 37235
09:18:32 root         INFO     Skipping 15882
09:18:32 root         INFO     Skipping 1169
09:18:32 root         INFO     Skipping 9463
09:18:32 root         INFO     Skipping 37685
09:18:32 root         INFO     Skipping 809
09:18:32 root         INFO     Skipping 9421
09:18:32 root         INFO     Skipping 30397
09:18:32 root         INFO     Skipping 37735
09:18:32 root         INFO     Skipping 30394
09:18:32 root         INFO     Skipping 30448
09:18:32 root         INFO     Skipping 27614
09:18:32 root         INFO     Skipping 35527
09:18:32 root         INFO     Skipping 37416
09:18:32 root         INFO     Skipping 37709
09:18:32 root         INFO     Skipping 27649
09:18:32 root         INFO     Skipping 35546
09:18:32 root         INFO     Skipping 1098
09:18:32 root         INFO     Skipping 21488
09:18:32 root         INFO     Skipping 37674
09:18:32 root         INFO     Skipping 37706
09:18:32 root         INFO     Skipping 37713
09:18:32 root         INFO     Skipping 918
09:18:32 root         INFO     Skipping 24210
09:18:32 root         INFO     Skipping 37728
09:18:32 root         INFO     Skipping 35555
09:18:32 root         INFO     Skipping 35556
09:18:32 root         INFO     Skipping 892
09:18:32 root         INFO     Skipping 38045
09:18:32 root         INFO     Skipping 829
09:18:32 root         INFO     Skipping 30468
09:18:32 root         INFO     Skipping 24186
09:18:32 root         INFO     Skipping 24194
09:18:32 root         INFO     Skipping 37693
09:18:32 root         INFO     Skipping 30429
09:18:32 root         INFO     Skipping 1249
09:18:32 root         INFO     Skipping 30434
09:18:32 root         INFO     Skipping 24199
09:18:32 root         INFO     Skipping 37688
09:18:32 root         INFO     Skipping 23853
09:18:32 root         INFO     Skipping 30456
09:18:32 root         INFO     Skipping 1036
09:18:32 root         INFO     Skipping 30436
09:18:32 root         INFO     Skipping 37690
09:18:32 root         INFO     Skipping 36428
09:18:32 root         INFO     Skipping 37721
09:18:32 root         INFO     Skipping 27646
09:18:32 root         INFO     Skipping 24187
09:18:32 root         INFO     Skipping 35551
09:18:32 root         INFO     Skipping 925
09:18:32 root         INFO     Skipping 21570
09:18:32 root         INFO     Skipping 21536
09:18:32 root         INFO     Skipping 604
09:18:32 root         INFO     Skipping 21562
09:18:32 root         INFO     Skipping 21572
09:18:32 root         INFO     Skipping 17884
09:18:32 root         INFO     Skipping 235
09:18:32 root         INFO     Skipping 2909
09:18:32 root         INFO     Skipping 21487
09:18:32 root         INFO     Skipping 27644
09:18:32 root         INFO     Skipping 37722
09:18:32 root         INFO     Skipping 24175
09:18:32 root         INFO     Skipping 27637
09:18:32 root         INFO     Skipping 9424
09:18:32 root         INFO     Skipping 24181
09:18:32 root         INFO     Skipping 37676
09:18:32 root         INFO     Skipping 15912
09:18:32 root         INFO     Skipping 1004
09:18:32 root         INFO     Skipping 15922
09:18:32 root         INFO     Skipping 21523
09:18:32 root         INFO     Skipping 14489
09:18:32 root         INFO     Skipping 18756
09:18:32 root         INFO     Skipping 23549
09:18:32 root         INFO     Skipping 30414
09:18:32 root         INFO     Skipping 2505
09:18:32 root         INFO     Skipping 28735
09:18:32 root         INFO     Skipping 599
09:18:32 root         INFO     Skipping 24124
09:18:32 root         INFO     Skipping 24218
09:18:32 root         INFO     Skipping 19874
09:18:32 root         INFO     Skipping 2175
09:18:32 root         INFO     Skipping 21467
09:18:32 root         INFO     Skipping 30525
09:18:32 root         INFO     Skipping 24176
09:18:32 root         INFO     Skipping 15949
09:18:32 root         INFO     Skipping 27630
09:18:32 root         INFO     Skipping 27632
09:18:32 root         INFO     Skipping 606
09:18:32 root         INFO     Skipping 27629
09:18:32 root         INFO     Skipping 24228
09:18:32 root         INFO     Skipping 562
09:18:32 root         INFO     Skipping 21633
09:18:32 root         INFO     Skipping 24225
09:18:32 root         INFO     Skipping 18725
09:18:32 root         INFO     Skipping 21567
09:18:32 root         INFO     Skipping 27628
09:18:32 root         INFO     Skipping 12921
09:18:32 root         INFO     Skipping 47
09:18:32 root         INFO     Skipping 8101
09:18:32 root         INFO     Skipping 27936
09:18:32 root         INFO     Skipping 23089
09:18:32 root         INFO     Skipping 15911
09:18:32 root         INFO     Skipping 30472
09:18:32 root         INFO     Skipping 35703
09:18:32 root         INFO     Skipping 30475
09:18:32 root         INFO     Skipping 18739
09:18:32 root         INFO     Skipping 30378
09:18:32 root         INFO     Skipping 21
09:18:32 root         INFO     Skipping 32904
09:18:32 root         INFO     Skipping 24169
09:18:32 root         INFO     Skipping 27616
09:18:32 root         INFO     Skipping 546
09:18:32 root         INFO     Skipping 125
09:18:32 root         INFO     Skipping 432
09:18:32 root         INFO     Skipping 23572
09:18:32 root         INFO     Skipping 1
09:18:32 root         INFO     Skipping 10
09:18:32 root         INFO     Skipping 72
09:18:32 root         INFO     Skipping 106
09:18:32 root         INFO     Skipping 804
09:18:32 root         INFO     Skipping 697
09:18:32 root         INFO     Skipping 166
09:18:32 root         INFO     Skipping 37667
09:18:32 root         INFO     Skipping 24234
09:18:32 root         INFO     Skipping 34781
09:18:32 root         INFO     Skipping 44
09:18:32 root         INFO     Skipping 2434
09:18:32 root         INFO     Skipping 7307
09:18:32 root         INFO     Skipping 7280
09:18:32 root         INFO     Skipping 14197
09:18:32 root         INFO     Skipping 6929
09:18:32 root         INFO     Skipping 24223
09:18:32 root         INFO     Skipping 30412
09:18:32 root         INFO     Skipping 21230
09:18:32 root         INFO     Skipping 7124
09:18:32 root         INFO     Skipping 7516
09:18:32 root         INFO     Skipping 9231
09:18:32 root         INFO     Skipping 13222
09:18:32 root         INFO     Skipping 24928
09:18:32 root         INFO     Skipping 14466
09:18:32 root         INFO     Skipping 19685
09:18:32 root         INFO     Skipping 14008
09:18:32 root         INFO     Skipping 20480
09:18:32 root         INFO     Skipping 7126
09:18:32 root         INFO     Skipping 15792
09:18:32 root         INFO     Skipping 27571
09:18:32 root         INFO     Skipping 19109
09:18:32 root         INFO     Skipping 14066
09:18:32 root         INFO     Skipping 7103
09:18:32 root         INFO     Skipping 13479
09:18:32 root         INFO     Skipping 13475
09:18:32 root         INFO     Skipping 24237
09:18:32 root         INFO     Skipping 28365
09:18:32 root         INFO     Skipping 7118
09:18:32 root         INFO     Skipping 19909
09:18:32 root         INFO     Skipping 13664
09:18:32 root         INFO     Skipping 13467
09:18:32 root         INFO     Skipping 18743
09:18:32 root         INFO     Skipping 19881
09:18:32 root         INFO     Skipping 6970
09:18:32 root         INFO     Skipping 7286
09:18:32 root         INFO     Skipping 14047
09:18:32 root         INFO     Skipping 35569
09:18:32 root         INFO     Skipping 37741
09:18:32 root         INFO     Skipping 37697
09:18:32 root         INFO     Skipping 1453
09:18:32 root         INFO     Skipping 18818
09:18:32 root         INFO     Skipping 37745
09:18:32 root         INFO     Skipping 18836
09:18:32 root         INFO     Skipping 37441
09:18:32 root         INFO     Skipping 24207
09:18:32 root         INFO     Skipping 1483
09:18:32 root         INFO     Skipping 30395
09:18:32 root         INFO     Skipping 30432
09:18:32 root         INFO     Skipping 36969
09:18:32 root         INFO     Skipping 21533
09:18:32 root         INFO     Skipping 1352
09:18:32 root         INFO     Skipping 30390
09:18:32 root         INFO     Skipping 1149
09:18:32 root         INFO     Skipping 24202
09:18:32 root         INFO     Skipping 30389
09:18:32 root         INFO     Skipping 15891
09:18:32 root         INFO     Skipping 14488
09:18:32 root         INFO     Skipping 30528
09:18:32 root         INFO     Skipping 27597
09:18:32 root         INFO     Skipping 37737
09:18:32 root         INFO     Skipping 1557
09:18:32 root         INFO     Skipping 27609
09:18:32 root         INFO     Skipping 900
09:18:32 root         INFO     Skipping 21527
09:18:32 root         INFO     Skipping 1479
09:18:32 root         INFO     Skipping 30387
09:18:32 root         INFO     Skipping 980
09:18:32 root         INFO     Skipping 37703
09:18:32 root         INFO     Skipping 15304
09:18:32 root         INFO     Skipping 128
09:18:32 root         INFO     Skipping 14781
09:18:32 root         INFO     Skipping 15528
09:18:32 root         INFO     Skipping 25120
09:18:32 root         INFO     Skipping 33803
09:18:32 root         INFO     Skipping 20476
09:18:32 root         INFO     Skipping 27502
09:18:32 root         INFO     Skipping 13456
09:18:32 root         INFO     Skipping 27390
09:18:32 root         INFO     Skipping 15813
09:18:32 root         INFO     Skipping 7320
09:18:32 root         INFO     Skipping 20668
09:18:32 root         INFO     Skipping 38937
09:18:32 root         INFO     Skipping 37417
09:18:32 root         INFO     Skipping 13038
09:18:32 root         INFO     Skipping 6932
09:18:32 root         INFO     Skipping 14978
09:18:32 root         INFO     Skipping 17045
09:18:32 root         INFO     Skipping 22385
09:18:32 root         INFO     Skipping 7853
09:18:32 root         INFO     Skipping 14026
09:18:32 root         INFO     Skipping 14923
09:18:32 root         INFO     Skipping 7288
09:18:32 root         INFO     Skipping 7538
09:18:32 root         INFO     Skipping 13451
09:18:32 root         INFO     Skipping 25009
09:18:32 root         INFO     Skipping 9452
09:18:32 root         INFO     Skipping 20118
09:18:32 root         INFO     Skipping 20475
09:18:32 root         INFO     Skipping 14602
09:18:32 root         INFO     Skipping 7291
09:18:32 root         INFO     Skipping 13457
09:18:32 root         INFO     Skipping 7345
09:18:32 root         INFO     Skipping 35752
09:18:32 root         INFO     Skipping 31489
09:18:32 root         INFO     Skipping 15674
09:18:32 root         INFO     Skipping 31189
09:18:32 root         INFO     Skipping 21
09:18:32 root         INFO     Skipping 247
09:18:32 root         INFO     Skipping 20084
09:18:32 root         INFO     Skipping 16020
09:18:32 root         INFO     Skipping 2009
09:18:32 root         INFO     Skipping 1773
09:18:32 root         INFO     Skipping 7337
09:18:32 root         INFO     Skipping 14910
09:18:32 root         INFO     Skipping 7339
09:18:32 root         INFO     Skipping 24976
09:18:32 root         INFO     Skipping 30360
09:18:32 root         INFO     Skipping 24315
09:18:32 root         INFO     Skipping 30361
09:18:32 root         INFO     Skipping 30358
09:18:32 root         INFO     Skipping 37191
09:18:32 root         INFO     Skipping 3129
09:18:32 root         INFO     Skipping 3052
09:18:32 root         INFO     Skipping 37932
09:18:32 root         INFO     Skipping 3125
09:18:32 root         INFO     Skipping 3109
09:18:32 root         INFO     Skipping 20056
09:18:32 root         INFO     Skipping 37778
09:18:32 root         INFO     Skipping 35587
09:18:32 root         INFO     Skipping 28452
09:18:32 root         INFO     Skipping 3320
09:18:32 root         INFO     Skipping 30367
09:18:32 root         INFO     Skipping 3048
09:18:32 root         INFO     Skipping 27750
09:18:32 root         INFO     Skipping 3072
09:18:32 root         INFO     Skipping 38049
09:18:32 root         INFO     Skipping 30366
09:18:32 root         INFO     Skipping 30368
09:18:32 root         INFO     Skipping 27956
09:18:32 root         INFO     Skipping 15709
09:18:32 root         INFO     Skipping 38047
09:18:32 root         INFO     Skipping 3137
09:18:32 root         INFO     Skipping 3085
09:18:32 root         INFO     Skipping 2042
09:18:32 root         INFO     Skipping 30374
09:18:32 root         INFO     Skipping 3064
09:18:32 root         INFO     Skipping 3286
09:18:32 root         INFO     Skipping 30362
09:18:32 root         INFO     Skipping 3309
09:18:32 root         INFO     Skipping 37826
09:18:32 root         INFO     Skipping 4972
09:18:32 root         INFO     Skipping 15790
09:18:32 root         INFO     Skipping 18747
09:18:32 root         INFO     Skipping 22401
09:18:32 root         INFO     Skipping 18711
09:18:32 root         INFO     Skipping 3123
09:18:32 root         INFO     Skipping 3296
09:18:32 root         INFO     Skipping 164
09:18:33 root         INFO     Driver opened url https://www.apci.org/media/news-releases/: 5 second load started
09:18:39 root         INFO     Driver opened url https://www.apci.org/media/news-releases/release/83595/: 5 second load started
09:18:44 root         INFO     LEDE: [testlede] month: [Jan.] day: [17]
09:18:44 root         INFO     
ADDING: FILENAME: [testfilename ance Costs] TITLE: [Setting the Record Straight Regarding the Treasury Press Release on Homeowners Insurance Costs] DATE: [2025-01-17] ID [30617]

09:18:44 root         INFO     Driver opened url https://www.apci.org/media/news-releases/release/83576/: 5 second load started
09:18:49 root         INFO     LEDE: [testlede] month: [Jan.] day: [17]
09:18:49 root         INFO     
ADDING: FILENAME: [testfilename  Wildfires] TITLE: [Congress Must Act Now to Reduce the Risk of Catastrophic Wildfires] DATE: [2025-01-17] ID [30617]

09:18:50 root         INFO     Driver opened url https://www.apci.org/media/news-releases/release/83543/: 5 second load started
09:18:55 root         INFO     LEDE: [testlede] month: [Jan.] day: [15]
09:18:55 root         INFO     
ADDING: FILENAME: [testfilename ms Process] TITLE: [Southern California Wildfires: How to Navigate the Insurance Claims Process] DATE: [2025-01-15] ID [30617]

09:18:55 root         INFO     Driver opened url https://www.apci.org/media/news-releases/release/83521/: 5 second load started
09:19:00 root         INFO     LEDE: [testlede] month: [Jan.] day: [14]
09:19:00 root         INFO     
ADDING: FILENAME: [testfilename os Angeles] TITLE: [APCIA Supports Gov. Newsom's Action to Expedite Rebuilding of Los Angeles] DATE: [2025-01-14] ID [30617]

09:19:01 root         INFO     Driver opened url https://www.apci.org/media/news-releases/release/83478/: 5 second load started
09:19:06 root         INFO     LEDE: [testlede] month: [Jan.] day: [10]
09:19:06 root         INFO     
ADDING: FILENAME: [testfilename  Wildfires] TITLE: [APCIA CEO David Sampson Responds to Vice President Harris Comments on LA Wildfires] DATE: [2025-01-10] ID [30617]

09:19:06 root         ERROR    30617: 1062 (23000): Duplicate entry 'testfilename  Wildfires' for key 'press_release.filename_uniq_idx'
09:19:06 root         INFO     Driver opened url https://www.apci.org/media/news-releases/release/83468/: 5 second load started
09:19:11 root         INFO     LEDE: [testlede] month: [Jan.] day: [9]
09:19:11 root         INFO     
ADDING: FILENAME: [testfilename  Wildfires] TITLE: [APCIA President and CEO Statement on Southern California Wildfires] DATE: [2025-01-09] ID [30617]

09:19:11 root         ERROR    30617: 1062 (23000): Duplicate entry 'testfilename  Wildfires' for key 'press_release.filename_uniq_idx'
09:19:14 root         INFO     Driver opened url https://www.apci.org/media/news-releases/release/83426/: 5 second load started
09:19:19 root         INFO     LEDE: [testlede] month: [Jan.] day: [7]
09:19:19 root         INFO     
ADDING: FILENAME: [testfilename ur Insurer] TITLE: [Palisades Wildfire: Evacuate to Safety, then Contact your Insurer] DATE: [2025-01-07] ID [30617]

09:19:19 root         INFO     Driver opened url https://www.apci.org/media/news-releases/release/83393/: 5 second load started
09:19:24 root         INFO     LEDE: [testlede] month: [Jan.] day: [6]
09:19:24 root         INFO     
ADDING: FILENAME: [testfilename p Priority] TITLE: [APCIA Announces 2025 Advocacy Priorities; Curbing Rampant Legal System Abuse Remains APCIA's Top Priority] DATE: [2025-01-06] ID [30617]

09:19:25 root         INFO     Driver opened url https://www.apci.org/media/news-releases/release/83304/: 5 second load started
09:19:30 root         INFO     LEDE: [testlede] month: [Dec.] day: [30]
09:19:30 root         INFO     
ADDING: FILENAME: [testfilename Businesses] TITLE: [Reinsurance Regulations Are Needed to Help Stabilize California's Insurance Market and Increase Access to Coverage for Consumers and Businesses] DATE: [2024-12-30] ID [30617]

09:19:30 root         INFO     Driver opened url https://www.apci.org/media/news-releases/release/83252/: 5 second load started
09:19:35 root         INFO     LEDE: [testlede] month: [Dec.] day: [19]
09:19:35 root         INFO     
ADDING: FILENAME: [testfilename ge Article] TITLE: [APCIA Sends Letter to New York Times Editor About Climate Change Article] DATE: [2024-12-19] ID [30617]

09:19:35 root         INFO     INVALID DATE: 2024-12-17 00:00:00
09:19:35 root         INFO     INVALID DATE: 2024-12-17 00:00:00
09:19:35 root         INFO     INVALID DATE: 2024-12-05 00:00:00
09:19:35 root         INFO     INVALID DATE: 2024-11-20 00:00:00
09:19:35 root         INFO     INVALID DATE: 2024-11-15 00:00:00
09:19:36 root         INFO     Scrape errors found during run:
09:19:36 root         INFO     []
09:19:36 root         INFO     End of file message
09:19:36 root         INFO     

Load Version 2.0.1 01/17/2025
       Docs Loaded: 8
       URLS processed: 1
       DUPS skipped: 2
       No Ledes found: 0

Passed Parameters:
       Pull House and Senate: False
       Number of days back: 30
       Start Time: 2025-01-18 09:18:29
       End Time: 2025-01-18 09:19:36
       Elapsed Time: 0:01:07
       Character Minimum Amount: 100

Errors:
Docs:
	Loaded:
		30617: Setting the Record Straight Regarding the Treasury Press Release on Homeowners Insurance Costs
		30617: Congress Must Act Now to Reduce the Risk of Catastrophic Wildfires
		30617: Southern California Wildfires: How to Navigate the Insurance Claims Process
		30617: APCIA Supports Gov. Newsom's Action to Expedite Rebuilding of Los Angeles
		30617: Palisades Wildfire: Evacuate to Safety, then Contact your Insurer
		30617: APCIA Announces 2025 Advocacy Priorities; Curbing Rampant Legal System Abuse Remains APCIA's Top Priority
		30617: Reinsurance Regulations Are Needed to Help Stabilize California's Insurance Market and Increase Access to Coverage for Consumers and Businesses
		30617: APCIA Sends Letter to New York Times Editor About Climate Change Article
	Duplicates:
		30617: APCIA CEO David Sampson Responds to Vice President Harris Comments on LA Wildfires
		30617: APCIA President and CEO Statement on Southern California Wildfires
