09:12:33 root         INFO     Skipping 27599
09:12:33 root         INFO     Skipping 30449
09:12:33 root         INFO     Skipping 14315
09:12:33 root         INFO     Skipping 7566
09:12:33 root         INFO     Skipping 804
09:12:33 root         INFO     Skipping 12106
09:12:33 root         INFO     Skipping 8034
09:12:33 root         INFO     Skipping 7901
09:12:33 root         INFO     Skipping 20157
09:12:33 root         INFO     Skipping 6950
09:12:33 root         INFO     Skipping 15026
09:12:33 root         INFO     Skipping 19993
09:12:33 root         INFO     Skipping 21569
09:12:33 root         INFO     Skipping 23030
09:12:33 root         INFO     Skipping 206
09:12:33 root         INFO     Skipping 16046
09:12:33 root         INFO     Skipping 16140
09:12:33 root         INFO     Skipping 16037
09:12:33 root         INFO     Skipping 43
09:12:33 root         INFO     Skipping 225
09:12:33 root         INFO     Skipping 37711
09:12:33 root         INFO     Skipping 34699
09:12:33 root         INFO     Skipping 19021
09:12:33 root         INFO     Skipping 18495
09:12:33 root         INFO     Skipping 222
09:12:33 root         INFO     Skipping 5602
09:12:33 root         INFO     Skipping 16027
09:12:33 root         INFO     Skipping 21499
09:12:33 root         INFO     Skipping 2698
09:12:33 root         INFO     Skipping 27867
09:12:33 root         INFO     Skipping 24224
09:12:33 root         INFO     Skipping 21563
09:12:33 root         INFO     Skipping 24227
09:12:33 root         INFO     Skipping 17224
09:12:33 root         INFO     Skipping 219
09:12:33 root         INFO     Skipping 23814
09:12:33 root         INFO     Skipping 15376
09:12:33 root         INFO     Skipping 19286
09:12:33 root         INFO     Skipping 28048
09:12:33 root         INFO     Skipping 543
09:12:33 root         INFO     Skipping 24233
09:12:33 root         INFO     Skipping 18735
09:12:33 root         INFO     Skipping 1066
09:12:33 root         INFO     Skipping 37680
09:12:33 root         INFO     Skipping 691
09:12:33 root         INFO     Skipping 677
09:12:33 root         INFO     Skipping 20141
09:12:33 root         INFO     Skipping 36151
09:12:33 root         INFO     Skipping 20319
09:12:33 root         INFO     Skipping 12400
09:12:33 root         INFO     Skipping 127
09:12:33 root         INFO     Skipping 20792
09:12:33 root         INFO     Skipping 17104
09:12:33 root         INFO     Skipping 24344
09:12:33 root         INFO     Skipping 19546
09:12:33 root         INFO     Skipping 15565
09:12:33 root         INFO     Skipping 13359
09:12:33 root         INFO     Skipping 17922
09:12:33 root         INFO     Skipping 22481
09:12:33 root         INFO     Skipping 20138
09:12:33 root         INFO     Skipping 119
09:12:33 root         INFO     Skipping 24
09:12:33 root         INFO     Skipping 21188
09:12:33 root         INFO     Skipping 3016
09:12:33 root         INFO     Skipping 21525
09:12:33 root         INFO     Skipping 37694
09:12:33 root         INFO     Skipping 18710
09:12:33 root         INFO     Skipping 29332
09:12:33 root         INFO     Skipping 23100
09:12:33 root         INFO     Skipping 37725
09:12:33 root         INFO     Skipping 15633
09:12:33 root         INFO     Skipping 948
09:12:33 root         INFO     Skipping 30993
09:12:33 root         INFO     Skipping 22221
09:12:33 root         INFO     Skipping 22654
09:12:33 root         INFO     Skipping 35809
09:12:33 root         INFO     Skipping 35576
09:12:33 root         INFO     Skipping 37408
09:12:33 root         INFO     Skipping 7844
09:12:33 root         INFO     Skipping 169
09:12:33 root         INFO     Skipping 20
09:12:33 root         INFO     Skipping 8022
09:12:33 root         INFO     Skipping 8032
09:12:33 root         INFO     Skipping 20605
09:12:33 root         INFO     Skipping 7838
09:12:33 root         INFO     Skipping 21497
09:12:33 root         INFO     Skipping 35572
09:12:33 root         INFO     Skipping 30425
09:12:33 root         INFO     Skipping 35517
09:12:33 root         INFO     Skipping 35524
09:12:33 root         INFO     Skipping 21522
09:12:33 root         INFO     Skipping 1325
09:12:33 root         INFO     Skipping 1079
09:12:33 root         INFO     Skipping 6973
09:12:33 root         INFO     Skipping 37495
09:12:33 root         INFO     Skipping 30405
09:12:33 root         INFO     Skipping 18767
09:12:33 root         INFO     Skipping 21521
09:12:33 root         INFO     Skipping 921
09:12:33 root         INFO     Skipping 27602
09:12:33 root         INFO     Skipping 21335
09:12:33 root         INFO     Skipping 30444
09:12:33 root         INFO     Skipping 1363
09:12:33 root         INFO     Skipping 9488
09:12:33 root         INFO     Skipping 24230
09:12:33 root         INFO     Skipping 2696
09:12:33 root         INFO     Skipping 37705
09:12:33 root         INFO     Skipping 33752
09:12:33 root         INFO     Skipping 37731
09:12:33 root         INFO     Skipping 37740
09:12:33 root         INFO     Skipping 9427
09:12:33 root         INFO     Skipping 19880
09:12:33 root         INFO     Skipping 632
09:12:33 root         INFO     Skipping 135
09:12:33 root         INFO     Skipping 39007
09:12:33 root         INFO     Skipping 551
09:12:33 root         INFO     Skipping 37304
09:12:33 root         INFO     Skipping 20115
09:12:33 root         INFO     Skipping 13362
09:12:33 root         INFO     Skipping 7333
09:12:33 root         INFO     Skipping 21423
09:12:33 root         INFO     Skipping 17653
09:12:33 root         INFO     Skipping 21152
09:12:33 root         INFO     Skipping 16031
09:12:33 root         INFO     Skipping 27074
09:12:33 root         INFO     Skipping 255
09:12:33 root         INFO     Skipping 431
09:12:33 root         INFO     Skipping 19290
09:12:33 root         INFO     Skipping 33954
09:12:33 root         INFO     Skipping 22921
09:12:33 root         INFO     Skipping 26556
09:12:33 root         INFO     Skipping 167
09:12:33 root         INFO     Skipping 15884
09:12:33 root         INFO     Skipping 30382
09:12:33 root         INFO     Skipping 30450
09:12:33 root         INFO     Skipping 27626
09:12:33 root         INFO     Skipping 37748
09:12:33 root         INFO     Skipping 715
09:12:33 root         INFO     Skipping 18734
09:12:33 root         INFO     Skipping 9485
09:12:33 root         INFO     Skipping 24231
09:12:33 root         INFO     Skipping 6221
09:12:33 root         INFO     Skipping 15392
09:12:33 root         INFO     Skipping 14466
09:12:33 root         INFO     Skipping 15025
09:12:33 root         INFO     Skipping 19760
09:12:33 root         INFO     Skipping 37095
09:12:33 root         INFO     Skipping 122
09:12:33 root         INFO     Skipping 113
09:12:33 root         INFO     Skipping 13863
09:12:33 root         INFO     Skipping 7355
09:12:33 root         INFO     Skipping 8042
09:12:33 root         INFO     Skipping 23802
09:12:33 root         INFO     Skipping 282
09:12:33 root         INFO     Skipping 7316
09:12:33 root         INFO     Skipping 16040
09:12:33 root         INFO     Skipping 7922
09:12:33 root         INFO     Skipping 16041
09:12:33 root         INFO     Skipping 28101
09:12:33 root         INFO     Skipping 3410
09:12:33 root         INFO     Skipping 7121
09:12:33 root         INFO     Skipping 17116
09:12:33 root         INFO     Skipping 20034
09:12:33 root         INFO     Skipping 6918
09:12:33 root         INFO     Skipping 22037
09:12:33 root         INFO     Skipping 14373
09:12:33 root         INFO     Skipping 13794
09:12:33 root         INFO     Skipping 13964
09:12:33 root         INFO     Skipping 6930
09:12:33 root         INFO     Skipping 19978
09:12:33 root         INFO     Skipping 14069
09:12:33 root         INFO     Skipping 14111
09:12:33 root         INFO     Skipping 6931
09:12:33 root         INFO     Skipping 14021
09:12:33 root         INFO     Skipping 37180
09:12:33 root         INFO     Skipping 35130
09:12:33 root         INFO     Skipping 19684
09:12:33 root         INFO     Skipping 28292
09:12:33 root         INFO     Skipping 30335
09:12:33 root         INFO     Skipping 14867
09:12:33 root         INFO     Skipping 23669
09:12:33 root         INFO     Skipping 6793
09:12:33 root         INFO     Skipping 15440
09:12:33 root         INFO     Skipping 23588
09:12:33 root         INFO     Skipping 10156
09:12:33 root         INFO     Skipping 30046
09:12:33 root         INFO     Skipping 39476
09:12:33 root         INFO     Skipping 37727
09:12:33 root         INFO     Skipping 33096
09:12:33 root         INFO     Skipping 32423
09:12:33 root         INFO     Skipping 30658
09:12:33 root         INFO     Skipping 18394
09:12:33 root         INFO     Skipping 19870
09:12:33 root         INFO     Skipping 15962
09:12:33 root         INFO     Skipping 702
09:12:33 root         INFO     Skipping 39478
09:12:33 root         INFO     Skipping 30435
09:12:33 root         INFO     Skipping 9445
09:12:33 root         INFO     Skipping 24173
09:12:33 root         INFO     Skipping 35554
09:12:33 root         INFO     Skipping 18733
09:12:33 root         INFO     Skipping 3962
09:12:33 root         INFO     Skipping 26659
09:12:33 root         INFO     Skipping 32135
09:12:33 root         INFO     Skipping 27843
09:12:33 root         INFO     Skipping 17658
09:12:33 root         INFO     Skipping 27186
09:12:33 root         INFO     Skipping 6922
09:12:33 root         INFO     Skipping 7317
09:12:33 root         INFO     Skipping 37607
09:12:33 root         INFO     Skipping 19748
09:12:33 root         INFO     Skipping 14979
09:12:33 root         INFO     Skipping 28256
09:12:33 root         INFO     Skipping 15000
09:12:33 root         INFO     Skipping 15725
09:12:33 root         INFO     Skipping 21561
09:12:33 root         INFO     Skipping 23098
09:12:33 root         INFO     Skipping 24231
09:12:33 root         INFO     Skipping 30469
09:12:33 root         INFO     Skipping 37819
09:12:33 root         INFO     Skipping 27605
09:12:33 root         INFO     Skipping 24799
09:12:33 root         INFO     Skipping 35571
09:12:33 root         INFO     Skipping 18750
09:12:33 root         INFO     Skipping 21564
09:12:33 root         INFO     Skipping 695
09:12:33 root         INFO     Skipping 619
09:12:33 root         INFO     Skipping 21566
09:12:33 root         INFO     Skipping 18746
09:12:33 root         INFO     Skipping 30470
09:12:33 root         INFO     Skipping 37747
09:12:33 root         INFO     Skipping 35726
09:12:33 root         INFO     Skipping 35708
09:12:33 root         INFO     Skipping 35705
09:12:33 root         INFO     Skipping 35727
09:12:33 root         INFO     Skipping 37743
09:12:33 root         INFO     Skipping 24229
09:12:33 root         INFO     Skipping 37748
09:12:33 root         INFO     Skipping 19879
09:12:33 root         INFO     Skipping 717
09:12:33 root         INFO     Skipping 35728
09:12:33 root         INFO     Skipping 37820
09:12:33 root         INFO     Skipping 30473
09:12:33 root         INFO     Skipping 37744
09:12:33 root         INFO     Skipping 28313
09:12:33 root         INFO     Skipping 37749
09:12:33 root         INFO     Skipping 15948
09:12:33 root         INFO     Skipping 35707
09:12:33 root         INFO     Skipping 35706
09:12:33 root         INFO     Skipping 35704
09:12:33 root         INFO     Skipping 18740
09:12:33 root         INFO     Skipping 18736
09:12:33 root         INFO     Skipping 183
09:12:33 root         INFO     Skipping 7887
09:12:33 root         INFO     Skipping 15551
09:12:33 root         INFO     Skipping 35562
09:12:33 root         INFO     Skipping 9423
09:12:33 root         INFO     Skipping 1519
09:12:33 root         INFO     Skipping 35489
09:12:33 root         INFO     Skipping 20880
09:12:33 root         INFO     Skipping 37235
09:12:33 root         INFO     Skipping 15882
09:12:33 root         INFO     Skipping 1169
09:12:33 root         INFO     Skipping 9463
09:12:33 root         INFO     Skipping 37685
09:12:33 root         INFO     Skipping 809
09:12:33 root         INFO     Skipping 9421
09:12:33 root         INFO     Skipping 30397
09:12:33 root         INFO     Skipping 37735
09:12:33 root         INFO     Skipping 30394
09:12:33 root         INFO     Skipping 30448
09:12:33 root         INFO     Skipping 27614
09:12:33 root         INFO     Skipping 35527
09:12:33 root         INFO     Skipping 37416
09:12:33 root         INFO     Skipping 37709
09:12:33 root         INFO     Skipping 27649
09:12:33 root         INFO     Skipping 35546
09:12:33 root         INFO     Skipping 1098
09:12:33 root         INFO     Skipping 21488
09:12:33 root         INFO     Skipping 37674
09:12:33 root         INFO     Skipping 37706
09:12:33 root         INFO     Skipping 37713
09:12:33 root         INFO     Skipping 918
09:12:33 root         INFO     Skipping 24210
09:12:33 root         INFO     Skipping 37728
09:12:33 root         INFO     Skipping 35555
09:12:33 root         INFO     Skipping 35556
09:12:33 root         INFO     Skipping 892
09:12:33 root         INFO     Skipping 38045
09:12:33 root         INFO     Skipping 829
09:12:33 root         INFO     Skipping 30468
09:12:33 root         INFO     Skipping 24186
09:12:33 root         INFO     Skipping 24194
09:12:33 root         INFO     Skipping 37693
09:12:33 root         INFO     Skipping 30429
09:12:33 root         INFO     Skipping 1249
09:12:33 root         INFO     Skipping 30434
09:12:33 root         INFO     Skipping 24199
09:12:33 root         INFO     Skipping 37688
09:12:33 root         INFO     Skipping 23853
09:12:33 root         INFO     Skipping 30456
09:12:33 root         INFO     Skipping 1036
09:12:33 root         INFO     Skipping 30436
09:12:33 root         INFO     Skipping 37690
09:12:33 root         INFO     Skipping 36428
09:12:33 root         INFO     Skipping 37721
09:12:33 root         INFO     Skipping 27646
09:12:33 root         INFO     Skipping 24187
09:12:33 root         INFO     Skipping 35551
09:12:33 root         INFO     Skipping 925
09:12:33 root         INFO     Skipping 21570
09:12:33 root         INFO     Skipping 21536
09:12:33 root         INFO     Skipping 604
09:12:33 root         INFO     Skipping 21562
09:12:33 root         INFO     Skipping 21572
09:12:33 root         INFO     Skipping 17884
09:12:33 root         INFO     Skipping 235
09:12:33 root         INFO     Skipping 2909
09:12:33 root         INFO     Skipping 21487
09:12:33 root         INFO     Skipping 27644
09:12:33 root         INFO     Skipping 37722
09:12:33 root         INFO     Skipping 24175
09:12:33 root         INFO     Skipping 27637
09:12:33 root         INFO     Skipping 9424
09:12:33 root         INFO     Skipping 24181
09:12:33 root         INFO     Skipping 37676
09:12:33 root         INFO     Skipping 15912
09:12:33 root         INFO     Skipping 1004
09:12:33 root         INFO     Skipping 15922
09:12:33 root         INFO     Skipping 21523
09:12:33 root         INFO     Skipping 14489
09:12:33 root         INFO     Skipping 18756
09:12:33 root         INFO     Skipping 23549
09:12:33 root         INFO     Skipping 30414
09:12:33 root         INFO     Skipping 2505
09:12:33 root         INFO     Skipping 28735
09:12:33 root         INFO     Skipping 599
09:12:33 root         INFO     Skipping 24124
09:12:33 root         INFO     Skipping 24218
09:12:33 root         INFO     Skipping 19874
09:12:33 root         INFO     Skipping 2175
09:12:33 root         INFO     Skipping 21467
09:12:33 root         INFO     Skipping 30525
09:12:33 root         INFO     Skipping 24176
09:12:33 root         INFO     Skipping 15949
09:12:33 root         INFO     Skipping 27630
09:12:33 root         INFO     Skipping 27632
09:12:33 root         INFO     Skipping 606
09:12:33 root         INFO     Skipping 27629
09:12:33 root         INFO     Skipping 24228
09:12:33 root         INFO     Skipping 562
09:12:33 root         INFO     Skipping 21633
09:12:33 root         INFO     Skipping 24225
09:12:33 root         INFO     Skipping 18725
09:12:33 root         INFO     Skipping 21567
09:12:33 root         INFO     Skipping 27628
09:12:33 root         INFO     Skipping 12921
09:12:33 root         INFO     Skipping 47
09:12:33 root         INFO     Skipping 8101
09:12:33 root         INFO     Skipping 27936
09:12:33 root         INFO     Skipping 23089
09:12:33 root         INFO     Skipping 15911
09:12:33 root         INFO     Skipping 30472
09:12:33 root         INFO     Skipping 35703
09:12:33 root         INFO     Skipping 30475
09:12:33 root         INFO     Skipping 18739
09:12:33 root         INFO     Skipping 30378
09:12:33 root         INFO     Skipping 21
09:12:33 root         INFO     Skipping 32904
09:12:33 root         INFO     Skipping 24169
09:12:33 root         INFO     Skipping 27616
09:12:33 root         INFO     Skipping 546
09:12:33 root         INFO     Skipping 125
09:12:33 root         INFO     Skipping 432
09:12:33 root         INFO     Skipping 23572
09:12:33 root         INFO     Skipping 1
09:12:33 root         INFO     Skipping 10
09:12:33 root         INFO     Skipping 72
09:12:33 root         INFO     Skipping 106
09:12:33 root         INFO     Skipping 804
09:12:33 root         INFO     Skipping 697
09:12:33 root         INFO     Skipping 166
09:12:33 root         INFO     Skipping 37667
09:12:33 root         INFO     Skipping 24234
09:12:33 root         INFO     Skipping 34781
09:12:33 root         INFO     Skipping 44
09:12:33 root         INFO     Skipping 2434
09:12:33 root         INFO     Skipping 7307
09:12:33 root         INFO     Skipping 7280
09:12:33 root         INFO     Skipping 14197
09:12:33 root         INFO     Skipping 6929
09:12:33 root         INFO     Skipping 24223
09:12:33 root         INFO     Skipping 30412
09:12:33 root         INFO     Skipping 21230
09:12:33 root         INFO     Skipping 7124
09:12:33 root         INFO     Skipping 7516
09:12:33 root         INFO     Skipping 9231
09:12:33 root         INFO     Skipping 13222
09:12:33 root         INFO     Skipping 24928
09:12:33 root         INFO     Skipping 14466
09:12:33 root         INFO     Skipping 19685
09:12:33 root         INFO     Skipping 14008
09:12:33 root         INFO     Skipping 20480
09:12:33 root         INFO     Skipping 7126
09:12:33 root         INFO     Skipping 15792
09:12:33 root         INFO     Skipping 27571
09:12:33 root         INFO     Skipping 19109
09:12:33 root         INFO     Skipping 14066
09:12:33 root         INFO     Skipping 7103
09:12:33 root         INFO     Skipping 13479
09:12:33 root         INFO     Skipping 13475
09:12:33 root         INFO     Skipping 24237
09:12:33 root         INFO     Skipping 28365
09:12:33 root         INFO     Skipping 7118
09:12:33 root         INFO     Skipping 19909
09:12:33 root         INFO     Skipping 13664
09:12:33 root         INFO     Skipping 13467
09:12:33 root         INFO     Skipping 18743
09:12:33 root         INFO     Skipping 19881
09:12:33 root         INFO     Skipping 6970
09:12:33 root         INFO     Skipping 7286
09:12:33 root         INFO     Skipping 14047
09:12:33 root         INFO     Skipping 35569
09:12:33 root         INFO     Skipping 37741
09:12:33 root         INFO     Skipping 37697
09:12:33 root         INFO     Skipping 1453
09:12:33 root         INFO     Skipping 18818
09:12:33 root         INFO     Skipping 37745
09:12:33 root         INFO     Skipping 18836
09:12:33 root         INFO     Skipping 37441
09:12:33 root         INFO     Skipping 24207
09:12:33 root         INFO     Skipping 1483
09:12:33 root         INFO     Skipping 30395
09:12:33 root         INFO     Skipping 30432
09:12:33 root         INFO     Skipping 36969
09:12:33 root         INFO     Skipping 21533
09:12:33 root         INFO     Skipping 1352
09:12:33 root         INFO     Skipping 30390
09:12:33 root         INFO     Skipping 1149
09:12:33 root         INFO     Skipping 24202
09:12:33 root         INFO     Skipping 30389
09:12:33 root         INFO     Skipping 15891
09:12:33 root         INFO     Skipping 14488
09:12:33 root         INFO     Skipping 30528
09:12:33 root         INFO     Skipping 27597
09:12:33 root         INFO     Skipping 37737
09:12:33 root         INFO     Skipping 1557
09:12:33 root         INFO     Skipping 27609
09:12:33 root         INFO     Skipping 900
09:12:33 root         INFO     Skipping 21527
09:12:33 root         INFO     Skipping 1479
09:12:33 root         INFO     Skipping 30387
09:12:33 root         INFO     Skipping 980
09:12:33 root         INFO     Skipping 37703
09:12:33 root         INFO     Skipping 15304
09:12:33 root         INFO     Skipping 128
09:12:33 root         INFO     Skipping 14781
09:12:33 root         INFO     Skipping 15528
09:12:33 root         INFO     Skipping 25120
09:12:33 root         INFO     Skipping 33803
09:12:33 root         INFO     Skipping 20476
09:12:33 root         INFO     Skipping 27502
09:12:33 root         INFO     Skipping 13456
09:12:33 root         INFO     Skipping 27390
09:12:33 root         INFO     Skipping 15813
09:12:33 root         INFO     Skipping 7320
09:12:33 root         INFO     Skipping 20668
09:12:33 root         INFO     Skipping 38937
09:12:33 root         INFO     Skipping 37417
09:12:33 root         INFO     Skipping 13038
09:12:33 root         INFO     Skipping 6932
09:12:33 root         INFO     Skipping 14978
09:12:33 root         INFO     Skipping 17045
09:12:33 root         INFO     Skipping 22385
09:12:33 root         INFO     Skipping 7853
09:12:33 root         INFO     Skipping 14026
09:12:33 root         INFO     Skipping 14923
09:12:33 root         INFO     Skipping 7288
09:12:33 root         INFO     Skipping 7538
09:12:33 root         INFO     Skipping 13451
09:12:33 root         INFO     Skipping 25009
09:12:33 root         INFO     Skipping 9452
09:12:33 root         INFO     Skipping 20118
09:12:33 root         INFO     Skipping 20475
09:12:33 root         INFO     Skipping 14602
09:12:33 root         INFO     Skipping 7291
09:12:33 root         INFO     Skipping 13457
09:12:33 root         INFO     Skipping 7345
09:12:33 root         INFO     Skipping 35752
09:12:33 root         INFO     Skipping 31489
09:12:33 root         INFO     Skipping 15674
09:12:33 root         INFO     Skipping 31189
09:12:33 root         INFO     Skipping 21
09:12:33 root         INFO     Skipping 247
09:12:33 root         INFO     Skipping 20084
09:12:33 root         INFO     Skipping 16020
09:12:33 root         INFO     Skipping 2009
09:12:33 root         INFO     Skipping 1773
09:12:33 root         INFO     Skipping 7337
09:12:33 root         INFO     Skipping 14910
09:12:33 root         INFO     Skipping 7339
09:12:33 root         INFO     Skipping 24976
09:12:33 root         INFO     Skipping 30360
09:12:33 root         INFO     Skipping 24315
09:12:33 root         INFO     Skipping 30361
09:12:33 root         INFO     Skipping 30358
09:12:33 root         INFO     Skipping 37191
09:12:33 root         INFO     Skipping 3129
09:12:33 root         INFO     Skipping 3052
09:12:33 root         INFO     Skipping 37932
09:12:33 root         INFO     Skipping 3125
09:12:33 root         INFO     Skipping 3109
09:12:33 root         INFO     Skipping 20056
09:12:33 root         INFO     Skipping 37778
09:12:33 root         INFO     Skipping 35587
09:12:33 root         INFO     Skipping 28452
09:12:33 root         INFO     Skipping 3320
09:12:33 root         INFO     Skipping 30367
09:12:33 root         INFO     Skipping 3048
09:12:33 root         INFO     Skipping 27750
09:12:33 root         INFO     Skipping 3072
09:12:33 root         INFO     Skipping 38049
09:12:33 root         INFO     Skipping 30366
09:12:33 root         INFO     Skipping 30368
09:12:33 root         INFO     Skipping 27956
09:12:33 root         INFO     Skipping 15709
09:12:33 root         INFO     Skipping 38047
09:12:33 root         INFO     Skipping 3137
09:12:33 root         INFO     Skipping 3085
09:12:33 root         INFO     Skipping 2042
09:12:33 root         INFO     Skipping 30374
09:12:33 root         INFO     Skipping 3064
09:12:33 root         INFO     Skipping 3286
09:12:33 root         INFO     Skipping 30362
09:12:33 root         INFO     Skipping 3309
09:12:33 root         INFO     Skipping 37826
09:12:33 root         INFO     Skipping 4972
09:12:33 root         INFO     Skipping 15790
09:12:33 root         INFO     Skipping 18747
09:12:33 root         INFO     Skipping 22401
09:12:33 root         INFO     Skipping 18711
09:12:33 root         INFO     Skipping 3123
09:12:33 root         INFO     Skipping 3296
09:12:33 root         INFO     Skipping 164
09:12:35 root         INFO     Driver opened url https://www.iccsafe.org/about/periodicals-and-newsroom/announcements/: 0.5 second load started
09:12:36 root         ERROR    Date Extraction failed: 
09:12:36 root         ERROR    Date Extraction failed: ×
09:12:37 root         INFO     Scrape errors found during run:
09:12:37 root         INFO     []
09:12:37 root         INFO     End of file message
09:12:37 root         INFO     

Load Version 2.0.1 01/17/2025
       Docs Loaded: 0
       URLS processed: 1
       DUPS skipped: 0
       No Ledes found: 0

Passed Parameters:
       Pull House and Senate: False
       Number of days back: 60
       Start Time: 2025-01-18 09:12:28
       End Time: 2025-01-18 09:12:37
       Elapsed Time: 0:00:08
       Character Minimum Amount: 100

Errors:
	Date Found NoneType:
		Date is None: 14278
		Date is None: 14278
Docs:
