17:34:32 root         INFO     Skipping 27599
17:34:32 root         INFO     Skipping 30449
17:34:32 root         INFO     Skipping 14315
17:34:32 root         INFO     Skipping 7566
17:34:32 root         INFO     Skipping 804
17:34:32 root         INFO     Skipping 12106
17:34:32 root         INFO     Skipping 8034
17:34:32 root         INFO     Skipping 7901
17:34:32 root         INFO     Skipping 20157
17:34:32 root         INFO     Skipping 6950
17:34:32 root         INFO     Skipping 15026
17:34:32 root         INFO     Skipping 19993
17:34:32 root         INFO     Skipping 21569
17:34:32 root         INFO     Skipping 23030
17:34:32 root         INFO     Skipping 206
17:34:32 root         INFO     Skipping 16046
17:34:32 root         INFO     Skipping 16140
17:34:32 root         INFO     Skipping 16037
17:34:32 root         INFO     Skipping 43
17:34:32 root         INFO     Skipping 225
17:34:32 root         INFO     Skipping 37711
17:34:32 root         INFO     Skipping 34699
17:34:32 root         INFO     Skipping 19021
17:34:32 root         INFO     Skipping 18495
17:34:32 root         INFO     Skipping 222
17:34:32 root         INFO     Skipping 5602
17:34:32 root         INFO     Skipping 16027
17:34:32 root         INFO     Skipping 21499
17:34:32 root         INFO     Skipping 2698
17:34:32 root         INFO     Skipping 27867
17:34:32 root         INFO     Skipping 24224
17:34:32 root         INFO     Skipping 21563
17:34:32 root         INFO     Skipping 24227
17:34:32 root         INFO     Skipping 17224
17:34:32 root         INFO     Skipping 219
17:34:32 root         INFO     Skipping 23814
17:34:32 root         INFO     Skipping 15376
17:34:32 root         INFO     Skipping 19286
17:34:32 root         INFO     Skipping 28048
17:34:32 root         INFO     Skipping 543
17:34:32 root         INFO     Skipping 24233
17:34:32 root         INFO     Skipping 18735
17:34:32 root         INFO     Skipping 1066
17:34:32 root         INFO     Skipping 37680
17:34:32 root         INFO     Skipping 691
17:34:32 root         INFO     Skipping 677
17:34:32 root         INFO     Skipping 20141
17:34:32 root         INFO     Skipping 36151
17:34:32 root         INFO     Skipping 20319
17:34:32 root         INFO     Skipping 12400
17:34:32 root         INFO     Skipping 127
17:34:32 root         INFO     Skipping 20792
17:34:32 root         INFO     Skipping 17104
17:34:32 root         INFO     Skipping 24344
17:34:32 root         INFO     Skipping 19546
17:34:32 root         INFO     Skipping 15565
17:34:32 root         INFO     Skipping 13359
17:34:32 root         INFO     Skipping 17922
17:34:32 root         INFO     Skipping 22481
17:34:32 root         INFO     Skipping 20138
17:34:32 root         INFO     Skipping 119
17:34:32 root         INFO     Skipping 24
17:34:32 root         INFO     Skipping 21188
17:34:32 root         INFO     Skipping 3016
17:34:32 root         INFO     Skipping 21525
17:34:32 root         INFO     Skipping 37694
17:34:32 root         INFO     Skipping 18710
17:34:32 root         INFO     Skipping 29332
17:34:32 root         INFO     Skipping 23100
17:34:32 root         INFO     Skipping 37725
17:34:32 root         INFO     Skipping 15633
17:34:32 root         INFO     Skipping 948
17:34:32 root         INFO     Skipping 30993
17:34:32 root         INFO     Skipping 22221
17:34:32 root         INFO     Skipping 22654
17:34:32 root         INFO     Skipping 35809
17:34:32 root         INFO     Skipping 35576
17:34:32 root         INFO     Skipping 37408
17:34:32 root         INFO     Skipping 7844
17:34:32 root         INFO     Skipping 169
17:34:32 root         INFO     Skipping 20
17:34:32 root         INFO     Skipping 8022
17:34:32 root         INFO     Skipping 8032
17:34:32 root         INFO     Skipping 20605
17:34:32 root         INFO     Skipping 7838
17:34:32 root         INFO     Skipping 21497
17:34:32 root         INFO     Skipping 35572
17:34:32 root         INFO     Skipping 30425
17:34:32 root         INFO     Skipping 35517
17:34:32 root         INFO     Skipping 35524
17:34:32 root         INFO     Skipping 21522
17:34:32 root         INFO     Skipping 1325
17:34:32 root         INFO     Skipping 1079
17:34:32 root         INFO     Skipping 6973
17:34:32 root         INFO     Skipping 37495
17:34:32 root         INFO     Skipping 30405
17:34:32 root         INFO     Skipping 18767
17:34:32 root         INFO     Skipping 21521
17:34:32 root         INFO     Skipping 921
17:34:32 root         INFO     Skipping 27602
17:34:32 root         INFO     Skipping 21335
17:34:32 root         INFO     Skipping 30444
17:34:32 root         INFO     Skipping 1363
17:34:32 root         INFO     Skipping 9488
17:34:32 root         INFO     Skipping 24230
17:34:32 root         INFO     Skipping 2696
17:34:32 root         INFO     Skipping 37705
17:34:32 root         INFO     Skipping 33752
17:34:32 root         INFO     Skipping 37731
17:34:32 root         INFO     Skipping 37740
17:34:32 root         INFO     Skipping 9427
17:34:32 root         INFO     Skipping 19880
17:34:32 root         INFO     Skipping 632
17:34:32 root         INFO     Skipping 135
17:34:32 root         INFO     Skipping 39007
17:34:32 root         INFO     Skipping 551
17:34:32 root         INFO     Skipping 37304
17:34:32 root         INFO     Skipping 20115
17:34:32 root         INFO     Skipping 13362
17:34:32 root         INFO     Skipping 7333
17:34:32 root         INFO     Skipping 21423
17:34:32 root         INFO     Skipping 17653
17:34:32 root         INFO     Skipping 21152
17:34:32 root         INFO     Skipping 16031
17:34:32 root         INFO     Skipping 27074
17:34:32 root         INFO     Skipping 255
17:34:32 root         INFO     Skipping 431
17:34:32 root         INFO     Skipping 19290
17:34:32 root         INFO     Skipping 33954
17:34:32 root         INFO     Skipping 22921
17:34:32 root         INFO     Skipping 26556
17:34:32 root         INFO     Skipping 167
17:34:32 root         INFO     Skipping 15884
17:34:32 root         INFO     Skipping 30382
17:34:32 root         INFO     Skipping 30450
17:34:32 root         INFO     Skipping 27626
17:34:32 root         INFO     Skipping 37748
17:34:32 root         INFO     Skipping 715
17:34:32 root         INFO     Skipping 18734
17:34:32 root         INFO     Skipping 9485
17:34:32 root         INFO     Skipping 24231
17:34:32 root         INFO     Skipping 6221
17:34:32 root         INFO     Skipping 15392
17:34:32 root         INFO     Skipping 14466
17:34:32 root         INFO     Skipping 15025
17:34:32 root         INFO     Skipping 19760
17:34:32 root         INFO     Skipping 37095
17:34:32 root         INFO     Skipping 122
17:34:32 root         INFO     Skipping 113
17:34:32 root         INFO     Skipping 13863
17:34:32 root         INFO     Skipping 7355
17:34:32 root         INFO     Skipping 8042
17:34:32 root         INFO     Skipping 23802
17:34:32 root         INFO     Skipping 282
17:34:32 root         INFO     Skipping 7316
17:34:32 root         INFO     Skipping 16040
17:34:32 root         INFO     Skipping 7922
17:34:32 root         INFO     Skipping 16041
17:34:32 root         INFO     Skipping 28101
17:34:32 root         INFO     Skipping 3410
17:34:32 root         INFO     Skipping 7121
17:34:32 root         INFO     Skipping 17116
17:34:32 root         INFO     Skipping 20034
17:34:32 root         INFO     Skipping 6918
17:34:32 root         INFO     Skipping 22037
17:34:32 root         INFO     Skipping 14373
17:34:32 root         INFO     Skipping 13794
17:34:32 root         INFO     Skipping 13964
17:34:32 root         INFO     Skipping 6930
17:34:32 root         INFO     Skipping 19978
17:34:32 root         INFO     Skipping 14069
17:34:32 root         INFO     Skipping 14111
17:34:32 root         INFO     Skipping 6931
17:34:32 root         INFO     Skipping 14021
17:34:32 root         INFO     Skipping 37180
17:34:32 root         INFO     Skipping 35130
17:34:32 root         INFO     Skipping 19684
17:34:32 root         INFO     Skipping 28292
17:34:32 root         INFO     Skipping 30335
17:34:32 root         INFO     Skipping 14867
17:34:32 root         INFO     Skipping 23669
17:34:32 root         INFO     Skipping 6793
17:34:32 root         INFO     Skipping 15440
17:34:32 root         INFO     Skipping 23588
17:34:32 root         INFO     Skipping 10156
17:34:32 root         INFO     Skipping 30046
17:34:32 root         INFO     Skipping 39476
17:34:32 root         INFO     Skipping 37727
17:34:32 root         INFO     Skipping 33096
17:34:32 root         INFO     Skipping 32423
17:34:32 root         INFO     Skipping 30658
17:34:32 root         INFO     Skipping 18394
17:34:32 root         INFO     Skipping 19870
17:34:32 root         INFO     Skipping 15962
17:34:32 root         INFO     Skipping 702
17:34:32 root         INFO     Skipping 39478
17:34:32 root         INFO     Skipping 30435
17:34:32 root         INFO     Skipping 9445
17:34:32 root         INFO     Skipping 24173
17:34:32 root         INFO     Skipping 35554
17:34:32 root         INFO     Skipping 18733
17:34:32 root         INFO     Skipping 3962
17:34:32 root         INFO     Skipping 26659
17:34:32 root         INFO     Skipping 32135
17:34:32 root         INFO     Skipping 27843
17:34:32 root         INFO     Skipping 17658
17:34:32 root         INFO     Skipping 27186
17:34:32 root         INFO     Skipping 6922
17:34:32 root         INFO     Skipping 7317
17:34:32 root         INFO     Skipping 37607
17:34:32 root         INFO     Skipping 19748
17:34:32 root         INFO     Skipping 14979
17:34:32 root         INFO     Skipping 28256
17:34:32 root         INFO     Skipping 15000
17:34:32 root         INFO     Skipping 15725
17:34:32 root         INFO     Skipping 21561
17:34:32 root         INFO     Skipping 23098
17:34:32 root         INFO     Skipping 24231
17:34:32 root         INFO     Skipping 30469
17:34:32 root         INFO     Skipping 37819
17:34:32 root         INFO     Skipping 27605
17:34:32 root         INFO     Skipping 24799
17:34:32 root         INFO     Skipping 35571
17:34:32 root         INFO     Skipping 18750
17:34:32 root         INFO     Skipping 21564
17:34:32 root         INFO     Skipping 695
17:34:32 root         INFO     Skipping 619
17:34:32 root         INFO     Skipping 21566
17:34:32 root         INFO     Skipping 18746
17:34:32 root         INFO     Skipping 30470
17:34:32 root         INFO     Skipping 37747
17:34:32 root         INFO     Skipping 35726
17:34:32 root         INFO     Skipping 35708
17:34:32 root         INFO     Skipping 35705
17:34:32 root         INFO     Skipping 35727
17:34:32 root         INFO     Skipping 37743
17:34:32 root         INFO     Skipping 24229
17:34:32 root         INFO     Skipping 37748
17:34:32 root         INFO     Skipping 19879
17:34:32 root         INFO     Skipping 717
17:34:32 root         INFO     Skipping 35728
17:34:32 root         INFO     Skipping 37820
17:34:32 root         INFO     Skipping 30473
17:34:32 root         INFO     Skipping 37744
17:34:32 root         INFO     Skipping 28313
17:34:32 root         INFO     Skipping 37749
17:34:32 root         INFO     Skipping 15948
17:34:32 root         INFO     Skipping 35707
17:34:32 root         INFO     Skipping 35706
17:34:32 root         INFO     Skipping 35704
17:34:32 root         INFO     Skipping 18740
17:34:32 root         INFO     Skipping 18736
17:34:32 root         INFO     Skipping 183
17:34:32 root         INFO     Skipping 7887
17:34:32 root         INFO     Skipping 15551
17:34:32 root         INFO     Skipping 35562
17:34:32 root         INFO     Skipping 9423
17:34:32 root         INFO     Skipping 1519
17:34:32 root         INFO     Skipping 35489
17:34:32 root         INFO     Skipping 20880
17:34:32 root         INFO     Skipping 37235
17:34:32 root         INFO     Skipping 15882
17:34:32 root         INFO     Skipping 1169
17:34:32 root         INFO     Skipping 9463
17:34:32 root         INFO     Skipping 37685
17:34:32 root         INFO     Skipping 809
17:34:32 root         INFO     Skipping 9421
17:34:32 root         INFO     Skipping 30397
17:34:32 root         INFO     Skipping 37735
17:34:32 root         INFO     Skipping 30394
17:34:32 root         INFO     Skipping 30448
17:34:32 root         INFO     Skipping 27614
17:34:32 root         INFO     Skipping 35527
17:34:32 root         INFO     Skipping 37416
17:34:32 root         INFO     Skipping 37709
17:34:32 root         INFO     Skipping 27649
17:34:32 root         INFO     Skipping 35546
17:34:32 root         INFO     Skipping 1098
17:34:32 root         INFO     Skipping 21488
17:34:32 root         INFO     Skipping 37674
17:34:32 root         INFO     Skipping 37706
17:34:32 root         INFO     Skipping 37713
17:34:32 root         INFO     Skipping 918
17:34:32 root         INFO     Skipping 24210
17:34:32 root         INFO     Skipping 37728
17:34:32 root         INFO     Skipping 35555
17:34:32 root         INFO     Skipping 35556
17:34:32 root         INFO     Skipping 892
17:34:32 root         INFO     Skipping 38045
17:34:32 root         INFO     Skipping 829
17:34:32 root         INFO     Skipping 30468
17:34:32 root         INFO     Skipping 24186
17:34:32 root         INFO     Skipping 24194
17:34:32 root         INFO     Skipping 37693
17:34:32 root         INFO     Skipping 30429
17:34:32 root         INFO     Skipping 1249
17:34:32 root         INFO     Skipping 30434
17:34:32 root         INFO     Skipping 24199
17:34:32 root         INFO     Skipping 37688
17:34:32 root         INFO     Skipping 23853
17:34:32 root         INFO     Skipping 30456
17:34:32 root         INFO     Skipping 1036
17:34:32 root         INFO     Skipping 30436
17:34:32 root         INFO     Skipping 37690
17:34:32 root         INFO     Skipping 36428
17:34:32 root         INFO     Skipping 37721
17:34:32 root         INFO     Skipping 27646
17:34:32 root         INFO     Skipping 24187
17:34:32 root         INFO     Skipping 35551
17:34:32 root         INFO     Skipping 925
17:34:32 root         INFO     Skipping 21570
17:34:32 root         INFO     Skipping 21536
17:34:32 root         INFO     Skipping 604
17:34:32 root         INFO     Skipping 21562
17:34:32 root         INFO     Skipping 21572
17:34:32 root         INFO     Skipping 17884
17:34:32 root         INFO     Skipping 235
17:34:32 root         INFO     Skipping 2909
17:34:32 root         INFO     Skipping 21487
17:34:32 root         INFO     Skipping 27644
17:34:32 root         INFO     Skipping 37722
17:34:32 root         INFO     Skipping 24175
17:34:32 root         INFO     Skipping 27637
17:34:32 root         INFO     Skipping 9424
17:34:32 root         INFO     Skipping 24181
17:34:32 root         INFO     Skipping 37676
17:34:32 root         INFO     Skipping 15912
17:34:32 root         INFO     Skipping 1004
17:34:32 root         INFO     Skipping 15922
17:34:32 root         INFO     Skipping 21523
17:34:32 root         INFO     Skipping 14489
17:34:32 root         INFO     Skipping 18756
17:34:32 root         INFO     Skipping 23549
17:34:32 root         INFO     Skipping 30414
17:34:32 root         INFO     Skipping 2505
17:34:32 root         INFO     Skipping 28735
17:34:32 root         INFO     Skipping 599
17:34:32 root         INFO     Skipping 24124
17:34:32 root         INFO     Skipping 24218
17:34:32 root         INFO     Skipping 19874
17:34:32 root         INFO     Skipping 2175
17:34:32 root         INFO     Skipping 21467
17:34:32 root         INFO     Skipping 30525
17:34:32 root         INFO     Skipping 24176
17:34:32 root         INFO     Skipping 15949
17:34:32 root         INFO     Skipping 27630
17:34:32 root         INFO     Skipping 27632
17:34:32 root         INFO     Skipping 606
17:34:32 root         INFO     Skipping 27629
17:34:32 root         INFO     Skipping 24228
17:34:32 root         INFO     Skipping 562
17:34:32 root         INFO     Skipping 21633
17:34:32 root         INFO     Skipping 24225
17:34:32 root         INFO     Skipping 18725
17:34:32 root         INFO     Skipping 21567
17:34:32 root         INFO     Skipping 27628
17:34:32 root         INFO     Skipping 12921
17:34:32 root         INFO     Skipping 47
17:34:32 root         INFO     Skipping 8101
17:34:32 root         INFO     Skipping 27936
17:34:32 root         INFO     Skipping 23089
17:34:32 root         INFO     Skipping 15911
17:34:32 root         INFO     Skipping 30472
17:34:32 root         INFO     Skipping 35703
17:34:32 root         INFO     Skipping 30475
17:34:32 root         INFO     Skipping 18739
17:34:32 root         INFO     Skipping 30378
17:34:32 root         INFO     Skipping 21
17:34:32 root         INFO     Skipping 32904
17:34:32 root         INFO     Skipping 24169
17:34:32 root         INFO     Skipping 27616
17:34:32 root         INFO     Skipping 546
17:34:32 root         INFO     Skipping 125
17:34:32 root         INFO     Skipping 432
17:34:32 root         INFO     Skipping 23572
17:34:32 root         INFO     Skipping 1
17:34:32 root         INFO     Skipping 10
17:34:32 root         INFO     Skipping 72
17:34:32 root         INFO     Skipping 106
17:34:32 root         INFO     Skipping 804
17:34:32 root         INFO     Skipping 697
17:34:32 root         INFO     Skipping 166
17:34:32 root         INFO     Skipping 37667
17:34:32 root         INFO     Skipping 24234
17:34:32 root         INFO     Skipping 34781
17:34:32 root         INFO     Skipping 44
17:34:32 root         INFO     Skipping 2434
17:34:32 root         INFO     Skipping 7307
17:34:32 root         INFO     Skipping 7280
17:34:32 root         INFO     Skipping 14197
17:34:32 root         INFO     Skipping 6929
17:34:32 root         INFO     Skipping 24223
17:34:32 root         INFO     Skipping 30412
17:34:32 root         INFO     Skipping 21230
17:34:32 root         INFO     Skipping 7124
17:34:32 root         INFO     Skipping 7516
17:34:32 root         INFO     Skipping 9231
17:34:32 root         INFO     Skipping 13222
17:34:32 root         INFO     Skipping 24928
17:34:32 root         INFO     Skipping 14466
17:34:32 root         INFO     Skipping 19685
17:34:32 root         INFO     Skipping 14008
17:34:32 root         INFO     Skipping 20480
17:34:32 root         INFO     Skipping 7126
17:34:32 root         INFO     Skipping 15792
17:34:32 root         INFO     Skipping 27571
17:34:32 root         INFO     Skipping 19109
17:34:32 root         INFO     Skipping 14066
17:34:32 root         INFO     Skipping 7103
17:34:32 root         INFO     Skipping 13479
17:34:32 root         INFO     Skipping 13475
17:34:32 root         INFO     Skipping 24237
17:34:32 root         INFO     Skipping 28365
17:34:32 root         INFO     Skipping 7118
17:34:32 root         INFO     Skipping 19909
17:34:32 root         INFO     Skipping 13664
17:34:32 root         INFO     Skipping 13467
17:34:32 root         INFO     Skipping 18743
17:34:32 root         INFO     Skipping 19881
17:34:32 root         INFO     Skipping 6970
17:34:32 root         INFO     Skipping 7286
17:34:32 root         INFO     Skipping 14047
17:34:32 root         INFO     Skipping 35569
17:34:32 root         INFO     Skipping 37741
17:34:32 root         INFO     Skipping 37697
17:34:32 root         INFO     Skipping 1453
17:34:32 root         INFO     Skipping 18818
17:34:32 root         INFO     Skipping 37745
17:34:32 root         INFO     Skipping 18836
17:34:32 root         INFO     Skipping 37441
17:34:32 root         INFO     Skipping 24207
17:34:32 root         INFO     Skipping 1483
17:34:32 root         INFO     Skipping 30395
17:34:32 root         INFO     Skipping 30432
17:34:32 root         INFO     Skipping 36969
17:34:32 root         INFO     Skipping 21533
17:34:32 root         INFO     Skipping 1352
17:34:32 root         INFO     Skipping 30390
17:34:32 root         INFO     Skipping 1149
17:34:32 root         INFO     Skipping 24202
17:34:32 root         INFO     Skipping 30389
17:34:32 root         INFO     Skipping 15891
17:34:32 root         INFO     Skipping 14488
17:34:32 root         INFO     Skipping 30528
17:34:32 root         INFO     Skipping 27597
17:34:32 root         INFO     Skipping 37737
17:34:32 root         INFO     Skipping 1557
17:34:32 root         INFO     Skipping 27609
17:34:32 root         INFO     Skipping 900
17:34:32 root         INFO     Skipping 21527
17:34:32 root         INFO     Skipping 1479
17:34:32 root         INFO     Skipping 30387
17:34:32 root         INFO     Skipping 980
17:34:32 root         INFO     Skipping 37703
17:34:32 root         INFO     Skipping 15304
17:34:32 root         INFO     Skipping 128
17:34:32 root         INFO     Skipping 14781
17:34:32 root         INFO     Skipping 15528
17:34:32 root         INFO     Skipping 25120
17:34:32 root         INFO     Skipping 33803
17:34:32 root         INFO     Skipping 20476
17:34:32 root         INFO     Skipping 27502
17:34:32 root         INFO     Skipping 13456
17:34:32 root         INFO     Skipping 27390
17:34:32 root         INFO     Skipping 15813
17:34:32 root         INFO     Skipping 7320
17:34:32 root         INFO     Skipping 20668
17:34:32 root         INFO     Skipping 38937
17:34:32 root         INFO     Skipping 37417
17:34:32 root         INFO     Skipping 13038
17:34:32 root         INFO     Skipping 6932
17:34:32 root         INFO     Skipping 14978
17:34:32 root         INFO     Skipping 17045
17:34:32 root         INFO     Skipping 22385
17:34:32 root         INFO     Skipping 7853
17:34:32 root         INFO     Skipping 14026
17:34:32 root         INFO     Skipping 14923
17:34:32 root         INFO     Skipping 7288
17:34:32 root         INFO     Skipping 7538
17:34:32 root         INFO     Skipping 13451
17:34:32 root         INFO     Skipping 25009
17:34:32 root         INFO     Skipping 9452
17:34:32 root         INFO     Skipping 20118
17:34:32 root         INFO     Skipping 20475
17:34:32 root         INFO     Skipping 14602
17:34:32 root         INFO     Skipping 7291
17:34:32 root         INFO     Skipping 13457
17:34:32 root         INFO     Skipping 7345
17:34:32 root         INFO     Skipping 35752
17:34:32 root         INFO     Skipping 31489
17:34:32 root         INFO     Skipping 15674
17:34:32 root         INFO     Skipping 31189
17:34:32 root         INFO     Skipping 21
17:34:32 root         INFO     Skipping 247
17:34:32 root         INFO     Skipping 20084
17:34:32 root         INFO     Skipping 16020
17:34:32 root         INFO     Skipping 2009
17:34:32 root         INFO     Skipping 1773
17:34:32 root         INFO     Skipping 7337
17:34:32 root         INFO     Skipping 14910
17:34:32 root         INFO     Skipping 7339
17:34:32 root         INFO     Skipping 24976
17:34:32 root         INFO     Skipping 30360
17:34:32 root         INFO     Skipping 24315
17:34:32 root         INFO     Skipping 30361
17:34:32 root         INFO     Skipping 30358
17:34:32 root         INFO     Skipping 37191
17:34:32 root         INFO     Skipping 3129
17:34:32 root         INFO     Skipping 3052
17:34:32 root         INFO     Skipping 37932
17:34:32 root         INFO     Skipping 3125
17:34:32 root         INFO     Skipping 3109
17:34:32 root         INFO     Skipping 20056
17:34:32 root         INFO     Skipping 37778
17:34:32 root         INFO     Skipping 35587
17:34:32 root         INFO     Skipping 28452
17:34:32 root         INFO     Skipping 3320
17:34:32 root         INFO     Skipping 30367
17:34:32 root         INFO     Skipping 3048
17:34:32 root         INFO     Skipping 27750
17:34:32 root         INFO     Skipping 3072
17:34:32 root         INFO     Skipping 38049
17:34:32 root         INFO     Skipping 30366
17:34:32 root         INFO     Skipping 30368
17:34:32 root         INFO     Skipping 27956
17:34:32 root         INFO     Skipping 15709
17:34:32 root         INFO     Skipping 38047
17:34:32 root         INFO     Skipping 3137
17:34:32 root         INFO     Skipping 3085
17:34:32 root         INFO     Skipping 2042
17:34:32 root         INFO     Skipping 30374
17:34:32 root         INFO     Skipping 3064
17:34:32 root         INFO     Skipping 3286
17:34:32 root         INFO     Skipping 30362
17:34:32 root         INFO     Skipping 3309
17:34:32 root         INFO     Skipping 37826
17:34:32 root         INFO     Skipping 4972
17:34:32 root         INFO     Skipping 15790
17:34:33 root         INFO     Scrape errors found during run:
17:34:33 root         INFO     []
17:34:33 root         INFO     End of file message
17:34:33 root         INFO     

Load Version 2.0.1 01/17/2025
       Docs Loaded: 0
       URLS processed: 0
       DUPS skipped: 0
       No Ledes found: 0

Passed Parameters:
       Pull House and Senate: False
       Number of days back: 30
       Start Time: 2025-01-17 17:34:28
       End Time: 2025-01-17 17:34:33
       Elapsed Time: 0:00:04
       Character Minimum Amount: 100

Errors:
Docs:
