23:19:48 root         INFO     Skipping 27599
23:19:48 root         INFO     Skipping 30449
23:19:48 root         INFO     Skipping 14315
23:19:48 root         INFO     Skipping 7566
23:19:48 root         INFO     Skipping 804
23:19:48 root         INFO     Skipping 12106
23:19:48 root         INFO     Skipping 8034
23:19:48 root         INFO     Skipping 7901
23:19:48 root         INFO     Skipping 20157
23:19:48 root         INFO     Skipping 6950
23:19:48 root         INFO     Skipping 15026
23:19:48 root         INFO     Skipping 19993
23:19:48 root         INFO     Skipping 21569
23:19:48 root         INFO     Skipping 23030
23:19:48 root         INFO     Skipping 206
23:19:48 root         INFO     Skipping 16046
23:19:48 root         INFO     Skipping 16140
23:19:48 root         INFO     Skipping 16037
23:19:48 root         INFO     Skipping 43
23:19:48 root         INFO     Skipping 225
23:19:48 root         INFO     Skipping 37711
23:19:48 root         INFO     Skipping 34699
23:19:48 root         INFO     Skipping 19021
23:19:48 root         INFO     Skipping 18495
23:19:48 root         INFO     Skipping 222
23:19:48 root         INFO     Skipping 5602
23:19:48 root         INFO     Skipping 16027
23:19:48 root         INFO     Skipping 21499
23:19:48 root         INFO     Skipping 2698
23:19:48 root         INFO     Skipping 27867
23:19:48 root         INFO     Skipping 24224
23:19:48 root         INFO     Skipping 21563
23:19:48 root         INFO     Skipping 24227
23:19:48 root         INFO     Skipping 17224
23:19:48 root         INFO     Skipping 219
23:19:48 root         INFO     Skipping 23814
23:19:48 root         INFO     Skipping 15376
23:19:48 root         INFO     Skipping 19286
23:19:48 root         INFO     Skipping 28048
23:19:48 root         INFO     Skipping 543
23:19:48 root         INFO     Skipping 24233
23:19:48 root         INFO     Skipping 18735
23:19:48 root         INFO     Skipping 1066
23:19:48 root         INFO     Skipping 37680
23:19:48 root         INFO     Skipping 691
23:19:48 root         INFO     Skipping 677
23:19:48 root         INFO     Skipping 20141
23:19:48 root         INFO     Skipping 36151
23:19:48 root         INFO     Skipping 20319
23:19:48 root         INFO     Skipping 12400
23:19:48 root         INFO     Skipping 127
23:19:48 root         INFO     Skipping 20792
23:19:48 root         INFO     Skipping 17104
23:19:48 root         INFO     Skipping 24344
23:19:48 root         INFO     Skipping 19546
23:19:48 root         INFO     Skipping 15565
23:19:48 root         INFO     Skipping 13359
23:19:48 root         INFO     Skipping 17922
23:19:48 root         INFO     Skipping 22481
23:19:48 root         INFO     Skipping 20138
23:19:48 root         INFO     Skipping 119
23:19:48 root         INFO     Skipping 21188
23:19:48 root         INFO     Skipping 3016
23:19:48 root         INFO     Skipping 21525
23:19:48 root         INFO     Skipping 37694
23:19:48 root         INFO     Skipping 18710
23:19:48 root         INFO     Skipping 29332
23:19:48 root         INFO     Skipping 23100
23:19:48 root         INFO     Skipping 37725
23:19:48 root         INFO     Skipping 15633
23:19:48 root         INFO     Skipping 948
23:19:48 root         INFO     Skipping 30993
23:19:48 root         INFO     Skipping 22221
23:19:48 root         INFO     Skipping 22654
23:19:48 root         INFO     Skipping 35809
23:19:48 root         INFO     Skipping 35576
23:19:48 root         INFO     Skipping 37408
23:19:48 root         INFO     Skipping 7844
23:19:48 root         INFO     Skipping 20
23:19:48 root         INFO     Skipping 8022
23:19:48 root         INFO     Skipping 8032
23:19:48 root         INFO     Skipping 20605
23:19:48 root         INFO     Skipping 7838
23:19:48 root         INFO     Skipping 21497
23:19:48 root         INFO     Skipping 35572
23:19:48 root         INFO     Skipping 30425
23:19:48 root         INFO     Skipping 35517
23:19:48 root         INFO     Skipping 35524
23:19:48 root         INFO     Skipping 21522
23:19:48 root         INFO     Skipping 1325
23:19:48 root         INFO     Skipping 1079
23:19:48 root         INFO     Skipping 6973
23:19:48 root         INFO     Skipping 37495
23:19:48 root         INFO     Skipping 30405
23:19:48 root         INFO     Skipping 18767
23:19:48 root         INFO     Skipping 21521
23:19:48 root         INFO     Skipping 921
23:19:48 root         INFO     Skipping 27602
23:19:48 root         INFO     Skipping 21335
23:19:48 root         INFO     Skipping 30444
23:19:48 root         INFO     Skipping 1363
23:19:48 root         INFO     Skipping 9488
23:19:48 root         INFO     Skipping 24230
23:19:48 root         INFO     Skipping 2696
23:19:48 root         INFO     Skipping 37705
23:19:48 root         INFO     Skipping 33752
23:19:48 root         INFO     Skipping 37731
23:19:48 root         INFO     Skipping 37740
23:19:48 root         INFO     Skipping 9427
23:19:48 root         INFO     Skipping 19880
23:19:48 root         INFO     Skipping 632
23:19:48 root         INFO     Skipping 39007
23:19:48 root         INFO     Skipping 551
23:19:48 root         INFO     Skipping 37304
23:19:48 root         INFO     Skipping 20115
23:19:48 root         INFO     Skipping 13362
23:19:48 root         INFO     Skipping 7333
23:19:48 root         INFO     Skipping 21423
23:19:48 root         INFO     Skipping 17653
23:19:48 root         INFO     Skipping 21152
23:19:48 root         INFO     Skipping 16031
23:19:48 root         INFO     Skipping 27074
23:19:48 root         INFO     Skipping 255
23:19:48 root         INFO     Skipping 431
23:19:48 root         INFO     Skipping 19290
23:19:48 root         INFO     Skipping 33954
23:19:48 root         INFO     Skipping 22921
23:19:48 root         INFO     Skipping 26556
23:19:48 root         INFO     Skipping 167
23:19:48 root         INFO     Skipping 15884
23:19:48 root         INFO     Skipping 30382
23:19:48 root         INFO     Skipping 30450
23:19:48 root         INFO     Skipping 27626
23:19:48 root         INFO     Skipping 37748
23:19:48 root         INFO     Skipping 715
23:19:48 root         INFO     Skipping 18734
23:19:48 root         INFO     Skipping 9485
23:19:48 root         INFO     Skipping 24231
23:19:48 root         INFO     Skipping 6221
23:19:48 root         INFO     Skipping 15392
23:19:48 root         INFO     Skipping 14466
23:19:48 root         INFO     Skipping 15025
23:19:48 root         INFO     Skipping 19760
23:19:48 root         INFO     Skipping 37095
23:19:48 root         INFO     Skipping 13863
23:19:48 root         INFO     Skipping 7355
23:19:48 root         INFO     Skipping 8042
23:19:48 root         INFO     Skipping 23802
23:19:48 root         INFO     Skipping 282
23:19:48 root         INFO     Skipping 7316
23:19:48 root         INFO     Skipping 16040
23:19:48 root         INFO     Skipping 7922
23:19:48 root         INFO     Skipping 16041
23:19:48 root         INFO     Skipping 28101
23:19:48 root         INFO     Skipping 3410
23:19:48 root         INFO     Skipping 7121
23:19:48 root         INFO     Skipping 17116
23:19:48 root         INFO     Skipping 20034
23:19:48 root         INFO     Skipping 6918
23:19:48 root         INFO     Skipping 22037
23:19:48 root         INFO     Skipping 14373
23:19:48 root         INFO     Skipping 13794
23:19:48 root         INFO     Skipping 13964
23:19:48 root         INFO     Skipping 6930
23:19:48 root         INFO     Skipping 19978
23:19:48 root         INFO     Skipping 14069
23:19:48 root         INFO     Skipping 14111
23:19:48 root         INFO     Skipping 6931
23:19:48 root         INFO     Skipping 14021
23:19:48 root         INFO     Skipping 37180
23:19:48 root         INFO     Skipping 35130
23:19:48 root         INFO     Skipping 19684
23:19:48 root         INFO     Skipping 28292
23:19:48 root         INFO     Skipping 30335
23:19:48 root         INFO     Skipping 14867
23:19:48 root         INFO     Skipping 23669
23:19:48 root         INFO     Skipping 6793
23:19:48 root         INFO     Skipping 15440
23:19:48 root         INFO     Skipping 23588
23:19:48 root         INFO     Skipping 10156
23:19:48 root         INFO     Skipping 30046
23:19:48 root         INFO     Skipping 39476
23:19:48 root         INFO     Skipping 37727
23:19:48 root         INFO     Skipping 33096
23:19:48 root         INFO     Skipping 32423
23:19:48 root         INFO     Skipping 30658
23:19:48 root         INFO     Skipping 19870
23:19:48 root         INFO     Skipping 15962
23:19:48 root         INFO     Skipping 702
23:19:48 root         INFO     Skipping 30435
23:19:48 root         INFO     Skipping 9445
23:19:48 root         INFO     Skipping 24173
23:19:48 root         INFO     Skipping 35554
23:19:48 root         INFO     Skipping 18733
23:19:48 root         INFO     Skipping 3962
23:19:48 root         INFO     Skipping 26659
23:19:48 root         INFO     Skipping 32135
23:19:48 root         INFO     Skipping 27843
23:19:48 root         INFO     Skipping 17658
23:19:48 root         INFO     Skipping 27186
23:19:48 root         INFO     Skipping 6922
23:19:48 root         INFO     Skipping 7317
23:19:48 root         INFO     Skipping 37607
23:19:48 root         INFO     Skipping 19748
23:19:48 root         INFO     Skipping 14979
23:19:48 root         INFO     Skipping 28256
23:19:48 root         INFO     Skipping 15000
23:19:48 root         INFO     Skipping 15725
23:19:48 root         INFO     Skipping 21561
23:19:48 root         INFO     Skipping 23098
23:19:48 root         INFO     Skipping 30469
23:19:48 root         INFO     Skipping 37819
23:19:48 root         INFO     Skipping 27605
23:19:48 root         INFO     Skipping 24799
23:19:48 root         INFO     Skipping 35571
23:19:48 root         INFO     Skipping 18750
23:19:48 root         INFO     Skipping 21564
23:19:48 root         INFO     Skipping 695
23:19:48 root         INFO     Skipping 619
23:19:48 root         INFO     Skipping 21566
23:19:48 root         INFO     Skipping 18746
23:19:48 root         INFO     Skipping 30470
23:19:48 root         INFO     Skipping 37747
23:19:48 root         INFO     Skipping 35726
23:19:48 root         INFO     Skipping 35708
23:19:48 root         INFO     Skipping 35705
23:19:48 root         INFO     Skipping 35727
23:19:48 root         INFO     Skipping 37743
23:19:48 root         INFO     Skipping 24229
23:19:48 root         INFO     Skipping 37748
23:19:48 root         INFO     Skipping 19879
23:19:48 root         INFO     Skipping 717
23:19:48 root         INFO     Skipping 35728
23:19:48 root         INFO     Skipping 37820
23:19:48 root         INFO     Skipping 30473
23:19:48 root         INFO     Skipping 37744
23:19:48 root         INFO     Skipping 28313
23:19:48 root         INFO     Skipping 37749
23:19:48 root         INFO     Skipping 15948
23:19:48 root         INFO     Skipping 35707
23:19:48 root         INFO     Skipping 35706
23:19:48 root         INFO     Skipping 35704
23:19:48 root         INFO     Skipping 18740
23:19:48 root         INFO     Skipping 18736
23:19:48 root         INFO     Skipping 7887
23:19:48 root         INFO     Skipping 15551
23:19:48 root         INFO     Skipping 35562
23:19:48 root         INFO     Skipping 9423
23:19:48 root         INFO     Skipping 1519
23:19:48 root         INFO     Skipping 35489
23:19:48 root         INFO     Skipping 20880
23:19:48 root         INFO     Skipping 37235
23:19:48 root         INFO     Skipping 15882
23:19:48 root         INFO     Skipping 1169
23:19:48 root         INFO     Skipping 9463
23:19:48 root         INFO     Skipping 37685
23:19:48 root         INFO     Skipping 809
23:19:48 root         INFO     Skipping 9421
23:19:48 root         INFO     Skipping 30397
23:19:48 root         INFO     Skipping 37735
23:19:48 root         INFO     Skipping 30394
23:19:48 root         INFO     Skipping 30448
23:19:48 root         INFO     Skipping 27614
23:19:48 root         INFO     Skipping 35527
23:19:48 root         INFO     Skipping 37416
23:19:48 root         INFO     Skipping 37709
23:19:48 root         INFO     Skipping 27649
23:19:48 root         INFO     Skipping 35546
23:19:48 root         INFO     Skipping 1098
23:19:48 root         INFO     Skipping 21488
23:19:48 root         INFO     Skipping 37674
23:19:48 root         INFO     Skipping 37706
23:19:48 root         INFO     Skipping 37713
23:19:48 root         INFO     Skipping 918
23:19:48 root         INFO     Skipping 24210
23:19:48 root         INFO     Skipping 37728
23:19:48 root         INFO     Skipping 35555
23:19:48 root         INFO     Skipping 35556
23:19:48 root         INFO     Skipping 892
23:19:48 root         INFO     Skipping 38045
23:19:48 root         INFO     Skipping 829
23:19:48 root         INFO     Skipping 30468
23:19:48 root         INFO     Skipping 24186
23:19:48 root         INFO     Skipping 24194
23:19:48 root         INFO     Skipping 37693
23:19:48 root         INFO     Skipping 30429
23:19:48 root         INFO     Skipping 1249
23:19:48 root         INFO     Skipping 30434
23:19:48 root         INFO     Skipping 24199
23:19:48 root         INFO     Skipping 37688
23:19:48 root         INFO     Skipping 23853
23:19:48 root         INFO     Skipping 30456
23:19:48 root         INFO     Skipping 1036
23:19:48 root         INFO     Skipping 30436
23:19:48 root         INFO     Skipping 37690
23:19:48 root         INFO     Skipping 36428
23:19:48 root         INFO     Skipping 37721
23:19:48 root         INFO     Skipping 27646
23:19:48 root         INFO     Skipping 24187
23:19:48 root         INFO     Skipping 35551
23:19:48 root         INFO     Skipping 925
23:19:48 root         INFO     Skipping 21570
23:19:48 root         INFO     Skipping 21536
23:19:48 root         INFO     Skipping 604
23:19:48 root         INFO     Skipping 21562
23:19:48 root         INFO     Skipping 21572
23:19:48 root         INFO     Skipping 17884
23:19:48 root         INFO     Skipping 235
23:19:48 root         INFO     Skipping 21487
23:19:48 root         INFO     Skipping 27644
23:19:48 root         INFO     Skipping 37722
23:19:48 root         INFO     Skipping 24175
23:19:48 root         INFO     Skipping 27637
23:19:48 root         INFO     Skipping 9424
23:19:48 root         INFO     Skipping 24181
23:19:48 root         INFO     Skipping 37676
23:19:48 root         INFO     Skipping 15912
23:19:48 root         INFO     Skipping 1004
23:19:48 root         INFO     Skipping 15922
23:19:48 root         INFO     Skipping 21523
23:19:48 root         INFO     Skipping 14489
23:19:48 root         INFO     Skipping 18756
23:19:48 root         INFO     Skipping 23549
23:19:48 root         INFO     Skipping 30414
23:19:48 root         INFO     Skipping 28735
23:19:48 root         INFO     Skipping 599
23:19:48 root         INFO     Skipping 24124
23:19:48 root         INFO     Skipping 24218
23:19:48 root         INFO     Skipping 19874
23:19:48 root         INFO     Skipping 21467
23:19:48 root         INFO     Skipping 30525
23:19:48 root         INFO     Skipping 24176
23:19:48 root         INFO     Skipping 15949
23:19:48 root         INFO     Skipping 27630
23:19:48 root         INFO     Skipping 27632
23:19:48 root         INFO     Skipping 606
23:19:48 root         INFO     Skipping 27629
23:19:48 root         INFO     Skipping 24228
23:19:48 root         INFO     Skipping 562
23:19:48 root         INFO     Skipping 21633
23:19:48 root         INFO     Skipping 24225
23:19:48 root         INFO     Skipping 18725
23:19:48 root         INFO     Skipping 21567
23:19:48 root         INFO     Skipping 27628
23:19:48 root         INFO     Skipping 12921
23:19:48 root         INFO     Skipping 47
23:19:48 root         INFO     Skipping 8101
23:19:48 root         INFO     Skipping 27936
23:19:48 root         INFO     Skipping 23089
23:19:48 root         INFO     Skipping 15911
23:19:48 root         INFO     Skipping 30472
23:19:48 root         INFO     Skipping 35703
23:19:48 root         INFO     Skipping 30475
23:19:48 root         INFO     Skipping 18739
23:19:48 root         INFO     Skipping 30378
23:19:48 root         INFO     Skipping 21
23:19:48 root         INFO     Skipping 24169
23:19:48 root         INFO     Skipping 27616
23:19:48 root         INFO     Skipping 546
23:19:48 root         INFO     Skipping 125
23:19:48 root         INFO     Skipping 432
23:19:48 root         INFO     Skipping 23572
23:19:48 root         INFO     Skipping 1
23:19:48 root         INFO     Skipping 10
23:19:48 root         INFO     Skipping 106
23:19:48 root         INFO     Skipping 804
23:19:48 root         INFO     Skipping 697
23:19:48 root         INFO     Skipping 37667
23:19:48 root         INFO     Skipping 24234
23:19:48 root         INFO     Skipping 34781
23:19:48 root         INFO     Skipping 44
23:19:48 root         INFO     Skipping 2434
23:19:48 root         INFO     Skipping 7307
23:19:48 root         INFO     Skipping 7280
23:19:48 root         INFO     Skipping 14197
23:19:48 root         INFO     Skipping 6929
23:19:48 root         INFO     Skipping 24223
23:19:48 root         INFO     Skipping 30412
23:19:48 root         INFO     Skipping 21230
23:19:48 root         INFO     Skipping 7124
23:19:48 root         INFO     Skipping 7516
23:19:48 root         INFO     Skipping 9231
23:19:48 root         INFO     Skipping 13222
23:19:48 root         INFO     Skipping 24928
23:19:48 root         INFO     Skipping 14466
23:19:48 root         INFO     Skipping 19685
23:19:48 root         INFO     Skipping 14008
23:19:48 root         INFO     Skipping 20480
23:19:48 root         INFO     Skipping 7126
23:19:48 root         INFO     Skipping 15792
23:19:48 root         INFO     Skipping 27571
23:19:48 root         INFO     Skipping 19109
23:19:48 root         INFO     Skipping 14066
23:19:48 root         INFO     Skipping 7103
23:19:48 root         INFO     Skipping 13479
23:19:48 root         INFO     Skipping 13475
23:19:48 root         INFO     Skipping 24237
23:19:48 root         INFO     Skipping 28365
23:19:48 root         INFO     Skipping 7118
23:19:48 root         INFO     Skipping 19909
23:19:48 root         INFO     Skipping 13664
23:19:48 root         INFO     Skipping 13467
23:19:48 root         INFO     Skipping 18743
23:19:48 root         INFO     Skipping 19881
23:19:48 root         INFO     Skipping 6970
23:19:48 root         INFO     Skipping 7286
23:19:48 root         INFO     Skipping 14047
23:19:48 root         INFO     Skipping 35569
23:19:48 root         INFO     Skipping 37741
23:19:48 root         INFO     Skipping 37697
23:19:48 root         INFO     Skipping 1453
23:19:48 root         INFO     Skipping 18818
23:19:48 root         INFO     Skipping 37745
23:19:48 root         INFO     Skipping 18836
23:19:48 root         INFO     Skipping 37441
23:19:48 root         INFO     Skipping 24207
23:19:48 root         INFO     Skipping 1483
23:19:48 root         INFO     Skipping 30395
23:19:48 root         INFO     Skipping 30432
23:19:48 root         INFO     Skipping 36969
23:19:48 root         INFO     Skipping 21533
23:19:48 root         INFO     Skipping 1352
23:19:48 root         INFO     Skipping 30390
23:19:48 root         INFO     Skipping 1149
23:19:48 root         INFO     Skipping 24202
23:19:48 root         INFO     Skipping 30389
23:19:48 root         INFO     Skipping 15891
23:19:48 root         INFO     Skipping 14488
23:19:48 root         INFO     Skipping 30528
23:19:48 root         INFO     Skipping 27597
23:19:48 root         INFO     Skipping 37737
23:19:48 root         INFO     Skipping 1557
23:19:48 root         INFO     Skipping 27609
23:19:48 root         INFO     Skipping 900
23:19:48 root         INFO     Skipping 21527
23:19:48 root         INFO     Skipping 1479
23:19:48 root         INFO     Skipping 30387
23:19:48 root         INFO     Skipping 980
23:19:48 root         INFO     Skipping 37703
23:19:48 root         INFO     Skipping 15304
23:19:48 root         INFO     Skipping 14781
23:19:48 root         INFO     Skipping 15528
23:19:48 root         INFO     Skipping 25120
23:19:48 root         INFO     Skipping 33803
23:19:48 root         INFO     Skipping 20476
23:19:48 root         INFO     Skipping 27502
23:19:48 root         INFO     Skipping 13456
23:19:48 root         INFO     Skipping 27390
23:19:48 root         INFO     Skipping 15813
23:19:48 root         INFO     Skipping 7320
23:19:48 root         INFO     Skipping 20668
23:19:48 root         INFO     Skipping 38937
23:19:48 root         INFO     Skipping 37417
23:19:48 root         INFO     Skipping 13038
23:19:48 root         INFO     Skipping 6932
23:19:48 root         INFO     Skipping 14978
23:19:48 root         INFO     Skipping 17045
23:19:48 root         INFO     Skipping 22385
23:19:48 root         INFO     Skipping 7853
23:19:48 root         INFO     Skipping 14026
23:19:48 root         INFO     Skipping 14923
23:19:48 root         INFO     Skipping 7288
23:19:48 root         INFO     Skipping 7538
23:19:48 root         INFO     Skipping 13451
23:19:48 root         INFO     Skipping 25009
23:19:48 root         INFO     Skipping 9452
23:19:48 root         INFO     Skipping 20118
23:19:48 root         INFO     Skipping 20475
23:19:48 root         INFO     Skipping 14602
23:19:48 root         INFO     Skipping 7291
23:19:48 root         INFO     Skipping 13457
23:19:48 root         INFO     Skipping 7345
23:19:48 root         INFO     Skipping 35752
23:19:48 root         INFO     Skipping 31489
23:19:48 root         INFO     Skipping 15674
23:19:48 root         INFO     Skipping 31189
23:19:48 root         INFO     Skipping 20084
23:19:48 root         INFO     Skipping 16020
23:19:48 root         INFO     Skipping 2009
23:19:48 root         INFO     Skipping 1773
23:19:48 root         INFO     Skipping 7337
23:19:48 root         INFO     Skipping 14910
23:19:48 root         INFO     Skipping 7339
23:19:48 root         INFO     Skipping 24976
23:19:48 root         INFO     Skipping 30360
23:19:48 root         INFO     Skipping 24315
23:19:48 root         INFO     Skipping 30361
23:19:48 root         INFO     Skipping 30358
23:19:48 root         INFO     Skipping 37191
23:19:48 root         INFO     Skipping 3129
23:19:48 root         INFO     Skipping 3052
23:19:48 root         INFO     Skipping 37932
23:19:48 root         INFO     Skipping 3125
23:19:48 root         INFO     Skipping 3109
23:19:48 root         INFO     Skipping 20056
23:19:48 root         INFO     Skipping 37778
23:19:48 root         INFO     Skipping 35587
23:19:48 root         INFO     Skipping 28452
23:19:48 root         INFO     Skipping 3320
23:19:48 root         INFO     Skipping 30367
23:19:48 root         INFO     Skipping 3048
23:19:48 root         INFO     Skipping 3072
23:19:48 root         INFO     Skipping 38049
23:19:48 root         INFO     Skipping 30366
23:19:48 root         INFO     Skipping 30368
23:19:48 root         INFO     Skipping 27956
23:19:48 root         INFO     Skipping 15709
23:19:48 root         INFO     Skipping 38047
23:19:48 root         INFO     Skipping 3137
23:19:48 root         INFO     Skipping 3085
23:19:48 root         INFO     Skipping 3064
23:19:48 root         INFO     Skipping 3286
23:19:48 root         INFO     Skipping 30362
23:19:48 root         INFO     Skipping 3309
23:19:48 root         INFO     Skipping 37826
23:19:48 root         INFO     Skipping 4972
23:19:48 root         INFO     Skipping 15790
23:19:48 root         INFO     Skipping 18747
23:19:48 root         INFO     Skipping 22401
23:19:48 root         INFO     Skipping 18711
23:19:48 root         INFO     Skipping 3123
23:19:48 root         INFO     Skipping 3296
23:19:48 root         INFO     Skipping 30617
23:19:48 root         INFO     Skipping 19614
23:19:48 root         INFO     Skipping 23295
23:19:48 root         INFO     Skipping 35818
23:19:48 root         INFO     Skipping 7531
23:19:48 root         INFO     Skipping 19559
23:19:48 root         INFO     Skipping 26784
23:19:48 root         INFO     Skipping 25775
23:19:48 root         INFO     Skipping 27321
23:19:48 root         INFO     Skipping 7234
23:19:48 root         INFO     Skipping 6914
23:19:48 root         INFO     Skipping 38455
23:19:48 root         INFO     Skipping 18113
23:19:48 root         INFO     Skipping 39880
23:19:48 root         INFO     Skipping 22565
23:19:48 root         INFO     Skipping 27877
23:19:48 root         INFO     Skipping 23176
23:19:48 root         INFO     Skipping 20510
23:19:48 root         INFO     Skipping 22316
23:19:48 root         INFO     Skipping 20813
23:19:48 root         INFO     Skipping 21209
23:19:48 root         INFO     Skipping 17932
23:19:48 root         INFO     Skipping 6002
23:19:48 root         INFO     Skipping 2505
23:19:48 root         INFO     Skipping 2000
23:19:48 root         INFO     Skipping 38458
23:19:48 root         INFO     Skipping 23099
23:19:48 root         INFO     Skipping 18560
23:19:48 root         INFO     Skipping 13255
23:19:48 root         INFO     Skipping 20676
23:19:48 root         INFO     Skipping 25743
23:19:48 root         INFO     Skipping 17989
23:19:48 root         INFO     Skipping 21452
23:19:48 root         INFO     Skipping 17224
23:19:48 root         INFO     Skipping 25875
23:19:48 root         INFO     Skipping 3486
23:19:48 root         INFO     Skipping 15377
23:19:48 root         INFO     Skipping 3418
23:19:48 root         INFO     Skipping 3492
23:19:48 root         INFO     Skipping 17990
23:19:48 root         INFO     Skipping 27184
23:19:48 root         INFO     Skipping 39590
23:19:48 root         INFO     Skipping 30767
23:19:48 root         INFO     Skipping 15022
23:19:48 root         INFO     Skipping 21452
23:19:48 root         INFO     Skipping 37309
23:19:48 root         INFO     Skipping 25730
23:19:48 root         INFO     Skipping 18418
23:19:48 root         INFO     Skipping 17928
23:19:48 root         INFO     Skipping 13173
23:19:48 root         INFO     Skipping 17987
23:19:48 root         INFO     Skipping 33659
23:19:48 root         INFO     Skipping 17978
23:19:48 root         INFO     Skipping 30572
23:19:48 root         INFO     Skipping 19068
23:19:48 root         INFO     Skipping 13174
23:19:48 root         INFO     Skipping 30040
23:19:48 root         INFO     Skipping 26655
23:19:48 root         INFO     Skipping 27052
23:19:48 root         INFO     Skipping 39839
23:19:48 root         INFO     Skipping 17907
23:19:48 root         INFO     Skipping 15290
23:19:48 root         INFO     Skipping 20554
23:19:48 root         INFO     Skipping 37205
23:19:48 root         INFO     Skipping 30251
23:19:48 root         INFO     Skipping 17927
23:19:48 root         INFO     Skipping 685
23:19:48 root         INFO     Skipping 39478
23:19:48 root         INFO     Skipping 27633
23:19:48 root         INFO     Skipping 12019
23:19:48 root         INFO     Skipping 40046
23:19:48 root         INFO     Skipping 35233
23:19:48 root         INFO     Skipping 9468
23:19:48 root         INFO     Skipping 37821
23:19:48 root         INFO     Skipping 70
23:19:48 root         INFO     Skipping 37739
23:19:48 root         INFO     Skipping 37823
23:19:48 root         INFO     Skipping 21491
23:19:48 root         INFO     Skipping 27650
23:19:48 root         INFO     Skipping 27631
23:19:48 root         INFO     Skipping 37691
23:19:48 root         INFO     Skipping 35553
23:19:48 root         INFO     Skipping 27607
23:19:48 root         INFO     Skipping 37716
23:19:48 root         INFO     Skipping 1372
23:19:48 root         INFO     Skipping 24043
23:19:48 root         INFO     Skipping 37723
23:19:48 root         INFO     Skipping 37726
23:19:48 root         INFO     Skipping 40295
23:19:48 root         INFO     Skipping 27624
23:19:48 root         INFO     Skipping 30992
23:19:48 root         INFO     Skipping 36700
23:19:48 root         INFO     Skipping 28257
23:19:48 root         INFO     Skipping 40062
23:19:48 root         INFO     Skipping 18446
23:19:48 root         INFO     Skipping 7297
23:19:48 root         INFO     Skipping 40029
23:19:48 root         INFO     Skipping 26400
23:19:48 root         INFO     Skipping 32390
23:19:48 root         INFO     Skipping 27892
23:19:48 root         INFO     Skipping 32448
23:19:48 root         INFO     Skipping 21069
23:19:48 root         INFO     Skipping 18444
23:19:48 root         INFO     Skipping 20486
23:19:48 root         INFO     Skipping 39616
23:19:48 root         INFO     Skipping 30846
23:19:48 root         INFO     Skipping 38046
23:19:48 root         INFO     Skipping 3915
23:19:48 root         INFO     Skipping 27121
23:19:48 root         INFO     Skipping 29991
23:19:48 root         INFO     Skipping 20338
23:19:48 root         INFO     Skipping 34974
23:19:48 root         INFO     Skipping 3135
23:19:48 root         INFO     Skipping 36219
23:19:48 root         INFO     Skipping 20208
23:19:48 root         INFO     Skipping 18519
23:19:48 root         INFO     Skipping 30365
23:19:48 root         INFO     Skipping 27833
23:19:49 root         INFO     Driver opened url https://governor.arkansas.gov/latest-news/press-releases/: 0.5 second load started
23:19:50 root         INFO     Driver opened url https://governor.arkansas.gov/news_post/what-they-are-saying-statements-of-support-for-arkansas-access/: 0.5 second load started
23:19:51 root         DEBUG    Titles: What They are Saying: Statements of Support for Arkansas ACCESS
23:19:51 root         DEBUG    Dates: 2025-02-15
23:19:51 root         DEBUG    Desc: Jacob Oliva, Arkansas Department of Education Secretary –  “Now that the early childhood and K-12 education systems have been aligned, I am excited to focus our attention toward higher education reform. For far too long, Arkansas’ higher education system has not been standardized. Through ACCESS and a heavy focus on acceleration, the system will be standardized. Not only will higher education be held accountable, but the system also will be streamlined to focus on enrollment, enlistment, and employment to ensure students have high-quality affordable options to enhance their education and training.”   
  
Dr. Ken Warden, Commissioner of the Arkansas Division of Higher Education –  “Governor Sanders’ overhaul of the higher education system is a welcomed igniter of change  .  From streamlining the application process and making college credits more accessible for high school students, to expanding scholarship opportunities and standardizing the course code numbering system, the legislation makes our system more user friendly and places students at the center. I look forward to working with our higher education institutions to implement the changes approved by the legislature.”   
  
Representative Matthew Shepherd –  “Arkansas students should graduate with more than just a degree—they should have the education, skills, and training necessary to thrive in the real world. I thank the Governor for her leadership with the ACCESS initiative. It will help create stronger career pathways, grow our economy, and ensure a brighter future for the next generation.” 

Senator Jonathan Dismang –  “One of the things I am most excited about is the slashing of bureaucratic red tape and arbitrary roadblocks that have long hindered student achievement in our state’s higher education system. Much like the LEARNS Act, ACCESS is squarely focused on the student and prioritizes their individual success.”   
  
Senator Breanne Davis  -“ACCESS is the plan we need to take Arkansas’ higher education system to the next level. I’m confident this bill will benefit Arkansas Tech University and U of A-Community College Morrilton, as they’ve been meeting demands of the work force for years, adding value to our communities and making generational change for families. I look forward to working with the Governor on getting this bill over the finish line.”   
  
Lt. Gen. (Ret.) Jay B. Silveria, President, University of Arkansas System  – “We appreciate the Governor and General Assembly making a commitment to prioritize higher education in this legislative session, highlighting the key role our institutions play in the educational and economic advancement of our state and its citizens. We understand our obligation to provide the state with a strong return on its investment in our programs. Governor Sanders and her team have approached Arkansas ACCESS with a spirit of open dialogue, and we are looking forward to continuing that conversation as the bill makes its way through the legislative process.”   
  
Dr. Charles F. Robinson, Chancellor, University of Arkansas, Fayetteville  – “We greatly appreciate Governor Sanders and her team engaging us on ways to improve educational outcomes for both our state’s high school and college students. We all recognize that better educated students make for a stronger Arkansas, and we will continue to engage with the Governor on this legislation to help achieve that outcome.”   
  
Dr. Brendan Kelly, Arkansas State University System President  – “The Governor took time to personally engage with our system leadership about her vision for higher education. The Arkansas State University System is more interested in the future of higher education than in the way we’ve always done things. We look forward to advancing the conversation about deploying and implementing initiatives that result in positive outcomes and returns on investment for Arkansas.” 

Dr. Russ Jones, Arkansas Tech University President  – “Arkansas Tech University looks forward to working with the Governor and other institutions of higher learning on the Arkansas ACCESS plan. I commend the Governor for her strong commitment to strengthening higher education.”   
  
Dr. Summer DeProw, Chancellor, University of Arkansas – Pulaski Technical College –  “Governor Sanders is showing that she and her team clearly understand student success and the importance of postsecondary education. The Arkansas ACCESS bill provides structural encouragement for students to stretch themselves through weighted high school GPAs, opportunities for alternative funding models for workforce training and concurrent courses and calls for collaboration to streamline the process for applying to college. UA-PTC looks forward to learning more about the Arkansas ACCESS bill over the next few weeks.”   
  
Chris Heigle, President, Arkansas Northeastern College  – “The Arkansas Access bill is a big step forward for students in our state. It expands options for high-achieving students, makes the process of getting into college smoother, and strengthens scholarships for veterans and first responders. One of the most important aspects of the legislation is how it elevates career and technical education, recognizing these programs as both valuable and academically rigorous. A common application will help remove unnecessary hurdles, making it easier for students to access higher education. This legislation also provides the foundation to begin adjusting the productivity formula to better reflect the real impact of workforce-focused education, ensuring institutions are measured in a way that truly captures their value. Governor Sanders’ focus on workforce-aligned education will have a lasting effect, helping students succeed and strengthening Arkansas’ economy. This bill puts students and institutions in a better position to contribute to the state’s future.” 

Dr. Bentley Wallace, Chancellor of Arkansas State University, Mountain Home  – “We value the Governor’s focus on and interest in advancing effective higher education with meaningful results. Ultimately, we all have a common interest in doing what’s best for educating and training students who will contribute to the growing Arkansas economy.”   
  
Dr. Jennifer Methvin, Chancellor Arkansas State University-Beebe  – “We share the Governor’s focus on accessibility to higher education at every level. We look forward to seeing the proposed legislation to understand how the ideas develop into programs and solutions.” 

Patricia Levesque, Executive Director of ExcelinEd in Action  – “Following the passage of the LEARNS Act in 2023, leaders in Arkansas continue to make education a top priority. The Arkansas ACCESS Act is another seminal piece of legislation designed to transform the K-12 and higher education systems to better serve students as they look to enter the workforce. By raising expectations, creating accelerated pathways to college and career, expanding access to higher education and industry-valued credentials and aligning the K-12 and higher education systems to better serve students, Arkansas is poised to reap the benefits for generations to come.” 

23:19:51 root         DEBUG    Agency_id 37827
23:19:51 root         DEBUG    Article Link: https://governor.arkansas.gov/news_post/what-they-are-saying-statements-of-support-for-arkansas-access/
23:19:51 root         INFO     LEDE: [testlede] month: [Feb.] day: [15]
23:19:51 root         INFO     
ADDING: FILENAME: [testfilename sas ACCESS] TITLE: [What They are Saying: Statements of Support for Arkansas ACCESS] DATE: [2025-02-15] ID [37827]

23:19:51 root         INFO     Driver opened url https://governor.arkansas.gov/news_post/governor-sanders-access-plan/: 0.5 second load started
23:19:52 root         DEBUG    Titles: Governor Sanders' ACCESS Plan
23:19:52 root         DEBUG    Dates: 2025-02-14
23:19:52 root         DEBUG    Desc: ACCESS ONE PAGER  Download 

23:19:52 root         DEBUG    Agency_id 37827
23:19:52 root         DEBUG    Article Link: https://governor.arkansas.gov/news_post/governor-sanders-access-plan/
23:19:52 root         INFO     LEDE: [testlede] month: [Feb.] day: [14]
23:19:52 root         ERROR    Skipping, article length is too small: 37827 body size 28
23:19:52 root         INFO     Driver opened url https://governor.arkansas.gov/news_post/sanders-announces-arkansas-access-higher-education-reform-legislation/: 0.5 second load started
23:19:53 root         DEBUG    Titles: Sanders Announces Arkansas ACCESS, Higher Education Reform Legislation
23:19:53 root         DEBUG    Dates: 2025-02-14
23:19:53 root         DEBUG    Desc: LITTLE ROCK, Ark  . — Governor Sarah Huckabee Sanders today announced her higher education reform bill, Arkansas ACCESS. The legislation’s lead sponsors are Senator Jonathan Dismang (District 18) and former Speaker, Representative Matthew Shepherd (District 97).   
  
“After months of work with stakeholders around the state, I’m proud to announce Arkansas ACCESS, a targeted overhaul of our higher education system that will help every Arkansan get the education they need and prepared for the in-demand careers of the future,”  said Governor Sanders.    
  
“Arkansas students should graduate with more than just a degree—they should have the education, skills, and training necessary to thrive in the real world. I thank the Governor for her leadership with the ACCESS initiative. It will help create stronger career pathways, grow our economy, and ensure a brighter future for the next generation,”  said Representative Matthew Shepherd.    
  
“One of the things I am most excited about is the slashing of bureaucratic red tape and arbitrary roadblocks that have long hindered student achievement in our state’s higher education system. Much like the LEARNS Act, ACCESS is squarely focused on the student and prioritizes their individual success,”  said Senator Jonathan Dismang.    
  
After overhauling Arkansas’ K-12 education system through Arkansas LEARNS, including raising teacher pay from $36,000 to $50,000 a year, deploying 120 literacy coaches across the state, and enacting universal education freedom, Governor Sanders is now turning her focus to Arkansas’ higher education system. ACCESS stands for acceleration, common sense, cost, eligibility, scholarships, and standardization – the main priorities of the bill.   
  
“Now that the early childhood and K-12 education system have been aligned, I am excited to focus our attention toward higher education reform,”  Arkansas Department of Education Secretary Jacob Oliva said.  “For far too long, Arkansas’ higher education system has not been standardized. Through ACCESS and a heavy focus on acceleration, the system will be standardized. Not only will higher education be held accountable, but the system also will be streamlined to focus on enrollment, enlistment, and employment to ensure students have high-quality affordable options to enhance their education and training.”   
  
“Governor Sanders’ overhaul of the higher education system is a welcomed igniter of change,”  said Dr. Ken Warden, the commissioner of the Arkansas Division of Higher Education.  “From streamlining the application process and making college credits more accessible for high school students, to expanding scholarship opportunities and standardizing the course code numbering system, the legislation makes our system more user friendly and places students at the center. I look forward to working with our higher education institutions to implement the changes approved by the legislature.”   
  
“We appreciate the Governor and General Assembly making a commitment to prioritize higher education in this legislative session, highlighting the key role our institutions play in the educational and economic advancement of our state and its citizens. We understand our obligation to provide the state with a strong return on its investment in our programs. Governor Sanders and her team have approached Arkansas ACCESS with a spirit of open dialogue, and we are looking forward to continuing that conversation as the bill makes its way through the legislative process,”  said Lt. Gen. (Ret.) Jay B. Silveria, University of Arkansas System President.    
  
“The Governor took time to personally engage with our system leadership about her vision for higher education. The Arkansas State University System is more interested in the future of higher education than in the way we’ve always done things. We look forward to advancing the conversation about deploying and implementing initiatives that result in positive outcomes and returns on investment for Arkansas,”  said Dr. Brendan Kelly, Arkansas State University System President.    
  
“Arkansas Tech University looks forward to working with the Governor and other institutions of higher learning on the Arkansas ACCESS plan. I commend the Governor for her strong commitment to strengthening higher education,”  said Dr. Russ Jones, Arkansas Tech University President.    
  
A further breakdown of the legislation’s key components is below: 

Acceleration  : Ensure high school students have the necessary skills for higher education and careers. 

  * Broaden accelerated coursework in Arkansas high schools beyond AP to IB and other programs. 
  * Standardize weights for concurrent credit, AP, and IB courses to encourage student participation. 
  * Establish a process for issuing district grades as well as grades for individual schools. 
  * Shorten waiver timelines from 5 years to 1 year for K-12 schools that are out of compliance in teacher licensing, class size, and other areas. 



Common Sense  : Create free, unbiased higher education learning settings. 

  * Stop using DEI as a metric in accreditation standards. 
  * Prohibit professors from indoctrinating students with forced statements in support of DEI. 
  * Prevent institutions from granting excused absences for protests and other disruptive behavior. 
  * Require students who vandalize school property to pay damages before they earn their degree. 
  * Allow institutions of higher education that support servicemembers and military families to earn “Purple Star Campus” designations. 
  * Consider professors’ work evaluations in tenure review to ensure they are educating students. 



Cost  : Encourage all types of higher education by reforming the productivity funding model. 

  * Create a funding model for non-degree credentials to encourage schools to adopt these programs. 
  * Fund concurrent higher education credits for high school students using foundation funding. 
  * Consider return on investment in the productivity-based funding model. 



Eligibility  : Establish more uniform and efficient admissions policies  . 

  * Expand eligible admission exams for applicants: ACT/SAT/CLT and other qualifying test scores. 
  * Grant provisional admission to students who meet Arkansas higher education institutions’ baseline admissions requirements. 
  * Create a simple, statewide universal college application to ease the admissions process. 
  * Offer in-state tuition for Arkansas military families. 



Scholarships  : Eliminate barriers to scholarships. 

  * Establish scholarships for students who graduate with merit or distinction. 
  * Expand Workforce Challenge scholarship opportunities to serve more students. 
  * Establish the Arkansas Heroes Scholarship for Medal of Honor and Purple Heart recipients. 
  * Double the first-year award under Arkansas Academic Challenge from $1,000 to $2,000. 
  * Establish Governor’s Higher Ed Transition Scholarship Program for disabled students. 



Standardization  : Get students closer to graduation through common sense course crediting. 

  * Standardize course numbering across all state-supported higher education institutions. 
  * Increase the number of Gen-ed and CTE courses in the Arkansas Course Transfer System. 



23:19:53 root         DEBUG    Agency_id 37827
23:19:53 root         DEBUG    Article Link: https://governor.arkansas.gov/news_post/sanders-announces-arkansas-access-higher-education-reform-legislation/
23:19:53 root         INFO     LEDE: [testlede] month: [Feb.] day: [14]
23:19:53 root         INFO     
ADDING: FILENAME: [testfilename egislation] TITLE: [Sanders Announces Arkansas ACCESS, Higher Education Reform Legislation] DATE: [2025-02-14] ID [37827]

23:19:53 root         INFO     Driver opened url https://governor.arkansas.gov/news_post/bills-signed-sb13-sb133-sb45-sb58-hb1236-sb19-sb21-sb24-sb27-sb29-sb30-sb43-sb66-sb80-sb105-sb107-sb108-sb109-sb112-sb113-sb114-sb115-sb126-sb129-sb190-sb191-sb192-sb193-s/: 0.5 second load started
23:19:54 root         DEBUG    Titles: Bills Signed: SB13, SB133, SB45, SB58, HB1236, SB19, SB21, SB24, SB27, SB29, SB30, SB43, SB66, SB80, SB105, SB107, SB108, SB109, SB112, SB113, SB114, SB115, SB126, SB129, SB190, SB191, SB192, SB193, SB194, SB195, SB196, SB197, SB198, HB1088, HB1093, HB1098, HB1120, HB1123, HB1201, HB1259, HB1262, HB1267, HB1392, HB1393, HB1394, HB1395, HB1396, HB1397, HB1406
23:19:54 root         DEBUG    Dates: 2025-02-13
23:19:54 root         DEBUG    Desc: LITTLE ROCK, Ark  . — On Thursday, February 13, 2025, the Governor signed into law:   
  
SB13  – To amend the law concerning civil actions brought by certain victims of sexual abuse; and to allow a claim to be brought for injury caused by child sexual abuse at any time in certain circumstances.   
  
SB133  – To amend the uniform commercial code; to define “central bank digital currency” under the uniform commercial code; and to modify the uniform commercial code definitions of “money” and “deposit account.” 

SB45  – An act to authorize the issuance and renewal of a special license plate to promote and support women veterans; to repeal the pearl harbor survivor license plate; and for other purposes.   
  
SB58  – To remove the prohibition on nonprofit, tax exempt, or governmentally-funded hospitals holding a licensed pharmacy permit for the sale at retail of drugs.   
  
HB1236  – To allow a public school employee to be released from his or her contract by a certain date upon his or her written request; and to declare an emergency.   
  
SB19  – An act for the Department of Energy and Environment – liquefied petroleum gas board appropriation for the 2025-2026 fiscal year.   
  
SB21  – An act for the Department of Corrections – post prison transfer board appropriation for the 2025-2026 fiscal year.   
  
SB24  – An act for the Arkansas State Game and Fish Commission appropriation for the 2025-2026 fiscal year.   
  
SB27  – An act for the Department of Health – Arkansas Minority Health Commission appropriation for the 2025-2026 fiscal year.   
  
SB29  – An act for the Arkansas Minority Health Initiative of the Department of Health – Arkansas Minority Health Commission appropriation for the 2025-2026 fiscal year.   
  
SB30  – An act for the Department of Health – Arkansas tobacco settlement commission appropriation for the 2025-2026 fiscal year.   
  
SB43  – An act for the Department of Finance and Administration – assessment coordination division appropriation for the 2025-2026 fiscal year.   
  
SB66  – An act for the Arkansas Teacher Retirement system appropriation for the 2025-2026 fiscal year.   
  
SB80  – An act for the office of the Governor – legislative liaisons appropriation for the 2024-2025 fiscal year.   
  
SB105  – An act for the University of Arkansas Community College at Batesville appropriation for the 2025-2026 fiscal year.   
  
SB107  – An act for the Southeast Arkansas College appropriation for the 2025-2026 fiscal year.   
  
SB108  – An act for the SAU-Tech appropriation for the 2025-2026 fiscal year.   
  
SB109  – An act for the South Arkansas College appropriation for the 2025-2026 fiscal year.   
  
SB112  – An act for the Arkansas State University – Beebe appropriation for the 2025-2026 fiscal year.   
  
SB113  – An act for the Arkansas State University – Newport appropriation for the 2025-2026 fiscal year.   
  
SB114  – An act for the Arkansas State University Three Rivers appropriation for the 2025-2026 fiscal year.   
  
SB115  – An act for the University of Arkansas Community College at Morrilton appropriation for the 2025-2026 fiscal year.   
  
SB126  – An act for the University of Arkansas at Pine Bluff appropriation for the 2025-2026 fiscal year.   
  
SB129  – An act for the University of Arkansas at Monticello appropriation for the 2025-2026 fiscal year.   
  
SB190  – An act for the Department of Education – Division of Higher Education – Northwest Technical Institute reappropriation.   
  
SB191  – An act for the Secretary of State reappropriation.   
  
SB192  – An act for the Arkansas Public Defender Commission reappropriation.   
  
SB193  – An act for the Department of Transformation and Shared Services – Building Authority Division reappropriation.   
  
SB194  – An act for the Department of Commerce – State Insurance Department reappropriation.   
  
SB195  – An act for the Department of Commerce reappropriation.   
  
SB196  – An act for the institutions of higher education reappropriation.   
  
SB197  – An act for the Department of Education – Division of Elementary and Secondary education reappropriation.   
  
SB198  – An act for the Department of Education – Arkansas School for the Blind and Arkansas School for the Deaf reappropriation.   
  
HB1088  -An act for the Department of Finance and Administration – Child Support Enforcement appropriation for the 2025-2026 fiscal year.   
  
HB1093  – An act for the Department of Health – Health Services Permit Agency appropriation for the 2025-2026 fiscal year.   
  
HB1098  – An act for the state department for Social Security Administration Disability Determination appropriation for the 2025-2026 fiscal year.   
  
HB1120  – An act for the Arkansas Public Employees Retirement System appropriation for the 2025-2026 fiscal year.   
  
HB1123  – An act for the Department of Education – Martin Luther King Jr. Commission appropriation for the 2025-2026 fiscal year.   
  
HB1201  – An act for the Arkansas Department of Transportation appropriation for the 2025-2026 fiscal year.   
  
HB1259  – An act for the University of Arkansas and the Division of Agriculture – Arkansas Biosciences Institutes appropriation for the 2025-2026 fiscal year.   
  
HB1262  – An act for the Arkansas State University – Arkansas Biosciences Institute appropriation for the 2025-2026 fiscal year.   
  
HB1267  – An act for the UAMS – Reynolds Center on Aging, Boozman College of Public Health, Arkansas Biosciences Institute, and the Area Health Education Center in Helena appropriation for the 2025-2026 fiscal year.   
  
HB1392  – An act for the Department of Corrections – Division of Community Correction reappropriation.   
  
HB1393  – An act for the institutions of higher education reappropriation.   
  
HB1394  – An act for the Department of Parks, Heritage, and Tourism – Division of Heritage reappropriation.   
  
HB1395  – An act for the Department of Parks, Heritage, and Tourism – State Parks and Tourism divisions reappropriation.   
  
HB1396  – An act for the Department of Corrections – Division of Correction reappropriation.   
  
HB1397  – An act for the Department of Public Safety reappropriation.   
  
HB1406  – An act for the Department of Military reappropriation. 

23:19:54 root         DEBUG    Agency_id 37827
23:19:54 root         DEBUG    Article Link: https://governor.arkansas.gov/news_post/bills-signed-sb13-sb133-sb45-sb58-hb1236-sb19-sb21-sb24-sb27-sb29-sb30-sb43-sb66-sb80-sb105-sb107-sb108-sb109-sb112-sb113-sb114-sb115-sb126-sb129-sb190-sb191-sb192-sb193-s/
23:19:54 root         INFO     LEDE: [testlede] month: [Feb.] day: [13]
23:19:54 root         INFO     
ADDING: FILENAME: [testfilename 97, HB1406] TITLE: [Bills Signed: SB13, SB133, SB45, SB58, HB1236, SB19, SB21, SB24, SB27, SB29, SB30, SB43, SB66, SB80, SB105, SB107, SB108, SB109, SB112, SB113, SB114, SB115, SB126, SB129, SB190, SB191, SB192, SB193, SB194, SB195, SB196, SB197, SB198, HB1088, HB1093, HB1098, HB1120, HB1123, HB1201, HB1259, HB1262, HB1267, HB1392, HB1393, HB1394, HB1395, HB1396, HB1397, HB1406] DATE: [2025-02-13] ID [37827]

23:19:54 root         INFO     Scrape errors found during run:
23:19:54 root         INFO     []
23:19:54 root         INFO     End of file message
23:19:54 root         INFO     

Load Version 2.1.0 02/04/2025
       Docs Loaded: 3
       URLS processed: 1
       DUPS skipped: 0
       No Ledes found: 0

Passed Parameters:
       Pull House and Senate: False
       Number of days back: 30
       Start Time: 2025-02-16 23:19:44
       End Time: 2025-02-16 23:19:54
       Elapsed Time: 0:00:10
       Character Minimum Amount: 100

Errors:
Docs:
	Loaded:
		37827: What They are Saying: Statements of Support for Arkansas ACCESS
		37827: Sanders Announces Arkansas ACCESS, Higher Education Reform Legislation
		37827: Bills Signed: SB13, SB133, SB45, SB58, HB1236, SB19, SB21, SB24, SB27, SB29, SB30, SB43, SB66, SB80, SB105, SB107, SB108, SB109, SB112, SB113, SB114, SB115, SB126, SB129, SB190, SB191, SB192, SB193, SB194, SB195, SB196, SB197, SB198, HB1088, HB1093, HB1098, HB1120, HB1123, HB1201, HB1259, HB1262, HB1267, HB1392, HB1393, HB1394, HB1395, HB1396, HB1397, HB1406
	Article Description Too Short:
		37827: https://governor.arkansas.gov/news_post/governor-sanders-access-plan/ Description Length: 28
