14:50:26 root         INFO     Skipping 27599
14:50:26 root         INFO     Skipping 30449
14:50:26 root         INFO     Skipping 14315
14:50:26 root         INFO     Skipping 7566
14:50:26 root         INFO     Skipping 804
14:50:26 root         INFO     Skipping 12106
14:50:26 root         INFO     Skipping 8034
14:50:26 root         INFO     Skipping 7901
14:50:26 root         INFO     Skipping 20157
14:50:26 root         INFO     Skipping 6950
14:50:26 root         INFO     Skipping 15026
14:50:26 root         INFO     Skipping 19993
14:50:26 root         INFO     Skipping 21569
14:50:26 root         INFO     Skipping 23030
14:50:26 root         INFO     Skipping 206
14:50:26 root         INFO     Skipping 16046
14:50:26 root         INFO     Skipping 16140
14:50:26 root         INFO     Skipping 16037
14:50:26 root         INFO     Skipping 43
14:50:26 root         INFO     Skipping 225
14:50:26 root         INFO     Skipping 37711
14:50:26 root         INFO     Skipping 34699
14:50:26 root         INFO     Skipping 19021
14:50:26 root         INFO     Skipping 18495
14:50:26 root         INFO     Skipping 222
14:50:26 root         INFO     Skipping 5602
14:50:26 root         INFO     Skipping 16027
14:50:26 root         INFO     Skipping 21499
14:50:26 root         INFO     Skipping 2698
14:50:26 root         INFO     Skipping 27867
14:50:26 root         INFO     Skipping 24224
14:50:26 root         INFO     Skipping 21563
14:50:26 root         INFO     Skipping 24227
14:50:26 root         INFO     Skipping 17224
14:50:26 root         INFO     Skipping 219
14:50:26 root         INFO     Skipping 23814
14:50:26 root         INFO     Skipping 15376
14:50:26 root         INFO     Skipping 19286
14:50:26 root         INFO     Skipping 28048
14:50:26 root         INFO     Skipping 543
14:50:26 root         INFO     Skipping 24233
14:50:26 root         INFO     Skipping 18735
14:50:26 root         INFO     Skipping 1066
14:50:26 root         INFO     Skipping 37680
14:50:26 root         INFO     Skipping 691
14:50:26 root         INFO     Skipping 677
14:50:26 root         INFO     Skipping 20141
14:50:26 root         INFO     Skipping 36151
14:50:26 root         INFO     Skipping 20319
14:50:26 root         INFO     Skipping 12400
14:50:26 root         INFO     Skipping 127
14:50:26 root         INFO     Skipping 20792
14:50:26 root         INFO     Skipping 17104
14:50:26 root         INFO     Skipping 24344
14:50:26 root         INFO     Skipping 19546
14:50:26 root         INFO     Skipping 15565
14:50:26 root         INFO     Skipping 13359
14:50:26 root         INFO     Skipping 17922
14:50:26 root         INFO     Skipping 22481
14:50:26 root         INFO     Skipping 20138
14:50:26 root         INFO     Skipping 119
14:50:26 root         INFO     Skipping 24
14:50:26 root         INFO     Skipping 21188
14:50:26 root         INFO     Skipping 3016
14:50:26 root         INFO     Skipping 21525
14:50:26 root         INFO     Skipping 37694
14:50:26 root         INFO     Skipping 18710
14:50:26 root         INFO     Skipping 29332
14:50:26 root         INFO     Skipping 23100
14:50:26 root         INFO     Skipping 37725
14:50:26 root         INFO     Skipping 15633
14:50:26 root         INFO     Skipping 948
14:50:26 root         INFO     Skipping 30993
14:50:26 root         INFO     Skipping 22221
14:50:26 root         INFO     Skipping 22654
14:50:26 root         INFO     Skipping 35809
14:50:26 root         INFO     Skipping 35576
14:50:26 root         INFO     Skipping 37408
14:50:26 root         INFO     Skipping 7844
14:50:26 root         INFO     Skipping 169
14:50:26 root         INFO     Skipping 20
14:50:26 root         INFO     Skipping 8022
14:50:26 root         INFO     Skipping 8032
14:50:26 root         INFO     Skipping 20605
14:50:26 root         INFO     Skipping 7838
14:50:26 root         INFO     Skipping 21497
14:50:26 root         INFO     Skipping 35572
14:50:26 root         INFO     Skipping 30425
14:50:26 root         INFO     Skipping 35517
14:50:26 root         INFO     Skipping 35524
14:50:26 root         INFO     Skipping 21522
14:50:26 root         INFO     Skipping 1325
14:50:26 root         INFO     Skipping 1079
14:50:26 root         INFO     Skipping 6973
14:50:26 root         INFO     Skipping 37495
14:50:26 root         INFO     Skipping 30405
14:50:26 root         INFO     Skipping 18767
14:50:26 root         INFO     Skipping 21521
14:50:26 root         INFO     Skipping 921
14:50:26 root         INFO     Skipping 27602
14:50:26 root         INFO     Skipping 21335
14:50:26 root         INFO     Skipping 30444
14:50:26 root         INFO     Skipping 1363
14:50:26 root         INFO     Skipping 9488
14:50:26 root         INFO     Skipping 24230
14:50:26 root         INFO     Skipping 2696
14:50:26 root         INFO     Skipping 37705
14:50:26 root         INFO     Skipping 33752
14:50:26 root         INFO     Skipping 37731
14:50:26 root         INFO     Skipping 37740
14:50:26 root         INFO     Skipping 9427
14:50:26 root         INFO     Skipping 19880
14:50:26 root         INFO     Skipping 632
14:50:26 root         INFO     Skipping 135
14:50:26 root         INFO     Skipping 39007
14:50:26 root         INFO     Skipping 551
14:50:26 root         INFO     Skipping 37304
14:50:26 root         INFO     Skipping 20115
14:50:26 root         INFO     Skipping 13362
14:50:26 root         INFO     Skipping 7333
14:50:26 root         INFO     Skipping 21423
14:50:26 root         INFO     Skipping 17653
14:50:26 root         INFO     Skipping 21152
14:50:26 root         INFO     Skipping 16031
14:50:26 root         INFO     Skipping 27074
14:50:26 root         INFO     Skipping 255
14:50:26 root         INFO     Skipping 431
14:50:26 root         INFO     Skipping 19290
14:50:26 root         INFO     Skipping 33954
14:50:26 root         INFO     Skipping 22921
14:50:26 root         INFO     Skipping 26556
14:50:26 root         INFO     Skipping 167
14:50:26 root         INFO     Skipping 15884
14:50:26 root         INFO     Skipping 30382
14:50:26 root         INFO     Skipping 30450
14:50:26 root         INFO     Skipping 27626
14:50:26 root         INFO     Skipping 37748
14:50:26 root         INFO     Skipping 715
14:50:26 root         INFO     Skipping 18734
14:50:26 root         INFO     Skipping 9485
14:50:26 root         INFO     Skipping 24231
14:50:26 root         INFO     Skipping 6221
14:50:26 root         INFO     Skipping 15392
14:50:26 root         INFO     Skipping 14466
14:50:26 root         INFO     Skipping 15025
14:50:26 root         INFO     Skipping 19760
14:50:26 root         INFO     Skipping 37095
14:50:26 root         INFO     Skipping 122
14:50:26 root         INFO     Skipping 113
14:50:26 root         INFO     Skipping 13863
14:50:26 root         INFO     Skipping 7355
14:50:26 root         INFO     Skipping 8042
14:50:26 root         INFO     Skipping 23802
14:50:26 root         INFO     Skipping 282
14:50:26 root         INFO     Skipping 7316
14:50:26 root         INFO     Skipping 16040
14:50:26 root         INFO     Skipping 7922
14:50:26 root         INFO     Skipping 16041
14:50:26 root         INFO     Skipping 28101
14:50:26 root         INFO     Skipping 3410
14:50:26 root         INFO     Skipping 7121
14:50:26 root         INFO     Skipping 17116
14:50:26 root         INFO     Skipping 20034
14:50:26 root         INFO     Skipping 6918
14:50:26 root         INFO     Skipping 22037
14:50:26 root         INFO     Skipping 14373
14:50:26 root         INFO     Skipping 13794
14:50:26 root         INFO     Skipping 13964
14:50:26 root         INFO     Skipping 6930
14:50:26 root         INFO     Skipping 19978
14:50:26 root         INFO     Skipping 14069
14:50:26 root         INFO     Skipping 14111
14:50:26 root         INFO     Skipping 6931
14:50:26 root         INFO     Skipping 14021
14:50:26 root         INFO     Skipping 37180
14:50:26 root         INFO     Skipping 35130
14:50:26 root         INFO     Skipping 19684
14:50:26 root         INFO     Skipping 28292
14:50:26 root         INFO     Skipping 30335
14:50:26 root         INFO     Skipping 14867
14:50:26 root         INFO     Skipping 23669
14:50:26 root         INFO     Skipping 6793
14:50:26 root         INFO     Skipping 15440
14:50:26 root         INFO     Skipping 23588
14:50:26 root         INFO     Skipping 10156
14:50:26 root         INFO     Skipping 30046
14:50:26 root         INFO     Skipping 39476
14:50:26 root         INFO     Skipping 37727
14:50:26 root         INFO     Skipping 33096
14:50:26 root         INFO     Skipping 32423
14:50:26 root         INFO     Skipping 30658
14:50:26 root         INFO     Skipping 18394
14:50:26 root         INFO     Skipping 19870
14:50:26 root         INFO     Skipping 15962
14:50:26 root         INFO     Skipping 702
14:50:26 root         INFO     Skipping 39478
14:50:26 root         INFO     Skipping 30435
14:50:26 root         INFO     Skipping 9445
14:50:26 root         INFO     Skipping 24173
14:50:26 root         INFO     Skipping 35554
14:50:26 root         INFO     Skipping 18733
14:50:26 root         INFO     Skipping 3962
14:50:26 root         INFO     Skipping 26659
14:50:26 root         INFO     Skipping 32135
14:50:26 root         INFO     Skipping 27843
14:50:26 root         INFO     Skipping 17658
14:50:26 root         INFO     Skipping 27186
14:50:26 root         INFO     Skipping 6922
14:50:26 root         INFO     Skipping 7317
14:50:26 root         INFO     Skipping 37607
14:50:26 root         INFO     Skipping 19748
14:50:26 root         INFO     Skipping 14979
14:50:26 root         INFO     Skipping 28256
14:50:26 root         INFO     Skipping 15000
14:50:26 root         INFO     Skipping 15725
14:50:26 root         INFO     Skipping 21561
14:50:26 root         INFO     Skipping 23098
14:50:26 root         INFO     Skipping 24231
14:50:26 root         INFO     Skipping 30469
14:50:26 root         INFO     Skipping 37819
14:50:26 root         INFO     Skipping 27605
14:50:26 root         INFO     Skipping 24799
14:50:26 root         INFO     Skipping 35571
14:50:26 root         INFO     Skipping 18750
14:50:26 root         INFO     Skipping 21564
14:50:26 root         INFO     Skipping 695
14:50:26 root         INFO     Skipping 619
14:50:26 root         INFO     Skipping 21566
14:50:26 root         INFO     Skipping 18746
14:50:26 root         INFO     Skipping 30470
14:50:26 root         INFO     Skipping 37747
14:50:26 root         INFO     Skipping 35726
14:50:26 root         INFO     Skipping 35708
14:50:26 root         INFO     Skipping 35705
14:50:26 root         INFO     Skipping 35727
14:50:26 root         INFO     Skipping 37743
14:50:26 root         INFO     Skipping 24229
14:50:26 root         INFO     Skipping 37748
14:50:26 root         INFO     Skipping 19879
14:50:26 root         INFO     Skipping 717
14:50:26 root         INFO     Skipping 35728
14:50:26 root         INFO     Skipping 37820
14:50:26 root         INFO     Skipping 30473
14:50:26 root         INFO     Skipping 37744
14:50:26 root         INFO     Skipping 28313
14:50:26 root         INFO     Skipping 37749
14:50:26 root         INFO     Skipping 15948
14:50:26 root         INFO     Skipping 35707
14:50:26 root         INFO     Skipping 35706
14:50:26 root         INFO     Skipping 35704
14:50:26 root         INFO     Skipping 18740
14:50:26 root         INFO     Skipping 18736
14:50:26 root         INFO     Skipping 183
14:50:26 root         INFO     Skipping 7887
14:50:26 root         INFO     Skipping 15551
14:50:26 root         INFO     Skipping 35562
14:50:26 root         INFO     Skipping 9423
14:50:26 root         INFO     Skipping 1519
14:50:26 root         INFO     Skipping 35489
14:50:26 root         INFO     Skipping 20880
14:50:26 root         INFO     Skipping 37235
14:50:26 root         INFO     Skipping 15882
14:50:26 root         INFO     Skipping 1169
14:50:26 root         INFO     Skipping 9463
14:50:26 root         INFO     Skipping 37685
14:50:26 root         INFO     Skipping 809
14:50:26 root         INFO     Skipping 9421
14:50:26 root         INFO     Skipping 30397
14:50:26 root         INFO     Skipping 37735
14:50:26 root         INFO     Skipping 30394
14:50:26 root         INFO     Skipping 30448
14:50:26 root         INFO     Skipping 27614
14:50:26 root         INFO     Skipping 35527
14:50:26 root         INFO     Skipping 37416
14:50:26 root         INFO     Skipping 37709
14:50:26 root         INFO     Skipping 27649
14:50:26 root         INFO     Skipping 35546
14:50:26 root         INFO     Skipping 1098
14:50:26 root         INFO     Skipping 21488
14:50:26 root         INFO     Skipping 37674
14:50:26 root         INFO     Skipping 37706
14:50:26 root         INFO     Skipping 37713
14:50:26 root         INFO     Skipping 918
14:50:26 root         INFO     Skipping 24210
14:50:26 root         INFO     Skipping 37728
14:50:26 root         INFO     Skipping 35555
14:50:26 root         INFO     Skipping 35556
14:50:26 root         INFO     Skipping 892
14:50:26 root         INFO     Skipping 38045
14:50:26 root         INFO     Skipping 829
14:50:26 root         INFO     Skipping 30468
14:50:26 root         INFO     Skipping 24186
14:50:26 root         INFO     Skipping 24194
14:50:26 root         INFO     Skipping 37693
14:50:26 root         INFO     Skipping 30429
14:50:26 root         INFO     Skipping 1249
14:50:26 root         INFO     Skipping 30434
14:50:26 root         INFO     Skipping 24199
14:50:26 root         INFO     Skipping 37688
14:50:26 root         INFO     Skipping 23853
14:50:26 root         INFO     Skipping 30456
14:50:26 root         INFO     Skipping 1036
14:50:26 root         INFO     Skipping 30436
14:50:26 root         INFO     Skipping 37690
14:50:26 root         INFO     Skipping 36428
14:50:26 root         INFO     Skipping 37721
14:50:26 root         INFO     Skipping 27646
14:50:26 root         INFO     Skipping 24187
14:50:26 root         INFO     Skipping 35551
14:50:26 root         INFO     Skipping 925
14:50:26 root         INFO     Skipping 21570
14:50:26 root         INFO     Skipping 21536
14:50:26 root         INFO     Skipping 604
14:50:26 root         INFO     Skipping 21562
14:50:26 root         INFO     Skipping 21572
14:50:26 root         INFO     Skipping 17884
14:50:26 root         INFO     Skipping 235
14:50:26 root         INFO     Skipping 2909
14:50:26 root         INFO     Skipping 21487
14:50:26 root         INFO     Skipping 27644
14:50:26 root         INFO     Skipping 37722
14:50:26 root         INFO     Skipping 24175
14:50:26 root         INFO     Skipping 27637
14:50:26 root         INFO     Skipping 9424
14:50:26 root         INFO     Skipping 24181
14:50:26 root         INFO     Skipping 37676
14:50:26 root         INFO     Skipping 15912
14:50:26 root         INFO     Skipping 1004
14:50:26 root         INFO     Skipping 15922
14:50:26 root         INFO     Skipping 21523
14:50:26 root         INFO     Skipping 14489
14:50:26 root         INFO     Skipping 18756
14:50:26 root         INFO     Skipping 23549
14:50:26 root         INFO     Skipping 30414
14:50:26 root         INFO     Skipping 2505
14:50:26 root         INFO     Skipping 28735
14:50:26 root         INFO     Skipping 599
14:50:26 root         INFO     Skipping 24124
14:50:26 root         INFO     Skipping 24218
14:50:26 root         INFO     Skipping 19874
14:50:26 root         INFO     Skipping 2175
14:50:26 root         INFO     Skipping 21467
14:50:26 root         INFO     Skipping 30525
14:50:26 root         INFO     Skipping 24176
14:50:26 root         INFO     Skipping 15949
14:50:26 root         INFO     Skipping 27630
14:50:26 root         INFO     Skipping 27632
14:50:26 root         INFO     Skipping 606
14:50:26 root         INFO     Skipping 27629
14:50:26 root         INFO     Skipping 24228
14:50:26 root         INFO     Skipping 562
14:50:26 root         INFO     Skipping 21633
14:50:26 root         INFO     Skipping 24225
14:50:26 root         INFO     Skipping 18725
14:50:26 root         INFO     Skipping 21567
14:50:26 root         INFO     Skipping 27628
14:50:26 root         INFO     Skipping 12921
14:50:26 root         INFO     Skipping 47
14:50:26 root         INFO     Skipping 8101
14:50:26 root         INFO     Skipping 27936
14:50:26 root         INFO     Skipping 23089
14:50:26 root         INFO     Skipping 15911
14:50:26 root         INFO     Skipping 30472
14:50:26 root         INFO     Skipping 35703
14:50:26 root         INFO     Skipping 30475
14:50:26 root         INFO     Skipping 18739
14:50:26 root         INFO     Skipping 30378
14:50:26 root         INFO     Skipping 21
14:50:26 root         INFO     Skipping 32904
14:50:26 root         INFO     Skipping 24169
14:50:26 root         INFO     Skipping 27616
14:50:26 root         INFO     Skipping 546
14:50:26 root         INFO     Skipping 125
14:50:26 root         INFO     Skipping 432
14:50:26 root         INFO     Skipping 23572
14:50:26 root         INFO     Skipping 1
14:50:26 root         INFO     Skipping 10
14:50:26 root         INFO     Skipping 72
14:50:26 root         INFO     Skipping 106
14:50:26 root         INFO     Skipping 804
14:50:26 root         INFO     Skipping 697
14:50:26 root         INFO     Skipping 166
14:50:26 root         INFO     Skipping 37667
14:50:26 root         INFO     Skipping 24234
14:50:26 root         INFO     Skipping 34781
14:50:26 root         INFO     Skipping 44
14:50:26 root         INFO     Skipping 2434
14:50:26 root         INFO     Skipping 7307
14:50:26 root         INFO     Skipping 7280
14:50:26 root         INFO     Skipping 14197
14:50:26 root         INFO     Skipping 6929
14:50:26 root         INFO     Skipping 24223
14:50:26 root         INFO     Skipping 30412
14:50:26 root         INFO     Skipping 21230
14:50:26 root         INFO     Skipping 7124
14:50:26 root         INFO     Skipping 7516
14:50:26 root         INFO     Skipping 9231
14:50:26 root         INFO     Skipping 13222
14:50:26 root         INFO     Skipping 24928
14:50:26 root         INFO     Skipping 14466
14:50:26 root         INFO     Skipping 19685
14:50:26 root         INFO     Skipping 14008
14:50:26 root         INFO     Skipping 20480
14:50:26 root         INFO     Skipping 7126
14:50:26 root         INFO     Skipping 15792
14:50:26 root         INFO     Skipping 27571
14:50:26 root         INFO     Skipping 19109
14:50:26 root         INFO     Skipping 14066
14:50:26 root         INFO     Skipping 7103
14:50:26 root         INFO     Skipping 13479
14:50:26 root         INFO     Skipping 13475
14:50:26 root         INFO     Skipping 24237
14:50:26 root         INFO     Skipping 28365
14:50:26 root         INFO     Skipping 7118
14:50:26 root         INFO     Skipping 19909
14:50:26 root         INFO     Skipping 13664
14:50:26 root         INFO     Skipping 13467
14:50:26 root         INFO     Skipping 18743
14:50:26 root         INFO     Skipping 19881
14:50:26 root         INFO     Skipping 6970
14:50:26 root         INFO     Skipping 7286
14:50:26 root         INFO     Skipping 14047
14:50:26 root         INFO     Skipping 35569
14:50:26 root         INFO     Skipping 37741
14:50:26 root         INFO     Skipping 37697
14:50:26 root         INFO     Skipping 1453
14:50:26 root         INFO     Skipping 18818
14:50:26 root         INFO     Skipping 37745
14:50:26 root         INFO     Skipping 18836
14:50:26 root         INFO     Skipping 37441
14:50:26 root         INFO     Skipping 24207
14:50:26 root         INFO     Skipping 1483
14:50:26 root         INFO     Skipping 30395
14:50:26 root         INFO     Skipping 30432
14:50:26 root         INFO     Skipping 36969
14:50:26 root         INFO     Skipping 21533
14:50:26 root         INFO     Skipping 1352
14:50:26 root         INFO     Skipping 30390
14:50:26 root         INFO     Skipping 1149
14:50:26 root         INFO     Skipping 24202
14:50:26 root         INFO     Skipping 30389
14:50:26 root         INFO     Skipping 15891
14:50:26 root         INFO     Skipping 14488
14:50:26 root         INFO     Skipping 30528
14:50:26 root         INFO     Skipping 27597
14:50:26 root         INFO     Skipping 37737
14:50:26 root         INFO     Skipping 1557
14:50:26 root         INFO     Skipping 27609
14:50:26 root         INFO     Skipping 900
14:50:26 root         INFO     Skipping 21527
14:50:26 root         INFO     Skipping 1479
14:50:26 root         INFO     Skipping 30387
14:50:26 root         INFO     Skipping 980
14:50:26 root         INFO     Skipping 37703
14:50:26 root         INFO     Skipping 15304
14:50:26 root         INFO     Skipping 128
14:50:26 root         INFO     Skipping 14781
14:50:26 root         INFO     Skipping 15528
14:50:26 root         INFO     Skipping 25120
14:50:26 root         INFO     Skipping 33803
14:50:26 root         INFO     Skipping 20476
14:50:26 root         INFO     Skipping 27502
14:50:26 root         INFO     Skipping 13456
14:50:26 root         INFO     Skipping 27390
14:50:26 root         INFO     Skipping 15813
14:50:26 root         INFO     Skipping 7320
14:50:26 root         INFO     Skipping 20668
14:50:26 root         INFO     Skipping 38937
14:50:26 root         INFO     Skipping 37417
14:50:26 root         INFO     Skipping 13038
14:50:26 root         INFO     Skipping 6932
14:50:26 root         INFO     Skipping 14978
14:50:26 root         INFO     Skipping 17045
14:50:26 root         INFO     Skipping 22385
14:50:26 root         INFO     Skipping 7853
14:50:26 root         INFO     Skipping 14026
14:50:26 root         INFO     Skipping 14923
14:50:26 root         INFO     Skipping 7288
14:50:26 root         INFO     Skipping 7538
14:50:26 root         INFO     Skipping 13451
14:50:26 root         INFO     Skipping 25009
14:50:26 root         INFO     Skipping 9452
14:50:26 root         INFO     Skipping 20118
14:50:26 root         INFO     Skipping 20475
14:50:26 root         INFO     Skipping 14602
14:50:26 root         INFO     Skipping 7291
14:50:26 root         INFO     Skipping 13457
14:50:26 root         INFO     Skipping 7345
14:50:26 root         INFO     Skipping 35752
14:50:26 root         INFO     Skipping 31489
14:50:26 root         INFO     Skipping 15674
14:50:26 root         INFO     Skipping 31189
14:50:26 root         INFO     Skipping 21
14:50:26 root         INFO     Skipping 247
14:50:26 root         INFO     Skipping 20084
14:50:26 root         INFO     Skipping 16020
14:50:26 root         INFO     Skipping 2009
14:50:26 root         INFO     Skipping 1773
14:50:26 root         INFO     Skipping 7337
14:50:26 root         INFO     Skipping 14910
14:50:26 root         INFO     Skipping 7339
14:50:26 root         INFO     Skipping 24976
14:50:26 root         INFO     Skipping 30360
14:50:26 root         INFO     Skipping 24315
14:50:26 root         INFO     Skipping 30361
14:50:26 root         INFO     Skipping 30358
14:50:26 root         INFO     Skipping 37191
14:50:26 root         INFO     Skipping 3129
14:50:26 root         INFO     Skipping 3052
14:50:26 root         INFO     Skipping 37932
14:50:26 root         INFO     Skipping 3125
14:50:26 root         INFO     Skipping 3109
14:50:26 root         INFO     Skipping 20056
14:50:26 root         INFO     Skipping 37778
14:50:26 root         INFO     Skipping 35587
14:50:26 root         INFO     Skipping 28452
14:50:26 root         INFO     Skipping 3320
14:50:26 root         INFO     Skipping 30367
14:50:26 root         INFO     Skipping 3048
14:50:26 root         INFO     Skipping 27750
14:50:26 root         INFO     Skipping 3072
14:50:26 root         INFO     Skipping 38049
14:50:26 root         INFO     Skipping 30366
14:50:26 root         INFO     Skipping 30368
14:50:26 root         INFO     Skipping 27956
14:50:26 root         INFO     Skipping 15709
14:50:26 root         INFO     Skipping 38047
14:50:26 root         INFO     Skipping 3137
14:50:26 root         INFO     Skipping 3085
14:50:26 root         INFO     Skipping 2042
14:50:26 root         INFO     Skipping 30374
14:50:26 root         INFO     Skipping 3064
14:50:26 root         INFO     Skipping 3286
14:50:26 root         INFO     Skipping 30362
14:50:26 root         INFO     Skipping 3309
14:50:26 root         INFO     Skipping 37826
14:50:26 root         INFO     Skipping 4972
14:50:26 root         INFO     Skipping 15790
14:50:26 root         INFO     Skipping 18747
14:50:26 root         INFO     Skipping 22401
14:50:26 root         INFO     Skipping 18711
14:50:26 root         INFO     Skipping 3123
14:50:26 root         INFO     Skipping 3296
14:50:26 root         INFO     Skipping 164
14:50:26 root         INFO     Skipping 30617
14:50:26 root         INFO     Skipping 19614
14:50:26 root         INFO     Skipping 23295
14:50:26 root         INFO     Skipping 35818
14:50:26 root         INFO     Skipping 7531
14:50:26 root         INFO     Skipping 19559
14:50:27 root         INFO     Driver opened url https://oilchange.org/press/: 0.5 second load started
14:50:28 root         INFO     Driver opened url https://oilchange.org/news/trumps-cabinet/: 0.5 second load started
14:50:28 root         DEBUG    Titles: Cartoonishly Corrupt: Oil Change International's Response to Upcoming Confirmation Hearings for Trump's Energy and Environment Cabinet Nominees
14:50:28 root         DEBUG    Dates: 2025-01-13
14:50:28 root         DEBUG    Desc: This week, the Senate will hold confirmation hearings for North Dakota governor Doug Burgum, nominated for Secretary of the Interior; fracking CEO Chris Wright, nominated for Energy Secretary; and former New York Congressman Lee Zeldin, nominated for EPA Administrator. 

In response, Allie Rosenbluth, United States Program Manager at Oil Change International, said: 

“Zeldin, Burgum, and Wright are unqualified to serve in these critical environmental positions. With Zeldin and Burgum each receiving hundreds of thousands [1] in fossil fuel campaign money and Wright’s position as a fracking CEO, their loyalties lie with industry profits, not protecting Americans’ air, water, climate, and working-class families. These men will choose items off the fossil fuel industry’s wishlist over the good of the American people every time. 

“Lee Zeldin, who  received an “Oil Slick Award”  while in Congress, will attempt to gut critical protections against fossil fuel pollution that increase the risk of cancers, preterm births, and respiratory illnesses. Fossil fuel booster Doug Burgum hopes to open irreplaceable public lands like the Arctic National Wildlife Refuge to drilling and fracking. Chris Wright, a climate denier with no prior government experience who essentially purchased his position  through $450,000  in Trump campaign contributions [2], will do his best to put a rapid end to President Biden’s pause on new authorizations for liquified natural gas (LNG) exports. While these actions will face stiff legal challenges and public outrage, if allowed to go forward, they will harm public health and safety for the sake of fossil fuel industry profits. According to the International Energy Agency, any new fossil fuel development is incompatible with meeting our climate goals and protecting our communities from devastating climate disasters like the Los Angeles fires. 

“In just the past few months in the US, hundreds of people and counting have died and thousands have lost their homes, schools, and businesses to wildfires and hurricanes supercharged by the climate crisis. Though Trump has chosen his fossil fuel cronies to run the federal government, states and local governments have the power to step up to hold polluters accountable, transition to renewable energy, and build resilience for when climate disaster hits.” 

Notes to the editor: 

[1]  Lee Zeldin has received at least $410,000  in campaign contributions from the fossil fuel industry. Between his  gubernatorial  and  presidential runs  , Doug Burgum has received at least $610,000. 

[2] This figure includes funds donated by Chris Wright’s wife. 

14:50:28 root         DEBUG    Agency_id 26784
14:50:28 root         DEBUG    Article Link: https://oilchange.org/news/trumps-cabinet/
14:50:28 root         INFO     LEDE: [testlede] month: [Jan.] day: [13]
14:50:29 root         INFO     
ADDING: FILENAME: [testfilename t Nominees] TITLE: [Cartoonishly Corrupt: Oil Change International's Response to Upcoming Confirmation Hearings for Trump's Energy and Environment Cabinet Nominees] DATE: [2025-01-13] ID [26784]

14:50:29 root         INFO     Driver opened url https://oilchange.org/news/south-korea-and-turkey-block-landmark-oecd-deal-to-end-fossil-fuel-subsidies/: 0.5 second load started
14:50:30 root         DEBUG    Titles: South Korea and Turkey block landmark OECD deal to end fossil fuel subsidies
14:50:30 root         DEBUG    Dates: 2024-12-20
14:50:30 root         DEBUG    Desc: OECD members have failed to pass a landmark deal to end over $40 billion in public subsidies to fossil fuels. Despite last-ditch attempts by senior government and  international figures  to sway South Korea and Turkey – the only countries blocking the deal – negotiators could not agree on a proposal to restrict export finance to fossil fuels. They will instead focus on a range of measures to improve transparency in export financing. 

“Most negotiating countries have rallied behind this historic proposal, but South Korea and Turkey are blocking a deal. Even at this late stage, countries shouldn’t give up – this is their last chance to get around the table and lock in a landmark deal to end export finance for fossil fuels before Trump takes office. We cannot afford another penny for fossil fuel expansion if we want to preserve a liveable planet. Transparency measures are not good enough,” said  Adam McGibbon, Campaign Strategist at Oil Change International  . 

In recent weeks, negotiators have tried to reach an agreement to end export credit agencies’ support for fossil fuels. Each year, OECD export credit agencies provide  $41 billion to fossil fuels,  almost five times their support to clean energy. This is the largest flow of international public finance to fossil fuels – larger than flows from Multilateral Development Banks. Shifting this finance to clean energy would be historic, and could catalyse the global clean energy transition. 

Last year the UK, Canada and EU  tabled a proposal at the OECD  to end export finance for all fossil fuels, building on a 2021 OECD agreement that ended export finance support for coal plants. In a surprise move, the US  recently switched its position at COP29  and came out in support of the proposal, leaving just a handful of countries blocking it. 

Talks came to a head this week, with countries trying to finalise a ‘Trump-proof’ deal before the new President comes into office. An OECD deal would be difficult if not impossible for Trump to undo, and further progress in these negotiations is very unlikely when he is in office. The negotiating parties who supported a deal included the European Union, United States, Canada, the United Kingdom, Norway, Australia and New Zealand. Because consensus is required and the Korean and Turkish governments have not been prepared to compromise, sources suggest that no agreement will be reached before the end of the year. 

These negotiations built on previous efforts to restrict international public finance for fossil fuels, which have been successful in bringing down such support by  $15 billion a year  , a drop of two thirds. An OECD deal would accelerate this trend and ensure laggard countries follow suit. 

### 

14:50:30 root         DEBUG    Agency_id 26784
14:50:30 root         DEBUG    Article Link: https://oilchange.org/news/south-korea-and-turkey-block-landmark-oecd-deal-to-end-fossil-fuel-subsidies/
14:50:30 root         INFO     LEDE: [testlede] month: [Dec.] day: [20]
14:50:30 root         INFO     
ADDING: FILENAME: [testfilename  subsidies] TITLE: [South Korea and Turkey block landmark OECD deal to end fossil fuel subsidies] DATE: [2024-12-20] ID [26784]

14:50:30 root         INFO     INVALID DATE: 2024-12-19 00:00:00
14:50:30 root         INFO     INVALID DATE: 2024-12-17 00:00:00
14:50:30 root         INFO     INVALID DATE: 2024-12-12 00:00:00
14:50:30 root         INFO     INVALID DATE: 2024-09-12 00:00:00
14:50:30 root         INFO     INVALID DATE: 2024-06-12 00:00:00
14:50:30 root         INFO     Scrape errors found during run:
14:50:30 root         INFO     []
14:50:30 root         INFO     End of file message
14:50:30 root         INFO     

Load Version 2.0.1 01/17/2025
       Docs Loaded: 2
       URLS processed: 1
       DUPS skipped: 0
       No Ledes found: 0

Passed Parameters:
       Pull House and Senate: False
       Number of days back: 30
       Start Time: 2025-01-19 14:50:22
       End Time: 2025-01-19 14:50:30
       Elapsed Time: 0:00:08
       Character Minimum Amount: 100

Errors:
Docs:
	Loaded:
		26784: Cartoonishly Corrupt: Oil Change International's Response to Upcoming Confirmation Hearings for Trump's Energy and Environment Cabinet Nominees
		26784: South Korea and Turkey block landmark OECD deal to end fossil fuel subsidies
