18:18:41 root         INFO     Skipping 27599
18:18:41 root         INFO     Skipping 30449
18:18:41 root         INFO     Skipping 14315
18:18:41 root         INFO     Skipping 7566
18:18:41 root         INFO     Skipping 804
18:18:41 root         INFO     Skipping 12106
18:18:41 root         INFO     Skipping 8034
18:18:41 root         INFO     Skipping 7901
18:18:41 root         INFO     Skipping 20157
18:18:41 root         INFO     Skipping 6950
18:18:41 root         INFO     Skipping 15026
18:18:41 root         INFO     Skipping 19993
18:18:41 root         INFO     Skipping 21569
18:18:41 root         INFO     Skipping 23030
18:18:41 root         INFO     Skipping 206
18:18:41 root         INFO     Skipping 16046
18:18:41 root         INFO     Skipping 16140
18:18:41 root         INFO     Skipping 16037
18:18:41 root         INFO     Skipping 43
18:18:41 root         INFO     Skipping 225
18:18:41 root         INFO     Skipping 37711
18:18:41 root         INFO     Skipping 34699
18:18:41 root         INFO     Skipping 19021
18:18:41 root         INFO     Skipping 18495
18:18:41 root         INFO     Skipping 222
18:18:41 root         INFO     Skipping 5602
18:18:41 root         INFO     Skipping 16027
18:18:41 root         INFO     Skipping 21499
18:18:41 root         INFO     Skipping 2698
18:18:41 root         INFO     Skipping 27867
18:18:41 root         INFO     Skipping 24224
18:18:41 root         INFO     Skipping 21563
18:18:41 root         INFO     Skipping 24227
18:18:41 root         INFO     Skipping 17224
18:18:41 root         INFO     Skipping 219
18:18:41 root         INFO     Skipping 23814
18:18:41 root         INFO     Skipping 15376
18:18:41 root         INFO     Skipping 19286
18:18:41 root         INFO     Skipping 28048
18:18:41 root         INFO     Skipping 543
18:18:41 root         INFO     Skipping 24233
18:18:41 root         INFO     Skipping 18735
18:18:41 root         INFO     Skipping 1066
18:18:41 root         INFO     Skipping 37680
18:18:41 root         INFO     Skipping 691
18:18:41 root         INFO     Skipping 677
18:18:41 root         INFO     Skipping 20141
18:18:41 root         INFO     Skipping 36151
18:18:41 root         INFO     Skipping 20319
18:18:41 root         INFO     Skipping 12400
18:18:41 root         INFO     Skipping 127
18:18:41 root         INFO     Skipping 20792
18:18:41 root         INFO     Skipping 17104
18:18:41 root         INFO     Skipping 24344
18:18:41 root         INFO     Skipping 19546
18:18:41 root         INFO     Skipping 15565
18:18:41 root         INFO     Skipping 13359
18:18:41 root         INFO     Skipping 17922
18:18:41 root         INFO     Skipping 22481
18:18:41 root         INFO     Skipping 20138
18:18:41 root         INFO     Skipping 119
18:18:41 root         INFO     Skipping 24
18:18:41 root         INFO     Skipping 21188
18:18:41 root         INFO     Skipping 3016
18:18:41 root         INFO     Skipping 21525
18:18:41 root         INFO     Skipping 37694
18:18:41 root         INFO     Skipping 18710
18:18:41 root         INFO     Skipping 29332
18:18:41 root         INFO     Skipping 23100
18:18:41 root         INFO     Skipping 37725
18:18:41 root         INFO     Skipping 15633
18:18:41 root         INFO     Skipping 948
18:18:41 root         INFO     Skipping 30993
18:18:41 root         INFO     Skipping 22221
18:18:41 root         INFO     Skipping 22654
18:18:41 root         INFO     Skipping 35809
18:18:41 root         INFO     Skipping 35576
18:18:41 root         INFO     Skipping 37408
18:18:41 root         INFO     Skipping 7844
18:18:41 root         INFO     Skipping 169
18:18:41 root         INFO     Skipping 20
18:18:41 root         INFO     Skipping 8022
18:18:41 root         INFO     Skipping 8032
18:18:41 root         INFO     Skipping 20605
18:18:41 root         INFO     Skipping 7838
18:18:41 root         INFO     Skipping 21497
18:18:41 root         INFO     Skipping 35572
18:18:41 root         INFO     Skipping 30425
18:18:41 root         INFO     Skipping 35517
18:18:41 root         INFO     Skipping 35524
18:18:41 root         INFO     Skipping 21522
18:18:41 root         INFO     Skipping 1325
18:18:41 root         INFO     Skipping 1079
18:18:41 root         INFO     Skipping 6973
18:18:41 root         INFO     Skipping 37495
18:18:41 root         INFO     Skipping 30405
18:18:41 root         INFO     Skipping 18767
18:18:41 root         INFO     Skipping 21521
18:18:41 root         INFO     Skipping 921
18:18:41 root         INFO     Skipping 27602
18:18:41 root         INFO     Skipping 21335
18:18:41 root         INFO     Skipping 30444
18:18:41 root         INFO     Skipping 1363
18:18:41 root         INFO     Skipping 9488
18:18:41 root         INFO     Skipping 24230
18:18:41 root         INFO     Skipping 2696
18:18:41 root         INFO     Skipping 37705
18:18:41 root         INFO     Skipping 33752
18:18:41 root         INFO     Skipping 37731
18:18:41 root         INFO     Skipping 37740
18:18:41 root         INFO     Skipping 9427
18:18:41 root         INFO     Skipping 19880
18:18:41 root         INFO     Skipping 632
18:18:41 root         INFO     Skipping 135
18:18:41 root         INFO     Skipping 39007
18:18:41 root         INFO     Skipping 551
18:18:41 root         INFO     Skipping 37304
18:18:41 root         INFO     Skipping 20115
18:18:41 root         INFO     Skipping 13362
18:18:41 root         INFO     Skipping 7333
18:18:41 root         INFO     Skipping 21423
18:18:41 root         INFO     Skipping 17653
18:18:41 root         INFO     Skipping 21152
18:18:41 root         INFO     Skipping 16031
18:18:41 root         INFO     Skipping 27074
18:18:41 root         INFO     Skipping 255
18:18:41 root         INFO     Skipping 431
18:18:41 root         INFO     Skipping 19290
18:18:41 root         INFO     Skipping 33954
18:18:41 root         INFO     Skipping 22921
18:18:41 root         INFO     Skipping 26556
18:18:41 root         INFO     Skipping 167
18:18:41 root         INFO     Skipping 15884
18:18:41 root         INFO     Skipping 30382
18:18:41 root         INFO     Skipping 30450
18:18:41 root         INFO     Skipping 27626
18:18:41 root         INFO     Skipping 37748
18:18:41 root         INFO     Skipping 715
18:18:41 root         INFO     Skipping 18734
18:18:41 root         INFO     Skipping 9485
18:18:41 root         INFO     Skipping 24231
18:18:41 root         INFO     Skipping 6221
18:18:41 root         INFO     Skipping 15392
18:18:41 root         INFO     Skipping 14466
18:18:41 root         INFO     Skipping 15025
18:18:41 root         INFO     Skipping 19760
18:18:41 root         INFO     Skipping 37095
18:18:41 root         INFO     Skipping 122
18:18:41 root         INFO     Skipping 113
18:18:41 root         INFO     Skipping 13863
18:18:41 root         INFO     Skipping 7355
18:18:41 root         INFO     Skipping 8042
18:18:41 root         INFO     Skipping 23802
18:18:41 root         INFO     Skipping 282
18:18:41 root         INFO     Skipping 7316
18:18:41 root         INFO     Skipping 16040
18:18:41 root         INFO     Skipping 7922
18:18:41 root         INFO     Skipping 16041
18:18:41 root         INFO     Skipping 28101
18:18:41 root         INFO     Skipping 3410
18:18:41 root         INFO     Skipping 7121
18:18:41 root         INFO     Skipping 17116
18:18:41 root         INFO     Skipping 20034
18:18:41 root         INFO     Skipping 6918
18:18:41 root         INFO     Skipping 22037
18:18:41 root         INFO     Skipping 14373
18:18:41 root         INFO     Skipping 13794
18:18:41 root         INFO     Skipping 13964
18:18:41 root         INFO     Skipping 6930
18:18:41 root         INFO     Skipping 19978
18:18:41 root         INFO     Skipping 14069
18:18:41 root         INFO     Skipping 14111
18:18:41 root         INFO     Skipping 6931
18:18:41 root         INFO     Skipping 14021
18:18:41 root         INFO     Skipping 37180
18:18:41 root         INFO     Skipping 35130
18:18:41 root         INFO     Skipping 19684
18:18:41 root         INFO     Skipping 28292
18:18:41 root         INFO     Skipping 30335
18:18:41 root         INFO     Skipping 14867
18:18:41 root         INFO     Skipping 23669
18:18:41 root         INFO     Skipping 6793
18:18:41 root         INFO     Skipping 15440
18:18:41 root         INFO     Skipping 23588
18:18:41 root         INFO     Skipping 10156
18:18:41 root         INFO     Skipping 30046
18:18:41 root         INFO     Skipping 39476
18:18:41 root         INFO     Skipping 37727
18:18:41 root         INFO     Skipping 33096
18:18:41 root         INFO     Skipping 32423
18:18:41 root         INFO     Skipping 30658
18:18:41 root         INFO     Skipping 18394
18:18:41 root         INFO     Skipping 19870
18:18:41 root         INFO     Skipping 15962
18:18:41 root         INFO     Skipping 702
18:18:41 root         INFO     Skipping 39478
18:18:41 root         INFO     Skipping 30435
18:18:41 root         INFO     Skipping 9445
18:18:41 root         INFO     Skipping 24173
18:18:41 root         INFO     Skipping 35554
18:18:41 root         INFO     Skipping 18733
18:18:41 root         INFO     Skipping 3962
18:18:41 root         INFO     Skipping 26659
18:18:41 root         INFO     Skipping 32135
18:18:41 root         INFO     Skipping 27843
18:18:41 root         INFO     Skipping 17658
18:18:41 root         INFO     Skipping 27186
18:18:41 root         INFO     Skipping 6922
18:18:41 root         INFO     Skipping 7317
18:18:41 root         INFO     Skipping 37607
18:18:41 root         INFO     Skipping 19748
18:18:41 root         INFO     Skipping 14979
18:18:41 root         INFO     Skipping 28256
18:18:41 root         INFO     Skipping 15000
18:18:41 root         INFO     Skipping 15725
18:18:41 root         INFO     Skipping 21561
18:18:41 root         INFO     Skipping 23098
18:18:41 root         INFO     Skipping 24231
18:18:41 root         INFO     Skipping 30469
18:18:41 root         INFO     Skipping 37819
18:18:41 root         INFO     Skipping 27605
18:18:41 root         INFO     Skipping 24799
18:18:41 root         INFO     Skipping 35571
18:18:41 root         INFO     Skipping 18750
18:18:41 root         INFO     Skipping 21564
18:18:41 root         INFO     Skipping 695
18:18:41 root         INFO     Skipping 619
18:18:41 root         INFO     Skipping 21566
18:18:41 root         INFO     Skipping 18746
18:18:41 root         INFO     Skipping 30470
18:18:41 root         INFO     Skipping 37747
18:18:41 root         INFO     Skipping 35726
18:18:41 root         INFO     Skipping 35708
18:18:41 root         INFO     Skipping 35705
18:18:41 root         INFO     Skipping 35727
18:18:41 root         INFO     Skipping 37743
18:18:41 root         INFO     Skipping 24229
18:18:41 root         INFO     Skipping 37748
18:18:41 root         INFO     Skipping 19879
18:18:41 root         INFO     Skipping 717
18:18:41 root         INFO     Skipping 35728
18:18:41 root         INFO     Skipping 37820
18:18:41 root         INFO     Skipping 30473
18:18:41 root         INFO     Skipping 37744
18:18:41 root         INFO     Skipping 28313
18:18:41 root         INFO     Skipping 37749
18:18:41 root         INFO     Skipping 15948
18:18:41 root         INFO     Skipping 35707
18:18:41 root         INFO     Skipping 35706
18:18:41 root         INFO     Skipping 35704
18:18:41 root         INFO     Skipping 18740
18:18:41 root         INFO     Skipping 18736
18:18:41 root         INFO     Skipping 183
18:18:41 root         INFO     Skipping 7887
18:18:41 root         INFO     Skipping 15551
18:18:41 root         INFO     Skipping 35562
18:18:41 root         INFO     Skipping 9423
18:18:41 root         INFO     Skipping 1519
18:18:41 root         INFO     Skipping 35489
18:18:41 root         INFO     Skipping 20880
18:18:41 root         INFO     Skipping 37235
18:18:41 root         INFO     Skipping 15882
18:18:41 root         INFO     Skipping 1169
18:18:41 root         INFO     Skipping 9463
18:18:41 root         INFO     Skipping 37685
18:18:41 root         INFO     Skipping 809
18:18:41 root         INFO     Skipping 9421
18:18:41 root         INFO     Skipping 30397
18:18:41 root         INFO     Skipping 37735
18:18:41 root         INFO     Skipping 30394
18:18:41 root         INFO     Skipping 30448
18:18:41 root         INFO     Skipping 27614
18:18:41 root         INFO     Skipping 35527
18:18:41 root         INFO     Skipping 37416
18:18:41 root         INFO     Skipping 37709
18:18:41 root         INFO     Skipping 27649
18:18:41 root         INFO     Skipping 35546
18:18:41 root         INFO     Skipping 1098
18:18:41 root         INFO     Skipping 21488
18:18:41 root         INFO     Skipping 37674
18:18:41 root         INFO     Skipping 37706
18:18:41 root         INFO     Skipping 37713
18:18:41 root         INFO     Skipping 918
18:18:41 root         INFO     Skipping 24210
18:18:41 root         INFO     Skipping 37728
18:18:41 root         INFO     Skipping 35555
18:18:41 root         INFO     Skipping 35556
18:18:41 root         INFO     Skipping 892
18:18:41 root         INFO     Skipping 38045
18:18:41 root         INFO     Skipping 829
18:18:41 root         INFO     Skipping 30468
18:18:41 root         INFO     Skipping 24186
18:18:41 root         INFO     Skipping 24194
18:18:41 root         INFO     Skipping 37693
18:18:41 root         INFO     Skipping 30429
18:18:41 root         INFO     Skipping 1249
18:18:41 root         INFO     Skipping 30434
18:18:41 root         INFO     Skipping 24199
18:18:41 root         INFO     Skipping 37688
18:18:41 root         INFO     Skipping 23853
18:18:41 root         INFO     Skipping 30456
18:18:41 root         INFO     Skipping 1036
18:18:41 root         INFO     Skipping 30436
18:18:41 root         INFO     Skipping 37690
18:18:41 root         INFO     Skipping 36428
18:18:41 root         INFO     Skipping 37721
18:18:41 root         INFO     Skipping 27646
18:18:41 root         INFO     Skipping 24187
18:18:41 root         INFO     Skipping 35551
18:18:41 root         INFO     Skipping 925
18:18:41 root         INFO     Skipping 21570
18:18:41 root         INFO     Skipping 21536
18:18:41 root         INFO     Skipping 604
18:18:41 root         INFO     Skipping 21562
18:18:41 root         INFO     Skipping 21572
18:18:41 root         INFO     Skipping 17884
18:18:41 root         INFO     Skipping 235
18:18:41 root         INFO     Skipping 2909
18:18:41 root         INFO     Skipping 21487
18:18:41 root         INFO     Skipping 27644
18:18:41 root         INFO     Skipping 37722
18:18:41 root         INFO     Skipping 24175
18:18:41 root         INFO     Skipping 27637
18:18:41 root         INFO     Skipping 9424
18:18:41 root         INFO     Skipping 24181
18:18:41 root         INFO     Skipping 37676
18:18:41 root         INFO     Skipping 15912
18:18:41 root         INFO     Skipping 1004
18:18:41 root         INFO     Skipping 15922
18:18:41 root         INFO     Skipping 21523
18:18:41 root         INFO     Skipping 14489
18:18:41 root         INFO     Skipping 18756
18:18:41 root         INFO     Skipping 23549
18:18:41 root         INFO     Skipping 30414
18:18:41 root         INFO     Skipping 2505
18:18:41 root         INFO     Skipping 28735
18:18:41 root         INFO     Skipping 599
18:18:41 root         INFO     Skipping 24124
18:18:41 root         INFO     Skipping 24218
18:18:41 root         INFO     Skipping 19874
18:18:41 root         INFO     Skipping 2175
18:18:41 root         INFO     Skipping 21467
18:18:41 root         INFO     Skipping 30525
18:18:41 root         INFO     Skipping 24176
18:18:41 root         INFO     Skipping 15949
18:18:41 root         INFO     Skipping 27630
18:18:41 root         INFO     Skipping 27632
18:18:41 root         INFO     Skipping 606
18:18:41 root         INFO     Skipping 27629
18:18:41 root         INFO     Skipping 24228
18:18:41 root         INFO     Skipping 562
18:18:41 root         INFO     Skipping 21633
18:18:41 root         INFO     Skipping 24225
18:18:41 root         INFO     Skipping 18725
18:18:41 root         INFO     Skipping 21567
18:18:41 root         INFO     Skipping 27628
18:18:41 root         INFO     Skipping 12921
18:18:41 root         INFO     Skipping 47
18:18:41 root         INFO     Skipping 8101
18:18:41 root         INFO     Skipping 27936
18:18:41 root         INFO     Skipping 23089
18:18:41 root         INFO     Skipping 15911
18:18:41 root         INFO     Skipping 30472
18:18:41 root         INFO     Skipping 35703
18:18:41 root         INFO     Skipping 30475
18:18:41 root         INFO     Skipping 18739
18:18:41 root         INFO     Skipping 30378
18:18:41 root         INFO     Skipping 21
18:18:41 root         INFO     Skipping 32904
18:18:41 root         INFO     Skipping 24169
18:18:41 root         INFO     Skipping 27616
18:18:41 root         INFO     Skipping 546
18:18:41 root         INFO     Skipping 125
18:18:41 root         INFO     Skipping 432
18:18:41 root         INFO     Skipping 23572
18:18:41 root         INFO     Skipping 1
18:18:41 root         INFO     Skipping 10
18:18:41 root         INFO     Skipping 72
18:18:41 root         INFO     Skipping 106
18:18:41 root         INFO     Skipping 804
18:18:41 root         INFO     Skipping 697
18:18:41 root         INFO     Skipping 166
18:18:41 root         INFO     Skipping 37667
18:18:41 root         INFO     Skipping 24234
18:18:41 root         INFO     Skipping 34781
18:18:41 root         INFO     Skipping 44
18:18:41 root         INFO     Skipping 2434
18:18:41 root         INFO     Skipping 7307
18:18:41 root         INFO     Skipping 7280
18:18:41 root         INFO     Skipping 14197
18:18:41 root         INFO     Skipping 6929
18:18:41 root         INFO     Skipping 24223
18:18:41 root         INFO     Skipping 30412
18:18:41 root         INFO     Skipping 21230
18:18:41 root         INFO     Skipping 7124
18:18:41 root         INFO     Skipping 7516
18:18:41 root         INFO     Skipping 9231
18:18:41 root         INFO     Skipping 13222
18:18:41 root         INFO     Skipping 24928
18:18:41 root         INFO     Skipping 14466
18:18:41 root         INFO     Skipping 19685
18:18:41 root         INFO     Skipping 14008
18:18:41 root         INFO     Skipping 20480
18:18:41 root         INFO     Skipping 7126
18:18:41 root         INFO     Skipping 15792
18:18:41 root         INFO     Skipping 27571
18:18:41 root         INFO     Skipping 19109
18:18:41 root         INFO     Skipping 14066
18:18:41 root         INFO     Skipping 7103
18:18:41 root         INFO     Skipping 13479
18:18:41 root         INFO     Skipping 13475
18:18:41 root         INFO     Skipping 24237
18:18:41 root         INFO     Skipping 28365
18:18:41 root         INFO     Skipping 7118
18:18:41 root         INFO     Skipping 19909
18:18:41 root         INFO     Skipping 13664
18:18:41 root         INFO     Skipping 13467
18:18:41 root         INFO     Skipping 18743
18:18:41 root         INFO     Skipping 19881
18:18:41 root         INFO     Skipping 6970
18:18:41 root         INFO     Skipping 7286
18:18:41 root         INFO     Skipping 14047
18:18:41 root         INFO     Skipping 35569
18:18:41 root         INFO     Skipping 37741
18:18:41 root         INFO     Skipping 37697
18:18:41 root         INFO     Skipping 1453
18:18:41 root         INFO     Skipping 18818
18:18:41 root         INFO     Skipping 37745
18:18:41 root         INFO     Skipping 18836
18:18:41 root         INFO     Skipping 37441
18:18:41 root         INFO     Skipping 24207
18:18:41 root         INFO     Skipping 1483
18:18:41 root         INFO     Skipping 30395
18:18:41 root         INFO     Skipping 30432
18:18:41 root         INFO     Skipping 36969
18:18:41 root         INFO     Skipping 21533
18:18:41 root         INFO     Skipping 1352
18:18:41 root         INFO     Skipping 30390
18:18:41 root         INFO     Skipping 1149
18:18:41 root         INFO     Skipping 24202
18:18:41 root         INFO     Skipping 30389
18:18:41 root         INFO     Skipping 15891
18:18:41 root         INFO     Skipping 14488
18:18:41 root         INFO     Skipping 30528
18:18:41 root         INFO     Skipping 27597
18:18:41 root         INFO     Skipping 37737
18:18:41 root         INFO     Skipping 1557
18:18:41 root         INFO     Skipping 27609
18:18:41 root         INFO     Skipping 900
18:18:41 root         INFO     Skipping 21527
18:18:41 root         INFO     Skipping 1479
18:18:41 root         INFO     Skipping 30387
18:18:41 root         INFO     Skipping 980
18:18:41 root         INFO     Skipping 37703
18:18:41 root         INFO     Skipping 15304
18:18:41 root         INFO     Skipping 128
18:18:41 root         INFO     Skipping 14781
18:18:41 root         INFO     Skipping 15528
18:18:41 root         INFO     Skipping 25120
18:18:41 root         INFO     Skipping 33803
18:18:41 root         INFO     Skipping 20476
18:18:41 root         INFO     Skipping 27502
18:18:41 root         INFO     Skipping 13456
18:18:41 root         INFO     Skipping 27390
18:18:41 root         INFO     Skipping 15813
18:18:41 root         INFO     Skipping 7320
18:18:41 root         INFO     Skipping 20668
18:18:41 root         INFO     Skipping 38937
18:18:41 root         INFO     Skipping 37417
18:18:41 root         INFO     Skipping 13038
18:18:41 root         INFO     Skipping 6932
18:18:41 root         INFO     Skipping 14978
18:18:41 root         INFO     Skipping 17045
18:18:41 root         INFO     Skipping 22385
18:18:41 root         INFO     Skipping 7853
18:18:41 root         INFO     Skipping 14026
18:18:41 root         INFO     Skipping 14923
18:18:41 root         INFO     Skipping 7288
18:18:41 root         INFO     Skipping 7538
18:18:41 root         INFO     Skipping 13451
18:18:41 root         INFO     Skipping 25009
18:18:41 root         INFO     Skipping 9452
18:18:41 root         INFO     Skipping 20118
18:18:41 root         INFO     Skipping 20475
18:18:41 root         INFO     Skipping 14602
18:18:41 root         INFO     Skipping 7291
18:18:41 root         INFO     Skipping 13457
18:18:41 root         INFO     Skipping 7345
18:18:41 root         INFO     Skipping 35752
18:18:41 root         INFO     Skipping 31489
18:18:41 root         INFO     Skipping 15674
18:18:41 root         INFO     Skipping 31189
18:18:41 root         INFO     Skipping 21
18:18:41 root         INFO     Skipping 247
18:18:41 root         INFO     Skipping 20084
18:18:41 root         INFO     Skipping 16020
18:18:41 root         INFO     Skipping 2009
18:18:41 root         INFO     Skipping 1773
18:18:41 root         INFO     Skipping 7337
18:18:41 root         INFO     Skipping 14910
18:18:41 root         INFO     Skipping 7339
18:18:41 root         INFO     Skipping 24976
18:18:41 root         INFO     Skipping 30360
18:18:41 root         INFO     Skipping 24315
18:18:41 root         INFO     Skipping 30361
18:18:41 root         INFO     Skipping 30358
18:18:41 root         INFO     Skipping 37191
18:18:41 root         INFO     Skipping 3129
18:18:41 root         INFO     Skipping 3052
18:18:41 root         INFO     Skipping 37932
18:18:41 root         INFO     Skipping 3125
18:18:41 root         INFO     Skipping 3109
18:18:41 root         INFO     Skipping 20056
18:18:41 root         INFO     Skipping 37778
18:18:41 root         INFO     Skipping 35587
18:18:41 root         INFO     Skipping 28452
18:18:41 root         INFO     Skipping 3320
18:18:41 root         INFO     Skipping 30367
18:18:41 root         INFO     Skipping 3048
18:18:41 root         INFO     Skipping 27750
18:18:41 root         INFO     Skipping 3072
18:18:41 root         INFO     Skipping 38049
18:18:41 root         INFO     Skipping 30366
18:18:41 root         INFO     Skipping 30368
18:18:41 root         INFO     Skipping 27956
18:18:41 root         INFO     Skipping 15709
18:18:41 root         INFO     Skipping 38047
18:18:41 root         INFO     Skipping 3137
18:18:41 root         INFO     Skipping 3085
18:18:41 root         INFO     Skipping 2042
18:18:41 root         INFO     Skipping 30374
18:18:41 root         INFO     Skipping 3064
18:18:41 root         INFO     Skipping 3286
18:18:41 root         INFO     Skipping 30362
18:18:41 root         INFO     Skipping 3309
18:18:41 root         INFO     Skipping 37826
18:18:41 root         INFO     Skipping 4972
18:18:41 root         INFO     Skipping 15790
18:18:42 root         INFO     Driver opened url https://www.ronjohnson.senate.gov/press-releases: 0.5 second load started
18:18:43 root         INFO     Driver opened url https://www.ronjohnson.senate.gov/2025/1/video-release-sen-johnson-slams-government-spending-on-the-senate-floor: 0.5 second load started
18:18:44 root         INFO     LEDE: [testlede] month: [Jan.] day: [17]
18:18:44 root         INFO     
ADDING: FILENAME: [testfilename nate Floor] TITLE: [VIDEO RELEASE: Sen. Johnson Slams Government Spending on the Senate Floor] DATE: [2025-01-17] ID [18747]

18:18:45 root         INFO     Driver opened url https://www.ronjohnson.senate.gov/2025/1/sen-johnson-joins-tuberville-colleagues-to-introduce-hallmark-legislation-to-preserve-title-ix-protect-women-s-sports: 0.5 second load started
18:18:46 root         INFO     LEDE: [testlede] month: [Jan.] day: [7]
18:18:46 root         INFO     
ADDING: FILENAME: [testfilename n's Sports] TITLE: [Sen. Johnson Joins Tuberville, Colleagues to Introduce Hallmark Legislation to Preserve Title IX, Protect Women's Sports] DATE: [2025-01-07] ID [18747]

18:18:48 root         INFO     Driver opened url https://www.ronjohnson.senate.gov/2024/12/for-immediate-release-december-31-2024-contact-kiersten-pels-press-ronjohnson-senate-gov-video-release-sen-johnson-joins-bret-weinstein-on-the-darkhorse-podcast-calls-out-corruption-in-covid-policies-washington-on-sunday-u-s-sen-ron-johnson-r-wis-joined-bret-weinstein-on-t: 0.5 second load started
18:18:48 root         INFO     LEDE: [testlede] month: [Dec.] day: [31]
18:18:48 root         INFO     
ADDING: FILENAME: [testfilename D Policies] TITLE: [*** VIDEO RELEASE *** Sen. Johnson Joins Bret Weinstein on the DarkHorse Podcast, Calls Out Corruption in COVID Policies] DATE: [2024-12-31] ID [18747]

18:18:48 root         INFO     INVALID DATE: 2024-12-09 00:00:00
18:18:48 root         INFO     INVALID DATE: 2024-12-04 00:00:00
18:18:48 root         INFO     INVALID DATE: 2024-11-20 00:00:00
18:18:48 root         INFO     INVALID DATE: 2024-11-20 00:00:00
18:18:48 root         INFO     INVALID DATE: 2024-11-04 00:00:00
18:18:49 root         INFO     Scrape errors found during run:
18:18:49 root         INFO     []
18:18:49 root         INFO     End of file message
18:18:49 root         INFO     

Load Version 2.0.1 01/17/2025
       Docs Loaded: 3
       URLS processed: 1
       DUPS skipped: 0
       No Ledes found: 0

Passed Parameters:
       Pull House and Senate: True
       Number of days back: 30
       Start Time: 2025-01-17 18:18:37
       End Time: 2025-01-17 18:18:49
       Elapsed Time: 0:00:12
       Character Minimum Amount: 100

Errors:
Docs:
	Loaded:
		18747: VIDEO RELEASE: Sen. Johnson Slams Government Spending on the Senate Floor
		18747: Sen. Johnson Joins Tuberville, Colleagues to Introduce Hallmark Legislation to Preserve Title IX, Protect Women's Sports
		18747: *** VIDEO RELEASE *** Sen. Johnson Joins Bret Weinstein on the DarkHorse Podcast, Calls Out Corruption in COVID Policies
