10:37:12 root         INFO     Skipping 27599
10:37:12 root         INFO     Skipping 30449
10:37:12 root         INFO     Skipping 14315
10:37:12 root         INFO     Skipping 7566
10:37:12 root         INFO     Skipping 804
10:37:12 root         INFO     Skipping 12106
10:37:12 root         INFO     Skipping 8034
10:37:12 root         INFO     Skipping 7901
10:37:12 root         INFO     Skipping 20157
10:37:12 root         INFO     Skipping 6950
10:37:12 root         INFO     Skipping 15026
10:37:12 root         INFO     Skipping 19993
10:37:12 root         INFO     Skipping 21569
10:37:12 root         INFO     Skipping 23030
10:37:12 root         INFO     Skipping 206
10:37:12 root         INFO     Skipping 16046
10:37:12 root         INFO     Skipping 16140
10:37:12 root         INFO     Skipping 16037
10:37:12 root         INFO     Skipping 43
10:37:12 root         INFO     Skipping 225
10:37:12 root         INFO     Skipping 37711
10:37:12 root         INFO     Skipping 34699
10:37:12 root         INFO     Skipping 19021
10:37:12 root         INFO     Skipping 18495
10:37:12 root         INFO     Skipping 222
10:37:12 root         INFO     Skipping 5602
10:37:12 root         INFO     Skipping 16027
10:37:12 root         INFO     Skipping 21499
10:37:12 root         INFO     Skipping 2698
10:37:12 root         INFO     Skipping 27867
10:37:12 root         INFO     Skipping 24224
10:37:12 root         INFO     Skipping 21563
10:37:12 root         INFO     Skipping 24227
10:37:12 root         INFO     Skipping 17224
10:37:12 root         INFO     Skipping 219
10:37:12 root         INFO     Skipping 23814
10:37:12 root         INFO     Skipping 15376
10:37:12 root         INFO     Skipping 19286
10:37:12 root         INFO     Skipping 28048
10:37:12 root         INFO     Skipping 543
10:37:12 root         INFO     Skipping 24233
10:37:12 root         INFO     Skipping 18735
10:37:12 root         INFO     Skipping 1066
10:37:12 root         INFO     Skipping 37680
10:37:12 root         INFO     Skipping 691
10:37:12 root         INFO     Skipping 677
10:37:12 root         INFO     Skipping 20141
10:37:12 root         INFO     Skipping 36151
10:37:12 root         INFO     Skipping 20319
10:37:12 root         INFO     Skipping 12400
10:37:12 root         INFO     Skipping 127
10:37:12 root         INFO     Skipping 20792
10:37:12 root         INFO     Skipping 17104
10:37:12 root         INFO     Skipping 24344
10:37:12 root         INFO     Skipping 19546
10:37:12 root         INFO     Skipping 15565
10:37:12 root         INFO     Skipping 13359
10:37:12 root         INFO     Skipping 17922
10:37:12 root         INFO     Skipping 22481
10:37:12 root         INFO     Skipping 20138
10:37:12 root         INFO     Skipping 119
10:37:12 root         INFO     Skipping 24
10:37:12 root         INFO     Skipping 21188
10:37:12 root         INFO     Skipping 3016
10:37:12 root         INFO     Skipping 21525
10:37:12 root         INFO     Skipping 37694
10:37:12 root         INFO     Skipping 18710
10:37:12 root         INFO     Skipping 29332
10:37:12 root         INFO     Skipping 23100
10:37:12 root         INFO     Skipping 37725
10:37:12 root         INFO     Skipping 15633
10:37:12 root         INFO     Skipping 948
10:37:12 root         INFO     Skipping 30993
10:37:12 root         INFO     Skipping 22221
10:37:12 root         INFO     Skipping 22654
10:37:12 root         INFO     Skipping 35809
10:37:12 root         INFO     Skipping 35576
10:37:12 root         INFO     Skipping 37408
10:37:12 root         INFO     Skipping 7844
10:37:12 root         INFO     Skipping 169
10:37:12 root         INFO     Skipping 20
10:37:12 root         INFO     Skipping 8022
10:37:12 root         INFO     Skipping 8032
10:37:12 root         INFO     Skipping 20605
10:37:12 root         INFO     Skipping 7838
10:37:12 root         INFO     Skipping 21497
10:37:12 root         INFO     Skipping 35572
10:37:12 root         INFO     Skipping 30425
10:37:12 root         INFO     Skipping 35517
10:37:12 root         INFO     Skipping 35524
10:37:12 root         INFO     Skipping 21522
10:37:12 root         INFO     Skipping 1325
10:37:12 root         INFO     Skipping 1079
10:37:12 root         INFO     Skipping 6973
10:37:12 root         INFO     Skipping 37495
10:37:12 root         INFO     Skipping 30405
10:37:12 root         INFO     Skipping 18767
10:37:12 root         INFO     Skipping 21521
10:37:12 root         INFO     Skipping 921
10:37:12 root         INFO     Skipping 27602
10:37:12 root         INFO     Skipping 21335
10:37:12 root         INFO     Skipping 30444
10:37:12 root         INFO     Skipping 1363
10:37:12 root         INFO     Skipping 9488
10:37:12 root         INFO     Skipping 24230
10:37:12 root         INFO     Skipping 2696
10:37:12 root         INFO     Skipping 37705
10:37:12 root         INFO     Skipping 33752
10:37:12 root         INFO     Skipping 37731
10:37:12 root         INFO     Skipping 37740
10:37:12 root         INFO     Skipping 9427
10:37:12 root         INFO     Skipping 19880
10:37:12 root         INFO     Skipping 632
10:37:12 root         INFO     Skipping 135
10:37:12 root         INFO     Skipping 39007
10:37:12 root         INFO     Skipping 551
10:37:12 root         INFO     Skipping 37304
10:37:12 root         INFO     Skipping 20115
10:37:12 root         INFO     Skipping 13362
10:37:12 root         INFO     Skipping 7333
10:37:12 root         INFO     Skipping 21423
10:37:12 root         INFO     Skipping 17653
10:37:12 root         INFO     Skipping 21152
10:37:12 root         INFO     Skipping 16031
10:37:12 root         INFO     Skipping 27074
10:37:12 root         INFO     Skipping 255
10:37:12 root         INFO     Skipping 431
10:37:12 root         INFO     Skipping 19290
10:37:12 root         INFO     Skipping 33954
10:37:12 root         INFO     Skipping 22921
10:37:12 root         INFO     Skipping 26556
10:37:12 root         INFO     Skipping 167
10:37:12 root         INFO     Skipping 15884
10:37:12 root         INFO     Skipping 30382
10:37:12 root         INFO     Skipping 30450
10:37:12 root         INFO     Skipping 27626
10:37:12 root         INFO     Skipping 37748
10:37:12 root         INFO     Skipping 715
10:37:12 root         INFO     Skipping 18734
10:37:12 root         INFO     Skipping 9485
10:37:12 root         INFO     Skipping 24231
10:37:12 root         INFO     Skipping 6221
10:37:12 root         INFO     Skipping 15392
10:37:12 root         INFO     Skipping 14466
10:37:12 root         INFO     Skipping 15025
10:37:12 root         INFO     Skipping 19760
10:37:12 root         INFO     Skipping 37095
10:37:12 root         INFO     Skipping 122
10:37:12 root         INFO     Skipping 113
10:37:12 root         INFO     Skipping 13863
10:37:12 root         INFO     Skipping 7355
10:37:12 root         INFO     Skipping 8042
10:37:12 root         INFO     Skipping 23802
10:37:12 root         INFO     Skipping 282
10:37:12 root         INFO     Skipping 7316
10:37:12 root         INFO     Skipping 16040
10:37:12 root         INFO     Skipping 7922
10:37:12 root         INFO     Skipping 16041
10:37:12 root         INFO     Skipping 28101
10:37:12 root         INFO     Skipping 3410
10:37:12 root         INFO     Skipping 7121
10:37:12 root         INFO     Skipping 17116
10:37:12 root         INFO     Skipping 20034
10:37:12 root         INFO     Skipping 6918
10:37:12 root         INFO     Skipping 22037
10:37:12 root         INFO     Skipping 14373
10:37:12 root         INFO     Skipping 13794
10:37:12 root         INFO     Skipping 13964
10:37:12 root         INFO     Skipping 6930
10:37:12 root         INFO     Skipping 19978
10:37:12 root         INFO     Skipping 14069
10:37:12 root         INFO     Skipping 14111
10:37:12 root         INFO     Skipping 6931
10:37:12 root         INFO     Skipping 14021
10:37:12 root         INFO     Skipping 37180
10:37:12 root         INFO     Skipping 35130
10:37:12 root         INFO     Skipping 19684
10:37:12 root         INFO     Skipping 28292
10:37:12 root         INFO     Skipping 30335
10:37:12 root         INFO     Skipping 14867
10:37:12 root         INFO     Skipping 23669
10:37:12 root         INFO     Skipping 6793
10:37:12 root         INFO     Skipping 15440
10:37:12 root         INFO     Skipping 23588
10:37:12 root         INFO     Skipping 10156
10:37:12 root         INFO     Skipping 30046
10:37:12 root         INFO     Skipping 39476
10:37:12 root         INFO     Skipping 37727
10:37:12 root         INFO     Skipping 33096
10:37:12 root         INFO     Skipping 32423
10:37:12 root         INFO     Skipping 30658
10:37:12 root         INFO     Skipping 18394
10:37:12 root         INFO     Skipping 19870
10:37:12 root         INFO     Skipping 15962
10:37:12 root         INFO     Skipping 702
10:37:12 root         INFO     Skipping 39478
10:37:12 root         INFO     Skipping 30435
10:37:12 root         INFO     Skipping 9445
10:37:12 root         INFO     Skipping 24173
10:37:12 root         INFO     Skipping 35554
10:37:12 root         INFO     Skipping 18733
10:37:12 root         INFO     Skipping 3962
10:37:12 root         INFO     Skipping 26659
10:37:12 root         INFO     Skipping 32135
10:37:12 root         INFO     Skipping 27843
10:37:12 root         INFO     Skipping 17658
10:37:12 root         INFO     Skipping 27186
10:37:12 root         INFO     Skipping 6922
10:37:12 root         INFO     Skipping 7317
10:37:12 root         INFO     Skipping 37607
10:37:12 root         INFO     Skipping 19748
10:37:12 root         INFO     Skipping 14979
10:37:12 root         INFO     Skipping 28256
10:37:12 root         INFO     Skipping 15000
10:37:12 root         INFO     Skipping 15725
10:37:12 root         INFO     Skipping 21561
10:37:12 root         INFO     Skipping 23098
10:37:12 root         INFO     Skipping 24231
10:37:12 root         INFO     Skipping 30469
10:37:12 root         INFO     Skipping 37819
10:37:12 root         INFO     Skipping 27605
10:37:12 root         INFO     Skipping 24799
10:37:12 root         INFO     Skipping 35571
10:37:12 root         INFO     Skipping 18750
10:37:12 root         INFO     Skipping 21564
10:37:12 root         INFO     Skipping 695
10:37:12 root         INFO     Skipping 619
10:37:12 root         INFO     Skipping 21566
10:37:12 root         INFO     Skipping 18746
10:37:12 root         INFO     Skipping 30470
10:37:12 root         INFO     Skipping 37747
10:37:12 root         INFO     Skipping 35726
10:37:12 root         INFO     Skipping 35708
10:37:12 root         INFO     Skipping 35705
10:37:12 root         INFO     Skipping 35727
10:37:12 root         INFO     Skipping 37743
10:37:12 root         INFO     Skipping 24229
10:37:12 root         INFO     Skipping 37748
10:37:12 root         INFO     Skipping 19879
10:37:12 root         INFO     Skipping 717
10:37:12 root         INFO     Skipping 35728
10:37:12 root         INFO     Skipping 37820
10:37:12 root         INFO     Skipping 30473
10:37:12 root         INFO     Skipping 37744
10:37:12 root         INFO     Skipping 28313
10:37:12 root         INFO     Skipping 37749
10:37:12 root         INFO     Skipping 15948
10:37:12 root         INFO     Skipping 35707
10:37:12 root         INFO     Skipping 35706
10:37:12 root         INFO     Skipping 35704
10:37:12 root         INFO     Skipping 18740
10:37:12 root         INFO     Skipping 18736
10:37:12 root         INFO     Skipping 183
10:37:12 root         INFO     Skipping 7887
10:37:12 root         INFO     Skipping 15551
10:37:12 root         INFO     Skipping 35562
10:37:12 root         INFO     Skipping 9423
10:37:12 root         INFO     Skipping 1519
10:37:12 root         INFO     Skipping 35489
10:37:12 root         INFO     Skipping 20880
10:37:12 root         INFO     Skipping 37235
10:37:12 root         INFO     Skipping 15882
10:37:12 root         INFO     Skipping 1169
10:37:12 root         INFO     Skipping 9463
10:37:12 root         INFO     Skipping 37685
10:37:12 root         INFO     Skipping 809
10:37:12 root         INFO     Skipping 9421
10:37:12 root         INFO     Skipping 30397
10:37:12 root         INFO     Skipping 37735
10:37:12 root         INFO     Skipping 30394
10:37:12 root         INFO     Skipping 30448
10:37:12 root         INFO     Skipping 27614
10:37:12 root         INFO     Skipping 35527
10:37:12 root         INFO     Skipping 37416
10:37:12 root         INFO     Skipping 37709
10:37:12 root         INFO     Skipping 27649
10:37:12 root         INFO     Skipping 35546
10:37:12 root         INFO     Skipping 1098
10:37:12 root         INFO     Skipping 21488
10:37:12 root         INFO     Skipping 37674
10:37:12 root         INFO     Skipping 37706
10:37:12 root         INFO     Skipping 37713
10:37:12 root         INFO     Skipping 918
10:37:12 root         INFO     Skipping 24210
10:37:12 root         INFO     Skipping 37728
10:37:12 root         INFO     Skipping 35555
10:37:12 root         INFO     Skipping 35556
10:37:12 root         INFO     Skipping 892
10:37:12 root         INFO     Skipping 38045
10:37:12 root         INFO     Skipping 829
10:37:12 root         INFO     Skipping 30468
10:37:12 root         INFO     Skipping 24186
10:37:12 root         INFO     Skipping 24194
10:37:12 root         INFO     Skipping 37693
10:37:12 root         INFO     Skipping 30429
10:37:12 root         INFO     Skipping 1249
10:37:12 root         INFO     Skipping 30434
10:37:12 root         INFO     Skipping 24199
10:37:12 root         INFO     Skipping 37688
10:37:12 root         INFO     Skipping 23853
10:37:12 root         INFO     Skipping 30456
10:37:12 root         INFO     Skipping 1036
10:37:12 root         INFO     Skipping 30436
10:37:12 root         INFO     Skipping 37690
10:37:12 root         INFO     Skipping 36428
10:37:12 root         INFO     Skipping 37721
10:37:12 root         INFO     Skipping 27646
10:37:12 root         INFO     Skipping 24187
10:37:12 root         INFO     Skipping 35551
10:37:12 root         INFO     Skipping 925
10:37:12 root         INFO     Skipping 21570
10:37:12 root         INFO     Skipping 21536
10:37:12 root         INFO     Skipping 604
10:37:12 root         INFO     Skipping 21562
10:37:12 root         INFO     Skipping 21572
10:37:12 root         INFO     Skipping 17884
10:37:12 root         INFO     Skipping 235
10:37:12 root         INFO     Skipping 2909
10:37:12 root         INFO     Skipping 21487
10:37:12 root         INFO     Skipping 27644
10:37:12 root         INFO     Skipping 37722
10:37:12 root         INFO     Skipping 24175
10:37:12 root         INFO     Skipping 27637
10:37:12 root         INFO     Skipping 9424
10:37:12 root         INFO     Skipping 24181
10:37:12 root         INFO     Skipping 37676
10:37:12 root         INFO     Skipping 15912
10:37:12 root         INFO     Skipping 1004
10:37:12 root         INFO     Skipping 15922
10:37:12 root         INFO     Skipping 21523
10:37:12 root         INFO     Skipping 14489
10:37:12 root         INFO     Skipping 18756
10:37:12 root         INFO     Skipping 23549
10:37:12 root         INFO     Skipping 30414
10:37:12 root         INFO     Skipping 2505
10:37:12 root         INFO     Skipping 28735
10:37:12 root         INFO     Skipping 599
10:37:12 root         INFO     Skipping 24124
10:37:12 root         INFO     Skipping 24218
10:37:12 root         INFO     Skipping 19874
10:37:12 root         INFO     Skipping 2175
10:37:12 root         INFO     Skipping 21467
10:37:12 root         INFO     Skipping 30525
10:37:12 root         INFO     Skipping 24176
10:37:12 root         INFO     Skipping 15949
10:37:12 root         INFO     Skipping 27630
10:37:12 root         INFO     Skipping 27632
10:37:12 root         INFO     Skipping 606
10:37:12 root         INFO     Skipping 27629
10:37:12 root         INFO     Skipping 24228
10:37:12 root         INFO     Skipping 562
10:37:12 root         INFO     Skipping 21633
10:37:12 root         INFO     Skipping 24225
10:37:12 root         INFO     Skipping 18725
10:37:12 root         INFO     Skipping 21567
10:37:12 root         INFO     Skipping 27628
10:37:12 root         INFO     Skipping 12921
10:37:12 root         INFO     Skipping 47
10:37:12 root         INFO     Skipping 8101
10:37:12 root         INFO     Skipping 27936
10:37:12 root         INFO     Skipping 23089
10:37:12 root         INFO     Skipping 15911
10:37:12 root         INFO     Skipping 30472
10:37:12 root         INFO     Skipping 35703
10:37:12 root         INFO     Skipping 30475
10:37:12 root         INFO     Skipping 18739
10:37:12 root         INFO     Skipping 30378
10:37:12 root         INFO     Skipping 21
10:37:12 root         INFO     Skipping 32904
10:37:12 root         INFO     Skipping 24169
10:37:12 root         INFO     Skipping 27616
10:37:12 root         INFO     Skipping 546
10:37:12 root         INFO     Skipping 125
10:37:12 root         INFO     Skipping 432
10:37:12 root         INFO     Skipping 23572
10:37:12 root         INFO     Skipping 1
10:37:12 root         INFO     Skipping 10
10:37:12 root         INFO     Skipping 72
10:37:12 root         INFO     Skipping 106
10:37:12 root         INFO     Skipping 804
10:37:12 root         INFO     Skipping 697
10:37:12 root         INFO     Skipping 166
10:37:12 root         INFO     Skipping 37667
10:37:12 root         INFO     Skipping 24234
10:37:12 root         INFO     Skipping 34781
10:37:12 root         INFO     Skipping 44
10:37:12 root         INFO     Skipping 2434
10:37:12 root         INFO     Skipping 7307
10:37:12 root         INFO     Skipping 7280
10:37:12 root         INFO     Skipping 14197
10:37:12 root         INFO     Skipping 6929
10:37:12 root         INFO     Skipping 24223
10:37:12 root         INFO     Skipping 30412
10:37:12 root         INFO     Skipping 21230
10:37:12 root         INFO     Skipping 7124
10:37:12 root         INFO     Skipping 7516
10:37:12 root         INFO     Skipping 9231
10:37:12 root         INFO     Skipping 13222
10:37:12 root         INFO     Skipping 24928
10:37:12 root         INFO     Skipping 14466
10:37:12 root         INFO     Skipping 19685
10:37:12 root         INFO     Skipping 14008
10:37:12 root         INFO     Skipping 20480
10:37:12 root         INFO     Skipping 7126
10:37:12 root         INFO     Skipping 15792
10:37:12 root         INFO     Skipping 27571
10:37:12 root         INFO     Skipping 19109
10:37:12 root         INFO     Skipping 14066
10:37:12 root         INFO     Skipping 7103
10:37:12 root         INFO     Skipping 13479
10:37:12 root         INFO     Skipping 13475
10:37:12 root         INFO     Skipping 24237
10:37:12 root         INFO     Skipping 28365
10:37:12 root         INFO     Skipping 7118
10:37:12 root         INFO     Skipping 19909
10:37:12 root         INFO     Skipping 13664
10:37:12 root         INFO     Skipping 13467
10:37:12 root         INFO     Skipping 18743
10:37:12 root         INFO     Skipping 19881
10:37:12 root         INFO     Skipping 6970
10:37:12 root         INFO     Skipping 7286
10:37:12 root         INFO     Skipping 14047
10:37:12 root         INFO     Skipping 35569
10:37:12 root         INFO     Skipping 37741
10:37:12 root         INFO     Skipping 37697
10:37:12 root         INFO     Skipping 1453
10:37:12 root         INFO     Skipping 18818
10:37:12 root         INFO     Skipping 37745
10:37:12 root         INFO     Skipping 18836
10:37:12 root         INFO     Skipping 37441
10:37:12 root         INFO     Skipping 24207
10:37:12 root         INFO     Skipping 1483
10:37:12 root         INFO     Skipping 30395
10:37:12 root         INFO     Skipping 30432
10:37:12 root         INFO     Skipping 36969
10:37:12 root         INFO     Skipping 21533
10:37:12 root         INFO     Skipping 1352
10:37:12 root         INFO     Skipping 30390
10:37:12 root         INFO     Skipping 1149
10:37:12 root         INFO     Skipping 24202
10:37:12 root         INFO     Skipping 30389
10:37:12 root         INFO     Skipping 15891
10:37:12 root         INFO     Skipping 14488
10:37:12 root         INFO     Skipping 30528
10:37:12 root         INFO     Skipping 27597
10:37:12 root         INFO     Skipping 37737
10:37:12 root         INFO     Skipping 1557
10:37:12 root         INFO     Skipping 27609
10:37:12 root         INFO     Skipping 900
10:37:12 root         INFO     Skipping 21527
10:37:12 root         INFO     Skipping 1479
10:37:12 root         INFO     Skipping 30387
10:37:12 root         INFO     Skipping 980
10:37:12 root         INFO     Skipping 37703
10:37:12 root         INFO     Skipping 15304
10:37:12 root         INFO     Skipping 128
10:37:12 root         INFO     Skipping 14781
10:37:12 root         INFO     Skipping 15528
10:37:12 root         INFO     Skipping 25120
10:37:12 root         INFO     Skipping 33803
10:37:12 root         INFO     Skipping 20476
10:37:12 root         INFO     Skipping 27502
10:37:12 root         INFO     Skipping 13456
10:37:12 root         INFO     Skipping 27390
10:37:12 root         INFO     Skipping 15813
10:37:12 root         INFO     Skipping 7320
10:37:12 root         INFO     Skipping 20668
10:37:12 root         INFO     Skipping 38937
10:37:12 root         INFO     Skipping 37417
10:37:12 root         INFO     Skipping 13038
10:37:12 root         INFO     Skipping 6932
10:37:12 root         INFO     Skipping 14978
10:37:12 root         INFO     Skipping 17045
10:37:12 root         INFO     Skipping 22385
10:37:12 root         INFO     Skipping 7853
10:37:12 root         INFO     Skipping 14026
10:37:12 root         INFO     Skipping 14923
10:37:12 root         INFO     Skipping 7288
10:37:12 root         INFO     Skipping 7538
10:37:12 root         INFO     Skipping 13451
10:37:12 root         INFO     Skipping 25009
10:37:12 root         INFO     Skipping 9452
10:37:12 root         INFO     Skipping 20118
10:37:12 root         INFO     Skipping 20475
10:37:12 root         INFO     Skipping 14602
10:37:12 root         INFO     Skipping 7291
10:37:12 root         INFO     Skipping 13457
10:37:12 root         INFO     Skipping 7345
10:37:12 root         INFO     Skipping 35752
10:37:12 root         INFO     Skipping 31489
10:37:12 root         INFO     Skipping 15674
10:37:12 root         INFO     Skipping 31189
10:37:12 root         INFO     Skipping 21
10:37:12 root         INFO     Skipping 247
10:37:12 root         INFO     Skipping 20084
10:37:12 root         INFO     Skipping 16020
10:37:12 root         INFO     Skipping 2009
10:37:12 root         INFO     Skipping 1773
10:37:12 root         INFO     Skipping 7337
10:37:12 root         INFO     Skipping 14910
10:37:12 root         INFO     Skipping 7339
10:37:12 root         INFO     Skipping 24976
10:37:12 root         INFO     Skipping 30360
10:37:12 root         INFO     Skipping 24315
10:37:12 root         INFO     Skipping 30361
10:37:12 root         INFO     Skipping 30358
10:37:12 root         INFO     Skipping 37191
10:37:12 root         INFO     Skipping 3129
10:37:12 root         INFO     Skipping 3052
10:37:12 root         INFO     Skipping 37932
10:37:12 root         INFO     Skipping 3125
10:37:12 root         INFO     Skipping 3109
10:37:12 root         INFO     Skipping 20056
10:37:12 root         INFO     Skipping 37778
10:37:12 root         INFO     Skipping 35587
10:37:12 root         INFO     Skipping 28452
10:37:12 root         INFO     Skipping 3320
10:37:12 root         INFO     Skipping 30367
10:37:12 root         INFO     Skipping 3048
10:37:12 root         INFO     Skipping 27750
10:37:12 root         INFO     Skipping 3072
10:37:12 root         INFO     Skipping 38049
10:37:12 root         INFO     Skipping 30366
10:37:12 root         INFO     Skipping 30368
10:37:12 root         INFO     Skipping 27956
10:37:12 root         INFO     Skipping 15709
10:37:12 root         INFO     Skipping 38047
10:37:12 root         INFO     Skipping 3137
10:37:12 root         INFO     Skipping 3085
10:37:12 root         INFO     Skipping 2042
10:37:12 root         INFO     Skipping 30374
10:37:12 root         INFO     Skipping 3064
10:37:12 root         INFO     Skipping 3286
10:37:12 root         INFO     Skipping 30362
10:37:12 root         INFO     Skipping 3309
10:37:12 root         INFO     Skipping 37826
10:37:12 root         INFO     Skipping 4972
10:37:12 root         INFO     Skipping 15790
10:37:12 root         INFO     Skipping 18747
10:37:12 root         INFO     Skipping 22401
10:37:12 root         INFO     Skipping 18711
10:37:12 root         INFO     Skipping 3123
10:37:12 root         INFO     Skipping 3296
10:37:12 root         INFO     Skipping 164
10:37:12 root         INFO     Skipping 30617
10:37:12 root         INFO     Skipping 19614
10:37:12 root         INFO     Skipping 23295
10:37:12 root         INFO     Skipping 35818
10:37:12 root         INFO     Skipping 7531
10:37:12 root         INFO     Skipping 19559
10:37:12 root         INFO     Skipping 26784
10:37:12 root         INFO     Skipping 25775
10:37:12 root         INFO     Skipping 27321
10:37:12 root         INFO     Skipping 7234
10:37:12 root         INFO     Skipping 6914
10:37:12 root         INFO     Skipping 18113
10:37:12 root         INFO     Skipping 39880
10:37:12 root         INFO     Skipping 22565
10:37:13 root         INFO     Driver opened url https://www.iwv.org/news-media/?fcategory=&fcontent_type=press-releases&fdate=&fauthor=: 0.5 second load started
10:37:14 root         INFO     Driver opened url https://www.iwv.org/2025/01/independent-women-joins-virginia-attorney-general-jason-s-miyares-for-a-press-conference-to-save-womens-sports/: 0.5 second load started
10:37:15 root         DEBUG    Titles: Independent Women Joins Virginia Attorney General Jason S. Miyares for a Press Conference to Save Women's Sports
10:37:15 root         DEBUG    Dates: 2025-01-15
10:37:15 root         DEBUG    Desc: RICHMOND, VA  — Today,  Independent Women Ambassador Riley Gaines  joined  Virginia Attorney General Jason S. Miyares  for a press conference to champion the Women’s Sports Act in Virginia, which advocates for women’s and girls’ fairness, safety, privacy, and equal opportunity. The  Stand with Women  legislation, introduced by  Virginia Delegate Delores Oates  (HB 1809), which has a Senate companion (SB 749), introduced by  Senator Tammy Brankley Mulchi  , would maintain the integrity of women’s sports in Virginia by prohibiting males from competing on female-designated teams. 

Delegate Mark Earley  and current female athletes from the  Roanoke College women’s swim team  in Salem, Virginia also spoke at the press conference to highlight the importance of the Women’s Sports Act in Virginia. 

In 2023, Independent Women helped the female swimmers of Roanoke College  break their silence  after being intimidated and gaslit into allowing a male to join their Division III Women’s Swim Team. These brave young athletes came forward to ask Virginia lawmakers to pass legislation that would protect their privacy and safety in sports, which the Women’s Sports Act aims to do. 

Virginia Attorney General Jason S. Miyares  said: “Virginia will never roll back Title IX under the guise of false equity. Together with Independent Women, Riley Gaines, and countless female athletes and leaders across our Commonwealth, we are united to save women’s sports. Let us stand firmly with every girl and woman in Virginia to protect fairness, ensure safety, and uphold the opportunities they have earned. Thank you to everyone here today for your unwavering dedication to this vital fight.” 

Riley Gaines, an Independent Women ambassador,  said: “Virginia is lucky to have Stand with Women champions in General Miyares, Delegate Oates, and Senator Brankley Mulchi. Early in this fight, their leadership was apparent and ever since, they’ve been fighting to advance legislation so female athletes like Roanoke’s Lily Mullens and her teammates won’t have to suffer in their own sport. It’s awesome to stand alongside the brave Roanoke College women’s swim team who was also forced to share a pool with a man and say ‘no more’! There is a tsunami of support to save women’s sports, and the leadership in Virginia is listening. Thank you for standing with women, and I hope to see this legislation pass swiftly.” 

What Others Are Saying: 

Lily Mullens, an NCAA athlete and captain of the Roanoke College women’s swim team, who spoke out against a male joining their team after swimming on the men’s team the year prior,  said: “Having leaders stand up for young girls and women through legislation means so much to my teammates and me, who didn’t have the same advocacy in our school. We were fortunate enough to get in contact with people who gave us the opportunity to speak up, and it was well worth it as we are seeing common sense begin to prevail across the country, hopefully soon in Virginia.” 

Beth Parlato, senior legal advisor at Independent Women’s Law Center,  said: “I applaud Attorney General Miyares in his unwavering commitment to restore the integrity of female sports. This common-sense legislation, the Women’s Sports Act, recognizes the innate differences between the sexes and protects young girls and women by keeping men out of girls’ sports. This legislation must pass to preserve fairness and ensure equal opportunity for future generations.” 

Julie Gunlock, director of Independent Women’s Network, the national grassroots membership arm of Independent Women,  said: “A women’s sport bill shouldn’t even be necessary, but I am grateful to leaders like Attorney General Jason Miyares, Delegate Delores Oates, Senator Tammy Brankley Mulchi, and many others, who are standing with women and girls across the Commonwealth. As a mother, I’m thrilled so many young female athletes are joining this fight. Virginia must follow suit with the national ruling striking down the illegal Title IX rewrite and protect women’s sports.” 

Suzanne Satterfield, Independent Women’s Network Chapter Leader in Loudoun County, Virginia,  said: “I am proud to support of HB1809 and SB749 which protects female athletes from having males playing on female designated teams and show Virginia athletes and parents that our state cares about their wellbeing and future. We know all too well in Loudoun County that girls have had sporting opportunities stolen from them by males. The damage to female athletes extends beyond the court and into the locker room as these males are also given full access to the girls locker room where their privacy is completely violated. It needs to stop and these bills ensure it does.” 

### 

######  www.iwv.org 

######  Independent Women’s Voice fights for women by expanding support for policy solutions that aren’t just well intended, but actually enhance freedom, opportunities, and well-being. 

10:37:15 root         DEBUG    Agency_id 27877
10:37:15 root         DEBUG    Article Link: https://www.iwv.org/2025/01/independent-women-joins-virginia-attorney-general-jason-s-miyares-for-a-press-conference-to-save-womens-sports/
10:37:15 root         INFO     LEDE: [testlede] month: [Jan.] day: [15]
10:37:15 root         INFO     
ADDING: FILENAME: [testfilename n's Sports] TITLE: [Independent Women Joins Virginia Attorney General Jason S. Miyares for a Press Conference to Save Women's Sports] DATE: [2025-01-15] ID [27877]

10:37:16 root         INFO     Driver opened url https://www.iwv.org/2025/01/independent-women-riley-gaines-stand-with-women-scorecard-house-passes-protection-of-women-and-girls-in-sports-act/: 0.5 second load started
10:37:16 root         DEBUG    Titles: Independent Women Launches Riley Gaines Stand With Women Scorecard for 119th Congress as U.S. House Passes Protection of Women and Girls in Sports Act
10:37:16 root         DEBUG    Dates: 2025-01-14
10:37:16 root         DEBUG    Desc: WASHINGTON, D.C.  –  Independent Women’s Voice  announces  the  Riley Gaines Stand with Women Scorecard  for the 119th Congress. The Scorecard, first launched by Independent Women in 2024, is a first-of-its-kind resource that tells every American the elected leaders who stand with women and those who do not. 

Independent Women will score every Congressional member on particular legislative votes pertaining to women’s rights to equal opportunity, safety, and privacy. The first bill scored in the 119th Congress is the  Protection of Women and Girls in Sports Act.  In a major win for women, the bill, sponsored by Representative Greg Stuebe  (R-Fla.), passed the U.S. House with bipartisan support in a 218-206 vote, with Reps. Vicente Gonzalez (D-Texas) and Henry Cuellar (D-Texas) voting for it this time, and Rep. Don Davis (D-N.C.) voting “present.” This vote paves the way for the Senate bill, sponsored by Coach (Sen.) Tommy Tuberville. The bill would strengthen Title IX sex-based protections by explicitly prohibiting males from participating in school athletic programs that are designated for women. Title IX, enacted by Congress over 52 years ago, is meant to ensure equal opportunity in education between the sexes, including in athletics. 

Independent Women has  worked  closely with policymakers to  advance  the Protection of Women and Girls in Sports Act. Following the bill’s House passage,  Independent Women Ambassador Riley Gaines  joined  Speaker Mike Johnson  and  Rep. Steube  for a press conference to celebrate this win for women and girls. 

“There is a national mandate from the American people to stand up for objective truth and to stand with women — preserving our privacy, safety, and equal opportunities. Thanks to the leadership of Speaker Johnson for prioritizing the protection of women’s rights, Representative Stuebe for advancing critical legislation, and all of the members of Congress who voted in support of America’s women and girls. Today’s House passage of the Protection of Women and Girls in Sports Act means we’re one step closer to ensuring no more women lose trophies, roster spots, playing time, scholarships, or fair competition to men in their own sport. Independent Women, through the Riley Gaines Stand With Women Scorecard, has given Americans a unique tool to know who stands with women and who does not. And today upon scoring this vote, it’s clear which members of the U.S. House will advance truth and fairness — answering the demands from Americans nationwide,” said  Riley Gaines, Independent Women Ambassador. 

The  Riley Gaines Stand With Women Scorecard  has  proven impact  , delivering a  90% win rate  in the 2024 Election for those who were Riley Gaines “approved” – showcasing a mandate for leaders who stand with women and will fight against increasing threats to women’s rights, opportunities, and spaces. 

During the 119th Congress, the Stand With Women Scorecard will evaluate lawmakers’ commitment to supporting legislation that preserves female opportunities and private spaces. It will hold policymakers accountable, including by scoring today’s vote on H.R. 28, the Protection of Women and Girls in Sports Act, which passed with bipartisan support in a 218-206 vote. 

Carrie Lukas, president of Independent Women,  said: “In 2024, the American people spoke loud and clear that they want a restoration of common sense and that starts by protecting the integrity of women’s sports. Women and girls deserve leagues of their own where they know they will have a level playing field and the opportunity to win. Congress should have this legislation waiting on the President’s desk on day one so that women and girls can begin to put the travesty of the last four years behind them and move forward with confidence knowing that the country and its laws respect them and will protect their rights from now on.” 

May Mailman, director of Independent Women’s Law Center,  said: “This is common sense and not at all controversial. Men cannot call themselves girls and play girls’ sports anymore than a professional athlete can call himself 12 years old and join a junior high team.” 

Independent Women urges the U.S. Senate to follow suit in passing the Protection of Women and Girls in Sports Act in order to stand with women and preserve the original intent of Title IX. 

Today’s vote follows on the heels of a Federal District Court in Kentucky  issuing  a decision in Tennessee v. Cardona that strikes down the Biden administration’s unlawful attempt to redefine ‘sex’ in Title IX to include ‘gender identity.’ The Court’s ruling applies nationwide, a major win for women and girls across the country, and showcases the national momentum on this issue. 

### 

######  www.iwv.org 

######  Independent Women’s Voice fights for women by expanding support for policy solutions that aren’t just well intended, but actually enhance freedom, opportunities, and well-being. 

10:37:16 root         DEBUG    Agency_id 27877
10:37:16 root         DEBUG    Article Link: https://www.iwv.org/2025/01/independent-women-riley-gaines-stand-with-women-scorecard-house-passes-protection-of-women-and-girls-in-sports-act/
10:37:16 root         INFO     LEDE: [testlede] month: [Jan.] day: [14]
10:37:16 root         INFO     
ADDING: FILENAME: [testfilename Sports Act] TITLE: [Independent Women Launches Riley Gaines Stand With Women Scorecard for 119th Congress as U.S. House Passes Protection of Women and Girls in Sports Act] DATE: [2025-01-14] ID [27877]

10:37:17 root         INFO     Driver opened url https://www.iwv.org/2025/01/nebraska-stands-with-women-introduces-independent-womens-sex-definition-model-in-legislature/: 0.5 second load started
10:37:18 root         DEBUG    Titles: Nebraska Stands With Women, Introduces Independent Women's Sex-Definition Model in Legislature
10:37:18 root         DEBUG    Dates: 2025-01-10
10:37:18 root         DEBUG    Desc: LINCOLN, NE  — Today,  Independent Women  celebrated the introduction of the Stand With Women Act in Nebraska, inspired by Independent Women’s Stand With Women legislative options, applauding  Nebraska State Senator Kathleen Kauth (R-31)  for her commitment to advancing this legislation into law. By fortifying the definitions of male and female terms in law, Independent Women’s sex-defintion model in Nebraska would codify an earlier Women’s Bill of Rights  executive order  by Governor Jim Pillen to protect the existence of single-sex spaces, such as rape crisis centers, domestic violence shelters, prisons, athletic teams, locker rooms, and sororities. 

The introduction of the Stand With Women Act follows on the heels of a Federal District Court in Kentucky  issuing  a decision in  Tennessee v. Cardona  that strikes down the Biden administration’s unlawful attempt to redefine ‘sex’ in Title IX to include ‘gender identity.’ The Court’s ruling applies nationwide, a win for women and girls across the country, and showcases the national momentum on this issue. 

If passed by the legislature and signed into law, the Stand With Women Act would: 

  * Define common sex-based terms, such as ‘female’ and ‘male,’ for purposes of state administrative law; 
  * Protect single-sex spaces and opportunities; and 
  * Require publicly collected sex-based vital statistics to accurately reflect biology. 



Today, Sen. Kathleen Kauth and Gov. Pillen were joined by Independent Women Ambassador  Hannah Holtmeier  for a press conference announcing the Independent Women-inspired legislation and the commitment to the advancement and ultimate passage of the bill. Additional guest speakers included Nebraska softball pitcher  Jordy Bahl  , Nebraska volleyball middle blocker  Rebekah Allick  , and XX-XY founder  Jennifer Sey  . 

“I am proud to introduce the Stand with Women bill, inspired by Independent Women’s Voice’s work. It is critically important we continue the work of our mothers and grandmothers to advocate for and support women’s rights to opportunity, privacy and safety. The encroachment into women’s spaces and athletics by men is not acceptable, and we must stand up for what is right,” said  Sen. Kathleen Kauth. 

“It’s time to guarantee young girls and women like me have access to single-sex spaces and equal opportunities, from the locker room to our sororities. Nebraska has finally stepped up and decided to protect women with Independent Women’s Stand with Women legislation. I want to thank Senator Kauth and the many co-sponsors of this legislation for their ambition and passion for protecting women in the great state of Nebraska,” said  Hannah Holtmeier, Independent Women ambassador,  Westenbroek v. Kappa Kappa Gamma  plaintiff and senior at the University of Nebraska Lincoln. 

Also at today’s press conference was Jennifer Sey, founder and CEO of XX-XY athletics, who has joined Independent Women at women’s advocacy events across the country.  Jennifer Sey  at  Independent Women’s Stand with Women Pennsylvania  event in October, said “Women’s scholarships are being lost, athletic team roster spots are disappearing at the highest level of sport and women’s safety is being put at risk. And it’s all in the name of false inclusion.” 

Co-sponsors of this legislation include Nebraska state representatives Bob Andersen, Rob Clements, Barry DeKay, Myron Dorn, Rob Dover, Bob Hallstrom, Ben Hansen, Brian Hardin, Rick Holdcroft, Teresa Ibach, Mike Jacobson, Dan Lonowski, Dave Murman, Rita Sanders, Tony, Sorrentino, Tanya Storer, Jared Storm, and Paul Strommen. 

Kansas, Tennessee, Idaho, Louisiana, Mississippi, Oklahoma, and Arkansas have also adopted legislation inspired by Independent Women’s Voice’s sex-definition model. 

#####  ### 

#####  www.iwv.org 

#####  Independent Women’s Voice fights for women by expanding support for policy solutions that aren’t just well intended, but actually enhance freedom, opportunities, and well-being. 

10:37:18 root         DEBUG    Agency_id 27877
10:37:18 root         DEBUG    Article Link: https://www.iwv.org/2025/01/nebraska-stands-with-women-introduces-independent-womens-sex-definition-model-in-legislature/
10:37:18 root         INFO     LEDE: [testlede] month: [Jan.] day: [10]
10:37:18 root         INFO     
ADDING: FILENAME: [testfilename egislature] TITLE: [Nebraska Stands With Women, Introduces Independent Women's Sex-Definition Model in Legislature] DATE: [2025-01-10] ID [27877]

10:37:19 root         INFO     Driver opened url https://www.iwv.org/2025/01/fight-to-preserve-women-only-sororities-advances-in-wyoming-as-stand-with-women-legislation-is-introduced/: 0.5 second load started
10:37:20 root         DEBUG    Titles: Fight to Preserve Women-Only Sororities Advances in Wyoming as Stand with Women Legislation is Introduced
10:37:20 root         DEBUG    Dates: 2025-01-07
10:37:20 root         DEBUG    Desc: CHEYENNE, WY  — Today,  Independent Women ambassadors  and  Westenbroek v. Kappa Kappa Gamma  plaintiffs Hannah Holtmeier, Maddie Ramar,  and  Allie Coghan  join Wyoming lawmakers as Stand with Women legislation is introduced as a priority for state House leadership. This comes amid momentum nationally to preserve single-sex spaces and following on the heels of the Westernbroek v. Kappa Kappa Gamma  appeal  to the Tenth Circuit in 2024, which showcased widespread support across the political spectrum for women’s rights to privacy, safety, and equal opportunity. 

If passed by the legislature and signed into law, Wyoming’s Stand with Women legislation (WY HB 0032, WY HB 0060, and WY HB 0072) would: 

  * Define common sex-based terms like ‘male’ and ‘female;’ 
  * Protect single-sex spaces and opportunities, including sports and locker rooms; and 
  * Require publicly collected sex-based vital statistics to accurately reflect biology. 



Hannah Holtmeier  , Westenbroek v. Kappa Kappa Gamma plaintiff and Independent Women ambassador: “Standing with women should be the easiest thing for every elected official to do, and I am grateful for all the members standing here today to take action to define ‘woman’ and preserve our private spaces. Wyoming’s great state seal says’Equal Rights’ at the top, yet until sex-based words are defined in statute, Wyoming women will continue to lose out to men. I’m glad it’s getting fixed this year.” 

Maddie Ramar,  Westenbroek v. Kappa Kappa Gamma plaintiff and Independent Women ambassador: “When a man lived in my sorority, I felt violated. And when a federal judge said nothing could be done because ‘woman’ is not defined, I felt despair. But today I feel hopeful because a coalition of state leaders are taking decisive action to right this wrong, define ‘woman’ and other sex-based words, and ensure generations that follow us will never lose their rights to privacy, equality, and safety.” 

Allie Coghan  , Westenbroek v. Kappa Kappa Gamma plaintiff and Independent Women ambassador: “If November told us anything, it’s that the American people believe women are females and men are males. This isn’t controversial, it’s common sense, and that’s why the Stand with Women legislation introduced in Wyoming is timely and essential. We know too well how females lose their opportunities when courts can’t interpret basic words used in our laws. That’s why defining sex and protecting our spaces is a priority in Wyoming this year. Thank you to all the election officials for making it happen.” 

Independent Women led the Westenbroek v. Kappa Kappa Gamma case, bringing the women’s appeal to the Tenth Circuit, which received national attention and interest. By refusing to clearly define the word ‘woman’ as used in its own bylaws, Kappa Kappa Gamma leadership and the  National Panhellenic Conference, which filed a brief in support of Kappa  , denied women the single-sex sisterhood they were promised. The NPC brief describes NPC as “the premier advocacy and support organization for the advancement of the sorority experience” which serves as the “umbrella group for its 26 women’s-only social sororities.” 

Other women’s organizations filed briefs with the Tenth Circuit to  support  IWLC’s position: 

  * Women’s Declaration International USA Amicus Brief 
  * Women’s Liberation Front Amicus Brief 
  * 450+ Kappa Kappa Gamma Alumnae Amicus Brief 



View final brief in  Westenbroek et al v. Kappa Kappa Gamma  submitted by Independent Women’s Law Center  here  . 

### 

######  www.iwv.org 

######  Independent Women’s Voice fights for women by expanding support for policy solutions that aren’t just well intended, but actually enhance freedom, opportunities, and well-being. 

10:37:20 root         DEBUG    Agency_id 27877
10:37:20 root         DEBUG    Article Link: https://www.iwv.org/2025/01/fight-to-preserve-women-only-sororities-advances-in-wyoming-as-stand-with-women-legislation-is-introduced/
10:37:20 root         INFO     LEDE: [testlede] month: [Jan.] day: [7]
10:37:20 root         INFO     
ADDING: FILENAME: [testfilename Introduced] TITLE: [Fight to Preserve Women-Only Sororities Advances in Wyoming as Stand with Women Legislation is Introduced] DATE: [2025-01-07] ID [27877]

10:37:21 root         INFO     Driver opened url https://www.iwv.org/2025/01/independent-women-supports-protection-of-women-and-girls-in-sports-act-a-top-priority-for-119th-congress/: 0.5 second load started
10:37:21 root         DEBUG    Titles: Independent Women Supports Protection of Women and Girls in Sports Act, a Top Priority for 119th Congress
10:37:21 root         DEBUG    Dates: 2025-01-03
10:37:21 root         DEBUG    Desc: WASHINGTON, D.C.  – Today,  U.S. Representative Greg Steube (R-Fla.)  reintroduced the  Protection of Women and Girls in Sports Act  ,  which, if passed, would prohibit males from participating in school athletic programs that are designated for women.  Independent Women  has worked closely with Rep. Steube on this legislation, which passed the House in April 2023 and is a day-one priority for the 119th Congress. 

More than 50 years ago, Congress enacted Title IX to ensure equal opportunity in all aspects of education, including athletics. But without single-sex teams and single-sex competition, men will dominate women in competitive sports and erase the right to equal opportunity. Allowing males to participate in women’s sports is discriminatory and illegal, and it undermines years of progress. 

Carrie Lukas, president of Independent Women’s Forum,  said, “Thank you, Rep. Greg Steube and Speaker Mike Johnson, for ensuring that safety and fairness for women and girls will be a top priority by advancing the Protection for Women and Girls in Sports Act on day one of this new Congress. You are sending a message to all the female athletes and their loved ones that, at long last, help is on the way. The Biden-Harris administration consistently put women’s interests last. Women and girls were told to step aside and keep quiet while their opportunities were taken by men. This travesty ends in 2025.” 

May Mailman, director of Independent Women’s Law Center,  said, “We have gotten to the point where we need the literal Congress of the United States to protect women from having their faces bashed in from men playing women’s sports. But not only that, it’s controversial since the Democrats won’t agree to this end goal. This is clown hat-wearing stuff. I’m grateful for the Republicans prioritizing the necessary end of unsafe, unfair athletic opportunities for women.” 

Payton McNabb, Independent Women’s Voice ambassador,  said, “Just one man competing in women’s sports is one too many. The reintroduction of the Protection of Women and Girls in Sports Act is a critical step in protecting the basic rights of female athletes. When a man competes in women’s sports, it impacts countless women—taking away opportunities, safety, and fairness. This is a common-sense bill, and those voting on it should find it an easy decision to stand up for the integrity of women.” 

Last month,  IW Features  , the independent journalism and grassroots storytelling platform of Independent Women,  released  a documentary titled “  Kill Shot: How Payton McNabb Turned Tragedy Into Triumph  ,” highlighting the story of  Payton McNabb  , an Independent Women ambassador and former three-sport athlete. 

Payton was severely and permanently injured by a spike to her head by a transgender-identifying male athlete playing on the opposing women’s team on September 1, 2022. The forceful blow to her head knocked Payton unconscious, causing her to suffer traumatic, permanent damage. Her story is a testament to the importance of legislation like the Protection of Women and Girls in Sports Act  . 

The sweeping  victory  of pro-women leaders across the 2024 election shows that Americans overwhelmingly care about preserving the integrity of women’s sports, and Independent Women has been leading the fight to expose discrimination on the basis of sex: 

  * Independent Women spokeswomen have testified before Congress on the impact of  allowing biological males in women’s private spaces  and the  dangers of the Biden-Harris administration’s changes to Title IX  ;  met with dozens of lawmakers  to highlight the need for federal legislation that protects women’s sports; joined U.S. senators for a  roundtable discussion  on preserving Title IX; and joined Speaker of the House Mike Johnson for a  panel discussion  during National Women’s Sports Week. 
  * In February 2023, Independent Women  applauded  the Protection of Women and Girls in Sports Act after working closely with Rep. Steube on the policy measure. 
  * In April 2023, Independent Women amplified the voices of elite female athletes through an  open letter  to applaud the U.S. House passage of the Protection of Women and Girls in Sports Act. 
  * Riley Gaines, an Independent Women ambassador, has worked closely with legislators in support of the Protection of Women and Girls in Sports Act. See her letter to House Speaker Kevin McCarthy in April 2023  here  . 
  * Independent Women’s Voice and Independent Women’s Law Center  voiced  support for Senator Tuberville in his efforts to protect women’s sports in April 2023. 
  * On September 18, 2024, Independent Women introduced the  Riley Gaines Stand With Women Scorecard  , a first-of-its-kind resource for voters, which scores every Congressional member on whether they “stand with women,” meaning that they intend to support legislation that preserves female opportunities and private spaces. 
  * With IW ambassadors sharing their stories and breaking into the media—and  IW Features  , the storytelling arm of IW, providing a platform for more voices to be heard—anti-women policies are being exposed as support for pro-women, pro-fairness, and pro-safety policy grows. 



######  ### 

www.iwf.org 

Independent Women’s Forum is dedicated to developing and advancing policies that aren’t just well-intended, but actually enhance people’s freedom, opportunities, and well-being. 

www.iwv.org 

Independent Women’s Voice fights for women by expanding support for policy solutions that aren’t just well-intended, but actually enhance freedom, opportunities, and well-being. 

www.iwlc.org 

Independent Women’s Law Center advocates for equal opportunity, individual liberty, and the continued legal relevance of biological sex. 

10:37:21 root         DEBUG    Agency_id 27877
10:37:21 root         DEBUG    Article Link: https://www.iwv.org/2025/01/independent-women-supports-protection-of-women-and-girls-in-sports-act-a-top-priority-for-119th-congress/
10:37:21 root         INFO     LEDE: [testlede] month: [Jan.] day: [3]
10:37:21 root         INFO     
ADDING: FILENAME: [testfilename h Congress] TITLE: [Independent Women Supports Protection of Women and Girls in Sports Act, a Top Priority for 119th Congress] DATE: [2025-01-03] ID [27877]

10:37:22 root         INFO     Driver opened url https://www.iwv.org/2024/12/stand-with-women-initiative-drove-historic-pro-woman-election-victories-nationwide/: 0.5 second load started
10:37:23 root         INFO     INVALID DATE: 2024-12-11 00:00:00
10:37:24 root         INFO     Driver opened url https://www.iwv.org/2024/11/independent-womens-voices-riley-gaines-stand-with-women-scorecard-achieves-90-win-rate/: 0.5 second load started
10:37:24 root         INFO     INVALID DATE: 2024-11-21 00:00:00
10:37:25 root         INFO     Driver opened url https://www.iwv.org/2024/11/media-advisory-iwv-panel-discussion-dangers-gender-ideology-take-back-title-ix/: 0.5 second load started
10:37:26 root         INFO     INVALID DATE: 2024-11-19 00:00:00
10:37:28 root         INFO     Driver opened url https://www.iwv.org/2024/11/professional-golfers-join-independent-womens-forum-as-group-launches-tee-time-documentary-series-keep-womens-golf-female-pressure-campaign-t/: 0.5 second load started
10:37:28 root         INFO     INVALID DATE: 2024-11-18 00:00:00
10:37:29 root         INFO     Driver opened url https://www.iwv.org/2024/11/university-of-nevada-reno-womens-volleyball-captain-sia-liilii-iwv-ambassador/: 0.5 second load started
10:37:30 root         INFO     INVALID DATE: 2024-11-13 00:00:00
10:37:31 root         INFO     Scrape errors found during run:
10:37:31 root         INFO     []
10:37:31 root         INFO     End of file message
10:37:31 root         INFO     

Load Version 2.0.1 01/17/2025
       Docs Loaded: 5
       URLS processed: 1
       DUPS skipped: 0
       No Ledes found: 0

Passed Parameters:
       Pull House and Senate: False
       Number of days back: 30
       Start Time: 2025-01-20 10:37:08
       End Time: 2025-01-20 10:37:31
       Elapsed Time: 0:00:22
       Character Minimum Amount: 100

Errors:
Docs:
	Loaded:
		27877: Independent Women Joins Virginia Attorney General Jason S. Miyares for a Press Conference to Save Women's Sports
		27877: Independent Women Launches Riley Gaines Stand With Women Scorecard for 119th Congress as U.S. House Passes Protection of Women and Girls in Sports Act
		27877: Nebraska Stands With Women, Introduces Independent Women's Sex-Definition Model in Legislature
		27877: Fight to Preserve Women-Only Sororities Advances in Wyoming as Stand with Women Legislation is Introduced
		27877: Independent Women Supports Protection of Women and Girls in Sports Act, a Top Priority for 119th Congress
