10:09:18 root         INFO     Skipping 27599
10:09:18 root         INFO     Skipping 30449
10:09:18 root         INFO     Skipping 14315
10:09:18 root         INFO     Skipping 7566
10:09:18 root         INFO     Skipping 804
10:09:18 root         INFO     Skipping 12106
10:09:18 root         INFO     Skipping 8034
10:09:18 root         INFO     Skipping 7901
10:09:18 root         INFO     Skipping 20157
10:09:18 root         INFO     Skipping 6950
10:09:18 root         INFO     Skipping 15026
10:09:18 root         INFO     Skipping 19993
10:09:18 root         INFO     Skipping 21569
10:09:18 root         INFO     Skipping 23030
10:09:18 root         INFO     Skipping 206
10:09:18 root         INFO     Skipping 16046
10:09:18 root         INFO     Skipping 16140
10:09:18 root         INFO     Skipping 16037
10:09:18 root         INFO     Skipping 43
10:09:18 root         INFO     Skipping 225
10:09:18 root         INFO     Skipping 37711
10:09:18 root         INFO     Skipping 34699
10:09:18 root         INFO     Skipping 19021
10:09:18 root         INFO     Skipping 18495
10:09:18 root         INFO     Skipping 222
10:09:18 root         INFO     Skipping 5602
10:09:18 root         INFO     Skipping 16027
10:09:18 root         INFO     Skipping 21499
10:09:18 root         INFO     Skipping 2698
10:09:18 root         INFO     Skipping 27867
10:09:18 root         INFO     Skipping 24224
10:09:18 root         INFO     Skipping 21563
10:09:18 root         INFO     Skipping 24227
10:09:18 root         INFO     Skipping 17224
10:09:18 root         INFO     Skipping 219
10:09:18 root         INFO     Skipping 23814
10:09:18 root         INFO     Skipping 15376
10:09:18 root         INFO     Skipping 19286
10:09:18 root         INFO     Skipping 28048
10:09:18 root         INFO     Skipping 543
10:09:18 root         INFO     Skipping 24233
10:09:18 root         INFO     Skipping 18735
10:09:18 root         INFO     Skipping 1066
10:09:18 root         INFO     Skipping 37680
10:09:18 root         INFO     Skipping 691
10:09:18 root         INFO     Skipping 677
10:09:18 root         INFO     Skipping 20141
10:09:18 root         INFO     Skipping 36151
10:09:18 root         INFO     Skipping 20319
10:09:18 root         INFO     Skipping 12400
10:09:18 root         INFO     Skipping 127
10:09:18 root         INFO     Skipping 20792
10:09:18 root         INFO     Skipping 17104
10:09:18 root         INFO     Skipping 24344
10:09:18 root         INFO     Skipping 19546
10:09:18 root         INFO     Skipping 15565
10:09:18 root         INFO     Skipping 13359
10:09:18 root         INFO     Skipping 17922
10:09:18 root         INFO     Skipping 22481
10:09:18 root         INFO     Skipping 20138
10:09:18 root         INFO     Skipping 119
10:09:18 root         INFO     Skipping 24
10:09:18 root         INFO     Skipping 21188
10:09:18 root         INFO     Skipping 3016
10:09:18 root         INFO     Skipping 21525
10:09:18 root         INFO     Skipping 37694
10:09:18 root         INFO     Skipping 18710
10:09:18 root         INFO     Skipping 29332
10:09:18 root         INFO     Skipping 23100
10:09:18 root         INFO     Skipping 37725
10:09:18 root         INFO     Skipping 15633
10:09:18 root         INFO     Skipping 948
10:09:18 root         INFO     Skipping 30993
10:09:18 root         INFO     Skipping 22221
10:09:18 root         INFO     Skipping 22654
10:09:18 root         INFO     Skipping 35809
10:09:18 root         INFO     Skipping 35576
10:09:18 root         INFO     Skipping 37408
10:09:18 root         INFO     Skipping 7844
10:09:18 root         INFO     Skipping 169
10:09:18 root         INFO     Skipping 20
10:09:18 root         INFO     Skipping 8022
10:09:18 root         INFO     Skipping 8032
10:09:18 root         INFO     Skipping 20605
10:09:18 root         INFO     Skipping 7838
10:09:18 root         INFO     Skipping 21497
10:09:18 root         INFO     Skipping 35572
10:09:18 root         INFO     Skipping 30425
10:09:18 root         INFO     Skipping 35517
10:09:18 root         INFO     Skipping 35524
10:09:18 root         INFO     Skipping 21522
10:09:18 root         INFO     Skipping 1325
10:09:18 root         INFO     Skipping 1079
10:09:18 root         INFO     Skipping 6973
10:09:18 root         INFO     Skipping 37495
10:09:18 root         INFO     Skipping 30405
10:09:18 root         INFO     Skipping 18767
10:09:18 root         INFO     Skipping 21521
10:09:18 root         INFO     Skipping 921
10:09:18 root         INFO     Skipping 27602
10:09:18 root         INFO     Skipping 21335
10:09:18 root         INFO     Skipping 30444
10:09:18 root         INFO     Skipping 1363
10:09:18 root         INFO     Skipping 9488
10:09:18 root         INFO     Skipping 24230
10:09:18 root         INFO     Skipping 2696
10:09:18 root         INFO     Skipping 37705
10:09:18 root         INFO     Skipping 33752
10:09:18 root         INFO     Skipping 37731
10:09:18 root         INFO     Skipping 37740
10:09:18 root         INFO     Skipping 9427
10:09:18 root         INFO     Skipping 19880
10:09:18 root         INFO     Skipping 632
10:09:18 root         INFO     Skipping 135
10:09:18 root         INFO     Skipping 39007
10:09:18 root         INFO     Skipping 551
10:09:18 root         INFO     Skipping 37304
10:09:18 root         INFO     Skipping 20115
10:09:18 root         INFO     Skipping 13362
10:09:18 root         INFO     Skipping 7333
10:09:18 root         INFO     Skipping 21423
10:09:18 root         INFO     Skipping 17653
10:09:18 root         INFO     Skipping 21152
10:09:18 root         INFO     Skipping 16031
10:09:18 root         INFO     Skipping 27074
10:09:18 root         INFO     Skipping 255
10:09:18 root         INFO     Skipping 431
10:09:18 root         INFO     Skipping 19290
10:09:18 root         INFO     Skipping 33954
10:09:18 root         INFO     Skipping 22921
10:09:18 root         INFO     Skipping 26556
10:09:18 root         INFO     Skipping 167
10:09:18 root         INFO     Skipping 15884
10:09:18 root         INFO     Skipping 30382
10:09:18 root         INFO     Skipping 30450
10:09:18 root         INFO     Skipping 27626
10:09:18 root         INFO     Skipping 37748
10:09:18 root         INFO     Skipping 715
10:09:18 root         INFO     Skipping 18734
10:09:18 root         INFO     Skipping 9485
10:09:18 root         INFO     Skipping 24231
10:09:18 root         INFO     Skipping 6221
10:09:18 root         INFO     Skipping 15392
10:09:18 root         INFO     Skipping 14466
10:09:18 root         INFO     Skipping 15025
10:09:18 root         INFO     Skipping 19760
10:09:18 root         INFO     Skipping 37095
10:09:18 root         INFO     Skipping 122
10:09:18 root         INFO     Skipping 113
10:09:18 root         INFO     Skipping 13863
10:09:18 root         INFO     Skipping 7355
10:09:18 root         INFO     Skipping 8042
10:09:18 root         INFO     Skipping 23802
10:09:18 root         INFO     Skipping 282
10:09:18 root         INFO     Skipping 7316
10:09:18 root         INFO     Skipping 16040
10:09:18 root         INFO     Skipping 7922
10:09:18 root         INFO     Skipping 16041
10:09:18 root         INFO     Skipping 28101
10:09:18 root         INFO     Skipping 3410
10:09:18 root         INFO     Skipping 7121
10:09:18 root         INFO     Skipping 17116
10:09:18 root         INFO     Skipping 20034
10:09:18 root         INFO     Skipping 6918
10:09:18 root         INFO     Skipping 22037
10:09:18 root         INFO     Skipping 14373
10:09:18 root         INFO     Skipping 13794
10:09:18 root         INFO     Skipping 13964
10:09:18 root         INFO     Skipping 6930
10:09:18 root         INFO     Skipping 19978
10:09:18 root         INFO     Skipping 14069
10:09:18 root         INFO     Skipping 14111
10:09:18 root         INFO     Skipping 6931
10:09:18 root         INFO     Skipping 14021
10:09:18 root         INFO     Skipping 37180
10:09:18 root         INFO     Skipping 35130
10:09:18 root         INFO     Skipping 19684
10:09:18 root         INFO     Skipping 28292
10:09:18 root         INFO     Skipping 30335
10:09:18 root         INFO     Skipping 14867
10:09:18 root         INFO     Skipping 23669
10:09:18 root         INFO     Skipping 6793
10:09:18 root         INFO     Skipping 15440
10:09:18 root         INFO     Skipping 23588
10:09:18 root         INFO     Skipping 10156
10:09:18 root         INFO     Skipping 30046
10:09:18 root         INFO     Skipping 39476
10:09:18 root         INFO     Skipping 37727
10:09:18 root         INFO     Skipping 33096
10:09:18 root         INFO     Skipping 32423
10:09:18 root         INFO     Skipping 30658
10:09:18 root         INFO     Skipping 18394
10:09:18 root         INFO     Skipping 19870
10:09:18 root         INFO     Skipping 15962
10:09:18 root         INFO     Skipping 702
10:09:18 root         INFO     Skipping 39478
10:09:18 root         INFO     Skipping 30435
10:09:18 root         INFO     Skipping 9445
10:09:18 root         INFO     Skipping 24173
10:09:18 root         INFO     Skipping 35554
10:09:18 root         INFO     Skipping 18733
10:09:18 root         INFO     Skipping 3962
10:09:18 root         INFO     Skipping 26659
10:09:18 root         INFO     Skipping 32135
10:09:18 root         INFO     Skipping 27843
10:09:18 root         INFO     Skipping 17658
10:09:18 root         INFO     Skipping 27186
10:09:18 root         INFO     Skipping 6922
10:09:18 root         INFO     Skipping 7317
10:09:18 root         INFO     Skipping 37607
10:09:18 root         INFO     Skipping 19748
10:09:18 root         INFO     Skipping 14979
10:09:18 root         INFO     Skipping 28256
10:09:18 root         INFO     Skipping 15000
10:09:18 root         INFO     Skipping 15725
10:09:18 root         INFO     Skipping 21561
10:09:18 root         INFO     Skipping 23098
10:09:18 root         INFO     Skipping 24231
10:09:18 root         INFO     Skipping 30469
10:09:18 root         INFO     Skipping 37819
10:09:18 root         INFO     Skipping 27605
10:09:18 root         INFO     Skipping 24799
10:09:18 root         INFO     Skipping 35571
10:09:18 root         INFO     Skipping 18750
10:09:18 root         INFO     Skipping 21564
10:09:18 root         INFO     Skipping 695
10:09:18 root         INFO     Skipping 619
10:09:18 root         INFO     Skipping 21566
10:09:18 root         INFO     Skipping 18746
10:09:18 root         INFO     Skipping 30470
10:09:18 root         INFO     Skipping 37747
10:09:18 root         INFO     Skipping 35726
10:09:18 root         INFO     Skipping 35708
10:09:18 root         INFO     Skipping 35705
10:09:18 root         INFO     Skipping 35727
10:09:18 root         INFO     Skipping 37743
10:09:18 root         INFO     Skipping 24229
10:09:18 root         INFO     Skipping 37748
10:09:18 root         INFO     Skipping 19879
10:09:18 root         INFO     Skipping 717
10:09:18 root         INFO     Skipping 35728
10:09:18 root         INFO     Skipping 37820
10:09:18 root         INFO     Skipping 30473
10:09:18 root         INFO     Skipping 37744
10:09:18 root         INFO     Skipping 28313
10:09:18 root         INFO     Skipping 37749
10:09:18 root         INFO     Skipping 15948
10:09:18 root         INFO     Skipping 35707
10:09:18 root         INFO     Skipping 35706
10:09:18 root         INFO     Skipping 35704
10:09:18 root         INFO     Skipping 18740
10:09:18 root         INFO     Skipping 18736
10:09:18 root         INFO     Skipping 183
10:09:18 root         INFO     Skipping 7887
10:09:18 root         INFO     Skipping 15551
10:09:18 root         INFO     Skipping 35562
10:09:18 root         INFO     Skipping 9423
10:09:18 root         INFO     Skipping 1519
10:09:18 root         INFO     Skipping 35489
10:09:18 root         INFO     Skipping 20880
10:09:18 root         INFO     Skipping 37235
10:09:18 root         INFO     Skipping 15882
10:09:18 root         INFO     Skipping 1169
10:09:18 root         INFO     Skipping 9463
10:09:18 root         INFO     Skipping 37685
10:09:18 root         INFO     Skipping 809
10:09:18 root         INFO     Skipping 9421
10:09:18 root         INFO     Skipping 30397
10:09:18 root         INFO     Skipping 37735
10:09:18 root         INFO     Skipping 30394
10:09:18 root         INFO     Skipping 30448
10:09:18 root         INFO     Skipping 27614
10:09:18 root         INFO     Skipping 35527
10:09:18 root         INFO     Skipping 37416
10:09:18 root         INFO     Skipping 37709
10:09:18 root         INFO     Skipping 27649
10:09:18 root         INFO     Skipping 35546
10:09:18 root         INFO     Skipping 1098
10:09:18 root         INFO     Skipping 21488
10:09:18 root         INFO     Skipping 37674
10:09:18 root         INFO     Skipping 37706
10:09:18 root         INFO     Skipping 37713
10:09:18 root         INFO     Skipping 918
10:09:18 root         INFO     Skipping 24210
10:09:18 root         INFO     Skipping 37728
10:09:18 root         INFO     Skipping 35555
10:09:18 root         INFO     Skipping 35556
10:09:18 root         INFO     Skipping 892
10:09:18 root         INFO     Skipping 38045
10:09:18 root         INFO     Skipping 829
10:09:18 root         INFO     Skipping 30468
10:09:18 root         INFO     Skipping 24186
10:09:18 root         INFO     Skipping 24194
10:09:18 root         INFO     Skipping 37693
10:09:18 root         INFO     Skipping 30429
10:09:18 root         INFO     Skipping 1249
10:09:18 root         INFO     Skipping 30434
10:09:18 root         INFO     Skipping 24199
10:09:18 root         INFO     Skipping 37688
10:09:18 root         INFO     Skipping 23853
10:09:18 root         INFO     Skipping 30456
10:09:18 root         INFO     Skipping 1036
10:09:18 root         INFO     Skipping 30436
10:09:18 root         INFO     Skipping 37690
10:09:18 root         INFO     Skipping 36428
10:09:18 root         INFO     Skipping 37721
10:09:18 root         INFO     Skipping 27646
10:09:18 root         INFO     Skipping 24187
10:09:18 root         INFO     Skipping 35551
10:09:18 root         INFO     Skipping 925
10:09:18 root         INFO     Skipping 21570
10:09:18 root         INFO     Skipping 21536
10:09:18 root         INFO     Skipping 604
10:09:18 root         INFO     Skipping 21562
10:09:18 root         INFO     Skipping 21572
10:09:18 root         INFO     Skipping 17884
10:09:18 root         INFO     Skipping 235
10:09:18 root         INFO     Skipping 2909
10:09:18 root         INFO     Skipping 21487
10:09:18 root         INFO     Skipping 27644
10:09:18 root         INFO     Skipping 37722
10:09:18 root         INFO     Skipping 24175
10:09:18 root         INFO     Skipping 27637
10:09:18 root         INFO     Skipping 9424
10:09:18 root         INFO     Skipping 24181
10:09:18 root         INFO     Skipping 37676
10:09:18 root         INFO     Skipping 15912
10:09:18 root         INFO     Skipping 1004
10:09:18 root         INFO     Skipping 15922
10:09:18 root         INFO     Skipping 21523
10:09:18 root         INFO     Skipping 14489
10:09:18 root         INFO     Skipping 18756
10:09:18 root         INFO     Skipping 23549
10:09:18 root         INFO     Skipping 30414
10:09:18 root         INFO     Skipping 2505
10:09:18 root         INFO     Skipping 28735
10:09:18 root         INFO     Skipping 599
10:09:18 root         INFO     Skipping 24124
10:09:18 root         INFO     Skipping 24218
10:09:18 root         INFO     Skipping 19874
10:09:18 root         INFO     Skipping 2175
10:09:18 root         INFO     Skipping 21467
10:09:18 root         INFO     Skipping 30525
10:09:18 root         INFO     Skipping 24176
10:09:18 root         INFO     Skipping 15949
10:09:18 root         INFO     Skipping 27630
10:09:18 root         INFO     Skipping 27632
10:09:18 root         INFO     Skipping 606
10:09:18 root         INFO     Skipping 27629
10:09:18 root         INFO     Skipping 24228
10:09:18 root         INFO     Skipping 562
10:09:18 root         INFO     Skipping 21633
10:09:18 root         INFO     Skipping 24225
10:09:18 root         INFO     Skipping 18725
10:09:18 root         INFO     Skipping 21567
10:09:18 root         INFO     Skipping 27628
10:09:18 root         INFO     Skipping 12921
10:09:18 root         INFO     Skipping 47
10:09:18 root         INFO     Skipping 8101
10:09:18 root         INFO     Skipping 27936
10:09:18 root         INFO     Skipping 23089
10:09:18 root         INFO     Skipping 15911
10:09:18 root         INFO     Skipping 30472
10:09:18 root         INFO     Skipping 35703
10:09:18 root         INFO     Skipping 30475
10:09:18 root         INFO     Skipping 18739
10:09:18 root         INFO     Skipping 30378
10:09:18 root         INFO     Skipping 21
10:09:18 root         INFO     Skipping 32904
10:09:18 root         INFO     Skipping 24169
10:09:18 root         INFO     Skipping 27616
10:09:18 root         INFO     Skipping 546
10:09:18 root         INFO     Skipping 125
10:09:18 root         INFO     Skipping 432
10:09:18 root         INFO     Skipping 23572
10:09:18 root         INFO     Skipping 1
10:09:18 root         INFO     Skipping 10
10:09:18 root         INFO     Skipping 72
10:09:18 root         INFO     Skipping 106
10:09:18 root         INFO     Skipping 804
10:09:18 root         INFO     Skipping 697
10:09:18 root         INFO     Skipping 166
10:09:18 root         INFO     Skipping 37667
10:09:18 root         INFO     Skipping 24234
10:09:18 root         INFO     Skipping 34781
10:09:18 root         INFO     Skipping 44
10:09:18 root         INFO     Skipping 2434
10:09:18 root         INFO     Skipping 7307
10:09:18 root         INFO     Skipping 7280
10:09:18 root         INFO     Skipping 14197
10:09:18 root         INFO     Skipping 6929
10:09:18 root         INFO     Skipping 24223
10:09:18 root         INFO     Skipping 30412
10:09:18 root         INFO     Skipping 21230
10:09:18 root         INFO     Skipping 7124
10:09:18 root         INFO     Skipping 7516
10:09:18 root         INFO     Skipping 9231
10:09:18 root         INFO     Skipping 13222
10:09:18 root         INFO     Skipping 24928
10:09:18 root         INFO     Skipping 14466
10:09:18 root         INFO     Skipping 19685
10:09:18 root         INFO     Skipping 14008
10:09:18 root         INFO     Skipping 20480
10:09:18 root         INFO     Skipping 7126
10:09:18 root         INFO     Skipping 15792
10:09:18 root         INFO     Skipping 27571
10:09:18 root         INFO     Skipping 19109
10:09:18 root         INFO     Skipping 14066
10:09:18 root         INFO     Skipping 7103
10:09:18 root         INFO     Skipping 13479
10:09:18 root         INFO     Skipping 13475
10:09:18 root         INFO     Skipping 24237
10:09:18 root         INFO     Skipping 28365
10:09:18 root         INFO     Skipping 7118
10:09:18 root         INFO     Skipping 19909
10:09:19 root         INFO     Skipping 13664
10:09:19 root         INFO     Skipping 13467
10:09:19 root         INFO     Skipping 18743
10:09:19 root         INFO     Skipping 19881
10:09:19 root         INFO     Skipping 6970
10:09:19 root         INFO     Skipping 7286
10:09:19 root         INFO     Skipping 14047
10:09:19 root         INFO     Skipping 35569
10:09:19 root         INFO     Skipping 37741
10:09:19 root         INFO     Skipping 37697
10:09:19 root         INFO     Skipping 1453
10:09:19 root         INFO     Skipping 18818
10:09:19 root         INFO     Skipping 37745
10:09:19 root         INFO     Skipping 18836
10:09:19 root         INFO     Skipping 37441
10:09:19 root         INFO     Skipping 24207
10:09:19 root         INFO     Skipping 1483
10:09:19 root         INFO     Skipping 30395
10:09:19 root         INFO     Skipping 30432
10:09:19 root         INFO     Skipping 36969
10:09:19 root         INFO     Skipping 21533
10:09:19 root         INFO     Skipping 1352
10:09:19 root         INFO     Skipping 30390
10:09:19 root         INFO     Skipping 1149
10:09:19 root         INFO     Skipping 24202
10:09:19 root         INFO     Skipping 30389
10:09:19 root         INFO     Skipping 15891
10:09:19 root         INFO     Skipping 14488
10:09:19 root         INFO     Skipping 30528
10:09:19 root         INFO     Skipping 27597
10:09:19 root         INFO     Skipping 37737
10:09:19 root         INFO     Skipping 1557
10:09:19 root         INFO     Skipping 27609
10:09:19 root         INFO     Skipping 900
10:09:19 root         INFO     Skipping 21527
10:09:19 root         INFO     Skipping 1479
10:09:19 root         INFO     Skipping 30387
10:09:19 root         INFO     Skipping 980
10:09:19 root         INFO     Skipping 37703
10:09:19 root         INFO     Skipping 15304
10:09:19 root         INFO     Skipping 128
10:09:19 root         INFO     Skipping 14781
10:09:19 root         INFO     Skipping 15528
10:09:19 root         INFO     Skipping 25120
10:09:19 root         INFO     Skipping 33803
10:09:19 root         INFO     Skipping 20476
10:09:19 root         INFO     Skipping 27502
10:09:19 root         INFO     Skipping 13456
10:09:19 root         INFO     Skipping 27390
10:09:19 root         INFO     Skipping 15813
10:09:19 root         INFO     Skipping 7320
10:09:19 root         INFO     Skipping 20668
10:09:19 root         INFO     Skipping 38937
10:09:19 root         INFO     Skipping 37417
10:09:19 root         INFO     Driver opened url https://www.ausa.org/search/headline-news: 0.5 second load started
10:09:21 root         INFO     Driver opened url https://www.ausa.org/news/farewell-message-wormuth-lauds-combined-team: 0.5 second load started
10:09:21 root         DEBUG    Titles: In Farewell Message, Wormuth Lauds 'Combined' Team
10:09:21 root         DEBUG    Dates: 2025-01-17
10:09:21 root         DEBUG    Desc: In a farewell message, outgoing Army Secretary Christine Wormuth praised the force for making strides to transform the Army while meeting missions at home and around the world. 

“Together, we achieved the most substantial modernization of our offensive and defensive systems in the last forty years, effectively using resources and new authorities to equip our soldiers with vital warfighting capabilities,” Wormuth writes. “We envisioned and are now implementing significant changes to our force structure, ensuring the Army is prepared for large-scale combat against advanced adversaries.” 

The “combined military and civilian team” also improved quality of life for soldiers and their families by constructing new barracks and daycare centers, piloting new dining options and providing more time for new parents, the message says. 

The Army also “navigated a profound recruiting crisis, transformed our recruiting enterprise, and set the Army on a path to rebuild its end strength,” Wormuth writes. 

Sworn in on May 27, 2021, Wormuth made history by becoming the first woman to serve as the Army’s top civilian leader. During her tenure, Wormuth oversaw the Army’s $185 billion budget and was responsible for decisions impacting nearly 1 million soldiers and 330,000 Army civilians. 

She brought to the job more than 25 years of experience in defense and national security policy, including serving as undersecretary of defense for policy and senior director for defense at the National Security Council. Before becoming Army secretary, Wormuth was director of the International Defense and Security Center at the Rand Corp. 

As she leaves office Jan. 20, Wormuth writes, she will carry with her cherished memories made while traveling the force and meeting with soldiers, families and civilian employees. 

“My time as Secretary has affirmed for me that people are what sets the Army apart and makes us the best Army in the world,” she writes. “I will miss the responsibility that comes with being in the arena, but I will miss the Army and our people so much more.” 

Serving as the 25th secretary of the Army has been the “greatest honor of my professional life,” she writes. “It has been a privilege and adventure to serve with you, working to make our Army better, stronger, and more lethal.” 

See her message  here  . 

10:09:21 root         DEBUG    Agency_id 13038
10:09:21 root         DEBUG    Article Link: https://www.ausa.org/news/farewell-message-wormuth-lauds-combined-team
10:09:21 root         INFO     LEDE: [testlede] month: [Jan.] day: [17]
10:09:21 root         INFO     
ADDING: FILENAME: [testfilename ined' Team] TITLE: [In Farewell Message, Wormuth Lauds 'Combined' Team] DATE: [2025-01-17] ID [13038]

10:09:22 root         INFO     Driver opened url https://www.ausa.org/news/tricare-extends-deadlines-west-region-users: 0.5 second load started
10:09:22 root         DEBUG    Titles: Tricare Extends Deadlines for West Region Users
10:09:22 root         DEBUG    Dates: 2025-01-17
10:09:22 root         DEBUG    Desc: Beneficiaries who use Tricare in the West Region now have more time to update their payment information. 

On Jan. 1, TriWest Healthcare Alliance became the new West Region contractor, replacing Health Net Federal Services. Tricare also moved six states from the East Region to the West Region—they are Arkansas, Illinois, Louisiana, Oklahoma, Texas and Wisconsin. 

Humana Military remains the contractor for the East Region. 

Those in the West Region, including those whose states are moving, who pay enrollment or premium payments by credit card or bank transfer must transfer payment information to the TriWest self-service patient portal. 

Beneficiaries using Tricare Prime or Select now have until Jan. 30 to make the change. Those using Tricare Young Adult, Reserve Select and Retired Reserve have a new deadline of Feb. 7. Previously, the deadline was Dec. 31. 

Those who miss the deadline will be disenrolled back to Jan. 1, Tricare said on its website. 

“Tricare’s goal is to make sure that everyone maintains their coverage in 2025, without any gaps,” Malcolm Jones, a Tricare enrollment specialist at the Defense Heath Agency, said in a  news release  . “To keep your Tricare coverage, you must take action and provide your payment information to TriWest.” 

For more information, click  here  . 

10:09:22 root         DEBUG    Agency_id 13038
10:09:22 root         DEBUG    Article Link: https://www.ausa.org/news/tricare-extends-deadlines-west-region-users
10:09:22 root         INFO     LEDE: [testlede] month: [Jan.] day: [17]
10:09:22 root         INFO     
ADDING: FILENAME: [testfilename gion Users] TITLE: [Tricare Extends Deadlines for West Region Users] DATE: [2025-01-17] ID [13038]

10:09:23 root         INFO     Driver opened url https://www.ausa.org/news/evolving-threats-challenge-sustainment-industrial-base: 0.5 second load started
10:09:24 root         DEBUG    Titles: Evolving Threats Challenge Sustainment, Industrial Base
10:09:24 root         DEBUG    Dates: 2025-01-16
10:09:24 root         DEBUG    Desc: Asserting that the nation is “at a critical junction in national security,” a senior DoD official said that the defense industrial base is the “engine of strategic innovation.” 

Speaking Jan. 15 at an Association of the U.S. Army Hot Topic titled “Connecting the Industrial Base to the Tactical Edge,” Vic Ramdass, principal deputy assistant secretary of defense for industrial base policy, said that industry and the sustainment enterprise must work with DoD to make a difference. 

“The defense industrial base is not just an enabler for operational readiness, it is the engine of strategic innovation,” Ramdass said as he challenged members of industry and the industrial base to think about how “we can productively and optimally develop and maintain production lines to mitigate exposure to supply disruptions and changing production requirements and long lead times.” 

As part of that strategic thinking, Ramdass acknowledged that the Army works effectively with communities, high schools and community colleges to bring people into the force. But he cautioned that “we need to think broadly as a nation” to establish a cohort or a cadre of sorts that DoD and industry can leverage. 

“Because guess what? Those military technicians that are working today in the organic industrial base are going to put on a uniform and be deployed, and you’re going to have to backstop, you’re going to have to pull to leverage your bench,” he said. “How are you going to do that? We need to really start to think that through.” 

Ramdass said that the Army should think about three things—the tyranny of distance, strategic logistics and the power of partnerships. 

Invoking the vast distances in the Indo-Pacific, Ramdass noted that operational theaters are separated by thousands of miles of ocean, which is a strategic vulnerability when it comes to moving people and materiel. “The challenge is not new but has grown in light of recent conflicts such as Russia’s invasion of Ukraine,” he said, adding that “traditional supply chain models are insufficient to address challenges that we face today.” 

He urged planners to “recalibrate your assumptions about mobilization, operational reach and protraction.” 

“The lessons we are learning in Ukraine show that our assumptions based on uncontested logistics are flawed. It also highlights that our assumption on consumption is also flawed,” Ramdass said, using as an example the fact that Ukraine fires about 8,000 155 mm rounds a day. “Check your assumptions.” 

Part of strategic logistics means moving away from adversarial sources of supplies, which should include deeper analysis of cybersecurity requirements with sub-tier suppliers. “We are entering an era where wars will be influenced as much by cognitive and data superiority as by the physical force,” he said. 

Finally, Ramdass said, international industry partners are critical to strengthening the industrial base and addressing shared security challenges. 

“We need to embrace not only that we can do this, but we must do this, recognizing that we cannot do it alone, we will need our partners,” he said. “We’ll be better for collaborating with one another and sharing our unique perspectives.” 

10:09:24 root         DEBUG    Agency_id 13038
10:09:24 root         DEBUG    Article Link: https://www.ausa.org/news/evolving-threats-challenge-sustainment-industrial-base
10:09:24 root         INFO     LEDE: [testlede] month: [Jan.] day: [16]
10:09:24 root         INFO     
ADDING: FILENAME: [testfilename trial Base] TITLE: [Evolving Threats Challenge Sustainment, Industrial Base] DATE: [2025-01-16] ID [13038]

10:09:24 root         INFO     Driver opened url https://www.ausa.org/news/ausa-board-nominates-2-new-members-6-reelection: 0.5 second load started
10:09:25 root         DEBUG    Titles: AUSA Board Nominates 2 New Members, 6 for Reelection
10:09:25 root         DEBUG    Dates: 2025-01-16
10:09:25 root         DEBUG    Desc: The Association of the U.S. Army’s Board of Directors has nominated two new candidates to serve on the association’s board. It also nominated six current members for reelection. 

The actions were taken when the board, AUSA’s governing body, met Dec. 16. 

Danny Deep, executive vice president of General Dynamics Combat Systems, and David Hathaway, president of ManTech’s Defense Sector are nominated to serve as directors on the board  . Hathaway, who was elected to fill a mid-term vacancy ending in June, is nominated for a full three-year term. 

The six board members nominated for additional terms are Lisa Atherton, president and CEO of Bell; Jim Cannon, president and CEO of AM General; Andy Hove, managing director of Horisonter Group; Phebe Novakovic, president and CEO of General Dynamics Corporation; retired Sgt. Maj. of the Army Ken Preston; and Bob Tyrer, co-CEO of The Cohen Group. 

AUSA members who wish to make an additional nomination to the board must submit a petition for candidacy to AUSA national headquarters, as outlined in the association’s bylaws. Additional candidacies must comply with Article VI of the bylaws. Nominations must be received by April 15. The board will vote during its next meeting in June. Newly elected officers’ terms will begin July 1. 

At its last meeting, the board voted to accept the candidates nominated to serve on board committees. 

Hove was approved to serve an additional three-year term on the Finance and Audit Committee, and retired Col. William Hudson Jr. was approved to serve an additional three-year term on the Standing Bylaws Committee. 

10:09:25 root         DEBUG    Agency_id 13038
10:09:25 root         DEBUG    Article Link: https://www.ausa.org/news/ausa-board-nominates-2-new-members-6-reelection
10:09:25 root         INFO     LEDE: [testlede] month: [Jan.] day: [16]
10:09:25 root         INFO     
ADDING: FILENAME: [testfilename Reelection] TITLE: [AUSA Board Nominates 2 New Members, 6 for Reelection] DATE: [2025-01-16] ID [13038]

10:09:26 root         INFO     Driver opened url https://www.ausa.org/news/mohan-modernization-allies-key-army-sustainment: 0.5 second load started
10:09:26 root         DEBUG    Titles: Mohan: Modernization, Allies Key to Army Sustainment
10:09:26 root         DEBUG    Dates: 2025-01-15
10:09:26 root         DEBUG    Desc: The Army must prioritize modernization of the industrial base and integration of allies and partners as it works to more quickly deliver capabilities and maintenance to the front lines, a senior officer said. 

In remarks Jan. 15 at an Association of the U.S. Army Hot Topic titled “Connecting the Industrial Base to the Tactical Edge,” Lt. Gen. Christopher Mohan, deputy commanding general of Army Materiel Command, said that many of the lessons learned from studying operations in Ukraine have shown that supply chain capabilities would be impossible without working closely with allies and partners. 

“If you look back at our previous conflicts, we don’t fight alone, so we have to be integrated,” said Mohan, who also has been acting commanding general of Materiel Command since March 2024. 

Integration with overseas partners would be bolstered by advanced manufacturing capabilities provided by teams of artisans on site who can work with remote subject-matter experts in the United States through secure telemaintenance channels. 

As an example, Mohan described a scenario where a High Mobility Artillery Rocket System, or HIMARS, is out of commission, and the critical part to repair it is not on hand in theater. “In the world we envision, that HIMARS crew jumps on our telemaintenance chat and pulls up that subject-matter expert, the engineer that is responsible for that weapon system,” Mohan said. “So, fortunately there’s a support unit or an allied capability that has the 3D printing technology to fabricate the required part, and we have the intellectual property so we can actually print the part.” 

The telemaintenance and fabrication approach, he said, “dramatically reduces lead times compared to traditional logistics that would have taken weeks” to pull the part off a warehouse shelf, transport it overseas and out to the tactical edge. 

Mohan also noted that as the Army prepares to engage in combat operations against any number of possible adversaries, it must ensure that it is acquiring the right capabilities—a question that will be governed by the rapid evolution of battlefield technology. 

He offered as an example the proliferation of unmanned aerial systems and how quickly the systems’ capabilities are advancing. The “UAS space is exploding, UAS and counter-UAS, it is dynamically changing the battlefield,” he said. This requires the Army to ask if it’s “buying the right stuff, are we spending our taxpayers’ [money] on the right capability? We’ve got to think really hard on that.” 

Purchasing massive numbers of unmanned aerial systems also would require building facilities to house and maintain them, he noted. “The hangar is going to last 150 years when we don’t know what the aviation fleet is going to look like in five years,” Mohan said. “We are on a 12-week integration cycle in Ukraine. A 12-week cycle. Build something new, fight something new, react to the enemy’s countermeasures, build something new—so we’ve got to think, we’ve got to challenge ourselves.” 

10:09:26 root         DEBUG    Agency_id 13038
10:09:26 root         DEBUG    Article Link: https://www.ausa.org/news/mohan-modernization-allies-key-army-sustainment
10:09:26 root         INFO     LEDE: [testlede] month: [Jan.] day: [15]
10:09:26 root         INFO     
ADDING: FILENAME: [testfilename ustainment] TITLE: [Mohan: Modernization, Allies Key to Army Sustainment] DATE: [2025-01-15] ID [13038]

10:09:27 root         INFO     Driver opened url https://www.ausa.org/news/gao-urges-better-retention-child-care-providers: 0.5 second load started
10:09:27 root         DEBUG    Titles: GAO Urges Better Retention of Child Care Providers
10:09:27 root         DEBUG    Dates: 2025-01-15
10:09:27 root         DEBUG    Desc: The Army, along with the other services, should track the effectiveness of  child care  employee retention efforts, according to a report from the Government Accountability Office. 

“The Department of Defense operates the largest employer-sponsored  child care  program in the United States,” the report states. “While officials in the four military services told us retaining  child care  workers  has  been a challenge, none of the military services have established metrics to track the effectiveness of their retention initiatives.” 

GAO reviewed DoD and military service documents, conducted in-person and virtual site visits to eight installations with the greatest unmet  child care  needs, interviewed installation commanders and  child care  workers and held group discussions with  child care  workers to come to its findings. 

The Army follows almost all the leading recruitment and retention practices, except for establishing and tracking  child care  worker retention metrics, according to the report. None of the other services even partially track retention numbers, GAO found. 

Across DoD, 17,500  child care  workers staff approximately 500 of the department’s child development centers and 250 school-age care programs, according to the report. 

The report outlines several recruiting and retention challenges for DoD  child care  workers. 

In terms of recruitment, new  child care  workers “must undergo a lengthy onboarding process” that could last between one and six months, and installations must compete against civilian-sector job openings, according to the report. Issues such as a “stressful work environment” and limited career advancement opportunities plagued retention, the report says. 

These issues  confound  and foster a high turnover rate for  child care  workers, the report found. Though all services reported “high  child care  worker turnover rates,” the Army’s rate for fiscal year 2022 was 50%, the highest of the services. 

“High turnover rates contribute not only to staffing shortages, but also to  child care  worker stress and burnout according to some  child care  workers, child and youth program directors, and child development center and school-age care program administrators at all the installations we visited,” the report found. 

The Army has taken steps to ease  child care  challenges, including creating a position that closes the gap between  child care  workers and child development center management and “establish[ing] specialized positions for personnel … [to] support  child care  workers working with children with special needs,” according to the report. 

The report urges the Army to develop metrics to track  child care  program retention initiatives. 

“While the military services have implemented many programs and benefits to help retain  child care  workers, they have not adequately assessed the impact of these retention efforts,” the report found. “By establishing and tracking metrics of success for improving  child care  worker retention, the military services will have information to better manage retention issues and help address reported staffing shortfalls.” 

Read the full report  here  . 

10:09:27 root         DEBUG    Agency_id 13038
10:09:27 root         DEBUG    Article Link: https://www.ausa.org/news/gao-urges-better-retention-child-care-providers
10:09:27 root         INFO     LEDE: [testlede] month: [Jan.] day: [15]
10:09:27 root         INFO     
ADDING: FILENAME: [testfilename  Providers] TITLE: [GAO Urges Better Retention of Child Care Providers] DATE: [2025-01-15] ID [13038]

10:09:28 root         INFO     Driver opened url https://www.ausa.org/news/wormuth-army-going-right-direction: 0.5 second load started
10:09:29 root         DEBUG    Titles: Wormuth: Army 'Going in the Right Direction'
10:09:29 root         DEBUG    Dates: 2025-01-14
10:09:29 root         DEBUG    Desc: As she prepares to wrap up her tenure as the 25th secretary of the Army, Christine Wormuth offered leadership advice and reflected on her time on the job during a recent episode of the  From the Green Notebook  podcast. 

“I think there's a reason that there's the expression, ‘It's lonely at the top.’ It is lonely sometimes to be a leader,” she said. “You have enormous responsibility. People have to have trust in you. They  have to  believe that [you]'re holding yourself accountable and not playing favorites, and that takes discipline to do that day in and day out.” 

Nearly four years after she made history as the first woman to serve as secretary of the Army, Wormuth said that she is “planning to run through the tape” as she rounds out her term in the coming days. 

Speaking to Army leaders, Wormuth urged them to master the skills they will need to operate at the “enterprise level.” 

“I'm not sure we're always putting as much emphasis on the sets of skills that I think you need to be a leader in the Army at the more enterprise level,” she said. “Critical thinking, the ability to not just describe problems, but actually analyze problems and come up with recommendations for how to solve problems [are] critically important.” 

The best leaders across the Army maintain a level of humility and recognize how essential their team is, Wormuth said. “One of the things I love the most about the Army is how it is so culturally oriented around the idea of team,” she said. 

During any change-of-command ceremony, “it is extremely rare in my experience to have a leader who is changing command  not talk  about what the team did,” Wormuth said. “It's not about their individual accomplishments; it’s about the team that made it happen. … It’s  really important  to remember that.” 

Looking forward, Wormuth expects the incoming administration will continue the efforts the Army has undertaken over the past four years.  “I think the things that we have been pursuing as an Army for the last almost four years, whether it's in the force structure changes we've been making or the modernization priorities we've been pursuing,  we're going in the right direction,” she said. “I think there’s going to be continuity in a lot of places.” 

Despite the challenges that come with working in the national security space, the stakes of the work have kept Wormuth dedicated to her profession. 

“I have been blessed to almost always feel like what I spend my professional time doing really matters,” she said. “Since walking through the doors of the Pentagon when I was 26, I've been blessed to have opportunities that allowed me to do that in some small ways and then over time in some bigger ways, and I wouldn't trade it for the world.” 

10:09:29 root         DEBUG    Agency_id 13038
10:09:29 root         DEBUG    Article Link: https://www.ausa.org/news/wormuth-army-going-right-direction
10:09:29 root         INFO     LEDE: [testlede] month: [Jan.] day: [14]
10:09:29 root         INFO     
ADDING: FILENAME: [testfilename Direction'] TITLE: [Wormuth: Army 'Going in the Right Direction'] DATE: [2025-01-14] ID [13038]

10:09:29 root         INFO     Driver opened url https://www.ausa.org/news/ausa-offers-new-workshop-defense-writers: 0.5 second load started
10:09:29 root         DEBUG    Titles: AUSA Offers New Workshop for Defense Writers
10:09:29 root         DEBUG    Dates: 2025-01-13
10:09:29 root         DEBUG    Desc: Registration is open for a new writing workshop hosted by the Association of the U.S. Army. 

“Writing Workshop: Powerful Prose” will take place on Jan. 28 at AUSA headquarters in Arlington, Virginia. With the support of Army Training and Doctrine Command, Army University Press and the Harding Project, this one-day, in-person event is an excellent opportunity for anyone who wants to contribute to the revitalization and renewal of writing and scholarship across the Army. 

The event will run from 7 a.m. to 3:30 p.m. and feature opening remarks by Gen. Gary Brito, commander of Army Training and Doctrine Command, and a keynote address from Joe Byerly, founder of From the Green Notebook. 

There also will be a conversation with retired Lt. Gen. Jim Dubik, an AUSA senior fellow and the namesake of the LTG (Ret) James M. Dubik Writing Fellows Program, a nonresident writing fellowship that aims to encourage professional writing across the Army. 

Workshop participants also will listen to, speak with and learn from a panel of experts who will provide practical advice on advancing scholarship in articles, magazines, journals and books, and how to communicate more clearly and effectively through writing. 

Attendees also are encouraged to bring an outline or first draft of a publishing project. 

For more information or to register, click  here  . 

The Army’s Harding Project is an Army chief of staff initiative that aims to revitalize scholarship and writing across the force. It is part of Army Chief of Staff Gen. Randy George’s focus on strengthening the profession. “We’re professionals,” George said shortly before he was sworn in as the 41st Army chief of staff in September 2023. “That’s a foundation for everything else that we have to do.” 

The Harding Project is a key part of George’s push to rekindle “professional discourse” in the Army. “Social media is part of our fabric now, but I want the professional discourse for us to happen with professional writing,” he said. 

10:09:29 root         DEBUG    Agency_id 13038
10:09:29 root         DEBUG    Article Link: https://www.ausa.org/news/ausa-offers-new-workshop-defense-writers
10:09:29 root         INFO     LEDE: [testlede] month: [Jan.] day: [13]
10:09:29 root         INFO     
ADDING: FILENAME: [testfilename se Writers] TITLE: [AUSA Offers New Workshop for Defense Writers] DATE: [2025-01-13] ID [13038]

10:09:30 root         INFO     Driver opened url https://www.ausa.org/news/longtime-ausa-volunteer-leader-dies: 0.5 second load started
10:09:30 root         DEBUG    Titles: Longtime AUSA Volunteer Leader Dies
10:09:30 root         DEBUG    Dates: 2025-01-13
10:09:30 root         DEBUG    Desc: Retired Col. Ian Patterson, an Association of the U.S. Army life member who also was a key financial adviser to the association’s Board of Directors, died Dec. 25. He was 80. 

Patterson served AUSA for more than two decades. Beginning in 1999, he was a member of the association’s Advisory Board of Directors, which supported what was then known as AUSA’s Council of Trustees. He was then appointed to the Leadership Committee and, later, to the Finance and Audit Committee, which supports and provides advice to the Board of Directors, AUSA’s governing body. 

As Finance Committee chair, Patterson advised board members on the association’s audit and budget requests. He worked with AUSA’s auditors as well as with AUSA leadership on understanding and recommending approval of the association’s budget proposals. He completed his tenure in 2020. 

“Ian was a dedicated and selfless member of the AUSA family who continued to serve and support the Army even after his service in uniform,” said Manisha Patel, AUSA’s chief financial officer. “His steady guidance and leadership were invaluable to our team and our Board of Directors. He will be greatly missed.” 

Patterson, of Ashburn, Virginia, joined the Army as a second lieutenant in 1966. He served one tour in Vietnam, was a military adviser to the Imperial Iranian Air Force in 1979 in Tehran, was deputy chief of staff for the 101st Airborne Division and commanded a HAWK missile battalion in Germany, according to his obituary. 

After the first Gulf War, Patterson led the staff responsible for Kuwait’s post-war construction. 

In his final Army role, Patterson led the Defense Supply Service. He retired from the Army in 1994. 

A funeral service is scheduled for Feb. 26 at Arlington National Cemetery. More information is available  here  . 

10:09:30 root         DEBUG    Agency_id 13038
10:09:30 root         DEBUG    Article Link: https://www.ausa.org/news/longtime-ausa-volunteer-leader-dies
10:09:30 root         INFO     LEDE: [testlede] month: [Jan.] day: [13]
10:09:30 root         INFO     
ADDING: FILENAME: [testfilename eader Dies] TITLE: [Longtime AUSA Volunteer Leader Dies] DATE: [2025-01-13] ID [13038]

10:09:31 root         INFO     Driver opened url https://www.ausa.org/news/army-chief-speaks-ausa-coffee-series-0: 0.5 second load started
10:09:31 root         DEBUG    Titles: Army Chief Speaks at AUSA Coffee Series
10:09:31 root         DEBUG    Dates: 2025-01-10
10:09:31 root         DEBUG    Desc: Army Chief of Staff Gen. Randy George will speak Jan. 29 as part of the Association of the U.S. Army’s Coffee Series. 

The event will take place at AUSA headquarters in Arlington, Virginia. The event opens at 6:30 a.m. with registration, coffee and networking. The program is scheduled to begin at 7:15 a.m. 

For more information or to register, click  here  . 

George was sworn in Sept. 21, 2023, as the 41st Army chief of staff. He had served as the Army vice chief of staff since August 2022 and previously was the senior military assistant to Defense Secretary Lloyd Austin. 

A former commander of I Corps and the 4th Infantry Division, George is a 1988 graduate of the U.S. Military Academy at West Point, New York. 

As Army chief of staff, George has emphasized a focus on warfighting. “Warfighting is the reason our Army exists,” George said shortly after he was sworn in as the Army’s top general. “We are not a Europe Army or a Pacific Army. We are not brigade-centric or division-centric. We’re a global force that fights when called upon at the scale required.” 

George also has directed the Army to focus on delivering ready combat formations, continuous transformation and strengthening the Army profession. He also initiated the Army’s transforming in contact initiative, which puts new and evolving technology into soldiers’ hands for training and experimentation. “We put these materials in the hands of our soldiers, we let them tell us what works, what doesn’t, how to improve it, how we integrate it into our formations,” George said last fall. 

The Army will expand the transformation in contact effort this year, from three infantry brigade combat teams to other formations, including two divisions, two armored brigade combat teams, two Stryker brigade combat teams and additional formations in the Army National Guard and Army Reserve. 

“At the end of this [fiscal year], every warfighting function, including protection and sustainment, will be part of our transformation efforts,” George said in October. “The tech we will infuse in our formations are not years away, they are available now.” 

10:09:31 root         DEBUG    Agency_id 13038
10:09:31 root         DEBUG    Article Link: https://www.ausa.org/news/army-chief-speaks-ausa-coffee-series-0
10:09:31 root         INFO     LEDE: [testlede] month: [Jan.] day: [10]
10:09:31 root         INFO     
ADDING: FILENAME: [testfilename fee Series] TITLE: [Army Chief Speaks at AUSA Coffee Series] DATE: [2025-01-10] ID [13038]

10:09:31 root         INFO     Skipping 6932
10:09:31 root         INFO     Skipping 14978
10:09:31 root         INFO     Skipping 17045
10:09:31 root         INFO     Skipping 22385
10:09:31 root         INFO     Skipping 7853
10:09:31 root         INFO     Skipping 14026
10:09:31 root         INFO     Skipping 14923
10:09:31 root         INFO     Skipping 7288
10:09:31 root         INFO     Skipping 7538
10:09:31 root         INFO     Skipping 13451
10:09:31 root         INFO     Skipping 25009
10:09:31 root         INFO     Skipping 9452
10:09:31 root         INFO     Skipping 20118
10:09:31 root         INFO     Skipping 20475
10:09:31 root         INFO     Skipping 14602
10:09:32 root         INFO     Skipping 7291
10:09:32 root         INFO     Skipping 13457
10:09:32 root         INFO     Skipping 7345
10:09:32 root         INFO     Skipping 35752
10:09:32 root         INFO     Skipping 31489
10:09:32 root         INFO     Skipping 15674
10:09:32 root         INFO     Skipping 31189
10:09:32 root         INFO     Skipping 21
10:09:32 root         INFO     Skipping 247
10:09:32 root         INFO     Skipping 20084
10:09:32 root         INFO     Skipping 16020
10:09:32 root         INFO     Skipping 2009
10:09:32 root         INFO     Skipping 1773
10:09:32 root         INFO     Skipping 7337
10:09:32 root         INFO     Skipping 14910
10:09:32 root         INFO     Skipping 7339
10:09:32 root         INFO     Skipping 24976
10:09:32 root         INFO     Skipping 30360
10:09:32 root         INFO     Skipping 24315
10:09:32 root         INFO     Skipping 30361
10:09:32 root         INFO     Skipping 30358
10:09:32 root         INFO     Skipping 37191
10:09:32 root         INFO     Skipping 3129
10:09:32 root         INFO     Skipping 3052
10:09:32 root         INFO     Skipping 37932
10:09:32 root         INFO     Skipping 3125
10:09:32 root         INFO     Skipping 3109
10:09:32 root         INFO     Skipping 20056
10:09:32 root         INFO     Skipping 37778
10:09:32 root         INFO     Skipping 35587
10:09:32 root         INFO     Skipping 28452
10:09:32 root         INFO     Skipping 3320
10:09:32 root         INFO     Skipping 30367
10:09:32 root         INFO     Skipping 3048
10:09:32 root         INFO     Skipping 27750
10:09:32 root         INFO     Skipping 3072
10:09:32 root         INFO     Skipping 38049
10:09:32 root         INFO     Skipping 30366
10:09:32 root         INFO     Skipping 30368
10:09:32 root         INFO     Skipping 27956
10:09:32 root         INFO     Skipping 15709
10:09:32 root         INFO     Skipping 38047
10:09:32 root         INFO     Skipping 3137
10:09:32 root         INFO     Skipping 3085
10:09:32 root         INFO     Skipping 2042
10:09:32 root         INFO     Skipping 30374
10:09:32 root         INFO     Skipping 3064
10:09:32 root         INFO     Skipping 3286
10:09:32 root         INFO     Skipping 30362
10:09:32 root         INFO     Skipping 3309
10:09:32 root         INFO     Skipping 37826
10:09:32 root         INFO     Skipping 4972
10:09:32 root         INFO     Skipping 15790
10:09:32 root         INFO     Skipping 18747
10:09:32 root         INFO     Skipping 22401
10:09:32 root         INFO     Skipping 18711
10:09:32 root         INFO     Skipping 3123
10:09:32 root         INFO     Skipping 3296
10:09:32 root         INFO     Skipping 164
10:09:32 root         INFO     Skipping 30617
10:09:32 root         INFO     Skipping 19614
10:09:32 root         INFO     Skipping 23295
10:09:32 root         INFO     Skipping 35818
10:09:32 root         INFO     Skipping 7531
10:09:32 root         INFO     Skipping 19559
10:09:32 root         INFO     Skipping 26784
10:09:32 root         INFO     Skipping 25775
10:09:32 root         INFO     Skipping 27321
10:09:32 root         INFO     Skipping 7234
10:09:32 root         INFO     Skipping 6914
10:09:32 root         INFO     Skipping 18113
10:09:32 root         INFO     Scrape errors found during run:
10:09:32 root         INFO     []
10:09:32 root         INFO     End of file message
10:09:32 root         INFO     

Load Version 2.0.1 01/17/2025
       Docs Loaded: 10
       URLS processed: 1
       DUPS skipped: 0
       No Ledes found: 0

Passed Parameters:
       Pull House and Senate: False
       Number of days back: 30
       Start Time: 2025-01-20 10:09:14
       End Time: 2025-01-20 10:09:32
       Elapsed Time: 0:00:18
       Character Minimum Amount: 100

Errors:
Docs:
	Loaded:
		13038: In Farewell Message, Wormuth Lauds 'Combined' Team
		13038: Tricare Extends Deadlines for West Region Users
		13038: Evolving Threats Challenge Sustainment, Industrial Base
		13038: AUSA Board Nominates 2 New Members, 6 for Reelection
		13038: Mohan: Modernization, Allies Key to Army Sustainment
		13038: GAO Urges Better Retention of Child Care Providers
		13038: Wormuth: Army 'Going in the Right Direction'
		13038: AUSA Offers New Workshop for Defense Writers
		13038: Longtime AUSA Volunteer Leader Dies
		13038: Army Chief Speaks at AUSA Coffee Series
