23:43:53 root         INFO     Skipping 27599
23:43:53 root         INFO     Skipping 30449
23:43:53 root         INFO     Skipping 14315
23:43:53 root         INFO     Skipping 7566
23:43:53 root         INFO     Skipping 804
23:43:53 root         INFO     Skipping 12106
23:43:53 root         INFO     Skipping 8034
23:43:53 root         INFO     Skipping 7901
23:43:53 root         INFO     Skipping 20157
23:43:53 root         INFO     Skipping 6950
23:43:53 root         INFO     Skipping 15026
23:43:53 root         INFO     Skipping 19993
23:43:53 root         INFO     Skipping 21569
23:43:53 root         INFO     Skipping 23030
23:43:53 root         INFO     Skipping 206
23:43:53 root         INFO     Skipping 16046
23:43:53 root         INFO     Skipping 16140
23:43:53 root         INFO     Skipping 16037
23:43:53 root         INFO     Skipping 43
23:43:53 root         INFO     Skipping 225
23:43:53 root         INFO     Skipping 37711
23:43:53 root         INFO     Skipping 34699
23:43:53 root         INFO     Skipping 19021
23:43:53 root         INFO     Skipping 18495
23:43:53 root         INFO     Skipping 222
23:43:53 root         INFO     Skipping 5602
23:43:53 root         INFO     Skipping 16027
23:43:53 root         INFO     Skipping 21499
23:43:53 root         INFO     Skipping 2698
23:43:53 root         INFO     Skipping 27867
23:43:53 root         INFO     Skipping 24224
23:43:53 root         INFO     Skipping 21563
23:43:53 root         INFO     Skipping 24227
23:43:53 root         INFO     Skipping 17224
23:43:53 root         INFO     Skipping 219
23:43:53 root         INFO     Skipping 23814
23:43:53 root         INFO     Skipping 15376
23:43:53 root         INFO     Skipping 19286
23:43:53 root         INFO     Skipping 28048
23:43:53 root         INFO     Skipping 543
23:43:53 root         INFO     Skipping 24233
23:43:53 root         INFO     Skipping 18735
23:43:53 root         INFO     Skipping 1066
23:43:53 root         INFO     Skipping 37680
23:43:53 root         INFO     Skipping 691
23:43:53 root         INFO     Skipping 677
23:43:53 root         INFO     Skipping 20141
23:43:53 root         INFO     Skipping 36151
23:43:53 root         INFO     Skipping 20319
23:43:53 root         INFO     Skipping 12400
23:43:53 root         INFO     Skipping 127
23:43:53 root         INFO     Skipping 20792
23:43:53 root         INFO     Skipping 17104
23:43:53 root         INFO     Skipping 24344
23:43:53 root         INFO     Skipping 19546
23:43:53 root         INFO     Skipping 15565
23:43:53 root         INFO     Skipping 13359
23:43:53 root         INFO     Skipping 17922
23:43:53 root         INFO     Skipping 22481
23:43:53 root         INFO     Skipping 20138
23:43:53 root         INFO     Skipping 119
23:43:53 root         INFO     Skipping 21188
23:43:53 root         INFO     Skipping 3016
23:43:53 root         INFO     Skipping 21525
23:43:53 root         INFO     Skipping 37694
23:43:53 root         INFO     Skipping 18710
23:43:53 root         INFO     Skipping 29332
23:43:53 root         INFO     Skipping 23100
23:43:53 root         INFO     Skipping 37725
23:43:53 root         INFO     Skipping 15633
23:43:53 root         INFO     Skipping 948
23:43:53 root         INFO     Skipping 30993
23:43:53 root         INFO     Skipping 22221
23:43:53 root         INFO     Skipping 22654
23:43:53 root         INFO     Skipping 35809
23:43:53 root         INFO     Skipping 35576
23:43:53 root         INFO     Skipping 37408
23:43:53 root         INFO     Skipping 7844
23:43:53 root         INFO     Skipping 20
23:43:53 root         INFO     Skipping 8022
23:43:53 root         INFO     Skipping 8032
23:43:53 root         INFO     Skipping 20605
23:43:53 root         INFO     Skipping 7838
23:43:53 root         INFO     Skipping 21497
23:43:53 root         INFO     Skipping 35572
23:43:53 root         INFO     Skipping 30425
23:43:53 root         INFO     Skipping 35517
23:43:53 root         INFO     Skipping 35524
23:43:53 root         INFO     Skipping 21522
23:43:53 root         INFO     Skipping 1325
23:43:53 root         INFO     Skipping 1079
23:43:53 root         INFO     Skipping 6973
23:43:53 root         INFO     Skipping 37495
23:43:53 root         INFO     Skipping 30405
23:43:53 root         INFO     Skipping 18767
23:43:53 root         INFO     Skipping 21521
23:43:53 root         INFO     Skipping 921
23:43:53 root         INFO     Skipping 27602
23:43:53 root         INFO     Skipping 21335
23:43:53 root         INFO     Skipping 30444
23:43:53 root         INFO     Skipping 1363
23:43:53 root         INFO     Skipping 9488
23:43:53 root         INFO     Skipping 24230
23:43:53 root         INFO     Skipping 2696
23:43:53 root         INFO     Skipping 37705
23:43:53 root         INFO     Skipping 33752
23:43:53 root         INFO     Skipping 37731
23:43:53 root         INFO     Skipping 37740
23:43:53 root         INFO     Skipping 9427
23:43:53 root         INFO     Skipping 19880
23:43:53 root         INFO     Skipping 632
23:43:53 root         INFO     Skipping 39007
23:43:53 root         INFO     Skipping 551
23:43:53 root         INFO     Skipping 37304
23:43:53 root         INFO     Skipping 20115
23:43:53 root         INFO     Skipping 13362
23:43:53 root         INFO     Skipping 7333
23:43:53 root         INFO     Skipping 21423
23:43:53 root         INFO     Skipping 17653
23:43:53 root         INFO     Skipping 21152
23:43:53 root         INFO     Skipping 16031
23:43:53 root         INFO     Skipping 27074
23:43:53 root         INFO     Skipping 255
23:43:53 root         INFO     Skipping 431
23:43:53 root         INFO     Skipping 19290
23:43:53 root         INFO     Skipping 33954
23:43:53 root         INFO     Skipping 22921
23:43:53 root         INFO     Skipping 26556
23:43:53 root         INFO     Skipping 167
23:43:53 root         INFO     Skipping 15884
23:43:53 root         INFO     Skipping 30382
23:43:53 root         INFO     Skipping 30450
23:43:53 root         INFO     Skipping 27626
23:43:53 root         INFO     Skipping 37748
23:43:53 root         INFO     Skipping 715
23:43:53 root         INFO     Skipping 18734
23:43:53 root         INFO     Skipping 9485
23:43:53 root         INFO     Skipping 24231
23:43:53 root         INFO     Skipping 6221
23:43:53 root         INFO     Skipping 15392
23:43:53 root         INFO     Skipping 14466
23:43:53 root         INFO     Skipping 15025
23:43:53 root         INFO     Skipping 19760
23:43:53 root         INFO     Skipping 37095
23:43:53 root         INFO     Skipping 13863
23:43:53 root         INFO     Skipping 7355
23:43:53 root         INFO     Skipping 8042
23:43:53 root         INFO     Skipping 23802
23:43:53 root         INFO     Skipping 282
23:43:53 root         INFO     Skipping 7316
23:43:53 root         INFO     Skipping 16040
23:43:53 root         INFO     Skipping 7922
23:43:53 root         INFO     Skipping 16041
23:43:53 root         INFO     Skipping 28101
23:43:53 root         INFO     Skipping 3410
23:43:53 root         INFO     Skipping 7121
23:43:53 root         INFO     Skipping 17116
23:43:53 root         INFO     Skipping 20034
23:43:53 root         INFO     Skipping 6918
23:43:53 root         INFO     Skipping 22037
23:43:53 root         INFO     Skipping 14373
23:43:53 root         INFO     Skipping 13794
23:43:53 root         INFO     Skipping 13964
23:43:53 root         INFO     Skipping 6930
23:43:53 root         INFO     Skipping 19978
23:43:53 root         INFO     Skipping 14069
23:43:53 root         INFO     Skipping 14111
23:43:53 root         INFO     Skipping 6931
23:43:53 root         INFO     Skipping 14021
23:43:53 root         INFO     Skipping 37180
23:43:53 root         INFO     Skipping 35130
23:43:53 root         INFO     Skipping 19684
23:43:53 root         INFO     Skipping 28292
23:43:53 root         INFO     Skipping 30335
23:43:53 root         INFO     Skipping 14867
23:43:53 root         INFO     Skipping 23669
23:43:53 root         INFO     Skipping 6793
23:43:53 root         INFO     Skipping 15440
23:43:53 root         INFO     Skipping 23588
23:43:53 root         INFO     Skipping 10156
23:43:53 root         INFO     Skipping 30046
23:43:53 root         INFO     Skipping 39476
23:43:53 root         INFO     Skipping 37727
23:43:53 root         INFO     Skipping 33096
23:43:53 root         INFO     Skipping 32423
23:43:53 root         INFO     Skipping 30658
23:43:53 root         INFO     Skipping 19870
23:43:53 root         INFO     Skipping 15962
23:43:53 root         INFO     Skipping 702
23:43:53 root         INFO     Skipping 30435
23:43:53 root         INFO     Skipping 9445
23:43:53 root         INFO     Skipping 24173
23:43:53 root         INFO     Skipping 35554
23:43:53 root         INFO     Skipping 18733
23:43:53 root         INFO     Skipping 3962
23:43:53 root         INFO     Skipping 26659
23:43:53 root         INFO     Skipping 32135
23:43:53 root         INFO     Skipping 27843
23:43:53 root         INFO     Skipping 17658
23:43:53 root         INFO     Skipping 27186
23:43:53 root         INFO     Skipping 6922
23:43:53 root         INFO     Skipping 7317
23:43:53 root         INFO     Skipping 37607
23:43:53 root         INFO     Skipping 19748
23:43:53 root         INFO     Skipping 14979
23:43:53 root         INFO     Skipping 28256
23:43:53 root         INFO     Skipping 15000
23:43:53 root         INFO     Skipping 15725
23:43:53 root         INFO     Skipping 21561
23:43:53 root         INFO     Skipping 23098
23:43:53 root         INFO     Skipping 30469
23:43:53 root         INFO     Skipping 37819
23:43:53 root         INFO     Skipping 27605
23:43:53 root         INFO     Skipping 24799
23:43:53 root         INFO     Skipping 35571
23:43:53 root         INFO     Skipping 18750
23:43:53 root         INFO     Skipping 21564
23:43:53 root         INFO     Skipping 695
23:43:53 root         INFO     Skipping 619
23:43:53 root         INFO     Skipping 21566
23:43:53 root         INFO     Skipping 18746
23:43:53 root         INFO     Skipping 30470
23:43:53 root         INFO     Skipping 37747
23:43:53 root         INFO     Skipping 35726
23:43:53 root         INFO     Skipping 35708
23:43:53 root         INFO     Skipping 35705
23:43:53 root         INFO     Skipping 35727
23:43:53 root         INFO     Skipping 37743
23:43:53 root         INFO     Skipping 24229
23:43:53 root         INFO     Skipping 37748
23:43:53 root         INFO     Skipping 19879
23:43:53 root         INFO     Skipping 717
23:43:53 root         INFO     Skipping 35728
23:43:53 root         INFO     Skipping 37820
23:43:53 root         INFO     Skipping 30473
23:43:53 root         INFO     Skipping 37744
23:43:53 root         INFO     Skipping 28313
23:43:53 root         INFO     Skipping 37749
23:43:53 root         INFO     Skipping 15948
23:43:53 root         INFO     Skipping 35707
23:43:53 root         INFO     Skipping 35706
23:43:53 root         INFO     Skipping 35704
23:43:53 root         INFO     Skipping 18740
23:43:53 root         INFO     Skipping 18736
23:43:53 root         INFO     Skipping 7887
23:43:53 root         INFO     Skipping 15551
23:43:53 root         INFO     Skipping 35562
23:43:53 root         INFO     Skipping 9423
23:43:53 root         INFO     Skipping 1519
23:43:53 root         INFO     Skipping 35489
23:43:53 root         INFO     Skipping 20880
23:43:53 root         INFO     Skipping 37235
23:43:53 root         INFO     Skipping 15882
23:43:53 root         INFO     Skipping 1169
23:43:53 root         INFO     Skipping 9463
23:43:53 root         INFO     Skipping 37685
23:43:53 root         INFO     Skipping 809
23:43:53 root         INFO     Skipping 9421
23:43:53 root         INFO     Skipping 30397
23:43:53 root         INFO     Skipping 37735
23:43:53 root         INFO     Skipping 30394
23:43:53 root         INFO     Skipping 30448
23:43:53 root         INFO     Skipping 27614
23:43:53 root         INFO     Skipping 35527
23:43:53 root         INFO     Skipping 37416
23:43:53 root         INFO     Skipping 37709
23:43:53 root         INFO     Skipping 27649
23:43:53 root         INFO     Skipping 35546
23:43:53 root         INFO     Skipping 1098
23:43:53 root         INFO     Skipping 21488
23:43:53 root         INFO     Skipping 37674
23:43:53 root         INFO     Skipping 37706
23:43:53 root         INFO     Skipping 37713
23:43:53 root         INFO     Skipping 918
23:43:53 root         INFO     Skipping 24210
23:43:53 root         INFO     Skipping 37728
23:43:53 root         INFO     Skipping 35555
23:43:53 root         INFO     Skipping 35556
23:43:53 root         INFO     Skipping 892
23:43:53 root         INFO     Skipping 38045
23:43:53 root         INFO     Skipping 829
23:43:53 root         INFO     Skipping 30468
23:43:53 root         INFO     Skipping 24186
23:43:53 root         INFO     Skipping 24194
23:43:53 root         INFO     Skipping 37693
23:43:53 root         INFO     Skipping 30429
23:43:53 root         INFO     Skipping 1249
23:43:53 root         INFO     Skipping 30434
23:43:53 root         INFO     Skipping 24199
23:43:53 root         INFO     Skipping 37688
23:43:53 root         INFO     Skipping 23853
23:43:53 root         INFO     Skipping 30456
23:43:53 root         INFO     Skipping 1036
23:43:53 root         INFO     Skipping 30436
23:43:53 root         INFO     Skipping 37690
23:43:53 root         INFO     Skipping 36428
23:43:53 root         INFO     Skipping 37721
23:43:53 root         INFO     Skipping 27646
23:43:53 root         INFO     Skipping 24187
23:43:53 root         INFO     Skipping 35551
23:43:53 root         INFO     Skipping 925
23:43:53 root         INFO     Skipping 21570
23:43:53 root         INFO     Skipping 21536
23:43:53 root         INFO     Skipping 604
23:43:53 root         INFO     Skipping 21562
23:43:53 root         INFO     Skipping 21572
23:43:53 root         INFO     Skipping 17884
23:43:53 root         INFO     Skipping 235
23:43:53 root         INFO     Skipping 21487
23:43:53 root         INFO     Skipping 27644
23:43:53 root         INFO     Skipping 37722
23:43:53 root         INFO     Skipping 24175
23:43:53 root         INFO     Skipping 27637
23:43:53 root         INFO     Skipping 9424
23:43:53 root         INFO     Skipping 24181
23:43:53 root         INFO     Skipping 37676
23:43:53 root         INFO     Skipping 15912
23:43:53 root         INFO     Skipping 1004
23:43:53 root         INFO     Skipping 15922
23:43:53 root         INFO     Skipping 21523
23:43:53 root         INFO     Skipping 14489
23:43:53 root         INFO     Skipping 18756
23:43:53 root         INFO     Skipping 23549
23:43:53 root         INFO     Skipping 30414
23:43:53 root         INFO     Skipping 28735
23:43:53 root         INFO     Skipping 599
23:43:53 root         INFO     Skipping 24124
23:43:53 root         INFO     Skipping 24218
23:43:53 root         INFO     Skipping 19874
23:43:53 root         INFO     Skipping 21467
23:43:53 root         INFO     Skipping 30525
23:43:53 root         INFO     Skipping 24176
23:43:53 root         INFO     Skipping 15949
23:43:53 root         INFO     Skipping 27630
23:43:53 root         INFO     Skipping 27632
23:43:53 root         INFO     Skipping 606
23:43:53 root         INFO     Skipping 27629
23:43:53 root         INFO     Skipping 24228
23:43:53 root         INFO     Skipping 562
23:43:53 root         INFO     Skipping 21633
23:43:53 root         INFO     Skipping 24225
23:43:53 root         INFO     Skipping 18725
23:43:53 root         INFO     Skipping 21567
23:43:53 root         INFO     Skipping 27628
23:43:53 root         INFO     Skipping 12921
23:43:53 root         INFO     Skipping 47
23:43:53 root         INFO     Skipping 8101
23:43:53 root         INFO     Skipping 27936
23:43:53 root         INFO     Skipping 23089
23:43:53 root         INFO     Skipping 15911
23:43:53 root         INFO     Skipping 30472
23:43:53 root         INFO     Skipping 35703
23:43:53 root         INFO     Skipping 30475
23:43:53 root         INFO     Skipping 18739
23:43:53 root         INFO     Skipping 30378
23:43:53 root         INFO     Skipping 21
23:43:53 root         INFO     Skipping 24169
23:43:53 root         INFO     Skipping 27616
23:43:53 root         INFO     Skipping 546
23:43:53 root         INFO     Skipping 125
23:43:53 root         INFO     Skipping 432
23:43:53 root         INFO     Skipping 23572
23:43:53 root         INFO     Skipping 1
23:43:53 root         INFO     Skipping 10
23:43:53 root         INFO     Skipping 106
23:43:53 root         INFO     Skipping 804
23:43:53 root         INFO     Skipping 697
23:43:53 root         INFO     Skipping 37667
23:43:53 root         INFO     Skipping 24234
23:43:53 root         INFO     Skipping 34781
23:43:53 root         INFO     Skipping 44
23:43:53 root         INFO     Skipping 2434
23:43:53 root         INFO     Skipping 7307
23:43:53 root         INFO     Skipping 7280
23:43:53 root         INFO     Skipping 14197
23:43:53 root         INFO     Skipping 6929
23:43:53 root         INFO     Skipping 24223
23:43:53 root         INFO     Skipping 30412
23:43:53 root         INFO     Skipping 21230
23:43:53 root         INFO     Skipping 7124
23:43:53 root         INFO     Skipping 7516
23:43:53 root         INFO     Skipping 9231
23:43:53 root         INFO     Skipping 13222
23:43:53 root         INFO     Skipping 24928
23:43:53 root         INFO     Skipping 14466
23:43:53 root         INFO     Skipping 19685
23:43:53 root         INFO     Skipping 14008
23:43:53 root         INFO     Skipping 20480
23:43:53 root         INFO     Skipping 7126
23:43:53 root         INFO     Skipping 15792
23:43:53 root         INFO     Skipping 27571
23:43:53 root         INFO     Skipping 19109
23:43:53 root         INFO     Skipping 14066
23:43:53 root         INFO     Skipping 7103
23:43:53 root         INFO     Skipping 13479
23:43:53 root         INFO     Skipping 13475
23:43:53 root         INFO     Skipping 24237
23:43:53 root         INFO     Skipping 28365
23:43:53 root         INFO     Skipping 7118
23:43:53 root         INFO     Skipping 19909
23:43:53 root         INFO     Skipping 13664
23:43:53 root         INFO     Skipping 13467
23:43:53 root         INFO     Skipping 18743
23:43:53 root         INFO     Skipping 19881
23:43:53 root         INFO     Skipping 6970
23:43:53 root         INFO     Skipping 7286
23:43:53 root         INFO     Skipping 14047
23:43:53 root         INFO     Skipping 35569
23:43:53 root         INFO     Skipping 37741
23:43:53 root         INFO     Skipping 37697
23:43:53 root         INFO     Skipping 1453
23:43:53 root         INFO     Skipping 18818
23:43:53 root         INFO     Skipping 37745
23:43:53 root         INFO     Skipping 18836
23:43:53 root         INFO     Skipping 37441
23:43:53 root         INFO     Skipping 24207
23:43:53 root         INFO     Skipping 1483
23:43:53 root         INFO     Skipping 30395
23:43:53 root         INFO     Skipping 30432
23:43:53 root         INFO     Skipping 36969
23:43:53 root         INFO     Skipping 21533
23:43:53 root         INFO     Skipping 1352
23:43:53 root         INFO     Skipping 30390
23:43:53 root         INFO     Skipping 1149
23:43:53 root         INFO     Skipping 24202
23:43:53 root         INFO     Skipping 30389
23:43:53 root         INFO     Skipping 15891
23:43:53 root         INFO     Skipping 14488
23:43:53 root         INFO     Skipping 30528
23:43:53 root         INFO     Skipping 27597
23:43:53 root         INFO     Skipping 37737
23:43:53 root         INFO     Skipping 1557
23:43:53 root         INFO     Skipping 27609
23:43:53 root         INFO     Skipping 900
23:43:53 root         INFO     Skipping 21527
23:43:53 root         INFO     Skipping 1479
23:43:53 root         INFO     Skipping 30387
23:43:53 root         INFO     Skipping 980
23:43:53 root         INFO     Skipping 37703
23:43:53 root         INFO     Skipping 15304
23:43:53 root         INFO     Skipping 14781
23:43:53 root         INFO     Skipping 15528
23:43:53 root         INFO     Skipping 25120
23:43:53 root         INFO     Skipping 33803
23:43:53 root         INFO     Skipping 20476
23:43:53 root         INFO     Skipping 27502
23:43:53 root         INFO     Skipping 13456
23:43:53 root         INFO     Skipping 27390
23:43:53 root         INFO     Skipping 15813
23:43:53 root         INFO     Skipping 7320
23:43:53 root         INFO     Skipping 20668
23:43:53 root         INFO     Skipping 38937
23:43:53 root         INFO     Skipping 37417
23:43:53 root         INFO     Skipping 13038
23:43:53 root         INFO     Skipping 6932
23:43:53 root         INFO     Skipping 14978
23:43:53 root         INFO     Skipping 17045
23:43:53 root         INFO     Skipping 22385
23:43:53 root         INFO     Skipping 7853
23:43:53 root         INFO     Skipping 14026
23:43:53 root         INFO     Skipping 14923
23:43:53 root         INFO     Skipping 7288
23:43:53 root         INFO     Skipping 7538
23:43:53 root         INFO     Skipping 13451
23:43:53 root         INFO     Skipping 25009
23:43:53 root         INFO     Skipping 9452
23:43:53 root         INFO     Skipping 20118
23:43:53 root         INFO     Skipping 20475
23:43:53 root         INFO     Skipping 14602
23:43:53 root         INFO     Skipping 7291
23:43:53 root         INFO     Skipping 13457
23:43:53 root         INFO     Skipping 7345
23:43:53 root         INFO     Skipping 35752
23:43:53 root         INFO     Skipping 31489
23:43:53 root         INFO     Skipping 15674
23:43:53 root         INFO     Skipping 31189
23:43:53 root         INFO     Skipping 20084
23:43:53 root         INFO     Skipping 16020
23:43:53 root         INFO     Skipping 2009
23:43:53 root         INFO     Skipping 1773
23:43:53 root         INFO     Skipping 7337
23:43:53 root         INFO     Skipping 14910
23:43:53 root         INFO     Skipping 7339
23:43:53 root         INFO     Skipping 24976
23:43:53 root         INFO     Skipping 30360
23:43:53 root         INFO     Skipping 24315
23:43:53 root         INFO     Skipping 30361
23:43:53 root         INFO     Skipping 30358
23:43:53 root         INFO     Skipping 37191
23:43:53 root         INFO     Skipping 3129
23:43:53 root         INFO     Skipping 3052
23:43:53 root         INFO     Skipping 37932
23:43:53 root         INFO     Skipping 3125
23:43:53 root         INFO     Skipping 3109
23:43:53 root         INFO     Skipping 20056
23:43:53 root         INFO     Skipping 37778
23:43:53 root         INFO     Skipping 35587
23:43:53 root         INFO     Skipping 28452
23:43:53 root         INFO     Skipping 3320
23:43:53 root         INFO     Skipping 30367
23:43:53 root         INFO     Skipping 3048
23:43:53 root         INFO     Skipping 3072
23:43:53 root         INFO     Skipping 38049
23:43:53 root         INFO     Skipping 30366
23:43:53 root         INFO     Skipping 30368
23:43:53 root         INFO     Skipping 27956
23:43:53 root         INFO     Skipping 15709
23:43:53 root         INFO     Skipping 38047
23:43:53 root         INFO     Skipping 3137
23:43:53 root         INFO     Skipping 3085
23:43:53 root         INFO     Skipping 3064
23:43:53 root         INFO     Skipping 3286
23:43:53 root         INFO     Skipping 30362
23:43:53 root         INFO     Skipping 3309
23:43:53 root         INFO     Skipping 37826
23:43:53 root         INFO     Skipping 4972
23:43:53 root         INFO     Skipping 15790
23:43:53 root         INFO     Skipping 18747
23:43:53 root         INFO     Skipping 22401
23:43:53 root         INFO     Skipping 18711
23:43:53 root         INFO     Skipping 3123
23:43:53 root         INFO     Skipping 3296
23:43:53 root         INFO     Skipping 30617
23:43:53 root         INFO     Skipping 19614
23:43:53 root         INFO     Skipping 23295
23:43:53 root         INFO     Skipping 35818
23:43:53 root         INFO     Skipping 7531
23:43:53 root         INFO     Skipping 19559
23:43:53 root         INFO     Skipping 26784
23:43:53 root         INFO     Skipping 25775
23:43:53 root         INFO     Skipping 27321
23:43:53 root         INFO     Skipping 7234
23:43:53 root         INFO     Skipping 6914
23:43:53 root         INFO     Skipping 38455
23:43:53 root         INFO     Skipping 18113
23:43:53 root         INFO     Skipping 39880
23:43:53 root         INFO     Skipping 22565
23:43:53 root         INFO     Skipping 27877
23:43:53 root         INFO     Skipping 23176
23:43:53 root         INFO     Skipping 20510
23:43:53 root         INFO     Skipping 22316
23:43:53 root         INFO     Skipping 20813
23:43:53 root         INFO     Skipping 21209
23:43:53 root         INFO     Skipping 17932
23:43:53 root         INFO     Skipping 6002
23:43:53 root         INFO     Skipping 2505
23:43:53 root         INFO     Skipping 2000
23:43:53 root         INFO     Skipping 38458
23:43:53 root         INFO     Skipping 23099
23:43:53 root         INFO     Skipping 18560
23:43:53 root         INFO     Skipping 13255
23:43:53 root         INFO     Skipping 20676
23:43:53 root         INFO     Skipping 25743
23:43:53 root         INFO     Skipping 17989
23:43:53 root         INFO     Skipping 21452
23:43:53 root         INFO     Skipping 17224
23:43:53 root         INFO     Skipping 25875
23:43:53 root         INFO     Skipping 3486
23:43:53 root         INFO     Skipping 15377
23:43:53 root         INFO     Skipping 3418
23:43:53 root         INFO     Skipping 3492
23:43:53 root         INFO     Skipping 17990
23:43:53 root         INFO     Skipping 27184
23:43:53 root         INFO     Skipping 39590
23:43:53 root         INFO     Skipping 30767
23:43:53 root         INFO     Skipping 15022
23:43:53 root         INFO     Skipping 21452
23:43:53 root         INFO     Skipping 37309
23:43:53 root         INFO     Skipping 25730
23:43:53 root         INFO     Skipping 18418
23:43:53 root         INFO     Skipping 17928
23:43:53 root         INFO     Skipping 13173
23:43:53 root         INFO     Skipping 17987
23:43:53 root         INFO     Skipping 33659
23:43:53 root         INFO     Skipping 17978
23:43:53 root         INFO     Skipping 30572
23:43:53 root         INFO     Skipping 19068
23:43:53 root         INFO     Skipping 13174
23:43:53 root         INFO     Skipping 30040
23:43:53 root         INFO     Skipping 26655
23:43:53 root         INFO     Skipping 27052
23:43:53 root         INFO     Skipping 39839
23:43:53 root         INFO     Skipping 17907
23:43:53 root         INFO     Skipping 15290
23:43:53 root         INFO     Skipping 20554
23:43:53 root         INFO     Skipping 37205
23:43:53 root         INFO     Skipping 30251
23:43:53 root         INFO     Skipping 17927
23:43:53 root         INFO     Skipping 685
23:43:53 root         INFO     Skipping 39478
23:43:53 root         INFO     Skipping 27633
23:43:53 root         INFO     Skipping 12019
23:43:53 root         INFO     Skipping 40046
23:43:53 root         INFO     Skipping 35233
23:43:53 root         INFO     Skipping 9468
23:43:53 root         INFO     Skipping 37821
23:43:53 root         INFO     Skipping 70
23:43:53 root         INFO     Skipping 37739
23:43:53 root         INFO     Skipping 37823
23:43:53 root         INFO     Skipping 21491
23:43:53 root         INFO     Skipping 27650
23:43:53 root         INFO     Skipping 27631
23:43:53 root         INFO     Skipping 37691
23:43:53 root         INFO     Skipping 35553
23:43:53 root         INFO     Skipping 27607
23:43:53 root         INFO     Skipping 37716
23:43:53 root         INFO     Skipping 1372
23:43:53 root         INFO     Skipping 24043
23:43:53 root         INFO     Skipping 37723
23:43:53 root         INFO     Skipping 37726
23:43:53 root         INFO     Skipping 40295
23:43:53 root         INFO     Skipping 27624
23:43:53 root         INFO     Skipping 30992
23:43:53 root         INFO     Skipping 36700
23:43:53 root         INFO     Skipping 28257
23:43:53 root         INFO     Skipping 40062
23:43:53 root         INFO     Skipping 18446
23:43:53 root         INFO     Skipping 7297
23:43:53 root         INFO     Skipping 40029
23:43:53 root         INFO     Skipping 26400
23:43:53 root         INFO     Skipping 32390
23:43:53 root         INFO     Skipping 27892
23:43:53 root         INFO     Skipping 32448
23:43:53 root         INFO     Skipping 21069
23:43:53 root         INFO     Skipping 18444
23:43:53 root         INFO     Skipping 20486
23:43:53 root         INFO     Skipping 39616
23:43:53 root         INFO     Skipping 30846
23:43:53 root         INFO     Skipping 38046
23:43:53 root         INFO     Skipping 3915
23:43:53 root         INFO     Skipping 27121
23:43:53 root         INFO     Skipping 29991
23:43:53 root         INFO     Skipping 20338
23:43:53 root         INFO     Skipping 34974
23:43:53 root         INFO     Skipping 3135
23:43:53 root         INFO     Skipping 36219
23:43:53 root         INFO     Skipping 20208
23:43:53 root         INFO     Skipping 18519
23:43:53 root         INFO     Skipping 30365
23:43:53 root         INFO     Skipping 27833
23:43:53 root         INFO     Skipping 37827
23:43:53 root         INFO     Skipping 22372
23:43:53 root         INFO     Skipping 15366
23:43:54 root         INFO     Driver opened url https://www.troutman.com/insights/index.html?nt=8335: 0.5 second load started
23:43:55 root         INFO     Driver opened url https://www.troutman.com/insights/troutman-pepper-locke-helps-secure-asylum-for-pro-bono-clients.html: 0.5 second load started
23:43:55 root         ERROR    DESC 30631 SKIP: No content was gathered
23:43:55 root         INFO     Driver opened url https://www.troutman.com/insights/troutman-pepper-lockes-dallas-office-managing-partner-elizabeth-mack-discusses-post-merger-opportunities-with-dallas-business-journal.html: 0.5 second load started
23:43:56 root         ERROR    DESC 30631 SKIP: No content was gathered
23:43:56 root         INFO     Driver opened url https://www.troutman.com/insights/chambers-global-guide-2025-recognizes-troutman-pepper-locke.html: 0.5 second load started
23:43:56 root         ERROR    DESC 30631 SKIP: No content was gathered
23:43:56 root         INFO     Driver opened url https://www.troutman.com/insights/troutman-pepper-lockes-national-construction-practice-named-among-law360s-practice-groups-of-the-year-for-third-time.html: 0.5 second load started
23:43:57 root         ERROR    DESC 30631 SKIP: No content was gathered
23:43:57 root         INFO     Driver opened url https://www.troutman.com/insights/troutman-pepper-locke-ranks-on-global-industry-league-tables-and-continues-to-retain-top-rankings-on-canada-industry-league-tables.html: 0.5 second load started
