11:20:48 root         INFO     Skipping 27599
11:20:48 root         INFO     Skipping 30449
11:20:48 root         INFO     Skipping 14315
11:20:48 root         INFO     Skipping 7566
11:20:48 root         INFO     Skipping 804
11:20:48 root         INFO     Skipping 12106
11:20:48 root         INFO     Skipping 8034
11:20:48 root         INFO     Skipping 7901
11:20:48 root         INFO     Skipping 20157
11:20:48 root         INFO     Skipping 6950
11:20:48 root         INFO     Skipping 15026
11:20:48 root         INFO     Skipping 19993
11:20:48 root         INFO     Skipping 21569
11:20:48 root         INFO     Skipping 23030
11:20:48 root         INFO     Skipping 206
11:20:48 root         INFO     Skipping 16046
11:20:48 root         INFO     Skipping 16140
11:20:48 root         INFO     Skipping 16037
11:20:48 root         INFO     Skipping 43
11:20:48 root         INFO     Skipping 225
11:20:48 root         INFO     Skipping 37711
11:20:48 root         INFO     Skipping 34699
11:20:48 root         INFO     Skipping 19021
11:20:48 root         INFO     Skipping 18495
11:20:48 root         INFO     Skipping 222
11:20:48 root         INFO     Skipping 5602
11:20:48 root         INFO     Skipping 16027
11:20:48 root         INFO     Skipping 21499
11:20:48 root         INFO     Skipping 2698
11:20:48 root         INFO     Skipping 27867
11:20:48 root         INFO     Skipping 24224
11:20:48 root         INFO     Skipping 21563
11:20:48 root         INFO     Skipping 24227
11:20:48 root         INFO     Skipping 17224
11:20:48 root         INFO     Skipping 219
11:20:48 root         INFO     Skipping 23814
11:20:48 root         INFO     Skipping 15376
11:20:48 root         INFO     Skipping 19286
11:20:48 root         INFO     Skipping 28048
11:20:48 root         INFO     Skipping 543
11:20:48 root         INFO     Skipping 24233
11:20:48 root         INFO     Skipping 18735
11:20:48 root         INFO     Skipping 1066
11:20:48 root         INFO     Skipping 37680
11:20:48 root         INFO     Skipping 691
11:20:48 root         INFO     Skipping 677
11:20:48 root         INFO     Skipping 20141
11:20:48 root         INFO     Skipping 36151
11:20:48 root         INFO     Skipping 20319
11:20:48 root         INFO     Skipping 12400
11:20:48 root         INFO     Skipping 127
11:20:48 root         INFO     Skipping 20792
11:20:48 root         INFO     Skipping 17104
11:20:48 root         INFO     Skipping 24344
11:20:48 root         INFO     Skipping 19546
11:20:48 root         INFO     Skipping 15565
11:20:48 root         INFO     Skipping 13359
11:20:48 root         INFO     Skipping 17922
11:20:48 root         INFO     Skipping 22481
11:20:48 root         INFO     Skipping 20138
11:20:48 root         INFO     Skipping 119
11:20:48 root         INFO     Skipping 21188
11:20:48 root         INFO     Skipping 3016
11:20:48 root         INFO     Skipping 21525
11:20:48 root         INFO     Skipping 37694
11:20:48 root         INFO     Skipping 18710
11:20:48 root         INFO     Skipping 29332
11:20:48 root         INFO     Skipping 23100
11:20:48 root         INFO     Skipping 37725
11:20:48 root         INFO     Skipping 15633
11:20:48 root         INFO     Skipping 948
11:20:48 root         INFO     Skipping 30993
11:20:48 root         INFO     Skipping 22221
11:20:48 root         INFO     Skipping 22654
11:20:48 root         INFO     Skipping 35809
11:20:48 root         INFO     Skipping 35576
11:20:48 root         INFO     Skipping 37408
11:20:48 root         INFO     Skipping 7844
11:20:48 root         INFO     Skipping 20
11:20:48 root         INFO     Skipping 8022
11:20:48 root         INFO     Skipping 8032
11:20:48 root         INFO     Skipping 20605
11:20:48 root         INFO     Skipping 7838
11:20:48 root         INFO     Skipping 21497
11:20:48 root         INFO     Skipping 35572
11:20:48 root         INFO     Skipping 30425
11:20:48 root         INFO     Skipping 35517
11:20:48 root         INFO     Skipping 35524
11:20:48 root         INFO     Skipping 21522
11:20:48 root         INFO     Skipping 1325
11:20:48 root         INFO     Skipping 1079
11:20:48 root         INFO     Skipping 6973
11:20:48 root         INFO     Skipping 37495
11:20:48 root         INFO     Skipping 30405
11:20:48 root         INFO     Skipping 18767
11:20:48 root         INFO     Skipping 21521
11:20:48 root         INFO     Skipping 921
11:20:48 root         INFO     Skipping 27602
11:20:48 root         INFO     Skipping 21335
11:20:48 root         INFO     Skipping 30444
11:20:48 root         INFO     Skipping 1363
11:20:48 root         INFO     Skipping 9488
11:20:48 root         INFO     Skipping 24230
11:20:48 root         INFO     Skipping 2696
11:20:48 root         INFO     Skipping 37705
11:20:48 root         INFO     Skipping 33752
11:20:48 root         INFO     Skipping 37731
11:20:48 root         INFO     Skipping 37740
11:20:48 root         INFO     Skipping 9427
11:20:48 root         INFO     Skipping 19880
11:20:48 root         INFO     Skipping 632
11:20:48 root         INFO     Skipping 39007
11:20:48 root         INFO     Skipping 551
11:20:48 root         INFO     Skipping 37304
11:20:48 root         INFO     Skipping 20115
11:20:48 root         INFO     Skipping 13362
11:20:48 root         INFO     Skipping 7333
11:20:48 root         INFO     Skipping 21423
11:20:48 root         INFO     Skipping 17653
11:20:48 root         INFO     Skipping 21152
11:20:48 root         INFO     Skipping 16031
11:20:48 root         INFO     Skipping 27074
11:20:48 root         INFO     Skipping 255
11:20:48 root         INFO     Skipping 431
11:20:48 root         INFO     Skipping 19290
11:20:48 root         INFO     Skipping 33954
11:20:48 root         INFO     Skipping 22921
11:20:48 root         INFO     Skipping 26556
11:20:48 root         INFO     Skipping 167
11:20:48 root         INFO     Skipping 15884
11:20:48 root         INFO     Skipping 30382
11:20:48 root         INFO     Skipping 30450
11:20:48 root         INFO     Skipping 27626
11:20:48 root         INFO     Skipping 37748
11:20:48 root         INFO     Skipping 715
11:20:48 root         INFO     Skipping 18734
11:20:48 root         INFO     Skipping 9485
11:20:48 root         INFO     Skipping 24231
11:20:48 root         INFO     Skipping 6221
11:20:48 root         INFO     Skipping 15392
11:20:48 root         INFO     Skipping 14466
11:20:48 root         INFO     Skipping 15025
11:20:48 root         INFO     Skipping 19760
11:20:48 root         INFO     Skipping 37095
11:20:48 root         INFO     Skipping 13863
11:20:48 root         INFO     Skipping 7355
11:20:48 root         INFO     Skipping 8042
11:20:48 root         INFO     Skipping 23802
11:20:48 root         INFO     Skipping 282
11:20:48 root         INFO     Skipping 7316
11:20:48 root         INFO     Skipping 16040
11:20:48 root         INFO     Skipping 7922
11:20:48 root         INFO     Skipping 16041
11:20:48 root         INFO     Skipping 28101
11:20:48 root         INFO     Skipping 3410
11:20:48 root         INFO     Skipping 7121
11:20:48 root         INFO     Skipping 17116
11:20:48 root         INFO     Skipping 20034
11:20:48 root         INFO     Skipping 6918
11:20:48 root         INFO     Skipping 22037
11:20:48 root         INFO     Skipping 14373
11:20:48 root         INFO     Skipping 13794
11:20:48 root         INFO     Skipping 13964
11:20:48 root         INFO     Skipping 6930
11:20:48 root         INFO     Skipping 19978
11:20:48 root         INFO     Skipping 14069
11:20:48 root         INFO     Skipping 14111
11:20:48 root         INFO     Skipping 6931
11:20:48 root         INFO     Skipping 14021
11:20:48 root         INFO     Skipping 37180
11:20:48 root         INFO     Skipping 35130
11:20:48 root         INFO     Skipping 19684
11:20:48 root         INFO     Skipping 28292
11:20:48 root         INFO     Skipping 30335
11:20:48 root         INFO     Skipping 14867
11:20:48 root         INFO     Skipping 23669
11:20:48 root         INFO     Skipping 6793
11:20:48 root         INFO     Skipping 15440
11:20:48 root         INFO     Skipping 23588
11:20:48 root         INFO     Skipping 10156
11:20:48 root         INFO     Skipping 30046
11:20:48 root         INFO     Skipping 39476
11:20:48 root         INFO     Skipping 37727
11:20:48 root         INFO     Skipping 33096
11:20:48 root         INFO     Skipping 32423
11:20:48 root         INFO     Skipping 30658
11:20:48 root         INFO     Skipping 19870
11:20:48 root         INFO     Skipping 15962
11:20:48 root         INFO     Skipping 702
11:20:48 root         INFO     Skipping 39478
11:20:48 root         INFO     Skipping 30435
11:20:48 root         INFO     Skipping 9445
11:20:48 root         INFO     Skipping 24173
11:20:48 root         INFO     Skipping 35554
11:20:48 root         INFO     Skipping 18733
11:20:48 root         INFO     Skipping 3962
11:20:48 root         INFO     Skipping 26659
11:20:48 root         INFO     Skipping 32135
11:20:48 root         INFO     Skipping 27843
11:20:48 root         INFO     Skipping 17658
11:20:48 root         INFO     Skipping 27186
11:20:48 root         INFO     Skipping 6922
11:20:48 root         INFO     Skipping 7317
11:20:48 root         INFO     Skipping 37607
11:20:48 root         INFO     Skipping 19748
11:20:48 root         INFO     Skipping 14979
11:20:48 root         INFO     Skipping 28256
11:20:48 root         INFO     Skipping 15000
11:20:48 root         INFO     Skipping 15725
11:20:48 root         INFO     Skipping 21561
11:20:48 root         INFO     Skipping 23098
11:20:48 root         INFO     Skipping 30469
11:20:48 root         INFO     Skipping 37819
11:20:48 root         INFO     Skipping 27605
11:20:48 root         INFO     Skipping 24799
11:20:48 root         INFO     Skipping 35571
11:20:48 root         INFO     Skipping 18750
11:20:48 root         INFO     Skipping 21564
11:20:48 root         INFO     Skipping 695
11:20:48 root         INFO     Skipping 619
11:20:48 root         INFO     Skipping 21566
11:20:48 root         INFO     Skipping 18746
11:20:48 root         INFO     Skipping 30470
11:20:48 root         INFO     Skipping 37747
11:20:48 root         INFO     Skipping 35726
11:20:48 root         INFO     Skipping 35708
11:20:48 root         INFO     Skipping 35705
11:20:48 root         INFO     Skipping 35727
11:20:48 root         INFO     Skipping 37743
11:20:48 root         INFO     Skipping 24229
11:20:48 root         INFO     Skipping 37748
11:20:48 root         INFO     Skipping 19879
11:20:48 root         INFO     Skipping 717
11:20:48 root         INFO     Skipping 35728
11:20:48 root         INFO     Skipping 37820
11:20:48 root         INFO     Skipping 30473
11:20:48 root         INFO     Skipping 37744
11:20:48 root         INFO     Skipping 28313
11:20:48 root         INFO     Skipping 37749
11:20:48 root         INFO     Skipping 15948
11:20:48 root         INFO     Skipping 35707
11:20:48 root         INFO     Skipping 35706
11:20:48 root         INFO     Skipping 35704
11:20:48 root         INFO     Skipping 18740
11:20:48 root         INFO     Skipping 18736
11:20:48 root         INFO     Skipping 7887
11:20:48 root         INFO     Skipping 15551
11:20:48 root         INFO     Skipping 35562
11:20:48 root         INFO     Skipping 9423
11:20:48 root         INFO     Skipping 1519
11:20:48 root         INFO     Skipping 35489
11:20:48 root         INFO     Skipping 20880
11:20:48 root         INFO     Skipping 37235
11:20:48 root         INFO     Skipping 15882
11:20:48 root         INFO     Skipping 1169
11:20:48 root         INFO     Skipping 9463
11:20:48 root         INFO     Skipping 37685
11:20:48 root         INFO     Skipping 809
11:20:48 root         INFO     Skipping 9421
11:20:48 root         INFO     Skipping 30397
11:20:48 root         INFO     Skipping 37735
11:20:48 root         INFO     Skipping 30394
11:20:48 root         INFO     Skipping 30448
11:20:48 root         INFO     Skipping 27614
11:20:48 root         INFO     Skipping 35527
11:20:48 root         INFO     Skipping 37416
11:20:48 root         INFO     Skipping 37709
11:20:48 root         INFO     Skipping 27649
11:20:48 root         INFO     Skipping 35546
11:20:48 root         INFO     Skipping 1098
11:20:48 root         INFO     Skipping 21488
11:20:48 root         INFO     Skipping 37674
11:20:48 root         INFO     Skipping 37706
11:20:48 root         INFO     Skipping 37713
11:20:48 root         INFO     Skipping 918
11:20:48 root         INFO     Skipping 24210
11:20:48 root         INFO     Skipping 37728
11:20:48 root         INFO     Skipping 35555
11:20:48 root         INFO     Skipping 35556
11:20:48 root         INFO     Skipping 892
11:20:48 root         INFO     Skipping 38045
11:20:48 root         INFO     Skipping 829
11:20:48 root         INFO     Skipping 30468
11:20:48 root         INFO     Skipping 24186
11:20:48 root         INFO     Skipping 24194
11:20:48 root         INFO     Skipping 37693
11:20:48 root         INFO     Skipping 30429
11:20:48 root         INFO     Skipping 1249
11:20:48 root         INFO     Skipping 30434
11:20:48 root         INFO     Skipping 24199
11:20:48 root         INFO     Skipping 37688
11:20:48 root         INFO     Skipping 23853
11:20:48 root         INFO     Skipping 30456
11:20:48 root         INFO     Skipping 1036
11:20:48 root         INFO     Skipping 30436
11:20:48 root         INFO     Skipping 37690
11:20:48 root         INFO     Skipping 36428
11:20:48 root         INFO     Skipping 37721
11:20:48 root         INFO     Skipping 27646
11:20:48 root         INFO     Skipping 24187
11:20:48 root         INFO     Skipping 35551
11:20:48 root         INFO     Skipping 925
11:20:48 root         INFO     Skipping 21570
11:20:48 root         INFO     Skipping 21536
11:20:48 root         INFO     Skipping 604
11:20:48 root         INFO     Skipping 21562
11:20:48 root         INFO     Skipping 21572
11:20:48 root         INFO     Skipping 17884
11:20:48 root         INFO     Skipping 235
11:20:48 root         INFO     Skipping 21487
11:20:48 root         INFO     Skipping 27644
11:20:48 root         INFO     Skipping 37722
11:20:48 root         INFO     Skipping 24175
11:20:48 root         INFO     Skipping 27637
11:20:48 root         INFO     Skipping 9424
11:20:48 root         INFO     Skipping 24181
11:20:48 root         INFO     Skipping 37676
11:20:48 root         INFO     Skipping 15912
11:20:48 root         INFO     Skipping 1004
11:20:48 root         INFO     Skipping 15922
11:20:48 root         INFO     Skipping 21523
11:20:48 root         INFO     Skipping 14489
11:20:48 root         INFO     Skipping 18756
11:20:48 root         INFO     Skipping 23549
11:20:48 root         INFO     Skipping 30414
11:20:48 root         INFO     Skipping 28735
11:20:48 root         INFO     Skipping 599
11:20:48 root         INFO     Skipping 24124
11:20:48 root         INFO     Skipping 24218
11:20:48 root         INFO     Skipping 19874
11:20:48 root         INFO     Skipping 21467
11:20:48 root         INFO     Skipping 30525
11:20:48 root         INFO     Skipping 24176
11:20:48 root         INFO     Skipping 15949
11:20:48 root         INFO     Skipping 27630
11:20:48 root         INFO     Skipping 27632
11:20:48 root         INFO     Skipping 606
11:20:48 root         INFO     Skipping 27629
11:20:48 root         INFO     Skipping 24228
11:20:48 root         INFO     Skipping 562
11:20:48 root         INFO     Skipping 21633
11:20:48 root         INFO     Skipping 24225
11:20:48 root         INFO     Skipping 18725
11:20:48 root         INFO     Skipping 21567
11:20:48 root         INFO     Skipping 27628
11:20:48 root         INFO     Skipping 12921
11:20:48 root         INFO     Skipping 47
11:20:48 root         INFO     Skipping 8101
11:20:48 root         INFO     Skipping 27936
11:20:48 root         INFO     Skipping 23089
11:20:48 root         INFO     Skipping 15911
11:20:48 root         INFO     Skipping 30472
11:20:48 root         INFO     Skipping 35703
11:20:48 root         INFO     Skipping 30475
11:20:48 root         INFO     Skipping 18739
11:20:48 root         INFO     Skipping 30378
11:20:48 root         INFO     Skipping 21
11:20:48 root         INFO     Skipping 24169
11:20:48 root         INFO     Skipping 27616
11:20:48 root         INFO     Skipping 546
11:20:48 root         INFO     Skipping 125
11:20:48 root         INFO     Skipping 432
11:20:48 root         INFO     Skipping 23572
11:20:48 root         INFO     Skipping 1
11:20:48 root         INFO     Skipping 10
11:20:48 root         INFO     Skipping 106
11:20:48 root         INFO     Skipping 804
11:20:48 root         INFO     Skipping 697
11:20:48 root         INFO     Skipping 37667
11:20:48 root         INFO     Skipping 24234
11:20:48 root         INFO     Skipping 34781
11:20:48 root         INFO     Skipping 44
11:20:48 root         INFO     Skipping 2434
11:20:48 root         INFO     Skipping 7307
11:20:48 root         INFO     Skipping 7280
11:20:48 root         INFO     Skipping 14197
11:20:48 root         INFO     Skipping 6929
11:20:48 root         INFO     Skipping 24223
11:20:48 root         INFO     Skipping 30412
11:20:48 root         INFO     Skipping 21230
11:20:48 root         INFO     Skipping 7124
11:20:48 root         INFO     Skipping 7516
11:20:48 root         INFO     Skipping 9231
11:20:48 root         INFO     Skipping 13222
11:20:48 root         INFO     Skipping 24928
11:20:48 root         INFO     Skipping 14466
11:20:48 root         INFO     Skipping 19685
11:20:48 root         INFO     Skipping 14008
11:20:48 root         INFO     Skipping 20480
11:20:48 root         INFO     Skipping 7126
11:20:48 root         INFO     Skipping 15792
11:20:48 root         INFO     Skipping 27571
11:20:48 root         INFO     Skipping 19109
11:20:48 root         INFO     Skipping 14066
11:20:48 root         INFO     Skipping 7103
11:20:48 root         INFO     Skipping 13479
11:20:48 root         INFO     Skipping 13475
11:20:48 root         INFO     Skipping 24237
11:20:48 root         INFO     Skipping 28365
11:20:48 root         INFO     Skipping 7118
11:20:48 root         INFO     Skipping 19909
11:20:48 root         INFO     Skipping 13664
11:20:48 root         INFO     Skipping 13467
11:20:48 root         INFO     Skipping 18743
11:20:48 root         INFO     Skipping 19881
11:20:48 root         INFO     Skipping 6970
11:20:48 root         INFO     Skipping 7286
11:20:48 root         INFO     Skipping 14047
11:20:48 root         INFO     Skipping 35569
11:20:48 root         INFO     Skipping 37741
11:20:48 root         INFO     Skipping 37697
11:20:48 root         INFO     Skipping 1453
11:20:48 root         INFO     Skipping 18818
11:20:48 root         INFO     Skipping 37745
11:20:48 root         INFO     Skipping 18836
11:20:48 root         INFO     Skipping 37441
11:20:48 root         INFO     Skipping 24207
11:20:48 root         INFO     Skipping 1483
11:20:48 root         INFO     Skipping 30395
11:20:48 root         INFO     Skipping 30432
11:20:48 root         INFO     Skipping 36969
11:20:48 root         INFO     Skipping 21533
11:20:48 root         INFO     Skipping 1352
11:20:48 root         INFO     Skipping 30390
11:20:48 root         INFO     Skipping 1149
11:20:48 root         INFO     Skipping 24202
11:20:48 root         INFO     Skipping 30389
11:20:48 root         INFO     Skipping 15891
11:20:48 root         INFO     Skipping 14488
11:20:48 root         INFO     Skipping 30528
11:20:48 root         INFO     Skipping 27597
11:20:48 root         INFO     Skipping 37737
11:20:48 root         INFO     Skipping 1557
11:20:48 root         INFO     Skipping 27609
11:20:48 root         INFO     Skipping 900
11:20:48 root         INFO     Skipping 21527
11:20:48 root         INFO     Skipping 1479
11:20:48 root         INFO     Skipping 30387
11:20:48 root         INFO     Skipping 980
11:20:48 root         INFO     Skipping 37703
11:20:48 root         INFO     Skipping 15304
11:20:48 root         INFO     Skipping 14781
11:20:48 root         INFO     Skipping 15528
11:20:48 root         INFO     Skipping 25120
11:20:48 root         INFO     Skipping 33803
11:20:48 root         INFO     Skipping 20476
11:20:48 root         INFO     Skipping 27502
11:20:48 root         INFO     Skipping 13456
11:20:48 root         INFO     Skipping 27390
11:20:48 root         INFO     Skipping 15813
11:20:48 root         INFO     Skipping 7320
11:20:48 root         INFO     Skipping 20668
11:20:48 root         INFO     Skipping 38937
11:20:48 root         INFO     Skipping 37417
11:20:48 root         INFO     Skipping 13038
11:20:48 root         INFO     Skipping 6932
11:20:48 root         INFO     Skipping 14978
11:20:48 root         INFO     Skipping 17045
11:20:48 root         INFO     Skipping 22385
11:20:48 root         INFO     Skipping 7853
11:20:48 root         INFO     Skipping 14026
11:20:48 root         INFO     Skipping 14923
11:20:48 root         INFO     Skipping 7288
11:20:48 root         INFO     Skipping 7538
11:20:48 root         INFO     Skipping 13451
11:20:48 root         INFO     Skipping 25009
11:20:48 root         INFO     Skipping 9452
11:20:48 root         INFO     Skipping 20118
11:20:48 root         INFO     Skipping 20475
11:20:48 root         INFO     Skipping 14602
11:20:48 root         INFO     Skipping 7291
11:20:48 root         INFO     Skipping 13457
11:20:48 root         INFO     Skipping 7345
11:20:48 root         INFO     Skipping 35752
11:20:48 root         INFO     Skipping 31489
11:20:48 root         INFO     Skipping 15674
11:20:48 root         INFO     Skipping 31189
11:20:48 root         INFO     Skipping 20084
11:20:48 root         INFO     Skipping 16020
11:20:48 root         INFO     Skipping 2009
11:20:48 root         INFO     Skipping 1773
11:20:48 root         INFO     Skipping 7337
11:20:48 root         INFO     Skipping 14910
11:20:48 root         INFO     Skipping 7339
11:20:48 root         INFO     Skipping 24976
11:20:48 root         INFO     Skipping 30360
11:20:48 root         INFO     Skipping 24315
11:20:48 root         INFO     Skipping 30361
11:20:48 root         INFO     Skipping 30358
11:20:48 root         INFO     Skipping 37191
11:20:48 root         INFO     Skipping 3129
11:20:48 root         INFO     Skipping 3052
11:20:48 root         INFO     Skipping 37932
11:20:48 root         INFO     Skipping 3125
11:20:48 root         INFO     Skipping 3109
11:20:48 root         INFO     Skipping 20056
11:20:48 root         INFO     Skipping 37778
11:20:48 root         INFO     Skipping 35587
11:20:48 root         INFO     Skipping 28452
11:20:48 root         INFO     Skipping 3320
11:20:48 root         INFO     Skipping 30367
11:20:48 root         INFO     Skipping 3048
11:20:48 root         INFO     Skipping 3072
11:20:48 root         INFO     Skipping 38049
11:20:48 root         INFO     Skipping 30366
11:20:48 root         INFO     Skipping 30368
11:20:48 root         INFO     Skipping 27956
11:20:48 root         INFO     Skipping 15709
11:20:48 root         INFO     Skipping 38047
11:20:48 root         INFO     Skipping 3137
11:20:48 root         INFO     Skipping 3085
11:20:48 root         INFO     Skipping 2042
11:20:48 root         INFO     Skipping 3064
11:20:48 root         INFO     Skipping 3286
11:20:48 root         INFO     Skipping 30362
11:20:48 root         INFO     Skipping 3309
11:20:48 root         INFO     Skipping 37826
11:20:48 root         INFO     Skipping 4972
11:20:48 root         INFO     Skipping 15790
11:20:48 root         INFO     Skipping 18747
11:20:48 root         INFO     Skipping 22401
11:20:48 root         INFO     Skipping 18711
11:20:48 root         INFO     Skipping 3123
11:20:48 root         INFO     Skipping 3296
11:20:48 root         INFO     Skipping 30617
11:20:48 root         INFO     Skipping 19614
11:20:48 root         INFO     Skipping 23295
11:20:48 root         INFO     Skipping 35818
11:20:48 root         INFO     Skipping 7531
11:20:48 root         INFO     Skipping 19559
11:20:48 root         INFO     Skipping 26784
11:20:48 root         INFO     Skipping 25775
11:20:48 root         INFO     Skipping 27321
11:20:48 root         INFO     Skipping 7234
11:20:48 root         INFO     Skipping 6914
11:20:48 root         INFO     Skipping 38455
11:20:48 root         INFO     Skipping 18113
11:20:48 root         INFO     Skipping 39880
11:20:48 root         INFO     Skipping 22565
11:20:48 root         INFO     Skipping 27877
11:20:48 root         INFO     Skipping 23176
11:20:48 root         INFO     Skipping 20510
11:20:48 root         INFO     Skipping 22316
11:20:48 root         INFO     Skipping 20813
11:20:48 root         INFO     Skipping 21209
11:20:48 root         INFO     Skipping 17932
11:20:48 root         INFO     Skipping 6002
11:20:48 root         INFO     Skipping 2505
11:20:48 root         INFO     Skipping 2000
11:20:48 root         INFO     Skipping 38458
11:20:48 root         INFO     Skipping 23099
11:20:48 root         INFO     Skipping 18560
11:20:48 root         INFO     Skipping 13255
11:20:48 root         INFO     Skipping 20676
11:20:48 root         INFO     Skipping 25743
11:20:48 root         INFO     Skipping 17989
11:20:48 root         INFO     Skipping 21452
11:20:48 root         INFO     Skipping 17224
11:20:48 root         INFO     Skipping 25875
11:20:48 root         INFO     Skipping 3486
11:20:48 root         INFO     Skipping 15377
11:20:48 root         INFO     Skipping 3418
11:20:48 root         INFO     Skipping 3492
11:20:48 root         INFO     Skipping 17990
11:20:48 root         INFO     Skipping 27184
11:20:48 root         INFO     Skipping 39590
11:20:48 root         INFO     Skipping 30767
11:20:48 root         INFO     Skipping 15022
11:20:48 root         INFO     Skipping 21452
11:20:48 root         INFO     Skipping 37309
11:20:48 root         INFO     Skipping 25730
11:20:48 root         INFO     Skipping 18418
11:20:48 root         INFO     Skipping 17928
11:20:48 root         INFO     Skipping 13173
11:20:48 root         INFO     Skipping 17987
11:20:48 root         INFO     Skipping 33659
11:20:48 root         INFO     Skipping 17978
11:20:48 root         INFO     Skipping 30572
11:20:48 root         INFO     Skipping 19068
11:20:48 root         INFO     Skipping 13174
11:20:48 root         INFO     Skipping 30040
11:20:48 root         INFO     Driver opened url https://www.broadridge.com/press-hub: 0.5 second load started
11:20:50 root         INFO     Driver opened url https://www.broadridge.com/press-release/2025/broadridge-enhances-nyfix-matching-solution-with-symphony-messaging: 0.5 second load started
11:20:51 root         INFO     LEDE: [testlede] month: [Feb.] day: [4]
11:20:51 root         INFO     
ADDING: FILENAME: [testfilename  Messaging] TITLE: [Broadridge Enhances NYFIX Matching Solution with Symphony Messaging] DATE: [2025-02-04] ID [25741]

11:20:51 root         ERROR    Attempt 1 failed: Message: Reached error page: about:neterror?e=dnsNotFound&u=https%3A//www.broadridge.comhttps//www.broadridge-ir.com/news/news-details/2025/Broadridge-Reports-Second-Quarter-Fiscal-2025-Results/default.aspx&c=UTF-8&d=We%20can%E2%80%99t%20connect%20to%20the%20server%20at%20www.broadridge.comhttps.
Stacktrace:
RemoteError@chrome://remote/content/shared/RemoteError.sys.mjs:8:8
WebDriverError@chrome://remote/content/shared/webdriver/Errors.sys.mjs:193:5
UnknownError@chrome://remote/content/shared/webdriver/Errors.sys.mjs:832:5
checkReadyState@chrome://remote/content/marionette/navigate.sys.mjs:58:24
onNavigation@chrome://remote/content/marionette/navigate.sys.mjs:344:39
emit@resource://gre/modules/EventEmitter.sys.mjs:148:20
receiveMessage@chrome://remote/content/marionette/actors/MarionetteEventsParent.sys.mjs:33:25
. Retrying in 2.77 seconds...
11:20:54 root         ERROR    Attempt 2 failed: Message: Reached error page: about:neterror?e=dnsNotFound&u=https%3A//www.broadridge.comhttps//www.broadridge-ir.com/news/news-details/2025/Broadridge-Reports-Second-Quarter-Fiscal-2025-Results/default.aspx&c=UTF-8&d=We%20can%E2%80%99t%20connect%20to%20the%20server%20at%20www.broadridge.comhttps.
Stacktrace:
RemoteError@chrome://remote/content/shared/RemoteError.sys.mjs:8:8
WebDriverError@chrome://remote/content/shared/webdriver/Errors.sys.mjs:193:5
UnknownError@chrome://remote/content/shared/webdriver/Errors.sys.mjs:832:5
checkReadyState@chrome://remote/content/marionette/navigate.sys.mjs:58:24
onNavigation@chrome://remote/content/marionette/navigate.sys.mjs:344:39
emit@resource://gre/modules/EventEmitter.sys.mjs:148:20
receiveMessage@chrome://remote/content/marionette/actors/MarionetteEventsParent.sys.mjs:33:25
. Retrying in 4.78 seconds...
11:20:59 root         ERROR    Attempt 3 failed: Message: Reached error page: about:neterror?e=dnsNotFound&u=https%3A//www.broadridge.comhttps//www.broadridge-ir.com/news/news-details/2025/Broadridge-Reports-Second-Quarter-Fiscal-2025-Results/default.aspx&c=UTF-8&d=We%20can%E2%80%99t%20connect%20to%20the%20server%20at%20www.broadridge.comhttps.
Stacktrace:
RemoteError@chrome://remote/content/shared/RemoteError.sys.mjs:8:8
WebDriverError@chrome://remote/content/shared/webdriver/Errors.sys.mjs:193:5
UnknownError@chrome://remote/content/shared/webdriver/Errors.sys.mjs:832:5
checkReadyState@chrome://remote/content/marionette/navigate.sys.mjs:58:24
onNavigation@chrome://remote/content/marionette/navigate.sys.mjs:344:39
emit@resource://gre/modules/EventEmitter.sys.mjs:148:20
receiveMessage@chrome://remote/content/marionette/actors/MarionetteEventsParent.sys.mjs:33:25
. Retrying in 8.12 seconds...
11:21:07 root         ERROR    All retries failed, skipping url
11:21:07 root         INFO     Scrape errors found during run:
11:21:07 root         INFO     []
11:21:07 root         INFO     End of file message
11:21:07 root         INFO     

Load Version 2.1.0 02/04/2025
       Docs Loaded: 1
       URLS processed: 1
       DUPS skipped: 0
       No Ledes found: 0

Passed Parameters:
       Pull House and Senate: False
       Number of days back: 30
       Start Time: 2025-02-05 11:20:43
       End Time: 2025-02-05 11:21:07
       Elapsed Time: 0:00:23
       Character Minimum Amount: 100

Errors:
Docs:
	Loaded:
		25741: Broadridge Enhances NYFIX Matching Solution with Symphony Messaging
