22:37:23 root         INFO     Skipping 27599
22:37:23 root         INFO     Skipping 30449
22:37:23 root         INFO     Skipping 14315
22:37:23 root         INFO     Skipping 7566
22:37:23 root         INFO     Skipping 804
22:37:23 root         INFO     Skipping 12106
22:37:23 root         INFO     Skipping 8034
22:37:23 root         INFO     Skipping 7901
22:37:23 root         INFO     Skipping 20157
22:37:23 root         INFO     Skipping 6950
22:37:23 root         INFO     Skipping 15026
22:37:23 root         INFO     Skipping 19993
22:37:23 root         INFO     Skipping 21569
22:37:23 root         INFO     Skipping 23030
22:37:23 root         INFO     Skipping 206
22:37:23 root         INFO     Skipping 16046
22:37:23 root         INFO     Skipping 16140
22:37:23 root         INFO     Skipping 16037
22:37:23 root         INFO     Skipping 43
22:37:23 root         INFO     Skipping 225
22:37:23 root         INFO     Skipping 37711
22:37:23 root         INFO     Skipping 34699
22:37:23 root         INFO     Skipping 19021
22:37:23 root         INFO     Skipping 18495
22:37:23 root         INFO     Skipping 222
22:37:23 root         INFO     Skipping 5602
22:37:23 root         INFO     Skipping 16027
22:37:23 root         INFO     Skipping 21499
22:37:23 root         INFO     Skipping 2698
22:37:23 root         INFO     Skipping 27867
22:37:23 root         INFO     Skipping 24224
22:37:23 root         INFO     Skipping 21563
22:37:23 root         INFO     Skipping 24227
22:37:23 root         INFO     Skipping 17224
22:37:23 root         INFO     Skipping 219
22:37:23 root         INFO     Skipping 23814
22:37:23 root         INFO     Skipping 15376
22:37:23 root         INFO     Skipping 19286
22:37:23 root         INFO     Skipping 28048
22:37:23 root         INFO     Skipping 543
22:37:23 root         INFO     Skipping 24233
22:37:23 root         INFO     Skipping 18735
22:37:23 root         INFO     Skipping 1066
22:37:23 root         INFO     Skipping 37680
22:37:23 root         INFO     Skipping 691
22:37:23 root         INFO     Skipping 677
22:37:23 root         INFO     Skipping 20141
22:37:23 root         INFO     Skipping 36151
22:37:23 root         INFO     Skipping 20319
22:37:23 root         INFO     Skipping 12400
22:37:23 root         INFO     Skipping 127
22:37:23 root         INFO     Skipping 20792
22:37:23 root         INFO     Skipping 17104
22:37:23 root         INFO     Skipping 24344
22:37:23 root         INFO     Skipping 19546
22:37:23 root         INFO     Skipping 15565
22:37:23 root         INFO     Skipping 13359
22:37:23 root         INFO     Skipping 17922
22:37:23 root         INFO     Skipping 22481
22:37:23 root         INFO     Skipping 20138
22:37:23 root         INFO     Skipping 119
22:37:23 root         INFO     Skipping 21188
22:37:23 root         INFO     Skipping 3016
22:37:23 root         INFO     Skipping 21525
22:37:23 root         INFO     Skipping 37694
22:37:23 root         INFO     Skipping 18710
22:37:23 root         INFO     Skipping 29332
22:37:23 root         INFO     Skipping 23100
22:37:23 root         INFO     Skipping 37725
22:37:23 root         INFO     Skipping 15633
22:37:23 root         INFO     Skipping 948
22:37:23 root         INFO     Skipping 30993
22:37:23 root         INFO     Skipping 22221
22:37:23 root         INFO     Skipping 22654
22:37:23 root         INFO     Skipping 35809
22:37:23 root         INFO     Skipping 35576
22:37:23 root         INFO     Skipping 37408
22:37:23 root         INFO     Skipping 7844
22:37:23 root         INFO     Skipping 20
22:37:23 root         INFO     Skipping 8022
22:37:23 root         INFO     Skipping 8032
22:37:23 root         INFO     Skipping 20605
22:37:23 root         INFO     Skipping 7838
22:37:23 root         INFO     Skipping 21497
22:37:23 root         INFO     Skipping 35572
22:37:23 root         INFO     Skipping 30425
22:37:23 root         INFO     Skipping 35517
22:37:23 root         INFO     Skipping 35524
22:37:23 root         INFO     Skipping 21522
22:37:23 root         INFO     Skipping 1325
22:37:23 root         INFO     Skipping 1079
22:37:23 root         INFO     Skipping 6973
22:37:23 root         INFO     Skipping 37495
22:37:23 root         INFO     Skipping 30405
22:37:23 root         INFO     Skipping 18767
22:37:23 root         INFO     Skipping 21521
22:37:23 root         INFO     Skipping 921
22:37:23 root         INFO     Skipping 27602
22:37:23 root         INFO     Skipping 21335
22:37:23 root         INFO     Skipping 30444
22:37:23 root         INFO     Skipping 1363
22:37:23 root         INFO     Skipping 9488
22:37:23 root         INFO     Skipping 24230
22:37:23 root         INFO     Skipping 2696
22:37:23 root         INFO     Skipping 37705
22:37:23 root         INFO     Skipping 33752
22:37:23 root         INFO     Skipping 37731
22:37:23 root         INFO     Skipping 37740
22:37:23 root         INFO     Skipping 9427
22:37:23 root         INFO     Skipping 19880
22:37:23 root         INFO     Skipping 632
22:37:23 root         INFO     Skipping 39007
22:37:23 root         INFO     Skipping 551
22:37:23 root         INFO     Skipping 37304
22:37:23 root         INFO     Skipping 20115
22:37:23 root         INFO     Skipping 13362
22:37:23 root         INFO     Skipping 7333
22:37:23 root         INFO     Skipping 21423
22:37:23 root         INFO     Skipping 17653
22:37:23 root         INFO     Skipping 21152
22:37:23 root         INFO     Skipping 16031
22:37:23 root         INFO     Skipping 27074
22:37:23 root         INFO     Skipping 255
22:37:23 root         INFO     Skipping 431
22:37:23 root         INFO     Skipping 19290
22:37:23 root         INFO     Skipping 33954
22:37:23 root         INFO     Skipping 22921
22:37:23 root         INFO     Skipping 26556
22:37:23 root         INFO     Skipping 167
22:37:23 root         INFO     Skipping 15884
22:37:23 root         INFO     Skipping 30382
22:37:23 root         INFO     Skipping 30450
22:37:23 root         INFO     Skipping 27626
22:37:23 root         INFO     Skipping 37748
22:37:23 root         INFO     Skipping 715
22:37:23 root         INFO     Skipping 18734
22:37:23 root         INFO     Skipping 9485
22:37:23 root         INFO     Skipping 24231
22:37:23 root         INFO     Skipping 6221
22:37:23 root         INFO     Skipping 15392
22:37:23 root         INFO     Skipping 14466
22:37:23 root         INFO     Skipping 15025
22:37:23 root         INFO     Skipping 19760
22:37:23 root         INFO     Skipping 37095
22:37:23 root         INFO     Skipping 13863
22:37:23 root         INFO     Skipping 7355
22:37:23 root         INFO     Skipping 8042
22:37:23 root         INFO     Skipping 23802
22:37:23 root         INFO     Skipping 282
22:37:23 root         INFO     Skipping 7316
22:37:23 root         INFO     Skipping 16040
22:37:23 root         INFO     Skipping 7922
22:37:23 root         INFO     Skipping 16041
22:37:23 root         INFO     Skipping 28101
22:37:23 root         INFO     Skipping 3410
22:37:23 root         INFO     Skipping 7121
22:37:23 root         INFO     Skipping 17116
22:37:23 root         INFO     Skipping 20034
22:37:23 root         INFO     Skipping 6918
22:37:23 root         INFO     Skipping 22037
22:37:23 root         INFO     Skipping 14373
22:37:23 root         INFO     Skipping 13794
22:37:23 root         INFO     Skipping 13964
22:37:23 root         INFO     Skipping 6930
22:37:23 root         INFO     Skipping 19978
22:37:23 root         INFO     Skipping 14069
22:37:23 root         INFO     Skipping 14111
22:37:23 root         INFO     Skipping 6931
22:37:23 root         INFO     Skipping 14021
22:37:23 root         INFO     Skipping 37180
22:37:23 root         INFO     Skipping 35130
22:37:23 root         INFO     Skipping 19684
22:37:23 root         INFO     Skipping 28292
22:37:23 root         INFO     Skipping 30335
22:37:23 root         INFO     Skipping 14867
22:37:23 root         INFO     Skipping 23669
22:37:23 root         INFO     Skipping 6793
22:37:23 root         INFO     Skipping 15440
22:37:23 root         INFO     Skipping 23588
22:37:23 root         INFO     Skipping 10156
22:37:23 root         INFO     Skipping 30046
22:37:23 root         INFO     Skipping 39476
22:37:23 root         INFO     Skipping 37727
22:37:23 root         INFO     Skipping 33096
22:37:23 root         INFO     Skipping 32423
22:37:23 root         INFO     Skipping 30658
22:37:23 root         INFO     Skipping 19870
22:37:23 root         INFO     Skipping 15962
22:37:23 root         INFO     Skipping 702
22:37:23 root         INFO     Skipping 30435
22:37:23 root         INFO     Skipping 9445
22:37:23 root         INFO     Skipping 24173
22:37:23 root         INFO     Skipping 35554
22:37:23 root         INFO     Skipping 18733
22:37:23 root         INFO     Skipping 3962
22:37:23 root         INFO     Skipping 26659
22:37:23 root         INFO     Skipping 32135
22:37:23 root         INFO     Skipping 27843
22:37:23 root         INFO     Skipping 17658
22:37:23 root         INFO     Skipping 27186
22:37:23 root         INFO     Skipping 6922
22:37:23 root         INFO     Skipping 7317
22:37:23 root         INFO     Skipping 37607
22:37:23 root         INFO     Skipping 19748
22:37:23 root         INFO     Skipping 14979
22:37:23 root         INFO     Skipping 28256
22:37:23 root         INFO     Skipping 15000
22:37:23 root         INFO     Skipping 15725
22:37:23 root         INFO     Skipping 21561
22:37:23 root         INFO     Skipping 23098
22:37:23 root         INFO     Skipping 30469
22:37:23 root         INFO     Skipping 37819
22:37:23 root         INFO     Skipping 27605
22:37:23 root         INFO     Skipping 24799
22:37:23 root         INFO     Skipping 35571
22:37:23 root         INFO     Skipping 18750
22:37:23 root         INFO     Skipping 21564
22:37:23 root         INFO     Skipping 695
22:37:23 root         INFO     Skipping 619
22:37:23 root         INFO     Skipping 21566
22:37:23 root         INFO     Skipping 18746
22:37:23 root         INFO     Skipping 30470
22:37:23 root         INFO     Skipping 37747
22:37:23 root         INFO     Skipping 35726
22:37:23 root         INFO     Skipping 35708
22:37:23 root         INFO     Skipping 35705
22:37:23 root         INFO     Skipping 35727
22:37:23 root         INFO     Skipping 37743
22:37:23 root         INFO     Skipping 24229
22:37:23 root         INFO     Skipping 37748
22:37:23 root         INFO     Skipping 19879
22:37:23 root         INFO     Skipping 717
22:37:23 root         INFO     Skipping 35728
22:37:23 root         INFO     Skipping 37820
22:37:23 root         INFO     Skipping 30473
22:37:23 root         INFO     Skipping 37744
22:37:23 root         INFO     Skipping 28313
22:37:23 root         INFO     Skipping 37749
22:37:23 root         INFO     Skipping 15948
22:37:23 root         INFO     Skipping 35707
22:37:23 root         INFO     Skipping 35706
22:37:23 root         INFO     Skipping 35704
22:37:23 root         INFO     Skipping 18740
22:37:23 root         INFO     Skipping 18736
22:37:23 root         INFO     Skipping 7887
22:37:23 root         INFO     Skipping 15551
22:37:23 root         INFO     Skipping 35562
22:37:23 root         INFO     Skipping 9423
22:37:23 root         INFO     Skipping 1519
22:37:23 root         INFO     Skipping 35489
22:37:23 root         INFO     Skipping 20880
22:37:23 root         INFO     Skipping 37235
22:37:23 root         INFO     Skipping 15882
22:37:23 root         INFO     Skipping 1169
22:37:23 root         INFO     Skipping 9463
22:37:23 root         INFO     Skipping 37685
22:37:23 root         INFO     Skipping 809
22:37:23 root         INFO     Skipping 9421
22:37:23 root         INFO     Skipping 30397
22:37:23 root         INFO     Skipping 37735
22:37:23 root         INFO     Skipping 30394
22:37:23 root         INFO     Skipping 30448
22:37:23 root         INFO     Skipping 27614
22:37:23 root         INFO     Skipping 35527
22:37:23 root         INFO     Skipping 37416
22:37:23 root         INFO     Skipping 37709
22:37:23 root         INFO     Skipping 27649
22:37:23 root         INFO     Skipping 35546
22:37:23 root         INFO     Skipping 1098
22:37:23 root         INFO     Skipping 21488
22:37:23 root         INFO     Skipping 37674
22:37:23 root         INFO     Skipping 37706
22:37:23 root         INFO     Skipping 37713
22:37:23 root         INFO     Skipping 918
22:37:23 root         INFO     Skipping 24210
22:37:23 root         INFO     Skipping 37728
22:37:23 root         INFO     Skipping 35555
22:37:23 root         INFO     Skipping 35556
22:37:23 root         INFO     Skipping 892
22:37:23 root         INFO     Skipping 38045
22:37:23 root         INFO     Skipping 829
22:37:23 root         INFO     Skipping 30468
22:37:23 root         INFO     Skipping 24186
22:37:23 root         INFO     Skipping 24194
22:37:23 root         INFO     Skipping 37693
22:37:23 root         INFO     Skipping 30429
22:37:23 root         INFO     Skipping 1249
22:37:23 root         INFO     Skipping 30434
22:37:23 root         INFO     Skipping 24199
22:37:23 root         INFO     Skipping 37688
22:37:23 root         INFO     Skipping 23853
22:37:23 root         INFO     Skipping 30456
22:37:23 root         INFO     Skipping 1036
22:37:23 root         INFO     Skipping 30436
22:37:23 root         INFO     Skipping 37690
22:37:23 root         INFO     Skipping 36428
22:37:23 root         INFO     Skipping 37721
22:37:23 root         INFO     Skipping 27646
22:37:23 root         INFO     Skipping 24187
22:37:23 root         INFO     Skipping 35551
22:37:23 root         INFO     Skipping 925
22:37:23 root         INFO     Skipping 21570
22:37:23 root         INFO     Skipping 21536
22:37:23 root         INFO     Skipping 604
22:37:23 root         INFO     Skipping 21562
22:37:23 root         INFO     Skipping 21572
22:37:23 root         INFO     Skipping 17884
22:37:23 root         INFO     Skipping 235
22:37:23 root         INFO     Skipping 21487
22:37:23 root         INFO     Skipping 27644
22:37:23 root         INFO     Skipping 37722
22:37:23 root         INFO     Skipping 24175
22:37:23 root         INFO     Skipping 27637
22:37:23 root         INFO     Skipping 9424
22:37:23 root         INFO     Skipping 24181
22:37:23 root         INFO     Skipping 37676
22:37:23 root         INFO     Skipping 15912
22:37:23 root         INFO     Skipping 1004
22:37:23 root         INFO     Skipping 15922
22:37:23 root         INFO     Skipping 21523
22:37:23 root         INFO     Skipping 14489
22:37:23 root         INFO     Skipping 18756
22:37:23 root         INFO     Skipping 23549
22:37:23 root         INFO     Skipping 30414
22:37:23 root         INFO     Skipping 28735
22:37:23 root         INFO     Skipping 599
22:37:23 root         INFO     Skipping 24124
22:37:23 root         INFO     Skipping 24218
22:37:23 root         INFO     Skipping 19874
22:37:23 root         INFO     Skipping 21467
22:37:23 root         INFO     Skipping 30525
22:37:23 root         INFO     Skipping 24176
22:37:23 root         INFO     Skipping 15949
22:37:23 root         INFO     Skipping 27630
22:37:23 root         INFO     Skipping 27632
22:37:23 root         INFO     Skipping 606
22:37:23 root         INFO     Skipping 27629
22:37:23 root         INFO     Skipping 24228
22:37:23 root         INFO     Skipping 562
22:37:23 root         INFO     Skipping 21633
22:37:23 root         INFO     Skipping 24225
22:37:23 root         INFO     Skipping 18725
22:37:23 root         INFO     Skipping 21567
22:37:23 root         INFO     Skipping 27628
22:37:23 root         INFO     Skipping 12921
22:37:23 root         INFO     Skipping 47
22:37:23 root         INFO     Skipping 8101
22:37:23 root         INFO     Skipping 27936
22:37:23 root         INFO     Skipping 23089
22:37:23 root         INFO     Skipping 15911
22:37:23 root         INFO     Skipping 30472
22:37:23 root         INFO     Skipping 35703
22:37:23 root         INFO     Skipping 30475
22:37:23 root         INFO     Skipping 18739
22:37:23 root         INFO     Skipping 30378
22:37:23 root         INFO     Skipping 21
22:37:23 root         INFO     Skipping 24169
22:37:23 root         INFO     Skipping 27616
22:37:23 root         INFO     Skipping 546
22:37:23 root         INFO     Skipping 125
22:37:23 root         INFO     Skipping 432
22:37:23 root         INFO     Skipping 23572
22:37:23 root         INFO     Skipping 1
22:37:23 root         INFO     Skipping 10
22:37:23 root         INFO     Skipping 106
22:37:23 root         INFO     Skipping 804
22:37:23 root         INFO     Skipping 697
22:37:23 root         INFO     Skipping 37667
22:37:23 root         INFO     Skipping 24234
22:37:23 root         INFO     Skipping 34781
22:37:23 root         INFO     Skipping 44
22:37:23 root         INFO     Skipping 2434
22:37:23 root         INFO     Skipping 7307
22:37:23 root         INFO     Skipping 7280
22:37:23 root         INFO     Skipping 14197
22:37:23 root         INFO     Skipping 6929
22:37:23 root         INFO     Skipping 24223
22:37:23 root         INFO     Skipping 30412
22:37:23 root         INFO     Skipping 21230
22:37:23 root         INFO     Skipping 7124
22:37:23 root         INFO     Skipping 7516
22:37:23 root         INFO     Skipping 9231
22:37:23 root         INFO     Skipping 13222
22:37:23 root         INFO     Skipping 24928
22:37:23 root         INFO     Skipping 14466
22:37:23 root         INFO     Skipping 19685
22:37:23 root         INFO     Skipping 14008
22:37:23 root         INFO     Skipping 20480
22:37:23 root         INFO     Skipping 7126
22:37:23 root         INFO     Skipping 15792
22:37:23 root         INFO     Skipping 27571
22:37:23 root         INFO     Skipping 19109
22:37:23 root         INFO     Skipping 14066
22:37:23 root         INFO     Skipping 7103
22:37:23 root         INFO     Skipping 13479
22:37:23 root         INFO     Skipping 13475
22:37:23 root         INFO     Skipping 24237
22:37:23 root         INFO     Skipping 28365
22:37:23 root         INFO     Skipping 7118
22:37:23 root         INFO     Skipping 19909
22:37:23 root         INFO     Skipping 13664
22:37:23 root         INFO     Skipping 13467
22:37:23 root         INFO     Skipping 18743
22:37:23 root         INFO     Skipping 19881
22:37:23 root         INFO     Skipping 6970
22:37:23 root         INFO     Skipping 7286
22:37:23 root         INFO     Skipping 14047
22:37:23 root         INFO     Skipping 35569
22:37:23 root         INFO     Skipping 37741
22:37:23 root         INFO     Skipping 37697
22:37:23 root         INFO     Skipping 1453
22:37:23 root         INFO     Skipping 18818
22:37:23 root         INFO     Skipping 37745
22:37:23 root         INFO     Skipping 18836
22:37:23 root         INFO     Skipping 37441
22:37:23 root         INFO     Skipping 24207
22:37:23 root         INFO     Skipping 1483
22:37:23 root         INFO     Skipping 30395
22:37:23 root         INFO     Skipping 30432
22:37:23 root         INFO     Skipping 36969
22:37:23 root         INFO     Skipping 21533
22:37:23 root         INFO     Skipping 1352
22:37:23 root         INFO     Skipping 30390
22:37:23 root         INFO     Skipping 1149
22:37:23 root         INFO     Skipping 24202
22:37:23 root         INFO     Skipping 30389
22:37:23 root         INFO     Skipping 15891
22:37:23 root         INFO     Skipping 14488
22:37:23 root         INFO     Skipping 30528
22:37:23 root         INFO     Skipping 27597
22:37:23 root         INFO     Skipping 37737
22:37:23 root         INFO     Skipping 1557
22:37:23 root         INFO     Skipping 27609
22:37:23 root         INFO     Skipping 900
22:37:23 root         INFO     Skipping 21527
22:37:23 root         INFO     Skipping 1479
22:37:23 root         INFO     Skipping 30387
22:37:23 root         INFO     Skipping 980
22:37:23 root         INFO     Skipping 37703
22:37:23 root         INFO     Skipping 15304
22:37:23 root         INFO     Skipping 14781
22:37:23 root         INFO     Skipping 15528
22:37:23 root         INFO     Skipping 25120
22:37:23 root         INFO     Skipping 33803
22:37:23 root         INFO     Skipping 20476
22:37:23 root         INFO     Skipping 27502
22:37:23 root         INFO     Skipping 13456
22:37:23 root         INFO     Skipping 27390
22:37:23 root         INFO     Skipping 15813
22:37:23 root         INFO     Skipping 7320
22:37:23 root         INFO     Skipping 20668
22:37:23 root         INFO     Skipping 38937
22:37:23 root         INFO     Skipping 37417
22:37:23 root         INFO     Skipping 13038
22:37:23 root         INFO     Skipping 6932
22:37:23 root         INFO     Skipping 14978
22:37:23 root         INFO     Skipping 17045
22:37:23 root         INFO     Skipping 22385
22:37:23 root         INFO     Skipping 7853
22:37:23 root         INFO     Skipping 14026
22:37:23 root         INFO     Skipping 14923
22:37:23 root         INFO     Skipping 7288
22:37:23 root         INFO     Skipping 7538
22:37:23 root         INFO     Skipping 13451
22:37:23 root         INFO     Skipping 25009
22:37:23 root         INFO     Skipping 9452
22:37:23 root         INFO     Skipping 20118
22:37:23 root         INFO     Skipping 20475
22:37:23 root         INFO     Skipping 14602
22:37:23 root         INFO     Skipping 7291
22:37:23 root         INFO     Skipping 13457
22:37:23 root         INFO     Skipping 7345
22:37:23 root         INFO     Skipping 35752
22:37:23 root         INFO     Skipping 31489
22:37:23 root         INFO     Skipping 15674
22:37:23 root         INFO     Skipping 31189
22:37:23 root         INFO     Skipping 20084
22:37:23 root         INFO     Skipping 16020
22:37:23 root         INFO     Skipping 2009
22:37:23 root         INFO     Skipping 1773
22:37:23 root         INFO     Skipping 7337
22:37:23 root         INFO     Skipping 14910
22:37:23 root         INFO     Skipping 7339
22:37:23 root         INFO     Skipping 24976
22:37:23 root         INFO     Skipping 30360
22:37:23 root         INFO     Skipping 24315
22:37:23 root         INFO     Skipping 30361
22:37:23 root         INFO     Skipping 30358
22:37:23 root         INFO     Skipping 37191
22:37:23 root         INFO     Skipping 3129
22:37:23 root         INFO     Skipping 3052
22:37:23 root         INFO     Skipping 37932
22:37:23 root         INFO     Skipping 3125
22:37:23 root         INFO     Skipping 3109
22:37:23 root         INFO     Skipping 20056
22:37:23 root         INFO     Skipping 37778
22:37:23 root         INFO     Skipping 35587
22:37:23 root         INFO     Skipping 28452
22:37:23 root         INFO     Skipping 3320
22:37:23 root         INFO     Skipping 30367
22:37:23 root         INFO     Skipping 3048
22:37:23 root         INFO     Skipping 3072
22:37:23 root         INFO     Skipping 38049
22:37:23 root         INFO     Skipping 30366
22:37:23 root         INFO     Skipping 30368
22:37:23 root         INFO     Skipping 27956
22:37:23 root         INFO     Skipping 15709
22:37:23 root         INFO     Skipping 38047
22:37:23 root         INFO     Skipping 3137
22:37:23 root         INFO     Skipping 3085
22:37:23 root         INFO     Skipping 3064
22:37:23 root         INFO     Skipping 3286
22:37:23 root         INFO     Skipping 30362
22:37:23 root         INFO     Skipping 3309
22:37:23 root         INFO     Skipping 37826
22:37:23 root         INFO     Skipping 4972
22:37:23 root         INFO     Skipping 15790
22:37:23 root         INFO     Skipping 18747
22:37:23 root         INFO     Skipping 22401
22:37:23 root         INFO     Skipping 18711
22:37:23 root         INFO     Skipping 3123
22:37:23 root         INFO     Skipping 3296
22:37:23 root         INFO     Skipping 30617
22:37:23 root         INFO     Skipping 19614
22:37:23 root         INFO     Skipping 23295
22:37:23 root         INFO     Skipping 35818
22:37:23 root         INFO     Skipping 7531
22:37:23 root         INFO     Skipping 19559
22:37:23 root         INFO     Skipping 26784
22:37:23 root         INFO     Skipping 25775
22:37:23 root         INFO     Skipping 27321
22:37:23 root         INFO     Skipping 7234
22:37:23 root         INFO     Skipping 6914
22:37:23 root         INFO     Skipping 38455
22:37:23 root         INFO     Skipping 18113
22:37:23 root         INFO     Skipping 39880
22:37:23 root         INFO     Skipping 22565
22:37:23 root         INFO     Skipping 27877
22:37:23 root         INFO     Skipping 23176
22:37:23 root         INFO     Skipping 20510
22:37:23 root         INFO     Skipping 22316
22:37:23 root         INFO     Skipping 20813
22:37:23 root         INFO     Skipping 21209
22:37:23 root         INFO     Skipping 17932
22:37:23 root         INFO     Skipping 6002
22:37:23 root         INFO     Skipping 2505
22:37:23 root         INFO     Skipping 2000
22:37:23 root         INFO     Skipping 38458
22:37:23 root         INFO     Skipping 23099
22:37:23 root         INFO     Skipping 18560
22:37:23 root         INFO     Skipping 13255
22:37:23 root         INFO     Skipping 20676
22:37:23 root         INFO     Skipping 25743
22:37:23 root         INFO     Skipping 17989
22:37:23 root         INFO     Skipping 21452
22:37:23 root         INFO     Skipping 17224
22:37:23 root         INFO     Skipping 25875
22:37:23 root         INFO     Skipping 3486
22:37:23 root         INFO     Skipping 15377
22:37:23 root         INFO     Skipping 3418
22:37:23 root         INFO     Skipping 3492
22:37:23 root         INFO     Skipping 17990
22:37:23 root         INFO     Skipping 27184
22:37:23 root         INFO     Skipping 39590
22:37:23 root         INFO     Skipping 30767
22:37:23 root         INFO     Skipping 15022
22:37:23 root         INFO     Skipping 21452
22:37:23 root         INFO     Skipping 37309
22:37:23 root         INFO     Skipping 25730
22:37:23 root         INFO     Skipping 18418
22:37:23 root         INFO     Skipping 17928
22:37:23 root         INFO     Skipping 13173
22:37:23 root         INFO     Skipping 17987
22:37:23 root         INFO     Skipping 33659
22:37:23 root         INFO     Skipping 17978
22:37:23 root         INFO     Skipping 30572
22:37:23 root         INFO     Skipping 19068
22:37:23 root         INFO     Skipping 13174
22:37:23 root         INFO     Skipping 30040
22:37:23 root         INFO     Skipping 26655
22:37:23 root         INFO     Skipping 27052
22:37:23 root         INFO     Skipping 39839
22:37:23 root         INFO     Skipping 17907
22:37:23 root         INFO     Skipping 15290
22:37:23 root         INFO     Skipping 20554
22:37:23 root         INFO     Skipping 37205
22:37:23 root         INFO     Skipping 30251
22:37:23 root         INFO     Skipping 17927
22:37:23 root         INFO     Skipping 685
22:37:23 root         INFO     Skipping 39478
22:37:23 root         INFO     Skipping 27633
22:37:23 root         INFO     Skipping 12019
22:37:23 root         INFO     Skipping 40046
22:37:23 root         INFO     Skipping 35233
22:37:23 root         INFO     Skipping 9468
22:37:23 root         INFO     Skipping 37821
22:37:23 root         INFO     Skipping 70
22:37:23 root         INFO     Skipping 37739
22:37:23 root         INFO     Skipping 37823
22:37:23 root         INFO     Skipping 21491
22:37:23 root         INFO     Skipping 27650
22:37:23 root         INFO     Skipping 27631
22:37:23 root         INFO     Skipping 37691
22:37:23 root         INFO     Skipping 35553
22:37:23 root         INFO     Skipping 27607
22:37:23 root         INFO     Skipping 37716
22:37:23 root         INFO     Skipping 1372
22:37:23 root         INFO     Skipping 24043
22:37:23 root         INFO     Skipping 37723
22:37:23 root         INFO     Skipping 37726
22:37:23 root         INFO     Skipping 40295
22:37:23 root         INFO     Skipping 27624
22:37:23 root         INFO     Skipping 30992
22:37:23 root         INFO     Skipping 36700
22:37:23 root         INFO     Skipping 28257
22:37:23 root         INFO     Skipping 40062
22:37:23 root         INFO     Skipping 18446
22:37:23 root         INFO     Skipping 7297
22:37:23 root         INFO     Skipping 40029
22:37:23 root         INFO     Skipping 26400
22:37:23 root         INFO     Skipping 32390
22:37:23 root         INFO     Skipping 27892
22:37:23 root         INFO     Skipping 32448
22:37:23 root         INFO     Skipping 21069
22:37:23 root         INFO     Skipping 18444
22:37:23 root         INFO     Skipping 20486
22:37:23 root         INFO     Skipping 39616
22:37:23 root         INFO     Skipping 30846
22:37:23 root         INFO     Skipping 38046
22:37:23 root         INFO     Skipping 3915
22:37:23 root         INFO     Skipping 27121
22:37:23 root         INFO     Skipping 29991
22:37:23 root         INFO     Skipping 20338
22:37:23 root         INFO     Skipping 34974
22:37:23 root         INFO     Skipping 3135
22:37:23 root         INFO     Skipping 36219
22:37:23 root         INFO     Skipping 20208
22:37:23 root         INFO     Skipping 18519
22:37:23 root         INFO     Skipping 30365
22:37:24 root         INFO     Driver opened url https://www.americanactionforum.org/press-contact/: 0.5 second load started
22:37:27 root         INFO     Driver opened url https://www.americanactionforum.org/press-release/the-cfpb-the-beginning-of-the-end/: 0.5 second load started
22:37:27 root         DEBUG    Titles: The CFPB: The Beginning of the End?
22:37:27 root         DEBUG    Dates: 2025-02-11
22:37:27 root         DEBUG    Desc: In a new insight, Director of Financial Services Policy Thomas Kingsley walks through how the new Trump Administration has made progress unraveling the CFPB – and offers a word of caution about dismantling its regulatory authority too quickly. 

Kingsley concludes: 

> For years Republicans and industry have railed against an activist CFPB ever expanding its own powers and responsibilities. The CFPB can and should be unwound, but moving fast and breaking things necessarily entails breaking things. Over the past two decades, the CFPB has supplanted a significant body of existing consumer protections at other federal regulators. Halting operations at the CFPB without a plan for replacing these protections is not without risks to both consumers and the administration. 

Read the Analysis 

22:37:27 root         DEBUG    Agency_id 27833
22:37:27 root         DEBUG    Article Link: https://www.americanactionforum.org/press-release/the-cfpb-the-beginning-of-the-end/
22:37:27 root         INFO     LEDE: [testlede] month: [Feb.] day: [11]
22:37:27 root         INFO     
ADDING: FILENAME: [testfilename f the End?] TITLE: [The CFPB: The Beginning of the End?] DATE: [2025-02-11] ID [27833]

22:37:28 root         INFO     Driver opened url https://www.americanactionforum.org/press-release/economic-costs-of-the-pro-act-update-2/: 0.5 second load started
22:37:28 root         DEBUG    Titles: Economic Costs of the PRO Act: Update
22:37:28 root         DEBUG    Dates: 2025-02-11
22:37:28 root         DEBUG    Desc: In an update to previous American Action Forum research, Labor Policy Analyst Emmet Bowling walks through the PRO Act’s major provisions and estimates the bill’s economic costs. 

Key points: 

>   * A bipartisan, pro-union bill called the  Protecting the Right to Organize (PRO) Act  , seeks to strengthen labor unions and increase their leverage in collective bargaining negotiations by reclassifying independent contractors, broadening the joint employer standard, repealing right-to-work laws, and eliminating employers’ ability to replace striking workers. 
>   * While the intent of the bill is to increase worker protections, many of the provisions ignore stated worker preferences and have the potential to harm the labor market through increased costs that small businesses, franchisees, and entrepreneurs likely cannot afford. 
>   * This paper updates previous  American Action Forum research  assessing the macroeconomic costs of the PRO Act and estimates that the bill could increase weekly employment costs by anywhere from $21.5–$71.6 billion and put up to $2.6 trillion of gross domestic product at risk. 
> 


Read the Analysis 

22:37:28 root         DEBUG    Agency_id 27833
22:37:28 root         DEBUG    Article Link: https://www.americanactionforum.org/press-release/economic-costs-of-the-pro-act-update-2/
22:37:28 root         INFO     LEDE: [testlede] month: [Feb.] day: [11]
22:37:28 root         INFO     
ADDING: FILENAME: [testfilename ct: Update] TITLE: [Economic Costs of the PRO Act: Update] DATE: [2025-02-11] ID [27833]

22:37:28 root         INFO     Driver opened url https://www.americanactionforum.org/press-release/icymi-aaf-announces-a-new-health-care-initiative/: 0.5 second load started
22:37:29 root         DEBUG    Titles: ICYMI: AAF Announces a New Health Care Initiative
22:37:29 root         DEBUG    Dates: 2025-02-10
22:37:29 root         DEBUG    Desc: Apparently undeterred by a new president and new administration, the left’s assault on the U.S. health care system continues apace. In today’s Daily Dish, American Action Forum (AAF) President Douglas Holtz-Eakin discusses the pitfalls of single-payer systems, and announces the creation of a new AAF initiative designed to identify and improve upon weaknesses in the U.S. health system – while preserving its strengths. 

Holtz-Eakin concludes: 

The upshot is that U.S. health care system isn’t perfect – far from it – but replacing it with one in which the government dictates every aspect of care will inevitably lead to less access, not more. To further this discussion, AAF is starting a new initiative, “Reality Check-Up: The Truth About Single-payer Systems” about how other countries’ health systems perform and to provide fact-based comparisons with the U.S. health care system. Stay tuned. 

Read the Dish 

22:37:29 root         DEBUG    Agency_id 27833
22:37:29 root         DEBUG    Article Link: https://www.americanactionforum.org/press-release/icymi-aaf-announces-a-new-health-care-initiative/
22:37:29 root         INFO     LEDE: [testlede] month: [Feb.] day: [10]
22:37:29 root         INFO     
ADDING: FILENAME: [testfilename Initiative] TITLE: [ICYMI: AAF Announces a New Health Care Initiative] DATE: [2025-02-10] ID [27833]

22:37:29 root         INFO     Driver opened url https://www.americanactionforum.org/press-release/evaluating-trumps-newest-hiring-freeze/: 0.5 second load started
22:37:30 root         DEBUG    Titles: Evaluating Trump's Newest Hiring Freeze
22:37:30 root         DEBUG    Dates: 2025-02-07
22:37:30 root         DEBUG    Desc: Among President Trump’s flurry of day-one executive orders is a 90-day hiring freeze on the federal civilian workforce. In a new insight, Labor Policy Analyst Emmet Bowling and Policy Editor Joseph Brown review the history of similar hiring freezes to evaluate this recent freeze’s potential impact. 

Key points: 

>   * President Trump’s hiring freeze orders the directors of the Office of Management and Budget, the Office of Personnel Management, and the United States DOGE Service (USDS) to submit a plan “to reduce the size of the Federal Government’s workforce through efficiency improvements and attrition.” 
>   * Although the stated goal of the president’s hiring freeze is to streamline the government workforce to reduce waste and inefficiency, the historical evidence indicates that blanket hiring freezes have not been an effective tool to that end: Past hiring freezes have not significantly reduced federal employment levels, and there is no clear evidence as to whether freezes reduce operating costs. 
>   * This hiring freeze, however, differentiates itself from its predecessors in one significant way: It precedes a plan to incorporate USDS, signaling perhaps some greater level of commitment from this administration to shrinking the size of the federal government. 
> 


Read the analysis 

22:37:30 root         DEBUG    Agency_id 27833
22:37:30 root         DEBUG    Article Link: https://www.americanactionforum.org/press-release/evaluating-trumps-newest-hiring-freeze/
22:37:30 root         INFO     LEDE: [testlede] month: [Feb.] day: [7]
22:37:30 root         INFO     
ADDING: FILENAME: [testfilename ing Freeze] TITLE: [Evaluating Trump's Newest Hiring Freeze] DATE: [2025-02-07] ID [27833]

22:37:30 root         INFO     Driver opened url https://www.americanactionforum.org/press-release/new-podcast-episode-sovereign-wealth-funds-trade-wars-and-the-state-of-regulation/: 0.5 second load started
22:37:31 root         DEBUG    Titles: New Podcast Episode: Sovereign Wealth Funds, Trade Wars, and the State of Regulation
22:37:31 root         DEBUG    Dates: 2025-02-06
22:37:31 root         DEBUG    Desc: It’s The AAF Exchange — your source for clear, data-driven insight into today’s economic and domestic policy issues. 

In this episode of the AAF Exchange, AAF President Douglas Holtz-Eakin, Trade Policy Analyst Jacob Jensen, and Director of Regulatory Policy Dan Goldbeck discuss sovereign wealth funds, trade wars, and the state of regulations. 

AAF products mentioned in today’s episode: 

  * In “  DOGE  ,” Holtz-Eakin walks through the mandate of the Department of Government Efficiency – aka DOGE. 
  * In “  Dear DOGE, a Cautionary Tale  ,” Holtz-Eakin reviews a humorous response from OMB during the Obama Administration’s “We the People” initiative. 
  * In “  A U.S. Sovereign Wealth Fund – a Bankrupt Idea  ,” Holtz-Eakin considers the problems with President Trump’s proposal to create a sovereign wealth fund. 
  * In “  25-Percent Tariffs on Mexico, Canada – U.S. Consumer Costs  ,” Jensen estimates the costs of a 25-percent tariff against Canada and Mexico. 
  * In “  The Tariff Tango  ,” Jensen reviews the latest news on Trump’s tariff threats against China, Canada, and Mexico. 
  * In “  The Biden Regulatory Record  ,” Goldbeck reviews the Biden Administration’s regulatory record and its predicted legacy. 
  * In “  Trump Deregulation, Take Two  ,” Holtz-Eakin reviews Trump’s announcement to require the elimination of 10 regulations for every new rulemaking. 
  * In “  The Return of the Trump Deregulatory Regime  ,” Goldbeck analyzes Trump’s first term and his recent announcements to determine the likely regulatory agenda for his second term. 



Whether you’re on your lunch break or commuting home, The AAF Exchange will keep you up to speed on today’s most pressing policy issues. 

Subscribe on  iTunes  or  Soundcloud  , or listen at the link  here  . 

22:37:31 root         DEBUG    Agency_id 27833
22:37:31 root         DEBUG    Article Link: https://www.americanactionforum.org/press-release/new-podcast-episode-sovereign-wealth-funds-trade-wars-and-the-state-of-regulation/
22:37:31 root         INFO     LEDE: [testlede] month: [Feb.] day: [6]
22:37:31 root         INFO     
ADDING: FILENAME: [testfilename Regulation] TITLE: [New Podcast Episode: Sovereign Wealth Funds, Trade Wars, and the State of Regulation] DATE: [2025-02-06] ID [27833]

22:37:31 root         INFO     Driver opened url https://www.americanactionforum.org/press-release/the-status-of-the-nfip-in-2025/: 0.5 second load started
22:37:32 root         DEBUG    Titles: The Status of the NFIP in 2025
22:37:32 root         DEBUG    Dates: 2025-02-05
22:37:32 root         DEBUG    Desc: The National Flood Insurance Program (NFIP) is the only broadly purchased flood insurance in the United States, but the program is expensive, cumbersome, and outdated, and owes $20.5 billion to Treasury. In a new insight, Director of Financial Services Policy Thomas Kingsley walks through the history of NFIP and considers potential reforms to the program. 

Kingsley concludes: 

> As the frequency and severity of flooding and other severe weather events increases, the United States must reconsider its relationship with the NFIP. Recent efforts to modernize pricing structures aside, the NFIP is a prime example of the moral hazard and dubious accountancy present when governments enter markets. That Congress has not managed to pass a clean authorization of the program, let alone embark on the wholesale reform it so badly needs, indicates that a government solution to this problem might not be possible or indeed desirable. A federal backstop for flood insurance will likely become only more necessary in the future – but let’s not pretend the government is a replacement for private actors in setting prices or assessing risk. 

Read the analysis 

22:37:32 root         DEBUG    Agency_id 27833
22:37:32 root         DEBUG    Article Link: https://www.americanactionforum.org/press-release/the-status-of-the-nfip-in-2025/
22:37:32 root         INFO     LEDE: [testlede] month: [Feb.] day: [5]
22:37:32 root         INFO     
ADDING: FILENAME: [testfilename IP in 2025] TITLE: [The Status of the NFIP in 2025] DATE: [2025-02-05] ID [27833]

22:37:32 root         INFO     Driver opened url https://www.americanactionforum.org/press-release/fcc-may-be-overstepping-on-cybersecurity/: 0.5 second load started
22:37:33 root         DEBUG    Titles: FCC May Be Overstepping on Cybersecurity
22:37:33 root         DEBUG    Dates: 2025-02-04
22:37:33 root         DEBUG    Desc: Over the past two years, a hacking group linked to Chinese intelligence known as Salt Typhoon accessed U.S. telephone networks and systems used for court-appointed surveillance, collecting significant data on American users and government surveillance information. In a new insight, Director of Technology and Innovation Policy Jeffrey Westling reviews the Federal Communications Commission’s (FCC) response to these attacks and considers the potential harms. 

Key points: 

>   * Late last year, it was revealed that at least nine American telecommunications networks had been breached by Salt Typhoon. 
>   * In an attempt to prevent future attacks, the FCC broadly interpreted its authority over telephone networks and some broadband internet service providers to include the regulation of cybersecurity practices, and could extend these regulations to other forms of communication such as broadcast television or satellite broadband. 
>   * While defending American networks from Chinese cyberattacks is a key federal priority, drastically expanding the FCC’s authority without congressional approval could hinder any whole-of-government approach to secure American networks and unintentionally make those networks less secure by deterring collaboration between industry and federal regulators. 
> 


Read the analysis 

22:37:33 root         DEBUG    Agency_id 27833
22:37:33 root         DEBUG    Article Link: https://www.americanactionforum.org/press-release/fcc-may-be-overstepping-on-cybersecurity/
22:37:33 root         INFO     LEDE: [testlede] month: [Feb.] day: [4]
22:37:33 root         INFO     
ADDING: FILENAME: [testfilename ersecurity] TITLE: [FCC May Be Overstepping on Cybersecurity] DATE: [2025-02-04] ID [27833]

22:37:33 root         INFO     Driver opened url https://www.americanactionforum.org/press-release/where-are-the-nihs-funding-priorities/: 0.5 second load started
22:37:34 root         DEBUG    Titles: Where Are the NIH's Funding Priorities?
22:37:34 root         DEBUG    Dates: 2025-01-30
22:37:34 root         DEBUG    Desc: In a new insight, Health Care Data Analyst Parth Dahima provides a brief overview of the National Institutes of Health’s (NIH) background and structure as the largest funder of global biomedical research, and highlights areas of potential improvement in its funding strategies, allocation processes, and overall research impact. 

Key points: 

>   * The NIH invests more than $45 billion annually, and its choices in funding dispersal dictate the state of research both domestically and internationally. 
>   * Researchers have voiced concerns that NIH’s funding priorities fail to reflect contemporary disease burdens, do not account for geographic and institutional disparities in grant allocation, and often unduly favor late-career scientists, and have in response proposed a range of reforms. 
>   * Proposed reforms include the promotion of new productivity metrics in funding decisions and increasing variety among funded institutions, states, and experience levels to foster greater efficiency and more multi-faceted, novel research. 
> 


Read the analysis 

22:37:34 root         DEBUG    Agency_id 27833
22:37:34 root         DEBUG    Article Link: https://www.americanactionforum.org/press-release/where-are-the-nihs-funding-priorities/
22:37:34 root         INFO     LEDE: [testlede] month: [Jan.] day: [30]
22:37:34 root         INFO     
ADDING: FILENAME: [testfilename riorities?] TITLE: [Where Are the NIH's Funding Priorities?] DATE: [2025-01-30] ID [27833]

22:37:34 root         INFO     Driver opened url https://www.americanactionforum.org/press-release/the-inflation-reduction-act-and-the-future-of-price-controls/: 0.5 second load started
22:37:35 root         DEBUG    Titles: The Inflation Reduction Act and the Future of Price Controls
22:37:35 root         DEBUG    Dates: 2025-01-29
22:37:35 root         DEBUG    Desc: In a new insight, AAF President Douglas Holtz-Eakin reviews the key health care provisions of the Inflation Reduction Act and walks through what one can learn from the first round of the maximum fair price (MFP) “negotiation” process between Medicare and drug manufacturers. 

Key points: 

>   * The MFP process has both a traditional statutory price cap as well as a novel price-control feature: the threat of a confiscatory excise tax for those manufacturers that do not offer Medicare’s proposed MFP. 
>   * Though disguised as voluntarily determined pricing, the MFP process is opaque, and the corresponding threat of its punitive excise tax reveals the damaging nature of its price controls, as was demonstrated during the first year of the MFP process. 
>   * Lawmakers, many of whose fondness for price controls is long-standing, may view the “negotiation” of MFPs as a promising approach to impose price controls in many other markets. 
> 


Read the analysis 

22:37:35 root         DEBUG    Agency_id 27833
22:37:35 root         DEBUG    Article Link: https://www.americanactionforum.org/press-release/the-inflation-reduction-act-and-the-future-of-price-controls/
22:37:35 root         INFO     LEDE: [testlede] month: [Jan.] day: [29]
22:37:35 root         INFO     
ADDING: FILENAME: [testfilename e Controls] TITLE: [The Inflation Reduction Act and the Future of Price Controls] DATE: [2025-01-29] ID [27833]

22:37:35 root         INFO     Driver opened url https://www.americanactionforum.org/press-release/the-united-states-breaches-36-1-trillion-debt-ceiling/: 0.5 second load started
22:37:35 root         DEBUG    Titles: The United States Breaches $36.1 Trillion Debt Ceiling
22:37:35 root         DEBUG    Dates: 2025-01-29
22:37:35 root         DEBUG    Desc: In light of the United States hitting the debt ceiling last week, Director of Fiscal Policy Jordan Haring provides a brief refresher on what the debt ceiling is, what happens now that it’s been hit, and the negative consequences of a debt ceiling impasse. 

Key points: 

>   * The Fiscal Responsibility Act of 2023 suspended the debt ceiling, which is the legal limit on the amount of debt the federal government can accumulate, through January 1, 2025; on January 2, the debt limit was reinstated at the amount of debt outstanding – $36.104 trillion. 
>   * Upon reinstatement of the debt ceiling, the Department of the Treasury would normally begin using accounting maneuvers known as extraordinary measures to temporarily keep the federal government from defaulting on its debt; yet a scheduled redemption of nonmarketable securities held in a federal trust fund associated with Medicare payments kept the amount of debt outstanding below the debt limit and the need for extraordinary measures at bay until January 21 when the debt limit was breached. 
>   * In the period between the reinstatement of the debt ceiling and the exhaustion of extraordinary measures, Congress must pass legislation that either raises or suspends the debt limit to avoid a default. 
> 


Read the analysis 

22:37:35 root         DEBUG    Agency_id 27833
22:37:35 root         DEBUG    Article Link: https://www.americanactionforum.org/press-release/the-united-states-breaches-36-1-trillion-debt-ceiling/
22:37:35 root         INFO     LEDE: [testlede] month: [Jan.] day: [29]
22:37:35 root         INFO     
ADDING: FILENAME: [testfilename bt Ceiling] TITLE: [The United States Breaches $36.1 Trillion Debt Ceiling] DATE: [2025-01-29] ID [27833]

22:37:36 root         INFO     Driver opened url https://www.americanactionforum.org/press-release/the-biden-regulatory-record/: 0.5 second load started
22:37:37 root         DEBUG    Titles: The Biden Regulatory Record
22:37:37 root         DEBUG    Dates: 2025-01-29
22:37:37 root         DEBUG    Desc: In a new insight, Director of Regulatory Policy Dan Goldbeck reviews the Biden Administration’s regulatory record and its predicted legacy. 

Key points: 

>   * According to the aggregated collection of self-reported estimates from federal agencies, the cumulative total of regulatory costs under the Biden Administration added up to more than $1.8 trillion – far exceeding any preceding administration on record. 
>   * The Environmental Protection Agency was the main contributor of regulatory costs with more than $1.3 trillion, but multiple agencies had sizeable sets of rules that passed the billion-dollar threshold. 
>   * While the paperwork burden trends did not represent as much of a historical outlier, a handful of agencies issued a series of notable reporting requirements that added up to roughly 356 million new hours of paperwork over the course of Biden’s term. 
> 


Read the analysis 

22:37:37 root         DEBUG    Agency_id 27833
22:37:37 root         DEBUG    Article Link: https://www.americanactionforum.org/press-release/the-biden-regulatory-record/
22:37:37 root         INFO     LEDE: [testlede] month: [Jan.] day: [29]
22:37:37 root         INFO     
ADDING: FILENAME: [testfilename ory Record] TITLE: [The Biden Regulatory Record] DATE: [2025-01-29] ID [27833]

22:37:37 root         INFO     Driver opened url https://www.americanactionforum.org/press-release/the-new-foreign-pollution-fee-act/: 0.5 second load started
22:37:38 root         DEBUG    Titles: The New Foreign Pollution Fee Act
22:37:38 root         DEBUG    Dates: 2025-01-29
22:37:38 root         DEBUG    Desc: With the Foreign Pollution Fee Act (FPF) expected to be reintroduced early in the new Congress, Director of Energy and Environmental Policy Shuting Pomerleau provides an overview of the carbon tariff proposal and its projected revenue, as well as its potential impact on the economy and global emissions. 

Key points: 

>   * In December 2024, Senators Bill Cassidy and Lindsey Graham released a new discussion draft of the 2023 Foreign Pollution Fee Act, which would levy a flat 15-percent carbon tariff on goods imported into the United States across six sectors: aluminum, cement, iron and steel, fertilizer, glass, and hydrogen, with a surtax of 40 percent based on the carbon intensity of these goods. 
>   * The tariff would raise an estimated $212.8 billion from 2026–2035; top exporting countries affected by the tariffs would include China, Canada, India, the European Union, and Mexico. 
>   * These carbon tariffs would increase production costs for certain industries, lead to the appreciation of the dollar – thus making U.S. exports less competitive – lower gross domestic product by an estimated $16.6 billion by 2035, and have little impact in reducing global emissions. 
> 


Read the analysis 

22:37:38 root         DEBUG    Agency_id 27833
22:37:38 root         DEBUG    Article Link: https://www.americanactionforum.org/press-release/the-new-foreign-pollution-fee-act/
22:37:38 root         INFO     LEDE: [testlede] month: [Jan.] day: [29]
22:37:38 root         INFO     
ADDING: FILENAME: [testfilename on Fee Act] TITLE: [The New Foreign Pollution Fee Act] DATE: [2025-01-29] ID [27833]

22:37:39 root         INFO     Driver opened url https://www.americanactionforum.org/press-release/new-podcast-episode-international-priorities-urgent-policy-to-dos-and-tiktok-news/: 0.5 second load started
22:37:39 root         DEBUG    Titles: New Podcast Episode: International Priorities, Urgent Policy To-dos, and TikTok News
22:37:39 root         DEBUG    Dates: 2025-01-23
22:37:39 root         DEBUG    Desc: It’s The AAF Exchange — your source for clear, data-driven insight into today’s economic and domestic policy issues. 

In this episode of the AAF Exchange, AAF President Douglas Holtz-Eakin and Director of Technology and Innovation Jeffrey Westling discuss the Trump Administration’s international priorities, Congress’ urgent policy to-dos, and the TikTok situation. 

AAF products mentioned in today’s episode: 

  * In “  Pricing Greenland: The Essence of the Deal  ,” Data Analyst Jacob Jensen and Director of Competition Policy Fred Ashton estimate the potential price the United States would pay to acquire Greenland. 
  * In “  Pricing Greenland  ,” Holtz-Eakin considers how to price a potential U.S. acquisition of Greenland. 
  * In “  Trump’s 10 Percent Tariffs: Projected Impacts on U.S. Households and Allies  ,” Jensen breaks down the estimated costs of President-elect Donald Trump’s proposed 10 percent tariff on all imports into the United States. 
  * In “  Primer: The Mechanics of Trump’s Tariffs  ,” Jensen offers a comprehensive guide to how Trump’s proposed tariffs could be enacted, the legal authorities under which they could be levied, and the potential timeline for implementation. 
  * In “  The Budgetary and Economic Costs of Addressing Unauthorized Immigration: Alternative Strategies  ,” former AAF Labor Market Expert Ben Gitis and former AAF Immigration Expert Laura Collins break down the budgetary and economic consequences of mass deportation. 
  * In “  The Reality of Mass Deportation  ,” Holtz-Eakin considers the potential economic and political harms of Trump’s proposed mass deportation. 
  * In “  A New USMCA Sidebar Agreement  ,” Holtz-Eakin discusses the possibility of President Trump using USMCA renegotiations to strengthen border control between the United States, Mexico, and Canada. 
  * In “  The Debt Ceiling: A Refresher  ,” Director of Fiscal Policy Jordan Haring provides a brief refresher on what the debt ceiling is, what happens when it is hit, and the negative consequences of a debt ceiling impasse. 
  * In “  Budget Reconciliation: A Primer  ,” former AAF Vice President for Fiscal Policy Gordon Gray explains how budget reconciliation works. 
  * In “  The Final Week of Biden  ,” Director of Regulatory Policy Dan Goldbeck examines the regulatory impacts and changes of the past week. 
  * In “  Is TikTok’s Time Up?  ” Technology and Innovation Policy Analyst Angela Luna walks through the debate surrounding the TikTok ban. 



Whether you’re on your lunch break or commuting home, The AAF Exchange will keep you up to speed on today’s most pressing policy issues. 

Subscribe on  iTunes  or  Soundcloud  , or listen at the link  here  . 

22:37:39 root         DEBUG    Agency_id 27833
22:37:39 root         DEBUG    Article Link: https://www.americanactionforum.org/press-release/new-podcast-episode-international-priorities-urgent-policy-to-dos-and-tiktok-news/
22:37:39 root         INFO     LEDE: [testlede] month: [Jan.] day: [23]
22:37:39 root         INFO     
ADDING: FILENAME: [testfilename ikTok News] TITLE: [New Podcast Episode: International Priorities, Urgent Policy To-dos, and TikTok News] DATE: [2025-01-23] ID [27833]

22:37:40 root         INFO     Driver opened url https://www.americanactionforum.org/press-release/regulatory-reforms-can-incentivize-competition-in-broadband-markets/: 0.5 second load started
22:37:41 root         DEBUG    Titles: Regulatory Reforms Can Incentivize Competition in Broadband Markets
22:37:41 root         DEBUG    Dates: 2025-01-22
22:37:41 root         DEBUG    Desc: In a new insight, Technology and Innovation Policy Analyst Jeffrey Westling reviews the state of competition in broadband markets and considers potential reforms to further promote competition. 

Key points: 

>   * Recent pricing and investment data show that broadband providers face significant competition, in part due to convergence of mobile and fixed-home services. 
>   * Despite the lowering costs and increasing speeds, many federal regulations and policies still present barriers to deployment and improvements of broadband networks, particularly an onerous environmental review process and lack of spectrum access. 
>   * Congress has an opportunity to lower regulatory barriers to entry and promote transactions that better allocate resources among firms by streamlining local and federal permitting processes, encouraging allocation of spectrum to private uses, and embracing an antitrust policy that is less hostile to mergers in telecommunications markets. 
> 


Read the analysis 

22:37:41 root         DEBUG    Agency_id 27833
22:37:41 root         DEBUG    Article Link: https://www.americanactionforum.org/press-release/regulatory-reforms-can-incentivize-competition-in-broadband-markets/
22:37:41 root         INFO     LEDE: [testlede] month: [Jan.] day: [22]
22:37:41 root         INFO     
ADDING: FILENAME: [testfilename nd Markets] TITLE: [Regulatory Reforms Can Incentivize Competition in Broadband Markets] DATE: [2025-01-22] ID [27833]

22:37:42 root         INFO     Driver opened url https://www.americanactionforum.org/press-release/highlights-of-cbos-january-2025-budget-and-economic-outlook/: 0.5 second load started
22:37:42 root         DEBUG    Titles: Highlights of CBO's January 2025 Budget and Economic Outlook
22:37:42 root         DEBUG    Dates: 2025-01-17
22:37:42 root         DEBUG    Desc: In a new insight, Director of Fiscal Policy Jordan Haring walks through the Congressional Budget Office’s (CBO) recently released January 2025 Budget and Economic Outlook. 

Key points: 

>   * CBO projects that federal debt held by the public will rise from 98 percent of gross domestic product (GDP) at the end of fiscal year (FY) 2024 to 100 percent of GDP by 2025, reach a new record of 107.2 percent of GDP by 2029, and continue to grow to 119 percent of GDP by 2035. 
>   * Budget deficits will total 5.8 percent of GDP ($21.8 trillion) over the FY 2026 to 2035 budget window and will total 5.8 percent of GDP ($2.5 trillion) in 2035; spending will total 23.9 percent of GDP ($89.3 trillion) and revenue will total 18.1 percent of GDP ($67.5 trillion) over the next decade. 
>   * Since CBO’s last baseline in June, the net effect of legislative, economic, and technical changes decreased projected deficits by $991 billion over the FY 2025 to 2034 period. 
>   * CBO projects that economic growth and inflation will slow through 2026 and remain moderate thereafter. 
> 


Read the analysis 

22:37:42 root         DEBUG    Agency_id 27833
22:37:42 root         DEBUG    Article Link: https://www.americanactionforum.org/press-release/highlights-of-cbos-january-2025-budget-and-economic-outlook/
22:37:42 root         INFO     LEDE: [testlede] month: [Jan.] day: [17]
22:37:42 root         INFO     
ADDING: FILENAME: [testfilename ic Outlook] TITLE: [Highlights of CBO's January 2025 Budget and Economic Outlook] DATE: [2025-01-17] ID [27833]

22:37:42 root         INFO     INVALID DATE: 2025-01-16 00:00:00
22:37:42 root         INFO     INVALID DATE: 2025-01-16 00:00:00
22:37:42 root         INFO     INVALID DATE: 2025-01-15 00:00:00
22:37:42 root         INFO     INVALID DATE: 2025-01-14 00:00:00
22:37:42 root         INFO     INVALID DATE: 2025-01-09 00:00:00
22:37:43 root         INFO     Scrape errors found during run:
22:37:43 root         INFO     []
22:37:43 root         INFO     End of file message
22:37:43 root         INFO     

Load Version 2.1.0 02/04/2025
       Docs Loaded: 15
       URLS processed: 1
       DUPS skipped: 0
       No Ledes found: 0

Passed Parameters:
       Pull House and Senate: False
       Number of days back: 30
       Start Time: 2025-02-16 22:37:19
       End Time: 2025-02-16 22:37:43
       Elapsed Time: 0:00:24
       Character Minimum Amount: 100

Errors:
Docs:
	Loaded:
		27833: The CFPB: The Beginning of the End?
		27833: Economic Costs of the PRO Act: Update
		27833: ICYMI: AAF Announces a New Health Care Initiative
		27833: Evaluating Trump's Newest Hiring Freeze
		27833: New Podcast Episode: Sovereign Wealth Funds, Trade Wars, and the State of Regulation
		27833: The Status of the NFIP in 2025
		27833: FCC May Be Overstepping on Cybersecurity
		27833: Where Are the NIH's Funding Priorities?
		27833: The Inflation Reduction Act and the Future of Price Controls
		27833: The United States Breaches $36.1 Trillion Debt Ceiling
		27833: The Biden Regulatory Record
		27833: The New Foreign Pollution Fee Act
		27833: New Podcast Episode: International Priorities, Urgent Policy To-dos, and TikTok News
		27833: Regulatory Reforms Can Incentivize Competition in Broadband Markets
		27833: Highlights of CBO's January 2025 Budget and Economic Outlook
