08:10:46 root         INFO     Skipping 27599
08:10:46 root         INFO     Skipping 30449
08:10:46 root         INFO     Skipping 14315
08:10:46 root         INFO     Skipping 7566
08:10:46 root         INFO     Skipping 804
08:10:46 root         INFO     Skipping 12106
08:10:46 root         INFO     Skipping 8034
08:10:46 root         INFO     Skipping 7901
08:10:46 root         INFO     Skipping 20157
08:10:46 root         INFO     Skipping 6950
08:10:46 root         INFO     Skipping 15026
08:10:46 root         INFO     Skipping 19993
08:10:46 root         INFO     Skipping 21569
08:10:46 root         INFO     Skipping 23030
08:10:46 root         INFO     Skipping 206
08:10:46 root         INFO     Skipping 16046
08:10:46 root         INFO     Skipping 16140
08:10:46 root         INFO     Skipping 16037
08:10:46 root         INFO     Skipping 43
08:10:46 root         INFO     Skipping 225
08:10:46 root         INFO     Skipping 37711
08:10:46 root         INFO     Skipping 34699
08:10:46 root         INFO     Skipping 19021
08:10:46 root         INFO     Skipping 18495
08:10:46 root         INFO     Skipping 222
08:10:46 root         INFO     Skipping 5602
08:10:46 root         INFO     Skipping 16027
08:10:46 root         INFO     Skipping 21499
08:10:46 root         INFO     Skipping 2698
08:10:46 root         INFO     Skipping 27867
08:10:46 root         INFO     Skipping 24224
08:10:46 root         INFO     Skipping 21563
08:10:46 root         INFO     Skipping 24227
08:10:46 root         INFO     Skipping 17224
08:10:46 root         INFO     Skipping 219
08:10:46 root         INFO     Skipping 23814
08:10:46 root         INFO     Skipping 15376
08:10:46 root         INFO     Skipping 19286
08:10:46 root         INFO     Skipping 28048
08:10:46 root         INFO     Skipping 543
08:10:46 root         INFO     Skipping 24233
08:10:46 root         INFO     Skipping 18735
08:10:46 root         INFO     Skipping 1066
08:10:46 root         INFO     Skipping 37680
08:10:46 root         INFO     Skipping 691
08:10:46 root         INFO     Skipping 677
08:10:46 root         INFO     Skipping 20141
08:10:46 root         INFO     Skipping 36151
08:10:46 root         INFO     Skipping 20319
08:10:46 root         INFO     Skipping 12400
08:10:46 root         INFO     Skipping 127
08:10:46 root         INFO     Skipping 20792
08:10:46 root         INFO     Skipping 17104
08:10:46 root         INFO     Skipping 24344
08:10:46 root         INFO     Skipping 19546
08:10:46 root         INFO     Skipping 15565
08:10:46 root         INFO     Skipping 13359
08:10:46 root         INFO     Skipping 17922
08:10:46 root         INFO     Skipping 22481
08:10:46 root         INFO     Skipping 20138
08:10:46 root         INFO     Skipping 119
08:10:46 root         INFO     Skipping 21188
08:10:46 root         INFO     Skipping 3016
08:10:46 root         INFO     Skipping 21525
08:10:46 root         INFO     Skipping 37694
08:10:46 root         INFO     Skipping 18710
08:10:46 root         INFO     Skipping 29332
08:10:46 root         INFO     Skipping 23100
08:10:46 root         INFO     Skipping 37725
08:10:46 root         INFO     Skipping 15633
08:10:46 root         INFO     Skipping 948
08:10:46 root         INFO     Skipping 30993
08:10:46 root         INFO     Skipping 22221
08:10:46 root         INFO     Skipping 22654
08:10:46 root         INFO     Skipping 35809
08:10:46 root         INFO     Skipping 35576
08:10:46 root         INFO     Skipping 37408
08:10:46 root         INFO     Skipping 7844
08:10:46 root         INFO     Skipping 20
08:10:46 root         INFO     Skipping 8022
08:10:46 root         INFO     Skipping 8032
08:10:46 root         INFO     Skipping 20605
08:10:46 root         INFO     Skipping 7838
08:10:46 root         INFO     Skipping 21497
08:10:46 root         INFO     Skipping 35572
08:10:46 root         INFO     Skipping 30425
08:10:46 root         INFO     Skipping 35517
08:10:46 root         INFO     Skipping 35524
08:10:46 root         INFO     Skipping 21522
08:10:46 root         INFO     Skipping 1325
08:10:46 root         INFO     Skipping 1079
08:10:46 root         INFO     Skipping 6973
08:10:46 root         INFO     Skipping 37495
08:10:46 root         INFO     Skipping 30405
08:10:46 root         INFO     Skipping 18767
08:10:46 root         INFO     Skipping 21521
08:10:46 root         INFO     Skipping 921
08:10:46 root         INFO     Skipping 27602
08:10:46 root         INFO     Skipping 21335
08:10:46 root         INFO     Skipping 30444
08:10:46 root         INFO     Skipping 1363
08:10:46 root         INFO     Skipping 9488
08:10:46 root         INFO     Skipping 24230
08:10:46 root         INFO     Skipping 2696
08:10:46 root         INFO     Skipping 37705
08:10:46 root         INFO     Skipping 33752
08:10:46 root         INFO     Skipping 37731
08:10:46 root         INFO     Skipping 37740
08:10:46 root         INFO     Skipping 9427
08:10:46 root         INFO     Skipping 19880
08:10:46 root         INFO     Skipping 632
08:10:46 root         INFO     Skipping 39007
08:10:46 root         INFO     Skipping 551
08:10:46 root         INFO     Skipping 37304
08:10:46 root         INFO     Skipping 20115
08:10:46 root         INFO     Skipping 13362
08:10:46 root         INFO     Skipping 7333
08:10:46 root         INFO     Skipping 21423
08:10:46 root         INFO     Skipping 17653
08:10:46 root         INFO     Skipping 21152
08:10:46 root         INFO     Skipping 16031
08:10:46 root         INFO     Skipping 27074
08:10:46 root         INFO     Skipping 255
08:10:46 root         INFO     Skipping 431
08:10:46 root         INFO     Skipping 19290
08:10:46 root         INFO     Skipping 33954
08:10:46 root         INFO     Skipping 22921
08:10:46 root         INFO     Skipping 26556
08:10:46 root         INFO     Skipping 167
08:10:46 root         INFO     Skipping 15884
08:10:46 root         INFO     Skipping 30382
08:10:46 root         INFO     Skipping 30450
08:10:46 root         INFO     Skipping 27626
08:10:46 root         INFO     Skipping 37748
08:10:46 root         INFO     Skipping 715
08:10:46 root         INFO     Skipping 18734
08:10:46 root         INFO     Skipping 9485
08:10:46 root         INFO     Skipping 24231
08:10:46 root         INFO     Skipping 6221
08:10:46 root         INFO     Skipping 15392
08:10:46 root         INFO     Skipping 14466
08:10:46 root         INFO     Skipping 15025
08:10:46 root         INFO     Skipping 19760
08:10:46 root         INFO     Skipping 37095
08:10:46 root         INFO     Skipping 13863
08:10:46 root         INFO     Skipping 7355
08:10:46 root         INFO     Skipping 8042
08:10:46 root         INFO     Skipping 23802
08:10:46 root         INFO     Skipping 282
08:10:46 root         INFO     Skipping 7316
08:10:46 root         INFO     Skipping 16040
08:10:46 root         INFO     Skipping 7922
08:10:46 root         INFO     Skipping 16041
08:10:46 root         INFO     Skipping 28101
08:10:46 root         INFO     Skipping 3410
08:10:46 root         INFO     Skipping 7121
08:10:46 root         INFO     Skipping 17116
08:10:46 root         INFO     Skipping 20034
08:10:46 root         INFO     Skipping 6918
08:10:46 root         INFO     Skipping 22037
08:10:46 root         INFO     Skipping 14373
08:10:46 root         INFO     Skipping 13794
08:10:46 root         INFO     Skipping 13964
08:10:46 root         INFO     Skipping 6930
08:10:46 root         INFO     Skipping 19978
08:10:46 root         INFO     Skipping 14069
08:10:46 root         INFO     Skipping 14111
08:10:46 root         INFO     Skipping 6931
08:10:46 root         INFO     Skipping 14021
08:10:46 root         INFO     Skipping 37180
08:10:46 root         INFO     Skipping 35130
08:10:46 root         INFO     Skipping 19684
08:10:46 root         INFO     Skipping 28292
08:10:46 root         INFO     Skipping 30335
08:10:46 root         INFO     Skipping 14867
08:10:46 root         INFO     Skipping 23669
08:10:46 root         INFO     Skipping 6793
08:10:46 root         INFO     Skipping 15440
08:10:46 root         INFO     Skipping 23588
08:10:46 root         INFO     Skipping 10156
08:10:46 root         INFO     Skipping 30046
08:10:46 root         INFO     Skipping 39476
08:10:46 root         INFO     Skipping 37727
08:10:46 root         INFO     Skipping 33096
08:10:46 root         INFO     Skipping 32423
08:10:46 root         INFO     Skipping 30658
08:10:46 root         INFO     Skipping 19870
08:10:46 root         INFO     Skipping 15962
08:10:46 root         INFO     Skipping 702
08:10:46 root         INFO     Skipping 39478
08:10:46 root         INFO     Skipping 30435
08:10:46 root         INFO     Skipping 9445
08:10:46 root         INFO     Skipping 24173
08:10:46 root         INFO     Skipping 35554
08:10:46 root         INFO     Skipping 18733
08:10:46 root         INFO     Skipping 3962
08:10:46 root         INFO     Skipping 26659
08:10:46 root         INFO     Skipping 32135
08:10:46 root         INFO     Skipping 27843
08:10:46 root         INFO     Skipping 17658
08:10:46 root         INFO     Skipping 27186
08:10:46 root         INFO     Skipping 6922
08:10:46 root         INFO     Skipping 7317
08:10:46 root         INFO     Skipping 37607
08:10:46 root         INFO     Skipping 19748
08:10:46 root         INFO     Skipping 14979
08:10:46 root         INFO     Skipping 28256
08:10:46 root         INFO     Skipping 15000
08:10:46 root         INFO     Skipping 15725
08:10:46 root         INFO     Skipping 21561
08:10:46 root         INFO     Skipping 23098
08:10:46 root         INFO     Skipping 30469
08:10:46 root         INFO     Skipping 37819
08:10:46 root         INFO     Skipping 27605
08:10:46 root         INFO     Skipping 24799
08:10:46 root         INFO     Skipping 35571
08:10:46 root         INFO     Skipping 18750
08:10:46 root         INFO     Skipping 21564
08:10:46 root         INFO     Skipping 695
08:10:46 root         INFO     Skipping 619
08:10:46 root         INFO     Skipping 21566
08:10:46 root         INFO     Skipping 18746
08:10:46 root         INFO     Skipping 30470
08:10:46 root         INFO     Skipping 37747
08:10:46 root         INFO     Skipping 35726
08:10:46 root         INFO     Skipping 35708
08:10:46 root         INFO     Skipping 35705
08:10:46 root         INFO     Skipping 35727
08:10:46 root         INFO     Skipping 37743
08:10:46 root         INFO     Skipping 24229
08:10:46 root         INFO     Skipping 37748
08:10:46 root         INFO     Skipping 19879
08:10:46 root         INFO     Skipping 717
08:10:46 root         INFO     Skipping 35728
08:10:46 root         INFO     Skipping 37820
08:10:46 root         INFO     Skipping 30473
08:10:46 root         INFO     Skipping 37744
08:10:46 root         INFO     Skipping 28313
08:10:46 root         INFO     Skipping 37749
08:10:46 root         INFO     Skipping 15948
08:10:46 root         INFO     Skipping 35707
08:10:46 root         INFO     Skipping 35706
08:10:46 root         INFO     Skipping 35704
08:10:46 root         INFO     Skipping 18740
08:10:46 root         INFO     Skipping 18736
08:10:46 root         INFO     Skipping 7887
08:10:46 root         INFO     Skipping 15551
08:10:46 root         INFO     Skipping 35562
08:10:46 root         INFO     Skipping 9423
08:10:46 root         INFO     Skipping 1519
08:10:46 root         INFO     Skipping 35489
08:10:46 root         INFO     Skipping 20880
08:10:46 root         INFO     Skipping 37235
08:10:46 root         INFO     Skipping 15882
08:10:46 root         INFO     Skipping 1169
08:10:46 root         INFO     Skipping 9463
08:10:46 root         INFO     Skipping 37685
08:10:46 root         INFO     Skipping 809
08:10:46 root         INFO     Skipping 9421
08:10:46 root         INFO     Skipping 30397
08:10:46 root         INFO     Skipping 37735
08:10:46 root         INFO     Skipping 30394
08:10:46 root         INFO     Skipping 30448
08:10:46 root         INFO     Skipping 27614
08:10:46 root         INFO     Skipping 35527
08:10:46 root         INFO     Skipping 37416
08:10:46 root         INFO     Skipping 37709
08:10:46 root         INFO     Skipping 27649
08:10:46 root         INFO     Skipping 35546
08:10:46 root         INFO     Skipping 1098
08:10:46 root         INFO     Skipping 21488
08:10:46 root         INFO     Skipping 37674
08:10:46 root         INFO     Skipping 37706
08:10:46 root         INFO     Skipping 37713
08:10:46 root         INFO     Skipping 918
08:10:46 root         INFO     Skipping 24210
08:10:46 root         INFO     Skipping 37728
08:10:46 root         INFO     Skipping 35555
08:10:46 root         INFO     Skipping 35556
08:10:46 root         INFO     Skipping 892
08:10:46 root         INFO     Skipping 38045
08:10:46 root         INFO     Skipping 829
08:10:46 root         INFO     Skipping 30468
08:10:46 root         INFO     Skipping 24186
08:10:46 root         INFO     Skipping 24194
08:10:46 root         INFO     Skipping 37693
08:10:46 root         INFO     Skipping 30429
08:10:46 root         INFO     Skipping 1249
08:10:46 root         INFO     Skipping 30434
08:10:46 root         INFO     Skipping 24199
08:10:46 root         INFO     Skipping 37688
08:10:46 root         INFO     Skipping 23853
08:10:46 root         INFO     Skipping 30456
08:10:46 root         INFO     Skipping 1036
08:10:46 root         INFO     Skipping 30436
08:10:46 root         INFO     Skipping 37690
08:10:46 root         INFO     Skipping 36428
08:10:46 root         INFO     Skipping 37721
08:10:46 root         INFO     Skipping 27646
08:10:46 root         INFO     Skipping 24187
08:10:46 root         INFO     Skipping 35551
08:10:46 root         INFO     Skipping 925
08:10:46 root         INFO     Skipping 21570
08:10:46 root         INFO     Skipping 21536
08:10:46 root         INFO     Skipping 604
08:10:46 root         INFO     Skipping 21562
08:10:46 root         INFO     Skipping 21572
08:10:46 root         INFO     Skipping 17884
08:10:46 root         INFO     Skipping 235
08:10:46 root         INFO     Skipping 21487
08:10:46 root         INFO     Skipping 27644
08:10:46 root         INFO     Skipping 37722
08:10:46 root         INFO     Skipping 24175
08:10:46 root         INFO     Skipping 27637
08:10:46 root         INFO     Skipping 9424
08:10:46 root         INFO     Skipping 24181
08:10:46 root         INFO     Skipping 37676
08:10:46 root         INFO     Skipping 15912
08:10:46 root         INFO     Skipping 1004
08:10:46 root         INFO     Skipping 15922
08:10:46 root         INFO     Skipping 21523
08:10:46 root         INFO     Skipping 14489
08:10:46 root         INFO     Skipping 18756
08:10:46 root         INFO     Skipping 23549
08:10:46 root         INFO     Skipping 30414
08:10:46 root         INFO     Skipping 28735
08:10:46 root         INFO     Skipping 599
08:10:46 root         INFO     Skipping 24124
08:10:46 root         INFO     Skipping 24218
08:10:46 root         INFO     Skipping 19874
08:10:46 root         INFO     Skipping 21467
08:10:46 root         INFO     Skipping 30525
08:10:46 root         INFO     Skipping 24176
08:10:46 root         INFO     Skipping 15949
08:10:46 root         INFO     Skipping 27630
08:10:46 root         INFO     Skipping 27632
08:10:46 root         INFO     Skipping 606
08:10:46 root         INFO     Skipping 27629
08:10:46 root         INFO     Skipping 24228
08:10:46 root         INFO     Skipping 562
08:10:46 root         INFO     Skipping 21633
08:10:46 root         INFO     Skipping 24225
08:10:46 root         INFO     Skipping 18725
08:10:46 root         INFO     Skipping 21567
08:10:46 root         INFO     Skipping 27628
08:10:46 root         INFO     Skipping 12921
08:10:46 root         INFO     Skipping 47
08:10:46 root         INFO     Skipping 8101
08:10:46 root         INFO     Skipping 27936
08:10:46 root         INFO     Skipping 23089
08:10:46 root         INFO     Skipping 15911
08:10:46 root         INFO     Skipping 30472
08:10:46 root         INFO     Skipping 35703
08:10:46 root         INFO     Skipping 30475
08:10:46 root         INFO     Skipping 18739
08:10:46 root         INFO     Skipping 30378
08:10:46 root         INFO     Skipping 21
08:10:46 root         INFO     Skipping 24169
08:10:46 root         INFO     Skipping 27616
08:10:46 root         INFO     Skipping 546
08:10:46 root         INFO     Skipping 125
08:10:46 root         INFO     Skipping 432
08:10:46 root         INFO     Skipping 23572
08:10:46 root         INFO     Skipping 1
08:10:46 root         INFO     Skipping 10
08:10:46 root         INFO     Skipping 106
08:10:46 root         INFO     Skipping 804
08:10:46 root         INFO     Skipping 697
08:10:46 root         INFO     Skipping 37667
08:10:46 root         INFO     Skipping 24234
08:10:46 root         INFO     Skipping 34781
08:10:46 root         INFO     Skipping 44
08:10:46 root         INFO     Skipping 2434
08:10:46 root         INFO     Skipping 7307
08:10:46 root         INFO     Skipping 7280
08:10:46 root         INFO     Skipping 14197
08:10:46 root         INFO     Skipping 6929
08:10:46 root         INFO     Skipping 24223
08:10:46 root         INFO     Skipping 30412
08:10:46 root         INFO     Skipping 21230
08:10:46 root         INFO     Skipping 7124
08:10:46 root         INFO     Skipping 7516
08:10:46 root         INFO     Skipping 9231
08:10:46 root         INFO     Skipping 13222
08:10:46 root         INFO     Skipping 24928
08:10:46 root         INFO     Skipping 14466
08:10:46 root         INFO     Skipping 19685
08:10:46 root         INFO     Skipping 14008
08:10:46 root         INFO     Skipping 20480
08:10:46 root         INFO     Skipping 7126
08:10:46 root         INFO     Skipping 15792
08:10:46 root         INFO     Skipping 27571
08:10:46 root         INFO     Skipping 19109
08:10:46 root         INFO     Skipping 14066
08:10:46 root         INFO     Skipping 7103
08:10:46 root         INFO     Skipping 13479
08:10:46 root         INFO     Skipping 13475
08:10:46 root         INFO     Skipping 24237
08:10:46 root         INFO     Skipping 28365
08:10:46 root         INFO     Skipping 7118
08:10:46 root         INFO     Skipping 19909
08:10:46 root         INFO     Skipping 13664
08:10:46 root         INFO     Skipping 13467
08:10:46 root         INFO     Skipping 18743
08:10:46 root         INFO     Skipping 19881
08:10:46 root         INFO     Skipping 6970
08:10:46 root         INFO     Skipping 7286
08:10:46 root         INFO     Skipping 14047
08:10:46 root         INFO     Skipping 35569
08:10:46 root         INFO     Skipping 37741
08:10:46 root         INFO     Skipping 37697
08:10:46 root         INFO     Skipping 1453
08:10:46 root         INFO     Skipping 18818
08:10:46 root         INFO     Skipping 37745
08:10:46 root         INFO     Skipping 18836
08:10:46 root         INFO     Skipping 37441
08:10:46 root         INFO     Skipping 24207
08:10:46 root         INFO     Skipping 1483
08:10:46 root         INFO     Skipping 30395
08:10:46 root         INFO     Skipping 30432
08:10:46 root         INFO     Skipping 36969
08:10:46 root         INFO     Skipping 21533
08:10:46 root         INFO     Skipping 1352
08:10:46 root         INFO     Skipping 30390
08:10:46 root         INFO     Skipping 1149
08:10:46 root         INFO     Skipping 24202
08:10:46 root         INFO     Skipping 30389
08:10:46 root         INFO     Skipping 15891
08:10:46 root         INFO     Skipping 14488
08:10:46 root         INFO     Skipping 30528
08:10:46 root         INFO     Skipping 27597
08:10:46 root         INFO     Skipping 37737
08:10:46 root         INFO     Skipping 1557
08:10:46 root         INFO     Skipping 27609
08:10:46 root         INFO     Skipping 900
08:10:46 root         INFO     Skipping 21527
08:10:46 root         INFO     Skipping 1479
08:10:46 root         INFO     Skipping 30387
08:10:46 root         INFO     Skipping 980
08:10:46 root         INFO     Skipping 37703
08:10:46 root         INFO     Skipping 15304
08:10:46 root         INFO     Skipping 14781
08:10:46 root         INFO     Skipping 15528
08:10:46 root         INFO     Skipping 25120
08:10:46 root         INFO     Skipping 33803
08:10:46 root         INFO     Skipping 20476
08:10:46 root         INFO     Skipping 27502
08:10:46 root         INFO     Skipping 13456
08:10:46 root         INFO     Skipping 27390
08:10:46 root         INFO     Skipping 15813
08:10:46 root         INFO     Skipping 7320
08:10:46 root         INFO     Skipping 20668
08:10:46 root         INFO     Skipping 38937
08:10:46 root         INFO     Skipping 37417
08:10:46 root         INFO     Skipping 13038
08:10:46 root         INFO     Skipping 6932
08:10:46 root         INFO     Skipping 14978
08:10:46 root         INFO     Skipping 17045
08:10:46 root         INFO     Skipping 22385
08:10:46 root         INFO     Skipping 7853
08:10:46 root         INFO     Skipping 14026
08:10:46 root         INFO     Skipping 14923
08:10:46 root         INFO     Skipping 7288
08:10:46 root         INFO     Skipping 7538
08:10:46 root         INFO     Skipping 13451
08:10:46 root         INFO     Skipping 25009
08:10:46 root         INFO     Skipping 9452
08:10:46 root         INFO     Skipping 20118
08:10:46 root         INFO     Skipping 20475
08:10:46 root         INFO     Skipping 14602
08:10:46 root         INFO     Skipping 7291
08:10:46 root         INFO     Skipping 13457
08:10:46 root         INFO     Skipping 7345
08:10:46 root         INFO     Skipping 35752
08:10:46 root         INFO     Skipping 31489
08:10:46 root         INFO     Skipping 15674
08:10:46 root         INFO     Skipping 31189
08:10:46 root         INFO     Skipping 20084
08:10:46 root         INFO     Skipping 16020
08:10:46 root         INFO     Skipping 2009
08:10:46 root         INFO     Skipping 1773
08:10:46 root         INFO     Skipping 7337
08:10:46 root         INFO     Skipping 14910
08:10:46 root         INFO     Skipping 7339
08:10:46 root         INFO     Skipping 24976
08:10:46 root         INFO     Skipping 30360
08:10:46 root         INFO     Skipping 24315
08:10:46 root         INFO     Skipping 30361
08:10:46 root         INFO     Skipping 30358
08:10:46 root         INFO     Skipping 37191
08:10:46 root         INFO     Skipping 3129
08:10:46 root         INFO     Skipping 3052
08:10:46 root         INFO     Skipping 37932
08:10:46 root         INFO     Skipping 3125
08:10:46 root         INFO     Skipping 3109
08:10:46 root         INFO     Skipping 20056
08:10:46 root         INFO     Skipping 37778
08:10:46 root         INFO     Skipping 35587
08:10:46 root         INFO     Skipping 28452
08:10:46 root         INFO     Skipping 3320
08:10:46 root         INFO     Skipping 30367
08:10:46 root         INFO     Skipping 3048
08:10:46 root         INFO     Skipping 3072
08:10:46 root         INFO     Skipping 38049
08:10:46 root         INFO     Skipping 30366
08:10:46 root         INFO     Skipping 30368
08:10:46 root         INFO     Skipping 27956
08:10:46 root         INFO     Skipping 15709
08:10:46 root         INFO     Skipping 38047
08:10:46 root         INFO     Skipping 3137
08:10:46 root         INFO     Skipping 3085
08:10:46 root         INFO     Skipping 2042
08:10:46 root         INFO     Skipping 30374
08:10:46 root         INFO     Skipping 3064
08:10:46 root         INFO     Skipping 3286
08:10:46 root         INFO     Skipping 30362
08:10:46 root         INFO     Skipping 3309
08:10:46 root         INFO     Skipping 37826
08:10:46 root         INFO     Skipping 4972
08:10:46 root         INFO     Skipping 15790
08:10:46 root         INFO     Skipping 18747
08:10:46 root         INFO     Skipping 22401
08:10:46 root         INFO     Skipping 18711
08:10:46 root         INFO     Skipping 3123
08:10:46 root         INFO     Skipping 3296
08:10:46 root         INFO     Skipping 30617
08:10:46 root         INFO     Skipping 19614
08:10:46 root         INFO     Skipping 23295
08:10:46 root         INFO     Skipping 35818
08:10:46 root         INFO     Skipping 7531
08:10:46 root         INFO     Skipping 19559
08:10:46 root         INFO     Skipping 26784
08:10:46 root         INFO     Skipping 25775
08:10:46 root         INFO     Skipping 27321
08:10:46 root         INFO     Skipping 7234
08:10:46 root         INFO     Skipping 6914
08:10:46 root         INFO     Skipping 58455
08:10:46 root         INFO     Skipping 18113
08:10:46 root         INFO     Skipping 39880
08:10:46 root         INFO     Skipping 22565
08:10:46 root         INFO     Skipping 27877
08:10:46 root         INFO     Skipping 23176
08:10:46 root         INFO     Skipping 20510
08:10:46 root         INFO     Skipping 22316
08:10:46 root         INFO     Skipping 20813
08:10:46 root         INFO     Skipping 21209
08:10:46 root         INFO     Skipping 17932
08:10:46 root         INFO     Skipping 6002
08:10:46 root         INFO     Skipping 2505
08:10:46 root         INFO     Skipping 2000
08:10:46 root         INFO     Skipping 38456
08:10:46 root         INFO     Skipping 23099
08:10:46 root         INFO     Skipping 18560
08:10:46 root         INFO     Skipping 13255
08:10:46 root         INFO     Skipping 20676
08:10:46 root         INFO     Skipping 25743
08:10:46 root         INFO     Skipping 17989
08:10:46 root         INFO     Skipping 21452
08:10:46 root         INFO     Skipping 17224
08:10:46 root         INFO     Skipping 25875
08:10:46 root         INFO     Skipping 3486
08:10:46 root         INFO     Skipping 15377
08:10:46 root         INFO     Skipping 3418
08:10:46 root         INFO     Skipping 3492
08:10:46 root         INFO     Skipping 17990
08:10:46 root         INFO     Skipping 27184
08:10:46 root         INFO     Skipping 39590
08:10:46 root         INFO     Skipping 30767
08:10:46 root         INFO     Skipping 15022
08:10:46 root         INFO     Skipping 21452
08:10:46 root         INFO     Skipping 37309
08:10:46 root         INFO     Skipping 25730
08:10:47 root         INFO     Driver opened url https://pressroom.toyota.com/corporate/latest-news/: 0.5 second load started
08:10:48 root         INFO     Driver opened url https://pressroom.toyota.com/rising-stars-lasting-legacies-toyota-illuminates-future-stars-at-2025-pro-bowl-games-and-super-bowl-lix-empowering-communities-nationwide-through-the-generational-impact-of-football/: 0.5 second load started
08:10:49 root         DEBUG    Titles: Rising Stars, Lasting Legacies: Toyota Illuminates Future Stars at 2025 Pro Bowl Games and Super Bowl LIX, Empowering Communities Nationwide Through the Generational Impact of Football
08:10:49 root         DEBUG    Dates: 2025-01-27
08:10:49 root         DEBUG    Desc: Super Bowl LIX programming showcases Toyota Trucks Family, including the All-New 4Runner, Live Content and Fan Experiences 

PLANO, Texas (Jan. 27, 2025) –  Toyota Motor North America (TMNA) today announced a series of experiences as part of its activations at the 2025 Pro Bowl Games in Orlando and Super Bowl LIX in New Orleans. 

From the talent and entertainment on display in Orlando, to the bright lights of the NFL Honors stage and uplifting New Orleans’ most overlooked neighborhoods, the “Official Automotive Partner of the NFL” will celebrate all levels of stardom including spotlighting youth destined for future greatness in their community. 

“Our partnership with the NFL demonstrates our focus on supporting the next generation of football players, from youth leagues, high schools, HBCUs, to current NFL players,” said Michael Tripp, group vice president, Toyota division marketing. “Our collaboration with the NFL builds on Toyota’s 68-year grassroots legacy in football, aiming to make a positive impact on communities through our involvement with NFL FLAG.” 

Here are the moments that Toyota will engineer to engage fans and strengthen community connections: 

NFL FLAG HBCU Tournament Presented by Toyota    
Toyota extends its long-standing support of Historically Black Colleges and Universities (HBCUs) and celebrates their role in growing the sport by powering the first-ever HBCU flag football tournament at this year’s Pro Bowl Games in Orlando. The tournament from January 30 to February 1 will see teams take the field with over 250 athletes from HBCU flag football programs from across the country. Participants will receive NFL star treatment given to the world’s best football players who will be in-market for the 2025 Pro Bowl Games. 

“Our support of NFL FLAG offers opportunities for people of all ages to enjoy football’s countless emotional and physical benefits. We saw this as a way to connect our long-standing support for HBCUs with our wider commitment to all flag players nationwide,” said Tripp. 

Toyota’s “Glow Up Classic” Benefiting New Orleans’ 18th Ward    
Toyota will host three epic, first-of-their-kind flag football exhibition games on February 4 in which New Orleans youth players will play in darkness using black light that illuminates UV-reactive jerseys and equipment to emulate a “glow-in-the-dark” feel. 

The “Toyota Glow Up Classic” spotlights a problem: less than 20% of kids in Orleans Parish are active in sports due to financial constraints  (sources:  The18thWard.org  , The Aspen Institute). 

Following the event, Toyota will leave a lasting impact in the community by unveiling the installation of permanent lights at New Orleans’ 18th Ward Field, transforming it into a lasting beacon for community sports long after Super Bowl LIX. Supporting the effort are surprise appearances by NFL stars. 

“NFL FLAG empowers athletes of all ages and abilities to experience football’s lasting benefits. But building the next generation of stars requires community support. This game spotlights the incredible players who can thrive when given the chance,” said Dedra DeLilli, vice president, marketing communications, Toyota Motor North America. 

Toyota “Ride Shotgun” at Super Bowl Experience    
Toyota will enable fans of all ages to have NFL’s superstars “ride shotgun” with them at Super Bowl Experience (February 5-8), placing fans and their families in thrilling and humorous augmented reality (AR) scenes that simulate driving alongside NFL players. 

The AR capabilities will be featured inside Toyota’s 2025 Sequoia and Land Cruiser, providing fans the chance to co-star in fun, gameday-inspired vignettes alongside their favorite Team Toyota athletes. Fans will have their choice of “riding shotgun” with Brock Purdy (San Francisco 49ers), Christian Gonzalez (New England Patriots), Kyle Hamilton (Baltimore Ravens), Michael Pittman Jr. (Indianapolis Colts) or longtime Toyota spokesperson Eli Manning. 

“We designed this experience to allow fans to imagine themselves arriving at the peak of stardom, using technology to place them riding shotgun with our Team Toyota NFL stars on a simulated drive,” said DeLilli. 

Celebrating NFL FLAG Stars at NFL Honors    
The “NFL FLAG Players of the Year Award Presented by Toyota” spotlights a pair of standout athletes whose incredible skill and dedication to their teams and communities personifies the values of NFL FLAG both on and off the field. 

The female and male players of the year will be honored at NFL Honors on February 6, 2025 and will later attend Super Bowl LIX on behalf of Toyota. 

Toyota serves as a presenting sponsor for NFL FLAG, supporting 1,800 local leagues and empowering 750,000 youth athletes nationwide to experience the joy of non-contact football through the support of its 1,200 U.S. dealers. 

Organically embedded into each activation is a new member of the Toyota vehicle family including the 2025 Tacoma TRD Pro Hybrid, 2025 Sequoia Capstone, 2025 Tailgate Tundra, and 2025 4Runner TRD Pro. 

At a regional level, Toyota also currently sponsors eleven NFL teams through its network of dealer associations. Local activations will be driven by Toyota’s 1,200+ dealers across the U.S. Together, these partnerships will bring the shared mission of Toyota and the NFL boosting the next generation of superstars in communities everywhere with football as a unifying force. 

####  Related Media 

  * Related Images 



  * Share on Facebook 
  * Share on Linkedin 
  * Send email 
  * Copy Link 



About Toyota    
Toyota (NYSE:TM) has been a part of the cultural fabric in North America for nearly 70 years, and is committed to advancing sustainable, next-generation mobility through our Toyota and Lexus brands, plus our more than 1,800 dealerships. 

Toyota directly employs nearly 64,000 people in North America who have contributed to the design, engineering, and assembly of nearly 49 million cars and trucks at our 14 manufacturing plants. In spring 2025, Toyota’s plant in North Carolina will begin to manufacture automotive batteries for electrified vehicles. With more electrified vehicles on the road than any other automaker, Toyota currently offers 31 electrified options. 

For more information about Toyota, visit  www.ToyotaNewsroom.com  . 

About NFL FLAG    
NFL Flag is the official flag football program of the NFL, operated in partnership with RCX Sports. NFL Flag programming boasts a network of 750,000 youth athletes across the United States and Canada and extends to more than 13 markets around the world. Fast-paced and accessible for all, flag football is one of the fastest growing sports globally with women and girls leading some of the largest growth and increased participation. Learn more online at  nflflag.com  . 

##  Media Contacts 

Sam Mahoney   
samuel.mahoney@toyota.com 

  * Add to Cart 
  * Print 
  * Convert to PDF 



08:10:49 root         DEBUG    Agency_id 18418
08:10:49 root         DEBUG    Article Link: https://pressroom.toyota.com/rising-stars-lasting-legacies-toyota-illuminates-future-stars-at-2025-pro-bowl-games-and-super-bowl-lix-empowering-communities-nationwide-through-the-generational-impact-of-football/
08:10:49 root         INFO     LEDE: [testlede] month: [Jan.] day: [27]
08:10:49 root         INFO     
ADDING: FILENAME: [testfilename f Football] TITLE: [Rising Stars, Lasting Legacies: Toyota Illuminates Future Stars at 2025 Pro Bowl Games and Super Bowl LIX, Empowering Communities Nationwide Through the Generational Impact of Football] DATE: [2025-01-27] ID [18418]

08:10:49 root         INFO     Driver opened url https://pressroom.toyota.com/toyota-launches-you-cant-stop-my-drive-a-new-campaign-focused-on-acknowledging-and-celebrating-black-men-through-the-power-of-mobility/: 0.5 second load started
08:10:50 root         DEBUG    Titles: Toyota Launches 'You Can't Stop My Drive,' A New Campaign Focused on Acknowledging and Celebrating Black Men through the Power of Mobility
08:10:50 root         DEBUG    Dates: 2025-01-24
08:10:50 root         DEBUG    Desc: PLANO, Texas (Jan. 24, 2025) –  Toyota has proudly lifted the wraps on its newest national brand campaign, “You Can’t Stop My Drive,” which celebrates the shared optimism for a progressive future, focused on Black men. Toyota’s 2025 campaign aims to reinforce its emotional connection with Black men by spotlighting mobility as a transformative influence in their daily lives. 

The aim of “You Can’t Stop My Drive” is to help reshape public perceptions of Toyota among Black males. The brand is actively engaging younger buyers by highlighting mobility as more than just transportation, but a mindset and tool for an empowered and obtainable future. The new campaign represents a shift in tone that challenges Toyota to speak to the target in a bolder, more reflective and authentic way. 

“I have a lot of heart for this consumer. In them, I see a younger version of myself. The confidence, the drive, the refusal to back down or alter their sense of expression,” said Corey D. Seaton, Burrell Communications group VP-group creative director. “We worked tirelessly to honor these men, injecting their bold and unflinching energy into every aspect of this campaign–music, copy, voice over, performances. We are more than thrilled with the outcome.” 

The automaker echoed that sentiment. “We at Toyota are truly excited to embark upon this journey with our valued customers and the Black community, celebrating mobility as one of the key anchors of their progress and achievement,” said Mike Tripp, group vice president of Toyota Marketing. “Through this campaign, we want Black men to feel seen, valued, heard and appreciated by our brand, fostering a genuine emotional connection that goes beyond just our vehicles,” he added. 

The new brand campaign taps into what’s at the forefront of Black men’s minds—the power of their unique culture, the impact of their experiences, their personal passions and how all intersect with mobility. The effort underscores Toyota’s on-going commitment to supporting the community’s desire to manifest new realities and create a progressive future together. It prominently features the voices of Toyota GR Cup racer Westin Workman and fashion influencer Devan on Deck. NBA star Damian Lillard also lends his iconic voice to the campaign’s content, further amplifying the message. 

Toyota Unveils ‘You Can’t Stop My Drive’ 

  * Westin Workman, GR Cup Racer  : As a rising star in Toyota’s racing program, Workman embodies the determination and forward-thinking mindset that defines the campaign. 
  * Devan on Deck, Style and Fashion Influencer  : Known for his unique approach to merging style and purpose, Devan on Deck connects with younger audiences, sharing how mobility fuels self-expression and progress. His contributions include Instagram Stories, branded stills and creative digital content. 
  * Damian Lillard, NBA Superstar  : Lending his iconic voice to all of the campaign storytelling elements, Lillard—also a Toyota dealership owner himself—underscores the power of mobility as a means of breaking barriers and achieving dreams. 



Together, these influencers showcase the multifaceted ways in which mobility drives success, self-discovery and life-changing optimism. Toyota’s “You can’t Stop My Drive” champions the intangible element of movement to uplift individuals and communities. 

####  Related Media 

  * Related Images 
  * Related Videos 



  * Share on Facebook 
  * Share on Linkedin 
  * Send email 
  * Copy Link 



About Toyota    
Toyota (NYSE:TM) has been a part of the cultural fabric in North America for nearly 70 years, and is committed to advancing sustainable, next-generation mobility through our Toyota and Lexus brands, plus our more than 1,800 dealerships. 

Toyota directly employs nearly 64,000 people in North America who have contributed to the design, engineering, and assembly of nearly 49 million cars and trucks at our 14 manufacturing plants. In spring 2025, Toyota’s plant in North Carolina will begin to manufacture automotive batteries for electrified vehicles. With more electrified vehicles on the road than any other automaker, Toyota currently offers 31 electrified options. 

For more information about Toyota, visit  www.ToyotaNewsroom.com  . 

##  Media Contacts 

Sam Mahoney   
Media Relations, TMNA   
980.900.8573   
samuel.mahoney@toyota.com 

Ronald E. Childs   
Burrell Communications Group   
rchilds@burrell.com 

  * Add to Cart 
  * Print 
  * Convert to PDF 



08:10:50 root         DEBUG    Agency_id 18418
08:10:50 root         DEBUG    Article Link: https://pressroom.toyota.com/toyota-launches-you-cant-stop-my-drive-a-new-campaign-focused-on-acknowledging-and-celebrating-black-men-through-the-power-of-mobility/
08:10:50 root         INFO     LEDE: [testlede] month: [Jan.] day: [24]
08:10:50 root         INFO     
ADDING: FILENAME: [testfilename f Mobility] TITLE: [Toyota Launches 'You Can't Stop My Drive,' A New Campaign Focused on Acknowledging and Celebrating Black Men through the Power of Mobility] DATE: [2025-01-24] ID [18418]

08:10:50 root         INFO     Driver opened url https://pressroom.toyota.com/toyota-motor-north-america-announces-executive-changes-14/: 0.5 second load started
08:10:51 root         DEBUG    Titles: Toyota Motor North America Announces Executive Changes
08:10:51 root         DEBUG    Dates: 2025-01-22
08:10:51 root         DEBUG    Desc: Mark Templin Named COO, Hollis to Retire 

PLANO, Texas (Jan. 22, 2025)  – After more than 33 years of service, Jack Hollis, executive vice president and chief operating officer, Toyota Motor North America (TMNA), is retiring effective today. Mark Templin, currently the director and group chief operating officer of Toyota Financial Services Corporation, CEO of the Americas Oceania Region, CEO of Toyota Insurance Management Solutions, and Chairman of the Board for Toyota Motor Credit Corporation and Toyota Financial Savings Bank, will succeed Hollis, reporting to Ted Ogawa, President and CEO, TMNA, effective January 27, 2025. In addition to taking on the role of executive vice president and chief operating officer, TMNA, Templin will continue to be responsible for global roles with Toyota Financial Services (TFS) and other affiliated companies. 

Since joining Toyota in 1992, Hollis has served in multiple national and regional management positions for Toyota, Lexus and Scion. Prior to his current role, he served as executive vice president, Sales. Hollis also served as senior vice president of automotive operations where he was responsible for sales, market representation, marketing and customer relations activities for the Toyota and Lexus brands, as well as operations in Puerto Rico and Mexico. Prior to that, Hollis served as group vice president and general manager of the Toyota Division. He also served as vice president of the Scion brand. 

“Some time ago, Jack let us know he wanted to retire. During his time here, Jack has been instrumental in building a world-class sales and marketing team, exceptional dealer relationships and served as a true brand advocate for the Olympics and Paralympics,” said Ogawa. “We’re thankful for his dedication to Toyota and wish him well.” 

“I’m so thankful for the great opportunities that Toyota has offered me during my career here, and I have been honored to work with so many amazing team members across the company, as well as the greatest dealers on the globe,” said Hollis. “While there is never a perfect time to retire, the timing is right given the new start of the year. I am very confident in the future of Toyota as I move on to take on new challenges.” 

In Templin’s dual-capped role, he will be responsible for overseeing Sales, Marketing, Toyota Racing Development, Product Planning, Customer Service, Demand and Supply, Manufacturing and Product Support for the Toyota and Lexus brands in North America. He will also continue to be responsible for global roles with TFS and other affiliated companies. 

Templin joined Toyota in 1990 and held a number of operational and field positions. In 2005, he took over the Scion brand and was responsible for all Scion activities. He then served as group vice president and general manager of the Lexus Division, overseeing all aspects of the brands’ U.S. automotive operations. He later added a dual-capped role with global responsibilities as general manager, Lexus Planning Division at Toyota Motor Corporation. In his next role, Templin was elevated to managing officer and executive vice president of Lexus International. 

For 35 years, Templin has helped shape all three brands. He also helped Toyota Financial Services (TFS) be a leader in the industry as the number one captive finance company. During his tenure as President and CEO of TFS, he oversaw its digital transformation, expanded the business by adding private label services for Mazda Financial Services and Bass Pro Financial Services, and helped successfully prepare the company for the future. 

“Mark has a deep understanding of the business, our operations and dealer network,” said Ogawa. “With his knowledge and experience, relentless focus on the customer, and his drive for innovation, he will play a leading role as we continue our transformation into a mobility company.” 

####  Related Media 

  * Related Images 



  * Share on Facebook 
  * Share on Linkedin 
  * Send email 
  * Copy Link 



About Toyota 

Toyota (NYSE:TM) has been a part of the cultural fabric in North America for nearly 70 years, and is committed to advancing sustainable, next-generation mobility through our Toyota and Lexus brands, plus our more than 1,800 dealerships. 

Toyota directly employs nearly 64,000 people in North America who have contributed to the design, engineering, and assembly of nearly 49 million cars and trucks at our 14 manufacturing plants. In spring 2025, Toyota’s plant in North Carolina will begin to manufacture automotive batteries for electrified vehicles. With more electrified vehicles on the road than any other automaker, Toyota currently offers 31 electrified options. 

For more information about Toyota, visit  www.ToyotaNewsroom.com  . 

##  Media Contacts 

Ed Hellwig   
edward.hellwig@toyota.com 

  * Add to Cart 
  * Print 
  * Convert to PDF 



08:10:51 root         DEBUG    Agency_id 18418
08:10:51 root         DEBUG    Article Link: https://pressroom.toyota.com/toyota-motor-north-america-announces-executive-changes-14/
08:10:51 root         INFO     LEDE: [testlede] month: [Jan.] day: [22]
08:10:51 root         INFO     
ADDING: FILENAME: [testfilename ve Changes] TITLE: [Toyota Motor North America Announces Executive Changes] DATE: [2025-01-22] ID [18418]

08:10:51 root         INFO     Driver opened url https://pressroom.toyota.com/toyota-supports-california-fires-relief-efforts/: 0.5 second load started
08:10:52 root         DEBUG    Titles: Toyota Supports California Fires Relief Efforts
08:10:52 root         DEBUG    Dates: 2025-01-09
08:10:52 root         DEBUG    Desc: Contributions promote recovery; customer payment relief offers assist those in need 

PLANO, Texas  (  Jan. 9, 2025) –  Toyota Motor North America  and  Toyota Financial Services  announced efforts to assist those suffering from the impacts of the recent fires in California. Toyota contributes annually to  The American Red Cross  and  SBP  , and these funds are utilized to support recovery efforts when disasters strike around the nation. To further assist affected communities, Toyota is matching contributions for donations made by U.S.-based employees to support The American Red Cross, SBP and other eligible nonprofits. 

Additionally, Toyota Financial Services announced it is offering payment relief options to affected customers. This broad outreach includes any Toyota Financial Services (TFS) or Lexus Financial Services (LFS) customer in the designated disaster areas. 

Impacted lease and finance customers residing in the affected area may be eligible to take advantage of several payment relief options, some of which include: 

  * extensions and lease deferred payments; 
  * redirecting billing statements; and 
  * arranging phone or online payments. 



Customers who would like to discuss their account options are encouraged to contact TFS or LFS: 

Toyota Financial Services  customers may call  800-874-8822  or contact TFS via email using the Mail Center function after logging into  ToyotaFinancial.com  . 

Lexus Financial Services  customers may call  800-874-7050  or contact LFS via email using the Mail Center function after logging into  LexusFinancial.com. 

We extend our heartfelt thoughts to those affected by the fires. 

####  Related Media 

  * Related Images 



  * Share on Facebook 
  * Share on Linkedin 
  * Send email 
  * Copy Link 



About Toyota    
Toyota (NYSE:TM) has been a part of the cultural fabric in North America for more than 65 years, and is committed to advancing sustainable, next-generation mobility through our Toyota and Lexus brands, plus our more than 1,800 dealerships. 

Toyota directly employs nearly 64,000 people in North America who have contributed to the design, engineering, and assembly of nearly 47 million cars and trucks at our 14 manufacturing plants. In 2025, Toyota’s plant in North Carolina will begin to manufacture automotive batteries for electrified vehicles. With more electrified vehicles on the road than any other automaker, Toyota currently offers 30 electrified options. 

For more information about Toyota, visit  www.ToyotaNewsroom.com  . 

##  Media Contacts 

Derrick Brown   
469.486.9065 

  * Add to Cart 
  * Print 
  * Convert to PDF 



08:10:52 root         DEBUG    Agency_id 18418
08:10:52 root         DEBUG    Article Link: https://pressroom.toyota.com/toyota-supports-california-fires-relief-efforts/
08:10:52 root         INFO     LEDE: [testlede] month: [Jan.] day: [9]
08:10:52 root         INFO     
ADDING: FILENAME: [testfilename ef Efforts] TITLE: [Toyota Supports California Fires Relief Efforts] DATE: [2025-01-09] ID [18418]

08:10:52 root         INFO     Driver opened url https://pressroom.toyota.com/2025-toyota-prius-gets-a-moody-vibe-with-new-nightshade-grade/: 0.5 second load started
08:10:53 root         DEBUG    Titles: 2025 Toyota Prius Gets a Moody Vibe with New Nightshade Grade
08:10:53 root         DEBUG    Dates: 2025-01-07
08:10:53 root         DEBUG    Desc:   * New Toyota Prius Nightshade Grade Available in 2025 
  * Nightshade Grade Available in New Exclusive Karashi Exterior Color 
  * Fifth-Generation Toyota Hybrid System with Up To 196 Net-Combined Horsepower and 152 lb.-ft. of Torque 
  * Impressive Fuel Economy with Up to an EPA-estimated 57 MPG combined rating 
  * Electronic On-Demand All-Wheel Drive Available on Each Grade 
  * Toyota Audio Multimedia Standard with Available 12.3-inch Touchscreen 
  * Toyota Safety Sense 3.0 Standard 



PLANO, Texas (Jan. 7, 2025)  – Look out, the Toyota Prius lineup is making room for a new Nightshade grade. Based off the XLE, the new Nightshade grade adds 19-inch black-finished alloy wheels, black exterior badging, a black shark fin antenna, black front door handles, and black bumper trim – adding a dark moody feel to the sleek and stylish sedan. The Nightshade grade also adds some spice with a new exclusive color Karashi. Other exterior color options for the grade include Midnight Black Metallic and Wind Chill Pearl. 

The 2025 Toyota Prius is available in four grades: LE, XLE, Nightshade and Limited. Under the hood is the fifth-generation Toyota Hybrid System (THS 5) and a 2.0L engine, delivering 194 net-combined horsepower on Front-Wheel Drive (FWD) equipped models, and up to 196 net-combined horsepower on the Electronic On-Demand All-Wheel Drive (AWD) equipped models. The hybrid system offers excellent fuel economy with an EPA-estimated rating of up to 57 MPG combined. The available e-AWD system adds extra grip when needed and has an impressive EPA-estimated 54 MPG combined rating. 

The Prius will be available in a choice of s  even  colors: Wind Chill Pearl, Cutting Edge, Guardian Gray, Midnight Black Metallic, Supersonic Red, Reservoir Blue and  Karashi  (exclusive to Nightshade grade). The Manufacturer’s Suggested Retail Price, excluding Dealer Processing and Handling, will start at $  28,350  for the LE grade. 

Stellar Efficiency with Fifth Gen THS    
The 2025 Prius pairs the fifth-generation Toyota Hybrid System (THS 5) with a M20A-FXS inline four-cylinder 2.0L gas engine with two motor-generators through a planetary-type continuously variable transmission. A compact high-output/low-loss drive motor for the transaxle/motor uses a six magnet and electromagnetic steel plate configuration to support drive functions. 

The engine, working in concert with the larger electric motor (MG2), assures responsive performance, while exemplary energy efficiency is achieved by using both electric motors (MG1 and MG2) to charge a lithium-ion battery. The result is an engaging acceleration experience with 194 combined hybrid system horsepower and an estimated 0-60 time of 7.2 seconds for FWD equipped models. 

Another boost to Prius’ fuel efficiency comes from the Electronically Controlled Brake system, which coordinates operation between the regenerative braking force of the electric motors and the hydraulic braking system force to provide optimal stopping power. By proactively using the electric motors to recover as much electrical energy as possible from the regenerative braking system, this extremely efficient cooperative control helps to maximize fuel economy. 

Prius also offers EV mode, which allows the vehicle to be operated as a pure electric vehicle for short distances, depending upon certain conditions, such as battery charge level and vehicle speed. This mode is useful for operating the vehicle in parking lots or indoor parking garages, for example. The Vehicle Proximity Notification feature is designed to alert pedestrians of the vehicle’s presence when running in battery mode. 

With the push of a button, the 2025 Prius also comes with standard selectable Drive modes: 

  * NORMAL:  Allows the hybrid system to achieve an ideal combination of fuel economy and vehicle acceleration. The accelerator opening amount changes linearly in response to accelerator pedal operation. 
  * ECO:  Improves hybrid system efficiency by limiting power in response to light to moderate accelerator pedal input. 
  * SPORT:  Enhances dynamic performance and acceleration. 



Electronic On-Demand All-Wheel Drive    
The 2025 Prius also has an available Electronic On-Demand All-Wheel Drive (AWD) system on all grades that gives it the capability to deliver added traction when needed. The AWD system uses a motor to drive the rear wheels, enabling stable driving performance when starting off, when driving on slippery road surfaces, and to assist while cornering. 

AWD-equipped models employ a separate rear-mounted electric motor that powers the rear wheels when needed. Adding AWD to the Prius offers 196 combined system horsepower and a manufacturer-estimated 0-60 time of 7.0 seconds. 

A high-output IPM (Interior Permanent Magnet) motor drives the rear wheels, allowing for a compact design that can reduce wheel spin in low traction situations and improve stability when turning. The system works seamlessly by preemptively distributing driving force to the rear wheels to help suppress front wheel slip during off-the-line starts. It also engages the rear motor in response to slippage at the front wheels and enhances cornering agility by helping to reduce understeer. 

The AWD system performs precise electronic control of the front-rear torque distribution in accordance with the driving conditions. This motor-driven AWD system is capable of efficiently using the battery power for driving the front and rear wheels. Data from the wheel speed sensors and G-force sensors is processed by the vehicle computer system and sent to the rear motor as electrical signals to control the rear wheel torque. The system provides the optimal front-rear torque distribution based on the vehicle speed and accelerator operation amount and performs control according to the conditions to allow stable driving. 

Intelligent Technology    
The 2025 Toyota Prius is equipped with an 8-inch Toyota Audio Multimedia Screen on the LE and XLE grades, and a 12.3-inch Toyota Audio Multimedia screen is standard on the Nightshade and Limited grades. The Toyota Audio Multimedia system gives drivers the opportunity to access a wide range of enhanced connectivity and convenience features, including Over-the-Air (OTA) updates. 

Users can interact with the system through intuitive touch and voice activation controls. With the available Drive Connect* Connected Service, drivers and passengers have access to Intelligent Assistant, Cloud Navigation and Destination Assist. With Intelligent Assistant, simple phrases like “Hey Toyota” awaken the system for voice activated commands to search for directions, find Points of Interest (POI), adjust audio controls, change the cabin temperatures and more. Cloud Navigation, the available onboard navigation solution, utilizes the cloud to download the latest available map, traffic and routing information. To ensure users have the most up-to-date search capabilities, POI search is provided by Google Points-of-Interest data. Destination Assist also gives access to 24/7 live agent assistance to locate the next destination. 

The Toyota Audio Multimedia system allows for dual Bluetooth® phone connectivity, with support for standard wireless Apple CarPlay® and Android Auto™ compatibility. 

For those looking for an enhanced audio experience, the Prius offers a JBL® Premium Audio system with eight speakers. Standard on the Limited grade only, with the use of Clari-Fi® technology, the system is also able to breathe life into compressed digital music formats enhancing the audio experience. A six-speaker audio system comes standard on the LE and XLE grades. 

Ready to handle all your device charging needs, the Prius is equipped with six USB-C ports in the cabin. Up front, there are two Type-C USB ports at the bottom of the center stack plus two more Type-C USB ports in the center console. For rear seat passengers, two Type-C USB ports are located at the bottom rear of the center console. 

With further connectivity, the Prius has a standard Wi-Fi Connect* 1-month or up to 3 GB trial that offers 4G connectivity for up to five devices – turning the Prius into an AT&T Hotspot. Adding to the already robust offering of audio playback ability with HD Radio®, USB data and a SiriusXM® 3-month trial subscription, Wi-Fi Connect also enables the new Integrated Streaming feature, providing customers the ability to link their separate Apple Music® and Amazon Music® subscriptions to the vehicle for onboard control. 

Each Prius also offers a Safety Connect* and Service Connect* trial. The Safety Connect trial includes an Emergency Assistance Button (SOS), 24/7 Enhanced Roadside Assistance, Automatic Collision Notification and Stolen Vehicle Locator for up to a 10-years. Service Connect gives drivers the ability to receive Vehicle Health Reports, Maintenance Alerts and reminders, also with up to a 10-year trial. 

With the Toyota mobile application, users can stay connected to their Prius with Remote Connect* capabilities. A one-year trial of Remote Connect comes on all grades. Users can activate headlights, lock/unlock the doors and remotely start the vehicle. Users can also check vehicle status, receive reminder notifications and set Guest Driver Alerts. Digital Key* is also available with Remote Connect for the XLE and Limited Grades – making it easy to lock and unlock doors, remote start and more all from a smart phone. 

* 4G network dependent. 

Safety & Convenience    
The Toyota Prius comes standard with Toyota Safety Sense 3.0. The suite includes: 

  * Pre-Collision System with Pedestrian Detection:  Pre-Collision System with Pedestrian Detection (PCS w/PD) is designed to help detect a vehicle, pedestrian, bicyclist, or motorcyclist and provide an audible/visual forward-collision warning under certain circumstances. If you don’t react, the system is designed to provide automatic emergency braking. 
  * Full-Speed Range Dynamic Radar Cruise Control:  Full-Speed Range Dynamic Radar Cruise Control (DRCC) is an adaptive cruise control system that is designed to be set at speeds above 20 mph. DRCC uses vehicle-to-vehicle distance control to help maintain a preset distance from the vehicle ahead of you. 
  * Lane Departure Alert with Steering Assist:  Lane Departure Alert with Steering Assist (LDA w/SA) detects lane markings or the road’s edge at speeds above 30 mph. LDA w/SA is designed to provide an audible/visual warning if an inadvertent lane departure is detected. If no corrective action is taken, Steering Assist is designed to provide gentle corrective steering for lane-keeping assistance. 
  * Lane Tracing Assist:  Lane Tracing Assist (LTA) is designed to help keep the vehicle in the center of a lane. LTA assists the driver with steering control while DRCC is in use. 
  * Road Sign Assist:  Road Sign Assist (RSA) uses the forward-facing camera to recognize specific road signs, such as speed limit, stop, and yield signs. RSA provides  sign  information to the driver via the  Digital Gauge Cluster  . 
  * Automatic High Beams:  Automatic High Beams (AHB) is designed to detect headlights of oncoming vehicles and taillights of preceding vehicles. AHB automatically toggles between high and low beams as appropriate. 
  * Proactive Driving Assist:  Proactive Driving Assist (PDA) uses the vehicle’s camera and radar, when system operating conditions are met, to provide gentle braking and/or steering to support driving tasks such as distance control between your vehicle and a preceding vehicle, pedestrian, or bicyclist. PDA can also provide gentle braking into curves. 



For complete details on Toyota Safety Sense 3.0, please visit  Toyota.com/safety-sense  . 

There are also no shortage of convenience features available on the 2025 Toyota Prius. Blind Spot Monitor with Rear Cross-Traffic Alert comes standard on all grades. Also standard is Safe Exit Alert, which is designed to detect vehicles and bicycles approaching from the rear and alert an occupant when they exit the vehicle, helping to avoid or mitigate collisions with the door. Front and Rear Parking Assist with Automatic Braking is available on all grades. A Panoramic View Monitor is available on Limited and provides a live rotating 360-degree view around the vehicle. Advanced Park is available on the Limited grade, a hands-free system designed to assist you with parallel parking or backing into a parking space. 

2025 Prius Grade Walk    
The 2025 Toyota Prius will be available in four grades. Standard features across all grades include Toyota Audio Multimedia  with an 8-inch  touchscreen, Wireless Apple CarPlay  and Android Auto™ compatibility,  7-inch  digital gauge cluster  , and Toyota Safety Sense 3.0. 

Key LE grade features include: 

  * 17-inch alloy wheels with wheel covers 
  * 6-way adjustable fabric-trimmed front seats in black or grey 
  * SofTex®-trimmed steering wheel 
  * Single zone climate control 
  * Six USB-C ports 
  * Electronic Parking Brake 
  * Blind Spot Monitor with Rear Cross-Traffic Alert 



The XLE grade includes everything on the LE grade plus: 

  * 19-inch alloy wheels 
  * 8-way adjustable SofTex®-trimmed front seats 
  * SofTex®-trimmed heated tilt/telescopic steering wheel 
  * Heated front seats 
  * Qi-compatible wireless charger 
  * Rain-sensing windshield wipers 



Based off the XLE grade, the Nightshade grade has the following unique features: 

  * 19-inch alloy wheels with black finish 
  * Black bumper trim 
  * Black shark fin antenna 
  * Blackout badging 
  * Black doorsills 
  * Black 8-way adjustable SofTex®-trimmed front seats with grey stitching 
  * Carbon fiber detail on the dashboard 



The Limited grade includes everything on the XLE grade plus: 

  * Power liftback 
  * Driver’s seat with memory function 
  * Heated and ventilated front seats 
  * 8-speaker JBL® Premium Audio. 
  * Toyota Audio Multimedia with a 12.3-inch touchscreen 



The Limited grade also has an available Limited Premium Package that comes with Advanced Park and a Panoramic View Monitor. 

Pricing 

Toyota Limited Warranty    
Toyota’s 36-month/36,000 mile basic new-vehicle warranty applies to all components other than normal wear and maintenance items. Additional 60-month warranties cover the powertrain for 60,000 miles and corrosion with no mileage limitation. All Hybrid Electric Vehicle components are covered under the Hybrid System Warranty for 8 years/100,000 miles. Additionally, the hybrid battery warranty is 10 years/150,000 miles, whichever comes first. The Prius also comes with ToyotaCare, a plan covering normal factory-scheduled maintenance for two years or 25,000 miles, whichever comes first, and 24-hour roadside assistance for two years, unlimited mileage. 

####  Related Media 

  * Related Images 
  * Related Videos 



  * Share on Facebook 
  * Share on Linkedin 
  * Send email 
  * Copy Link 



About Toyota    
Toyota (NYSE:TM) has been a part of the cultural fabric in the U.S. for more than 65 years, and is committed to advancing sustainable, next-generation mobility through our Toyota and Lexus brands, plus our nearly 1,500 dealerships. 

Toyota directly employs nearly 48,000 people in the U.S. who have contributed to the design, engineering, and assembly of more than 34 million cars and trucks at our 11 manufacturing plants. In 2025, Toyota’s plant in North Carolina will begin to manufacture automotive batteries for electrified vehicles. With more electrified vehicles on the road than any other automaker, Toyota currently offers 30 electrified options. 

Through its Driving Possibilities initiative, the Toyota USA Foundation has committed to creating innovative educational programs within, and in partnership with, historically underserved communities near the company’s U.S. operating sites. 

For more information about Toyota, visit  www.ToyotaNewsroom.com  . 

##  Media Contacts 

Breanne McCallop   
breanne.mccallop@toyota.com 

  * Add to Cart 
  * Print 
  * Convert to PDF 



08:10:53 root         DEBUG    Agency_id 18418
08:10:53 root         DEBUG    Article Link: https://pressroom.toyota.com/2025-toyota-prius-gets-a-moody-vibe-with-new-nightshade-grade/
08:10:53 root         INFO     LEDE: [testlede] month: [Jan.] day: [7]
08:10:53 root         INFO     
ADDING: FILENAME: [testfilename hade Grade] TITLE: [2025 Toyota Prius Gets a Moody Vibe with New Nightshade Grade] DATE: [2025-01-07] ID [18418]

08:10:54 root         INFO     Driver opened url https://pressroom.toyota.com/toyota-woven-city-a-test-course-for-mobility-completes-phase-1-construction-and-prepares-for-launch/: 0.5 second load started
08:10:55 root         DEBUG    Titles: "Toyota Woven City," a Test Course for Mobility, Completes Phase 1 Construction and Prepares for Launch
08:10:55 root         DEBUG    Dates: 2025-01-06
08:10:55 root         DEBUG    Desc: Official launch scheduled for fall 2025 

LAS VEGAS (Jan. 6, 2025)  –  A  t CES 2025, Toyota Motor Corporation (“Toyota”) announced  the  complet  ion of  Phase 1 construction of  Toyota Woven City  (“Woven City”), its test course for mobility  . The  launch  of Phase 1 is planned for fall 2025 or shortly thereafter. 

Toyota first announced its transformation into a mobility company at CES 2018 and, at CES 2020, unveiled the Woven City concept being developed in collaboration with Woven by Toyota (“WbyT”) to demonstrate Toyota’s long-term commitment to shaping the future of mobility. 

Woven City has made steady progress since its groundbreaking ceremony on February 23, 2021, at the former site of Toyota Motor East Japan’s (“TMEJ”) Higashi-Fuji Plant in Susono City, Shizuoka Prefecture, Japan. Construction of Phase 1 buildings — the initial area for co-creation activities — was completed in October 2024. Preparations for the official launch are now underway. 

Woven City’s Phase 1 has also previously been recognized for its environmentally conscious and human-centric design aimed at enhancing people’s overall quality of life. It earned Japan’s first LEED for Communities  1  Platinum certification, the system’s highest rank. 

Alongside Phase 1 preparations, renovation of a former TMEJ Higashi-Fuji Plant facility into a manufacturing hub for Woven City is underway, and site preparation work for Phase 2 has commenced. Insights from Phase 1 will help refine plans for Phase 2 and future phases, and continually enhance the test course’s functionality. 

Woven City is a test course for mobility where “Inventors” who share a commitment to working “for someone other than themselves” can develop, test, and validate innovative products and services. These inventors include Toyota and Toyota Group companies, such as WbyT, as well as external companies, startups, and individual entrepreneurs. By leveraging Toyota’s decades-long manufacturing expertise and WbyT’s software capabilities, Woven City offers a unique environment equipped with the tools and services needed to tackle societal challenges and create future-focused value. Through collaboration among inventors and feedback from residents and visitors, Woven City aims to drive innovation and shape a better tomorrow. 

The inventors of Woven City who have been confirmed so far are as follows. 

Inventors 

Company  Business Description  Theme of Co-Creation   
in Woven City   
Daikin Industries, Ltd.  Manufacturing, sales and after-sales services of air conditioning products, fluorochemical products, etc.  Testing “pollen-free spaces” and “personalized functional environments”   
DyDo DRINCO, INC.  Manufacturing and sales of soft drinks and other beverages, etc.  Creating new value through innovative vending machine concepts   
NISSIN FOOD PRODUCTS CO., LTD.  Manufacturing and sales of instant noodles and related products, etc.  Creating and evaluating food environments to inspire new ‘food cultures’   
UCC Japan Co., Ltd.  Regional headquarters of Japanese operating companies engaged in coffee manufacturing and sales  Exploring the potential value of coffee through futuristic cafe experiences   
  
Zoshinkai Holdings Inc.  Comprehensive education services offering correspondence education and classroom programs  Leveraging data to realize innovative educational methods and new learning environments   
  
Alphabetical order as of January 7, 2025 

Woven City is also in continued discussions with previously announced companies such as ENEOS Corporation, Nippon Telegraph and Telephone Corporation (NTT), and Rinnai Corporation. 

External startups, entrepreneurs, universities and research institutions are also scheduled to be invited to Woven City through an accelerator program, starting in summer 2025. 

Residents and visitors will play an equally vital role alongside inventors in Woven City. Known as ‘Weavers,’ these individuals share a passion for the ‘expansion of mobility’ and a commitment to building a more flourishing society. Through their participation in co-creation activities, Weavers will contribute to realizing the full potential of Woven City. 

At the official launch of Woven City, starting in fall 2025 or thereafter, approximately 100 residents — primarily Toyota and WbyT staff and their families — are expected to participate in co-creation activities as the first residents. The community will then gradually expand to include external inventors and their families. Phase 1 is projected to accommodate around 360 residents, with the total population, including Phase 2 and subsequent phases, expected to reach approximately 2,000. Initially, visitors will be limited to related parties, with plans to welcome the general public to participate as Weavers in co-creation activities starting in FY2026 or thereafter. 

Woven City also serves as a test course for Toyota’s transformation into a mobility company. Together, Toyota and WbyT aim to redefine mobility, expanding its scope beyond transportation to encompass the movement of people, goods, information, and energy for the benefit of individuals and society. Designed as a human-centered city, Woven City places the people who gather there — Inventors and Weavers — at its center to unlock new possibilities in the shared pursuit of “Well-being for All”. With an eye on expanding mobility from land, sea, and air to space, WbyT also announced an investment in Interstellar Technologies Inc. and will leverage Toyota’s expertise to support the mass production of rockets. 

Woven City Phase 1 Basic Information 

Address  1117 Mishuku, Susono City, Shizuoka, Japan 

(Former site of the TMEJ Higashi-Fuji plant)   
  
Site Area  Approx. 50,000 sq. m (approx.708,000 sq. m in total in the future)   
  
Main Timeline 

  * January 7, 2020: Concept announced at CES 2020 
  * February 23, 2021: Phase 1 Groundbreaking Ceremony. Start of site preparation work in March 2021 
  * October 10, 2022: Phase1 Safety Prayer Ceremony. Start of building work for Phase 1 in November 2022 
  * October 31, 2024: Completion of Phase 1 construction 
  * Starting in Fall 2025 or thereafter: Phase 1 official launch 

  
Residents  From fall 2025 or thereafter, Toyota and Toyota-related personnel will begin to move in, and in Phase 1, a total of approximately 360 people are scheduled to live there (in the future, the number of residents is expected to expand to 2,000 people in all areas)   
  
1\.  LEED is an acronym for Leadership in Energy and Environmental Design and refers to a system for evaluating the environmental performance of buildings and cities operated by the U.S. Green Building Council. Woven City was certified in March 2023. 

####  Related Media 

  * Related Images 
  * Related Videos 



  * Share on Facebook 
  * Share on Linkedin 
  * Send email 
  * Copy Link 



About Woven by Toyota 

Woven by Toyota, a part of the Toyota Group, is challenging the current state of mobility through human-centric innovation and empowering mobility transformation. Through our AD/ADAS technology, our automotive software development platform Arene OS, our mobility test course Toyota Woven City, and Toyota’s growth fund, Woven Capital, we are pioneering the movement of people, goods, information, and energy, weaving a future of enhanced safety, connectivity and well-being for all. 

About Toyota Motor Corporation 

Toyota Motor Corporation works to develop and manufacture innovative, safe and high-quality products and services that create happiness by providing mobility for all. We believe that true achievement comes from supporting our customers, partners, employees, and the communities in which we operate. Since our founding over 80 years ago in 1937, we have applied our Guiding Principles in pursuit of a safer, greener and more inclusive society. Today, as we transform into a mobility company developing connected, automated, shared and electrified technologies, we also remain true to our Guiding Principles and many of the United Nations’ Sustainable Development Goals to help realize an ever-better world, where everyone is free to move. 

SDGs Initiatives:  https://global.toyota/en/sustainability/sdgs/ 

About Toyota 

Toyota (NYSE:TM) has been a part of the cultural fabric in North America for more than 65 years, and is committed to advancing sustainable, next-generation mobility through our Toyota and Lexus brands, plus our more than 1,800 dealerships. 

Toyota directly employs nearly 64,000 people in North America who have contributed to the design, engineering, and assembly of nearly 47 million cars and trucks at our 14 manufacturing plants. In 2025, Toyota’s plant in North Carolina will begin to manufacture automotive batteries for electrified vehicles. With more electrified vehicles on the road than any other automaker, Toyota currently offers 30 electrified options. 

For more information about Toyota, visit  www.ToyotaNewsroom.com  . 

##  Media Contacts 

Olivia Boisineau-Beckett   
olivia.boisineau-beckett@toyota.com    
734.834.0885 

Rick Bourgoise   
richard.bourgoise@toyota.com    
313.405-5972 

  * Add to Cart 
  * Print 
  * Convert to PDF 



08:10:55 root         DEBUG    Agency_id 18418
08:10:55 root         DEBUG    Article Link: https://pressroom.toyota.com/toyota-woven-city-a-test-course-for-mobility-completes-phase-1-construction-and-prepares-for-launch/
08:10:55 root         INFO     LEDE: [testlede] month: [Jan.] day: [6]
08:10:55 root         INFO     
ADDING: FILENAME: [testfilename for Launch] TITLE: ["Toyota Woven City," a Test Course for Mobility, Completes Phase 1 Construction and Prepares for Launch] DATE: [2025-01-06] ID [18418]

08:10:56 root         INFO     Scrape errors found during run:
08:10:56 root         INFO     []
08:10:56 root         INFO     End of file message
08:10:56 root         INFO     

Load Version 2.1.0 01/28/2025
       Docs Loaded: 6
       URLS processed: 1
       DUPS skipped: 0
       No Ledes found: 0

Passed Parameters:
       Pull House and Senate: False
       Number of days back: 30
       Start Time: 2025-01-29 08:10:43
       End Time: 2025-01-29 08:10:56
       Elapsed Time: 0:00:12
       Character Minimum Amount: 100

Errors:
Docs:
	Loaded:
		18418: Rising Stars, Lasting Legacies: Toyota Illuminates Future Stars at 2025 Pro Bowl Games and Super Bowl LIX, Empowering Communities Nationwide Through the Generational Impact of Football
		18418: Toyota Launches 'You Can't Stop My Drive,' A New Campaign Focused on Acknowledging and Celebrating Black Men through the Power of Mobility
		18418: Toyota Motor North America Announces Executive Changes
		18418: Toyota Supports California Fires Relief Efforts
		18418: 2025 Toyota Prius Gets a Moody Vibe with New Nightshade Grade
		18418: "Toyota Woven City," a Test Course for Mobility, Completes Phase 1 Construction and Prepares for Launch
