08:20:53 root         INFO     Skipping 27599
08:20:53 root         INFO     Skipping 30449
08:20:53 root         INFO     Skipping 14315
08:20:53 root         INFO     Skipping 7566
08:20:53 root         INFO     Skipping 804
08:20:53 root         INFO     Skipping 12106
08:20:53 root         INFO     Skipping 8034
08:20:53 root         INFO     Skipping 7901
08:20:53 root         INFO     Skipping 20157
08:20:53 root         INFO     Skipping 6950
08:20:53 root         INFO     Skipping 15026
08:20:53 root         INFO     Skipping 19993
08:20:53 root         INFO     Skipping 21569
08:20:53 root         INFO     Skipping 23030
08:20:53 root         INFO     Skipping 206
08:20:53 root         INFO     Skipping 16046
08:20:53 root         INFO     Skipping 16140
08:20:53 root         INFO     Skipping 16037
08:20:53 root         INFO     Skipping 43
08:20:53 root         INFO     Skipping 225
08:20:53 root         INFO     Skipping 37711
08:20:53 root         INFO     Skipping 34699
08:20:53 root         INFO     Skipping 19021
08:20:53 root         INFO     Skipping 18495
08:20:53 root         INFO     Skipping 222
08:20:53 root         INFO     Skipping 5602
08:20:53 root         INFO     Skipping 16027
08:20:53 root         INFO     Skipping 21499
08:20:53 root         INFO     Skipping 2698
08:20:53 root         INFO     Skipping 27867
08:20:53 root         INFO     Skipping 24224
08:20:53 root         INFO     Skipping 21563
08:20:53 root         INFO     Skipping 24227
08:20:53 root         INFO     Skipping 17224
08:20:53 root         INFO     Skipping 219
08:20:53 root         INFO     Skipping 23814
08:20:53 root         INFO     Skipping 15376
08:20:53 root         INFO     Skipping 19286
08:20:53 root         INFO     Skipping 28048
08:20:53 root         INFO     Skipping 543
08:20:53 root         INFO     Skipping 24233
08:20:53 root         INFO     Skipping 18735
08:20:53 root         INFO     Skipping 1066
08:20:53 root         INFO     Skipping 37680
08:20:53 root         INFO     Skipping 691
08:20:53 root         INFO     Skipping 677
08:20:53 root         INFO     Skipping 20141
08:20:53 root         INFO     Skipping 36151
08:20:53 root         INFO     Skipping 20319
08:20:53 root         INFO     Skipping 12400
08:20:53 root         INFO     Skipping 127
08:20:53 root         INFO     Skipping 20792
08:20:53 root         INFO     Skipping 17104
08:20:53 root         INFO     Skipping 24344
08:20:53 root         INFO     Skipping 19546
08:20:53 root         INFO     Skipping 15565
08:20:53 root         INFO     Skipping 13359
08:20:53 root         INFO     Skipping 17922
08:20:53 root         INFO     Skipping 22481
08:20:53 root         INFO     Skipping 20138
08:20:53 root         INFO     Skipping 119
08:20:53 root         INFO     Skipping 24
08:20:53 root         INFO     Skipping 21188
08:20:53 root         INFO     Skipping 3016
08:20:53 root         INFO     Skipping 21525
08:20:53 root         INFO     Skipping 37694
08:20:53 root         INFO     Skipping 18710
08:20:53 root         INFO     Skipping 29332
08:20:53 root         INFO     Skipping 23100
08:20:53 root         INFO     Skipping 37725
08:20:53 root         INFO     Skipping 15633
08:20:53 root         INFO     Skipping 948
08:20:53 root         INFO     Skipping 30993
08:20:53 root         INFO     Skipping 22221
08:20:53 root         INFO     Skipping 22654
08:20:53 root         INFO     Skipping 35809
08:20:53 root         INFO     Skipping 35576
08:20:53 root         INFO     Skipping 37408
08:20:53 root         INFO     Skipping 7844
08:20:53 root         INFO     Skipping 169
08:20:53 root         INFO     Skipping 20
08:20:53 root         INFO     Skipping 8022
08:20:53 root         INFO     Skipping 8032
08:20:53 root         INFO     Skipping 20605
08:20:53 root         INFO     Skipping 7838
08:20:53 root         INFO     Skipping 21497
08:20:53 root         INFO     Skipping 35572
08:20:53 root         INFO     Skipping 30425
08:20:53 root         INFO     Skipping 35517
08:20:53 root         INFO     Skipping 35524
08:20:53 root         INFO     Skipping 21522
08:20:53 root         INFO     Skipping 1325
08:20:53 root         INFO     Skipping 1079
08:20:53 root         INFO     Skipping 6973
08:20:53 root         INFO     Skipping 37495
08:20:53 root         INFO     Skipping 30405
08:20:53 root         INFO     Skipping 18767
08:20:53 root         INFO     Skipping 21521
08:20:53 root         INFO     Skipping 921
08:20:53 root         INFO     Skipping 27602
08:20:53 root         INFO     Skipping 21335
08:20:53 root         INFO     Skipping 30444
08:20:53 root         INFO     Skipping 1363
08:20:53 root         INFO     Skipping 9488
08:20:53 root         INFO     Skipping 24230
08:20:53 root         INFO     Skipping 2696
08:20:53 root         INFO     Skipping 37705
08:20:53 root         INFO     Skipping 33752
08:20:53 root         INFO     Skipping 37731
08:20:53 root         INFO     Skipping 37740
08:20:53 root         INFO     Skipping 9427
08:20:53 root         INFO     Skipping 19880
08:20:53 root         INFO     Skipping 632
08:20:53 root         INFO     Skipping 135
08:20:53 root         INFO     Skipping 39007
08:20:53 root         INFO     Skipping 551
08:20:53 root         INFO     Skipping 37304
08:20:53 root         INFO     Skipping 20115
08:20:53 root         INFO     Skipping 13362
08:20:53 root         INFO     Skipping 7333
08:20:53 root         INFO     Skipping 21423
08:20:53 root         INFO     Skipping 17653
08:20:53 root         INFO     Skipping 21152
08:20:53 root         INFO     Skipping 16031
08:20:53 root         INFO     Skipping 27074
08:20:53 root         INFO     Skipping 255
08:20:53 root         INFO     Skipping 431
08:20:53 root         INFO     Skipping 19290
08:20:53 root         INFO     Skipping 33954
08:20:53 root         INFO     Skipping 22921
08:20:53 root         INFO     Skipping 26556
08:20:53 root         INFO     Skipping 167
08:20:53 root         INFO     Skipping 15884
08:20:53 root         INFO     Skipping 30382
08:20:53 root         INFO     Skipping 30450
08:20:53 root         INFO     Skipping 27626
08:20:53 root         INFO     Skipping 37748
08:20:53 root         INFO     Skipping 715
08:20:53 root         INFO     Skipping 18734
08:20:53 root         INFO     Skipping 9485
08:20:53 root         INFO     Skipping 24231
08:20:53 root         INFO     Skipping 6221
08:20:53 root         INFO     Skipping 15392
08:20:53 root         INFO     Skipping 14466
08:20:53 root         INFO     Skipping 15025
08:20:53 root         INFO     Skipping 19760
08:20:53 root         INFO     Skipping 37095
08:20:53 root         INFO     Skipping 122
08:20:53 root         INFO     Skipping 113
08:20:53 root         INFO     Skipping 13863
08:20:53 root         INFO     Skipping 7355
08:20:53 root         INFO     Skipping 8042
08:20:53 root         INFO     Skipping 23802
08:20:53 root         INFO     Skipping 282
08:20:53 root         INFO     Skipping 7316
08:20:53 root         INFO     Skipping 16040
08:20:53 root         INFO     Skipping 7922
08:20:53 root         INFO     Skipping 16041
08:20:53 root         INFO     Skipping 28101
08:20:53 root         INFO     Skipping 3410
08:20:53 root         INFO     Skipping 7121
08:20:53 root         INFO     Skipping 17116
08:20:53 root         INFO     Skipping 20034
08:20:53 root         INFO     Skipping 6918
08:20:53 root         INFO     Skipping 22037
08:20:53 root         INFO     Skipping 14373
08:20:53 root         INFO     Skipping 13794
08:20:53 root         INFO     Skipping 13964
08:20:53 root         INFO     Skipping 6930
08:20:53 root         INFO     Skipping 19978
08:20:53 root         INFO     Skipping 14069
08:20:53 root         INFO     Skipping 14111
08:20:53 root         INFO     Skipping 6931
08:20:53 root         INFO     Skipping 14021
08:20:53 root         INFO     Skipping 37180
08:20:53 root         INFO     Skipping 35130
08:20:53 root         INFO     Skipping 19684
08:20:53 root         INFO     Skipping 28292
08:20:53 root         INFO     Skipping 30335
08:20:53 root         INFO     Skipping 14867
08:20:53 root         INFO     Skipping 23669
08:20:53 root         INFO     Skipping 6793
08:20:53 root         INFO     Skipping 15440
08:20:53 root         INFO     Skipping 23588
08:20:53 root         INFO     Skipping 10156
08:20:53 root         INFO     Skipping 30046
08:20:53 root         INFO     Skipping 39476
08:20:53 root         INFO     Skipping 37727
08:20:53 root         INFO     Skipping 33096
08:20:53 root         INFO     Skipping 32423
08:20:53 root         INFO     Skipping 30658
08:20:53 root         INFO     Skipping 18394
08:20:53 root         INFO     Skipping 19870
08:20:53 root         INFO     Skipping 15962
08:20:53 root         INFO     Skipping 702
08:20:53 root         INFO     Skipping 39478
08:20:53 root         INFO     Skipping 30435
08:20:53 root         INFO     Skipping 9445
08:20:53 root         INFO     Skipping 24173
08:20:53 root         INFO     Skipping 35554
08:20:53 root         INFO     Skipping 18733
08:20:53 root         INFO     Skipping 3962
08:20:53 root         INFO     Skipping 26659
08:20:53 root         INFO     Skipping 32135
08:20:53 root         INFO     Skipping 27843
08:20:53 root         INFO     Skipping 17658
08:20:53 root         INFO     Skipping 27186
08:20:53 root         INFO     Skipping 6922
08:20:53 root         INFO     Skipping 7317
08:20:53 root         INFO     Skipping 37607
08:20:53 root         INFO     Skipping 19748
08:20:53 root         INFO     Skipping 14979
08:20:53 root         INFO     Skipping 28256
08:20:53 root         INFO     Skipping 15000
08:20:53 root         INFO     Skipping 15725
08:20:53 root         INFO     Skipping 21561
08:20:53 root         INFO     Skipping 23098
08:20:53 root         INFO     Skipping 24231
08:20:53 root         INFO     Skipping 30469
08:20:53 root         INFO     Skipping 37819
08:20:53 root         INFO     Skipping 27605
08:20:53 root         INFO     Skipping 24799
08:20:53 root         INFO     Skipping 35571
08:20:53 root         INFO     Skipping 18750
08:20:53 root         INFO     Skipping 21564
08:20:53 root         INFO     Skipping 695
08:20:53 root         INFO     Skipping 619
08:20:53 root         INFO     Skipping 21566
08:20:53 root         INFO     Skipping 18746
08:20:53 root         INFO     Skipping 30470
08:20:53 root         INFO     Skipping 37747
08:20:53 root         INFO     Skipping 35726
08:20:53 root         INFO     Skipping 35708
08:20:53 root         INFO     Skipping 35705
08:20:53 root         INFO     Skipping 35727
08:20:53 root         INFO     Skipping 37743
08:20:53 root         INFO     Skipping 24229
08:20:53 root         INFO     Skipping 37748
08:20:53 root         INFO     Skipping 19879
08:20:53 root         INFO     Skipping 717
08:20:53 root         INFO     Skipping 35728
08:20:53 root         INFO     Skipping 37820
08:20:53 root         INFO     Skipping 30473
08:20:53 root         INFO     Skipping 37744
08:20:53 root         INFO     Skipping 28313
08:20:53 root         INFO     Skipping 37749
08:20:53 root         INFO     Skipping 15948
08:20:53 root         INFO     Skipping 35707
08:20:53 root         INFO     Skipping 35706
08:20:53 root         INFO     Skipping 35704
08:20:53 root         INFO     Skipping 18740
08:20:53 root         INFO     Skipping 18736
08:20:53 root         INFO     Skipping 183
08:20:53 root         INFO     Skipping 7887
08:20:53 root         INFO     Skipping 15551
08:20:53 root         INFO     Skipping 35562
08:20:53 root         INFO     Skipping 9423
08:20:53 root         INFO     Skipping 1519
08:20:53 root         INFO     Skipping 35489
08:20:53 root         INFO     Skipping 20880
08:20:53 root         INFO     Skipping 37235
08:20:53 root         INFO     Skipping 15882
08:20:53 root         INFO     Skipping 1169
08:20:53 root         INFO     Skipping 9463
08:20:53 root         INFO     Skipping 37685
08:20:53 root         INFO     Skipping 809
08:20:53 root         INFO     Skipping 9421
08:20:53 root         INFO     Skipping 30397
08:20:53 root         INFO     Skipping 37735
08:20:53 root         INFO     Skipping 30394
08:20:53 root         INFO     Skipping 30448
08:20:53 root         INFO     Skipping 27614
08:20:53 root         INFO     Skipping 35527
08:20:53 root         INFO     Skipping 37416
08:20:53 root         INFO     Skipping 37709
08:20:53 root         INFO     Skipping 27649
08:20:53 root         INFO     Skipping 35546
08:20:53 root         INFO     Skipping 1098
08:20:53 root         INFO     Skipping 21488
08:20:53 root         INFO     Skipping 37674
08:20:53 root         INFO     Skipping 37706
08:20:53 root         INFO     Skipping 37713
08:20:53 root         INFO     Skipping 918
08:20:53 root         INFO     Skipping 24210
08:20:53 root         INFO     Skipping 37728
08:20:53 root         INFO     Skipping 35555
08:20:53 root         INFO     Skipping 35556
08:20:53 root         INFO     Skipping 892
08:20:53 root         INFO     Skipping 38045
08:20:53 root         INFO     Skipping 829
08:20:53 root         INFO     Skipping 30468
08:20:53 root         INFO     Skipping 24186
08:20:53 root         INFO     Skipping 24194
08:20:53 root         INFO     Skipping 37693
08:20:53 root         INFO     Skipping 30429
08:20:53 root         INFO     Skipping 1249
08:20:53 root         INFO     Skipping 30434
08:20:53 root         INFO     Skipping 24199
08:20:53 root         INFO     Skipping 37688
08:20:53 root         INFO     Skipping 23853
08:20:53 root         INFO     Skipping 30456
08:20:53 root         INFO     Skipping 1036
08:20:53 root         INFO     Skipping 30436
08:20:53 root         INFO     Skipping 37690
08:20:53 root         INFO     Skipping 36428
08:20:53 root         INFO     Skipping 37721
08:20:53 root         INFO     Skipping 27646
08:20:53 root         INFO     Skipping 24187
08:20:53 root         INFO     Skipping 35551
08:20:53 root         INFO     Skipping 925
08:20:53 root         INFO     Skipping 21570
08:20:53 root         INFO     Skipping 21536
08:20:53 root         INFO     Skipping 604
08:20:53 root         INFO     Skipping 21562
08:20:53 root         INFO     Skipping 21572
08:20:53 root         INFO     Skipping 17884
08:20:53 root         INFO     Skipping 235
08:20:53 root         INFO     Skipping 2909
08:20:53 root         INFO     Skipping 21487
08:20:53 root         INFO     Skipping 27644
08:20:53 root         INFO     Skipping 37722
08:20:53 root         INFO     Skipping 24175
08:20:53 root         INFO     Skipping 27637
08:20:53 root         INFO     Skipping 9424
08:20:53 root         INFO     Skipping 24181
08:20:53 root         INFO     Skipping 37676
08:20:53 root         INFO     Skipping 15912
08:20:53 root         INFO     Skipping 1004
08:20:53 root         INFO     Skipping 15922
08:20:53 root         INFO     Skipping 21523
08:20:53 root         INFO     Skipping 14489
08:20:53 root         INFO     Skipping 18756
08:20:53 root         INFO     Skipping 23549
08:20:53 root         INFO     Skipping 30414
08:20:53 root         INFO     Skipping 2505
08:20:53 root         INFO     Skipping 28735
08:20:53 root         INFO     Skipping 599
08:20:53 root         INFO     Skipping 24124
08:20:53 root         INFO     Skipping 24218
08:20:53 root         INFO     Skipping 19874
08:20:53 root         INFO     Skipping 2175
08:20:53 root         INFO     Skipping 21467
08:20:53 root         INFO     Skipping 30525
08:20:53 root         INFO     Skipping 24176
08:20:53 root         INFO     Skipping 15949
08:20:53 root         INFO     Skipping 27630
08:20:53 root         INFO     Skipping 27632
08:20:53 root         INFO     Skipping 606
08:20:53 root         INFO     Skipping 27629
08:20:53 root         INFO     Skipping 24228
08:20:53 root         INFO     Skipping 562
08:20:53 root         INFO     Skipping 21633
08:20:53 root         INFO     Skipping 24225
08:20:53 root         INFO     Skipping 18725
08:20:53 root         INFO     Skipping 21567
08:20:53 root         INFO     Skipping 27628
08:20:53 root         INFO     Skipping 12921
08:20:53 root         INFO     Skipping 47
08:20:53 root         INFO     Skipping 8101
08:20:53 root         INFO     Skipping 27936
08:20:53 root         INFO     Skipping 23089
08:20:53 root         INFO     Skipping 15911
08:20:53 root         INFO     Skipping 30472
08:20:53 root         INFO     Skipping 35703
08:20:53 root         INFO     Skipping 30475
08:20:53 root         INFO     Skipping 18739
08:20:53 root         INFO     Skipping 30378
08:20:53 root         INFO     Skipping 21
08:20:53 root         INFO     Skipping 32904
08:20:53 root         INFO     Skipping 24169
08:20:53 root         INFO     Skipping 27616
08:20:53 root         INFO     Skipping 546
08:20:53 root         INFO     Skipping 125
08:20:53 root         INFO     Skipping 432
08:20:53 root         INFO     Skipping 23572
08:20:53 root         INFO     Skipping 1
08:20:53 root         INFO     Skipping 10
08:20:53 root         INFO     Skipping 72
08:20:53 root         INFO     Skipping 106
08:20:53 root         INFO     Skipping 804
08:20:53 root         INFO     Skipping 697
08:20:53 root         INFO     Skipping 166
08:20:53 root         INFO     Skipping 37667
08:20:53 root         INFO     Skipping 24234
08:20:53 root         INFO     Skipping 34781
08:20:53 root         INFO     Skipping 44
08:20:53 root         INFO     Skipping 2434
08:20:53 root         INFO     Skipping 7307
08:20:53 root         INFO     Skipping 7280
08:20:53 root         INFO     Skipping 14197
08:20:53 root         INFO     Skipping 6929
08:20:53 root         INFO     Skipping 24223
08:20:53 root         INFO     Skipping 30412
08:20:53 root         INFO     Skipping 21230
08:20:53 root         INFO     Skipping 7124
08:20:53 root         INFO     Skipping 7516
08:20:53 root         INFO     Skipping 9231
08:20:53 root         INFO     Skipping 13222
08:20:53 root         INFO     Skipping 24928
08:20:53 root         INFO     Skipping 14466
08:20:53 root         INFO     Skipping 19685
08:20:53 root         INFO     Skipping 14008
08:20:53 root         INFO     Skipping 20480
08:20:53 root         INFO     Skipping 7126
08:20:53 root         INFO     Skipping 15792
08:20:53 root         INFO     Skipping 27571
08:20:53 root         INFO     Skipping 19109
08:20:53 root         INFO     Skipping 14066
08:20:53 root         INFO     Skipping 7103
08:20:53 root         INFO     Skipping 13479
08:20:53 root         INFO     Skipping 13475
08:20:53 root         INFO     Skipping 24237
08:20:53 root         INFO     Skipping 28365
08:20:53 root         INFO     Skipping 7118
08:20:53 root         INFO     Skipping 19909
08:20:53 root         INFO     Skipping 13664
08:20:53 root         INFO     Skipping 13467
08:20:53 root         INFO     Skipping 18743
08:20:53 root         INFO     Skipping 19881
08:20:53 root         INFO     Skipping 6970
08:20:53 root         INFO     Skipping 7286
08:20:53 root         INFO     Skipping 14047
08:20:53 root         INFO     Skipping 35569
08:20:53 root         INFO     Skipping 37741
08:20:53 root         INFO     Skipping 37697
08:20:53 root         INFO     Skipping 1453
08:20:53 root         INFO     Skipping 18818
08:20:53 root         INFO     Skipping 37745
08:20:53 root         INFO     Skipping 18836
08:20:53 root         INFO     Skipping 37441
08:20:53 root         INFO     Skipping 24207
08:20:53 root         INFO     Skipping 1483
08:20:53 root         INFO     Skipping 30395
08:20:53 root         INFO     Skipping 30432
08:20:53 root         INFO     Skipping 36969
08:20:53 root         INFO     Skipping 21533
08:20:53 root         INFO     Skipping 1352
08:20:53 root         INFO     Skipping 30390
08:20:53 root         INFO     Skipping 1149
08:20:53 root         INFO     Skipping 24202
08:20:53 root         INFO     Skipping 30389
08:20:53 root         INFO     Skipping 15891
08:20:53 root         INFO     Skipping 14488
08:20:53 root         INFO     Skipping 30528
08:20:53 root         INFO     Skipping 27597
08:20:53 root         INFO     Skipping 37737
08:20:53 root         INFO     Skipping 1557
08:20:53 root         INFO     Skipping 27609
08:20:53 root         INFO     Skipping 900
08:20:53 root         INFO     Skipping 21527
08:20:53 root         INFO     Skipping 1479
08:20:53 root         INFO     Skipping 30387
08:20:53 root         INFO     Skipping 980
08:20:53 root         INFO     Skipping 37703
08:20:53 root         INFO     Skipping 15304
08:20:53 root         INFO     Skipping 128
08:20:53 root         INFO     Skipping 14781
08:20:53 root         INFO     Skipping 15528
08:20:53 root         INFO     Skipping 25120
08:20:53 root         INFO     Skipping 33803
08:20:53 root         INFO     Skipping 20476
08:20:53 root         INFO     Skipping 27502
08:20:53 root         INFO     Skipping 13456
08:20:53 root         INFO     Skipping 27390
08:20:53 root         INFO     Skipping 15813
08:20:53 root         INFO     Skipping 7320
08:20:53 root         INFO     Skipping 20668
08:20:53 root         INFO     Skipping 38937
08:20:53 root         INFO     Skipping 37417
08:20:53 root         INFO     Skipping 13038
08:20:53 root         INFO     Skipping 6932
08:20:53 root         INFO     Skipping 14978
08:20:53 root         INFO     Skipping 17045
08:20:53 root         INFO     Skipping 22385
08:20:53 root         INFO     Skipping 7853
08:20:53 root         INFO     Skipping 14026
08:20:53 root         INFO     Skipping 14923
08:20:53 root         INFO     Skipping 7288
08:20:53 root         INFO     Skipping 7538
08:20:53 root         INFO     Skipping 13451
08:20:53 root         INFO     Skipping 25009
08:20:53 root         INFO     Skipping 9452
08:20:53 root         INFO     Skipping 20118
08:20:53 root         INFO     Skipping 20475
08:20:53 root         INFO     Skipping 14602
08:20:53 root         INFO     Skipping 7291
08:20:53 root         INFO     Skipping 13457
08:20:53 root         INFO     Skipping 7345
08:20:53 root         INFO     Skipping 35752
08:20:53 root         INFO     Skipping 31489
08:20:53 root         INFO     Skipping 15674
08:20:53 root         INFO     Skipping 31189
08:20:53 root         INFO     Skipping 21
08:20:53 root         INFO     Skipping 247
08:20:53 root         INFO     Skipping 20084
08:20:53 root         INFO     Skipping 16020
08:20:53 root         INFO     Skipping 2009
08:20:53 root         INFO     Skipping 1773
08:20:53 root         INFO     Skipping 7337
08:20:53 root         INFO     Skipping 14910
08:20:53 root         INFO     Skipping 7339
08:20:53 root         INFO     Skipping 24976
08:20:53 root         INFO     Skipping 30360
08:20:53 root         INFO     Skipping 24315
08:20:53 root         INFO     Skipping 30361
08:20:53 root         INFO     Skipping 30358
08:20:53 root         INFO     Skipping 37191
08:20:53 root         INFO     Skipping 3129
08:20:53 root         INFO     Skipping 3052
08:20:53 root         INFO     Skipping 37932
08:20:53 root         INFO     Skipping 3125
08:20:53 root         INFO     Skipping 3109
08:20:53 root         INFO     Skipping 20056
08:20:53 root         INFO     Skipping 37778
08:20:53 root         INFO     Skipping 35587
08:20:53 root         INFO     Skipping 28452
08:20:53 root         INFO     Skipping 3320
08:20:53 root         INFO     Skipping 30367
08:20:53 root         INFO     Skipping 3048
08:20:53 root         INFO     Skipping 27750
08:20:53 root         INFO     Skipping 3072
08:20:53 root         INFO     Skipping 38049
08:20:53 root         INFO     Skipping 30366
08:20:53 root         INFO     Skipping 30368
08:20:53 root         INFO     Skipping 27956
08:20:53 root         INFO     Skipping 15709
08:20:53 root         INFO     Skipping 38047
08:20:53 root         INFO     Skipping 3137
08:20:53 root         INFO     Skipping 3085
08:20:53 root         INFO     Skipping 2042
08:20:53 root         INFO     Skipping 30374
08:20:53 root         INFO     Skipping 3064
08:20:53 root         INFO     Skipping 3286
08:20:53 root         INFO     Skipping 30362
08:20:53 root         INFO     Skipping 3309
08:20:53 root         INFO     Skipping 37826
08:20:53 root         INFO     Skipping 4972
08:20:53 root         INFO     Skipping 15790
08:20:53 root         INFO     Skipping 18747
08:20:53 root         INFO     Skipping 22401
08:20:53 root         INFO     Skipping 18711
08:20:54 root         INFO     Driver opened url https://www.doj.nh.gov/resources/press-releases: 0.5 second load started
08:20:54 root         ERROR    Date Extraction failed:  date: january 16, 2025 
08:20:54 root         ERROR    Date Extraction failed:  date: january 15, 2025 
08:20:54 root         ERROR    Date Extraction failed:  date: january 14, 2025 
08:20:54 root         ERROR    Date Extraction failed:  date: january 13, 2025 
08:20:54 root         ERROR    Date Extraction failed:  date: january 10, 2025 
08:20:54 root         ERROR    Date Extraction failed:  date: january 08, 2025 
08:20:55 root         INFO     Scrape errors found during run:
08:20:55 root         INFO     []
08:20:55 root         INFO     End of file message
08:20:55 root         INFO     

Load Version 2.0.1 01/17/2025
       Docs Loaded: 0
       URLS processed: 1
       DUPS skipped: 0
       No Ledes found: 0

Passed Parameters:
       Pull House and Senate: False
       Number of days back: 60
       Start Time: 2025-01-18 08:20:49
       End Time: 2025-01-18 08:20:55
       Elapsed Time: 0:00:06
       Character Minimum Amount: 100

Errors:
	Date Found NoneType:
		Date is None: 3123
		Date is None: 3123
		Date is None: 3123
		Date is None: 3123
		Date is None: 3123
		Date is None: 3123
Docs:
