13:05:41 root         INFO     Skipping 27599
13:05:41 root         INFO     Skipping 30449
13:05:41 root         INFO     Skipping 14315
13:05:41 root         INFO     Skipping 7566
13:05:41 root         INFO     Skipping 804
13:05:41 root         INFO     Skipping 12106
13:05:41 root         INFO     Skipping 8034
13:05:41 root         INFO     Skipping 7901
13:05:41 root         INFO     Skipping 20157
13:05:41 root         INFO     Skipping 6950
13:05:41 root         INFO     Skipping 15026
13:05:41 root         INFO     Skipping 19993
13:05:41 root         INFO     Skipping 21569
13:05:41 root         INFO     Skipping 23030
13:05:41 root         INFO     Skipping 206
13:05:41 root         INFO     Skipping 16046
13:05:41 root         INFO     Skipping 16140
13:05:41 root         INFO     Skipping 16037
13:05:41 root         INFO     Skipping 43
13:05:41 root         INFO     Skipping 225
13:05:41 root         INFO     Skipping 37711
13:05:41 root         INFO     Skipping 34699
13:05:41 root         INFO     Skipping 19021
13:05:41 root         INFO     Skipping 18495
13:05:41 root         INFO     Skipping 222
13:05:41 root         INFO     Skipping 5602
13:05:41 root         INFO     Skipping 16027
13:05:41 root         INFO     Skipping 21499
13:05:41 root         INFO     Skipping 2698
13:05:41 root         INFO     Skipping 27867
13:05:41 root         INFO     Skipping 24224
13:05:41 root         INFO     Skipping 21563
13:05:41 root         INFO     Skipping 24227
13:05:41 root         INFO     Skipping 17224
13:05:41 root         INFO     Skipping 219
13:05:41 root         INFO     Skipping 23814
13:05:41 root         INFO     Skipping 15376
13:05:41 root         INFO     Skipping 19286
13:05:41 root         INFO     Skipping 28048
13:05:41 root         INFO     Skipping 543
13:05:41 root         INFO     Skipping 24233
13:05:41 root         INFO     Skipping 18735
13:05:41 root         INFO     Skipping 1066
13:05:41 root         INFO     Skipping 37680
13:05:41 root         INFO     Skipping 691
13:05:41 root         INFO     Skipping 677
13:05:41 root         INFO     Skipping 20141
13:05:41 root         INFO     Skipping 36151
13:05:41 root         INFO     Skipping 20319
13:05:41 root         INFO     Skipping 12400
13:05:41 root         INFO     Skipping 127
13:05:41 root         INFO     Skipping 20792
13:05:41 root         INFO     Skipping 17104
13:05:41 root         INFO     Skipping 24344
13:05:41 root         INFO     Skipping 19546
13:05:41 root         INFO     Skipping 15565
13:05:41 root         INFO     Skipping 13359
13:05:41 root         INFO     Skipping 17922
13:05:41 root         INFO     Skipping 22481
13:05:41 root         INFO     Skipping 20138
13:05:41 root         INFO     Skipping 119
13:05:41 root         INFO     Skipping 24
13:05:41 root         INFO     Skipping 21188
13:05:41 root         INFO     Skipping 3016
13:05:41 root         INFO     Skipping 21525
13:05:41 root         INFO     Skipping 37694
13:05:41 root         INFO     Skipping 18710
13:05:41 root         INFO     Skipping 29332
13:05:41 root         INFO     Skipping 23100
13:05:41 root         INFO     Skipping 37725
13:05:41 root         INFO     Skipping 15633
13:05:41 root         INFO     Skipping 948
13:05:41 root         INFO     Skipping 30993
13:05:41 root         INFO     Skipping 22221
13:05:41 root         INFO     Skipping 22654
13:05:41 root         INFO     Skipping 35809
13:05:41 root         INFO     Skipping 35576
13:05:41 root         INFO     Skipping 37408
13:05:41 root         INFO     Skipping 7844
13:05:41 root         INFO     Skipping 169
13:05:41 root         INFO     Skipping 20
13:05:41 root         INFO     Skipping 8022
13:05:41 root         INFO     Skipping 8032
13:05:41 root         INFO     Skipping 20605
13:05:41 root         INFO     Skipping 7838
13:05:41 root         INFO     Skipping 21497
13:05:41 root         INFO     Skipping 35572
13:05:41 root         INFO     Skipping 30425
13:05:41 root         INFO     Skipping 35517
13:05:41 root         INFO     Skipping 35524
13:05:41 root         INFO     Skipping 21522
13:05:41 root         INFO     Skipping 1325
13:05:41 root         INFO     Skipping 1079
13:05:41 root         INFO     Skipping 6973
13:05:41 root         INFO     Skipping 37495
13:05:41 root         INFO     Skipping 30405
13:05:41 root         INFO     Skipping 18767
13:05:41 root         INFO     Skipping 21521
13:05:41 root         INFO     Skipping 921
13:05:41 root         INFO     Skipping 27602
13:05:41 root         INFO     Skipping 21335
13:05:41 root         INFO     Skipping 30444
13:05:41 root         INFO     Skipping 1363
13:05:41 root         INFO     Skipping 9488
13:05:41 root         INFO     Skipping 24230
13:05:41 root         INFO     Skipping 2696
13:05:41 root         INFO     Skipping 37705
13:05:41 root         INFO     Skipping 33752
13:05:41 root         INFO     Skipping 37731
13:05:41 root         INFO     Skipping 37740
13:05:41 root         INFO     Skipping 9427
13:05:41 root         INFO     Skipping 19880
13:05:41 root         INFO     Skipping 632
13:05:41 root         INFO     Skipping 135
13:05:41 root         INFO     Skipping 39007
13:05:41 root         INFO     Skipping 551
13:05:41 root         INFO     Skipping 37304
13:05:41 root         INFO     Skipping 20115
13:05:41 root         INFO     Skipping 13362
13:05:41 root         INFO     Skipping 7333
13:05:41 root         INFO     Skipping 21423
13:05:41 root         INFO     Skipping 17653
13:05:41 root         INFO     Skipping 21152
13:05:41 root         INFO     Skipping 16031
13:05:41 root         INFO     Skipping 27074
13:05:41 root         INFO     Skipping 255
13:05:41 root         INFO     Skipping 431
13:05:41 root         INFO     Skipping 19290
13:05:41 root         INFO     Skipping 33954
13:05:41 root         INFO     Skipping 22921
13:05:41 root         INFO     Skipping 26556
13:05:41 root         INFO     Skipping 167
13:05:41 root         INFO     Skipping 15884
13:05:41 root         INFO     Skipping 30382
13:05:41 root         INFO     Skipping 30450
13:05:41 root         INFO     Skipping 27626
13:05:41 root         INFO     Skipping 37748
13:05:41 root         INFO     Skipping 715
13:05:41 root         INFO     Skipping 18734
13:05:41 root         INFO     Skipping 9485
13:05:41 root         INFO     Skipping 24231
13:05:41 root         INFO     Skipping 6221
13:05:41 root         INFO     Skipping 15392
13:05:41 root         INFO     Skipping 14466
13:05:41 root         INFO     Skipping 15025
13:05:41 root         INFO     Skipping 19760
13:05:41 root         INFO     Skipping 37095
13:05:41 root         INFO     Skipping 122
13:05:41 root         INFO     Skipping 113
13:05:41 root         INFO     Skipping 13863
13:05:41 root         INFO     Skipping 7355
13:05:41 root         INFO     Skipping 8042
13:05:41 root         INFO     Skipping 23802
13:05:41 root         INFO     Skipping 282
13:05:41 root         INFO     Skipping 7316
13:05:41 root         INFO     Skipping 16040
13:05:41 root         INFO     Skipping 7922
13:05:41 root         INFO     Skipping 16041
13:05:41 root         INFO     Skipping 28101
13:05:41 root         INFO     Skipping 3410
13:05:41 root         INFO     Skipping 7121
13:05:41 root         INFO     Skipping 17116
13:05:41 root         INFO     Skipping 20034
13:05:41 root         INFO     Skipping 6918
13:05:41 root         INFO     Skipping 22037
13:05:41 root         INFO     Skipping 14373
13:05:41 root         INFO     Skipping 13794
13:05:41 root         INFO     Skipping 13964
13:05:41 root         INFO     Skipping 6930
13:05:41 root         INFO     Skipping 19978
13:05:41 root         INFO     Skipping 14069
13:05:41 root         INFO     Skipping 14111
13:05:41 root         INFO     Skipping 6931
13:05:41 root         INFO     Skipping 14021
13:05:41 root         INFO     Skipping 37180
13:05:41 root         INFO     Skipping 35130
13:05:41 root         INFO     Skipping 19684
13:05:41 root         INFO     Skipping 28292
13:05:41 root         INFO     Skipping 30335
13:05:41 root         INFO     Skipping 14867
13:05:41 root         INFO     Skipping 23669
13:05:41 root         INFO     Skipping 6793
13:05:41 root         INFO     Skipping 15440
13:05:41 root         INFO     Skipping 23588
13:05:41 root         INFO     Skipping 10156
13:05:41 root         INFO     Skipping 30046
13:05:41 root         INFO     Skipping 39476
13:05:41 root         INFO     Skipping 37727
13:05:41 root         INFO     Skipping 33096
13:05:41 root         INFO     Skipping 32423
13:05:41 root         INFO     Skipping 30658
13:05:41 root         INFO     Skipping 18394
13:05:41 root         INFO     Skipping 19870
13:05:41 root         INFO     Skipping 15962
13:05:41 root         INFO     Skipping 702
13:05:41 root         INFO     Skipping 39478
13:05:41 root         INFO     Skipping 30435
13:05:41 root         INFO     Skipping 9445
13:05:41 root         INFO     Skipping 24173
13:05:41 root         INFO     Skipping 35554
13:05:41 root         INFO     Skipping 18733
13:05:41 root         INFO     Skipping 3962
13:05:41 root         INFO     Skipping 26659
13:05:41 root         INFO     Skipping 32135
13:05:41 root         INFO     Skipping 27843
13:05:41 root         INFO     Skipping 17658
13:05:41 root         INFO     Skipping 27186
13:05:41 root         INFO     Skipping 6922
13:05:41 root         INFO     Skipping 7317
13:05:41 root         INFO     Skipping 37607
13:05:41 root         INFO     Skipping 19748
13:05:41 root         INFO     Skipping 14979
13:05:41 root         INFO     Skipping 28256
13:05:41 root         INFO     Skipping 15000
13:05:41 root         INFO     Skipping 15725
13:05:41 root         INFO     Skipping 21561
13:05:41 root         INFO     Skipping 23098
13:05:41 root         INFO     Skipping 24231
13:05:41 root         INFO     Skipping 30469
13:05:41 root         INFO     Skipping 37819
13:05:41 root         INFO     Skipping 27605
13:05:41 root         INFO     Skipping 24799
13:05:41 root         INFO     Skipping 35571
13:05:41 root         INFO     Skipping 18750
13:05:41 root         INFO     Skipping 21564
13:05:41 root         INFO     Skipping 695
13:05:41 root         INFO     Skipping 619
13:05:41 root         INFO     Skipping 21566
13:05:41 root         INFO     Skipping 18746
13:05:41 root         INFO     Skipping 30470
13:05:41 root         INFO     Skipping 37747
13:05:41 root         INFO     Skipping 35726
13:05:41 root         INFO     Skipping 35708
13:05:41 root         INFO     Skipping 35705
13:05:41 root         INFO     Skipping 35727
13:05:41 root         INFO     Skipping 37743
13:05:41 root         INFO     Skipping 24229
13:05:41 root         INFO     Skipping 37748
13:05:41 root         INFO     Skipping 19879
13:05:41 root         INFO     Skipping 717
13:05:41 root         INFO     Skipping 35728
13:05:41 root         INFO     Skipping 37820
13:05:41 root         INFO     Skipping 30473
13:05:41 root         INFO     Skipping 37744
13:05:41 root         INFO     Skipping 28313
13:05:41 root         INFO     Skipping 37749
13:05:41 root         INFO     Skipping 15948
13:05:41 root         INFO     Skipping 35707
13:05:41 root         INFO     Skipping 35706
13:05:41 root         INFO     Skipping 35704
13:05:41 root         INFO     Skipping 18740
13:05:41 root         INFO     Skipping 18736
13:05:41 root         INFO     Skipping 183
13:05:41 root         INFO     Skipping 7887
13:05:41 root         INFO     Skipping 15551
13:05:41 root         INFO     Skipping 35562
13:05:41 root         INFO     Skipping 9423
13:05:41 root         INFO     Skipping 1519
13:05:41 root         INFO     Skipping 35489
13:05:41 root         INFO     Skipping 20880
13:05:41 root         INFO     Skipping 37235
13:05:41 root         INFO     Skipping 15882
13:05:41 root         INFO     Skipping 1169
13:05:41 root         INFO     Skipping 9463
13:05:41 root         INFO     Skipping 37685
13:05:41 root         INFO     Skipping 809
13:05:41 root         INFO     Skipping 9421
13:05:41 root         INFO     Skipping 30397
13:05:41 root         INFO     Skipping 37735
13:05:41 root         INFO     Skipping 30394
13:05:41 root         INFO     Skipping 30448
13:05:41 root         INFO     Skipping 27614
13:05:41 root         INFO     Skipping 35527
13:05:41 root         INFO     Skipping 37416
13:05:41 root         INFO     Skipping 37709
13:05:41 root         INFO     Skipping 27649
13:05:41 root         INFO     Skipping 35546
13:05:41 root         INFO     Skipping 1098
13:05:41 root         INFO     Skipping 21488
13:05:41 root         INFO     Skipping 37674
13:05:41 root         INFO     Skipping 37706
13:05:41 root         INFO     Skipping 37713
13:05:41 root         INFO     Skipping 918
13:05:41 root         INFO     Skipping 24210
13:05:41 root         INFO     Skipping 37728
13:05:41 root         INFO     Skipping 35555
13:05:41 root         INFO     Skipping 35556
13:05:41 root         INFO     Skipping 892
13:05:41 root         INFO     Skipping 38045
13:05:41 root         INFO     Skipping 829
13:05:41 root         INFO     Skipping 30468
13:05:41 root         INFO     Skipping 24186
13:05:41 root         INFO     Skipping 24194
13:05:41 root         INFO     Skipping 37693
13:05:41 root         INFO     Skipping 30429
13:05:41 root         INFO     Skipping 1249
13:05:41 root         INFO     Skipping 30434
13:05:41 root         INFO     Skipping 24199
13:05:41 root         INFO     Skipping 37688
13:05:41 root         INFO     Skipping 23853
13:05:41 root         INFO     Skipping 30456
13:05:41 root         INFO     Skipping 1036
13:05:41 root         INFO     Skipping 30436
13:05:41 root         INFO     Skipping 37690
13:05:41 root         INFO     Skipping 36428
13:05:41 root         INFO     Skipping 37721
13:05:41 root         INFO     Skipping 27646
13:05:41 root         INFO     Skipping 24187
13:05:41 root         INFO     Skipping 35551
13:05:41 root         INFO     Skipping 925
13:05:41 root         INFO     Skipping 21570
13:05:41 root         INFO     Skipping 21536
13:05:41 root         INFO     Skipping 604
13:05:41 root         INFO     Skipping 21562
13:05:41 root         INFO     Skipping 21572
13:05:41 root         INFO     Skipping 17884
13:05:41 root         INFO     Skipping 235
13:05:41 root         INFO     Skipping 2909
13:05:41 root         INFO     Skipping 21487
13:05:41 root         INFO     Skipping 27644
13:05:41 root         INFO     Skipping 37722
13:05:41 root         INFO     Skipping 24175
13:05:41 root         INFO     Skipping 27637
13:05:41 root         INFO     Skipping 9424
13:05:41 root         INFO     Skipping 24181
13:05:41 root         INFO     Skipping 37676
13:05:41 root         INFO     Skipping 15912
13:05:41 root         INFO     Skipping 1004
13:05:41 root         INFO     Skipping 15922
13:05:41 root         INFO     Skipping 21523
13:05:41 root         INFO     Skipping 14489
13:05:41 root         INFO     Skipping 18756
13:05:41 root         INFO     Skipping 23549
13:05:41 root         INFO     Skipping 30414
13:05:41 root         INFO     Skipping 2505
13:05:41 root         INFO     Skipping 28735
13:05:41 root         INFO     Skipping 599
13:05:41 root         INFO     Skipping 24124
13:05:41 root         INFO     Skipping 24218
13:05:41 root         INFO     Skipping 19874
13:05:41 root         INFO     Skipping 2175
13:05:41 root         INFO     Skipping 21467
13:05:41 root         INFO     Skipping 30525
13:05:41 root         INFO     Skipping 24176
13:05:41 root         INFO     Skipping 15949
13:05:41 root         INFO     Skipping 27630
13:05:41 root         INFO     Skipping 27632
13:05:41 root         INFO     Skipping 606
13:05:41 root         INFO     Skipping 27629
13:05:41 root         INFO     Skipping 24228
13:05:41 root         INFO     Skipping 562
13:05:41 root         INFO     Skipping 21633
13:05:41 root         INFO     Skipping 24225
13:05:41 root         INFO     Skipping 18725
13:05:41 root         INFO     Skipping 21567
13:05:41 root         INFO     Skipping 27628
13:05:41 root         INFO     Skipping 12921
13:05:41 root         INFO     Skipping 47
13:05:41 root         INFO     Skipping 8101
13:05:41 root         INFO     Skipping 27936
13:05:41 root         INFO     Skipping 23089
13:05:41 root         INFO     Skipping 15911
13:05:41 root         INFO     Skipping 30472
13:05:41 root         INFO     Skipping 35703
13:05:41 root         INFO     Skipping 30475
13:05:41 root         INFO     Skipping 18739
13:05:41 root         INFO     Skipping 30378
13:05:41 root         INFO     Skipping 21
13:05:41 root         INFO     Skipping 32904
13:05:41 root         INFO     Skipping 24169
13:05:41 root         INFO     Skipping 27616
13:05:41 root         INFO     Skipping 546
13:05:41 root         INFO     Skipping 125
13:05:41 root         INFO     Skipping 432
13:05:41 root         INFO     Skipping 23572
13:05:41 root         INFO     Skipping 1
13:05:41 root         INFO     Skipping 10
13:05:41 root         INFO     Skipping 72
13:05:41 root         INFO     Skipping 106
13:05:41 root         INFO     Skipping 804
13:05:41 root         INFO     Skipping 697
13:05:41 root         INFO     Skipping 166
13:05:41 root         INFO     Skipping 37667
13:05:41 root         INFO     Skipping 24234
13:05:41 root         INFO     Skipping 34781
13:05:41 root         INFO     Skipping 44
13:05:41 root         INFO     Skipping 2434
13:05:41 root         INFO     Skipping 7307
13:05:41 root         INFO     Skipping 7280
13:05:41 root         INFO     Skipping 14197
13:05:41 root         INFO     Skipping 6929
13:05:41 root         INFO     Skipping 24223
13:05:41 root         INFO     Skipping 30412
13:05:41 root         INFO     Skipping 21230
13:05:41 root         INFO     Skipping 7124
13:05:41 root         INFO     Skipping 7516
13:05:41 root         INFO     Skipping 9231
13:05:41 root         INFO     Skipping 13222
13:05:41 root         INFO     Skipping 24928
13:05:41 root         INFO     Skipping 14466
13:05:41 root         INFO     Skipping 19685
13:05:41 root         INFO     Skipping 14008
13:05:41 root         INFO     Skipping 20480
13:05:41 root         INFO     Skipping 7126
13:05:41 root         INFO     Skipping 15792
13:05:41 root         INFO     Skipping 27571
13:05:41 root         INFO     Skipping 19109
13:05:41 root         INFO     Skipping 14066
13:05:41 root         INFO     Skipping 7103
13:05:41 root         INFO     Skipping 13479
13:05:41 root         INFO     Skipping 13475
13:05:41 root         INFO     Skipping 24237
13:05:41 root         INFO     Skipping 28365
13:05:41 root         INFO     Skipping 7118
13:05:41 root         INFO     Skipping 19909
13:05:41 root         INFO     Skipping 13664
13:05:41 root         INFO     Skipping 13467
13:05:41 root         INFO     Skipping 18743
13:05:41 root         INFO     Skipping 19881
13:05:41 root         INFO     Skipping 6970
13:05:41 root         INFO     Skipping 7286
13:05:41 root         INFO     Skipping 14047
13:05:41 root         INFO     Skipping 35569
13:05:41 root         INFO     Skipping 37741
13:05:41 root         INFO     Skipping 37697
13:05:41 root         INFO     Skipping 1453
13:05:41 root         INFO     Skipping 18818
13:05:41 root         INFO     Skipping 37745
13:05:41 root         INFO     Skipping 18836
13:05:41 root         INFO     Skipping 37441
13:05:41 root         INFO     Skipping 24207
13:05:41 root         INFO     Skipping 1483
13:05:41 root         INFO     Skipping 30395
13:05:41 root         INFO     Skipping 30432
13:05:41 root         INFO     Skipping 36969
13:05:41 root         INFO     Skipping 21533
13:05:41 root         INFO     Skipping 1352
13:05:41 root         INFO     Skipping 30390
13:05:41 root         INFO     Skipping 1149
13:05:41 root         INFO     Skipping 24202
13:05:41 root         INFO     Skipping 30389
13:05:41 root         INFO     Skipping 15891
13:05:41 root         INFO     Skipping 14488
13:05:41 root         INFO     Skipping 30528
13:05:41 root         INFO     Skipping 27597
13:05:41 root         INFO     Skipping 37737
13:05:41 root         INFO     Skipping 1557
13:05:41 root         INFO     Skipping 27609
13:05:41 root         INFO     Skipping 900
13:05:41 root         INFO     Skipping 21527
13:05:41 root         INFO     Skipping 1479
13:05:41 root         INFO     Skipping 30387
13:05:41 root         INFO     Skipping 980
13:05:41 root         INFO     Skipping 37703
13:05:41 root         INFO     Skipping 15304
13:05:41 root         INFO     Skipping 128
13:05:41 root         INFO     Skipping 14781
13:05:41 root         INFO     Skipping 15528
13:05:41 root         INFO     Skipping 25120
13:05:41 root         INFO     Skipping 33803
13:05:41 root         INFO     Skipping 20476
13:05:41 root         INFO     Skipping 27502
13:05:41 root         INFO     Skipping 13456
13:05:41 root         INFO     Skipping 27390
13:05:41 root         INFO     Skipping 15813
13:05:41 root         INFO     Skipping 7320
13:05:41 root         INFO     Skipping 20668
13:05:41 root         INFO     Skipping 38937
13:05:41 root         INFO     Skipping 37417
13:05:41 root         INFO     Skipping 13038
13:05:41 root         INFO     Skipping 6932
13:05:41 root         INFO     Skipping 14978
13:05:41 root         INFO     Skipping 17045
13:05:41 root         INFO     Skipping 22385
13:05:41 root         INFO     Skipping 7853
13:05:41 root         INFO     Skipping 14026
13:05:41 root         INFO     Skipping 14923
13:05:41 root         INFO     Skipping 7288
13:05:41 root         INFO     Skipping 7538
13:05:41 root         INFO     Skipping 13451
13:05:41 root         INFO     Skipping 25009
13:05:41 root         INFO     Skipping 9452
13:05:41 root         INFO     Skipping 20118
13:05:41 root         INFO     Skipping 20475
13:05:41 root         INFO     Skipping 14602
13:05:41 root         INFO     Skipping 7291
13:05:41 root         INFO     Skipping 13457
13:05:43 root         INFO     Driver opened url https://www.europarl.europa.eu/news/en: 0.5 second load started
13:05:44 root         INFO     Driver opened url https://www.europarl.europa.eu/news/en/press-room/20250116IPR26320/president-metsola-gaza-ceasefire-the-breakthrough-we-all-hoped-for: 0.5 second load started
13:05:44 root         DEBUG    Titles: President Metsola: "Gaza ceasefire the breakthrough we all hoped for"
13:05:44 root         DEBUG    Dates: 2025-01-20
13:05:44 root         DEBUG    Desc:   * EU ready to play its part in Gaza ceasefire’s success 

  * Metsola: Europe ready to work for a positive outcome of Trump presidency for EU-US relations 

  * EP President marked the anniversary of the death of former EP President David Sassoli 




President Metsola opens the January 2025 plenary session in Strasbourg © European Union 2025 - EP 

President Metsola opened the 20-23 January session by welcoming the Gaza ceasefire, noting the importance of EU-US relations, and marking the anniversary of the death of David Sassoli. 

Ceasefire in Gaza 

Reacting to the ceasefire agreement in Gaza that came into effect on Sunday, 19 January, President Metsola said it was the “breakthrough that we all hoped for and that so many needed. It is what this Parliament called for.” She said that it should act as a “catalyst that changes despair to hope, that becomes the stepping stone to lasting stability, rebuilding and a surge in aid that allows real prospect of peace in the region.” The priority now is to ensure the agreement holds, she added, so that “its aims are met, that will allow the conflict to stop, get aid in, and get the remaining hostages out. The day after must bring new hope, and Europe is ready to play its part.” 

  


Inauguration of Donald Trump 

Speaking on the day Donald Trump is inaugurated for his second term as US President, President Metsola extended her best wishes to the American people as they begin this new chapter. “The bond between Europe and the United States has been a cornerstone of peace, security and prosperity for decades. It will not be without its challenges but I know that Europe will be ready to work for a positive outcome for all. Today, the geopolitical realities we all face will require a renewed transatlantic alliance guided by our shared values,” she said. “Europe stands ready to work together to strengthen our bond as friends and as partners to shape a world of stability, opportunity and hope.” 

  


Anniversary of the death of former EP President David Sassoli 

Speaking on the third anniversary of the death of former European Parliament President David Sassoli, President Metsola said that her predecessor was a European leader, a champion of democracy, and above all a dear friend. “David believed deeply in a Europe that could be united in solidarity and which would leave no one behind,” she added. 

  


Rocco Chinnici and Paolo Borsellino 

On the 100th anniversary of the birth of Rocco Chinnici and the 85th of Paolo Borsellino, President Metsola honoured the memory of the two anti-Mafia magistrates, saying that their work continues to be a “source of inspiration in Italy and in the whole of Europe”. 

## 

Product information 

13:05:44 root         DEBUG    Agency_id 7345
13:05:44 root         DEBUG    Article Link: https://www.europarl.europa.eu/news/en/press-room/20250116IPR26320/president-metsola-gaza-ceasefire-the-breakthrough-we-all-hoped-for
13:05:44 root         INFO     LEDE: [testlede] month: [Jan.] day: [20]
13:05:44 root         INFO     
ADDING: FILENAME: [testfilename hoped for"] TITLE: [President Metsola: "Gaza ceasefire the breakthrough we all hoped for"] DATE: [2025-01-20] ID [7345]

13:05:44 root         INFO     Driver opened url https://www.europarl.europa.eu/news/en/press-room/20250116IPR26321/ep-today: 0.5 second load started
13:05:45 root         DEBUG    Titles: EP TODAY
13:05:45 root         DEBUG    Dates: 2025-01-20
13:05:45 root         DEBUG    Desc: Monday, 20 January 

Last-minute press briefing at 16.30 

  
The Parliament’s Spokesperson and the Press Service will hold a press briefing on this week’s plenary session at 16.30. Follow the  last-minute briefing live  . 

  


Journalists wishing to actively participate and ask questions, please connect via  Interactio.    
  


Gaza: MEPs to discuss a post-war future 

  


On Monday after the opening of the session, plenary will assess the latest developments in Gaza, including the ceasefire which began on 19 January, the urgent need to release all Israeli hostages, and ending the humanitarian crisis. MEPs will also discuss how the EU can actively engage with all actors in the Middle East to work towards a two-state solution to the conflict. 

  


Snjezana KOBESCAK SMODIS 

(+32) 470 96 08 19 

EP_ForeignAff 

  
  


Climate crisis: Parliament to debate 2024’s record high temperatures 

  


From around 19.00, MEPs and Commissioner Micallef will debate the need for urgent climate action, in light of the record high temperatures in 2024. Last year was likely the first calendar year with a global mean temperature of more than 1.5°C above the 1850-1900 average, with the last 10-year period being the warmest on record. 

  


Thomas HAAHR    
(+32) 470 88 09 87 

EP_Environment 

  
  


In brief 

  


Fusion industry  . In the evening, MEPs and Commissioner Micallef will debate how to advance Europe’s fusion industry to increase energy independence and foster innovation. 

  


Live coverage of the plenary session can be found on  Parliament’s webstreaming  and on  EbS+  . 

  


For detailed information on the session, please also see our  newsletter  . 

  


Find more  information regarding plenary  . 

## 

Product information 

13:05:45 root         DEBUG    Agency_id 7345
13:05:45 root         DEBUG    Article Link: https://www.europarl.europa.eu/news/en/press-room/20250116IPR26321/ep-today
13:05:45 root         INFO     LEDE: [testlede] month: [Jan.] day: [20]
13:05:45 root         INFO     
ADDING: FILENAME: [testfilename EP TODAY] TITLE: [EP TODAY] DATE: [2025-01-20] ID [7345]

13:05:45 root         INFO     Driver opened url https://www.europarl.europa.eu/news/en/press-room/20250120IPR26348/enforcing-the-digital-services-act-press-conference-on-tuesday-at-15-30-cet: 0.5 second load started
13:05:46 root         DEBUG    Titles: Enforcing the Digital Services Act: press conference on Tuesday at 15.30 CET
13:05:46 root         DEBUG    Dates: 2025-01-20
13:05:46 root         DEBUG    Desc: Following tomorrow’s debate on the enforcement of EU digital rules to protect democracy online, Christel Schaldemose (S&D, DK) will hold a press conference. 

On Tuesday,  Christel Schaldemose (S&D, DK)  Vice-President and Chair of the  Working group on the implementation of the DSA  will give a press conference in Strasbourg after a plenary debate on enforcing the Digital Services Act to protect democracy on social media platforms. 

  


During the plenary discussion, MEPs are expected to express their concerns about the lack of transparency and accountability of platform recommender systems and their failure to tackle risks, including disinformation and foreign interference. 

  


When  : Tuesday, 21 January 2025, 15.30 CET 

  


Where  : European Parliament in Strasbourg, Daphne Caruana Galizia press conference room (WEISS N -1/201) 

  


How  : Accredited media representatives can attend the press conference physically. Journalists who wish to ask questions remotely should connect via  Interactio  . 

  


The press conference will also be web streamed live and recorded on the Parliament’s  Multimedia Centre. 

  


Background 

Tuesday’s debate with Polish EU Affairs Minister Sz\u0142apka and Commissioner Virkkunen, starting at 9.00 CET, will focus on the compliance of major social media companies with the DSA, which sets clear obligations for digital service providers to tackle the spread of illegal content, online disinformation, and other societal risks. This follows a plenary debate on 17 December 2024, which addressed the issue of online disinformation in European elections. During that discussion, many MEPs urged the Commission to actively enforce the DSA and impose sanctions on platforms that violate EU rules. 

  


## 

Product information 

13:05:46 root         DEBUG    Agency_id 7345
13:05:46 root         DEBUG    Article Link: https://www.europarl.europa.eu/news/en/press-room/20250120IPR26348/enforcing-the-digital-services-act-press-conference-on-tuesday-at-15-30-cet
13:05:46 root         INFO     LEDE: [testlede] month: [Jan.] day: [20]
13:05:46 root         INFO     
ADDING: FILENAME: [testfilename  15.30 CET] TITLE: [Enforcing the Digital Services Act: press conference on Tuesday at 15.30 CET] DATE: [2025-01-20] ID [7345]

13:05:46 root         INFO     Driver opened url https://www.europarl.europa.eu/news/en/press-room/20250116IPR26325/press-briefing-on-this-week-s-plenary-session: 0.5 second load started
13:05:47 root         DEBUG    Titles: Press briefing on this week's plenary session
13:05:47 root         DEBUG    Dates: 2025-01-20
13:05:47 root         DEBUG    Desc: European Parliament’s spokespersons will hold a last-minute briefing on the 20 - 23 January plenary session today at 16.30. 

When: Monday 20 January at 16.30 

  


Where: Daphne Caruana Galizia Press room and via  Interactio 

  
Key topics this week include: 

  
  


  * Debate with Prime Minister Donald Tusk on the priorities of the Polish Council Presidency 

  


  * Debate on the need to enforce the Digital Services Act (DSA) and tackle the spread of illegal content and online disinformation 

  


  * Debate on the implications of Trump’s presidency for EU-US relations 

  


  * Debate on the ceasefire in Gaza and prospects for a two-state solution for Israel and Palestine 

  


  * Debate with European Council President António Costa and Commission President Ursula von der Leyen on the December EU summit 

  


  * Vote on a resolution on Russia’s manipulation of history and use of false narratives to justify its war of aggression against Ukraine 

  


  * Debates on the political turmoil in Georgia and ongoing repression in Belarus (with a vote on a resolution on Belarus) 



  
  


Interpretation of the press briefing will be available in English, French, German, Italian, Spanish and Polish. 

  
  


Journalists wishing to actively participate and ask questions, please connect via Interactio by using this:  https://ep.interactio.eu/uw5m-71vf-mi2k 

  
  


You can follow it live from 16.30 on Monday in Parliament’s Daphne Caruana Galizia press room or via  Parliament’s webstreaming  and  EbS+  . 

  
Information for the media - Use Interactio to ask questions 

  
Interactio is only supported on iPad (with the Safari browser) and Mac/Windows (with the Google Chrome browser). 

  
When connecting, enter your name and the media you are representing in the first name / last name fields. 

For better sound quality, use headphones and a microphone. Interpretation is only possible for interventions with video. 

  
Journalists who have never used Interactio before are asked to connect 30 minutes before the start of the press conference to perform a connection test. IT assistance can be provided if necessary. 

  
  


When connected, open the chat window (upper right corner) to be able to see the service messages. 

  
  


For more details, check the  connection guidelines and recommendations for remote speakers. 

  
  


## 

Product information 

13:05:47 root         DEBUG    Agency_id 7345
13:05:47 root         DEBUG    Article Link: https://www.europarl.europa.eu/news/en/press-room/20250116IPR26325/press-briefing-on-this-week-s-plenary-session
13:05:47 root         INFO     LEDE: [testlede] month: [Jan.] day: [20]
13:05:47 root         INFO     
ADDING: FILENAME: [testfilename ry session] TITLE: [Press briefing on this week's plenary session] DATE: [2025-01-20] ID [7345]

13:05:47 root         INFO     Driver opened url https://www.europarl.europa.eu/news/en/press-room/20250116IPR26319/press-briefing-on-next-week-s-plenary-session: 0.5 second load started
13:05:47 root         DEBUG    Titles: Press briefing on next week's plenary session
13:05:47 root         DEBUG    Dates: 2025-01-16
13:05:47 root         DEBUG    Desc: Spokespersons for Parliament and for the political groups will hold a briefing on the 20 - 23 January plenary session on Friday at 11.00, in Parliament’s Anna Politkovskaya press room. 

When: Friday 17 January at 11.00 

  
Where: Anna Politkovskaya press room in Brussels and via  Interactio 

  
Key topics next week include: 

  


  * Debate with Prime Minister Donald Tusk and Commission President Ursula von der Leyen on the priorities of the Polish Council Presidency 

  


  * Debate on the need to enforce the Digital Services Act (DSA) and tackle the spread of illegal content and online disinformation 

  


  * Debate on the implications of Trump’s presidency for EU-US relations 

  


  * Debate on the ceasefire in Gaza and prospects for a two-state solution for Israel and Palestine 

  


  * Debate with European Council President António Costa and Commission President Ursula von der Leyen on the December EU summit 

  


  * Vote on a resolution on Russia’s manipulation of history and use of false narratives to justify its war of aggression against Ukraine 

  


  * Debate on media reports alleging that Hungary’s intelligence services spied on EU officials investigating fraud in the country 

  


  * Debates on the political turmoil in Georgia and ongoing repression in Belarus (with a vote on a resolution on Belarus) 

  


Interpretation of the press briefing will be available in English and French. 

  


Journalists wishing to actively participate and ask questions, please connect via Interactio using this link:  https://ep.interactio.eu/uw5m-71vf-mi2k 

  
You can follow it live from 11.00 on Friday in Parliament’s Anna Politkovskaya press room room or via Parliament’s  webstreaming  and  EbS  . 

  
Information for the media - Use Interactio to ask questions 

  
Interactio is only supported on iPads (with the Safari browser) and Mac/Windows (with the Google Chrome browser). 

  
When connecting, enter your name and the media you are representing in the first name / last name fields. 

  


For better sound quality, use headphones and a microphone. Interpretation is only possible for questions asked on video. 

  
Journalists who have never used Interactio before are asked to connect 30 minutes before the start of the press conference to perform a connection test. IT assistance can be provided if necessary. 

  


When connected, open the chat window (upper right corner) to be able to see the service messages. 

  


For more details, check the  connection guidelines and recommendations for remote speakers. 

  


## 

Product information 

13:05:47 root         DEBUG    Agency_id 7345
13:05:47 root         DEBUG    Article Link: https://www.europarl.europa.eu/news/en/press-room/20250116IPR26319/press-briefing-on-next-week-s-plenary-session
13:05:47 root         INFO     LEDE: [testlede] month: [Jan.] day: [16]
13:05:47 root         INFO     
ADDING: FILENAME: [testfilename ry session] TITLE: [Press briefing on next week's plenary session] DATE: [2025-01-16] ID [7345]

13:05:47 root         ERROR    7345: 1062 (23000): Duplicate entry 'testfilename ry session' for key 'press_release.filename_uniq_idx'
13:05:48 root         INFO     Driver opened url https://www.europarl.europa.eu/news/en/press-room/20250108IPR26254/meps-choose-bruno-gencarelli-as-top-candidate-for-eu-data-protection-watchdog: 0.5 second load started
13:05:48 root         DEBUG    Titles: MEPs choose Bruno Gencarelli as top candidate for EU data protection watchdog
13:05:48 root         DEBUG    Dates: 2025-01-16
13:05:48 root         DEBUG    Desc: The Civil Liberties Committee selected Bruno Gencarelli as their preferred candidate for the role of European Data Protection Supervisor in a vote on Thursday. 

MEPs in the Committee on Civil Liberties, Justice and Home Affairs ranked the four candidates applying for the position of European Data Protection Supervisor (EDPS) in a secret ballot. 

  
Bruno Gencarelli  was selected as the top candidate with 32 votes; 

François Pellegrini  received 30 votes; 

Wojciech Wiewiórowski  received 26 votes; 

and  Anna Pouliou  received 11 votes. 

  
Before the vote, MEPs held a hearing with the candidates to evaluate their suitability for the role, touching on the interplay between security and fundamental rights, including data retention and law enforcement questions; prioritisation and consistency after the EDPS's tasks have been expanded; and the impact of new technologies. 

You can  re-watch the hearing here  and find  more information, including answers to written questions, here  . 

  
Next steps 

  
The Civil Liberties Committee Chair will convey the outcome of the vote to the Conference of Presidents (EP President and the leaders of the political groups). Following their confirmation, Parliament and the Council will proceed to jointly appoint the new European Data Protection Supervisor for a term of five years. 

  
Background 

  
The European Data Protection Supervisor  is the EU’s independent data protection authority. It supervises how the EU institutions and bodies process personal data to ensure compliance with privacy rules and advises them on all aspects of personal data processing and related policies and legislation. 

In recent years, the role of the EDPS has been expanded by new digital legislation. For example, it is set to monitor the EU institutions’ compliance with  the Artificial Intelligence Act  in their use of AI systems. 

## 

Product information 

13:05:48 root         DEBUG    Agency_id 7345
13:05:48 root         DEBUG    Article Link: https://www.europarl.europa.eu/news/en/press-room/20250108IPR26254/meps-choose-bruno-gencarelli-as-top-candidate-for-eu-data-protection-watchdog
13:05:48 root         INFO     LEDE: [testlede] month: [Jan.] day: [16]
13:05:48 root         INFO     
ADDING: FILENAME: [testfilename n watchdog] TITLE: [MEPs choose Bruno Gencarelli as top candidate for EU data protection watchdog] DATE: [2025-01-16] ID [7345]

13:05:48 root         INFO     INVALID DATE: 2025-01-13 19:00:00
13:05:48 root         INFO     INVALID DATE: 2025-01-10 10:09:00
13:05:48 root         INFO     INVALID DATE: 2024-12-19 12:41:00
13:05:48 root         INFO     INVALID DATE: 2024-12-19 12:21:00
13:05:48 root         INFO     INVALID DATE: 2024-12-19 11:23:00
13:05:48 root         INFO     Skipping 35752
13:05:48 root         INFO     Skipping 31489
13:05:48 root         INFO     Skipping 15674
13:05:48 root         INFO     Skipping 31189
13:05:48 root         INFO     Skipping 21
13:05:48 root         INFO     Skipping 247
13:05:48 root         INFO     Skipping 20084
13:05:48 root         INFO     Skipping 16020
13:05:48 root         INFO     Skipping 2009
13:05:48 root         INFO     Skipping 1773
13:05:48 root         INFO     Skipping 7337
13:05:48 root         INFO     Skipping 14910
13:05:48 root         INFO     Skipping 7339
13:05:48 root         INFO     Skipping 24976
13:05:48 root         INFO     Skipping 30360
13:05:48 root         INFO     Skipping 24315
13:05:48 root         INFO     Skipping 30361
13:05:48 root         INFO     Skipping 30358
13:05:48 root         INFO     Skipping 37191
13:05:48 root         INFO     Skipping 3129
13:05:48 root         INFO     Skipping 3052
13:05:48 root         INFO     Skipping 37932
13:05:48 root         INFO     Skipping 3125
13:05:48 root         INFO     Skipping 3109
13:05:48 root         INFO     Skipping 20056
13:05:48 root         INFO     Skipping 37778
13:05:48 root         INFO     Skipping 35587
13:05:48 root         INFO     Skipping 28452
13:05:48 root         INFO     Skipping 3320
13:05:48 root         INFO     Skipping 30367
13:05:48 root         INFO     Skipping 3048
13:05:48 root         INFO     Skipping 3072
13:05:48 root         INFO     Skipping 38049
13:05:48 root         INFO     Skipping 30366
13:05:48 root         INFO     Skipping 30368
13:05:48 root         INFO     Skipping 27956
13:05:48 root         INFO     Skipping 15709
13:05:48 root         INFO     Skipping 38047
13:05:48 root         INFO     Skipping 3137
13:05:48 root         INFO     Skipping 3085
13:05:48 root         INFO     Skipping 2042
13:05:48 root         INFO     Skipping 30374
13:05:48 root         INFO     Skipping 3064
13:05:48 root         INFO     Skipping 3286
13:05:48 root         INFO     Skipping 30362
13:05:48 root         INFO     Skipping 3309
13:05:48 root         INFO     Skipping 37826
13:05:48 root         INFO     Skipping 4972
13:05:48 root         INFO     Skipping 15790
13:05:48 root         INFO     Skipping 18747
13:05:48 root         INFO     Skipping 22401
13:05:48 root         INFO     Skipping 18711
13:05:48 root         INFO     Skipping 3123
13:05:48 root         INFO     Skipping 3296
13:05:48 root         INFO     Skipping 164
13:05:48 root         INFO     Skipping 30617
13:05:48 root         INFO     Skipping 19614
13:05:48 root         INFO     Skipping 23295
13:05:48 root         INFO     Skipping 35818
13:05:48 root         INFO     Skipping 7531
13:05:48 root         INFO     Skipping 19559
13:05:48 root         INFO     Skipping 26784
13:05:48 root         INFO     Skipping 25775
13:05:48 root         INFO     Skipping 27321
13:05:48 root         INFO     Skipping 7234
13:05:48 root         INFO     Skipping 6914
13:05:48 root         INFO     Skipping 18113
13:05:48 root         INFO     Skipping 39880
13:05:48 root         INFO     Skipping 22565
13:05:48 root         INFO     Skipping 27877
13:05:48 root         INFO     Skipping 23176
13:05:48 root         INFO     Skipping 20510
13:05:48 root         INFO     Skipping 22316
13:05:48 root         INFO     Skipping 20813
13:05:49 root         INFO     Scrape errors found during run:
13:05:49 root         INFO     []
13:05:49 root         INFO     End of file message
13:05:49 root         INFO     

Load Version 2.0.1 01/17/2025
       Docs Loaded: 5
       URLS processed: 1
       DUPS skipped: 1
       No Ledes found: 0

Passed Parameters:
       Pull House and Senate: False
       Number of days back: 5
       Start Time: 2025-01-20 13:05:38
       End Time: 2025-01-20 13:05:49
       Elapsed Time: 0:00:11
       Character Minimum Amount: 100

Errors:
Docs:
	Loaded:
		7345: President Metsola: "Gaza ceasefire the breakthrough we all hoped for"
		7345: EP TODAY
		7345: Enforcing the Digital Services Act: press conference on Tuesday at 15.30 CET
		7345: Press briefing on this week's plenary session
		7345: MEPs choose Bruno Gencarelli as top candidate for EU data protection watchdog
	Duplicates:
		7345: Press briefing on next week's plenary session
