10:16:56 root         INFO     Skipping 27599
10:16:56 root         INFO     Skipping 30449
10:16:56 root         INFO     Skipping 14315
10:16:56 root         INFO     Skipping 7566
10:16:56 root         INFO     Skipping 804
10:16:56 root         INFO     Skipping 12106
10:16:56 root         INFO     Skipping 8034
10:16:56 root         INFO     Skipping 7901
10:16:56 root         INFO     Skipping 20157
10:16:56 root         INFO     Skipping 6950
10:16:56 root         INFO     Skipping 15026
10:16:56 root         INFO     Skipping 19993
10:16:56 root         INFO     Skipping 21569
10:16:56 root         INFO     Skipping 23030
10:16:56 root         INFO     Skipping 206
10:16:56 root         INFO     Skipping 16046
10:16:56 root         INFO     Skipping 16140
10:16:56 root         INFO     Skipping 16037
10:16:56 root         INFO     Skipping 43
10:16:56 root         INFO     Skipping 225
10:16:56 root         INFO     Skipping 37711
10:16:56 root         INFO     Skipping 34699
10:16:56 root         INFO     Skipping 19021
10:16:56 root         INFO     Skipping 18495
10:16:56 root         INFO     Skipping 222
10:16:56 root         INFO     Skipping 5602
10:16:56 root         INFO     Skipping 16027
10:16:56 root         INFO     Skipping 21499
10:16:56 root         INFO     Skipping 2698
10:16:56 root         INFO     Skipping 27867
10:16:56 root         INFO     Skipping 24224
10:16:56 root         INFO     Skipping 21563
10:16:56 root         INFO     Skipping 24227
10:16:56 root         INFO     Skipping 17224
10:16:56 root         INFO     Skipping 219
10:16:56 root         INFO     Skipping 23814
10:16:56 root         INFO     Skipping 15376
10:16:56 root         INFO     Skipping 19286
10:16:56 root         INFO     Skipping 28048
10:16:56 root         INFO     Skipping 543
10:16:56 root         INFO     Skipping 24233
10:16:56 root         INFO     Skipping 18735
10:16:56 root         INFO     Skipping 1066
10:16:56 root         INFO     Skipping 37680
10:16:56 root         INFO     Skipping 691
10:16:56 root         INFO     Skipping 677
10:16:56 root         INFO     Skipping 20141
10:16:56 root         INFO     Skipping 36151
10:16:56 root         INFO     Skipping 20319
10:16:56 root         INFO     Skipping 12400
10:16:56 root         INFO     Skipping 127
10:16:56 root         INFO     Skipping 20792
10:16:56 root         INFO     Skipping 17104
10:16:56 root         INFO     Skipping 24344
10:16:56 root         INFO     Skipping 19546
10:16:56 root         INFO     Skipping 15565
10:16:56 root         INFO     Skipping 13359
10:16:56 root         INFO     Skipping 17922
10:16:56 root         INFO     Skipping 22481
10:16:56 root         INFO     Skipping 20138
10:16:56 root         INFO     Skipping 119
10:16:56 root         INFO     Skipping 24
10:16:56 root         INFO     Skipping 21188
10:16:56 root         INFO     Skipping 3016
10:16:56 root         INFO     Skipping 21525
10:16:56 root         INFO     Skipping 37694
10:16:56 root         INFO     Skipping 18710
10:16:56 root         INFO     Skipping 29332
10:16:56 root         INFO     Skipping 23100
10:16:56 root         INFO     Skipping 37725
10:16:56 root         INFO     Skipping 15633
10:16:56 root         INFO     Skipping 948
10:16:56 root         INFO     Skipping 30993
10:16:56 root         INFO     Skipping 22221
10:16:56 root         INFO     Skipping 22654
10:16:56 root         INFO     Skipping 35809
10:16:56 root         INFO     Skipping 35576
10:16:56 root         INFO     Skipping 37408
10:16:56 root         INFO     Skipping 7844
10:16:56 root         INFO     Skipping 169
10:16:56 root         INFO     Skipping 20
10:16:56 root         INFO     Skipping 8022
10:16:56 root         INFO     Skipping 8032
10:16:56 root         INFO     Skipping 20605
10:16:56 root         INFO     Skipping 7838
10:16:56 root         INFO     Skipping 21497
10:16:56 root         INFO     Skipping 35572
10:16:56 root         INFO     Skipping 30425
10:16:56 root         INFO     Skipping 35517
10:16:56 root         INFO     Skipping 35524
10:16:56 root         INFO     Skipping 21522
10:16:56 root         INFO     Skipping 1325
10:16:56 root         INFO     Skipping 1079
10:16:56 root         INFO     Skipping 6973
10:16:56 root         INFO     Skipping 37495
10:16:56 root         INFO     Skipping 30405
10:16:56 root         INFO     Skipping 18767
10:16:56 root         INFO     Skipping 21521
10:16:56 root         INFO     Skipping 921
10:16:56 root         INFO     Skipping 27602
10:16:56 root         INFO     Skipping 21335
10:16:56 root         INFO     Skipping 30444
10:16:56 root         INFO     Skipping 1363
10:16:56 root         INFO     Skipping 9488
10:16:56 root         INFO     Skipping 24230
10:16:56 root         INFO     Skipping 2696
10:16:56 root         INFO     Skipping 37705
10:16:56 root         INFO     Skipping 33752
10:16:56 root         INFO     Skipping 37731
10:16:56 root         INFO     Skipping 37740
10:16:56 root         INFO     Skipping 9427
10:16:56 root         INFO     Skipping 19880
10:16:56 root         INFO     Skipping 632
10:16:56 root         INFO     Skipping 135
10:16:56 root         INFO     Skipping 39007
10:16:56 root         INFO     Skipping 551
10:16:56 root         INFO     Skipping 37304
10:16:56 root         INFO     Skipping 20115
10:16:56 root         INFO     Skipping 13362
10:16:56 root         INFO     Skipping 7333
10:16:56 root         INFO     Skipping 21423
10:16:56 root         INFO     Skipping 17653
10:16:56 root         INFO     Skipping 21152
10:16:56 root         INFO     Skipping 16031
10:16:56 root         INFO     Skipping 27074
10:16:56 root         INFO     Skipping 255
10:16:56 root         INFO     Skipping 431
10:16:56 root         INFO     Skipping 19290
10:16:56 root         INFO     Skipping 33954
10:16:56 root         INFO     Skipping 22921
10:16:56 root         INFO     Skipping 26556
10:16:56 root         INFO     Skipping 167
10:16:56 root         INFO     Skipping 15884
10:16:56 root         INFO     Skipping 30382
10:16:56 root         INFO     Skipping 30450
10:16:56 root         INFO     Skipping 27626
10:16:56 root         INFO     Skipping 37748
10:16:56 root         INFO     Skipping 715
10:16:56 root         INFO     Skipping 18734
10:16:56 root         INFO     Skipping 9485
10:16:56 root         INFO     Skipping 24231
10:16:56 root         INFO     Skipping 6221
10:16:56 root         INFO     Skipping 15392
10:16:56 root         INFO     Skipping 14466
10:16:56 root         INFO     Skipping 15025
10:16:56 root         INFO     Skipping 19760
10:16:56 root         INFO     Skipping 37095
10:16:56 root         INFO     Skipping 122
10:16:56 root         INFO     Skipping 113
10:16:56 root         INFO     Skipping 13863
10:16:56 root         INFO     Skipping 7355
10:16:56 root         INFO     Skipping 8042
10:16:56 root         INFO     Skipping 23802
10:16:56 root         INFO     Skipping 282
10:16:56 root         INFO     Skipping 7316
10:16:56 root         INFO     Skipping 16040
10:16:56 root         INFO     Skipping 7922
10:16:56 root         INFO     Skipping 16041
10:16:56 root         INFO     Skipping 28101
10:16:56 root         INFO     Skipping 3410
10:16:56 root         INFO     Skipping 7121
10:16:56 root         INFO     Skipping 17116
10:16:56 root         INFO     Skipping 20034
10:16:56 root         INFO     Skipping 6918
10:16:56 root         INFO     Skipping 22037
10:16:56 root         INFO     Skipping 14373
10:16:56 root         INFO     Skipping 13794
10:16:56 root         INFO     Skipping 13964
10:16:56 root         INFO     Skipping 6930
10:16:56 root         INFO     Skipping 19978
10:16:56 root         INFO     Skipping 14069
10:16:56 root         INFO     Skipping 14111
10:16:56 root         INFO     Skipping 6931
10:16:56 root         INFO     Skipping 14021
10:16:56 root         INFO     Skipping 37180
10:16:56 root         INFO     Skipping 35130
10:16:56 root         INFO     Skipping 19684
10:16:56 root         INFO     Skipping 28292
10:16:56 root         INFO     Skipping 30335
10:16:56 root         INFO     Skipping 14867
10:16:56 root         INFO     Skipping 23669
10:16:56 root         INFO     Skipping 6793
10:16:56 root         INFO     Skipping 15440
10:16:56 root         INFO     Skipping 23588
10:16:56 root         INFO     Skipping 10156
10:16:56 root         INFO     Skipping 30046
10:16:56 root         INFO     Skipping 39476
10:16:56 root         INFO     Skipping 37727
10:16:56 root         INFO     Skipping 33096
10:16:56 root         INFO     Skipping 32423
10:16:56 root         INFO     Skipping 30658
10:16:56 root         INFO     Skipping 18394
10:16:56 root         INFO     Skipping 19870
10:16:56 root         INFO     Skipping 15962
10:16:56 root         INFO     Skipping 702
10:16:56 root         INFO     Skipping 39478
10:16:56 root         INFO     Skipping 30435
10:16:56 root         INFO     Skipping 9445
10:16:56 root         INFO     Skipping 24173
10:16:56 root         INFO     Skipping 35554
10:16:56 root         INFO     Skipping 18733
10:16:56 root         INFO     Skipping 3962
10:16:56 root         INFO     Skipping 26659
10:16:56 root         INFO     Skipping 32135
10:16:56 root         INFO     Skipping 27843
10:16:56 root         INFO     Skipping 17658
10:16:56 root         INFO     Skipping 27186
10:16:56 root         INFO     Skipping 6922
10:16:56 root         INFO     Skipping 7317
10:16:56 root         INFO     Skipping 37607
10:16:56 root         INFO     Skipping 19748
10:16:56 root         INFO     Skipping 14979
10:16:56 root         INFO     Skipping 28256
10:16:56 root         INFO     Skipping 15000
10:16:56 root         INFO     Skipping 15725
10:16:56 root         INFO     Skipping 21561
10:16:56 root         INFO     Skipping 23098
10:16:56 root         INFO     Skipping 24231
10:16:56 root         INFO     Skipping 30469
10:16:56 root         INFO     Skipping 37819
10:16:56 root         INFO     Skipping 27605
10:16:56 root         INFO     Skipping 24799
10:16:56 root         INFO     Skipping 35571
10:16:56 root         INFO     Skipping 18750
10:16:56 root         INFO     Skipping 21564
10:16:56 root         INFO     Skipping 695
10:16:56 root         INFO     Skipping 619
10:16:56 root         INFO     Skipping 21566
10:16:56 root         INFO     Skipping 18746
10:16:56 root         INFO     Skipping 30470
10:16:56 root         INFO     Skipping 37747
10:16:56 root         INFO     Skipping 35726
10:16:56 root         INFO     Skipping 35708
10:16:56 root         INFO     Skipping 35705
10:16:56 root         INFO     Skipping 35727
10:16:56 root         INFO     Skipping 37743
10:16:56 root         INFO     Skipping 24229
10:16:56 root         INFO     Skipping 37748
10:16:56 root         INFO     Skipping 19879
10:16:56 root         INFO     Skipping 717
10:16:56 root         INFO     Skipping 35728
10:16:56 root         INFO     Skipping 37820
10:16:56 root         INFO     Skipping 30473
10:16:56 root         INFO     Skipping 37744
10:16:56 root         INFO     Skipping 28313
10:16:56 root         INFO     Skipping 37749
10:16:56 root         INFO     Skipping 15948
10:16:56 root         INFO     Skipping 35707
10:16:56 root         INFO     Skipping 35706
10:16:56 root         INFO     Skipping 35704
10:16:56 root         INFO     Skipping 18740
10:16:56 root         INFO     Skipping 18736
10:16:56 root         INFO     Skipping 183
10:16:56 root         INFO     Skipping 7887
10:16:56 root         INFO     Skipping 15551
10:16:56 root         INFO     Skipping 35562
10:16:56 root         INFO     Skipping 9423
10:16:56 root         INFO     Skipping 1519
10:16:56 root         INFO     Skipping 35489
10:16:56 root         INFO     Skipping 20880
10:16:56 root         INFO     Skipping 37235
10:16:56 root         INFO     Skipping 15882
10:16:56 root         INFO     Skipping 1169
10:16:56 root         INFO     Skipping 9463
10:16:56 root         INFO     Skipping 37685
10:16:56 root         INFO     Skipping 809
10:16:56 root         INFO     Skipping 9421
10:16:56 root         INFO     Skipping 30397
10:16:56 root         INFO     Skipping 37735
10:16:56 root         INFO     Skipping 30394
10:16:56 root         INFO     Skipping 30448
10:16:56 root         INFO     Skipping 27614
10:16:56 root         INFO     Skipping 35527
10:16:56 root         INFO     Skipping 37416
10:16:56 root         INFO     Skipping 37709
10:16:56 root         INFO     Skipping 27649
10:16:56 root         INFO     Skipping 35546
10:16:56 root         INFO     Skipping 1098
10:16:56 root         INFO     Skipping 21488
10:16:56 root         INFO     Skipping 37674
10:16:56 root         INFO     Skipping 37706
10:16:56 root         INFO     Skipping 37713
10:16:56 root         INFO     Skipping 918
10:16:56 root         INFO     Skipping 24210
10:16:56 root         INFO     Skipping 37728
10:16:56 root         INFO     Skipping 35555
10:16:56 root         INFO     Skipping 35556
10:16:56 root         INFO     Skipping 892
10:16:56 root         INFO     Skipping 38045
10:16:56 root         INFO     Skipping 829
10:16:56 root         INFO     Skipping 30468
10:16:56 root         INFO     Skipping 24186
10:16:56 root         INFO     Skipping 24194
10:16:56 root         INFO     Skipping 37693
10:16:56 root         INFO     Skipping 30429
10:16:56 root         INFO     Skipping 1249
10:16:56 root         INFO     Skipping 30434
10:16:56 root         INFO     Skipping 24199
10:16:56 root         INFO     Skipping 37688
10:16:56 root         INFO     Skipping 23853
10:16:56 root         INFO     Skipping 30456
10:16:56 root         INFO     Skipping 1036
10:16:56 root         INFO     Skipping 30436
10:16:56 root         INFO     Skipping 37690
10:16:56 root         INFO     Skipping 36428
10:16:56 root         INFO     Skipping 37721
10:16:56 root         INFO     Skipping 27646
10:16:56 root         INFO     Skipping 24187
10:16:56 root         INFO     Skipping 35551
10:16:56 root         INFO     Skipping 925
10:16:56 root         INFO     Skipping 21570
10:16:56 root         INFO     Skipping 21536
10:16:56 root         INFO     Skipping 604
10:16:56 root         INFO     Skipping 21562
10:16:56 root         INFO     Skipping 21572
10:16:56 root         INFO     Skipping 17884
10:16:56 root         INFO     Skipping 235
10:16:56 root         INFO     Skipping 2909
10:16:56 root         INFO     Skipping 21487
10:16:56 root         INFO     Skipping 27644
10:16:56 root         INFO     Skipping 37722
10:16:56 root         INFO     Skipping 24175
10:16:56 root         INFO     Skipping 27637
10:16:56 root         INFO     Skipping 9424
10:16:56 root         INFO     Skipping 24181
10:16:56 root         INFO     Skipping 37676
10:16:56 root         INFO     Skipping 15912
10:16:56 root         INFO     Skipping 1004
10:16:56 root         INFO     Skipping 15922
10:16:56 root         INFO     Skipping 21523
10:16:56 root         INFO     Skipping 14489
10:16:56 root         INFO     Skipping 18756
10:16:56 root         INFO     Skipping 23549
10:16:56 root         INFO     Skipping 30414
10:16:56 root         INFO     Skipping 2505
10:16:56 root         INFO     Skipping 28735
10:16:56 root         INFO     Skipping 599
10:16:56 root         INFO     Skipping 24124
10:16:56 root         INFO     Skipping 24218
10:16:56 root         INFO     Skipping 19874
10:16:56 root         INFO     Skipping 2175
10:16:56 root         INFO     Skipping 21467
10:16:56 root         INFO     Skipping 30525
10:16:56 root         INFO     Skipping 24176
10:16:56 root         INFO     Skipping 15949
10:16:56 root         INFO     Skipping 27630
10:16:56 root         INFO     Skipping 27632
10:16:56 root         INFO     Skipping 606
10:16:56 root         INFO     Skipping 27629
10:16:56 root         INFO     Skipping 24228
10:16:56 root         INFO     Skipping 562
10:16:56 root         INFO     Skipping 21633
10:16:56 root         INFO     Skipping 24225
10:16:56 root         INFO     Skipping 18725
10:16:56 root         INFO     Skipping 21567
10:16:56 root         INFO     Skipping 27628
10:16:56 root         INFO     Skipping 12921
10:16:56 root         INFO     Skipping 47
10:16:56 root         INFO     Skipping 8101
10:16:56 root         INFO     Skipping 27936
10:16:56 root         INFO     Skipping 23089
10:16:56 root         INFO     Skipping 15911
10:16:56 root         INFO     Skipping 30472
10:16:56 root         INFO     Skipping 35703
10:16:56 root         INFO     Skipping 30475
10:16:56 root         INFO     Skipping 18739
10:16:56 root         INFO     Skipping 30378
10:16:56 root         INFO     Skipping 21
10:16:56 root         INFO     Skipping 32904
10:16:56 root         INFO     Skipping 24169
10:16:56 root         INFO     Skipping 27616
10:16:56 root         INFO     Skipping 546
10:16:56 root         INFO     Skipping 125
10:16:56 root         INFO     Skipping 432
10:16:56 root         INFO     Skipping 23572
10:16:56 root         INFO     Skipping 1
10:16:56 root         INFO     Skipping 10
10:16:56 root         INFO     Skipping 72
10:16:56 root         INFO     Skipping 106
10:16:56 root         INFO     Skipping 804
10:16:56 root         INFO     Skipping 697
10:16:56 root         INFO     Skipping 166
10:16:56 root         INFO     Skipping 37667
10:16:56 root         INFO     Skipping 24234
10:16:56 root         INFO     Skipping 34781
10:16:56 root         INFO     Skipping 44
10:16:56 root         INFO     Skipping 2434
10:16:56 root         INFO     Skipping 7307
10:16:56 root         INFO     Skipping 7280
10:16:56 root         INFO     Skipping 14197
10:16:56 root         INFO     Skipping 6929
10:16:56 root         INFO     Skipping 24223
10:16:56 root         INFO     Skipping 30412
10:16:56 root         INFO     Skipping 21230
10:16:56 root         INFO     Skipping 7124
10:16:56 root         INFO     Skipping 7516
10:16:56 root         INFO     Skipping 9231
10:16:56 root         INFO     Skipping 13222
10:16:56 root         INFO     Skipping 24928
10:16:56 root         INFO     Skipping 14466
10:16:56 root         INFO     Skipping 19685
10:16:56 root         INFO     Skipping 14008
10:16:56 root         INFO     Skipping 20480
10:16:56 root         INFO     Skipping 7126
10:16:56 root         INFO     Skipping 15792
10:16:56 root         INFO     Skipping 27571
10:16:56 root         INFO     Skipping 19109
10:16:56 root         INFO     Skipping 14066
10:16:56 root         INFO     Skipping 7103
10:16:56 root         INFO     Skipping 13479
10:16:56 root         INFO     Skipping 13475
10:16:56 root         INFO     Skipping 24237
10:16:56 root         INFO     Skipping 28365
10:16:56 root         INFO     Skipping 7118
10:16:56 root         INFO     Skipping 19909
10:16:56 root         INFO     Skipping 13664
10:16:56 root         INFO     Skipping 13467
10:16:56 root         INFO     Skipping 18743
10:16:56 root         INFO     Skipping 19881
10:16:56 root         INFO     Skipping 6970
10:16:56 root         INFO     Skipping 7286
10:16:56 root         INFO     Skipping 14047
10:16:56 root         INFO     Skipping 35569
10:16:56 root         INFO     Skipping 37741
10:16:56 root         INFO     Skipping 37697
10:16:56 root         INFO     Skipping 1453
10:16:56 root         INFO     Skipping 18818
10:16:56 root         INFO     Skipping 37745
10:16:56 root         INFO     Skipping 18836
10:16:56 root         INFO     Skipping 37441
10:16:56 root         INFO     Skipping 24207
10:16:56 root         INFO     Skipping 1483
10:16:56 root         INFO     Skipping 30395
10:16:56 root         INFO     Skipping 30432
10:16:56 root         INFO     Skipping 36969
10:16:56 root         INFO     Skipping 21533
10:16:56 root         INFO     Skipping 1352
10:16:56 root         INFO     Skipping 30390
10:16:56 root         INFO     Skipping 1149
10:16:56 root         INFO     Skipping 24202
10:16:56 root         INFO     Skipping 30389
10:16:56 root         INFO     Skipping 15891
10:16:56 root         INFO     Skipping 14488
10:16:56 root         INFO     Skipping 30528
10:16:56 root         INFO     Skipping 27597
10:16:56 root         INFO     Skipping 37737
10:16:56 root         INFO     Skipping 1557
10:16:56 root         INFO     Skipping 27609
10:16:56 root         INFO     Skipping 900
10:16:56 root         INFO     Skipping 21527
10:16:56 root         INFO     Skipping 1479
10:16:56 root         INFO     Skipping 30387
10:16:56 root         INFO     Skipping 980
10:16:56 root         INFO     Skipping 37703
10:16:56 root         INFO     Skipping 15304
10:16:56 root         INFO     Skipping 128
10:16:56 root         INFO     Skipping 14781
10:16:56 root         INFO     Skipping 15528
10:16:56 root         INFO     Skipping 25120
10:16:56 root         INFO     Skipping 33803
10:16:56 root         INFO     Skipping 20476
10:16:56 root         INFO     Skipping 27502
10:16:56 root         INFO     Skipping 13456
10:16:56 root         INFO     Skipping 27390
10:16:56 root         INFO     Skipping 15813
10:16:56 root         INFO     Skipping 7320
10:16:56 root         INFO     Skipping 20668
10:16:56 root         INFO     Skipping 38937
10:16:56 root         INFO     Skipping 37417
10:16:56 root         INFO     Skipping 13038
10:16:56 root         INFO     Skipping 6932
10:16:56 root         INFO     Skipping 14978
10:16:56 root         INFO     Skipping 17045
10:16:56 root         INFO     Skipping 22385
10:16:56 root         INFO     Skipping 7853
10:16:56 root         INFO     Skipping 14026
10:16:56 root         INFO     Skipping 14923
10:16:56 root         INFO     Skipping 7288
10:16:56 root         INFO     Skipping 7538
10:16:56 root         INFO     Skipping 13451
10:16:56 root         INFO     Skipping 25009
10:16:56 root         INFO     Skipping 9452
10:16:56 root         INFO     Skipping 20118
10:16:56 root         INFO     Skipping 20475
10:16:56 root         INFO     Skipping 14602
10:16:56 root         INFO     Skipping 7291
10:16:56 root         INFO     Skipping 13457
10:16:56 root         INFO     Skipping 7345
10:16:56 root         INFO     Skipping 35752
10:16:56 root         INFO     Skipping 31489
10:16:56 root         INFO     Skipping 15674
10:16:56 root         INFO     Skipping 31189
10:16:56 root         INFO     Skipping 21
10:16:56 root         INFO     Skipping 247
10:16:56 root         INFO     Skipping 20084
10:16:56 root         INFO     Skipping 16020
10:16:56 root         INFO     Skipping 2009
10:16:56 root         INFO     Skipping 1773
10:16:56 root         INFO     Skipping 7337
10:16:56 root         INFO     Skipping 14910
10:16:56 root         INFO     Skipping 7339
10:16:56 root         INFO     Skipping 24976
10:16:56 root         INFO     Skipping 30360
10:16:56 root         INFO     Skipping 24315
10:16:56 root         INFO     Skipping 30361
10:16:56 root         INFO     Skipping 30358
10:16:56 root         INFO     Skipping 37191
10:16:56 root         INFO     Skipping 3129
10:16:56 root         INFO     Skipping 3052
10:16:56 root         INFO     Skipping 37932
10:16:56 root         INFO     Skipping 3125
10:16:56 root         INFO     Skipping 3109
10:16:56 root         INFO     Skipping 20056
10:16:56 root         INFO     Skipping 37778
10:16:56 root         INFO     Skipping 35587
10:16:56 root         INFO     Skipping 28452
10:16:56 root         INFO     Skipping 3320
10:16:56 root         INFO     Skipping 30367
10:16:56 root         INFO     Skipping 3048
10:16:56 root         INFO     Skipping 27750
10:16:56 root         INFO     Skipping 3072
10:16:56 root         INFO     Skipping 38049
10:16:56 root         INFO     Skipping 30366
10:16:56 root         INFO     Skipping 30368
10:16:56 root         INFO     Skipping 27956
10:16:56 root         INFO     Skipping 15709
10:16:56 root         INFO     Skipping 38047
10:16:56 root         INFO     Skipping 3137
10:16:56 root         INFO     Skipping 3085
10:16:56 root         INFO     Skipping 2042
10:16:56 root         INFO     Skipping 30374
10:16:56 root         INFO     Skipping 3064
10:16:56 root         INFO     Skipping 3286
10:16:56 root         INFO     Skipping 30362
10:16:56 root         INFO     Skipping 3309
10:16:56 root         INFO     Skipping 37826
10:16:56 root         INFO     Skipping 4972
10:16:56 root         INFO     Skipping 15790
10:16:56 root         INFO     Skipping 18747
10:16:56 root         INFO     Skipping 22401
10:16:56 root         INFO     Skipping 18711
10:16:56 root         INFO     Skipping 3123
10:16:56 root         INFO     Skipping 3296
10:16:56 root         INFO     Skipping 164
10:16:56 root         INFO     Skipping 30617
10:16:56 root         INFO     Skipping 19614
10:16:56 root         INFO     Skipping 23295
10:16:56 root         INFO     Skipping 35818
10:16:56 root         INFO     Skipping 7531
10:16:56 root         INFO     Skipping 19559
10:16:56 root         INFO     Skipping 26784
10:16:56 root         INFO     Skipping 25775
10:16:56 root         INFO     Skipping 27321
10:16:56 root         INFO     Skipping 7234
10:16:56 root         INFO     Skipping 6914
10:16:56 root         INFO     Skipping 18113
10:16:58 root         INFO     Driver opened url https://ffrfaction.org/category/news/: 0.5 second load started
10:16:59 root         INFO     Driver opened url https://ffrfaction.org/county-commissioner-is-theocrat-of-the-week-for-espousing-seven-mountains-theology/: 0.5 second load started
10:16:59 root         DEBUG    Titles: County commissioner is 'Theocrat of the Week' for espousing Seven Mountains theology
10:16:59 root         DEBUG    Dates: 2025-01-17
10:16:59 root         DEBUG    Desc: A pastor recently elected as county commissioner in Knox County, Ohio, is FFRF Action Fund’s “Theocrat of the Week” for promoting the Christian nationalist Seven Mountains theology.   
  
Pastor, author, broadcaster and newly elected county commissioner Drenda Keesee is using the Seven Mountains theology to guide her time in office.  She aims  as a commissioner “to bring righteousness and God’s plans” to the government.  Seven Mountains theology  calls upon its followers to establish “God’s kingdom” on Earth by imposing fundamentalist values on American life and taking control of seven crucial areas of society and culture: family, religion, government, education, arts and entertainment, commerce and media. The theology teaches disciples to  “do whatever is necessary”  when taking control.   
  
While running for Knox County Commission last year,  Keesee espoused these ideas  , claiming that Jesus told her to do so and that God wants like-minded Christians to take “place in the [Seven] Mountains of influence and leadership.” She ran  unopposed for a seat on the County Commission  after winning the Republican primary against two opponents.   
  
Last week,  after her first meeting as Knox County commissioner  , Keesee took to social media to urge other like-minded Christians to run for office, “take on the Seven Mountains” and “bring righteousness and God’s plans for the government” to the United States. In a  Facebook livestream  , Keesee showed off her county commissioner office and professed: “Governments are important, we know. So much so that early, in the Garden [of Eden], Satan wanted the governmental authority, and he basically deceived Adam and Eve into handing over the authority on the Earth, which required Jesus to come in and to give us back our authority.”   
  
“So we should be involved in government,”  Keesee continued.  “The Bible says, ‘When the righteous rule, the people rejoice’ and ‘Sin is a reproach to any nation or any people.’”   
  
Based on this reasoning, she  urged other Christians to follow in her footsteps  , saying, “I would encourage any of you that are considering running for office, it is a calling to be in government.” She invoked the Seven Mountains with: “It is a calling to take on any of those mountains of education and arts and music and media. There’s all these areas we need to share God’s kingdom principles so that we can have righteousness rule.”   
  
Bradley Onishi, a religion scholar,  has explained Seven Mountains theology as  “a mandate to colonize the Earth for God.” Onishi added, “The goal is not to simply reflect the character of Christ on Earth by way of living a life that upholds his glory and his teachings. The goal is to have absolute authority and power over every facet of human society.”   
  
Keesee also  promotes her beliefs and conspiracy theories  on her YouTube series “Drenda On Guard,” where she has accused Freemasons, the Illuminati and the World Economic Forum of conspiring to unseat Christians from the Seven Mountains. Keesee claims that this cabal has a “maniacal plan to take down mankind” that will wage “a war against God.”   
  
“Drenda On Guard” clips were  publicized during her campaign for county commissioner  , during which she  claimed that children are being manipulated into becoming transgender  by “being bombarded constantly with messaging that makes them question whether they’re male or female.” She also compared the LGBTQ-plus community to Hitler, saying, “Because just like Hitler, they know if you’re going to mold a child, you mold them at the youngest age you can before they have a developed consciousness of what is right and wrong.”   
  
Keesee’s call for Christians to adopt the Seven Mountains mandate and seek public office certainly earns her the title “Theocrat of the Week.” The Seven Mountains theology and Keesee’s dangerous, prejudiced beliefs have no place in public office.   
  
FFRF Action Fund is a 501(c)(4) organization that develops and advocates for legislation, regulations and government programs to preserve the constitutional principle of separation between state and church. It also advocates for the rights and views of nonbelievers, endorses candidates for political office, and publicizes the views of elected officials concerning religious liberty issues. 

10:16:59 root         DEBUG    Agency_id 39880
10:16:59 root         DEBUG    Article Link: https://ffrfaction.org/county-commissioner-is-theocrat-of-the-week-for-espousing-seven-mountains-theology/
10:16:59 root         INFO     LEDE: [testlede] month: [Jan.] day: [17]
10:16:59 root         INFO     
ADDING: FILENAME: [testfilename s theology] TITLE: [County commissioner is 'Theocrat of the Week' for espousing Seven Mountains theology] DATE: [2025-01-17] ID [39880]

10:17:00 root         INFO     Driver opened url https://ffrfaction.org/u-s-rep-earns-secularist-award-for-joining-the-congressional-freethought-caucus/: 0.5 second load started
10:17:00 root         DEBUG    Titles: U.S. rep. earns 'Secularist' award for joining the Congressional Freethought Caucus
10:17:00 root         DEBUG    Dates: 2025-01-17
10:17:00 root         DEBUG    Desc: Newly elected  U.S. Rep. Laura Friedman  is FFRF Action Fund’s “Secularist of the Week” for joining the Congressional Freethought Caucus.   
  
Friedman was elected to represent California’s 30th District in November after representing California’s 44th Assembly District since 2016. Upon entering Congress, she quickly joined the  Congressional Freethought Caucus  , founded by Reps. Jared Huffman, Calif., and Jamie Raskin, Md., in 2018.   
  
The Caucus  works to protect the secular character of our government and the separation of state and church, oppose discrimination against nonbelievers and promote public policy based on reason and science. The Caucus is open to members of Congress belonging to all faiths and none.   
  
Friedman is committed to values aligned with the FFRF Action Fund, such as reproductive freedom, LGBTQ-plus rights, and believing science while “combating the climate crisis.” Friedman  explains her stance on these important issues  on her campaign website. Friedman lists that she is the first woman to serve California’s 30th District in Congress and that she “will be a fearless defender of women’s rights to their bodies, equal pay, and equal treatment under the law.”   
  
While serving in California’s Assembly, Friedman  co-authored SCA 10  , a constitutional amendment to protect reproductive freedom in California, including the fundamental right to choose an abortion and to use contraceptives. California  voters passed the proposition  in 2022. Friedman also  co-authored SB 245  to eliminate cost-sharing for abortion services,  which was signed into law the same year.    
  
Friedman  pledges that LGBTQ-plus rights  “are fundamental human rights and that we can not have a free and equitable society until we protect the rights of all.” Her website lists that throughout her career, she has fought to end LGBTQ-plus job and housing discrimination, to increase health care access for transgender individuals and to protect and welcome all people within the LGBTQ-plus community. In 2018, Friedman  authored AB 2663  to ensure that every domestic partnership has equal access to full and equal tax benefits. She also supported during her time in the California Assembly protections for individuals seeking gender-affirming health care.   
  
Lastly, Friedman takes pride in championing  landmark measures to combat climate change  throughout her career, including putting California on the path to banning single-use plastics and phasing out fossil fuels in new residential buildings.   
  
Friedman has a  long record of progressive leadership throughout her career  , including as a member of the Assembly, on the Glendale City Council and as Glendale mayor and community activist. FFRF Action Fund commends her for her stellar work. We are thankful for her joining the Congressional Freethought Caucus. As new threats to our secular democracy emerge, we need members of Congress such as Friedman to pledge their commitment to the constitutional separation of state and church.   
  
FFRF Action Fund is a 501(c)(4) organization that develops and advocates for legislation, regulations and government programs to preserve the constitutional principle of separation between state and church. It also advocates for the rights and views of nonbelievers, endorses candidates for political office, and publicizes the views of elected officials concerning religious liberty issues. 

10:17:00 root         DEBUG    Agency_id 39880
10:17:00 root         DEBUG    Article Link: https://ffrfaction.org/u-s-rep-earns-secularist-award-for-joining-the-congressional-freethought-caucus/
10:17:00 root         INFO     LEDE: [testlede] month: [Jan.] day: [17]
10:17:00 root         INFO     
ADDING: FILENAME: [testfilename ght Caucus] TITLE: [U.S. rep. earns 'Secularist' award for joining the Congressional Freethought Caucus] DATE: [2025-01-17] ID [39880]

10:17:01 root         INFO     Driver opened url https://ffrfaction.org/president-carter-ffrf-action-funds-secularist-of-the-week/: 0.5 second load started
10:17:01 root         DEBUG    Titles: President Carter FFRF Action Fund's 'Secularist of the Week'
10:17:01 root         DEBUG    Dates: 2025-01-10
10:17:01 root         DEBUG    Desc: FFRF Action Fund’s “Secularist of the Week” is President Jimmy Carter for his lifetime dedication to state-church separation.   
  
Carter was a  devout evangelical Christian and, earlier in life, a Southern Baptist  but was also vastly committed to preserving the separation of state and church. In 1979,  when talking to a group of news editors  about the Supreme Court ruling against mandatory government-sponsored prayers in public schools in the early 1960s, Carter said, “I think that prayer should be a private matter between a person and God.”   
  
“The government ought to stay out of the prayer business and let it be between a person and God and not let it be part of a school program under any tangible constraints, either a direct order to a child to pray or an embarrassing situation where the child would feel constrained to pray,”  Carter continued.  He contended that he agreed with the Supreme Court rulings “as a Baptist.” Carter also notably  opposed public money for religious schools.    
  
Carter was in office from 1977 to 1981, and many freethinkers of a certain age will remember Carter as perhaps the first president to describe himself as “born again.” Nevertheless, Carter, who taught Sunday school and publicly acknowledged his religious views throughout his entire life, evolved on religion to the point that he considered John Lennon’s song “Imagine” his favorite.  A cover was played at his funeral.    
  
In his memoir, “A Full Life: Reflections at Ninety,”  Carter discussed describing himself as “born again,”  writing: “My religious faith had become a minor issue during the [1976] campaign, when I responded ‘yes’ to a reporter’s question: ‘Are you a born-again Christian?’ Some reporters implied that I was having visions or thought I received daily instructions from heaven. My traditional Baptist belief was that there should be strict separation between church and state. I ended the longstanding practice of inviting Billy Graham and other prominent pastors to have services in the White House, and our family assumed the role of normal worshippers in a church of our choice.”   
  
In a 1997 interview, Carter also  expressed his concerns about the blooming allegiance between religious right-wing politics and Christianity.    
  
“There’s no doubt that the Christian right has gone to bed with the more conservative elements of the Republican Party,” Carter said. “And there’s been a melding in their goals when it comes to the separation of church and state.”   
  
Many feminists were aggrieved after Carter as president, in commenting on a Supreme Court decision upholding the Hyde Amendment — which cut off federal funds to cover abortion care for low-income women — callously stated,  “Life is unfair.”  However, Carter and his wife Rosalynn helped redeem themselves post-presidency when  they parted ways  with the Southern Baptists in 2000 because of the church’s regressive stance on women’s equality.  His 2009 column  about why he quit the Southern Baptists for women’s rights,  “Losing My Religion for Equality,”  went viral. By his later years,  Carter was reportedly  “happy with the label of ‘progressive evangelical.’”   
  
Carter’s  years in office were characterized  by elevating human rights in U.S. foreign policy, championing environmental conservation and resisting military conflict. After leaving office, Carter continued his work through The Carter Center, promoting global efforts for peace, democracy and public health. He continually criticized American militarism. FFRF’s Communications Director Amitabh Pal  published a remembrance of Carter in The Progressive magazine  that covers a 2008 interview with Carter and his post-presidential work as a broker of peace and statesman.   
  
Carter is a  prime example of how a devoutly religious person can hold public office  without encroaching on state-church separation and our secular democracy. Despite his personal religious beliefs, Carter did not abuse his office to push his religion onto American citizens. His presidency and post-presidential work certainly earns him his “Secularist of the Week” honorific.   
  
FFRF Action Fund is a 501(c)(4) organization that develops and advocates for legislation, regulations and government programs to preserve the constitutional principle of separation between state and church. It also advocates for the rights and views of nonbelievers, endorses candidates for political office, and publicizes the views of elected officials concerning religious liberty issues. 

10:17:01 root         DEBUG    Agency_id 39880
10:17:01 root         DEBUG    Article Link: https://ffrfaction.org/president-carter-ffrf-action-funds-secularist-of-the-week/
10:17:01 root         INFO     LEDE: [testlede] month: [Jan.] day: [10]
10:17:01 root         INFO     
ADDING: FILENAME: [testfilename  the Week'] TITLE: [President Carter FFRF Action Fund's 'Secularist of the Week'] DATE: [2025-01-10] ID [39880]

10:17:01 root         INFO     Driver opened url https://ffrfaction.org/okla-state-sen-ffrf-action-fund-theocrat-of-the-week-for-covenant-marriage-bill/: 0.5 second load started
10:17:02 root         DEBUG    Titles: Okla. state Sen. FFRF Action Fund 'Theocrat of the Week' for covenant marriage bill
10:17:02 root         DEBUG    Dates: 2025-01-10
10:17:02 root         DEBUG    Desc: FFRF Action Fund’s “Theocrat of the Week” is a frequent adversary of our secular democracy and state-church separation — unsurprisingly now a three-peat “Theocrat of the Week.”   
  
Pastor and Oklahoma state Sen. Dusty Deevers  recently pre-filed the “Covenant Marriage Act of Oklahoma” bill  to create a covenant marriage option for Oklahomans.  The measure  would allow newlyweds to sign a contract legally binding them to a covenant marriage, effectively limiting the circumstances in which they can get a divorce. Ultimately, this would eliminate the option of no-fault divorce for these couples.   
  
The contract reads:  “We do solemnly declare that marriage is a lifelong covenant made before God. We have chosen each other carefully and disclosed to one another everything that could adversely affect the decision to enter into this marriage.”   
  
“We have received premarital counseling on the nature, purposes, and responsibilities of marriage. We have read the Covenant Marriage Act of Oklahoma, and we understand that a covenant marriage is for life,”  the contract continues.  “With full knowledge of what this commitment means, we do hereby declare that our marriage will be bound by the laws of the State of Oklahoma on covenant marriages, and we promise to love, honor, and care for one another as spouses for the rest of our lives.”   
  
Covenant marriages would be  available to any couple that has undergone premarital counseling  and has signed the contract. Married couples would also have the option to convert their marriage licenses to covenant marriage licenses, and couples entering a covenant marriage would be given a tax credit of up to $2,500.   
  
The most troubling aspect of this comes when covenant marriage couples need to get a divorce. Under Deevers’ legislation, the  only way to end a covenant marriage  is for a spouse to prove “by a preponderance of the evidence” — meaning there is enough evidence to conclude that a claim is more likely true than not — that they are a victim of abandonment for at least one year, physical or sexual abuse or adultery. Marital counseling would be required before a divorce could take place, with the only exception being in cases of abuse or criminal convictions.   
  
Having to prove in a court of law that abuse is taking place will  only endanger domestic abuse victims  . The elimination of no-fault divorce only serves to harm women by increasing their vulnerability to abuse and further eroding their autonomy. Every individual who enters a marriage must have the option to leave the relationship at any time, for any reason.  In a December 2023 article about no-fault divorce  , Deevers claimed that “No Policy Has More Undermined The Strength of Our Civilization.” Oklahoma’s legislative session starts at the beginning of next month, and we urge state legislators to consider the dangerous implications of Deevers’ bill.   
  
Covenant marriages and opposing no-fault divorce laws have steadily gained political popularity in recent years.  House Speaker Mike Johnson is a staunch proponent of covenant marriage  . He and his wife  opted into one in Louisiana  , which passed its own covenant marriage law in 1997. Arizona and Arkansas also passed covenant marriage laws in 1988 and 2001, respectively.   
  
Deevers has previously been FFRF Action Fund’s “Theocrat of the Week” two times.  In February  , Deevers appeared on a podcast to launch into a Christian nationalist rant where he professed that all governance should be under “God’s will and reign” and that there is no neutral space or compromise in politics.  And in December 2023  , during his campaign for the Oklahoma state Senate, Deevers’ vile comments on in vitro fertilization (IVF) came into the spotlight. Deevers claimed that parents who used IVF were “waging an assault against God” and that “millions of our embryonic neighbors, unnecessarily, are being led to slaughter every year by IVF.”   
  
Deevers’ past Christian nationalist rants make his new stint as “Theocrat of the Week” come as no surprise. His egregious covenant marriage bill, which will undoubtedly endanger people in abusive relationships if signed into law, is only his latest Christian nationalist stunt. The FFRF Action Fund will continue to keep a close eye on Deevers and his complete disregard for the separation of state and church.   
  
FFRF Action Fund is a 501(c)(4) organization that develops and advocates for legislation, regulations and government programs to preserve the constitutional principle of separation between state and church. It also advocates for the rights and views of nonbelievers, endorses candidates for political office, and publicizes the views of elected officials concerning religious liberty issues. 

10:17:02 root         DEBUG    Agency_id 39880
10:17:02 root         DEBUG    Article Link: https://ffrfaction.org/okla-state-sen-ffrf-action-fund-theocrat-of-the-week-for-covenant-marriage-bill/
10:17:02 root         INFO     LEDE: [testlede] month: [Jan.] day: [10]
10:17:02 root         INFO     
ADDING: FILENAME: [testfilename riage bill] TITLE: [Okla. state Sen. FFRF Action Fund 'Theocrat of the Week' for covenant marriage bill] DATE: [2025-01-10] ID [39880]

10:17:03 root         INFO     Driver opened url https://ffrfaction.org/u-s-rep-jared-huffman-is-named-ffrf-action-funds-secularist-of-the-year/: 0.5 second load started
10:17:03 root         DEBUG    Titles: U.S. Rep. Jared Huffman is named FFRF Action Fund's 'Secularist of the Year'
10:17:03 root         DEBUG    Dates: 2025-01-03
10:17:03 root         DEBUG    Desc: FFRF Action Fund’s “Secularist of the Year” is a stellar advocate in Congress for state-church separation and the rights of nonbelievers.   
  
In 2024, U.S. Rep. Jared Huffman helped lead the charge against Project 2025 and its dangerous Christian nationalism, earning him his “Secularist” honorific. In June, Huffman, representing California’s 2nd District,  launched a congressional task force  to counter Project 2025. Huffman  co-founded the task force  with U.S. Rep. Ayanna Pressley, representing Massachusetts’ 7th District.  Huffman cautioned  : “Project 2025 is more than an idea, it’s a dystopian plot that’s already in motion to dismantle our democratic institutions, abolish checks and balances, chip away at church-state separation, and impose a far-right agenda that infringes on basic liberties and violates public will.” Huffman also cautioned that a “Christian nationalist agenda is at the heart” of Project 2025.   
  
While launching the task force, Huffman  warned the public  that Project 2025 would take “a wrecking ball” to America’s democratic norms and institutions and would “weaponize the Department of Justice.” The task force intended to “build some policy firewalls” in Congress to counter Trump’s possible implementation of Project 2025’s goals.   
  
The Huffman-led task force  helped facilitate a historic hearing on Trump’s Project 2025  in September. The hearing was hosted by the Steering and Policy Committee in collaboration with the House Democratic leadership and the Stop Project 2025 Task Force. During the hearing, Huffman highlighted Project 2025’s most prominent potential threats, including the criminalizing of abortion nationwide.   
  
In September, the task force also  launched a confidential tip line  for any information regarding Project 2025’s 180-Day Playbook after the Heritage Foundation failed to respond to requests to publish the hidden playbook. The playbook is suspected to include executive actions to criminalize reproductive health care nationwide, eliminate the Department of Education and exploit the Insurrection Act.   
  
While appearing on  FFRF’s “Freethought Matters” TV show during its fall season debut  , Huffman said, “It’s true that [Project 2025 is] 920 pages of crazy, but it’s deadly serious at the same time. And that’s why we are spending a lot of time right now breaking it down. We’re having deep dive subject matter briefings for members of Congress and staff.”   
  
Huffman has also  delved into the cultural landscape that Project 2025  stems from. “The American people are getting less religious all the time and they are getting more religiously diverse, but Congress is stuck in a religious profile from the 1950s,” Huffman said in an August interview with the  British publication The Freethinker.  “Religious fundamentalists correctly sense that their power and privilege are waning and that has caused them to become more desperate and extreme in their politics.”   
  
“We have allowed Christian privilege and Christian power to influence our government for a long, long time, and in some ways what we’re struggling with now is a reckoning between the written law and the desperate attempts of Christian nationalists to hang on to their power and the founding premise of separating church and state,”  Huffman concluded.   
  
Huffman is also vocal on social media about Project 2025 and its Christian nationalism. On X,  Huffman wrote  : “Trump’s Project 2025 and Christian Nationalism are deeply intertwined. The pages of Project 2025 are riddled with ways to give Christian Nationalists the power to force America into a place where one extreme religious ideology dictates how we all live. It’s not what our country was founded on, and it’s not what the American people want.”   
  
Huffman, the  only open nonbeliever in the outgoing Congress  and a self-described humanist, has long been an ally of FFRF Action Fund’s parent organization, FFRF, and protecting state-church separation and the rights of nonbelievers. In 2018, he founded with Reps. Jamie Raskin and Jerry McNerney the Congressional Freethought Caucus, which works to “protect the secular character of our government by adhering to the strict constitutional principle of separation of church and state.” Huffman currently co-chairs the caucus with Raskin.   
  
We commend Huffman for his staunch commitment to state-church separation and our secular democracy. Huffman’s work to learn the inner workings of Project 2025 and help Congress construct roadblocks to its implementation will be critical during Trump’s second term. By countering Project 2025 and circulating its foundational Christian nationalism, Huffman has undoubtedly earned his “Secularist of the Year” designation.   
  
FFRF Action Fund is a 501(c)(4) organization that develops and advocates for legislation, regulations and government programs to preserve the constitutional principle of separation between state and church. It also advocates for the rights and views of nonbelievers, endorses candidates for political office, and publicizes the views of elected officials concerning religious liberty issues. 

10:17:03 root         DEBUG    Agency_id 39880
10:17:03 root         DEBUG    Article Link: https://ffrfaction.org/u-s-rep-jared-huffman-is-named-ffrf-action-funds-secularist-of-the-year/
10:17:03 root         INFO     LEDE: [testlede] month: [Jan.] day: [3]
10:17:03 root         INFO     
ADDING: FILENAME: [testfilename  the Year'] TITLE: [U.S. Rep. Jared Huffman is named FFRF Action Fund's 'Secularist of the Year'] DATE: [2025-01-03] ID [39880]

10:17:04 root         INFO     Driver opened url https://ffrfaction.org/okla-superintendent-ryan-walters-ffrf-action-funds-theocrat-of-the-year/: 0.5 second load started
10:17:04 root         DEBUG    Titles: Okla. Superintendent Ryan Walters FFRF Action Fund's 'Theocrat of the Year'
10:17:04 root         DEBUG    Dates: 2025-01-03
10:17:04 root         DEBUG    Desc: In 2024, Oklahoma Superintendent of Public Instruction Ryan Walters, a habitual opponent of state-church separation,  again bagged FFRF Action Fund’s “Theocrat of the Year”  title.   
  
Walters’ state-church violations were incessant throughout 2024. In June, Walters sent Oklahoma school districts a  “compulsory” mandate to incorporate the bible  into their curricula. The mandate wanted to designate the bible, including the Ten Commandments, “as an instructional support” for grades five through 12.   
  
When announcing the mandate, Walters specified that  President-elect Trump inspired it  through his stacking of the U.S. Supreme Court with a conservative supermajority in his previous term. Walters clearly believes he is legally secure to violate the separation of state and church because the Supreme Court has seemed willing to side with Christian nationalism.   
  
As justification for pushing Christianity into Oklahoma classrooms, Walters  routinely claims that the bible and the Ten Commandments  “are foundational for Western civilization.” He also argues that the bible “has been under attack from the teachers unions, the radical left, [President] Joe Biden,” and that “the separation of church and state is a myth.”   
  
In October, FFRF Action Fund’s parent organization, FFRF, announced that it has  joined a coalition  representing 32 plaintiffs in  a lawsuit  asking the Oklahoma Supreme Court to block Walters’ bible mandate. The lawsuit asserts that the mandate violates the Oklahoma Constitution’s religious freedom protections and overtly favors one religion.   
  
The coalition is also asking the state to stop spending millions of taxpayer funds on bibles. In September, Walters announced his proposal to  splurge $6 million in public funds on bibles  for Oklahoma schools. Walters claimed that the $6 million would “ensure that the bible hasn’t been driven out of Oklahoma classrooms.” When Walters’ office initially released specifications for the bibles intended for Oklahoma classrooms, only one of nearly 3,000 bibles fit the narrow parameters: the  “God Bless the U.S.A” bible  , which has been endorsed by Trump and is commonly referred to as the Trump Bible.   
  
Walters’ outrageous proposal was withdrawn after public backlash and promises of legal action, but the  agency indicated  it intends to reissue a modified proposal. Separate from this proposal, in November, Walters announced that the  state purchased 500 bibles  for Oklahoma Advanced Placement (AP) government classes. Unsurprisingly, the bibles purchased were the Trump-endorsed bible.   
  
In November, Walters  also announced the creation of his Office of Religious Liberty and Patriotism  at the Oklahoma State Department of Education, claiming it aligns with Trump’s education priorities. The office will “promote religious liberty and patriotism in Oklahoma” and “oversee the investigation of abuses to individual religious freedom or displays of patriotism.”   
  
Walters claimed that the office was necessary because students were  getting in trouble for wearing crosses to school  or having bible verses on their desks, which is obviously not happening. Walters argued that the office “is not supposed to be to force or single out any specific religion.” Still, his words and actions clearly indicate that he only wants to benefit Christianity in schools.   
  
When announcing the office’s creation, Walters directed all Oklahoma school districts to show students  an absurd video  in which he invites them to pray with him. In the video,  Walters prays over Trump  and his team as they “bring change to the country.” He prays for schools to teach a love for the country and for students to understand what makes America great. He blames the “radical left” and “woke teachers unions” for “attacking” religious liberty.   
  
In response, FFRF  joined a coalition in sending a letter to every superintendent  in Oklahoma urging them not to show or disseminate Walters’ prayer video. The letter emphasized the constitutional requirement that public schools remain secular and warned that the video violates the First Amendment and the Oklahoma Constitution. It asserted that Walters also lacks the authority to require school districts to play a “mandatory” video for their students.   
  
Lastly, in December,  Walters proposed new social standards for Oklahoma public schools  that include overt Christian references. The standards mandate vastly increased emphasis on Christian teachings and references to the bible, which Walters boasted is mentioned “over 40 times.” These standards again prove that Walters only wants to install his personal Christian beliefs in Oklahoma’s schools. The standards are  open to public comment through Jan. 21  and must be approved by the Legislature before taking effect in schools.   
  
Walters’ accumulation of “theocratic” acts in 2024 undoubtedly earns him this year’s “Theocrat of the Year” designation. With his second “Theocrat of the Year,” Walters has now earned FFRF Action Fund’s “Theocrat” label seven times. Walters will surely continue his attacks on state-church separation in 2025 — and we will certainly continue to tirelessly counter his gross abuses of power and proselytization of Oklahoma’s students.   
  
FFRF Action Fund is a 501(c)(4) organization that develops and advocates for legislation, regulations and government programs to preserve the constitutional principle of separation between state and church. It also advocates for the rights and views of nonbelievers, endorses candidates for political office, and publicizes the views of elected officials concerning religious liberty issues. 

10:17:04 root         DEBUG    Agency_id 39880
10:17:04 root         DEBUG    Article Link: https://ffrfaction.org/okla-superintendent-ryan-walters-ffrf-action-funds-theocrat-of-the-year/
10:17:04 root         INFO     LEDE: [testlede] month: [Jan.] day: [3]
10:17:04 root         INFO     
ADDING: FILENAME: [testfilename  the Year'] TITLE: [Okla. Superintendent Ryan Walters FFRF Action Fund's 'Theocrat of the Year'] DATE: [2025-01-03] ID [39880]

10:17:04 root         ERROR    39880: 1062 (23000): Duplicate entry 'testfilename  the Year'' for key 'press_release.filename_uniq_idx'
10:17:05 root         INFO     Driver opened url https://ffrfaction.org/ffrf-action-funds-mark-on-the-hill-ready-for-trump-2-0-end-of-year-new-year-edition/: 0.5 second load started
10:17:05 root         DEBUG    Titles: FFRF Action Fund's Mark on the Hill: Ready for Trump 2.0 -- End-of-Year/New Year Edition!
10:17:05 root         DEBUG    Dates: 2024-12-30
10:17:05 root         DEBUG    Desc:   
To paraphrase Alexei Navalny,  while some folks this holiday season are saying “Ho-Ho-Ho!” we’re saying “Oh-Oh-Oh!” in anticipation of the incoming Trump administration.   
  
At the FFRF Action Fund, we’ve been a bunch of busy elves getting ready for the challenges ahead. In this holiday edition of “Mark on the Hill,” I wanted to “sleigh” through and talk with you about how we’re preparing to greet the new administration.   
  
Strengthening Allies in Congress:  Right after the election, Rep. Jared Huffman, co-chair of the Congressional Freethought Caucus and the new  ranking member on the House Natural Resources Committee  , appeared on “  Freethought Matters  ” to share his post-election thoughts on the Trump administration, the  Project 2025 Task Force  and strategies for challenging the incoming administration. He’s in this fight with us, and his influence will continue to increase in the next Congress, as well as that of fellow Congressional Freethought Caucus Co-Chair Rep. Jamie Raskin, who has been named the  ranking member on the House Judiciary Committee  . When the new Congress is seated on Jan. 3, we’ll be up on the Hill with our secular and religious allies to strengthen relationships with the current caucus members and meet with prospective new members.   
  
Religious Freedom Executive Order and the Comstock Act:  We expect President Trump to issue a sweeping executive order on religious liberty within 72 hours of taking office — granting even more religious exemptions than his  May 2017 order  , thanks to recent court rulings. We anticipate that regulations stemming from the executive order, which directly threaten the separation of state and church, will rapidly emerge. To help our supporters and advocates weigh in on these crucial issues, we’ve created a brief  sheet  explaining the importance of regulations, their impact on your life and on the separation between government and religion — and how you can raise your voice.   
  
Furthermore, Trump is likely to dispute the Biden administration’s  reading of the zombie 1873 law known as the Comstock Act  , and insist that it is enforceable law. Trump’s action could allow federal authorities to interfere in the shipping of anything related to an abortion, including medicine for medical abortions such as mifepristone, or any items needed to run an abortion clinic. There will be plenty of opportunities to weigh in on regulations and other executive actions in 2025. Sign up  HERE  to get involved.   
  
Budget Reconciliation:  The GOP’s go-to tool for advancing its legislative wishlist is budget reconciliation. Through budget reconciliation, legislation only requires a simple majority to pass in the Senate instead of the usual 60 votes. Items included in the reconciliation package must have a direct impact on the budget and can only be used selectively, once every fiscal year for taxes, expenses and the debt ceiling. The budget reconciliation package could include repealing the  Johnson Amendment (barring tax-exempt entities such as churches from using their resources for political purposes),  as well as funding school vouchers, since those measures could have an impact on the budget. We’ll be keeping a close eye on this process, and working with our allies to defend the separation of state and church during the legislative process.   
  
Nominations:  FFRF Action Fund is opposing several Trump nominees who are unabashed Christian nationalists, such as  Pete Hegseth for Secretary of Defense  ,  Russ Vought for the Office of Management and Budget  , and  numerous others  . We’re also opposing nominees who will promulgate rules and regulations that run counter to FFRF Action Fund’s mission and are against science and reason-based policymaking, such as  Linda McMahon for Secretary of Education  , and  Robert F. Kennedy Jr. for Secretary of Health and Human Services  . We will be working closely with our allies at the  Leadership Conference for Civil and Human Rights  to oppose many of these nominations.   
  
Some nominees, such as Russ Vought (who authored part of Project 2025), may have less well-known positions but would still play a major role in carrying out Trump’s Christian nationalist agenda. We are developing a quick reference guide about the Office of Management and Budget and how Vought will be the chief enforcement officer to implement Project 2025. FFRF Action Fund is working with a steadfast group of like-minded organizations to oppose this dangerous nomination.   
  
Judges:  Thanks to Senate  Leader Chuck Schumer, there will be several more open judicial slots  that Trump will be able to fill. The battle over judges is going to be intense. Again, we will be working in coalition with the  Leadership Conference for Civil and Human Rights  to oppose nominees who bring Christian nationalist ideas to the bench and undermine the separation of state and church. We expect the preliminary slate of district and circuit court judges to appear in the first few weeks of the Trump presidency. Unfortunately, there is a high likelihood that during the Trump presidency, there may be openings on the Supreme Court that we will oppose. We will need your help in working with your elected leaders to oppose Trump’s judicial nominations.   
  
National Prayer Breakfast:  On Feb. 6, the National Prayer Breakfast will return to the Capitol or its environs, and we’ll be working with our secular and religious allies to decrease congressional support. Last year, the Equality Caucus, led by Congressional Freethought Caucus member Rep. Mark Pocan, sent a  letter to the Fellowship Foundation  , the shadowy Christian nationalist group that has influenced the prayer breakfast and a key player in exporting LGBTQ-plus hate abroad. Pocan’s strong letter raised significant questions on the Hill about the event. We plan to collaborate with congressional allies next year and work with a coalition of like-minded organizations to oppose the breakfast.   
  
2025 Elections:  The American people are going to be able to weigh in on the direction of the Trump administration and the country in very short order. First up will be the Wisconsin Supreme Court election taking place April 1, which will be as nationally significant as the 2023 race electing Janet Protasiewicz. The outcome of the 2025 race will decide whether the state’s high court remains committed to reproductive rights and other democratic principles. FFRF Action Fund will be making a key endorsement and taking other measures in that race. The Fund plans to partner with critical organizations on the ground to help get out the vote and make sure that the Wisconsin Supreme Court maintains its very narrow 4-3, pro-separation of state and church majority. In 2025, there will be important races in New Jersey, Virginia and Louisiana, as well as numerous school board races where the Action Fund will be getting involved to get out the secular vote.   
  
Plus, look for a dynamic new member of the Action Fund team who is going to enhance our work in the states. He’ll be focusing on identifying and advancing key legislative priorities, building coalitions in strategic states, and developing initiatives to counter Christian nationalism.   
  
Warm wishes for a bright New Year, 

  
Mark Dann   
Director of Governmental Affairs   
Freedom From Religion Foundation 

10:17:05 root         DEBUG    Agency_id 39880
10:17:05 root         DEBUG    Article Link: https://ffrfaction.org/ffrf-action-funds-mark-on-the-hill-ready-for-trump-2-0-end-of-year-new-year-edition/
10:17:05 root         INFO     LEDE: [testlede] month: [Dec.] day: [30]
10:17:05 root         INFO     
ADDING: FILENAME: [testfilename r Edition!] TITLE: [FFRF Action Fund's Mark on the Hill: Ready for Trump 2.0 -- End-of-Year/New Year Edition!] DATE: [2024-12-30] ID [39880]

10:17:05 root         INFO     INVALID DATE: 2024-12-20 00:00:00
10:17:05 root         INFO     INVALID DATE: 2024-12-20 00:00:00
10:17:05 root         INFO     INVALID DATE: 2024-12-13 00:00:00
10:17:06 root         INFO     Scrape errors found during run:
10:17:06 root         INFO     []
10:17:06 root         INFO     End of file message
10:17:06 root         INFO     

Load Version 2.0.1 01/17/2025
       Docs Loaded: 6
       URLS processed: 1
       DUPS skipped: 1
       No Ledes found: 0

Passed Parameters:
       Pull House and Senate: False
       Number of days back: 30
       Start Time: 2025-01-20 10:16:51
       End Time: 2025-01-20 10:17:06
       Elapsed Time: 0:00:15
       Character Minimum Amount: 100

Errors:
Docs:
	Loaded:
		39880: County commissioner is 'Theocrat of the Week' for espousing Seven Mountains theology
		39880: U.S. rep. earns 'Secularist' award for joining the Congressional Freethought Caucus
		39880: President Carter FFRF Action Fund's 'Secularist of the Week'
		39880: Okla. state Sen. FFRF Action Fund 'Theocrat of the Week' for covenant marriage bill
		39880: U.S. Rep. Jared Huffman is named FFRF Action Fund's 'Secularist of the Year'
		39880: FFRF Action Fund's Mark on the Hill: Ready for Trump 2.0 -- End-of-Year/New Year Edition!
	Duplicates:
		39880: Okla. Superintendent Ryan Walters FFRF Action Fund's 'Theocrat of the Year'
