11:45:40 root         INFO     Skipping 27599
11:45:40 root         INFO     Skipping 30449
11:45:40 root         INFO     Skipping 14315
11:45:40 root         INFO     Skipping 7566
11:45:40 root         INFO     Skipping 804
11:45:40 root         INFO     Skipping 12106
11:45:40 root         INFO     Skipping 8034
11:45:40 root         INFO     Skipping 7901
11:45:40 root         INFO     Skipping 20157
11:45:40 root         INFO     Skipping 6950
11:45:40 root         INFO     Skipping 15026
11:45:40 root         INFO     Skipping 19993
11:45:40 root         INFO     Skipping 21569
11:45:40 root         INFO     Skipping 23030
11:45:40 root         INFO     Skipping 206
11:45:40 root         INFO     Skipping 16046
11:45:40 root         INFO     Skipping 16140
11:45:40 root         INFO     Skipping 16037
11:45:40 root         INFO     Skipping 43
11:45:40 root         INFO     Skipping 225
11:45:40 root         INFO     Skipping 37711
11:45:40 root         INFO     Skipping 34699
11:45:40 root         INFO     Skipping 19021
11:45:40 root         INFO     Skipping 18495
11:45:40 root         INFO     Skipping 222
11:45:40 root         INFO     Skipping 5602
11:45:40 root         INFO     Skipping 16027
11:45:40 root         INFO     Skipping 21499
11:45:40 root         INFO     Skipping 2698
11:45:40 root         INFO     Skipping 27867
11:45:40 root         INFO     Skipping 24224
11:45:40 root         INFO     Skipping 21563
11:45:40 root         INFO     Skipping 24227
11:45:40 root         INFO     Skipping 17224
11:45:40 root         INFO     Skipping 219
11:45:40 root         INFO     Skipping 23814
11:45:40 root         INFO     Skipping 15376
11:45:40 root         INFO     Skipping 19286
11:45:40 root         INFO     Skipping 28048
11:45:40 root         INFO     Skipping 543
11:45:40 root         INFO     Skipping 24233
11:45:40 root         INFO     Skipping 18735
11:45:40 root         INFO     Skipping 1066
11:45:40 root         INFO     Skipping 37680
11:45:40 root         INFO     Skipping 691
11:45:40 root         INFO     Skipping 677
11:45:40 root         INFO     Skipping 20141
11:45:40 root         INFO     Skipping 36151
11:45:40 root         INFO     Skipping 20319
11:45:40 root         INFO     Skipping 12400
11:45:40 root         INFO     Skipping 127
11:45:40 root         INFO     Skipping 20792
11:45:40 root         INFO     Skipping 17104
11:45:40 root         INFO     Skipping 24344
11:45:40 root         INFO     Skipping 19546
11:45:40 root         INFO     Skipping 15565
11:45:40 root         INFO     Skipping 13359
11:45:40 root         INFO     Skipping 17922
11:45:40 root         INFO     Skipping 22481
11:45:40 root         INFO     Skipping 20138
11:45:40 root         INFO     Skipping 119
11:45:40 root         INFO     Skipping 21188
11:45:40 root         INFO     Skipping 3016
11:45:40 root         INFO     Skipping 21525
11:45:40 root         INFO     Skipping 37694
11:45:40 root         INFO     Skipping 18710
11:45:40 root         INFO     Skipping 29332
11:45:40 root         INFO     Skipping 23100
11:45:40 root         INFO     Skipping 37725
11:45:40 root         INFO     Skipping 15633
11:45:40 root         INFO     Skipping 948
11:45:40 root         INFO     Skipping 30993
11:45:40 root         INFO     Skipping 22221
11:45:40 root         INFO     Skipping 22654
11:45:40 root         INFO     Skipping 35809
11:45:40 root         INFO     Skipping 35576
11:45:40 root         INFO     Skipping 37408
11:45:40 root         INFO     Skipping 7844
11:45:40 root         INFO     Skipping 20
11:45:40 root         INFO     Skipping 8022
11:45:40 root         INFO     Skipping 8032
11:45:40 root         INFO     Skipping 20605
11:45:40 root         INFO     Skipping 7838
11:45:40 root         INFO     Skipping 21497
11:45:40 root         INFO     Skipping 35572
11:45:40 root         INFO     Skipping 30425
11:45:40 root         INFO     Skipping 35517
11:45:40 root         INFO     Skipping 35524
11:45:40 root         INFO     Skipping 21522
11:45:40 root         INFO     Skipping 1325
11:45:40 root         INFO     Skipping 1079
11:45:40 root         INFO     Skipping 6973
11:45:40 root         INFO     Skipping 37495
11:45:40 root         INFO     Skipping 30405
11:45:40 root         INFO     Skipping 18767
11:45:40 root         INFO     Skipping 21521
11:45:40 root         INFO     Skipping 921
11:45:40 root         INFO     Skipping 27602
11:45:40 root         INFO     Skipping 21335
11:45:40 root         INFO     Skipping 30444
11:45:40 root         INFO     Skipping 1363
11:45:40 root         INFO     Skipping 9488
11:45:40 root         INFO     Skipping 24230
11:45:40 root         INFO     Skipping 2696
11:45:40 root         INFO     Skipping 37705
11:45:40 root         INFO     Skipping 33752
11:45:40 root         INFO     Skipping 37731
11:45:40 root         INFO     Skipping 37740
11:45:40 root         INFO     Skipping 9427
11:45:40 root         INFO     Skipping 19880
11:45:40 root         INFO     Skipping 632
11:45:40 root         INFO     Skipping 39007
11:45:40 root         INFO     Skipping 551
11:45:40 root         INFO     Skipping 37304
11:45:40 root         INFO     Skipping 20115
11:45:40 root         INFO     Skipping 13362
11:45:40 root         INFO     Skipping 7333
11:45:40 root         INFO     Skipping 21423
11:45:40 root         INFO     Skipping 17653
11:45:40 root         INFO     Skipping 21152
11:45:40 root         INFO     Skipping 16031
11:45:40 root         INFO     Skipping 27074
11:45:40 root         INFO     Skipping 255
11:45:40 root         INFO     Skipping 431
11:45:40 root         INFO     Skipping 19290
11:45:40 root         INFO     Skipping 33954
11:45:40 root         INFO     Skipping 22921
11:45:40 root         INFO     Skipping 26556
11:45:40 root         INFO     Skipping 167
11:45:40 root         INFO     Skipping 15884
11:45:40 root         INFO     Skipping 30382
11:45:40 root         INFO     Skipping 30450
11:45:40 root         INFO     Skipping 27626
11:45:40 root         INFO     Skipping 37748
11:45:40 root         INFO     Skipping 715
11:45:40 root         INFO     Skipping 18734
11:45:40 root         INFO     Skipping 9485
11:45:40 root         INFO     Skipping 24231
11:45:40 root         INFO     Skipping 6221
11:45:40 root         INFO     Skipping 15392
11:45:40 root         INFO     Skipping 14466
11:45:40 root         INFO     Skipping 15025
11:45:40 root         INFO     Skipping 19760
11:45:40 root         INFO     Skipping 37095
11:45:40 root         INFO     Skipping 13863
11:45:40 root         INFO     Skipping 7355
11:45:40 root         INFO     Skipping 8042
11:45:40 root         INFO     Skipping 23802
11:45:40 root         INFO     Skipping 282
11:45:40 root         INFO     Skipping 7316
11:45:40 root         INFO     Skipping 16040
11:45:40 root         INFO     Skipping 7922
11:45:40 root         INFO     Skipping 16041
11:45:40 root         INFO     Skipping 28101
11:45:40 root         INFO     Skipping 3410
11:45:40 root         INFO     Skipping 7121
11:45:40 root         INFO     Skipping 17116
11:45:40 root         INFO     Skipping 20034
11:45:40 root         INFO     Skipping 6918
11:45:40 root         INFO     Skipping 22037
11:45:40 root         INFO     Skipping 14373
11:45:40 root         INFO     Skipping 13794
11:45:40 root         INFO     Skipping 13964
11:45:40 root         INFO     Skipping 6930
11:45:40 root         INFO     Skipping 19978
11:45:40 root         INFO     Skipping 14069
11:45:40 root         INFO     Skipping 14111
11:45:40 root         INFO     Skipping 6931
11:45:40 root         INFO     Skipping 14021
11:45:40 root         INFO     Skipping 37180
11:45:40 root         INFO     Skipping 35130
11:45:40 root         INFO     Skipping 19684
11:45:40 root         INFO     Skipping 28292
11:45:40 root         INFO     Skipping 30335
11:45:40 root         INFO     Skipping 14867
11:45:40 root         INFO     Skipping 23669
11:45:40 root         INFO     Skipping 6793
11:45:40 root         INFO     Skipping 15440
11:45:40 root         INFO     Skipping 23588
11:45:40 root         INFO     Skipping 10156
11:45:40 root         INFO     Skipping 30046
11:45:40 root         INFO     Skipping 39476
11:45:40 root         INFO     Skipping 37727
11:45:40 root         INFO     Skipping 33096
11:45:40 root         INFO     Skipping 32423
11:45:40 root         INFO     Skipping 30658
11:45:40 root         INFO     Skipping 19870
11:45:40 root         INFO     Skipping 15962
11:45:40 root         INFO     Skipping 702
11:45:40 root         INFO     Skipping 39478
11:45:40 root         INFO     Skipping 30435
11:45:40 root         INFO     Skipping 9445
11:45:40 root         INFO     Skipping 24173
11:45:40 root         INFO     Skipping 35554
11:45:40 root         INFO     Skipping 18733
11:45:40 root         INFO     Skipping 3962
11:45:40 root         INFO     Skipping 26659
11:45:40 root         INFO     Skipping 32135
11:45:40 root         INFO     Skipping 27843
11:45:40 root         INFO     Skipping 17658
11:45:40 root         INFO     Skipping 27186
11:45:40 root         INFO     Skipping 6922
11:45:40 root         INFO     Skipping 7317
11:45:40 root         INFO     Skipping 37607
11:45:40 root         INFO     Skipping 19748
11:45:40 root         INFO     Skipping 14979
11:45:40 root         INFO     Skipping 28256
11:45:40 root         INFO     Skipping 15000
11:45:40 root         INFO     Skipping 15725
11:45:40 root         INFO     Skipping 21561
11:45:40 root         INFO     Skipping 23098
11:45:40 root         INFO     Skipping 30469
11:45:40 root         INFO     Skipping 37819
11:45:40 root         INFO     Skipping 27605
11:45:40 root         INFO     Skipping 24799
11:45:40 root         INFO     Skipping 35571
11:45:40 root         INFO     Skipping 18750
11:45:40 root         INFO     Skipping 21564
11:45:40 root         INFO     Skipping 695
11:45:40 root         INFO     Skipping 619
11:45:40 root         INFO     Skipping 21566
11:45:40 root         INFO     Skipping 18746
11:45:40 root         INFO     Skipping 30470
11:45:40 root         INFO     Skipping 37747
11:45:40 root         INFO     Skipping 35726
11:45:40 root         INFO     Skipping 35708
11:45:40 root         INFO     Skipping 35705
11:45:40 root         INFO     Skipping 35727
11:45:40 root         INFO     Skipping 37743
11:45:40 root         INFO     Skipping 24229
11:45:40 root         INFO     Skipping 37748
11:45:40 root         INFO     Skipping 19879
11:45:40 root         INFO     Skipping 717
11:45:40 root         INFO     Skipping 35728
11:45:40 root         INFO     Skipping 37820
11:45:40 root         INFO     Skipping 30473
11:45:40 root         INFO     Skipping 37744
11:45:40 root         INFO     Skipping 28313
11:45:40 root         INFO     Skipping 37749
11:45:40 root         INFO     Skipping 15948
11:45:40 root         INFO     Skipping 35707
11:45:40 root         INFO     Skipping 35706
11:45:40 root         INFO     Skipping 35704
11:45:40 root         INFO     Skipping 18740
11:45:40 root         INFO     Skipping 18736
11:45:40 root         INFO     Skipping 7887
11:45:40 root         INFO     Skipping 15551
11:45:40 root         INFO     Skipping 35562
11:45:40 root         INFO     Skipping 9423
11:45:40 root         INFO     Skipping 1519
11:45:40 root         INFO     Skipping 35489
11:45:40 root         INFO     Skipping 20880
11:45:40 root         INFO     Skipping 37235
11:45:40 root         INFO     Skipping 15882
11:45:40 root         INFO     Skipping 1169
11:45:40 root         INFO     Skipping 9463
11:45:40 root         INFO     Skipping 37685
11:45:40 root         INFO     Skipping 809
11:45:40 root         INFO     Skipping 9421
11:45:40 root         INFO     Skipping 30397
11:45:40 root         INFO     Skipping 37735
11:45:40 root         INFO     Skipping 30394
11:45:40 root         INFO     Skipping 30448
11:45:40 root         INFO     Skipping 27614
11:45:40 root         INFO     Skipping 35527
11:45:40 root         INFO     Skipping 37416
11:45:40 root         INFO     Skipping 37709
11:45:40 root         INFO     Skipping 27649
11:45:40 root         INFO     Skipping 35546
11:45:40 root         INFO     Skipping 1098
11:45:40 root         INFO     Skipping 21488
11:45:40 root         INFO     Skipping 37674
11:45:40 root         INFO     Skipping 37706
11:45:40 root         INFO     Skipping 37713
11:45:40 root         INFO     Skipping 918
11:45:40 root         INFO     Skipping 24210
11:45:40 root         INFO     Skipping 37728
11:45:40 root         INFO     Skipping 35555
11:45:40 root         INFO     Skipping 35556
11:45:40 root         INFO     Skipping 892
11:45:40 root         INFO     Skipping 38045
11:45:40 root         INFO     Skipping 829
11:45:40 root         INFO     Skipping 30468
11:45:40 root         INFO     Skipping 24186
11:45:40 root         INFO     Skipping 24194
11:45:40 root         INFO     Skipping 37693
11:45:40 root         INFO     Skipping 30429
11:45:40 root         INFO     Skipping 1249
11:45:40 root         INFO     Skipping 30434
11:45:40 root         INFO     Skipping 24199
11:45:40 root         INFO     Skipping 37688
11:45:40 root         INFO     Skipping 23853
11:45:40 root         INFO     Skipping 30456
11:45:40 root         INFO     Skipping 1036
11:45:40 root         INFO     Skipping 30436
11:45:40 root         INFO     Skipping 37690
11:45:40 root         INFO     Skipping 36428
11:45:40 root         INFO     Skipping 37721
11:45:40 root         INFO     Skipping 27646
11:45:40 root         INFO     Skipping 24187
11:45:40 root         INFO     Skipping 35551
11:45:40 root         INFO     Skipping 925
11:45:40 root         INFO     Skipping 21570
11:45:40 root         INFO     Skipping 21536
11:45:40 root         INFO     Skipping 604
11:45:40 root         INFO     Skipping 21562
11:45:40 root         INFO     Skipping 21572
11:45:40 root         INFO     Skipping 17884
11:45:40 root         INFO     Skipping 235
11:45:40 root         INFO     Skipping 21487
11:45:40 root         INFO     Skipping 27644
11:45:40 root         INFO     Skipping 37722
11:45:40 root         INFO     Skipping 24175
11:45:40 root         INFO     Skipping 27637
11:45:40 root         INFO     Skipping 9424
11:45:40 root         INFO     Skipping 24181
11:45:40 root         INFO     Skipping 37676
11:45:40 root         INFO     Skipping 15912
11:45:40 root         INFO     Skipping 1004
11:45:40 root         INFO     Skipping 15922
11:45:40 root         INFO     Skipping 21523
11:45:40 root         INFO     Skipping 14489
11:45:40 root         INFO     Skipping 18756
11:45:40 root         INFO     Skipping 23549
11:45:40 root         INFO     Skipping 30414
11:45:40 root         INFO     Skipping 28735
11:45:40 root         INFO     Skipping 599
11:45:40 root         INFO     Skipping 24124
11:45:40 root         INFO     Skipping 24218
11:45:40 root         INFO     Skipping 19874
11:45:40 root         INFO     Skipping 21467
11:45:40 root         INFO     Skipping 30525
11:45:40 root         INFO     Skipping 24176
11:45:40 root         INFO     Skipping 15949
11:45:40 root         INFO     Skipping 27630
11:45:40 root         INFO     Skipping 27632
11:45:40 root         INFO     Skipping 606
11:45:40 root         INFO     Skipping 27629
11:45:40 root         INFO     Skipping 24228
11:45:40 root         INFO     Skipping 562
11:45:40 root         INFO     Skipping 21633
11:45:40 root         INFO     Skipping 24225
11:45:40 root         INFO     Skipping 18725
11:45:40 root         INFO     Skipping 21567
11:45:40 root         INFO     Skipping 27628
11:45:40 root         INFO     Skipping 12921
11:45:40 root         INFO     Skipping 47
11:45:40 root         INFO     Skipping 8101
11:45:40 root         INFO     Skipping 27936
11:45:40 root         INFO     Skipping 23089
11:45:40 root         INFO     Skipping 15911
11:45:40 root         INFO     Skipping 30472
11:45:40 root         INFO     Skipping 35703
11:45:40 root         INFO     Skipping 30475
11:45:40 root         INFO     Skipping 18739
11:45:40 root         INFO     Skipping 30378
11:45:40 root         INFO     Skipping 21
11:45:40 root         INFO     Skipping 24169
11:45:40 root         INFO     Skipping 27616
11:45:40 root         INFO     Skipping 546
11:45:40 root         INFO     Skipping 125
11:45:40 root         INFO     Skipping 432
11:45:40 root         INFO     Skipping 23572
11:45:40 root         INFO     Skipping 1
11:45:40 root         INFO     Skipping 10
11:45:40 root         INFO     Skipping 106
11:45:40 root         INFO     Skipping 804
11:45:40 root         INFO     Skipping 697
11:45:40 root         INFO     Skipping 37667
11:45:40 root         INFO     Skipping 24234
11:45:40 root         INFO     Skipping 34781
11:45:40 root         INFO     Skipping 44
11:45:40 root         INFO     Skipping 2434
11:45:40 root         INFO     Skipping 7307
11:45:40 root         INFO     Skipping 7280
11:45:40 root         INFO     Skipping 14197
11:45:40 root         INFO     Skipping 6929
11:45:40 root         INFO     Skipping 24223
11:45:40 root         INFO     Skipping 30412
11:45:40 root         INFO     Skipping 21230
11:45:40 root         INFO     Skipping 7124
11:45:40 root         INFO     Skipping 7516
11:45:40 root         INFO     Skipping 9231
11:45:40 root         INFO     Skipping 13222
11:45:40 root         INFO     Skipping 24928
11:45:40 root         INFO     Skipping 14466
11:45:40 root         INFO     Skipping 19685
11:45:40 root         INFO     Skipping 14008
11:45:40 root         INFO     Skipping 20480
11:45:40 root         INFO     Skipping 7126
11:45:40 root         INFO     Skipping 15792
11:45:40 root         INFO     Skipping 27571
11:45:40 root         INFO     Skipping 19109
11:45:40 root         INFO     Skipping 14066
11:45:40 root         INFO     Skipping 7103
11:45:40 root         INFO     Skipping 13479
11:45:40 root         INFO     Skipping 13475
11:45:40 root         INFO     Skipping 24237
11:45:40 root         INFO     Skipping 28365
11:45:40 root         INFO     Skipping 7118
11:45:40 root         INFO     Skipping 19909
11:45:40 root         INFO     Skipping 13664
11:45:40 root         INFO     Skipping 13467
11:45:40 root         INFO     Skipping 18743
11:45:40 root         INFO     Skipping 19881
11:45:40 root         INFO     Skipping 6970
11:45:40 root         INFO     Skipping 7286
11:45:40 root         INFO     Skipping 14047
11:45:40 root         INFO     Skipping 35569
11:45:40 root         INFO     Skipping 37741
11:45:40 root         INFO     Skipping 37697
11:45:40 root         INFO     Skipping 1453
11:45:40 root         INFO     Skipping 18818
11:45:40 root         INFO     Skipping 37745
11:45:40 root         INFO     Skipping 18836
11:45:40 root         INFO     Skipping 37441
11:45:40 root         INFO     Skipping 24207
11:45:40 root         INFO     Skipping 1483
11:45:40 root         INFO     Skipping 30395
11:45:40 root         INFO     Skipping 30432
11:45:40 root         INFO     Skipping 36969
11:45:40 root         INFO     Skipping 21533
11:45:40 root         INFO     Skipping 1352
11:45:40 root         INFO     Skipping 30390
11:45:40 root         INFO     Skipping 1149
11:45:40 root         INFO     Skipping 24202
11:45:40 root         INFO     Skipping 30389
11:45:40 root         INFO     Skipping 15891
11:45:40 root         INFO     Skipping 14488
11:45:40 root         INFO     Skipping 30528
11:45:40 root         INFO     Skipping 27597
11:45:40 root         INFO     Skipping 37737
11:45:40 root         INFO     Skipping 1557
11:45:40 root         INFO     Skipping 27609
11:45:40 root         INFO     Skipping 900
11:45:40 root         INFO     Skipping 21527
11:45:40 root         INFO     Skipping 1479
11:45:40 root         INFO     Skipping 30387
11:45:40 root         INFO     Skipping 980
11:45:40 root         INFO     Skipping 37703
11:45:40 root         INFO     Skipping 15304
11:45:40 root         INFO     Skipping 14781
11:45:40 root         INFO     Skipping 15528
11:45:40 root         INFO     Skipping 25120
11:45:40 root         INFO     Skipping 33803
11:45:40 root         INFO     Skipping 20476
11:45:40 root         INFO     Skipping 27502
11:45:40 root         INFO     Skipping 13456
11:45:40 root         INFO     Skipping 27390
11:45:40 root         INFO     Skipping 15813
11:45:40 root         INFO     Skipping 7320
11:45:40 root         INFO     Skipping 20668
11:45:40 root         INFO     Skipping 38937
11:45:40 root         INFO     Skipping 37417
11:45:40 root         INFO     Skipping 13038
11:45:40 root         INFO     Skipping 6932
11:45:40 root         INFO     Skipping 14978
11:45:40 root         INFO     Skipping 17045
11:45:40 root         INFO     Skipping 22385
11:45:40 root         INFO     Skipping 7853
11:45:40 root         INFO     Skipping 14026
11:45:40 root         INFO     Skipping 14923
11:45:40 root         INFO     Skipping 7288
11:45:40 root         INFO     Skipping 7538
11:45:40 root         INFO     Skipping 13451
11:45:40 root         INFO     Skipping 25009
11:45:40 root         INFO     Skipping 9452
11:45:40 root         INFO     Skipping 20118
11:45:40 root         INFO     Skipping 20475
11:45:40 root         INFO     Skipping 14602
11:45:40 root         INFO     Skipping 7291
11:45:40 root         INFO     Skipping 13457
11:45:40 root         INFO     Skipping 7345
11:45:40 root         INFO     Skipping 35752
11:45:40 root         INFO     Skipping 31489
11:45:40 root         INFO     Skipping 15674
11:45:40 root         INFO     Skipping 31189
11:45:40 root         INFO     Skipping 20084
11:45:40 root         INFO     Skipping 16020
11:45:40 root         INFO     Skipping 2009
11:45:40 root         INFO     Skipping 1773
11:45:40 root         INFO     Skipping 7337
11:45:40 root         INFO     Skipping 14910
11:45:40 root         INFO     Skipping 7339
11:45:40 root         INFO     Skipping 24976
11:45:40 root         INFO     Skipping 30360
11:45:40 root         INFO     Skipping 24315
11:45:40 root         INFO     Skipping 30361
11:45:40 root         INFO     Skipping 30358
11:45:40 root         INFO     Skipping 37191
11:45:40 root         INFO     Skipping 3129
11:45:40 root         INFO     Skipping 3052
11:45:40 root         INFO     Skipping 37932
11:45:40 root         INFO     Skipping 3125
11:45:40 root         INFO     Skipping 3109
11:45:40 root         INFO     Skipping 20056
11:45:40 root         INFO     Skipping 37778
11:45:40 root         INFO     Skipping 35587
11:45:40 root         INFO     Skipping 28452
11:45:40 root         INFO     Skipping 3320
11:45:40 root         INFO     Skipping 30367
11:45:40 root         INFO     Skipping 3048
11:45:40 root         INFO     Skipping 3072
11:45:40 root         INFO     Skipping 38049
11:45:40 root         INFO     Skipping 30366
11:45:40 root         INFO     Skipping 30368
11:45:40 root         INFO     Skipping 27956
11:45:40 root         INFO     Skipping 15709
11:45:40 root         INFO     Skipping 38047
11:45:40 root         INFO     Skipping 3137
11:45:40 root         INFO     Skipping 3085
11:45:40 root         INFO     Skipping 2042
11:45:40 root         INFO     Skipping 3064
11:45:40 root         INFO     Skipping 3286
11:45:40 root         INFO     Skipping 30362
11:45:40 root         INFO     Skipping 3309
11:45:40 root         INFO     Skipping 37826
11:45:40 root         INFO     Skipping 4972
11:45:40 root         INFO     Skipping 15790
11:45:40 root         INFO     Skipping 18747
11:45:40 root         INFO     Skipping 22401
11:45:40 root         INFO     Skipping 18711
11:45:40 root         INFO     Skipping 3123
11:45:40 root         INFO     Skipping 3296
11:45:40 root         INFO     Skipping 30617
11:45:40 root         INFO     Skipping 19614
11:45:40 root         INFO     Skipping 23295
11:45:40 root         INFO     Skipping 35818
11:45:40 root         INFO     Skipping 7531
11:45:40 root         INFO     Skipping 19559
11:45:40 root         INFO     Skipping 26784
11:45:40 root         INFO     Skipping 25775
11:45:40 root         INFO     Skipping 27321
11:45:40 root         INFO     Skipping 7234
11:45:40 root         INFO     Skipping 6914
11:45:40 root         INFO     Skipping 38455
11:45:40 root         INFO     Skipping 18113
11:45:40 root         INFO     Skipping 39880
11:45:40 root         INFO     Skipping 22565
11:45:40 root         INFO     Skipping 27877
11:45:40 root         INFO     Skipping 23176
11:45:40 root         INFO     Skipping 20510
11:45:40 root         INFO     Skipping 22316
11:45:40 root         INFO     Skipping 20813
11:45:40 root         INFO     Skipping 21209
11:45:40 root         INFO     Skipping 17932
11:45:40 root         INFO     Skipping 6002
11:45:40 root         INFO     Skipping 2505
11:45:40 root         INFO     Skipping 2000
11:45:40 root         INFO     Skipping 38458
11:45:40 root         INFO     Skipping 23099
11:45:40 root         INFO     Skipping 18560
11:45:40 root         INFO     Skipping 13255
11:45:40 root         INFO     Skipping 20676
11:45:40 root         INFO     Skipping 25743
11:45:40 root         INFO     Skipping 17989
11:45:40 root         INFO     Skipping 21452
11:45:40 root         INFO     Skipping 17224
11:45:40 root         INFO     Skipping 25875
11:45:40 root         INFO     Skipping 3486
11:45:40 root         INFO     Skipping 15377
11:45:40 root         INFO     Skipping 3418
11:45:40 root         INFO     Skipping 3492
11:45:40 root         INFO     Skipping 17990
11:45:40 root         INFO     Skipping 27184
11:45:40 root         INFO     Skipping 39590
11:45:40 root         INFO     Skipping 30767
11:45:40 root         INFO     Skipping 15022
11:45:40 root         INFO     Skipping 21452
11:45:40 root         INFO     Skipping 37309
11:45:40 root         INFO     Skipping 25730
11:45:40 root         INFO     Skipping 18418
11:45:40 root         INFO     Skipping 17928
11:45:40 root         INFO     Skipping 13173
11:45:40 root         INFO     Skipping 17987
11:45:40 root         INFO     Skipping 33659
11:45:40 root         INFO     Skipping 17978
11:45:40 root         INFO     Skipping 30572
11:45:40 root         INFO     Skipping 19068
11:45:40 root         INFO     Skipping 13174
11:45:40 root         INFO     Skipping 30040
11:45:40 root         INFO     Skipping 26655
11:45:40 root         INFO     Skipping 27052
11:45:40 root         INFO     Skipping 39839
11:45:41 root         INFO     Driver opened url https://newsroom.mastercard.com/news/press/: 0.5 second load started
11:45:42 root         INFO     Driver opened url https://newsroom.mastercard.com/news/press/2025/february/mastercard-supports-canadian-small-businesses-with-new-funding-meet-the-recipients-of-the-mastercard-x-pier-five-small-business-fund/: 0.5 second load started
11:45:43 root         DEBUG    Titles: Mastercard supports Canadian small businesses with new funding: Meet the recipients of the Mastercard x Pier Five Small Business Fund
11:45:43 root         DEBUG    Dates: 2025-02-05
11:45:43 root         DEBUG    Desc: Recipients receive a $10,000 CAD grant and access to a diverse community of peers and experts to fuel their future growth 

Mastercard has unveiled the newest recipients of the Mastercard x Pier Five Small Business Fund. The Fund grants $10,000 CAD to 10 Canadian women small business owners  alongside support to grow and scale their businesses. Recipients also receive a Priceless experience in Toronto providing them with expert mentorship, community building opportunities with fellow small business owners and valuable insights to further develop their businesses. 

Mastercard recognizes that small business success is everyone’s success. Through initiatives like the Mastercard x Pier Five Small Business Fund, Mastercard is reinforcing its dedication to small businesses and the communities they serve, highlighting the important role they play in strengthening our nation’s overall prosperity and growth. 

“The Mastercard x Pier Five Small Business Fund empowers talented small business owners with resources and mentorship to help them succeed well into the future,” said  Nishant Raina, Vice President, Small and Medium Enterprises, Mastercard Canada  . “More than just a financial grant, it's a catalyst for growth and innovation, and an opportunity to showcase the future of small business in Canada.” 

Th  is year’s  Mastercard x Pier Five Small Business Fund recipients join a distinguished group of past recipients  from across Canada  , representing a range of backgrounds and industries, from technology to wellness, healthcare and more: 

  * Boco Boco  (Montreal, QC): an eco-friendly online gourmet grocery store on a mission to help consumers make sustainable purchases. 
  * Bruized  (Toronto, ON): a sustainable snack company that rescues and upcycles perfectly good surplus food into plant-based snacks, while inspiring discussions about reducing food waste. 
  * Folds Wear Inc.  (Calgary, AB): a clothing company founded to bring innovation, style and sustainability to healthcare uniforms using unique fabrics that support the environment and care for the wearer’s skin. 
  * ImaginAble Solutions  (Hamilton, ON): a social impact company creating assistive technology to improve the quality of life for people with hand disabilities. 
  * Lesley Hampton  (Toronto, ON): an inclusive luxury and Indigenous fashion brand that champions diverse beauty and empowers all body types and backgrounds. 
  * Mahara Mindfulness  (York, ON): creators of The Human Being Journal, designed to help people manage mental health, gain perspective and live fulfilled lives. 
  * Paintillio  (Sechelt, BC): a company creating custom paint-by-numbers projects that are high quality, hands-on, collaborative and accessible to help communities grow through artistic expression and creative initiatives. 
  * Remix Snacks  (Vancouver, BC): a dietitian-led company creating bean-based snacks with ingredients that reduce food waste. 
  * Shawish Market  (Toronto, ON): an Indigenize custom-built and marketplace-style platform, designed to empower Indigenous entrepreneurs by eliminating vendor fees. 
  * The Magpie Cakery  (Toronto, ON): a collaborative community kitchen designed to help local businesses thrive. 



Building vital connection and community 

Mastercard recognizes that in addition to financial support, mentorship and networking opportunities are crucial for small business owners to expand their businesses. Along with a $10,000 CAD grant, recipients will enjoy a Priceless experience in Toronto, where they can meet with mentors, connect with Mastercard partners, and gain valuable insights through networking with fellow recipients. 

“  Initiatives like the Mastercard x Pier Five Small Business Fund help to bridge the gap in access to funding, which has  historically been a significant barrier to success for women entrepreneurs,” said Julian Golden,  Pier Five  co-founder. “We’re proud to be part of this initiative with Mastercard that broadens access to funding and provides distinctive mentorship opportunities to this year’s cohort of deserving small business owners." 

Supporting small businesses at every stage of growth 

The Mastercard x Pier Five Small Business Fund is part of Mastercard’s long-standing commitment to enhancing the vitality of Canadian small businesses with innovative programs, tools and solutions. 

In addition to payment solutions and funding opportunities, Mastercard offers safety and security solutions like a free cyber assessment tool to help small businesses stay protected and tools designed to facilitate seamless transactions and digital enablement through the  Mastercard Small Business Resource Centre  .  Mastercard will also continue to support small businesses with innovative, community-level support to drive sales and growth with initiatives like the recent  immersive shopping experience  in Fort Langley, B.C. 

Understanding that mentorship and support are at the heart of small business success, the  Mastercard Small Business Community  provides small business owners the opportunity to learn, grow and connect with Mastercard and its partners year-round, plus gain access to resources to help manage and expand their business. 

To find out more about the Mastercard x Pier Five Small Business Fund and this year’s recipients, visit  www.mastercard.ca/supportsmallbusiness  . 

11:45:43 root         DEBUG    Agency_id 17907
11:45:43 root         DEBUG    Article Link: https://newsroom.mastercard.com/news/press/2025/february/mastercard-supports-canadian-small-businesses-with-new-funding-meet-the-recipients-of-the-mastercard-x-pier-five-small-business-fund/
11:45:43 root         INFO     LEDE: [testlede] month: [Feb.] day: [5]
11:45:43 root         INFO     
ADDING: FILENAME: [testfilename iness Fund] TITLE: [Mastercard supports Canadian small businesses with new funding: Meet the recipients of the Mastercard x Pier Five Small Business Fund] DATE: [2025-02-05] ID [17907]

11:45:43 root         INFO     Driver opened url https://newsroom.mastercard.com/news/press/2025/february/mastercard-and-lady-gaga-team-up-to-debut-abracadabra-music-video-celebrating-fans-with-priceless-experiences/: 0.5 second load started
11:45:43 root         DEBUG    Titles: Mastercard and Lady Gaga team up to debut 'Abracadabra' music video, celebrating fans with Priceless Experiences
11:45:43 root         DEBUG    Dates: 2025-02-03
11:45:43 root         DEBUG    Desc: ######  The brand calls on dancers and pop culture fans, celebrating them for dancing the choreography from the video for “Abracadabra,” the latest single from Gaga’s highly anticipated album  MAYHEM  , for an opportunity to win a Priceless Experience 

Mastercard is connecting people to their passion for music and dance with a new collaboration with global icon and creative visionary Lady Gaga. Together, Mastercard and Gaga’s new campaign celebrates the energy and ambitions of her fans, offering Priceless Experiences that immerse them in the world of  MAYHEM,  Gaga’s highly anticipated album due March 7. With special access and unforgettable moments, Mastercard is turning fans’ dreams into reality —connecting them to their favorite artist in ways that go beyond the stage. 

Mastercard and Gaga kicked off the campaign by premiering the video for  “Abracadabra,”  the third single from the album,  MAYHEM.  Featuring stunning choreography for which she collaborated with renowned creative, Parris Goebel, Mother Monster and Mastercard invite fans to recreate the showstopping dance moves for the opportunity to win Priceless prizes, including tickets to Lady Gaga’s  Club MAYHEM dance party with the Mistress herself  . 

“Music and dance have a profound ability to make people come alive and feel bonded to one another,” said Gaga. “I’m excited to partner with Mastercard to bring my passionate community of dancers and fans together to experience  MAYHEM  more intensely, to celebrate them joining me on the dance floor and giving back to them in a way I’ve never done before.” 

For the opportunity to win the ultimate Priceless Experience – the once-in-a-lifetime opportunity to appear in a special edition of the “Abracadabra” (Fan Version) music video and a trip to Lady Gaga’s Club  MAYHEM  dance party where Gaga herself will celebrate her dancers - fans can share their “Abracadabra” dances on TikTok, Instagram and other select platforms with #MastercardGagaContest and submit their entry at  priceless.com/gaga  *. 

“When a beloved artist like Lady Gaga reaches her community in a way so powerful that it propels a movement, connects people and inspires others, it is truly remarkable,” said Rustom Dastoor, EVP of Marketing and Communications for the Americas, Mastercard. “We are honored to collaborate with her and bring our partners together to celebrate her phenomenon, deliver the unexpected for cardholders and fans everywhere, and to create Priceless Experiences for people in ways that only Mastercard can.” 

The campaign unlocks special content fans didn’t know they needed, including an exclusive behind-the-scenes look at the making of the "Abracadabra” video, featuring Gaga’s own perspective about her creative choices for hair, makeup and wardrobe, choreography, dancers, and more. These clips will be featured on Mastercard’s social channels @Mastercard and @MastercardCA. 

Mastercard is dedicated to inspiring communities around the world to follow their passions, including music. This partnership with Lady Gaga is a continuation of the brand’s growing music footprint, which includes longtime sponsorship of the GRAMMY Awards® and The BRIT Awards, expanded partnership with  Live Nation  and support of the music industry, artists and fans. 

To learn more about the campaign and contest, please visit  mastercard.com/Gaga  . 

____________ 

*NO PURCHASE NECESSARY TO ENTER OR WIN. THIS IS A SKILL-BASED CONTEST. Void in Quebec, U.S. Territories & where prohibited. Open to permanent legal residents of 50 U.S. & Canada, legal age of majority in their state/province of residence. Ends 2/9/25. 15 winners/ARV $4000 USD pp. Odds of winning depend on # of eligible entries and judging criteria. For Official Rules & complete details, visit priceless.com/Gaga. 

  
  


11:45:43 root         DEBUG    Agency_id 17907
11:45:43 root         DEBUG    Article Link: https://newsroom.mastercard.com/news/press/2025/february/mastercard-and-lady-gaga-team-up-to-debut-abracadabra-music-video-celebrating-fans-with-priceless-experiences/
11:45:43 root         INFO     LEDE: [testlede] month: [Feb.] day: [3]
11:45:43 root         INFO     
ADDING: FILENAME: [testfilename xperiences] TITLE: [Mastercard and Lady Gaga team up to debut 'Abracadabra' music video, celebrating fans with Priceless Experiences] DATE: [2025-02-03] ID [17907]

11:45:44 root         INFO     Scrape errors found during run:
11:45:44 root         INFO     []
11:45:44 root         INFO     End of file message
11:45:44 root         INFO     

Load Version 2.1.0 02/04/2025
       Docs Loaded: 2
       URLS processed: 1
       DUPS skipped: 0
       No Ledes found: 0

Passed Parameters:
       Pull House and Senate: False
       Number of days back: 30
       Start Time: 2025-02-05 11:45:36
       End Time: 2025-02-05 11:45:44
       Elapsed Time: 0:00:08
       Character Minimum Amount: 100

Errors:
Docs:
	Loaded:
		17907: Mastercard supports Canadian small businesses with new funding: Meet the recipients of the Mastercard x Pier Five Small Business Fund
		17907: Mastercard and Lady Gaga team up to debut 'Abracadabra' music video, celebrating fans with Priceless Experiences
