23:29:16 root         INFO     Skipping 27599
23:29:16 root         INFO     Skipping 30449
23:29:16 root         INFO     Skipping 14315
23:29:16 root         INFO     Skipping 7566
23:29:16 root         INFO     Skipping 804
23:29:16 root         INFO     Skipping 12106
23:29:16 root         INFO     Skipping 8034
23:29:16 root         INFO     Skipping 7901
23:29:16 root         INFO     Skipping 20157
23:29:16 root         INFO     Skipping 6950
23:29:16 root         INFO     Skipping 15026
23:29:16 root         INFO     Skipping 19993
23:29:16 root         INFO     Skipping 21569
23:29:16 root         INFO     Skipping 23030
23:29:16 root         INFO     Skipping 206
23:29:16 root         INFO     Skipping 16046
23:29:16 root         INFO     Skipping 16140
23:29:16 root         INFO     Skipping 16037
23:29:16 root         INFO     Skipping 43
23:29:16 root         INFO     Skipping 225
23:29:16 root         INFO     Skipping 37711
23:29:16 root         INFO     Skipping 34699
23:29:16 root         INFO     Skipping 19021
23:29:16 root         INFO     Skipping 18495
23:29:16 root         INFO     Skipping 222
23:29:16 root         INFO     Skipping 5602
23:29:16 root         INFO     Skipping 16027
23:29:16 root         INFO     Skipping 21499
23:29:16 root         INFO     Skipping 2698
23:29:16 root         INFO     Skipping 27867
23:29:16 root         INFO     Skipping 24224
23:29:16 root         INFO     Skipping 21563
23:29:16 root         INFO     Skipping 24227
23:29:16 root         INFO     Skipping 17224
23:29:16 root         INFO     Skipping 219
23:29:16 root         INFO     Skipping 23814
23:29:16 root         INFO     Skipping 15376
23:29:16 root         INFO     Skipping 19286
23:29:16 root         INFO     Skipping 28048
23:29:16 root         INFO     Skipping 543
23:29:16 root         INFO     Skipping 24233
23:29:16 root         INFO     Skipping 18735
23:29:16 root         INFO     Skipping 1066
23:29:16 root         INFO     Skipping 37680
23:29:16 root         INFO     Skipping 691
23:29:16 root         INFO     Skipping 677
23:29:16 root         INFO     Skipping 20141
23:29:16 root         INFO     Skipping 36151
23:29:16 root         INFO     Skipping 20319
23:29:16 root         INFO     Skipping 12400
23:29:16 root         INFO     Skipping 127
23:29:16 root         INFO     Skipping 20792
23:29:16 root         INFO     Skipping 17104
23:29:16 root         INFO     Skipping 24344
23:29:16 root         INFO     Skipping 19546
23:29:16 root         INFO     Skipping 15565
23:29:16 root         INFO     Skipping 13359
23:29:16 root         INFO     Skipping 17922
23:29:16 root         INFO     Skipping 22481
23:29:16 root         INFO     Skipping 20138
23:29:16 root         INFO     Skipping 119
23:29:16 root         INFO     Skipping 21188
23:29:16 root         INFO     Skipping 3016
23:29:16 root         INFO     Skipping 21525
23:29:16 root         INFO     Skipping 37694
23:29:16 root         INFO     Skipping 18710
23:29:16 root         INFO     Skipping 29332
23:29:16 root         INFO     Skipping 23100
23:29:16 root         INFO     Skipping 37725
23:29:16 root         INFO     Skipping 15633
23:29:16 root         INFO     Skipping 948
23:29:16 root         INFO     Skipping 30993
23:29:16 root         INFO     Skipping 22221
23:29:16 root         INFO     Skipping 22654
23:29:16 root         INFO     Skipping 35809
23:29:16 root         INFO     Skipping 35576
23:29:16 root         INFO     Skipping 37408
23:29:16 root         INFO     Skipping 7844
23:29:16 root         INFO     Skipping 20
23:29:16 root         INFO     Skipping 8022
23:29:16 root         INFO     Skipping 8032
23:29:16 root         INFO     Skipping 20605
23:29:16 root         INFO     Skipping 7838
23:29:16 root         INFO     Skipping 21497
23:29:16 root         INFO     Skipping 35572
23:29:16 root         INFO     Skipping 30425
23:29:16 root         INFO     Skipping 35517
23:29:16 root         INFO     Skipping 35524
23:29:16 root         INFO     Skipping 21522
23:29:16 root         INFO     Skipping 1325
23:29:16 root         INFO     Skipping 1079
23:29:16 root         INFO     Skipping 6973
23:29:16 root         INFO     Skipping 37495
23:29:16 root         INFO     Skipping 30405
23:29:16 root         INFO     Skipping 18767
23:29:16 root         INFO     Skipping 21521
23:29:16 root         INFO     Skipping 921
23:29:16 root         INFO     Skipping 27602
23:29:16 root         INFO     Skipping 21335
23:29:16 root         INFO     Skipping 30444
23:29:16 root         INFO     Skipping 1363
23:29:16 root         INFO     Skipping 9488
23:29:16 root         INFO     Skipping 24230
23:29:16 root         INFO     Skipping 2696
23:29:16 root         INFO     Skipping 37705
23:29:16 root         INFO     Skipping 33752
23:29:16 root         INFO     Skipping 37731
23:29:16 root         INFO     Skipping 37740
23:29:16 root         INFO     Skipping 9427
23:29:16 root         INFO     Skipping 19880
23:29:16 root         INFO     Skipping 632
23:29:16 root         INFO     Skipping 39007
23:29:16 root         INFO     Skipping 551
23:29:16 root         INFO     Skipping 37304
23:29:16 root         INFO     Skipping 20115
23:29:16 root         INFO     Skipping 13362
23:29:16 root         INFO     Skipping 7333
23:29:16 root         INFO     Skipping 21423
23:29:16 root         INFO     Skipping 17653
23:29:16 root         INFO     Skipping 21152
23:29:16 root         INFO     Skipping 16031
23:29:16 root         INFO     Skipping 27074
23:29:16 root         INFO     Skipping 255
23:29:16 root         INFO     Skipping 431
23:29:16 root         INFO     Skipping 19290
23:29:16 root         INFO     Skipping 33954
23:29:16 root         INFO     Skipping 22921
23:29:16 root         INFO     Skipping 26556
23:29:16 root         INFO     Skipping 167
23:29:16 root         INFO     Skipping 15884
23:29:16 root         INFO     Skipping 30382
23:29:16 root         INFO     Skipping 30450
23:29:16 root         INFO     Skipping 27626
23:29:16 root         INFO     Skipping 37748
23:29:16 root         INFO     Skipping 715
23:29:16 root         INFO     Skipping 18734
23:29:16 root         INFO     Skipping 9485
23:29:16 root         INFO     Skipping 24231
23:29:16 root         INFO     Skipping 6221
23:29:16 root         INFO     Skipping 15392
23:29:16 root         INFO     Skipping 14466
23:29:16 root         INFO     Skipping 15025
23:29:16 root         INFO     Skipping 19760
23:29:16 root         INFO     Skipping 37095
23:29:16 root         INFO     Skipping 13863
23:29:16 root         INFO     Skipping 7355
23:29:16 root         INFO     Skipping 8042
23:29:16 root         INFO     Skipping 23802
23:29:16 root         INFO     Skipping 282
23:29:16 root         INFO     Skipping 7316
23:29:16 root         INFO     Skipping 16040
23:29:16 root         INFO     Skipping 7922
23:29:16 root         INFO     Skipping 16041
23:29:16 root         INFO     Skipping 28101
23:29:16 root         INFO     Skipping 3410
23:29:16 root         INFO     Skipping 7121
23:29:16 root         INFO     Skipping 17116
23:29:16 root         INFO     Skipping 20034
23:29:16 root         INFO     Skipping 6918
23:29:16 root         INFO     Skipping 22037
23:29:16 root         INFO     Skipping 14373
23:29:16 root         INFO     Skipping 13794
23:29:16 root         INFO     Skipping 13964
23:29:16 root         INFO     Skipping 6930
23:29:16 root         INFO     Skipping 19978
23:29:16 root         INFO     Skipping 14069
23:29:16 root         INFO     Skipping 14111
23:29:16 root         INFO     Skipping 6931
23:29:16 root         INFO     Skipping 14021
23:29:16 root         INFO     Skipping 37180
23:29:16 root         INFO     Skipping 35130
23:29:16 root         INFO     Skipping 19684
23:29:16 root         INFO     Skipping 28292
23:29:16 root         INFO     Skipping 30335
23:29:16 root         INFO     Skipping 14867
23:29:16 root         INFO     Skipping 23669
23:29:16 root         INFO     Skipping 6793
23:29:16 root         INFO     Skipping 15440
23:29:16 root         INFO     Skipping 23588
23:29:16 root         INFO     Skipping 10156
23:29:16 root         INFO     Skipping 30046
23:29:16 root         INFO     Skipping 39476
23:29:16 root         INFO     Skipping 37727
23:29:16 root         INFO     Skipping 33096
23:29:16 root         INFO     Skipping 32423
23:29:16 root         INFO     Skipping 30658
23:29:16 root         INFO     Skipping 19870
23:29:16 root         INFO     Skipping 15962
23:29:16 root         INFO     Skipping 702
23:29:16 root         INFO     Skipping 39478
23:29:16 root         INFO     Skipping 30435
23:29:16 root         INFO     Skipping 9445
23:29:16 root         INFO     Skipping 24173
23:29:16 root         INFO     Skipping 35554
23:29:16 root         INFO     Skipping 18733
23:29:16 root         INFO     Skipping 3962
23:29:16 root         INFO     Skipping 26659
23:29:16 root         INFO     Skipping 32135
23:29:16 root         INFO     Skipping 27843
23:29:16 root         INFO     Skipping 17658
23:29:16 root         INFO     Skipping 27186
23:29:16 root         INFO     Skipping 6922
23:29:16 root         INFO     Skipping 7317
23:29:16 root         INFO     Skipping 37607
23:29:16 root         INFO     Skipping 19748
23:29:16 root         INFO     Skipping 14979
23:29:16 root         INFO     Skipping 28256
23:29:16 root         INFO     Skipping 15000
23:29:16 root         INFO     Skipping 15725
23:29:16 root         INFO     Skipping 21561
23:29:16 root         INFO     Skipping 23098
23:29:16 root         INFO     Skipping 30469
23:29:16 root         INFO     Skipping 37819
23:29:16 root         INFO     Skipping 27605
23:29:16 root         INFO     Skipping 24799
23:29:16 root         INFO     Skipping 35571
23:29:16 root         INFO     Skipping 18750
23:29:16 root         INFO     Skipping 21564
23:29:16 root         INFO     Skipping 695
23:29:16 root         INFO     Skipping 619
23:29:16 root         INFO     Skipping 21566
23:29:16 root         INFO     Skipping 18746
23:29:16 root         INFO     Skipping 30470
23:29:16 root         INFO     Skipping 37747
23:29:16 root         INFO     Skipping 35726
23:29:16 root         INFO     Skipping 35708
23:29:16 root         INFO     Skipping 35705
23:29:16 root         INFO     Skipping 35727
23:29:16 root         INFO     Skipping 37743
23:29:16 root         INFO     Skipping 24229
23:29:16 root         INFO     Skipping 37748
23:29:16 root         INFO     Skipping 19879
23:29:16 root         INFO     Skipping 717
23:29:16 root         INFO     Skipping 35728
23:29:16 root         INFO     Skipping 37820
23:29:16 root         INFO     Skipping 30473
23:29:16 root         INFO     Skipping 37744
23:29:16 root         INFO     Skipping 28313
23:29:16 root         INFO     Skipping 37749
23:29:16 root         INFO     Skipping 15948
23:29:16 root         INFO     Skipping 35707
23:29:16 root         INFO     Skipping 35706
23:29:16 root         INFO     Skipping 35704
23:29:16 root         INFO     Skipping 18740
23:29:16 root         INFO     Skipping 18736
23:29:16 root         INFO     Skipping 7887
23:29:16 root         INFO     Skipping 15551
23:29:17 root         INFO     Skipping 35562
23:29:17 root         INFO     Skipping 9423
23:29:17 root         INFO     Skipping 1519
23:29:17 root         INFO     Skipping 35489
23:29:17 root         INFO     Skipping 20880
23:29:17 root         INFO     Skipping 37235
23:29:17 root         INFO     Skipping 15882
23:29:17 root         INFO     Skipping 1169
23:29:17 root         INFO     Skipping 9463
23:29:17 root         INFO     Skipping 37685
23:29:17 root         INFO     Skipping 809
23:29:17 root         INFO     Skipping 9421
23:29:17 root         INFO     Skipping 30397
23:29:17 root         INFO     Skipping 37735
23:29:17 root         INFO     Skipping 30394
23:29:17 root         INFO     Skipping 30448
23:29:17 root         INFO     Skipping 27614
23:29:17 root         INFO     Skipping 35527
23:29:17 root         INFO     Skipping 37416
23:29:17 root         INFO     Skipping 37709
23:29:17 root         INFO     Skipping 27649
23:29:17 root         INFO     Skipping 35546
23:29:17 root         INFO     Skipping 1098
23:29:17 root         INFO     Skipping 21488
23:29:17 root         INFO     Skipping 37674
23:29:17 root         INFO     Skipping 37706
23:29:17 root         INFO     Skipping 37713
23:29:17 root         INFO     Skipping 918
23:29:17 root         INFO     Skipping 24210
23:29:17 root         INFO     Skipping 37728
23:29:17 root         INFO     Skipping 35555
23:29:17 root         INFO     Skipping 35556
23:29:17 root         INFO     Skipping 892
23:29:17 root         INFO     Skipping 38045
23:29:17 root         INFO     Skipping 829
23:29:17 root         INFO     Skipping 30468
23:29:17 root         INFO     Skipping 24186
23:29:17 root         INFO     Skipping 24194
23:29:17 root         INFO     Skipping 37693
23:29:17 root         INFO     Skipping 30429
23:29:17 root         INFO     Skipping 1249
23:29:17 root         INFO     Skipping 30434
23:29:17 root         INFO     Skipping 24199
23:29:17 root         INFO     Skipping 37688
23:29:17 root         INFO     Skipping 23853
23:29:17 root         INFO     Skipping 30456
23:29:17 root         INFO     Skipping 1036
23:29:17 root         INFO     Skipping 30436
23:29:17 root         INFO     Skipping 37690
23:29:17 root         INFO     Skipping 36428
23:29:17 root         INFO     Skipping 37721
23:29:17 root         INFO     Skipping 27646
23:29:17 root         INFO     Skipping 24187
23:29:17 root         INFO     Skipping 35551
23:29:17 root         INFO     Skipping 925
23:29:17 root         INFO     Skipping 21570
23:29:17 root         INFO     Skipping 21536
23:29:17 root         INFO     Skipping 604
23:29:17 root         INFO     Skipping 21562
23:29:17 root         INFO     Skipping 21572
23:29:17 root         INFO     Skipping 17884
23:29:17 root         INFO     Skipping 235
23:29:17 root         INFO     Skipping 21487
23:29:17 root         INFO     Skipping 27644
23:29:17 root         INFO     Skipping 37722
23:29:17 root         INFO     Skipping 24175
23:29:17 root         INFO     Skipping 27637
23:29:17 root         INFO     Skipping 9424
23:29:17 root         INFO     Skipping 24181
23:29:17 root         INFO     Skipping 37676
23:29:17 root         INFO     Skipping 15912
23:29:17 root         INFO     Skipping 1004
23:29:17 root         INFO     Skipping 15922
23:29:17 root         INFO     Skipping 21523
23:29:17 root         INFO     Skipping 14489
23:29:17 root         INFO     Skipping 18756
23:29:17 root         INFO     Skipping 23549
23:29:17 root         INFO     Skipping 30414
23:29:17 root         INFO     Skipping 28735
23:29:17 root         INFO     Skipping 599
23:29:17 root         INFO     Skipping 24124
23:29:17 root         INFO     Skipping 24218
23:29:17 root         INFO     Skipping 19874
23:29:17 root         INFO     Skipping 21467
23:29:17 root         INFO     Skipping 30525
23:29:17 root         INFO     Skipping 24176
23:29:17 root         INFO     Skipping 15949
23:29:17 root         INFO     Skipping 27630
23:29:17 root         INFO     Skipping 27632
23:29:17 root         INFO     Skipping 606
23:29:17 root         INFO     Skipping 27629
23:29:17 root         INFO     Skipping 24228
23:29:17 root         INFO     Skipping 562
23:29:17 root         INFO     Skipping 21633
23:29:17 root         INFO     Skipping 24225
23:29:17 root         INFO     Skipping 18725
23:29:17 root         INFO     Skipping 21567
23:29:17 root         INFO     Skipping 27628
23:29:17 root         INFO     Skipping 12921
23:29:17 root         INFO     Skipping 47
23:29:17 root         INFO     Skipping 8101
23:29:17 root         INFO     Skipping 27936
23:29:17 root         INFO     Skipping 23089
23:29:17 root         INFO     Skipping 15911
23:29:17 root         INFO     Skipping 30472
23:29:17 root         INFO     Skipping 35703
23:29:17 root         INFO     Skipping 30475
23:29:17 root         INFO     Skipping 18739
23:29:17 root         INFO     Skipping 30378
23:29:17 root         INFO     Skipping 21
23:29:17 root         INFO     Skipping 24169
23:29:17 root         INFO     Skipping 27616
23:29:17 root         INFO     Skipping 546
23:29:17 root         INFO     Skipping 125
23:29:17 root         INFO     Skipping 432
23:29:17 root         INFO     Skipping 23572
23:29:17 root         INFO     Skipping 1
23:29:17 root         INFO     Skipping 10
23:29:17 root         INFO     Skipping 106
23:29:17 root         INFO     Skipping 804
23:29:17 root         INFO     Skipping 697
23:29:17 root         INFO     Skipping 37667
23:29:17 root         INFO     Skipping 24234
23:29:17 root         INFO     Skipping 34781
23:29:17 root         INFO     Skipping 44
23:29:17 root         INFO     Skipping 2434
23:29:17 root         INFO     Skipping 7307
23:29:17 root         INFO     Skipping 7280
23:29:17 root         INFO     Skipping 14197
23:29:17 root         INFO     Skipping 6929
23:29:17 root         INFO     Skipping 24223
23:29:17 root         INFO     Skipping 30412
23:29:17 root         INFO     Skipping 21230
23:29:17 root         INFO     Skipping 7124
23:29:17 root         INFO     Skipping 7516
23:29:17 root         INFO     Skipping 9231
23:29:17 root         INFO     Skipping 13222
23:29:17 root         INFO     Skipping 24928
23:29:17 root         INFO     Skipping 14466
23:29:17 root         INFO     Skipping 19685
23:29:17 root         INFO     Skipping 14008
23:29:17 root         INFO     Skipping 20480
23:29:17 root         INFO     Skipping 7126
23:29:17 root         INFO     Skipping 15792
23:29:17 root         INFO     Skipping 27571
23:29:17 root         INFO     Skipping 19109
23:29:17 root         INFO     Skipping 14066
23:29:17 root         INFO     Skipping 7103
23:29:17 root         INFO     Skipping 13479
23:29:17 root         INFO     Skipping 13475
23:29:17 root         INFO     Skipping 24237
23:29:17 root         INFO     Skipping 28365
23:29:17 root         INFO     Skipping 7118
23:29:17 root         INFO     Skipping 19909
23:29:17 root         INFO     Skipping 13664
23:29:17 root         INFO     Skipping 13467
23:29:17 root         INFO     Skipping 18743
23:29:17 root         INFO     Skipping 19881
23:29:17 root         INFO     Skipping 6970
23:29:17 root         INFO     Skipping 7286
23:29:17 root         INFO     Skipping 14047
23:29:17 root         INFO     Skipping 35569
23:29:17 root         INFO     Skipping 37741
23:29:17 root         INFO     Skipping 37697
23:29:17 root         INFO     Skipping 1453
23:29:17 root         INFO     Skipping 18818
23:29:17 root         INFO     Skipping 37745
23:29:17 root         INFO     Skipping 18836
23:29:17 root         INFO     Skipping 37441
23:29:17 root         INFO     Skipping 24207
23:29:17 root         INFO     Skipping 1483
23:29:17 root         INFO     Skipping 30395
23:29:17 root         INFO     Skipping 30432
23:29:17 root         INFO     Skipping 36969
23:29:17 root         INFO     Skipping 21533
23:29:17 root         INFO     Skipping 1352
23:29:17 root         INFO     Skipping 30390
23:29:17 root         INFO     Skipping 1149
23:29:17 root         INFO     Skipping 24202
23:29:17 root         INFO     Skipping 30389
23:29:17 root         INFO     Skipping 15891
23:29:17 root         INFO     Skipping 14488
23:29:17 root         INFO     Skipping 30528
23:29:17 root         INFO     Skipping 27597
23:29:17 root         INFO     Skipping 37737
23:29:17 root         INFO     Skipping 1557
23:29:17 root         INFO     Skipping 27609
23:29:17 root         INFO     Skipping 900
23:29:17 root         INFO     Skipping 21527
23:29:17 root         INFO     Skipping 1479
23:29:17 root         INFO     Skipping 30387
23:29:17 root         INFO     Skipping 980
23:29:17 root         INFO     Skipping 37703
23:29:17 root         INFO     Skipping 15304
23:29:17 root         INFO     Skipping 14781
23:29:17 root         INFO     Skipping 15528
23:29:17 root         INFO     Skipping 25120
23:29:17 root         INFO     Skipping 33803
23:29:17 root         INFO     Skipping 20476
23:29:17 root         INFO     Skipping 27502
23:29:17 root         INFO     Skipping 13456
23:29:17 root         INFO     Skipping 27390
23:29:17 root         INFO     Skipping 15813
23:29:17 root         INFO     Skipping 7320
23:29:17 root         INFO     Skipping 20668
23:29:17 root         INFO     Skipping 38937
23:29:17 root         INFO     Skipping 37417
23:29:17 root         INFO     Skipping 13038
23:29:17 root         INFO     Skipping 6932
23:29:17 root         INFO     Skipping 14978
23:29:17 root         INFO     Skipping 17045
23:29:17 root         INFO     Skipping 22385
23:29:17 root         INFO     Skipping 7853
23:29:17 root         INFO     Skipping 14026
23:29:17 root         INFO     Skipping 14923
23:29:17 root         INFO     Skipping 7288
23:29:17 root         INFO     Skipping 7538
23:29:17 root         INFO     Skipping 13451
23:29:17 root         INFO     Skipping 25009
23:29:17 root         INFO     Skipping 9452
23:29:17 root         INFO     Skipping 20118
23:29:17 root         INFO     Skipping 20475
23:29:17 root         INFO     Skipping 14602
23:29:17 root         INFO     Skipping 7291
23:29:17 root         INFO     Skipping 13457
23:29:17 root         INFO     Skipping 7345
23:29:17 root         INFO     Skipping 35752
23:29:17 root         INFO     Skipping 31489
23:29:17 root         INFO     Skipping 15674
23:29:17 root         INFO     Skipping 31189
23:29:17 root         INFO     Skipping 20084
23:29:17 root         INFO     Skipping 16020
23:29:17 root         INFO     Skipping 2009
23:29:17 root         INFO     Skipping 1773
23:29:17 root         INFO     Skipping 7337
23:29:17 root         INFO     Skipping 14910
23:29:17 root         INFO     Skipping 7339
23:29:17 root         INFO     Skipping 24976
23:29:17 root         INFO     Skipping 30360
23:29:17 root         INFO     Skipping 24315
23:29:17 root         INFO     Skipping 30361
23:29:17 root         INFO     Skipping 30358
23:29:17 root         INFO     Skipping 37191
23:29:17 root         INFO     Skipping 3129
23:29:17 root         INFO     Skipping 3052
23:29:17 root         INFO     Skipping 37932
23:29:17 root         INFO     Skipping 3125
23:29:17 root         INFO     Skipping 3109
23:29:17 root         INFO     Skipping 20056
23:29:17 root         INFO     Skipping 37778
23:29:17 root         INFO     Skipping 35587
23:29:17 root         INFO     Skipping 28452
23:29:17 root         INFO     Skipping 3320
23:29:17 root         INFO     Skipping 30367
23:29:17 root         INFO     Skipping 3048
23:29:17 root         INFO     Skipping 3072
23:29:17 root         INFO     Skipping 38049
23:29:17 root         INFO     Skipping 30366
23:29:17 root         INFO     Skipping 30368
23:29:17 root         INFO     Skipping 27956
23:29:17 root         INFO     Skipping 15709
23:29:17 root         INFO     Skipping 38047
23:29:17 root         INFO     Skipping 3137
23:29:17 root         INFO     Skipping 3085
23:29:17 root         INFO     Skipping 2042
23:29:17 root         INFO     Skipping 30374
23:29:17 root         INFO     Skipping 3064
23:29:17 root         INFO     Skipping 3286
23:29:17 root         INFO     Skipping 30362
23:29:17 root         INFO     Skipping 3309
23:29:17 root         INFO     Skipping 37826
23:29:17 root         INFO     Skipping 4972
23:29:17 root         INFO     Skipping 15790
23:29:17 root         INFO     Skipping 18747
23:29:17 root         INFO     Skipping 22401
23:29:17 root         INFO     Skipping 18711
23:29:17 root         INFO     Skipping 3123
23:29:17 root         INFO     Skipping 3296
23:29:17 root         INFO     Skipping 30617
23:29:17 root         INFO     Skipping 19614
23:29:17 root         INFO     Skipping 23295
23:29:17 root         INFO     Skipping 35818
23:29:17 root         INFO     Skipping 7531
23:29:17 root         INFO     Skipping 19559
23:29:17 root         INFO     Skipping 26784
23:29:17 root         INFO     Skipping 25775
23:29:17 root         INFO     Skipping 27321
23:29:17 root         INFO     Skipping 7234
23:29:17 root         INFO     Skipping 6914
23:29:17 root         INFO     Skipping 58455
23:29:17 root         INFO     Skipping 18113
23:29:17 root         INFO     Skipping 39880
23:29:17 root         INFO     Skipping 22565
23:29:17 root         INFO     Skipping 27877
23:29:17 root         INFO     Skipping 23176
23:29:17 root         INFO     Skipping 20510
23:29:17 root         INFO     Skipping 22316
23:29:17 root         INFO     Skipping 20813
23:29:17 root         INFO     Skipping 21209
23:29:17 root         INFO     Skipping 17932
23:29:17 root         INFO     Skipping 6002
23:29:17 root         INFO     Skipping 2505
23:29:17 root         INFO     Skipping 2000
23:29:17 root         INFO     Skipping 38456
23:29:17 root         INFO     Skipping 23099
23:29:17 root         INFO     Skipping 18560
23:29:17 root         INFO     Skipping 13255
23:29:17 root         INFO     Skipping 20676
23:29:17 root         INFO     Skipping 25743
23:29:17 root         INFO     Skipping 17989
23:29:17 root         INFO     Skipping 21452
23:29:17 root         INFO     Skipping 17224
23:29:17 root         INFO     Skipping 25875
23:29:17 root         INFO     Skipping 3486
23:29:17 root         INFO     Skipping 15377
23:29:17 root         INFO     Skipping 3418
23:29:17 root         INFO     Skipping 3492
23:29:17 root         INFO     Skipping 17990
23:29:17 root         INFO     Skipping 27184
23:29:17 root         INFO     Skipping 39590
23:29:18 root         INFO     Driver opened url https://pr.nba.com/: 0.5 second load started
23:29:20 root         INFO     Driver opened url https://pr.nba.com/jalen-brunson-nba-cares-bob-lanier-community-assist-award-winner-december/: 0.5 second load started
23:29:20 root         DEBUG    Titles: Knicks' Jalen Brunson named NBA Cares Bob Lanier Community Assist Award winner for December
23:29:20 root         DEBUG    Dates: 2025-01-24
23:29:20 root         DEBUG    Desc: NEW YORK  – The NBA today announced New York Knicks guard Jalen Brunson as the NBA Cares Bob Lanier Community Assist Award winner for the month of December. During the NBA’s Season of Giving, which runs from late November through December, Brunson hosted holiday gift giving events, shopping sprees and fulfilled the wishes of two children from Make-A-Wish Metro NY and Make-A-Wish Hudson Valley. Brunson will receive the David Robinson trophy, and the NBA will donate $10,000 to the Second Round Foundation – an organization that creates equity for young people through education, sport and community. 

During NBA Season of Giving, Brunson and the  Second Round Foundation  partnered with  DREAM Charter Schools  to bring cheer to students during the holiday season. As a part of this effort, Brunson co-hosted two Family Dinner and Game Night events for nearly 500 DREAM students and their families. Families received food baskets with fresh produce and non-perishable food items ahead of the Thanksgiving holiday. The events also promoted the Scratch Food Program, which focuses on improving school meals and encouraging healthy eating habits. Brunson and the Second Round Foundation also purchased 250 winter coats for DREAM students from Manhattan’s East Harlem and Mott Haven and Highbridge campuses in the Bronx. 

Brunson along with the  Garden of Dreams Foundation  also hosted 20 single mothers from the  Covenant House  in the Bronx for a holiday shopping spree experience. Each mother received $550 in Target gift cards to purchase gifts and necessities. 

The New York Knicks hosted their Garden of Dreams Night on December 5  th  and invited two children from Make-A-Wish to participate. The two boys, undergoing medical challenges, had a wish to meet Brunson and attend a Knicks game. Brunson spent time with both boys and provided words of encouragement. The boys also served as an honorary Knicks Player and an honorary Knicks Coach for the game. 

“I’m humbled and honored to receive the Community Assist Award for the month of December,” said Brunson. “The greatest gift the game has given me has been the ability to give back to those in need through the Second Round Foundation. This award further motivates me to serve the communities that mean so much to me and to highlight those who deserve support, regardless of their circumstances.” 

Brunson will be recognized in-arena as the NBA Cares Bob Lanier Community Assist Award winner during the Kings-Knicks game on Jan. 25. New York Knicks President Leon Rose and a youth representative from the Covenant House will present him with the award. 

The NBA Cares Bob Lanier Community Assist Award honors Bob Lanier, an NBA League Office executive and NBA Cares Ambassador for more than 30 years. He had an enormous influence on the NBA family and young people globally, traveling the world to teach the values of the game and making a positive impact through his kindness and generosity. The legacy he built will continue to live on through the NBA Cares Bob Lanier Community Assist Award recognition, which honors the next generation of players’ commitment to positively impacting their community throughout the NBA season. Over the course of each NBA season, there is an offseason winner followed by seven monthly award winners. The offseason winner receives the Bob Lanier trophy, and each monthly winner receives the David Robinson trophy. The NBA also makes a donation to the charity or foundation of the player’s choice. To learn more, please visit  https://communityassist.nba.com/  . 

About NBA Cares   
NBA Social Responsibility drives change on issues facing fans and communities by advancing needed resources and proven partners through NBA Cares, the league’s global social responsibility platform. Impact areas for NBA Cares include health and wellness, social justice and inclusion, civic engagement and sustainability. NBA Cares works with NBA players and teams to highlight important issues through the NBA’s digital, social and broadcast channels, live events and partnerships. 

23:29:20 root         DEBUG    Agency_id 30767
23:29:20 root         DEBUG    Article Link: https://pr.nba.com/jalen-brunson-nba-cares-bob-lanier-community-assist-award-winner-december/
23:29:20 root         INFO     LEDE: [testlede] month: [Jan.] day: [24]
23:29:20 root         INFO     
ADDING: FILENAME: [testfilename r December] TITLE: [Knicks' Jalen Brunson named NBA Cares Bob Lanier Community Assist Award winner for December] DATE: [2025-01-24] ID [30767]

23:29:21 root         INFO     Driver opened url https://pr.nba.com/merchandise-lists-first-half-2024-25-season/: 0.5 second load started
23:29:21 root         DEBUG    Titles: Stephen Curry leads NBA Top-Selling Jersey list for first half of regular season
23:29:21 root         DEBUG    Dates: 2025-01-24
23:29:21 root         DEBUG    Desc: NEW YORK  –  The National Basketball Association (NBA) and National Basketball Players Association today jointly announced that the Golden State Warriors’  Stephen Curry  and the 2024 NBA Champion  Boston Celtics  secured the top spots on the NBA’s  Top-Selling Jersey  and  Team Merchandise  lists, respectively, based on NBAStore.com sales for the first half of the 2024-25 regular season. The Celtics appear at No. 1 on the Team Merchandise list for the first time in 17 years, while Curry sits atop the Top-Selling Jerseys rankings for the third consecutive list. 

Additional highlights include the following: 

• The Minnesota Timberwolves’  Anthony Edwards  (No. 6), Oklahoma City Thunder’s  Shai Gilgeous-Alexander  (No. 11) and the Cleveland Cavaliers’  Donovan Mitchell  (No. 15) each make their debut on the Most Popular Jersey list. 

• In his second appearance on the list, the New York Knicks’  Jalen Brunson  (No. 4) makes a big leap after appearing at No. 15 at the end of the 2023-24 regular season. 

• Nine players on the list have been named  starters  for the 2025 NBA All-Star Game, which will be held on Sunday, Feb. 16 at Chase Center in San Francisco. 

Six teams featured on the list will be in action tomorrow on ESPN and ABC as part of an action-packed day of basketball, which begins at noon ET on ESPN as the Indiana Pacers take on the San Antonio Spurs in the second of two NBA Paris Games presented by Tissot.  NBA Saturday Primetime on ABC  features a tripleheader that tips off with the Denver Nuggets visiting the Timberwolves in a Western Conference Semifinals rematch at 3 p.m. ET, followed by the Celtics facing the Dallas Mavericks in a 2024 NBA Finals rematch at 5:30 p.m. ET. The schedule concludes with an iconic rivalry reignited when LeBron James and the Los Angeles Lakers square off against Curry and the Warriors at 8:30 p.m. ET. 

23:29:21 root         DEBUG    Agency_id 30767
23:29:21 root         DEBUG    Article Link: https://pr.nba.com/merchandise-lists-first-half-2024-25-season/
23:29:21 root         INFO     LEDE: [testlede] month: [Jan.] day: [24]
23:29:21 root         INFO     
ADDING: FILENAME: [testfilename lar season] TITLE: [Stephen Curry leads NBA Top-Selling Jersey list for first half of regular season] DATE: [2025-01-24] ID [30767]

23:29:22 root         INFO     Driver opened url https://pr.nba.com/voting-results-2025-nba-all-star-game-starters/: 0.5 second load started
23:29:23 root         DEBUG    Titles: Voting results: 2025 NBA All-Star Game starters
23:29:23 root         DEBUG    Dates: 2025-01-23
23:29:23 root         DEBUG    Desc: Starters for the 2025 NBA All-Star Game were selected by fans, current NBA players and a media panel. Fans accounted for 50% of the vote to determine the starters, while players and media accounted for 25% each. 

After all votes were tallied, players were ranked in each conference by position (guard and frontcourt) within each of the three voting groups. Each player’s score was calculated by averaging his weighted rank from the fan votes, the player votes and the media votes. The two guards and three frontcourt players with the best score in each conference were named NBA All-Star Game starters. 

Each player’s score was weighted based on 50% for fan vote, 25% for players vote and 25% for media vote. The formula to determine a player’s score is (Fan Rank * 2 + Player Rank + Media Rank)/4. 

Click on the links below for the voting results from each position group. 

Eastern Conference Frontcourt 

Eastern Conference Guards 

Western Conference Frontcourt 

Western Conference Guards 

23:29:23 root         DEBUG    Agency_id 30767
23:29:23 root         DEBUG    Article Link: https://pr.nba.com/voting-results-2025-nba-all-star-game-starters/
23:29:23 root         INFO     LEDE: [testlede] month: [Jan.] day: [23]
23:29:23 root         INFO     
ADDING: FILENAME: [testfilename e starters] TITLE: [Voting results: 2025 NBA All-Star Game starters] DATE: [2025-01-23] ID [30767]

23:29:23 root         INFO     Driver opened url https://pr.nba.com/tissot-nba-partnership-expansion/: 0.5 second load started
23:29:24 root         DEBUG    Titles: Tissot expands global multiyear marketing partnerships with NBA, WNBA and NBA G League
23:29:24 root         DEBUG    Dates: 2025-01-23
23:29:24 root         DEBUG    Desc: From left to right: Swiss Timing CEO Alain Zobrist; Tissot CEO Sylvain Dolla; Tissot Ambassador and 2024 WNBA Champion Sabrina Ionescu; newly unveiled Tissot shot clock; current Tissot shot clock; Tissot Ambassador and NBA Legend Tony Parker; NBA Executive Vice President and Head of Basketball Operations Joe Dumars; and NBA President of Global Partnerships Salvatore LaRocca. 

PARIS AND LE LOCLE, SWITZERLAND  – Today, Tissot, the National Basketball Association (NBA), Women’s National Basketball Association (WNBA) and NBA G League announced a multiyear extension of their global marketing partnerships that began in 2015. The expanded collaboration will feature the introduction of a redesigned, state-of-the-art shot clock and timing system, the launch of the new Tissot NBA Supersport 2025 Special Edition watch and will make Tissot the presenting partner of an NBA Global Game in Europe for the next 10 years. 

The announcement was made by Tissot CEO Sylvain Dolla, NBA President of Global Partnerships Salvatore LaRocca and Tissot Ambassadors, NBA legend Tony Parker and 2024 WNBA Champion Sabrina Ionescu, at a demonstration of the new shot clock prior to The NBA Paris Games 2025 presented by Tissot, featuring the Indiana Pacers and the San Antonio Spurs playing two regular-season games at the Accor Arena on Thursday, Jan. 23 and Saturday, Jan. 25. 

“This new shot clock is a testament of our commitment to being an integral part of the game,” said Dolla. “We want to keep contributing to enhancing the fan experience. Through the shot clock and the Official Watch that are perfect synergies between Tissot and the NBA, WNBA and NBA G League, we will speak to the basketball community. Our collaboration goes beyond the court — it’s about inspiring a lifestyle that reflects the passion, energy, and dedication to the game itself.” 

“For the past decade, Tissot has been a valued partner of the NBA, WNBA and NBA G League because of its commitment to innovation, precision and creativity,” said LaRocca. “We look forward to furthering our mutual commitment to those principles, starting with the unveiling of the redesigned Tissot shot clock that will make it easier for players and fans to follow the game.” 

The global marketing partnership extension will come to life across marquee NBA events, including the Emirates NBA Cup, NBA All-Star, NBA Draft presented by State Farm®, NBA 2K Summer League and NBA Global Games. The renewal also represents Tissot’s continued investment in the WNBA and women’s sports, following the introduction of the Tissot Seastar Wilson® WNBA watches prior to the 2024 WNBA season as well as the brand’s continued collaboration with Tissot Ambassador and 2024 WNBA Champion Sabrina Ionescu. 

A New Era of the NBA and WNBA Tissot Shot Clock 

The redesigned shot clock is equipped with advanced technology and a distinctive round design inspired by Tissot’s watchmaking heritage. While it bears a round shape, its digits are the same size and colors as on the previous shot clock, maintaining the same feel and consistency. 

Setting it apart from the previous version is the full RGB LED light strips feature, which will allow the redesigned shot clock to illuminate with any color rather than just the standard red/amber used in the prior iteration. The advanced technology will introduce new game presentation and basketball operations capabilities, including the integration of the green coaches’ challenge signal into the system. From a performance standpoint, the user interface has been improved to allow for more streamlined operation, which will enhance the speed and accuracy of the staff who run the system each game. Other system upgrades include a modernized signaling distribution system that will enable advanced functionality and monitoring tools. 

With a streamlined 20% lighter aluminum frame, the new shot clock offers easier installation and handling. The modular design simplifies on-site maintenance, hardware replacements and future upgrades to match the evolution of the game. The new shot clocks will be rolled out in arenas, beginning with the 2025-26 NBA season and the 2026 WNBA season. 

Introducing the Tissot Supersport NBA Special Edition 2025 Watch 

Complementing the new shot clock and building on the success of the 2022 NBA Strap Collection, the Swiss watchmaker also unveiled the new Tissot Supersport NBA Special Edition 2025 watch today. The watch face displays numbers inspired by uniform numbers, while the second hand features the NBA logo. A textured dial evokes the look of a basketball, and on the back of the case, the NBA logo is surrounded by the cities and states the 30 NBA teams take their names from arranged by conference: Western Conference teams are positioned on the left while Eastern Conference teams are on the right. The watch will be available for purchase exclusively in Tissot Boutiques in France and US and online at  Official Website | Tissot® Official Website  as of Jan. 23 and rolled out as of March worldwide. 

Tissot Seastar Wilson WNBA Watches 

Tissot, Wilson and the WNBA launched two new limited-edition watches prior to the 2024 WNBA season, which marked the first official watches in league history. The creation of the two new 40mm Tissot Seastar Wilson® WNBA watches highlight the Swiss watchmaking and timekeeping expertise of Tissot, Wilson’s innovative and official WNBA basketball, as well as the cultural influence of the WNBA. Additional details on the watch can be found  here  . 

About Tissot   
Tissot, watchmakers blending tradition and pioneering spirit since 1853. Nestled in the Swiss mountains of Le Locle, Tissot crafts watches that become the storytellers of life’s voyage: it’s not just the destination that matters, but the importance of the path filled with significant milestones and unforgettable memories. The brand’s ambassadors, including American basketball star Damian Lillard, Italian motorcycling sensation Enea Bastianini, Slovenian cyclist Primož Rogli\u010d, and Chinese Actors Liu Yifei and Simon Gong exemplify the hours of dedication preceding one’s excellence. On a broader stage, Tissot also partners with the NBA, MotoGP  TM  , and the Tour de France as their Official Timekeeper. Discover Tissot’s collections: T-Touch, PRX, Chemin des Tourelles. Every Swiss timepiece crafted embodies a fusion of heritage and innovation, and while priced accessibly, stands as an enduring legacy defying the constraints of time. Going beyond watchmaking and timekeeping, Tissot accompanies individuals in every moment, celebrating not only the achievements, but the journey itself. 

Tissotwatches.com  /  press@tissot.ch 

About NBA   
The National Basketball Association (NBA) is a global sports and media organization with the mission to inspire and connect people everywhere through the power of basketball. Built around five professional sports leagues: the NBA, WNBA, NBA G League, NBA 2K League and Basketball Africa League, the NBA has established a major international presence with games and programming available in 214 countries and territories in 60 languages, and merchandise for sale in more than 200 countries and territories on all seven continents. NBA rosters at the start of the 2024-25 season featured a record-tying 125 international players from a record-tying 43 countries. NBA Digital’s assets include NBA TV, NBA.com, the NBA App and NBA League Pass. The NBA has created one of the largest social media communities in the world, with more than 2.3 billion likes and followers globally across all leagues, team and player platforms. NBA Cares, the NBA’s global social responsibility platform, partners with renowned community-based organizations around the world to address important social issues in the areas of education, inclusion, youth and family development, and health and wellness. 

About the WNBA   
Tipping off its 29  th  season in 2025, the WNBA celebrates and elevates the game of basketball and the culture around it. The league was ranked by Morning Consult as the fastest-growing brand in 2024, setting records for engagement on social and digital platforms, attendance, merchandise sales and unique viewers across its television partners. The WNBA’s commitment to diversity, equity and inclusion and social responsibility is supported by the first-of-its-kind WNBA Changemakers Collective, a group of purpose-driven companies that have partnered with the WNBA to enhance the player experience and help drive the league’s business transformation. 

About the NBA G League   
The NBA’s official minor league, the NBA G League prepares players, coaches, officials, training and front-office staff for the NBA while acting as the league’s research and development laboratory. Featuring 31 teams, 30 with direct affiliations to NBA franchises for 2024-25, the league offers elite professional basketball at an affordable price in a fun, family-friendly atmosphere. More than half of all players on end-of-season 2023-24 NBA rosters boasted NBA G League experience. In fostering the league’s connection to the community, its teams, players and staff promote health and wellness, support local needs and interests, and assist in educational development through NBA Cares programs. 

23:29:24 root         DEBUG    Agency_id 30767
23:29:24 root         DEBUG    Article Link: https://pr.nba.com/tissot-nba-partnership-expansion/
23:29:24 root         INFO     LEDE: [testlede] month: [Jan.] day: [23]
23:29:24 root         INFO     
ADDING: FILENAME: [testfilename A G League] TITLE: [Tissot expands global multiyear marketing partnerships with NBA, WNBA and NBA G League] DATE: [2025-01-23] ID [30767]

23:29:24 root         INFO     Driver opened url https://pr.nba.com/bennedict-mathurin-suspended/: 0.5 second load started
23:29:25 root         DEBUG    Titles: Pacers' Bennedict Mathurin suspended
23:29:25 root         DEBUG    Dates: 2025-01-15
23:29:25 root         DEBUG    Desc: NEW YORK  – Indiana Pacers guard Bennedict Mathurin has been suspended one game without pay for making inappropriate contact with and verbally abusing a game official, it was announced today by Joe Dumars, Executive Vice President, Head of Basketball Operations. 

The incident occurred with 3:58 remaining in the fourth quarter of the Pacers’ 127-117 loss to the Cleveland Cavaliers on Jan. 14 at Gainbridge Fieldhouse. 

Mathurin will serve his suspension on Jan. 16 when the Pacers visit the Detroit Pistons. 

23:29:25 root         DEBUG    Agency_id 30767
23:29:25 root         DEBUG    Article Link: https://pr.nba.com/bennedict-mathurin-suspended/
23:29:25 root         INFO     LEDE: [testlede] month: [Jan.] day: [15]
23:29:25 root         INFO     
ADDING: FILENAME: [testfilename  suspended] TITLE: [Pacers' Bennedict Mathurin suspended] DATE: [2025-01-15] ID [30767]

23:29:26 root         INFO     Scrape errors found during run:
23:29:26 root         INFO     []
23:29:26 root         INFO     End of file message
23:29:26 root         INFO     

Load Version 2.0.1 01/20/2025
       Docs Loaded: 5
       URLS processed: 1
       DUPS skipped: 0
       No Ledes found: 0

Passed Parameters:
       Pull House and Senate: False
       Number of days back: 30
       Start Time: 2025-01-27 23:29:11
       End Time: 2025-01-27 23:29:26
       Elapsed Time: 0:00:15
       Character Minimum Amount: 100

Errors:
Docs:
	Loaded:
		30767: Knicks' Jalen Brunson named NBA Cares Bob Lanier Community Assist Award winner for December
		30767: Stephen Curry leads NBA Top-Selling Jersey list for first half of regular season
		30767: Voting results: 2025 NBA All-Star Game starters
		30767: Tissot expands global multiyear marketing partnerships with NBA, WNBA and NBA G League
		30767: Pacers' Bennedict Mathurin suspended
