11:13:15 root         INFO     Skipping 27599
11:13:15 root         INFO     Skipping 30449
11:13:15 root         INFO     Skipping 14315
11:13:15 root         INFO     Skipping 7566
11:13:15 root         INFO     Skipping 804
11:13:15 root         INFO     Skipping 12106
11:13:15 root         INFO     Skipping 8034
11:13:15 root         INFO     Skipping 7901
11:13:15 root         INFO     Skipping 20157
11:13:15 root         INFO     Skipping 6950
11:13:15 root         INFO     Skipping 15026
11:13:15 root         INFO     Skipping 19993
11:13:15 root         INFO     Skipping 21569
11:13:15 root         INFO     Skipping 23030
11:13:15 root         INFO     Skipping 206
11:13:15 root         INFO     Skipping 16046
11:13:15 root         INFO     Skipping 16140
11:13:15 root         INFO     Skipping 16037
11:13:15 root         INFO     Skipping 43
11:13:15 root         INFO     Skipping 225
11:13:15 root         INFO     Skipping 37711
11:13:15 root         INFO     Skipping 34699
11:13:15 root         INFO     Skipping 19021
11:13:15 root         INFO     Skipping 18495
11:13:15 root         INFO     Skipping 222
11:13:15 root         INFO     Skipping 5602
11:13:15 root         INFO     Skipping 16027
11:13:15 root         INFO     Skipping 21499
11:13:15 root         INFO     Skipping 2698
11:13:15 root         INFO     Skipping 27867
11:13:15 root         INFO     Skipping 24224
11:13:15 root         INFO     Skipping 21563
11:13:15 root         INFO     Skipping 24227
11:13:15 root         INFO     Skipping 17224
11:13:15 root         INFO     Skipping 219
11:13:15 root         INFO     Skipping 23814
11:13:15 root         INFO     Skipping 15376
11:13:15 root         INFO     Skipping 19286
11:13:15 root         INFO     Skipping 28048
11:13:15 root         INFO     Skipping 543
11:13:15 root         INFO     Skipping 24233
11:13:15 root         INFO     Skipping 18735
11:13:15 root         INFO     Skipping 1066
11:13:15 root         INFO     Skipping 37680
11:13:15 root         INFO     Skipping 691
11:13:15 root         INFO     Skipping 677
11:13:15 root         INFO     Skipping 20141
11:13:15 root         INFO     Skipping 36151
11:13:15 root         INFO     Skipping 20319
11:13:15 root         INFO     Skipping 12400
11:13:15 root         INFO     Skipping 127
11:13:15 root         INFO     Skipping 20792
11:13:15 root         INFO     Skipping 17104
11:13:15 root         INFO     Skipping 24344
11:13:15 root         INFO     Skipping 19546
11:13:15 root         INFO     Skipping 15565
11:13:15 root         INFO     Skipping 13359
11:13:15 root         INFO     Skipping 17922
11:13:15 root         INFO     Skipping 22481
11:13:15 root         INFO     Skipping 20138
11:13:15 root         INFO     Skipping 119
11:13:15 root         INFO     Skipping 24
11:13:15 root         INFO     Skipping 21188
11:13:15 root         INFO     Skipping 3016
11:13:15 root         INFO     Skipping 21525
11:13:15 root         INFO     Skipping 37694
11:13:15 root         INFO     Skipping 18710
11:13:15 root         INFO     Skipping 29332
11:13:15 root         INFO     Skipping 23100
11:13:15 root         INFO     Skipping 37725
11:13:15 root         INFO     Skipping 15633
11:13:15 root         INFO     Skipping 948
11:13:15 root         INFO     Skipping 30993
11:13:15 root         INFO     Skipping 22221
11:13:15 root         INFO     Skipping 22654
11:13:15 root         INFO     Skipping 35809
11:13:15 root         INFO     Skipping 35576
11:13:15 root         INFO     Skipping 37408
11:13:15 root         INFO     Skipping 7844
11:13:15 root         INFO     Skipping 169
11:13:15 root         INFO     Skipping 20
11:13:15 root         INFO     Skipping 8022
11:13:15 root         INFO     Skipping 8032
11:13:15 root         INFO     Skipping 20605
11:13:15 root         INFO     Skipping 7838
11:13:15 root         INFO     Skipping 21497
11:13:15 root         INFO     Skipping 35572
11:13:15 root         INFO     Skipping 30425
11:13:15 root         INFO     Skipping 35517
11:13:15 root         INFO     Skipping 35524
11:13:15 root         INFO     Skipping 21522
11:13:15 root         INFO     Skipping 1325
11:13:15 root         INFO     Skipping 1079
11:13:15 root         INFO     Skipping 6973
11:13:15 root         INFO     Skipping 37495
11:13:15 root         INFO     Skipping 30405
11:13:15 root         INFO     Skipping 18767
11:13:15 root         INFO     Skipping 21521
11:13:15 root         INFO     Skipping 921
11:13:15 root         INFO     Skipping 27602
11:13:15 root         INFO     Skipping 21335
11:13:15 root         INFO     Skipping 30444
11:13:15 root         INFO     Skipping 1363
11:13:15 root         INFO     Skipping 9488
11:13:15 root         INFO     Skipping 24230
11:13:15 root         INFO     Skipping 2696
11:13:15 root         INFO     Skipping 37705
11:13:15 root         INFO     Skipping 33752
11:13:15 root         INFO     Skipping 37731
11:13:15 root         INFO     Skipping 37740
11:13:15 root         INFO     Skipping 9427
11:13:15 root         INFO     Skipping 19880
11:13:15 root         INFO     Skipping 632
11:13:15 root         INFO     Skipping 135
11:13:15 root         INFO     Skipping 39007
11:13:15 root         INFO     Skipping 551
11:13:15 root         INFO     Skipping 37304
11:13:15 root         INFO     Skipping 20115
11:13:15 root         INFO     Skipping 13362
11:13:15 root         INFO     Skipping 7333
11:13:15 root         INFO     Skipping 21423
11:13:15 root         INFO     Skipping 17653
11:13:15 root         INFO     Skipping 21152
11:13:15 root         INFO     Skipping 16031
11:13:15 root         INFO     Skipping 27074
11:13:15 root         INFO     Skipping 255
11:13:15 root         INFO     Skipping 431
11:13:15 root         INFO     Skipping 19290
11:13:15 root         INFO     Skipping 33954
11:13:15 root         INFO     Skipping 22921
11:13:15 root         INFO     Skipping 26556
11:13:15 root         INFO     Skipping 167
11:13:15 root         INFO     Skipping 15884
11:13:15 root         INFO     Skipping 30382
11:13:15 root         INFO     Skipping 30450
11:13:15 root         INFO     Skipping 27626
11:13:15 root         INFO     Skipping 37748
11:13:15 root         INFO     Skipping 715
11:13:15 root         INFO     Skipping 18734
11:13:15 root         INFO     Skipping 9485
11:13:15 root         INFO     Skipping 24231
11:13:15 root         INFO     Skipping 6221
11:13:15 root         INFO     Skipping 15392
11:13:15 root         INFO     Skipping 14466
11:13:15 root         INFO     Skipping 15025
11:13:15 root         INFO     Skipping 19760
11:13:15 root         INFO     Skipping 37095
11:13:15 root         INFO     Skipping 122
11:13:15 root         INFO     Skipping 113
11:13:15 root         INFO     Skipping 13863
11:13:15 root         INFO     Skipping 7355
11:13:15 root         INFO     Skipping 8042
11:13:15 root         INFO     Skipping 23802
11:13:15 root         INFO     Skipping 282
11:13:15 root         INFO     Skipping 7316
11:13:15 root         INFO     Skipping 16040
11:13:15 root         INFO     Skipping 7922
11:13:15 root         INFO     Skipping 16041
11:13:15 root         INFO     Skipping 28101
11:13:15 root         INFO     Skipping 3410
11:13:15 root         INFO     Skipping 7121
11:13:15 root         INFO     Skipping 17116
11:13:15 root         INFO     Skipping 20034
11:13:15 root         INFO     Skipping 6918
11:13:15 root         INFO     Skipping 22037
11:13:15 root         INFO     Skipping 14373
11:13:15 root         INFO     Skipping 13794
11:13:15 root         INFO     Skipping 13964
11:13:15 root         INFO     Skipping 6930
11:13:15 root         INFO     Skipping 19978
11:13:15 root         INFO     Skipping 14069
11:13:15 root         INFO     Skipping 14111
11:13:15 root         INFO     Skipping 6931
11:13:15 root         INFO     Skipping 14021
11:13:15 root         INFO     Skipping 37180
11:13:15 root         INFO     Skipping 35130
11:13:15 root         INFO     Skipping 19684
11:13:15 root         INFO     Skipping 28292
11:13:15 root         INFO     Skipping 30335
11:13:15 root         INFO     Skipping 14867
11:13:15 root         INFO     Skipping 23669
11:13:15 root         INFO     Skipping 6793
11:13:15 root         INFO     Skipping 15440
11:13:15 root         INFO     Skipping 23588
11:13:15 root         INFO     Skipping 10156
11:13:15 root         INFO     Skipping 30046
11:13:15 root         INFO     Skipping 39476
11:13:15 root         INFO     Skipping 37727
11:13:15 root         INFO     Skipping 33096
11:13:15 root         INFO     Skipping 32423
11:13:15 root         INFO     Skipping 30658
11:13:15 root         INFO     Skipping 18394
11:13:15 root         INFO     Skipping 19870
11:13:15 root         INFO     Skipping 15962
11:13:15 root         INFO     Skipping 702
11:13:15 root         INFO     Skipping 39478
11:13:15 root         INFO     Skipping 30435
11:13:15 root         INFO     Skipping 9445
11:13:15 root         INFO     Skipping 24173
11:13:15 root         INFO     Skipping 35554
11:13:15 root         INFO     Skipping 18733
11:13:15 root         INFO     Skipping 3962
11:13:15 root         INFO     Skipping 26659
11:13:15 root         INFO     Skipping 32135
11:13:15 root         INFO     Skipping 27843
11:13:15 root         INFO     Skipping 17658
11:13:15 root         INFO     Skipping 27186
11:13:15 root         INFO     Skipping 6922
11:13:15 root         INFO     Skipping 7317
11:13:15 root         INFO     Skipping 37607
11:13:15 root         INFO     Skipping 19748
11:13:15 root         INFO     Skipping 14979
11:13:15 root         INFO     Skipping 28256
11:13:15 root         INFO     Skipping 15000
11:13:15 root         INFO     Skipping 15725
11:13:15 root         INFO     Skipping 21561
11:13:15 root         INFO     Skipping 23098
11:13:15 root         INFO     Skipping 24231
11:13:15 root         INFO     Skipping 30469
11:13:15 root         INFO     Skipping 37819
11:13:15 root         INFO     Skipping 27605
11:13:15 root         INFO     Skipping 24799
11:13:15 root         INFO     Skipping 35571
11:13:15 root         INFO     Skipping 18750
11:13:15 root         INFO     Skipping 21564
11:13:15 root         INFO     Skipping 695
11:13:15 root         INFO     Skipping 619
11:13:15 root         INFO     Skipping 21566
11:13:15 root         INFO     Skipping 18746
11:13:15 root         INFO     Skipping 30470
11:13:15 root         INFO     Skipping 37747
11:13:15 root         INFO     Skipping 35726
11:13:15 root         INFO     Skipping 35708
11:13:15 root         INFO     Skipping 35705
11:13:15 root         INFO     Skipping 35727
11:13:15 root         INFO     Skipping 37743
11:13:15 root         INFO     Skipping 24229
11:13:15 root         INFO     Skipping 37748
11:13:15 root         INFO     Skipping 19879
11:13:15 root         INFO     Skipping 717
11:13:15 root         INFO     Skipping 35728
11:13:15 root         INFO     Skipping 37820
11:13:15 root         INFO     Skipping 30473
11:13:15 root         INFO     Skipping 37744
11:13:15 root         INFO     Skipping 28313
11:13:15 root         INFO     Skipping 37749
11:13:15 root         INFO     Skipping 15948
11:13:15 root         INFO     Skipping 35707
11:13:15 root         INFO     Skipping 35706
11:13:15 root         INFO     Skipping 35704
11:13:15 root         INFO     Skipping 18740
11:13:15 root         INFO     Skipping 18736
11:13:15 root         INFO     Skipping 183
11:13:15 root         INFO     Skipping 7887
11:13:15 root         INFO     Skipping 15551
11:13:15 root         INFO     Skipping 35562
11:13:15 root         INFO     Skipping 9423
11:13:15 root         INFO     Skipping 1519
11:13:15 root         INFO     Skipping 35489
11:13:15 root         INFO     Skipping 20880
11:13:15 root         INFO     Skipping 37235
11:13:15 root         INFO     Skipping 15882
11:13:15 root         INFO     Skipping 1169
11:13:15 root         INFO     Skipping 9463
11:13:15 root         INFO     Skipping 37685
11:13:15 root         INFO     Skipping 809
11:13:15 root         INFO     Skipping 9421
11:13:15 root         INFO     Skipping 30397
11:13:15 root         INFO     Skipping 37735
11:13:15 root         INFO     Skipping 30394
11:13:15 root         INFO     Skipping 30448
11:13:15 root         INFO     Skipping 27614
11:13:15 root         INFO     Skipping 35527
11:13:15 root         INFO     Skipping 37416
11:13:15 root         INFO     Skipping 37709
11:13:15 root         INFO     Skipping 27649
11:13:15 root         INFO     Skipping 35546
11:13:15 root         INFO     Skipping 1098
11:13:15 root         INFO     Skipping 21488
11:13:15 root         INFO     Skipping 37674
11:13:15 root         INFO     Skipping 37706
11:13:15 root         INFO     Skipping 37713
11:13:15 root         INFO     Skipping 918
11:13:15 root         INFO     Skipping 24210
11:13:15 root         INFO     Skipping 37728
11:13:15 root         INFO     Skipping 35555
11:13:15 root         INFO     Skipping 35556
11:13:15 root         INFO     Skipping 892
11:13:15 root         INFO     Skipping 38045
11:13:15 root         INFO     Skipping 829
11:13:15 root         INFO     Skipping 30468
11:13:15 root         INFO     Skipping 24186
11:13:15 root         INFO     Skipping 24194
11:13:15 root         INFO     Skipping 37693
11:13:15 root         INFO     Skipping 30429
11:13:15 root         INFO     Skipping 1249
11:13:15 root         INFO     Skipping 30434
11:13:15 root         INFO     Skipping 24199
11:13:15 root         INFO     Skipping 37688
11:13:15 root         INFO     Skipping 23853
11:13:15 root         INFO     Skipping 30456
11:13:15 root         INFO     Skipping 1036
11:13:15 root         INFO     Skipping 30436
11:13:15 root         INFO     Skipping 37690
11:13:15 root         INFO     Skipping 36428
11:13:15 root         INFO     Skipping 37721
11:13:15 root         INFO     Skipping 27646
11:13:15 root         INFO     Skipping 24187
11:13:15 root         INFO     Skipping 35551
11:13:15 root         INFO     Skipping 925
11:13:15 root         INFO     Skipping 21570
11:13:15 root         INFO     Skipping 21536
11:13:15 root         INFO     Skipping 604
11:13:15 root         INFO     Skipping 21562
11:13:15 root         INFO     Skipping 21572
11:13:15 root         INFO     Skipping 17884
11:13:15 root         INFO     Skipping 235
11:13:15 root         INFO     Skipping 2909
11:13:15 root         INFO     Skipping 21487
11:13:15 root         INFO     Skipping 27644
11:13:15 root         INFO     Skipping 37722
11:13:15 root         INFO     Skipping 24175
11:13:15 root         INFO     Skipping 27637
11:13:15 root         INFO     Skipping 9424
11:13:15 root         INFO     Skipping 24181
11:13:15 root         INFO     Skipping 37676
11:13:15 root         INFO     Skipping 15912
11:13:15 root         INFO     Skipping 1004
11:13:15 root         INFO     Skipping 15922
11:13:15 root         INFO     Skipping 21523
11:13:15 root         INFO     Skipping 14489
11:13:15 root         INFO     Skipping 18756
11:13:15 root         INFO     Skipping 23549
11:13:15 root         INFO     Skipping 30414
11:13:15 root         INFO     Skipping 2505
11:13:15 root         INFO     Skipping 28735
11:13:15 root         INFO     Skipping 599
11:13:15 root         INFO     Skipping 24124
11:13:15 root         INFO     Skipping 24218
11:13:15 root         INFO     Skipping 19874
11:13:15 root         INFO     Skipping 2175
11:13:15 root         INFO     Skipping 21467
11:13:15 root         INFO     Skipping 30525
11:13:15 root         INFO     Skipping 24176
11:13:15 root         INFO     Skipping 15949
11:13:15 root         INFO     Skipping 27630
11:13:15 root         INFO     Skipping 27632
11:13:15 root         INFO     Skipping 606
11:13:15 root         INFO     Skipping 27629
11:13:15 root         INFO     Skipping 24228
11:13:15 root         INFO     Skipping 562
11:13:15 root         INFO     Skipping 21633
11:13:15 root         INFO     Skipping 24225
11:13:15 root         INFO     Skipping 18725
11:13:15 root         INFO     Skipping 21567
11:13:15 root         INFO     Skipping 27628
11:13:15 root         INFO     Skipping 12921
11:13:15 root         INFO     Skipping 47
11:13:15 root         INFO     Skipping 8101
11:13:15 root         INFO     Skipping 27936
11:13:15 root         INFO     Skipping 23089
11:13:15 root         INFO     Skipping 15911
11:13:15 root         INFO     Skipping 30472
11:13:15 root         INFO     Skipping 35703
11:13:15 root         INFO     Skipping 30475
11:13:15 root         INFO     Skipping 18739
11:13:15 root         INFO     Skipping 30378
11:13:15 root         INFO     Skipping 21
11:13:15 root         INFO     Skipping 32904
11:13:15 root         INFO     Skipping 24169
11:13:15 root         INFO     Skipping 27616
11:13:15 root         INFO     Skipping 546
11:13:15 root         INFO     Skipping 125
11:13:15 root         INFO     Skipping 432
11:13:15 root         INFO     Skipping 23572
11:13:15 root         INFO     Skipping 1
11:13:15 root         INFO     Skipping 10
11:13:15 root         INFO     Skipping 72
11:13:15 root         INFO     Skipping 106
11:13:15 root         INFO     Skipping 804
11:13:15 root         INFO     Skipping 697
11:13:15 root         INFO     Skipping 166
11:13:15 root         INFO     Skipping 37667
11:13:15 root         INFO     Skipping 24234
11:13:15 root         INFO     Skipping 34781
11:13:15 root         INFO     Skipping 44
11:13:15 root         INFO     Skipping 2434
11:13:15 root         INFO     Skipping 7307
11:13:15 root         INFO     Skipping 7280
11:13:15 root         INFO     Skipping 14197
11:13:15 root         INFO     Skipping 6929
11:13:15 root         INFO     Skipping 24223
11:13:15 root         INFO     Skipping 30412
11:13:15 root         INFO     Skipping 21230
11:13:15 root         INFO     Skipping 7124
11:13:15 root         INFO     Skipping 7516
11:13:15 root         INFO     Skipping 9231
11:13:15 root         INFO     Skipping 13222
11:13:15 root         INFO     Skipping 24928
11:13:15 root         INFO     Skipping 14466
11:13:15 root         INFO     Skipping 19685
11:13:15 root         INFO     Skipping 14008
11:13:15 root         INFO     Skipping 20480
11:13:15 root         INFO     Skipping 7126
11:13:15 root         INFO     Skipping 15792
11:13:15 root         INFO     Skipping 27571
11:13:15 root         INFO     Skipping 19109
11:13:15 root         INFO     Skipping 14066
11:13:15 root         INFO     Skipping 7103
11:13:15 root         INFO     Skipping 13479
11:13:15 root         INFO     Skipping 13475
11:13:15 root         INFO     Skipping 24237
11:13:15 root         INFO     Skipping 28365
11:13:15 root         INFO     Skipping 7118
11:13:15 root         INFO     Skipping 19909
11:13:15 root         INFO     Skipping 13664
11:13:15 root         INFO     Skipping 13467
11:13:15 root         INFO     Skipping 18743
11:13:15 root         INFO     Skipping 19881
11:13:15 root         INFO     Skipping 6970
11:13:15 root         INFO     Skipping 7286
11:13:15 root         INFO     Skipping 14047
11:13:15 root         INFO     Skipping 35569
11:13:15 root         INFO     Skipping 37741
11:13:15 root         INFO     Skipping 37697
11:13:15 root         INFO     Skipping 1453
11:13:15 root         INFO     Skipping 18818
11:13:15 root         INFO     Skipping 37745
11:13:15 root         INFO     Skipping 18836
11:13:15 root         INFO     Skipping 37441
11:13:15 root         INFO     Skipping 24207
11:13:15 root         INFO     Skipping 1483
11:13:15 root         INFO     Skipping 30395
11:13:15 root         INFO     Skipping 30432
11:13:15 root         INFO     Skipping 36969
11:13:15 root         INFO     Skipping 21533
11:13:15 root         INFO     Skipping 1352
11:13:15 root         INFO     Skipping 30390
11:13:15 root         INFO     Skipping 1149
11:13:15 root         INFO     Skipping 24202
11:13:15 root         INFO     Skipping 30389
11:13:15 root         INFO     Skipping 15891
11:13:15 root         INFO     Skipping 14488
11:13:15 root         INFO     Skipping 30528
11:13:15 root         INFO     Skipping 27597
11:13:15 root         INFO     Skipping 37737
11:13:15 root         INFO     Skipping 1557
11:13:15 root         INFO     Skipping 27609
11:13:15 root         INFO     Skipping 900
11:13:15 root         INFO     Skipping 21527
11:13:15 root         INFO     Skipping 1479
11:13:15 root         INFO     Skipping 30387
11:13:15 root         INFO     Skipping 980
11:13:15 root         INFO     Skipping 37703
11:13:15 root         INFO     Skipping 15304
11:13:15 root         INFO     Skipping 128
11:13:15 root         INFO     Skipping 14781
11:13:15 root         INFO     Skipping 15528
11:13:15 root         INFO     Skipping 25120
11:13:15 root         INFO     Skipping 33803
11:13:15 root         INFO     Skipping 20476
11:13:15 root         INFO     Skipping 27502
11:13:15 root         INFO     Skipping 13456
11:13:15 root         INFO     Skipping 27390
11:13:15 root         INFO     Skipping 15813
11:13:15 root         INFO     Skipping 7320
11:13:15 root         INFO     Skipping 20668
11:13:15 root         INFO     Skipping 38937
11:13:15 root         INFO     Skipping 37417
11:13:15 root         INFO     Skipping 13038
11:13:15 root         INFO     Skipping 6932
11:13:15 root         INFO     Skipping 14978
11:13:15 root         INFO     Skipping 17045
11:13:15 root         INFO     Skipping 22385
11:13:15 root         INFO     Skipping 7853
11:13:15 root         INFO     Skipping 14026
11:13:15 root         INFO     Skipping 14923
11:13:15 root         INFO     Skipping 7288
11:13:15 root         INFO     Skipping 7538
11:13:15 root         INFO     Skipping 13451
11:13:15 root         INFO     Skipping 25009
11:13:15 root         INFO     Skipping 9452
11:13:15 root         INFO     Skipping 20118
11:13:15 root         INFO     Skipping 20475
11:13:15 root         INFO     Skipping 14602
11:13:15 root         INFO     Skipping 7291
11:13:15 root         INFO     Skipping 13457
11:13:15 root         INFO     Skipping 7345
11:13:15 root         INFO     Skipping 35752
11:13:15 root         INFO     Skipping 31489
11:13:15 root         INFO     Skipping 15674
11:13:15 root         INFO     Skipping 31189
11:13:15 root         INFO     Skipping 21
11:13:15 root         INFO     Skipping 247
11:13:15 root         INFO     Skipping 20084
11:13:15 root         INFO     Skipping 16020
11:13:15 root         INFO     Skipping 2009
11:13:15 root         INFO     Skipping 1773
11:13:15 root         INFO     Skipping 7337
11:13:15 root         INFO     Skipping 14910
11:13:15 root         INFO     Skipping 7339
11:13:15 root         INFO     Skipping 24976
11:13:15 root         INFO     Skipping 30360
11:13:15 root         INFO     Skipping 24315
11:13:15 root         INFO     Skipping 30361
11:13:15 root         INFO     Skipping 30358
11:13:15 root         INFO     Skipping 37191
11:13:15 root         INFO     Skipping 3129
11:13:15 root         INFO     Skipping 3052
11:13:15 root         INFO     Skipping 37932
11:13:15 root         INFO     Skipping 3125
11:13:15 root         INFO     Skipping 3109
11:13:15 root         INFO     Skipping 20056
11:13:15 root         INFO     Skipping 37778
11:13:15 root         INFO     Skipping 35587
11:13:15 root         INFO     Skipping 28452
11:13:15 root         INFO     Skipping 3320
11:13:15 root         INFO     Skipping 30367
11:13:15 root         INFO     Skipping 3048
11:13:15 root         INFO     Skipping 27750
11:13:15 root         INFO     Skipping 3072
11:13:15 root         INFO     Skipping 38049
11:13:15 root         INFO     Skipping 30366
11:13:15 root         INFO     Skipping 30368
11:13:15 root         INFO     Skipping 27956
11:13:15 root         INFO     Skipping 15709
11:13:15 root         INFO     Skipping 38047
11:13:15 root         INFO     Skipping 3137
11:13:15 root         INFO     Skipping 3085
11:13:15 root         INFO     Skipping 2042
11:13:15 root         INFO     Skipping 30374
11:13:15 root         INFO     Skipping 3064
11:13:15 root         INFO     Skipping 3286
11:13:15 root         INFO     Skipping 30362
11:13:15 root         INFO     Skipping 3309
11:13:15 root         INFO     Skipping 37826
11:13:15 root         INFO     Skipping 4972
11:13:15 root         INFO     Skipping 15790
11:13:15 root         INFO     Skipping 18747
11:13:15 root         INFO     Skipping 22401
11:13:15 root         INFO     Skipping 18711
11:13:15 root         INFO     Skipping 3123
11:13:15 root         INFO     Skipping 3296
11:13:15 root         INFO     Skipping 164
11:13:15 root         INFO     Skipping 30617
11:13:15 root         INFO     Skipping 19614
11:13:15 root         INFO     Skipping 23295
11:13:15 root         INFO     Skipping 35818
11:13:15 root         INFO     Skipping 7531
11:13:15 root         INFO     Skipping 19559
11:13:15 root         INFO     Skipping 26784
11:13:15 root         INFO     Skipping 25775
11:13:15 root         INFO     Skipping 27321
11:13:15 root         INFO     Skipping 7234
11:13:15 root         INFO     Skipping 6914
11:13:15 root         INFO     Skipping 18113
11:13:15 root         INFO     Skipping 39880
11:13:15 root         INFO     Skipping 22565
11:13:15 root         INFO     Skipping 27877
11:13:15 root         INFO     Skipping 23176
11:13:16 root         INFO     Driver opened url https://www.semiconductors.org/category/press-releases/: 0.5 second load started
11:13:17 root         INFO     Driver opened url https://www.semiconductors.org/sia-applauds-chips-act-incentives-for-infinera-corning-edwards-vacuum-and-globalfoundries/: 0.5 second load started
11:13:17 root         DEBUG    Titles: SIA Applauds CHIPS Act Incentives for Infinera, Corning, Edwards Vacuum, and GlobalFoundries
11:13:17 root         DEBUG    Dates: 2025-01-17
11:13:17 root         DEBUG    Desc: Friday, Jan 17, 2025, 2:00pm 

by  Semiconductor Industry Association 

* * *

WASHINGTON—Jan. 17, 2025—The Semiconductor Industry Association (SIA) today released the following statement from SIA President and CEO John Neuffer commending a series of CHIPS and Science Act agreements announced by the U.S. Department of Commerce, which will support: 

  * Construction of a new fab in California and a new advanced packaging and test facility in Pennsylvania for Infinera; 
  * Expansion of Corning’s High Purity Fused Silica and EXTREME ULE Glass manufacturing facility in New York; 
  * Construction of a new state-of-the-art dry vacuum pump manufacturing facility in New York for Edwards Vacuum, and 
  * Expansion of GlobalFoundries’ New York facilities to enable fully integrated wafer manufacturing and advanced packaging. 



“We congratulate Infinera, Corning, Edwards Vacuum, and GlobalFoundries for today’s announced agreements, which address key gaps in a wide swath of the U.S. semiconductor supply chain and grow our domestic production capabilities and resilience. These projects will help the U.S. expand our share of global semiconductor manufacturing, promote American technology leadership, and safeguard our economic and national security. 

“A globally competitive U.S. semiconductor industry will allow us to contest global challenges, boost our economy, enhance national security, and lead the technology race of the 21st century. As we look to the future, it will be crucial to support the semiconductor industry with smart government policies that enable us to run faster here at home and abroad. We welcome the opportunity to continue to work with government leaders in the years ahead to achieve our shared goals and rise to the great challenges of our time.” 

The CHIPS Act is on track to strengthen American manufacturing, create jobs, boost economic growth, and promote national security. The CHIPS Act’s manufacturing incentives have sparked substantial announced investments in the U.S. In fact, companies in the semiconductor ecosystem have announced  90 new projects  across 28 U.S. states—totaling hundreds of billions of dollars in private investments—since the CHIPS Act was introduced and the legislation was authorized during the first Trump administration. These announced projects will create more than 58,000 jobs in the semiconductor ecosystem and support hundreds of thousands of additional U.S. jobs throughout the U.S. economy. 

An SIA-Boston Consulting Group report  released  last May projected the United States will triple its domestic semiconductor manufacturing capacity from 2022—when CHIPS was enacted—to 2032. The projected 203% growth is the largest projected percent increase in the world over that time. The report also projected America will capture over one-quarter (28%) of total global capital expenditures (capex) from 2024-2032. 

The U.S. Department of Commerce previously announced  incentives  for a range of companies and projects that will help strengthen the U.S. semiconductor supply chain. 

# # # 

######  Media Contact   
Dylan Peterson   
Semiconductor Industry Association   
812-679-8952   
dpeterson@semiconductors.org 

######  About SIA    
The Semiconductor Industry Association (SIA) is the voice of the semiconductor industry, one of America’s top export industries and a key driver of America’s economic strength, national security, and global competitiveness. SIA represents 99% of the U.S. semiconductor industry by revenue and nearly two-thirds of non-U.S. chip firms. Through this coalition, SIA seeks to strengthen leadership of semiconductor manufacturing, design, and research by working with Congress, the Administration, and key industry stakeholders around the world to encourage policies that fuel innovation, propel business, and drive international competition. Learn more at  www.semiconductors.org  . 

11:13:17 root         DEBUG    Agency_id 20510
11:13:17 root         DEBUG    Article Link: https://www.semiconductors.org/sia-applauds-chips-act-incentives-for-infinera-corning-edwards-vacuum-and-globalfoundries/
11:13:17 root         INFO     LEDE: [testlede] month: [Jan.] day: [17]
11:13:17 root         INFO     
ADDING: FILENAME: [testfilename lFoundries] TITLE: [SIA Applauds CHIPS Act Incentives for Infinera, Corning, Edwards Vacuum, and GlobalFoundries] DATE: [2025-01-17] ID [20510]

11:13:17 root         INFO     Driver opened url https://www.semiconductors.org/sia-applauds-chips-act-incentives-for-analog-devices-coherent/: 0.5 second load started
11:13:18 root         DEBUG    Titles: SIA Applauds CHIPS Act Incentives for Analog Devices, Coherent
11:13:18 root         DEBUG    Dates: 2025-01-16
11:13:18 root         DEBUG    Desc: Thursday, Jan 16, 2025, 10:45am 

by  Semiconductor Industry Association 

* * *

WASHINGTON—Jan. 16, 2025—The Semiconductor Industry Association (SIA) today released the following statement from SIA President and CEO John Neuffer commending CHIPS and Science Act incentives announced by the U.S. Department of Commerce and SIA members Analog Devices, Inc. (ADI) and Coherent. The incentives will support the expansion and modernization of ADI’s advanced R&D facility and manufacturing facilities in Massachusetts, the expansion and modernization of ADI’s fabrication facilities in Oregon and Washington, as well as the expansion of Coherent’s wafer production facility in Pennsylvania. 

“Today’s announcements are a big win for American supply chain security, manufacturing, and economic strength. Domestic semiconductor packaging and test capabilities,  mature node manufacturing, and robust wafer production are vital to the resilience of the U.S. semiconductor supply chain. Today’s announced investments will create jobs, boost U.S. innovation, and protect our national and economic security. We applaud ADI and Coherent for investing boldly in the American semiconductor ecosystem and commend the U.S. Department of Commerce for continuing to advance critical CHIPS Act incentives.” 

The CHIPS Act is on track to strengthen American manufacturing, create jobs, boost economic growth, and promote national security. The CHIPS Act’s manufacturing incentives have sparked substantial announced investments in the U.S. In fact, companies in the semiconductor ecosystem have announced  90 new projects  across 28 U.S. states—totaling hundreds of billions of dollars in private investments—since the CHIPS Act was introduced. These announced projects will create more than 58,000 jobs in the semiconductor ecosystem and support hundreds of thousands of additional U.S. jobs throughout the U.S. economy. 

An SIA-Boston Consulting Group report  released  last May projected the United States will triple its domestic semiconductor manufacturing capacity from 2022—when CHIPS was enacted—to 2032. The projected 203% growth is the largest projected percent increase in the world over that time. The report also projected America will capture over one-quarter (28%) of total global capital expenditures (capex) from 2024-2032. 

The U.S. Department of Commerce previously announced  incentives  for a range of companies and projects that will help strengthen the U.S. semiconductor supply chain. 

# # # 

######  Media Contact   
Dan Rosso   
Semiconductor Industry Association   
240-305-4738   
drosso@semiconductors.org 

######  About SIA    
The Semiconductor Industry Association (SIA) is the voice of the semiconductor industry, one of America’s top export industries and a key driver of America’s economic strength, national security, and global competitiveness. SIA represents 99% of the U.S. semiconductor industry by revenue and nearly two-thirds of non-U.S. chip firms. Through this coalition, SIA seeks to strengthen leadership of semiconductor manufacturing, design, and research by working with Congress, the Administration, and key industry stakeholders around the world to encourage policies that fuel innovation, propel business, and drive international competition. Learn more at  www.semiconductors.org  . 

11:13:18 root         DEBUG    Agency_id 20510
11:13:18 root         DEBUG    Article Link: https://www.semiconductors.org/sia-applauds-chips-act-incentives-for-analog-devices-coherent/
11:13:18 root         INFO     LEDE: [testlede] month: [Jan.] day: [16]
11:13:18 root         INFO     
ADDING: FILENAME: [testfilename , Coherent] TITLE: [SIA Applauds CHIPS Act Incentives for Analog Devices, Coherent] DATE: [2025-01-16] ID [20510]

11:13:18 root         INFO     Driver opened url https://www.semiconductors.org/sia-releases-policy-recommendations-for-trump-vance-administration-and-119th-congress/: 0.5 second load started
11:13:19 root         DEBUG    Titles: SIA Releases Policy Recommendations for Trump-Vance Administration and 119th Congress
11:13:19 root         DEBUG    Dates: 2025-01-14
11:13:19 root         DEBUG    Desc: Tuesday, Jan 14, 2025, 5:00am 

* * *

WASHINGTON—Jan. 14, 2025—The Semiconductor Industry Association (SIA) today released a  policy agenda  setting forth the U.S. semiconductor industry’s policy priorities and suggested areas for collaboration with the Trump-Vance administration and the 119  th  Congress. 

The policy agenda, titled “  Winning the Chip Race  ,” provides government leaders with actionable policy goals to position the U.S. semiconductor industry for success and ensure America’s economic strength, national security, technology leadership, and global competitiveness. 

“To be the world’s economic, technology, and security leader, America must lead the world in semiconductors,” said SIA President and CEO John Neuffer. “It is essential to get in place more government policies that help us run faster at home and abroad, and compete and win in the game-changing technologies of the future. We welcome the opportunity to partner with the new administration and Congress to achieve our shared goals, reinforce America’s semiconductor resurgence, and rise to the great challenges of our time.” 

“Winning the Chip Race” sets forward several key policy priorities: 

  * Semiconductor Manufacturing Incentives and R&D Investments  : Advancing incentives for U.S. chipmaking and investments in American innovation. 
  * Tax  : Ensuring the U.S. remains a competitive tax destination to invest in semiconductor research, design, and manufacturing. 
  * Research:  Supporting existing R&D initiatives and growing federal investment in semiconductor research and basic research across the physical sciences to enable U.S. technology leadership and win technologies of the future. 
  * Workforce and Immigration  : Growing the talent pipeline by developing, attracting, and retaining a high-skilled workforce. 
  * Economic Security – Trade & Supply Chain Resilience:  Restoring U.S. trade leadership, building strong global chip supply chains, and facilitating access to new and growing markets. 
  * National Security – Export Controls & Technology Restrictions  : Ensuring policies are carefully calibrated and targeted, effective, and do not undermine the interests they are designed to protect. 
  * China  : Out-competing, out-innovating, and out-flanking to win the future for U.S. semiconductors. 
  * Environmental & Energy Regulation  : Streamlining regulatory and permitting requirements to promote innovation and industry growth, protecting workers and the environment, and supporting American energy strength domestically and around the world. 



Semiconductors are the brains of modern electronics, enabling advances in medical devices and health care, communications, computing, defense and aerospace, transportation and infrastructure, energy, and technologies of the future such as artificial intelligence, quantum computing, and advanced wireless networks. A globally competitive U.S. semiconductor industry will allow us to tackle global challenges, boost our economy, enhance national security, and lead the technology race of the 21st century. 

SIA stands ready to work with policymakers to adopt a robust policy agenda to advance U.S. semiconductor leadership. 

# # # 

######  Media Contact   
Dan Rosso   
Semiconductor Industry Association   
240-305-4738   
drosso@semiconductors.org 

######  About SIA    
The Semiconductor Industry Association (SIA) is the voice of the semiconductor industry, one of America’s top export industries and a key driver of America’s economic strength, national security, and global competitiveness. SIA represents 99% of the U.S. semiconductor industry by revenue and nearly two-thirds of non-U.S. chip firms. Through this coalition, SIA seeks to strengthen leadership of semiconductor manufacturing, design, and research by working with Congress, the Administration, and key industry stakeholders around the world to encourage policies that fuel innovation, propel business, and drive international competition. Learn more at  www.semiconductors.org  . 

11:13:19 root         DEBUG    Agency_id 20510
11:13:19 root         DEBUG    Article Link: https://www.semiconductors.org/sia-releases-policy-recommendations-for-trump-vance-administration-and-119th-congress/
11:13:19 root         INFO     LEDE: [testlede] month: [Jan.] day: [14]
11:13:19 root         INFO     
ADDING: FILENAME: [testfilename h Congress] TITLE: [SIA Releases Policy Recommendations for Trump-Vance Administration and 119th Congress] DATE: [2025-01-14] ID [20510]

11:13:19 root         INFO     Driver opened url https://www.semiconductors.org/sia-statement-on-biden-administration-action-imposing-new-export-controls-on-ai-chips/: 0.5 second load started
11:13:19 root         DEBUG    Titles: SIA Statement on Biden Administration Action Imposing New Export Controls on AI Chips
11:13:19 root         DEBUG    Dates: 2025-01-13
11:13:19 root         DEBUG    Desc: Monday, Jan 13, 2025, 7:15am 

by  Semiconductor Industry Association 

* * *

WASHINGTON—Jan. 13, 2025—The Semiconductor Industry Association (SIA) today released the following statement from SIA President and CEO John Neuffer regarding the Biden Administration’s decision to publish an interim final rule titled, “Export Control Framework for Artificial Intelligence Diffusion.” This regulatory action imposes global restrictions and onerous licensing requirements on U.S. exports of advanced integrated circuits. Several regulations have already been implemented in recent years to control and restrict access to advanced semiconductors. 

“We’re deeply disappointed that a policy shift of this magnitude and impact is being rushed out the door days before a presidential transition and without any meaningful input from industry. The new rule risks causing unintended and lasting damage to America’s economy and global competitiveness in semiconductors and AI by ceding strategic markets to our competitors. The stakes are high, and the timing is fraught. We stand ready to work with leaders in Washington to chart a path forward that protects national security while allowing us to do what America does best – compete and win globally.” 

# # # 

#####  Media Contact   
Dan Rosso   
Semiconductor Industry Association   
240-305-4738   
drosso@semiconductors.org 

#####  About SIA    
The Semiconductor Industry Association (SIA) is the voice of the semiconductor industry, one of America’s top export industries and a key driver of America’s economic strength, national security, and global competitiveness. SIA represents 99% of the U.S. semiconductor industry by revenue and nearly two-thirds of non-U.S. chip firms. Through this coalition, SIA seeks to strengthen leadership of semiconductor manufacturing, design, and research by working with Congress, the Administration, and key industry stakeholders around the world to encourage policies that fuel innovation, propel business, and drive international competition. Learn more at  www.semiconductors.org  . 

11:13:19 root         DEBUG    Agency_id 20510
11:13:19 root         DEBUG    Article Link: https://www.semiconductors.org/sia-statement-on-biden-administration-action-imposing-new-export-controls-on-ai-chips/
11:13:19 root         INFO     LEDE: [testlede] month: [Jan.] day: [13]
11:13:20 root         INFO     
ADDING: FILENAME: [testfilename n AI Chips] TITLE: [SIA Statement on Biden Administration Action Imposing New Export Controls on AI Chips] DATE: [2025-01-13] ID [20510]

11:13:20 root         INFO     Driver opened url https://www.semiconductors.org/global-semiconductor-sales-increase-20-7-year-to-year-in-november/: 0.5 second load started
11:13:20 root         DEBUG    Titles: Global Semiconductor Sales Increase 20.7% Year-to-Year in November
11:13:20 root         DEBUG    Dates: 2025-01-07
11:13:20 root         DEBUG    Desc: Tuesday, Jan 07, 2025, 4:30pm 

by  Semiconductor Industry Association 

* * *

Sales hit highest-ever monthly total in November; worldwide chip sales increase 1.6% month-to-month 

WASHINGTON—Jan. 7, 2025—The Semiconductor Industry Association (SIA) today announced global semiconductor sales hit $57.8 billion during the month of November 2024, an increase of 20.7% compared to the November 2023 total of $47.9 billion and 1.6% more than the October 2024 total of $56.9 billion. Monthly sales are compiled by the  World Semiconductor Trade Statistics (WSTS) organization  and represent a three-month moving average. SIA represents 99% of the U.S. semiconductor industry by revenue and nearly two-thirds of non-U.S. chip firms. 

“The global semiconductor market continued to grow substantially in November, hitting its highest-ever monthly sales total as month-to-month sales increased for the eighth consecutive month,” said John Neuffer, SIA president and CEO. “Year-to-year sales increased by more than 20% for the fourth consecutive month, driven by a 54.9% year-to-year sales increase into the Americas.” 

Regionally, year-to-year sales were up in the Americas (54.9%), China (12.1%), Asia Pacific/All Other (10.0%), and Japan (7.4%), but down in Europe (-5.7%). Month-to-month sales in May increased in the Americas (4.4%), and Asia Pacific/All Other (1.5%), but were down in China (-0.1%), Europe (-0.7%), and Japan (-0.8%). 

For comprehensive monthly semiconductor sales data and detailed WSTS forecasts, consider purchasing the  WSTS Subscription Package  . For detailed historical information about the global semiconductor industry and market, consider ordering the  SIA Databook  . 

[  November 2024 chart and graph  ] 

### 

######  Media Contact   
Dylan Peterson   
Semiconductor Industry Association   
812-679-8952   
dpeterson@semiconductors.org 

######  About SIA   
The Semiconductor Industry Association (SIA) is the voice of the semiconductor industry, one of America’s top export industries and a key driver of America’s economic strength, national security, and global competitiveness. SIA represents 99% of the U.S. semiconductor industry by revenue and nearly two-thirds of non-U.S. chip firms. Through this coalition, SIA seeks to strengthen leadership of semiconductor manufacturing, design, and research by working with Congress, the Administration, and key industry stakeholders around the world to encourage policies that fuel innovation, propel business, and drive international competition. Learn more at  www.semiconductors.org  . 

######  About WSTS   
World Semiconductor Trade Statistics (WSTS) is an independent non-profit organization representing the vast majority of the world semiconductor industry. The mission of WSTS is to be the respected source of semiconductor market data and forecasts. Founded in 1986, WSTS is the singular source for monthly industry shipment statistics. 

11:13:20 root         DEBUG    Agency_id 20510
11:13:20 root         DEBUG    Article Link: https://www.semiconductors.org/global-semiconductor-sales-increase-20-7-year-to-year-in-november/
11:13:20 root         INFO     LEDE: [testlede] month: [Jan.] day: [7]
11:13:20 root         INFO     
ADDING: FILENAME: [testfilename n November] TITLE: [Global Semiconductor Sales Increase 20.7% Year-to-Year in November] DATE: [2025-01-07] ID [20510]

11:13:20 root         INFO     Driver opened url https://www.semiconductors.org/sia-commends-finalization-of-chips-incentives-for-new-hemlock-polysilicon-manufacturing-facility-in-michigan/: 0.5 second load started
11:13:21 root         DEBUG    Titles: SIA Commends Finalization of CHIPS Incentives for New Hemlock Polysilicon Manufacturing Facility in Michigan
11:13:21 root         DEBUG    Dates: 2025-01-07
11:13:21 root         DEBUG    Desc: Tuesday, Jan 07, 2025, 11:20am 

by  Semiconductor Industry Association 

* * *

WASHINGTON—Jan. 7, 2025—The Semiconductor Industry Association (SIA) today released the following statement from SIA President and CEO John Neuffer commending finalization of CHIPS and Science Act manufacturing investments announced by the U.S. Department of Commerce and Hemlock Semiconductor (HSC). The CHIPS incentives finalized today will support the construction of a new manufacturing facility on HSC’s existing campus in Hemlock, Michigan, for the production and purification of hyper-pure, semiconductor-grade polysilicon. 

“Ultra-purity polysilicon is essential for the fabrication of the advanced semiconductors underpinning America’s economic strength, national security, and leadership in AI, autonomous driving, telecommunications, and many other critical technologies. The production of this material is the first step in the semiconductor production process, and it is critical for the U.S. to have domestic capabilities in this area. The incentives announced today will complement HSC’s investments in the domestic production of high-purity polysilicon and help reinforce America’s technology leadership and supply chain resilience. We commend HSC for investing in the United States and applaud the U.S. Department of Commerce for working to allocate critical CHIPS incentives.” 

The CHIPS Act is on track to strengthen American manufacturing, create jobs, boost economic growth, and promote national security. The CHIPS Act’s manufacturing incentives have sparked substantial announced investments in the U.S. In fact, companies in the semiconductor ecosystem have announced  90 new projects  across 28 U.S. states—totaling hundreds of billions of dollars in private investments—since the CHIPS Act was introduced. These announced projects will create more than 58,000 jobs in the semiconductor ecosystem and support hundreds of thousands of additional U.S. jobs throughout the U.S. economy. 

An SIA-Boston Consulting Group report  released  last May projected the United States will triple its domestic semiconductor manufacturing capacity from 2022—when CHIPS was enacted—to 2032. The projected 203% growth is the largest projected percent increase in the world over that time. The report also projected America will capture over one-quarter (28%) of total global capital expenditures (capex) from 2024-2032. 

The U.S. Department of Commerce previously announced  incentives  for a range of companies and projects that will help strengthen the U.S. semiconductor supply chain. 

# # # 

######  Media Contact    
Dan Rosso    
Semiconductor Industry Association    
240-305-4738    
drosso@semiconductors.org 

######  About SIA    
The Semiconductor Industry Association (SIA) is the voice of the semiconductor industry, one of America’s top export industries and a key driver of America’s economic strength, national security, and global competitiveness. SIA represents 99% of the U.S. semiconductor industry by revenue and nearly two-thirds of non-U.S. chip firms. Through this coalition, SIA seeks to strengthen leadership of semiconductor manufacturing, design, and research by working with Congress, the Administration, and key industry stakeholders around the world to encourage policies that fuel innovation, propel business, and drive international competition. Learn more at  www.semiconductors.org  . 

11:13:21 root         DEBUG    Agency_id 20510
11:13:21 root         DEBUG    Article Link: https://www.semiconductors.org/sia-commends-finalization-of-chips-incentives-for-new-hemlock-polysilicon-manufacturing-facility-in-michigan/
11:13:21 root         INFO     LEDE: [testlede] month: [Jan.] day: [7]
11:13:21 root         INFO     
ADDING: FILENAME: [testfilename n Michigan] TITLE: [SIA Commends Finalization of CHIPS Incentives for New Hemlock Polysilicon Manufacturing Facility in Michigan] DATE: [2025-01-07] ID [20510]

11:13:21 root         INFO     Driver opened url https://www.semiconductors.org/sia-statement-on-biden-administrations-plan-to-publish-export-control-framework-for-artificial-intelligence-diffusion/: 0.5 second load started
11:13:22 root         DEBUG    Titles: SIA Statement on Biden Administration's Plan to Publish 'Export Control Framework for Artificial Intelligence Diffusion'
11:13:22 root         DEBUG    Dates: 2025-01-06
11:13:22 root         DEBUG    Desc: Monday, Jan 06, 2025, 6:00pm 

by  Semiconductor Industry Association 

* * *

WASHINGTON—Jan. 6, 2025—The Semiconductor Industry Association (SIA) today released the following statement regarding the Biden Administration’s plan to publish an interim final rule titled “Export Control Framework for Artificial Intelligence Diffusion.” This potential regulatory action is anticipated to place global restrictions and impose onerous licensing requirements on U.S. exports of advanced integrated circuits. 

“SIA and our member companies share the U.S. government’s commitment to safeguarding national security. We are, however, deeply concerned by the unprecedented scope and complexity of this potential regulation, which was developed without industry input and could significantly undercut U.S. leadership and competitiveness in semiconductor technology and advanced AI systems. 

“We respectfully caution against making such a swift and significant shift in policy during this transitional period, and without meaningful consultation with industry. In the absence of such consultation, we urge the Administration to issue a proposed rule, or hand over the policymaking process to the incoming Trump Administration to ensure there is appropriate opportunity for government and industry leaders, together with our global partners, to thoughtfully address this critical matter. 

“We stand ready to engage the U.S. government on how to best accomplish its national security goals in a targeted manner, while ensuring our companies can continue to compete and win globally.” 

# # # 

#####  About SIA    
The Semiconductor Industry Association (SIA) is the voice of the semiconductor industry, one of America’s top export industries and a key driver of America’s economic strength, national security, and global competitiveness. SIA represents 99% of the U.S. semiconductor industry by revenue and nearly two-thirds of non-U.S. chip firms. Through this coalition, SIA seeks to strengthen leadership of semiconductor manufacturing, design, and research by working with Congress, the Administration, and key industry stakeholders around the world to encourage policies that fuel innovation, propel business, and drive international competition. Learn more at  www.semiconductors.org  . 

11:13:22 root         DEBUG    Agency_id 20510
11:13:22 root         DEBUG    Article Link: https://www.semiconductors.org/sia-statement-on-biden-administrations-plan-to-publish-export-control-framework-for-artificial-intelligence-diffusion/
11:13:22 root         INFO     LEDE: [testlede] month: [Jan.] day: [6]
11:13:22 root         INFO     
ADDING: FILENAME: [testfilename Diffusion'] TITLE: [SIA Statement on Biden Administration's Plan to Publish 'Export Control Framework for Artificial Intelligence Diffusion'] DATE: [2025-01-06] ID [20510]

11:13:22 root         INFO     Driver opened url https://www.semiconductors.org/sia-welcomes-announcement-of-new-chips-for-america-rd-facility-in-arizona-for-semiconductor-prototyping-and-advanced-packaging/: 0.5 second load started
11:13:23 root         DEBUG    Titles: SIA Welcomes Announcement of New CHIPS for America R&D Facility in Arizona for Semiconductor Prototyping and Advanced Packaging
11:13:23 root         DEBUG    Dates: 2025-01-06
11:13:23 root         DEBUG    Desc: Monday, Jan 06, 2025, 10:00am 

by  Semiconductor Industry Association 

* * *

WASHINGTON—Jan. 6, 2025—The Semiconductor Industry Association (SIA) today released the following statement from SIA President and CEO John Neuffer commending the announcement of a new CHIPS for America research and development (R&D) facility in Arizona for semiconductor prototyping and advanced packaging. The facility’s prototyping research will be operated by the National Semiconductor Technology Center (NSTC), and its advanced packaging research will be operated by the National Advanced Packaging Manufacturing Program (NAPMP). 

“Today’s announcement is a welcome step forward for U.S. leadership in semiconductor innovation, marking significant progress in the implementation of the critical R&D programs enacted in the bipartisan CHIPS and Science Act. The new Arizona facility will benefit from – and build upon – the state’s already-strong semiconductor fabrication and advanced packaging ecosystem. 

“For America to remain the world’s technology leader, it must continue to lead in semiconductor innovation. Driving forward U.S. research in chip prototyping and advanced packaging is critical to keeping America on top in chip technology. We look forward to continuing to work with leaders in Washington to ensure the CHIPS and Science Act’s R&D initiatives and manufacturing incentives remain on track to deliver big benefits for America’s economic strength, national security, and global competitiveness.” 

The NSTC Prototyping and NAPMP Advanced Packaging Piloting Facility will combine state-of-the-art manufacturing and packaging and next-generation technology development to provide NSTC members and NAPMP funded researchers with 300mm research, prototyping, and packaging capabilities. Co-locating the NSTC research and development prototyping and NAPMP packaging capabilities in a single facility will provide the domestic semiconductor ecosystem with unique value to conduct collaborative semiconductor and advanced packaging research. 

Late last year, Natcast and the Commerce Department announced two other anticipated sites for CHIPS for America R&D facilities: the  NSTC EUV Center  and the  NSTC Administrative and Design Facility  . 

# # # 

#####  About SIA    
The Semiconductor Industry Association (SIA) is the voice of the semiconductor industry, one of America’s top export industries and a key driver of America’s economic strength, national security, and global competitiveness. SIA represents 99% of the U.S. semiconductor industry by revenue and nearly two-thirds of non-U.S. chip firms. Through this coalition, SIA seeks to strengthen leadership of semiconductor manufacturing, design, and research by working with Congress, the Administration, and key industry stakeholders around the world to encourage policies that fuel innovation, propel business, and drive international competition. Learn more at  www.semiconductors.org  . 

11:13:23 root         DEBUG    Agency_id 20510
11:13:23 root         DEBUG    Article Link: https://www.semiconductors.org/sia-welcomes-announcement-of-new-chips-for-america-rd-facility-in-arizona-for-semiconductor-prototyping-and-advanced-packaging/
11:13:23 root         INFO     LEDE: [testlede] month: [Jan.] day: [6]
11:13:23 root         INFO     
ADDING: FILENAME: [testfilename  Packaging] TITLE: [SIA Welcomes Announcement of New CHIPS for America R&D Facility in Arizona for Semiconductor Prototyping and Advanced Packaging] DATE: [2025-01-06] ID [20510]

11:13:23 root         INFO     Driver opened url https://www.semiconductors.org/sia-statement-on-biden-administrations-launch-of-section-301-trade-investigation-related-to-chinas-targeting-of-the-semiconductor-industry-for-dominance/: 0.5 second load started
11:13:23 root         DEBUG    Titles: SIA Statement on Biden Administration's Launch of Section 301 Trade Investigation Related to China's Targeting of the Semiconductor Industry for Dominance
11:13:23 root         DEBUG    Dates: 2024-12-23
11:13:23 root         DEBUG    Desc: Monday, Dec 23, 2024, 10:15am 

by  Semiconductor Industry Association 

* * *

WASHINGTON—Dec. 23, 2024—The Semiconductor Industry Association (SIA) today released the following statement from SIA President and CEO John Neuffer regarding the Biden administration’s decision to launch a  Section 301 trade investigation  focused on China’s acts, policies, and practices related to targeting of the semiconductor industry for dominance. 

“China is a major player in the global semiconductor industry, and Beijing is working to develop an ‘independent and controllable’ semiconductor industry in China through both supply-side and demand-side measures. Recent calls in China to limit procurement of U.S. chips and related claims that American chips are ‘no longer safe or reliable’ are particularly troubling. 

“Given the prevalence of semiconductors throughout our economy – from everyday consumer electronics and cars to military systems and AI data centers – we urge the Office of the U.S. Trade Representative to proceed deliberately and to work closely with industry throughout the process. Leaders in Washington should also pursue a proactive and affirmative agenda that builds our domestic fabrication and packaging capacity, strengthens our research and design ecosystem, and creates new demand for Made-in-America chips at home and overseas. 

“For America to remain the world’s economic and technological leader, we must lead in semiconductor technology and build resilient supply chains for critical upstream materials used in chip production. We look forward to working with the incoming Trump administration and the new Congress to preserve America’s semiconductor supply chain resilience and ensure the U.S. semiconductor ecosystem is the global leader for many years to come.” 

# # # 

#####  About SIA    
The Semiconductor Industry Association (SIA) is the voice of the semiconductor industry, one of America’s top export industries and a key driver of America’s economic strength, national security, and global competitiveness. SIA represents 99% of the U.S. semiconductor industry by revenue and nearly two-thirds of non-U.S. chip firms. Through this coalition, SIA seeks to strengthen leadership of semiconductor manufacturing, design, and research by working with Congress, the Administration, and key industry stakeholders around the world to encourage policies that fuel innovation, propel business, and drive international competition. Learn more at  www.semiconductors.org  . 

11:13:23 root         DEBUG    Agency_id 20510
11:13:23 root         DEBUG    Article Link: https://www.semiconductors.org/sia-statement-on-biden-administrations-launch-of-section-301-trade-investigation-related-to-chinas-targeting-of-the-semiconductor-industry-for-dominance/
11:13:23 root         INFO     LEDE: [testlede] month: [Dec.] day: [23]
11:13:23 root         INFO     
ADDING: FILENAME: [testfilename  Dominance] TITLE: [SIA Statement on Biden Administration's Launch of Section 301 Trade Investigation Related to China's Targeting of the Semiconductor Industry for Dominance] DATE: [2024-12-23] ID [20510]

11:13:23 root         INFO     INVALID DATE: 2024-12-20 00:00:00
11:13:23 root         INFO     INVALID DATE: 2024-12-20 00:00:00
11:13:23 root         INFO     INVALID DATE: 2024-12-20 00:00:00
11:13:24 root         INFO     Scrape errors found during run:
11:13:24 root         INFO     []
11:13:24 root         INFO     End of file message
11:13:24 root         INFO     

Load Version 2.0.1 01/17/2025
       Docs Loaded: 9
       URLS processed: 1
       DUPS skipped: 0
       No Ledes found: 0

Passed Parameters:
       Pull House and Senate: False
       Number of days back: 30
       Start Time: 2025-01-20 11:13:10
       End Time: 2025-01-20 11:13:24
       Elapsed Time: 0:00:13
       Character Minimum Amount: 100

Errors:
Docs:
	Loaded:
		20510: SIA Applauds CHIPS Act Incentives for Infinera, Corning, Edwards Vacuum, and GlobalFoundries
		20510: SIA Applauds CHIPS Act Incentives for Analog Devices, Coherent
		20510: SIA Releases Policy Recommendations for Trump-Vance Administration and 119th Congress
		20510: SIA Statement on Biden Administration Action Imposing New Export Controls on AI Chips
		20510: Global Semiconductor Sales Increase 20.7% Year-to-Year in November
		20510: SIA Commends Finalization of CHIPS Incentives for New Hemlock Polysilicon Manufacturing Facility in Michigan
		20510: SIA Statement on Biden Administration's Plan to Publish 'Export Control Framework for Artificial Intelligence Diffusion'
		20510: SIA Welcomes Announcement of New CHIPS for America R&D Facility in Arizona for Semiconductor Prototyping and Advanced Packaging
		20510: SIA Statement on Biden Administration's Launch of Section 301 Trade Investigation Related to China's Targeting of the Semiconductor Industry for Dominance
